274,7779,2022-06-20 17:15:33.1108045,1,Info,Microsoft-Windows-Sysmon,Microsoft-Windows-Sysmon/Operational,2800,6224,TEMPEST,4,S-1-5-18,Process creation,TEMPEST\benimaru,,"ProcessID: 3320, ProcessGUID: 4bbef3ae-ab35-62b0-910a-000000000700",RuleName: -,"MD5=3B26C408962AAB9C07499F4AC4528755,SHA256=19AE878E2A5C9ABEB915B950DA847FCD3A093E639B084B7297D1E65FBB300237,IMPHASH=1FFAEA722557C8FAF73FAC8B95E18295",ParentProcess: -,"ParentProcessID: 752, ParentProcessGUID: 00000000-0000-0000-0000-000000000000",ParentCommandLine: -,C:\Windows\System32\Speech_OneCore\Common\SpeechRuntime.exe -Embedding,False,C:\Users\byte store\Desktop\Incident Files Tempest\sysmon.evtx,Classic,0,"{""EventData"":{""Data"":[{""@Name"":""RuleName"",""#text"":""-""},{""@Name"":""UtcTime"",""#text"":""2022-06-20 17:15:33.109""},{""@Name"":""ProcessGuid"",""#text"":""4bbef3ae-ab35-62b0-910a-000000000700""},{""@Name"":""ProcessId"",""#text"":""3320""},{""@Name"":""Image"",""#text"":""C:\\Windows\\System32\\Speech_OneCore\\common\\SpeechRuntime.exe""},{""@Name"":""FileVersion"",""#text"":""10.0.17763.1 (WinBuild.160101.0800)""},{""@Name"":""Description"",""#text"":""Speech Runtime Executable""},{""@Name"":""Product"",""#text"":""Microsoft® Windows® Operating System""},{""@Name"":""Company"",""#text"":""Microsoft Corporation""},{""@Name"":""OriginalFileName"",""#text"":""SpeechRuntime.exe""},{""@Name"":""CommandLine"",""#text"":""C:\\Windows\\System32\\Speech_OneCore\\Common\\SpeechRuntime.exe -Embedding""},{""@Name"":""CurrentDirectory"",""#text"":""C:\\Windows\\system32\\""},{""@Name"":""User"",""#text"":""TEMPEST\\benimaru""},{""@Name"":""LogonGuid"",""#text"":""4bbef3ae-ab09-62b0-1ca9-b00100000000""},{""@Name"":""LogonId"",""#text"":""0x1B0A91C""},{""@Name"":""TerminalSessionId"",""#text"":""11""},{""@Name"":""IntegrityLevel"",""#text"":""Medium""},{""@Name"":""Hashes"",""#text"":""MD5=3B26C408962AAB9C07499F4AC4528755,SHA256=19AE878E2A5C9ABEB915B950DA847FCD3A093E639B084B7297D1E65FBB300237,IMPHASH=1FFAEA722557C8FAF73FAC8B95E18295""},{""@Name"":""ParentProcessGuid"",""#text"":""00000000-0000-0000-0000-000000000000""},{""@Name"":""ParentProcessId"",""#text"":""752""},{""@Name"":""ParentImage"",""#text"":""-""},{""@Name"":""ParentCommandLine"",""#text"":""-""},{""@Name"":""ParentUser"",""#text"":""-""}]}}"
275,7780,2022-06-20 17:15:33.2199577,1,Info,Microsoft-Windows-Sysmon,Microsoft-Windows-Sysmon/Operational,2800,6224,TEMPEST,4,S-1-5-18,Process creation,NT AUTHORITY\SYSTEM,,"ProcessID: 6528, ProcessGUID: 4bbef3ae-ab35-62b0-920a-000000000700",RuleName: -,"MD5=8A0A29438052FAED8A2532DA50455756,SHA256=7FD065BAC18C5278777AE44908101CDFED72D26FA741367F0AD4D02020787AB6,IMPHASH=247B9220E5D9B720A82B2C8B5069AD69",ParentProcess: C:\Windows\System32\services.exe,"ParentProcessID: 608, ParentProcessGUID: 4bbef3ae-8422-62b0-0b00-000000000700",ParentCommandLine: C:\Windows\system32\services.exe,C:\Windows\system32\svchost.exe -k WbioSvcGroup -s WbioSrvc,False,C:\Users\byte store\Desktop\Incident Files Tempest\sysmon.evtx,Classic,0,"{""EventData"":{""Data"":[{""@Name"":""RuleName"",""#text"":""-""},{""@Name"":""UtcTime"",""#text"":""2022-06-20 17:15:33.217""},{""@Name"":""ProcessGuid"",""#text"":""4bbef3ae-ab35-62b0-920a-000000000700""},{""@Name"":""ProcessId"",""#text"":""6528""},{""@Name"":""Image"",""#text"":""C:\\Windows\\System32\\svchost.exe""},{""@Name"":""FileVersion"",""#text"":""10.0.17763.1 (WinBuild.160101.0800)""},{""@Name"":""Description"",""#text"":""Host Process for Windows Services""},{""@Name"":""Product"",""#text"":""Microsoft® Windows® Operating System""},{""@Name"":""Company"",""#text"":""Microsoft Corporation""},{""@Name"":""OriginalFileName"",""#text"":""svchost.exe""},{""@Name"":""CommandLine"",""#text"":""C:\\Windows\\system32\\svchost.exe -k WbioSvcGroup -s WbioSrvc""},{""@Name"":""CurrentDirectory"",""#text"":""C:\\Windows\\system32\\""},{""@Name"":""User"",""#text"":""NT AUTHORITY\\SYSTEM""},{""@Name"":""LogonGuid"",""#text"":""4bbef3ae-8422-62b0-e703-000000000000""},{""@Name"":""LogonId"",""#text"":""0x3E7""},{""@Name"":""TerminalSessionId"",""#text"":""0""},{""@Name"":""IntegrityLevel"",""#text"":""System""},{""@Name"":""Hashes"",""#text"":""MD5=8A0A29438052FAED8A2532DA50455756,SHA256=7FD065BAC18C5278777AE44908101CDFED72D26FA741367F0AD4D02020787AB6,IMPHASH=247B9220E5D9B720A82B2C8B5069AD69""},{""@Name"":""ParentProcessGuid"",""#text"":""4bbef3ae-8422-62b0-0b00-000000000700""},{""@Name"":""ParentProcessId"",""#text"":""608""},{""@Name"":""ParentImage"",""#text"":""C:\\Windows\\System32\\services.exe""},{""@Name"":""ParentCommandLine"",""#text"":""C:\\Windows\\system32\\services.exe""},{""@Name"":""ParentUser"",""#text"":""NT AUTHORITY\\SYSTEM""}]}}"
276,7781,2022-06-20 17:15:33.7259664,1,Info,Microsoft-Windows-Sysmon,Microsoft-Windows-Sysmon/Operational,2800,6224,TEMPEST,4,S-1-5-18,Process creation,TEMPEST\benimaru,,"ProcessID: 3324, ProcessGUID: 4bbef3ae-ab35-62b0-930a-000000000700",RuleName: -,"MD5=8A0A29438052FAED8A2532DA50455756,SHA256=7FD065BAC18C5278777AE44908101CDFED72D26FA741367F0AD4D02020787AB6,IMPHASH=247B9220E5D9B720A82B2C8B5069AD69",ParentProcess: C:\Windows\System32\services.exe,"ParentProcessID: 608, ParentProcessGUID: 4bbef3ae-8422-62b0-0b00-000000000700",ParentCommandLine: C:\Windows\system32\services.exe,C:\Windows\system32\svchost.exe -k BcastDVRUserService -s BcastDVRUserService,False,C:\Users\byte store\Desktop\Incident Files Tempest\sysmon.evtx,Classic,0,"{""EventData"":{""Data"":[{""@Name"":""RuleName"",""#text"":""-""},{""@Name"":""UtcTime"",""#text"":""2022-06-20 17:15:33.724""},{""@Name"":""ProcessGuid"",""#text"":""4bbef3ae-ab35-62b0-930a-000000000700""},{""@Name"":""ProcessId"",""#text"":""3324""},{""@Name"":""Image"",""#text"":""C:\\Windows\\System32\\svchost.exe""},{""@Name"":""FileVersion"",""#text"":""10.0.17763.1 (WinBuild.160101.0800)""},{""@Name"":""Description"",""#text"":""Host Process for Windows Services""},{""@Name"":""Product"",""#text"":""Microsoft® Windows® Operating System""},{""@Name"":""Company"",""#text"":""Microsoft Corporation""},{""@Name"":""OriginalFileName"",""#text"":""svchost.exe""},{""@Name"":""CommandLine"",""#text"":""C:\\Windows\\system32\\svchost.exe -k BcastDVRUserService -s BcastDVRUserService""},{""@Name"":""CurrentDirectory"",""#text"":""C:\\Windows\\system32\\""},{""@Name"":""User"",""#text"":""TEMPEST\\benimaru""},{""@Name"":""LogonGuid"",""#text"":""4bbef3ae-ab09-62b0-1ca9-b00100000000""},{""@Name"":""LogonId"",""#text"":""0x1B0A91C""},{""@Name"":""TerminalSessionId"",""#text"":""11""},{""@Name"":""IntegrityLevel"",""#text"":""Medium""},{""@Name"":""Hashes"",""#text"":""MD5=8A0A29438052FAED8A2532DA50455756,SHA256=7FD065BAC18C5278777AE44908101CDFED72D26FA741367F0AD4D02020787AB6,IMPHASH=247B9220E5D9B720A82B2C8B5069AD69""},{""@Name"":""ParentProcessGuid"",""#text"":""4bbef3ae-8422-62b0-0b00-000000000700""},{""@Name"":""ParentProcessId"",""#text"":""608""},{""@Name"":""ParentImage"",""#text"":""C:\\Windows\\System32\\services.exe""},{""@Name"":""ParentCommandLine"",""#text"":""C:\\Windows\\system32\\services.exe""},{""@Name"":""ParentUser"",""#text"":""NT AUTHORITY\\SYSTEM""}]}}"
277,7782,2022-06-20 17:15:34.3092370,22,Info,Microsoft-Windows-Sysmon,Microsoft-Windows-Sysmon/Operational,2800,6188,TEMPEST,4,S-1-5-18,DNSEvent (DNS query),TEMPEST\benimaru,,"ProcessID: 8948, ProcessGUID: 4bbef3ae-ab22-62b0-8b0a-000000000700",RuleName: -,Image: C:\Users\Public\Downloads\first.exe,QueryName: resolvecyber.xyz,QueryStatus: 0,QueryResults: 64:ff9b::a747:dea2;::ffff:167.71.222.162;,,False,C:\Users\byte store\Desktop\Incident Files Tempest\sysmon.evtx,Classic,0,"{""EventData"":{""Data"":[{""@Name"":""RuleName"",""#text"":""-""},{""@Name"":""UtcTime"",""#text"":""2022-06-20 17:01:31.914""},{""@Name"":""ProcessGuid"",""#text"":""4bbef3ae-ab22-62b0-8b0a-000000000700""},{""@Name"":""ProcessId"",""#text"":""8948""},{""@Name"":""QueryName"",""#text"":""resolvecyber.xyz""},{""@Name"":""QueryStatus"",""#text"":""0""},{""@Name"":""QueryResults"",""#text"":""64:ff9b::a747:dea2;::ffff:167.71.222.162;""},{""@Name"":""Image"",""#text"":""C:\\Users\\Public\\Downloads\\first.exe""},{""@Name"":""User"",""#text"":""TEMPEST\\benimaru""}]}}"
278,7783,2022-06-20 17:15:35.3096139,3,Info,Microsoft-Windows-Sysmon,Microsoft-Windows-Sysmon/Operational,2800,7488,TEMPEST,4,S-1-5-18,Network connection,TEMPEST\benimaru,,"ProcessID: 8948, ProcessGUID: 4bbef3ae-ab22-62b0-8b0a-000000000700",RuleName: Usermode,SourceHostname: TEMPEST,SourceIp: 192.168.254.107,DestinationHostname: -,DestinationIp: 167.71.222.162,,False,C:\Users\byte store\Desktop\Incident Files Tempest\sysmon.evtx,Classic,0,"{""EventData"":{""Data"":[{""@Name"":""RuleName"",""#text"":""Usermode""},{""@Name"":""UtcTime"",""#text"":""2022-06-20 17:01:31.966""},{""@Name"":""ProcessGuid"",""#text"":""4bbef3ae-ab22-62b0-8b0a-000000000700""},{""@Name"":""ProcessId"",""#text"":""8948""},{""@Name"":""Image"",""#text"":""C:\\Users\\Public\\Downloads\\first.exe""},{""@Name"":""User"",""#text"":""TEMPEST\\benimaru""},{""@Name"":""Protocol"",""#text"":""tcp""},{""@Name"":""Initiated"",""#text"":""True""},{""@Name"":""SourceIsIpv6"",""#text"":""False""},{""@Name"":""SourceIp"",""#text"":""192.168.254.107""},{""@Name"":""SourceHostname"",""#text"":""TEMPEST""},{""@Name"":""SourcePort"",""#text"":""51892""},{""@Name"":""SourcePortName"",""#text"":""-""},{""@Name"":""DestinationIsIpv6"",""#text"":""False""},{""@Name"":""DestinationIp"",""#text"":""167.71.222.162""},{""@Name"":""DestinationHostname"",""#text"":""-""},{""@Name"":""DestinationPort"",""#text"":""80""},{""@Name"":""DestinationPortName"",""#text"":""http""}]}}"
279,7784,2022-06-20 17:15:35.3096428,22,Info,Microsoft-Windows-Sysmon,Microsoft-Windows-Sysmon/Operational,2800,6188,TEMPEST,4,S-1-5-18,DNSEvent (DNS query),TEMPEST\benimaru,,"ProcessID: 8948, ProcessGUID: 4bbef3ae-ab22-62b0-8b0a-000000000700",RuleName: -,Image: C:\Users\Public\Downloads\first.exe,QueryName: resolvecyber.xyz,QueryStatus: 0,QueryResults: 64:ff9b::a747:dea2;::ffff:167.71.222.162;,,False,C:\Users\byte store\Desktop\Incident Files Tempest\sysmon.evtx,Classic,0,"{""EventData"":{""Data"":[{""@Name"":""RuleName"",""#text"":""-""},{""@Name"":""UtcTime"",""#text"":""2022-06-20 17:01:32.030""},{""@Name"":""ProcessGuid"",""#text"":""4bbef3ae-ab22-62b0-8b0a-000000000700""},{""@Name"":""ProcessId"",""#text"":""8948""},{""@Name"":""QueryName"",""#text"":""resolvecyber.xyz""},{""@Name"":""QueryStatus"",""#text"":""0""},{""@Name"":""QueryResults"",""#text"":""64:ff9b::a747:dea2;::ffff:167.71.222.162;""},{""@Name"":""Image"",""#text"":""C:\\Users\\Public\\Downloads\\first.exe""},{""@Name"":""User"",""#text"":""TEMPEST\\benimaru""}]}}"
280,7785,2022-06-20 17:15:36.3560854,3,Info,Microsoft-Windows-Sysmon,Microsoft-Windows-Sysmon/Operational,2800,7488,TEMPEST,4,S-1-5-18,Network connection,TEMPEST\benimaru,,"ProcessID: 8948, ProcessGUID: 4bbef3ae-ab22-62b0-8b0a-000000000700",RuleName: Usermode,SourceHostname: TEMPEST,SourceIp: 192.168.254.107,DestinationHostname: -,DestinationIp: 167.71.222.162,,False,C:\Users\byte store\Desktop\Incident Files Tempest\sysmon.evtx,Classic,0,"{""EventData"":{""Data"":[{""@Name"":""RuleName"",""#text"":""Usermode""},{""@Name"":""UtcTime"",""#text"":""2022-06-20 17:01:32.139""},{""@Name"":""ProcessGuid"",""#text"":""4bbef3ae-ab22-62b0-8b0a-000000000700""},{""@Name"":""ProcessId"",""#text"":""8948""},{""@Name"":""Image"",""#text"":""C:\\Users\\Public\\Downloads\\first.exe""},{""@Name"":""User"",""#text"":""TEMPEST\\benimaru""},{""@Name"":""Protocol"",""#text"":""tcp""},{""@Name"":""Initiated"",""#text"":""True""},{""@Name"":""SourceIsIpv6"",""#text"":""False""},{""@Name"":""SourceIp"",""#text"":""192.168.254.107""},{""@Name"":""SourceHostname"",""#text"":""TEMPEST""},{""@Name"":""SourcePort"",""#text"":""51894""},{""@Name"":""SourcePortName"",""#text"":""-""},{""@Name"":""DestinationIsIpv6"",""#text"":""False""},{""@Name"":""DestinationIp"",""#text"":""167.71.222.162""},{""@Name"":""DestinationHostname"",""#text"":""-""},{""@Name"":""DestinationPort"",""#text"":""80""},{""@Name"":""DestinationPortName"",""#text"":""http""}]}}"
281,7786,2022-06-20 17:15:38.3906138,1,Info,Microsoft-Windows-Sysmon,Microsoft-Windows-Sysmon/Operational,2800,6224,TEMPEST,4,S-1-5-18,Process creation,TEMPEST\benimaru,,"ProcessID: 9096, ProcessGUID: 4bbef3ae-ab3a-62b0-940a-000000000700",RuleName: -,"MD5=AE61D8F04BCDE8158304067913160B31,SHA256=25C8266D2BC1D5626DCDF72419838B397D28D44D00AC09F02FF4E421B43EC369,IMPHASH=57F0C47AE2A1A2C06C8B987372AB0B07",ParentProcess: C:\Users\Public\Downloads\first.exe,"ParentProcessID: 8948, ParentProcessGUID: 4bbef3ae-ab22-62b0-8b0a-000000000700","ParentCommandLine: ""C:\Users\Public\Downloads\first.exe""","""C:\Windows\system32\net.exe"" users",False,C:\Users\byte store\Desktop\Incident Files Tempest\sysmon.evtx,Classic,0,"{""EventData"":{""Data"":[{""@Name"":""RuleName"",""#text"":""-""},{""@Name"":""UtcTime"",""#text"":""2022-06-20 17:15:38.387""},{""@Name"":""ProcessGuid"",""#text"":""4bbef3ae-ab3a-62b0-940a-000000000700""},{""@Name"":""ProcessId"",""#text"":""9096""},{""@Name"":""Image"",""#text"":""C:\\Windows\\System32\\net.exe""},{""@Name"":""FileVersion"",""#text"":""10.0.17763.1 (WinBuild.160101.0800)""},{""@Name"":""Description"",""#text"":""Net Command""},{""@Name"":""Product"",""#text"":""Microsoft® Windows® Operating System""},{""@Name"":""Company"",""#text"":""Microsoft Corporation""},{""@Name"":""OriginalFileName"",""#text"":""net.exe""},{""@Name"":""CommandLine"",""#text"":""\""C:\\Windows\\system32\\net.exe\"" users""},{""@Name"":""CurrentDirectory"",""#text"":""C:\\Windows\\system32\\""},{""@Name"":""User"",""#text"":""TEMPEST\\benimaru""},{""@Name"":""LogonGuid"",""#text"":""4bbef3ae-ab09-62b0-1ca9-b00100000000""},{""@Name"":""LogonId"",""#text"":""0x1B0A91C""},{""@Name"":""TerminalSessionId"",""#text"":""11""},{""@Name"":""IntegrityLevel"",""#text"":""Medium""},{""@Name"":""Hashes"",""#text"":""MD5=AE61D8F04BCDE8158304067913160B31,SHA256=25C8266D2BC1D5626DCDF72419838B397D28D44D00AC09F02FF4E421B43EC369,IMPHASH=57F0C47AE2A1A2C06C8B987372AB0B07""},{""@Name"":""ParentProcessGuid"",""#text"":""4bbef3ae-ab22-62b0-8b0a-000000000700""},{""@Name"":""ParentProcessId"",""#text"":""8948""},{""@Name"":""ParentImage"",""#text"":""C:\\Users\\Public\\Downloads\\first.exe""},{""@Name"":""ParentCommandLine"",""#text"":""\""C:\\Users\\Public\\Downloads\\first.exe\""""},{""@Name"":""ParentUser"",""#text"":""TEMPEST\\benimaru""}]}}"
282,7787,2022-06-20 17:15:38.4151093,1,Info,Microsoft-Windows-Sysmon,Microsoft-Windows-Sysmon/Operational,2800,6224,TEMPEST,4,S-1-5-18,Process creation,TEMPEST\benimaru,,"ProcessID: 2808, ProcessGUID: 4bbef3ae-ab3a-62b0-950a-000000000700",RuleName: -,"MD5=63DD4523677E62A73A8A7494DB321EA2,SHA256=C687157FD58EAA51757CDA87D06C30953A31F03F5356B9F5A9C004FA4BAD4BF5,IMPHASH=41DBA1AF77E1A2260F0CE46D59ADCB5E",ParentProcess: C:\Windows\System32\net.exe,"ParentProcessID: 9096, ParentProcessGUID: 4bbef3ae-ab3a-62b0-940a-000000000700","ParentCommandLine: ""C:\Windows\system32\net.exe"" users",C:\Windows\system32\net1 users,False,C:\Users\byte store\Desktop\Incident Files Tempest\sysmon.evtx,Classic,0,"{""EventData"":{""Data"":[{""@Name"":""RuleName"",""#text"":""-""},{""@Name"":""UtcTime"",""#text"":""2022-06-20 17:15:38.410""},{""@Name"":""ProcessGuid"",""#text"":""4bbef3ae-ab3a-62b0-950a-000000000700""},{""@Name"":""ProcessId"",""#text"":""2808""},{""@Name"":""Image"",""#text"":""C:\\Windows\\System32\\net1.exe""},{""@Name"":""FileVersion"",""#text"":""10.0.17763.1 (WinBuild.160101.0800)""},{""@Name"":""Description"",""#text"":""Net Command""},{""@Name"":""Product"",""#text"":""Microsoft® Windows® Operating System""},{""@Name"":""Company"",""#text"":""Microsoft Corporation""},{""@Name"":""OriginalFileName"",""#text"":""net1.exe""},{""@Name"":""CommandLine"",""#text"":""C:\\Windows\\system32\\net1 users""},{""@Name"":""CurrentDirectory"",""#text"":""C:\\Windows\\system32\\""},{""@Name"":""User"",""#text"":""TEMPEST\\benimaru""},{""@Name"":""LogonGuid"",""#text"":""4bbef3ae-ab09-62b0-1ca9-b00100000000""},{""@Name"":""LogonId"",""#text"":""0x1B0A91C""},{""@Name"":""TerminalSessionId"",""#text"":""11""},{""@Name"":""IntegrityLevel"",""#text"":""Medium""},{""@Name"":""Hashes"",""#text"":""MD5=63DD4523677E62A73A8A7494DB321EA2,SHA256=C687157FD58EAA51757CDA87D06C30953A31F03F5356B9F5A9C004FA4BAD4BF5,IMPHASH=41DBA1AF77E1A2260F0CE46D59ADCB5E""},{""@Name"":""ParentProcessGuid"",""#text"":""4bbef3ae-ab3a-62b0-940a-000000000700""},{""@Name"":""ParentProcessId"",""#text"":""9096""},{""@Name"":""ParentImage"",""#text"":""C:\\Windows\\System32\\net.exe""},{""@Name"":""ParentCommandLine"",""#text"":""\""C:\\Windows\\system32\\net.exe\"" users""},{""@Name"":""ParentUser"",""#text"":""TEMPEST\\benimaru""}]}}"
283,7788,2022-06-20 17:15:39.5593294,22,Info,Microsoft-Windows-Sysmon,Microsoft-Windows-Sysmon/Operational,2800,6188,TEMPEST,4,S-1-5-18,DNSEvent (DNS query),TEMPEST\benimaru,,"ProcessID: 8948, ProcessGUID: 4bbef3ae-ab22-62b0-8b0a-000000000700",RuleName: -,Image: C:\Users\Public\Downloads\first.exe,QueryName: resolvecyber.xyz,QueryStatus: 0,QueryResults: 64:ff9b::a747:dea2;::ffff:167.71.222.162;,,False,C:\Users\byte store\Desktop\Incident Files Tempest\sysmon.evtx,Classic,0,"{""EventData"":{""Data"":[{""@Name"":""RuleName"",""#text"":""-""},{""@Name"":""UtcTime"",""#text"":""2022-06-20 17:01:37.068""},{""@Name"":""ProcessGuid"",""#text"":""4bbef3ae-ab22-62b0-8b0a-000000000700""},{""@Name"":""ProcessId"",""#text"":""8948""},{""@Name"":""QueryName"",""#text"":""resolvecyber.xyz""},{""@Name"":""QueryStatus"",""#text"":""0""},{""@Name"":""QueryResults"",""#text"":""64:ff9b::a747:dea2;::ffff:167.71.222.162;""},{""@Name"":""Image"",""#text"":""C:\\Users\\Public\\Downloads\\first.exe""},{""@Name"":""User"",""#text"":""TEMPEST\\benimaru""}]}}"
284,7789,2022-06-20 17:15:39.7625975,3,Info,Microsoft-Windows-Sysmon,Microsoft-Windows-Sysmon/Operational,2800,7488,TEMPEST,4,S-1-5-18,Network connection,TEMPEST\benimaru,,"ProcessID: 8948, ProcessGUID: 4bbef3ae-ab22-62b0-8b0a-000000000700",RuleName: Usermode,SourceHostname: TEMPEST,SourceIp: 192.168.254.107,DestinationHostname: -,DestinationIp: 167.71.222.162,,False,C:\Users\byte store\Desktop\Incident Files Tempest\sysmon.evtx,Classic,0,"{""EventData"":{""Data"":[{""@Name"":""RuleName"",""#text"":""Usermode""},{""@Name"":""UtcTime"",""#text"":""2022-06-20 17:01:37.156""},{""@Name"":""ProcessGuid"",""#text"":""4bbef3ae-ab22-62b0-8b0a-000000000700""},{""@Name"":""ProcessId"",""#text"":""8948""},{""@Name"":""Image"",""#text"":""C:\\Users\\Public\\Downloads\\first.exe""},{""@Name"":""User"",""#text"":""TEMPEST\\benimaru""},{""@Name"":""Protocol"",""#text"":""tcp""},{""@Name"":""Initiated"",""#text"":""True""},{""@Name"":""SourceIsIpv6"",""#text"":""False""},{""@Name"":""SourceIp"",""#text"":""192.168.254.107""},{""@Name"":""SourceHostname"",""#text"":""TEMPEST""},{""@Name"":""SourcePort"",""#text"":""51897""},{""@Name"":""SourcePortName"",""#text"":""-""},{""@Name"":""DestinationIsIpv6"",""#text"":""False""},{""@Name"":""DestinationIp"",""#text"":""167.71.222.162""},{""@Name"":""DestinationHostname"",""#text"":""-""},{""@Name"":""DestinationPort"",""#text"":""80""},{""@Name"":""DestinationPortName"",""#text"":""http""}]}}"
285,7790,2022-06-20 17:15:40.5596563,22,Info,Microsoft-Windows-Sysmon,Microsoft-Windows-Sysmon/Operational,2800,6188,TEMPEST,4,S-1-5-18,DNSEvent (DNS query),TEMPEST\benimaru,,"ProcessID: 8948, ProcessGUID: 4bbef3ae-ab22-62b0-8b0a-000000000700",RuleName: -,Image: C:\Users\Public\Downloads\first.exe,QueryName: resolvecyber.xyz,QueryStatus: 0,QueryResults: 64:ff9b::a747:dea2;::ffff:167.71.222.162;,,False,C:\Users\byte store\Desktop\Incident Files Tempest\sysmon.evtx,Classic,0,"{""EventData"":{""Data"":[{""@Name"":""RuleName"",""#text"":""-""},{""@Name"":""UtcTime"",""#text"":""2022-06-20 17:01:37.254""},{""@Name"":""ProcessGuid"",""#text"":""4bbef3ae-ab22-62b0-8b0a-000000000700""},{""@Name"":""ProcessId"",""#text"":""8948""},{""@Name"":""QueryName"",""#text"":""resolvecyber.xyz""},{""@Name"":""QueryStatus"",""#text"":""0""},{""@Name"":""QueryResults"",""#text"":""64:ff9b::a747:dea2;::ffff:167.71.222.162;""},{""@Name"":""Image"",""#text"":""C:\\Users\\Public\\Downloads\\first.exe""},{""@Name"":""User"",""#text"":""TEMPEST\\benimaru""}]}}"
286,7791,2022-06-20 17:15:40.8244054,3,Info,Microsoft-Windows-Sysmon,Microsoft-Windows-Sysmon/Operational,2800,7488,TEMPEST,4,S-1-5-18,Network connection,TEMPEST\benimaru,,"ProcessID: 8948, ProcessGUID: 4bbef3ae-ab22-62b0-8b0a-000000000700",RuleName: Usermode,SourceHostname: TEMPEST,SourceIp: 192.168.254.107,DestinationHostname: -,DestinationIp: 167.71.222.162,,False,C:\Users\byte store\Desktop\Incident Files Tempest\sysmon.evtx,Classic,0,"{""EventData"":{""Data"":[{""@Name"":""RuleName"",""#text"":""Usermode""},{""@Name"":""UtcTime"",""#text"":""2022-06-20 17:01:37.303""},{""@Name"":""ProcessGuid"",""#text"":""4bbef3ae-ab22-62b0-8b0a-000000000700""},{""@Name"":""ProcessId"",""#text"":""8948""},{""@Name"":""Image"",""#text"":""C:\\Users\\Public\\Downloads\\first.exe""},{""@Name"":""User"",""#text"":""TEMPEST\\benimaru""},{""@Name"":""Protocol"",""#text"":""tcp""},{""@Name"":""Initiated"",""#text"":""True""},{""@Name"":""SourceIsIpv6"",""#text"":""False""},{""@Name"":""SourceIp"",""#text"":""192.168.254.107""},{""@Name"":""SourceHostname"",""#text"":""TEMPEST""},{""@Name"":""SourcePort"",""#text"":""51898""},{""@Name"":""SourcePortName"",""#text"":""-""},{""@Name"":""DestinationIsIpv6"",""#text"":""False""},{""@Name"":""DestinationIp"",""#text"":""167.71.222.162""},{""@Name"":""DestinationHostname"",""#text"":""-""},{""@Name"":""DestinationPort"",""#text"":""80""},{""@Name"":""DestinationPortName"",""#text"":""http""}]}}"
287,7792,2022-06-20 17:15:42.7650821,1,Info,Microsoft-Windows-Sysmon,Microsoft-Windows-Sysmon/Operational,2800,6224,TEMPEST,4,S-1-5-18,Process creation,TEMPEST\benimaru,,"ProcessID: 1828, ProcessGUID: 4bbef3ae-ab3e-62b0-960a-000000000700",RuleName: -,"MD5=AE61D8F04BCDE8158304067913160B31,SHA256=25C8266D2BC1D5626DCDF72419838B397D28D44D00AC09F02FF4E421B43EC369,IMPHASH=57F0C47AE2A1A2C06C8B987372AB0B07",ParentProcess: C:\Users\Public\Downloads\first.exe,"ParentProcessID: 8948, ParentProcessGUID: 4bbef3ae-ab22-62b0-8b0a-000000000700","ParentCommandLine: ""C:\Users\Public\Downloads\first.exe""","""C:\Windows\system32\net.exe"" localgroup administrators",False,C:\Users\byte store\Desktop\Incident Files Tempest\sysmon.evtx,Classic,0,"{""EventData"":{""Data"":[{""@Name"":""RuleName"",""#text"":""-""},{""@Name"":""UtcTime"",""#text"":""2022-06-20 17:15:42.763""},{""@Name"":""ProcessGuid"",""#text"":""4bbef3ae-ab3e-62b0-960a-000000000700""},{""@Name"":""ProcessId"",""#text"":""1828""},{""@Name"":""Image"",""#text"":""C:\\Windows\\System32\\net.exe""},{""@Name"":""FileVersion"",""#text"":""10.0.17763.1 (WinBuild.160101.0800)""},{""@Name"":""Description"",""#text"":""Net Command""},{""@Name"":""Product"",""#text"":""Microsoft® Windows® Operating System""},{""@Name"":""Company"",""#text"":""Microsoft Corporation""},{""@Name"":""OriginalFileName"",""#text"":""net.exe""},{""@Name"":""CommandLine"",""#text"":""\""C:\\Windows\\system32\\net.exe\"" localgroup administrators""},{""@Name"":""CurrentDirectory"",""#text"":""C:\\Windows\\system32\\""},{""@Name"":""User"",""#text"":""TEMPEST\\benimaru""},{""@Name"":""LogonGuid"",""#text"":""4bbef3ae-ab09-62b0-1ca9-b00100000000""},{""@Name"":""LogonId"",""#text"":""0x1B0A91C""},{""@Name"":""TerminalSessionId"",""#text"":""11""},{""@Name"":""IntegrityLevel"",""#text"":""Medium""},{""@Name"":""Hashes"",""#text"":""MD5=AE61D8F04BCDE8158304067913160B31,SHA256=25C8266D2BC1D5626DCDF72419838B397D28D44D00AC09F02FF4E421B43EC369,IMPHASH=57F0C47AE2A1A2C06C8B987372AB0B07""},{""@Name"":""ParentProcessGuid"",""#text"":""4bbef3ae-ab22-62b0-8b0a-000000000700""},{""@Name"":""ParentProcessId"",""#text"":""8948""},{""@Name"":""ParentImage"",""#text"":""C:\\Users\\Public\\Downloads\\first.exe""},{""@Name"":""ParentCommandLine"",""#text"":""\""C:\\Users\\Public\\Downloads\\first.exe\""""},{""@Name"":""ParentUser"",""#text"":""TEMPEST\\benimaru""}]}}"
288,7793,2022-06-20 17:15:42.7788956,1,Info,Microsoft-Windows-Sysmon,Microsoft-Windows-Sysmon/Operational,2800,6224,TEMPEST,5,S-1-5-18,Process creation,TEMPEST\benimaru,,"ProcessID: 8620, ProcessGUID: 4bbef3ae-ab3e-62b0-970a-000000000700",RuleName: -,"MD5=63DD4523677E62A73A8A7494DB321EA2,SHA256=C687157FD58EAA51757CDA87D06C30953A31F03F5356B9F5A9C004FA4BAD4BF5,IMPHASH=41DBA1AF77E1A2260F0CE46D59ADCB5E",ParentProcess: C:\Windows\System32\net.exe,"ParentProcessID: 1828, ParentProcessGUID: 4bbef3ae-ab3e-62b0-960a-000000000700","ParentCommandLine: ""C:\Windows\system32\net.exe"" localgroup administrators",C:\Windows\system32\net1 localgroup administrators,False,C:\Users\byte store\Desktop\Incident Files Tempest\sysmon.evtx,Classic,0,"{""EventData"":{""Data"":[{""@Name"":""RuleName"",""#text"":""-""},{""@Name"":""UtcTime"",""#text"":""2022-06-20 17:15:42.777""},{""@Name"":""ProcessGuid"",""#text"":""4bbef3ae-ab3e-62b0-970a-000000000700""},{""@Name"":""ProcessId"",""#text"":""8620""},{""@Name"":""Image"",""#text"":""C:\\Windows\\System32\\net1.exe""},{""@Name"":""FileVersion"",""#text"":""10.0.17763.1 (WinBuild.160101.0800)""},{""@Name"":""Description"",""#text"":""Net Command""},{""@Name"":""Product"",""#text"":""Microsoft® Windows® Operating System""},{""@Name"":""Company"",""#text"":""Microsoft Corporation""},{""@Name"":""OriginalFileName"",""#text"":""net1.exe""},{""@Name"":""CommandLine"",""#text"":""C:\\Windows\\system32\\net1 localgroup administrators""},{""@Name"":""CurrentDirectory"",""#text"":""C:\\Windows\\system32\\""},{""@Name"":""User"",""#text"":""TEMPEST\\benimaru""},{""@Name"":""LogonGuid"",""#text"":""4bbef3ae-ab09-62b0-1ca9-b00100000000""},{""@Name"":""LogonId"",""#text"":""0x1B0A91C""},{""@Name"":""TerminalSessionId"",""#text"":""11""},{""@Name"":""IntegrityLevel"",""#text"":""Medium""},{""@Name"":""Hashes"",""#text"":""MD5=63DD4523677E62A73A8A7494DB321EA2,SHA256=C687157FD58EAA51757CDA87D06C30953A31F03F5356B9F5A9C004FA4BAD4BF5,IMPHASH=41DBA1AF77E1A2260F0CE46D59ADCB5E""},{""@Name"":""ParentProcessGuid"",""#text"":""4bbef3ae-ab3e-62b0-960a-000000000700""},{""@Name"":""ParentProcessId"",""#text"":""1828""},{""@Name"":""ParentImage"",""#text"":""C:\\Windows\\System32\\net.exe""},{""@Name"":""ParentCommandLine"",""#text"":""\""C:\\Windows\\system32\\net.exe\"" localgroup administrators""},{""@Name"":""ParentUser"",""#text"":""TEMPEST\\benimaru""}]}}"
289,7794,2022-06-20 17:15:43.8095959,22,Info,Microsoft-Windows-Sysmon,Microsoft-Windows-Sysmon/Operational,2800,6188,TEMPEST,5,S-1-5-18,DNSEvent (DNS query),TEMPEST\benimaru,,"ProcessID: 8948, ProcessGUID: 4bbef3ae-ab22-62b0-8b0a-000000000700",RuleName: -,Image: C:\Users\Public\Downloads\first.exe,QueryName: resolvecyber.xyz,QueryStatus: 0,QueryResults: 64:ff9b::a747:dea2;::ffff:167.71.222.162;,,False,C:\Users\byte store\Desktop\Incident Files Tempest\sysmon.evtx,Classic,0,"{""EventData"":{""Data"":[{""@Name"":""RuleName"",""#text"":""-""},{""@Name"":""UtcTime"",""#text"":""2022-06-20 17:01:41.419""},{""@Name"":""ProcessGuid"",""#text"":""4bbef3ae-ab22-62b0-8b0a-000000000700""},{""@Name"":""ProcessId"",""#text"":""8948""},{""@Name"":""QueryName"",""#text"":""resolvecyber.xyz""},{""@Name"":""QueryStatus"",""#text"":""0""},{""@Name"":""QueryResults"",""#text"":""64:ff9b::a747:dea2;::ffff:167.71.222.162;""},{""@Name"":""Image"",""#text"":""C:\\Users\\Public\\Downloads\\first.exe""},{""@Name"":""User"",""#text"":""TEMPEST\\benimaru""}]}}"
290,7795,2022-06-20 17:15:43.9187336,3,Info,Microsoft-Windows-Sysmon,Microsoft-Windows-Sysmon/Operational,2800,7488,TEMPEST,5,S-1-5-18,Network connection,TEMPEST\benimaru,,"ProcessID: 8948, ProcessGUID: 4bbef3ae-ab22-62b0-8b0a-000000000700",RuleName: Usermode,SourceHostname: TEMPEST,SourceIp: 192.168.254.107,DestinationHostname: -,DestinationIp: 167.71.222.162,,False,C:\Users\byte store\Desktop\Incident Files Tempest\sysmon.evtx,Classic,0,"{""EventData"":{""Data"":[{""@Name"":""RuleName"",""#text"":""Usermode""},{""@Name"":""UtcTime"",""#text"":""2022-06-20 17:01:41.462""},{""@Name"":""ProcessGuid"",""#text"":""4bbef3ae-ab22-62b0-8b0a-000000000700""},{""@Name"":""ProcessId"",""#text"":""8948""},{""@Name"":""Image"",""#text"":""C:\\Users\\Public\\Downloads\\first.exe""},{""@Name"":""User"",""#text"":""TEMPEST\\benimaru""},{""@Name"":""Protocol"",""#text"":""tcp""},{""@Name"":""Initiated"",""#text"":""True""},{""@Name"":""SourceIsIpv6"",""#text"":""False""},{""@Name"":""SourceIp"",""#text"":""192.168.254.107""},{""@Name"":""SourceHostname"",""#text"":""TEMPEST""},{""@Name"":""SourcePort"",""#text"":""51899""},{""@Name"":""SourcePortName"",""#text"":""-""},{""@Name"":""DestinationIsIpv6"",""#text"":""False""},{""@Name"":""DestinationIp"",""#text"":""167.71.222.162""},{""@Name"":""DestinationHostname"",""#text"":""-""},{""@Name"":""DestinationPort"",""#text"":""80""},{""@Name"":""DestinationPortName"",""#text"":""http""}]}}"
291,7796,2022-06-20 17:15:44.1690873,3,Info,Microsoft-Windows-Sysmon,Microsoft-Windows-Sysmon/Operational,2800,7488,TEMPEST,5,S-1-5-18,Network connection,TEMPEST\benimaru,,"ProcessID: 8948, ProcessGUID: 4bbef3ae-ab22-62b0-8b0a-000000000700",RuleName: Usermode,SourceHostname: TEMPEST,SourceIp: 192.168.254.107,DestinationHostname: -,DestinationIp: 167.71.222.162,,False,C:\Users\byte store\Desktop\Incident Files Tempest\sysmon.evtx,Classic,0,"{""EventData"":{""Data"":[{""@Name"":""RuleName"",""#text"":""Usermode""},{""@Name"":""UtcTime"",""#text"":""2022-06-20 17:01:41.559""},{""@Name"":""ProcessGuid"",""#text"":""4bbef3ae-ab22-62b0-8b0a-000000000700""},{""@Name"":""ProcessId"",""#text"":""8948""},{""@Name"":""Image"",""#text"":""C:\\Users\\Public\\Downloads\\first.exe""},{""@Name"":""User"",""#text"":""TEMPEST\\benimaru""},{""@Name"":""Protocol"",""#text"":""tcp""},{""@Name"":""Initiated"",""#text"":""True""},{""@Name"":""SourceIsIpv6"",""#text"":""False""},{""@Name"":""SourceIp"",""#text"":""192.168.254.107""},{""@Name"":""SourceHostname"",""#text"":""TEMPEST""},{""@Name"":""SourcePort"",""#text"":""51900""},{""@Name"":""SourcePortName"",""#text"":""-""},{""@Name"":""DestinationIsIpv6"",""#text"":""False""},{""@Name"":""DestinationIp"",""#text"":""167.71.222.162""},{""@Name"":""DestinationHostname"",""#text"":""-""},{""@Name"":""DestinationPort"",""#text"":""80""},{""@Name"":""DestinationPortName"",""#text"":""http""}]}}"
292,7797,2022-06-20 17:15:44.8103282,22,Info,Microsoft-Windows-Sysmon,Microsoft-Windows-Sysmon/Operational,2800,6188,TEMPEST,5,S-1-5-18,DNSEvent (DNS query),TEMPEST\benimaru,,"ProcessID: 8948, ProcessGUID: 4bbef3ae-ab22-62b0-8b0a-000000000700",RuleName: -,Image: C:\Users\Public\Downloads\first.exe,QueryName: resolvecyber.xyz,QueryStatus: 0,QueryResults: 64:ff9b::a747:dea2;::ffff:167.71.222.162;,,False,C:\Users\byte store\Desktop\Incident Files Tempest\sysmon.evtx,Classic,0,"{""EventData"":{""Data"":[{""@Name"":""RuleName"",""#text"":""-""},{""@Name"":""UtcTime"",""#text"":""2022-06-20 17:01:41.516""},{""@Name"":""ProcessGuid"",""#text"":""4bbef3ae-ab22-62b0-8b0a-000000000700""},{""@Name"":""ProcessId"",""#text"":""8948""},{""@Name"":""QueryName"",""#text"":""resolvecyber.xyz""},{""@Name"":""QueryStatus"",""#text"":""0""},{""@Name"":""QueryResults"",""#text"":""64:ff9b::a747:dea2;::ffff:167.71.222.162;""},{""@Name"":""Image"",""#text"":""C:\\Users\\Public\\Downloads\\first.exe""},{""@Name"":""User"",""#text"":""TEMPEST\\benimaru""}]}}"
293,7798,2022-06-20 17:15:48.8783856,1,Info,Microsoft-Windows-Sysmon,Microsoft-Windows-Sysmon/Operational,2800,6224,TEMPEST,5,S-1-5-18,Process creation,TEMPEST\benimaru,,"ProcessID: 2196, ProcessGUID: 4bbef3ae-ab44-62b0-9a0a-000000000700",RuleName: -,"MD5=AE61D8F04BCDE8158304067913160B31,SHA256=25C8266D2BC1D5626DCDF72419838B397D28D44D00AC09F02FF4E421B43EC369,IMPHASH=57F0C47AE2A1A2C06C8B987372AB0B07",ParentProcess: C:\Users\Public\Downloads\first.exe,"ParentProcessID: 8948, ParentProcessGUID: 4bbef3ae-ab22-62b0-8b0a-000000000700","ParentCommandLine: ""C:\Users\Public\Downloads\first.exe""","""C:\Windows\system32\net.exe"" user benimaru",False,C:\Users\byte store\Desktop\Incident Files Tempest\sysmon.evtx,Classic,0,"{""EventData"":{""Data"":[{""@Name"":""RuleName"",""#text"":""-""},{""@Name"":""UtcTime"",""#text"":""2022-06-20 17:15:48.877""},{""@Name"":""ProcessGuid"",""#text"":""4bbef3ae-ab44-62b0-9a0a-000000000700""},{""@Name"":""ProcessId"",""#text"":""2196""},{""@Name"":""Image"",""#text"":""C:\\Windows\\System32\\net.exe""},{""@Name"":""FileVersion"",""#text"":""10.0.17763.1 (WinBuild.160101.0800)""},{""@Name"":""Description"",""#text"":""Net Command""},{""@Name"":""Product"",""#text"":""Microsoft® Windows® Operating System""},{""@Name"":""Company"",""#text"":""Microsoft Corporation""},{""@Name"":""OriginalFileName"",""#text"":""net.exe""},{""@Name"":""CommandLine"",""#text"":""\""C:\\Windows\\system32\\net.exe\"" user benimaru""},{""@Name"":""CurrentDirectory"",""#text"":""C:\\Windows\\system32\\""},{""@Name"":""User"",""#text"":""TEMPEST\\benimaru""},{""@Name"":""LogonGuid"",""#text"":""4bbef3ae-ab09-62b0-1ca9-b00100000000""},{""@Name"":""LogonId"",""#text"":""0x1B0A91C""},{""@Name"":""TerminalSessionId"",""#text"":""11""},{""@Name"":""IntegrityLevel"",""#text"":""Medium""},{""@Name"":""Hashes"",""#text"":""MD5=AE61D8F04BCDE8158304067913160B31,SHA256=25C8266D2BC1D5626DCDF72419838B397D28D44D00AC09F02FF4E421B43EC369,IMPHASH=57F0C47AE2A1A2C06C8B987372AB0B07""},{""@Name"":""ParentProcessGuid"",""#text"":""4bbef3ae-ab22-62b0-8b0a-000000000700""},{""@Name"":""ParentProcessId"",""#text"":""8948""},{""@Name"":""ParentImage"",""#text"":""C:\\Users\\Public\\Downloads\\first.exe""},{""@Name"":""ParentCommandLine"",""#text"":""\""C:\\Users\\Public\\Downloads\\first.exe\""""},{""@Name"":""ParentUser"",""#text"":""TEMPEST\\benimaru""}]}}"
294,7799,2022-06-20 17:15:48.8921906,1,Info,Microsoft-Windows-Sysmon,Microsoft-Windows-Sysmon/Operational,2800,6224,TEMPEST,5,S-1-5-18,Process creation,TEMPEST\benimaru,,"ProcessID: 4100, ProcessGUID: 4bbef3ae-ab44-62b0-9b0a-000000000700",RuleName: -,"MD5=63DD4523677E62A73A8A7494DB321EA2,SHA256=C687157FD58EAA51757CDA87D06C30953A31F03F5356B9F5A9C004FA4BAD4BF5,IMPHASH=41DBA1AF77E1A2260F0CE46D59ADCB5E",ParentProcess: C:\Windows\System32\net.exe,"ParentProcessID: 2196, ParentProcessGUID: 4bbef3ae-ab44-62b0-9a0a-000000000700","ParentCommandLine: ""C:\Windows\system32\net.exe"" user benimaru",C:\Windows\system32\net1 user benimaru,False,C:\Users\byte store\Desktop\Incident Files Tempest\sysmon.evtx,Classic,0,"{""EventData"":{""Data"":[{""@Name"":""RuleName"",""#text"":""-""},{""@Name"":""UtcTime"",""#text"":""2022-06-20 17:15:48.891""},{""@Name"":""ProcessGuid"",""#text"":""4bbef3ae-ab44-62b0-9b0a-000000000700""},{""@Name"":""ProcessId"",""#text"":""4100""},{""@Name"":""Image"",""#text"":""C:\\Windows\\System32\\net1.exe""},{""@Name"":""FileVersion"",""#text"":""10.0.17763.1 (WinBuild.160101.0800)""},{""@Name"":""Description"",""#text"":""Net Command""},{""@Name"":""Product"",""#text"":""Microsoft® Windows® Operating System""},{""@Name"":""Company"",""#text"":""Microsoft Corporation""},{""@Name"":""OriginalFileName"",""#text"":""net1.exe""},{""@Name"":""CommandLine"",""#text"":""C:\\Windows\\system32\\net1 user benimaru""},{""@Name"":""CurrentDirectory"",""#text"":""C:\\Windows\\system32\\""},{""@Name"":""User"",""#text"":""TEMPEST\\benimaru""},{""@Name"":""LogonGuid"",""#text"":""4bbef3ae-ab09-62b0-1ca9-b00100000000""},{""@Name"":""LogonId"",""#text"":""0x1B0A91C""},{""@Name"":""TerminalSessionId"",""#text"":""11""},{""@Name"":""IntegrityLevel"",""#text"":""Medium""},{""@Name"":""Hashes"",""#text"":""MD5=63DD4523677E62A73A8A7494DB321EA2,SHA256=C687157FD58EAA51757CDA87D06C30953A31F03F5356B9F5A9C004FA4BAD4BF5,IMPHASH=41DBA1AF77E1A2260F0CE46D59ADCB5E""},{""@Name"":""ParentProcessGuid"",""#text"":""4bbef3ae-ab44-62b0-9a0a-000000000700""},{""@Name"":""ParentProcessId"",""#text"":""2196""},{""@Name"":""ParentImage"",""#text"":""C:\\Windows\\System32\\net.exe""},{""@Name"":""ParentCommandLine"",""#text"":""\""C:\\Windows\\system32\\net.exe\"" user benimaru""},{""@Name"":""ParentUser"",""#text"":""TEMPEST\\benimaru""}]}}"
295,7800,2022-06-20 17:15:49.9656950,22,Info,Microsoft-Windows-Sysmon,Microsoft-Windows-Sysmon/Operational,2800,6188,TEMPEST,5,S-1-5-18,DNSEvent (DNS query),TEMPEST\benimaru,,"ProcessID: 8948, ProcessGUID: 4bbef3ae-ab22-62b0-8b0a-000000000700",RuleName: -,Image: C:\Users\Public\Downloads\first.exe,QueryName: resolvecyber.xyz,QueryStatus: 0,QueryResults: 64:ff9b::a747:dea2;::ffff:167.71.222.162;,,False,C:\Users\byte store\Desktop\Incident Files Tempest\sysmon.evtx,Classic,0,"{""EventData"":{""Data"":[{""@Name"":""RuleName"",""#text"":""-""},{""@Name"":""UtcTime"",""#text"":""2022-06-20 17:01:47.559""},{""@Name"":""ProcessGuid"",""#text"":""4bbef3ae-ab22-62b0-8b0a-000000000700""},{""@Name"":""ProcessId"",""#text"":""8948""},{""@Name"":""QueryName"",""#text"":""resolvecyber.xyz""},{""@Name"":""QueryStatus"",""#text"":""0""},{""@Name"":""QueryResults"",""#text"":""64:ff9b::a747:dea2;::ffff:167.71.222.162;""},{""@Name"":""Image"",""#text"":""C:\\Users\\Public\\Downloads\\first.exe""},{""@Name"":""User"",""#text"":""TEMPEST\\benimaru""}]}}"
296,7801,2022-06-20 17:15:50.9660246,22,Info,Microsoft-Windows-Sysmon,Microsoft-Windows-Sysmon/Operational,2800,6188,TEMPEST,5,S-1-5-18,DNSEvent (DNS query),TEMPEST\benimaru,,"ProcessID: 8948, ProcessGUID: 4bbef3ae-ab22-62b0-8b0a-000000000700",RuleName: -,Image: C:\Users\Public\Downloads\first.exe,QueryName: resolvecyber.xyz,QueryStatus: 0,QueryResults: 64:ff9b::a747:dea2;::ffff:167.71.222.162;,,False,C:\Users\byte store\Desktop\Incident Files Tempest\sysmon.evtx,Classic,0,"{""EventData"":{""Data"":[{""@Name"":""RuleName"",""#text"":""-""},{""@Name"":""UtcTime"",""#text"":""2022-06-20 17:01:47.660""},{""@Name"":""ProcessGuid"",""#text"":""4bbef3ae-ab22-62b0-8b0a-000000000700""},{""@Name"":""ProcessId"",""#text"":""8948""},{""@Name"":""QueryName"",""#text"":""resolvecyber.xyz""},{""@Name"":""QueryStatus"",""#text"":""0""},{""@Name"":""QueryResults"",""#text"":""64:ff9b::a747:dea2;::ffff:167.71.222.162;""},{""@Name"":""Image"",""#text"":""C:\\Users\\Public\\Downloads\\first.exe""},{""@Name"":""User"",""#text"":""TEMPEST\\benimaru""}]}}"
297,7802,2022-06-20 17:15:51.0745824,3,Info,Microsoft-Windows-Sysmon,Microsoft-Windows-Sysmon/Operational,2800,7488,TEMPEST,5,S-1-5-18,Network connection,TEMPEST\benimaru,,"ProcessID: 8948, ProcessGUID: 4bbef3ae-ab22-62b0-8b0a-000000000700",RuleName: Usermode,SourceHostname: TEMPEST,SourceIp: 192.168.254.107,DestinationHostname: -,DestinationIp: 167.71.222.162,,False,C:\Users\byte store\Desktop\Incident Files Tempest\sysmon.evtx,Classic,0,"{""EventData"":{""Data"":[{""@Name"":""RuleName"",""#text"":""Usermode""},{""@Name"":""UtcTime"",""#text"":""2022-06-20 17:01:47.604""},{""@Name"":""ProcessGuid"",""#text"":""4bbef3ae-ab22-62b0-8b0a-000000000700""},{""@Name"":""ProcessId"",""#text"":""8948""},{""@Name"":""Image"",""#text"":""C:\\Users\\Public\\Downloads\\first.exe""},{""@Name"":""User"",""#text"":""TEMPEST\\benimaru""},{""@Name"":""Protocol"",""#text"":""tcp""},{""@Name"":""Initiated"",""#text"":""True""},{""@Name"":""SourceIsIpv6"",""#text"":""False""},{""@Name"":""SourceIp"",""#text"":""192.168.254.107""},{""@Name"":""SourceHostname"",""#text"":""TEMPEST""},{""@Name"":""SourcePort"",""#text"":""51902""},{""@Name"":""SourcePortName"",""#text"":""-""},{""@Name"":""DestinationIsIpv6"",""#text"":""False""},{""@Name"":""DestinationIp"",""#text"":""167.71.222.162""},{""@Name"":""DestinationHostname"",""#text"":""-""},{""@Name"":""DestinationPort"",""#text"":""80""},{""@Name"":""DestinationPortName"",""#text"":""http""}]}}"
298,7803,2022-06-20 17:15:51.0754755,3,Info,Microsoft-Windows-Sysmon,Microsoft-Windows-Sysmon/Operational,2800,7488,TEMPEST,5,S-1-5-18,Network connection,TEMPEST\benimaru,,"ProcessID: 8948, ProcessGUID: 4bbef3ae-ab22-62b0-8b0a-000000000700",RuleName: Usermode,SourceHostname: TEMPEST,SourceIp: 192.168.254.107,DestinationHostname: -,DestinationIp: 167.71.222.162,,False,C:\Users\byte store\Desktop\Incident Files Tempest\sysmon.evtx,Classic,0,"{""EventData"":{""Data"":[{""@Name"":""RuleName"",""#text"":""Usermode""},{""@Name"":""UtcTime"",""#text"":""2022-06-20 17:01:47.708""},{""@Name"":""ProcessGuid"",""#text"":""4bbef3ae-ab22-62b0-8b0a-000000000700""},{""@Name"":""ProcessId"",""#text"":""8948""},{""@Name"":""Image"",""#text"":""C:\\Users\\Public\\Downloads\\first.exe""},{""@Name"":""User"",""#text"":""TEMPEST\\benimaru""},{""@Name"":""Protocol"",""#text"":""tcp""},{""@Name"":""Initiated"",""#text"":""True""},{""@Name"":""SourceIsIpv6"",""#text"":""False""},{""@Name"":""SourceIp"",""#text"":""192.168.254.107""},{""@Name"":""SourceHostname"",""#text"":""TEMPEST""},{""@Name"":""SourcePort"",""#text"":""51903""},{""@Name"":""SourcePortName"",""#text"":""-""},{""@Name"":""DestinationIsIpv6"",""#text"":""False""},{""@Name"":""DestinationIp"",""#text"":""167.71.222.162""},{""@Name"":""DestinationHostname"",""#text"":""-""},{""@Name"":""DestinationPort"",""#text"":""80""},{""@Name"":""DestinationPortName"",""#text"":""http""}]}}"
299,7804,2022-06-20 17:15:57.8127422,1,Info,Microsoft-Windows-Sysmon,Microsoft-Windows-Sysmon/Operational,2800,6224,TEMPEST,5,S-1-5-18,Process creation,TEMPEST\benimaru,,"ProcessID: 8328, ProcessGUID: 4bbef3ae-ab4d-62b0-9c0a-000000000700",RuleName: -,"MD5=F225F37717C8D714B56CF21C7C1E9C34,SHA256=E272D0E33299BCA60479683EAE0D9B5D880293C01B337D5759FEE812EA631A39,IMPHASH=9839C7FD9649496B162F72128209528A",ParentProcess: C:\Windows\System32\svchost.exe,"ParentProcessID: 1760, ParentProcessGUID: 4bbef3ae-8428-62b0-2f00-000000000700",ParentCommandLine: C:\Windows\system32\svchost.exe -k netsvcs -p -s Schedule,taskhostw.exe $(Arg0),False,C:\Users\byte store\Desktop\Incident Files Tempest\sysmon.evtx,Classic,0,"{""EventData"":{""Data"":[{""@Name"":""RuleName"",""#text"":""-""},{""@Name"":""UtcTime"",""#text"":""2022-06-20 17:15:57.811""},{""@Name"":""ProcessGuid"",""#text"":""4bbef3ae-ab4d-62b0-9c0a-000000000700""},{""@Name"":""ProcessId"",""#text"":""8328""},{""@Name"":""Image"",""#text"":""C:\\Windows\\System32\\taskhostw.exe""},{""@Name"":""FileVersion"",""#text"":""10.0.17763.1 (WinBuild.160101.0800)""},{""@Name"":""Description"",""#text"":""Host Process for Windows Tasks""},{""@Name"":""Product"",""#text"":""Microsoft® Windows® Operating System""},{""@Name"":""Company"",""#text"":""Microsoft Corporation""},{""@Name"":""OriginalFileName"",""#text"":""taskhostw.exe""},{""@Name"":""CommandLine"",""#text"":""taskhostw.exe $(Arg0)""},{""@Name"":""CurrentDirectory"",""#text"":""C:\\Windows\\system32\\""},{""@Name"":""User"",""#text"":""TEMPEST\\benimaru""},{""@Name"":""LogonGuid"",""#text"":""4bbef3ae-ab09-62b0-fca8-b00100000000""},{""@Name"":""LogonId"",""#text"":""0x1B0A8FC""},{""@Name"":""TerminalSessionId"",""#text"":""11""},{""@Name"":""IntegrityLevel"",""#text"":""High""},{""@Name"":""Hashes"",""#text"":""MD5=F225F37717C8D714B56CF21C7C1E9C34,SHA256=E272D0E33299BCA60479683EAE0D9B5D880293C01B337D5759FEE812EA631A39,IMPHASH=9839C7FD9649496B162F72128209528A""},{""@Name"":""ParentProcessGuid"",""#text"":""4bbef3ae-8428-62b0-2f00-000000000700""},{""@Name"":""ParentProcessId"",""#text"":""1760""},{""@Name"":""ParentImage"",""#text"":""C:\\Windows\\System32\\svchost.exe""},{""@Name"":""ParentCommandLine"",""#text"":""C:\\Windows\\system32\\svchost.exe -k netsvcs -p -s Schedule""},{""@Name"":""ParentUser"",""#text"":""NT AUTHORITY\\SYSTEM""}]}}"
300,7805,2022-06-20 17:16:01.8098672,22,Info,Microsoft-Windows-Sysmon,Microsoft-Windows-Sysmon/Operational,2800,6188,TEMPEST,5,S-1-5-18,DNSEvent (DNS query),TEMPEST\benimaru,,"ProcessID: 8948, ProcessGUID: 4bbef3ae-ab22-62b0-8b0a-000000000700",RuleName: -,Image: C:\Users\Public\Downloads\first.exe,QueryName: resolvecyber.xyz,QueryStatus: 0,QueryResults: 64:ff9b::a747:dea2;::ffff:167.71.222.162;,,False,C:\Users\byte store\Desktop\Incident Files Tempest\sysmon.evtx,Classic,0,"{""EventData"":{""Data"":[{""@Name"":""RuleName"",""#text"":""-""},{""@Name"":""UtcTime"",""#text"":""2022-06-20 17:01:59.431""},{""@Name"":""ProcessGuid"",""#text"":""4bbef3ae-ab22-62b0-8b0a-000000000700""},{""@Name"":""ProcessId"",""#text"":""8948""},{""@Name"":""QueryName"",""#text"":""resolvecyber.xyz""},{""@Name"":""QueryStatus"",""#text"":""0""},{""@Name"":""QueryResults"",""#text"":""64:ff9b::a747:dea2;::ffff:167.71.222.162;""},{""@Name"":""Image"",""#text"":""C:\\Users\\Public\\Downloads\\first.exe""},{""@Name"":""User"",""#text"":""TEMPEST\\benimaru""}]}}"
301,7806,2022-06-20 17:16:02.8249454,22,Info,Microsoft-Windows-Sysmon,Microsoft-Windows-Sysmon/Operational,2800,6188,TEMPEST,5,S-1-5-18,DNSEvent (DNS query),TEMPEST\benimaru,,"ProcessID: 8948, ProcessGUID: 4bbef3ae-ab22-62b0-8b0a-000000000700",RuleName: -,Image: C:\Users\Public\Downloads\first.exe,QueryName: resolvecyber.xyz,QueryStatus: 0,QueryResults: 64:ff9b::a747:dea2;::ffff:167.71.222.162;,,False,C:\Users\byte store\Desktop\Incident Files Tempest\sysmon.evtx,Classic,0,"{""EventData"":{""Data"":[{""@Name"":""RuleName"",""#text"":""-""},{""@Name"":""UtcTime"",""#text"":""2022-06-20 17:01:59.578""},{""@Name"":""ProcessGuid"",""#text"":""4bbef3ae-ab22-62b0-8b0a-000000000700""},{""@Name"":""ProcessId"",""#text"":""8948""},{""@Name"":""QueryName"",""#text"":""resolvecyber.xyz""},{""@Name"":""QueryStatus"",""#text"":""0""},{""@Name"":""QueryResults"",""#text"":""64:ff9b::a747:dea2;::ffff:167.71.222.162;""},{""@Name"":""Image"",""#text"":""C:\\Users\\Public\\Downloads\\first.exe""},{""@Name"":""User"",""#text"":""TEMPEST\\benimaru""}]}}"
302,7807,2022-06-20 17:16:02.9506453,3,Info,Microsoft-Windows-Sysmon,Microsoft-Windows-Sysmon/Operational,2800,7488,TEMPEST,5,S-1-5-18,Network connection,TEMPEST\benimaru,,"ProcessID: 8948, ProcessGUID: 4bbef3ae-ab22-62b0-8b0a-000000000700",RuleName: Usermode,SourceHostname: TEMPEST,SourceIp: 192.168.254.107,DestinationHostname: -,DestinationIp: 167.71.222.162,,False,C:\Users\byte store\Desktop\Incident Files Tempest\sysmon.evtx,Classic,0,"{""EventData"":{""Data"":[{""@Name"":""RuleName"",""#text"":""Usermode""},{""@Name"":""UtcTime"",""#text"":""2022-06-20 17:01:59.499""},{""@Name"":""ProcessGuid"",""#text"":""4bbef3ae-ab22-62b0-8b0a-000000000700""},{""@Name"":""ProcessId"",""#text"":""8948""},{""@Name"":""Image"",""#text"":""C:\\Users\\Public\\Downloads\\first.exe""},{""@Name"":""User"",""#text"":""TEMPEST\\benimaru""},{""@Name"":""Protocol"",""#text"":""tcp""},{""@Name"":""Initiated"",""#text"":""True""},{""@Name"":""SourceIsIpv6"",""#text"":""False""},{""@Name"":""SourceIp"",""#text"":""192.168.254.107""},{""@Name"":""SourceHostname"",""#text"":""TEMPEST""},{""@Name"":""SourcePort"",""#text"":""51904""},{""@Name"":""SourcePortName"",""#text"":""-""},{""@Name"":""DestinationIsIpv6"",""#text"":""False""},{""@Name"":""DestinationIp"",""#text"":""167.71.222.162""},{""@Name"":""DestinationHostname"",""#text"":""-""},{""@Name"":""DestinationPort"",""#text"":""80""},{""@Name"":""DestinationPortName"",""#text"":""http""}]}}"
303,7808,2022-06-20 17:16:02.9515364,3,Info,Microsoft-Windows-Sysmon,Microsoft-Windows-Sysmon/Operational,2800,7488,TEMPEST,5,S-1-5-18,Network connection,TEMPEST\benimaru,,"ProcessID: 8948, ProcessGUID: 4bbef3ae-ab22-62b0-8b0a-000000000700",RuleName: Usermode,SourceHostname: TEMPEST,SourceIp: 192.168.254.107,DestinationHostname: -,DestinationIp: 167.71.222.162,,False,C:\Users\byte store\Desktop\Incident Files Tempest\sysmon.evtx,Classic,0,"{""EventData"":{""Data"":[{""@Name"":""RuleName"",""#text"":""Usermode""},{""@Name"":""UtcTime"",""#text"":""2022-06-20 17:01:59.755""},{""@Name"":""ProcessGuid"",""#text"":""4bbef3ae-ab22-62b0-8b0a-000000000700""},{""@Name"":""ProcessId"",""#text"":""8948""},{""@Name"":""Image"",""#text"":""C:\\Users\\Public\\Downloads\\first.exe""},{""@Name"":""User"",""#text"":""TEMPEST\\benimaru""},{""@Name"":""Protocol"",""#text"":""tcp""},{""@Name"":""Initiated"",""#text"":""True""},{""@Name"":""SourceIsIpv6"",""#text"":""False""},{""@Name"":""SourceIp"",""#text"":""192.168.254.107""},{""@Name"":""SourceHostname"",""#text"":""TEMPEST""},{""@Name"":""SourcePort"",""#text"":""51905""},{""@Name"":""SourcePortName"",""#text"":""-""},{""@Name"":""DestinationIsIpv6"",""#text"":""False""},{""@Name"":""DestinationIp"",""#text"":""167.71.222.162""},{""@Name"":""DestinationHostname"",""#text"":""-""},{""@Name"":""DestinationPort"",""#text"":""80""},{""@Name"":""DestinationPortName"",""#text"":""http""}]}}"
304,7809,2022-06-20 17:16:14.5282264,22,Info,Microsoft-Windows-Sysmon,Microsoft-Windows-Sysmon/Operational,2800,6188,TEMPEST,5,S-1-5-18,DNSEvent (DNS query),TEMPEST\benimaru,,"ProcessID: 8948, ProcessGUID: 4bbef3ae-ab22-62b0-8b0a-000000000700",RuleName: -,Image: C:\Users\Public\Downloads\first.exe,QueryName: resolvecyber.xyz,QueryStatus: 0,QueryResults: 64:ff9b::a747:dea2;::ffff:167.71.222.162;,,False,C:\Users\byte store\Desktop\Incident Files Tempest\sysmon.evtx,Classic,0,"{""EventData"":{""Data"":[{""@Name"":""RuleName"",""#text"":""-""},{""@Name"":""UtcTime"",""#text"":""2022-06-20 17:02:12.147""},{""@Name"":""ProcessGuid"",""#text"":""4bbef3ae-ab22-62b0-8b0a-000000000700""},{""@Name"":""ProcessId"",""#text"":""8948""},{""@Name"":""QueryName"",""#text"":""resolvecyber.xyz""},{""@Name"":""QueryStatus"",""#text"":""0""},{""@Name"":""QueryResults"",""#text"":""64:ff9b::a747:dea2;::ffff:167.71.222.162;""},{""@Name"":""Image"",""#text"":""C:\\Users\\Public\\Downloads\\first.exe""},{""@Name"":""User"",""#text"":""TEMPEST\\benimaru""}]}}"
