991,8496,2022-06-20 17:20:15.8800056,11,Info,Microsoft-Windows-Sysmon,Microsoft-Windows-Sysmon/Operational,2800,6224,TEMPEST,16,S-1-5-18,FileCreate,NT AUTHORITY\SYSTEM,,"ProcessID: 1316, ProcessGUID: 4bbef3ae-abac-62b0-a90a-000000000700",RuleName: DLL,Image: C:\Program Files\Common Files\Microsoft Shared\ClickToRun\Updates\16.0.15225.20288\OfficeClickToRun.exe,TargetFilename: C:\Program Files (x86)\Microsoft Office\Updates\Download\PackageFiles\8801DF78-4AAE-4735-B3E4-213DE154925A\root\Office16\ADDINS\Microsoft Power Query for Excel Integrated\bin\Microsoft.Web.WebView2.Core.dll,,,,False,C:\Users\byte store\Desktop\Incident Files Tempest\sysmon.evtx,Classic,0,"{""EventData"":{""Data"":[{""@Name"":""RuleName"",""#text"":""DLL""},{""@Name"":""UtcTime"",""#text"":""2022-06-20 17:20:15.869""},{""@Name"":""ProcessGuid"",""#text"":""4bbef3ae-abac-62b0-a90a-000000000700""},{""@Name"":""ProcessId"",""#text"":""1316""},{""@Name"":""Image"",""#text"":""C:\\Program Files\\Common Files\\Microsoft Shared\\ClickToRun\\Updates\\16.0.15225.20288\\OfficeClickToRun.exe""},{""@Name"":""TargetFilename"",""#text"":""C:\\Program Files (x86)\\Microsoft Office\\Updates\\Download\\PackageFiles\\8801DF78-4AAE-4735-B3E4-213DE154925A\\root\\Office16\\ADDINS\\Microsoft Power Query for Excel Integrated\\bin\\Microsoft.Web.WebView2.Core.dll""},{""@Name"":""CreationUtcTime"",""#text"":""2022-06-20 17:20:15.869""},{""@Name"":""User"",""#text"":""NT AUTHORITY\\SYSTEM""}]}}"
992,8497,2022-06-20 17:20:15.8832768,11,Info,Microsoft-Windows-Sysmon,Microsoft-Windows-Sysmon/Operational,2800,6224,TEMPEST,16,S-1-5-18,FileCreate,NT AUTHORITY\SYSTEM,,"ProcessID: 1316, ProcessGUID: 4bbef3ae-abac-62b0-a90a-000000000700",RuleName: DLL,Image: C:\Program Files\Common Files\Microsoft Shared\ClickToRun\Updates\16.0.15225.20288\OfficeClickToRun.exe,TargetFilename: C:\Program Files (x86)\Microsoft Office\Updates\Download\PackageFiles\8801DF78-4AAE-4735-B3E4-213DE154925A\root\Office16\ADDINS\Microsoft Power Query for Excel Integrated\bin\Microsoft.Web.WebView2.WinForms.dll,,,,False,C:\Users\byte store\Desktop\Incident Files Tempest\sysmon.evtx,Classic,0,"{""EventData"":{""Data"":[{""@Name"":""RuleName"",""#text"":""DLL""},{""@Name"":""UtcTime"",""#text"":""2022-06-20 17:20:15.869""},{""@Name"":""ProcessGuid"",""#text"":""4bbef3ae-abac-62b0-a90a-000000000700""},{""@Name"":""ProcessId"",""#text"":""1316""},{""@Name"":""Image"",""#text"":""C:\\Program Files\\Common Files\\Microsoft Shared\\ClickToRun\\Updates\\16.0.15225.20288\\OfficeClickToRun.exe""},{""@Name"":""TargetFilename"",""#text"":""C:\\Program Files (x86)\\Microsoft Office\\Updates\\Download\\PackageFiles\\8801DF78-4AAE-4735-B3E4-213DE154925A\\root\\Office16\\ADDINS\\Microsoft Power Query for Excel Integrated\\bin\\Microsoft.Web.WebView2.WinForms.dll""},{""@Name"":""CreationUtcTime"",""#text"":""2022-06-20 17:20:15.869""},{""@Name"":""User"",""#text"":""NT AUTHORITY\\SYSTEM""}]}}"
993,8498,2022-06-20 17:20:15.8852544,11,Info,Microsoft-Windows-Sysmon,Microsoft-Windows-Sysmon/Operational,2800,6224,TEMPEST,16,S-1-5-18,FileCreate,NT AUTHORITY\SYSTEM,,"ProcessID: 1316, ProcessGUID: 4bbef3ae-abac-62b0-a90a-000000000700",RuleName: DLL,Image: C:\Program Files\Common Files\Microsoft Shared\ClickToRun\Updates\16.0.15225.20288\OfficeClickToRun.exe,TargetFilename: C:\Program Files (x86)\Microsoft Office\Updates\Download\PackageFiles\8801DF78-4AAE-4735-B3E4-213DE154925A\root\Office16\ADDINS\Microsoft Power Query for Excel Integrated\bin\WebView2Loader.dll,,,,False,C:\Users\byte store\Desktop\Incident Files Tempest\sysmon.evtx,Classic,0,"{""EventData"":{""Data"":[{""@Name"":""RuleName"",""#text"":""DLL""},{""@Name"":""UtcTime"",""#text"":""2022-06-20 17:20:15.869""},{""@Name"":""ProcessGuid"",""#text"":""4bbef3ae-abac-62b0-a90a-000000000700""},{""@Name"":""ProcessId"",""#text"":""1316""},{""@Name"":""Image"",""#text"":""C:\\Program Files\\Common Files\\Microsoft Shared\\ClickToRun\\Updates\\16.0.15225.20288\\OfficeClickToRun.exe""},{""@Name"":""TargetFilename"",""#text"":""C:\\Program Files (x86)\\Microsoft Office\\Updates\\Download\\PackageFiles\\8801DF78-4AAE-4735-B3E4-213DE154925A\\root\\Office16\\ADDINS\\Microsoft Power Query for Excel Integrated\\bin\\WebView2Loader.dll""},{""@Name"":""CreationUtcTime"",""#text"":""2022-06-20 17:20:15.869""},{""@Name"":""User"",""#text"":""NT AUTHORITY\\SYSTEM""}]}}"
994,8499,2022-06-20 17:20:15.8875172,11,Info,Microsoft-Windows-Sysmon,Microsoft-Windows-Sysmon/Operational,2800,6224,TEMPEST,16,S-1-5-18,FileCreate,NT AUTHORITY\SYSTEM,,"ProcessID: 1316, ProcessGUID: 4bbef3ae-abac-62b0-a90a-000000000700",RuleName: DLL,Image: C:\Program Files\Common Files\Microsoft Shared\ClickToRun\Updates\16.0.15225.20288\OfficeClickToRun.exe,TargetFilename: C:\Program Files (x86)\Microsoft Office\Updates\Download\PackageFiles\8801DF78-4AAE-4735-B3E4-213DE154925A\root\Office16\ADDINS\Power View Excel Add-in\AdHocReportingExcelClient.dll,,,,False,C:\Users\byte store\Desktop\Incident Files Tempest\sysmon.evtx,Classic,0,"{""EventData"":{""Data"":[{""@Name"":""RuleName"",""#text"":""DLL""},{""@Name"":""UtcTime"",""#text"":""2022-06-20 17:20:15.885""},{""@Name"":""ProcessGuid"",""#text"":""4bbef3ae-abac-62b0-a90a-000000000700""},{""@Name"":""ProcessId"",""#text"":""1316""},{""@Name"":""Image"",""#text"":""C:\\Program Files\\Common Files\\Microsoft Shared\\ClickToRun\\Updates\\16.0.15225.20288\\OfficeClickToRun.exe""},{""@Name"":""TargetFilename"",""#text"":""C:\\Program Files (x86)\\Microsoft Office\\Updates\\Download\\PackageFiles\\8801DF78-4AAE-4735-B3E4-213DE154925A\\root\\Office16\\ADDINS\\Power View Excel Add-in\\AdHocReportingExcelClient.dll""},{""@Name"":""CreationUtcTime"",""#text"":""2022-06-20 17:20:15.885""},{""@Name"":""User"",""#text"":""NT AUTHORITY\\SYSTEM""}]}}"
995,8500,2022-06-20 17:20:15.8933815,11,Info,Microsoft-Windows-Sysmon,Microsoft-Windows-Sysmon/Operational,2800,6224,TEMPEST,16,S-1-5-18,FileCreate,NT AUTHORITY\SYSTEM,,"ProcessID: 1316, ProcessGUID: 4bbef3ae-abac-62b0-a90a-000000000700",RuleName: DLL,Image: C:\Program Files\Common Files\Microsoft Shared\ClickToRun\Updates\16.0.15225.20288\OfficeClickToRun.exe,TargetFilename: C:\Program Files (x86)\Microsoft Office\Updates\Download\PackageFiles\8801DF78-4AAE-4735-B3E4-213DE154925A\root\Office16\ADDINS\Power View Excel Add-in\Microsoft.PowerBI.AdomdClient.dll,,,,False,C:\Users\byte store\Desktop\Incident Files Tempest\sysmon.evtx,Classic,0,"{""EventData"":{""Data"":[{""@Name"":""RuleName"",""#text"":""DLL""},{""@Name"":""UtcTime"",""#text"":""2022-06-20 17:20:15.885""},{""@Name"":""ProcessGuid"",""#text"":""4bbef3ae-abac-62b0-a90a-000000000700""},{""@Name"":""ProcessId"",""#text"":""1316""},{""@Name"":""Image"",""#text"":""C:\\Program Files\\Common Files\\Microsoft Shared\\ClickToRun\\Updates\\16.0.15225.20288\\OfficeClickToRun.exe""},{""@Name"":""TargetFilename"",""#text"":""C:\\Program Files (x86)\\Microsoft Office\\Updates\\Download\\PackageFiles\\8801DF78-4AAE-4735-B3E4-213DE154925A\\root\\Office16\\ADDINS\\Power View Excel Add-in\\Microsoft.PowerBI.AdomdClient.dll""},{""@Name"":""CreationUtcTime"",""#text"":""2022-06-20 17:20:15.885""},{""@Name"":""User"",""#text"":""NT AUTHORITY\\SYSTEM""}]}}"
996,8501,2022-06-20 17:20:15.9068837,11,Info,Microsoft-Windows-Sysmon,Microsoft-Windows-Sysmon/Operational,2800,6224,TEMPEST,16,S-1-5-18,FileCreate,NT AUTHORITY\SYSTEM,,"ProcessID: 1316, ProcessGUID: 4bbef3ae-abac-62b0-a90a-000000000700",RuleName: DLL,Image: C:\Program Files\Common Files\Microsoft Shared\ClickToRun\Updates\16.0.15225.20288\OfficeClickToRun.exe,TargetFilename: C:\Program Files (x86)\Microsoft Office\Updates\Download\PackageFiles\8801DF78-4AAE-4735-B3E4-213DE154925A\root\Office16\ADDINS\Power View Excel Add-in\Microsoft.PowerBI.AdomdDataExtension.dll,,,,False,C:\Users\byte store\Desktop\Incident Files Tempest\sysmon.evtx,Classic,0,"{""EventData"":{""Data"":[{""@Name"":""RuleName"",""#text"":""DLL""},{""@Name"":""UtcTime"",""#text"":""2022-06-20 17:20:15.901""},{""@Name"":""ProcessGuid"",""#text"":""4bbef3ae-abac-62b0-a90a-000000000700""},{""@Name"":""ProcessId"",""#text"":""1316""},{""@Name"":""Image"",""#text"":""C:\\Program Files\\Common Files\\Microsoft Shared\\ClickToRun\\Updates\\16.0.15225.20288\\OfficeClickToRun.exe""},{""@Name"":""TargetFilename"",""#text"":""C:\\Program Files (x86)\\Microsoft Office\\Updates\\Download\\PackageFiles\\8801DF78-4AAE-4735-B3E4-213DE154925A\\root\\Office16\\ADDINS\\Power View Excel Add-in\\Microsoft.PowerBI.AdomdDataExtension.dll""},{""@Name"":""CreationUtcTime"",""#text"":""2022-06-20 17:20:15.901""},{""@Name"":""User"",""#text"":""NT AUTHORITY\\SYSTEM""}]}}"
997,8502,2022-06-20 17:20:15.9111101,11,Info,Microsoft-Windows-Sysmon,Microsoft-Windows-Sysmon/Operational,2800,6224,TEMPEST,16,S-1-5-18,FileCreate,NT AUTHORITY\SYSTEM,,"ProcessID: 1316, ProcessGUID: 4bbef3ae-abac-62b0-a90a-000000000700",RuleName: DLL,Image: C:\Program Files\Common Files\Microsoft Shared\ClickToRun\Updates\16.0.15225.20288\OfficeClickToRun.exe,TargetFilename: C:\Program Files (x86)\Microsoft Office\Updates\Download\PackageFiles\8801DF78-4AAE-4735-B3E4-213DE154925A\root\Office16\ADDINS\Power View Excel Add-in\Microsoft.PowerBI.Diagnostics.dll,,,,False,C:\Users\byte store\Desktop\Incident Files Tempest\sysmon.evtx,Classic,0,"{""EventData"":{""Data"":[{""@Name"":""RuleName"",""#text"":""DLL""},{""@Name"":""UtcTime"",""#text"":""2022-06-20 17:20:15.901""},{""@Name"":""ProcessGuid"",""#text"":""4bbef3ae-abac-62b0-a90a-000000000700""},{""@Name"":""ProcessId"",""#text"":""1316""},{""@Name"":""Image"",""#text"":""C:\\Program Files\\Common Files\\Microsoft Shared\\ClickToRun\\Updates\\16.0.15225.20288\\OfficeClickToRun.exe""},{""@Name"":""TargetFilename"",""#text"":""C:\\Program Files (x86)\\Microsoft Office\\Updates\\Download\\PackageFiles\\8801DF78-4AAE-4735-B3E4-213DE154925A\\root\\Office16\\ADDINS\\Power View Excel Add-in\\Microsoft.PowerBI.Diagnostics.dll""},{""@Name"":""CreationUtcTime"",""#text"":""2022-06-20 17:20:15.901""},{""@Name"":""User"",""#text"":""NT AUTHORITY\\SYSTEM""}]}}"
998,8503,2022-06-20 17:20:15.9576799,11,Info,Microsoft-Windows-Sysmon,Microsoft-Windows-Sysmon/Operational,2800,6224,TEMPEST,16,S-1-5-18,FileCreate,NT AUTHORITY\SYSTEM,,"ProcessID: 1316, ProcessGUID: 4bbef3ae-abac-62b0-a90a-000000000700",RuleName: DLL,Image: C:\Program Files\Common Files\Microsoft Shared\ClickToRun\Updates\16.0.15225.20288\OfficeClickToRun.exe,TargetFilename: C:\Program Files (x86)\Microsoft Office\Updates\Download\PackageFiles\8801DF78-4AAE-4735-B3E4-213DE154925A\root\Office16\ADDINS\Power View Excel Add-in\Microsoft.Reporting.Common.dll,,,,False,C:\Users\byte store\Desktop\Incident Files Tempest\sysmon.evtx,Classic,0,"{""EventData"":{""Data"":[{""@Name"":""RuleName"",""#text"":""DLL""},{""@Name"":""UtcTime"",""#text"":""2022-06-20 17:20:15.948""},{""@Name"":""ProcessGuid"",""#text"":""4bbef3ae-abac-62b0-a90a-000000000700""},{""@Name"":""ProcessId"",""#text"":""1316""},{""@Name"":""Image"",""#text"":""C:\\Program Files\\Common Files\\Microsoft Shared\\ClickToRun\\Updates\\16.0.15225.20288\\OfficeClickToRun.exe""},{""@Name"":""TargetFilename"",""#text"":""C:\\Program Files (x86)\\Microsoft Office\\Updates\\Download\\PackageFiles\\8801DF78-4AAE-4735-B3E4-213DE154925A\\root\\Office16\\ADDINS\\Power View Excel Add-in\\Microsoft.Reporting.Common.dll""},{""@Name"":""CreationUtcTime"",""#text"":""2022-06-20 17:20:15.948""},{""@Name"":""User"",""#text"":""NT AUTHORITY\\SYSTEM""}]}}"
999,8504,2022-06-20 17:20:15.9617699,11,Info,Microsoft-Windows-Sysmon,Microsoft-Windows-Sysmon/Operational,2800,6224,TEMPEST,16,S-1-5-18,FileCreate,NT AUTHORITY\SYSTEM,,"ProcessID: 1316, ProcessGUID: 4bbef3ae-abac-62b0-a90a-000000000700",RuleName: DLL,Image: C:\Program Files\Common Files\Microsoft Shared\ClickToRun\Updates\16.0.15225.20288\OfficeClickToRun.exe,TargetFilename: C:\Program Files (x86)\Microsoft Office\Updates\Download\PackageFiles\8801DF78-4AAE-4735-B3E4-213DE154925A\root\Office16\ADDINS\Power View Excel Add-in\Microsoft.ReportingServices.AdHoc.Excel.Client.Entry.Interfaces.dll,,,,False,C:\Users\byte store\Desktop\Incident Files Tempest\sysmon.evtx,Classic,0,"{""EventData"":{""Data"":[{""@Name"":""RuleName"",""#text"":""DLL""},{""@Name"":""UtcTime"",""#text"":""2022-06-20 17:20:15.948""},{""@Name"":""ProcessGuid"",""#text"":""4bbef3ae-abac-62b0-a90a-000000000700""},{""@Name"":""ProcessId"",""#text"":""1316""},{""@Name"":""Image"",""#text"":""C:\\Program Files\\Common Files\\Microsoft Shared\\ClickToRun\\Updates\\16.0.15225.20288\\OfficeClickToRun.exe""},{""@Name"":""TargetFilename"",""#text"":""C:\\Program Files (x86)\\Microsoft Office\\Updates\\Download\\PackageFiles\\8801DF78-4AAE-4735-B3E4-213DE154925A\\root\\Office16\\ADDINS\\Power View Excel Add-in\\Microsoft.ReportingServices.AdHoc.Excel.Client.Entry.Interfaces.dll""},{""@Name"":""CreationUtcTime"",""#text"":""2022-06-20 17:20:15.948""},{""@Name"":""User"",""#text"":""NT AUTHORITY\\SYSTEM""}]}}"
1000,8505,2022-06-20 17:20:15.9649171,11,Info,Microsoft-Windows-Sysmon,Microsoft-Windows-Sysmon/Operational,2800,6224,TEMPEST,16,S-1-5-18,FileCreate,NT AUTHORITY\SYSTEM,,"ProcessID: 1316, ProcessGUID: 4bbef3ae-abac-62b0-a90a-000000000700",RuleName: DLL,Image: C:\Program Files\Common Files\Microsoft Shared\ClickToRun\Updates\16.0.15225.20288\OfficeClickToRun.exe,TargetFilename: C:\Program Files (x86)\Microsoft Office\Updates\Download\PackageFiles\8801DF78-4AAE-4735-B3E4-213DE154925A\root\Office16\ADDINS\Power View Excel Add-in\Microsoft.ReportingServices.AdHoc.Excel.Client.dll,,,,False,C:\Users\byte store\Desktop\Incident Files Tempest\sysmon.evtx,Classic,0,"{""EventData"":{""Data"":[{""@Name"":""RuleName"",""#text"":""DLL""},{""@Name"":""UtcTime"",""#text"":""2022-06-20 17:20:15.963""},{""@Name"":""ProcessGuid"",""#text"":""4bbef3ae-abac-62b0-a90a-000000000700""},{""@Name"":""ProcessId"",""#text"":""1316""},{""@Name"":""Image"",""#text"":""C:\\Program Files\\Common Files\\Microsoft Shared\\ClickToRun\\Updates\\16.0.15225.20288\\OfficeClickToRun.exe""},{""@Name"":""TargetFilename"",""#text"":""C:\\Program Files (x86)\\Microsoft Office\\Updates\\Download\\PackageFiles\\8801DF78-4AAE-4735-B3E4-213DE154925A\\root\\Office16\\ADDINS\\Power View Excel Add-in\\Microsoft.ReportingServices.AdHoc.Excel.Client.dll""},{""@Name"":""CreationUtcTime"",""#text"":""2022-06-20 17:20:15.963""},{""@Name"":""User"",""#text"":""NT AUTHORITY\\SYSTEM""}]}}"
1001,8506,2022-06-20 17:20:15.9694618,11,Info,Microsoft-Windows-Sysmon,Microsoft-Windows-Sysmon/Operational,2800,6224,TEMPEST,16,S-1-5-18,FileCreate,NT AUTHORITY\SYSTEM,,"ProcessID: 1316, ProcessGUID: 4bbef3ae-abac-62b0-a90a-000000000700",RuleName: DLL,Image: C:\Program Files\Common Files\Microsoft Shared\ClickToRun\Updates\16.0.15225.20288\OfficeClickToRun.exe,TargetFilename: C:\Program Files (x86)\Microsoft Office\Updates\Download\PackageFiles\8801DF78-4AAE-4735-B3E4-213DE154925A\root\Office16\ADDINS\Power View Excel Add-in\Microsoft.ReportingServices.Authorization.dll,,,,False,C:\Users\byte store\Desktop\Incident Files Tempest\sysmon.evtx,Classic,0,"{""EventData"":{""Data"":[{""@Name"":""RuleName"",""#text"":""DLL""},{""@Name"":""UtcTime"",""#text"":""2022-06-20 17:20:15.963""},{""@Name"":""ProcessGuid"",""#text"":""4bbef3ae-abac-62b0-a90a-000000000700""},{""@Name"":""ProcessId"",""#text"":""1316""},{""@Name"":""Image"",""#text"":""C:\\Program Files\\Common Files\\Microsoft Shared\\ClickToRun\\Updates\\16.0.15225.20288\\OfficeClickToRun.exe""},{""@Name"":""TargetFilename"",""#text"":""C:\\Program Files (x86)\\Microsoft Office\\Updates\\Download\\PackageFiles\\8801DF78-4AAE-4735-B3E4-213DE154925A\\root\\Office16\\ADDINS\\Power View Excel Add-in\\Microsoft.ReportingServices.Authorization.dll""},{""@Name"":""CreationUtcTime"",""#text"":""2022-06-20 17:20:15.963""},{""@Name"":""User"",""#text"":""NT AUTHORITY\\SYSTEM""}]}}"
1002,8507,2022-06-20 17:20:15.9717054,11,Info,Microsoft-Windows-Sysmon,Microsoft-Windows-Sysmon/Operational,2800,6224,TEMPEST,16,S-1-5-18,FileCreate,NT AUTHORITY\SYSTEM,,"ProcessID: 1316, ProcessGUID: 4bbef3ae-abac-62b0-a90a-000000000700",RuleName: DLL,Image: C:\Program Files\Common Files\Microsoft Shared\ClickToRun\Updates\16.0.15225.20288\OfficeClickToRun.exe,TargetFilename: C:\Program Files (x86)\Microsoft Office\Updates\Download\PackageFiles\8801DF78-4AAE-4735-B3E4-213DE154925A\root\Office16\ADDINS\Power View Excel Add-in\Microsoft.ReportingServices.Interfaces.dll,,,,False,C:\Users\byte store\Desktop\Incident Files Tempest\sysmon.evtx,Classic,0,"{""EventData"":{""Data"":[{""@Name"":""RuleName"",""#text"":""DLL""},{""@Name"":""UtcTime"",""#text"":""2022-06-20 17:20:15.963""},{""@Name"":""ProcessGuid"",""#text"":""4bbef3ae-abac-62b0-a90a-000000000700""},{""@Name"":""ProcessId"",""#text"":""1316""},{""@Name"":""Image"",""#text"":""C:\\Program Files\\Common Files\\Microsoft Shared\\ClickToRun\\Updates\\16.0.15225.20288\\OfficeClickToRun.exe""},{""@Name"":""TargetFilename"",""#text"":""C:\\Program Files (x86)\\Microsoft Office\\Updates\\Download\\PackageFiles\\8801DF78-4AAE-4735-B3E4-213DE154925A\\root\\Office16\\ADDINS\\Power View Excel Add-in\\Microsoft.ReportingServices.Interfaces.dll""},{""@Name"":""CreationUtcTime"",""#text"":""2022-06-20 17:20:15.963""},{""@Name"":""User"",""#text"":""NT AUTHORITY\\SYSTEM""}]}}"
1003,8508,2022-06-20 17:20:15.9749432,11,Info,Microsoft-Windows-Sysmon,Microsoft-Windows-Sysmon/Operational,2800,6224,TEMPEST,16,S-1-5-18,FileCreate,NT AUTHORITY\SYSTEM,,"ProcessID: 1316, ProcessGUID: 4bbef3ae-abac-62b0-a90a-000000000700",RuleName: DLL,Image: C:\Program Files\Common Files\Microsoft Shared\ClickToRun\Updates\16.0.15225.20288\OfficeClickToRun.exe,TargetFilename: C:\Program Files (x86)\Microsoft Office\Updates\Download\PackageFiles\8801DF78-4AAE-4735-B3E4-213DE154925A\root\Office16\ADDINS\Power View Excel Add-in\Microsoft.ReportingServices.ProgressiveProcessing.dll,,,,False,C:\Users\byte store\Desktop\Incident Files Tempest\sysmon.evtx,Classic,0,"{""EventData"":{""Data"":[{""@Name"":""RuleName"",""#text"":""DLL""},{""@Name"":""UtcTime"",""#text"":""2022-06-20 17:20:15.963""},{""@Name"":""ProcessGuid"",""#text"":""4bbef3ae-abac-62b0-a90a-000000000700""},{""@Name"":""ProcessId"",""#text"":""1316""},{""@Name"":""Image"",""#text"":""C:\\Program Files\\Common Files\\Microsoft Shared\\ClickToRun\\Updates\\16.0.15225.20288\\OfficeClickToRun.exe""},{""@Name"":""TargetFilename"",""#text"":""C:\\Program Files (x86)\\Microsoft Office\\Updates\\Download\\PackageFiles\\8801DF78-4AAE-4735-B3E4-213DE154925A\\root\\Office16\\ADDINS\\Power View Excel Add-in\\Microsoft.ReportingServices.ProgressiveProcessing.dll""},{""@Name"":""CreationUtcTime"",""#text"":""2022-06-20 17:20:15.963""},{""@Name"":""User"",""#text"":""NT AUTHORITY\\SYSTEM""}]}}"
1004,8509,2022-06-20 17:20:16.0176279,11,Info,Microsoft-Windows-Sysmon,Microsoft-Windows-Sysmon/Operational,2800,6224,TEMPEST,16,S-1-5-18,FileCreate,NT AUTHORITY\SYSTEM,,"ProcessID: 1316, ProcessGUID: 4bbef3ae-abac-62b0-a90a-000000000700",RuleName: DLL,Image: C:\Program Files\Common Files\Microsoft Shared\ClickToRun\Updates\16.0.15225.20288\OfficeClickToRun.exe,TargetFilename: C:\Program Files (x86)\Microsoft Office\Updates\Download\PackageFiles\8801DF78-4AAE-4735-B3E4-213DE154925A\root\Office16\ADDINS\PowerPivot Excel Add-in\Microsoft.AnalysisServices.Excel.BackEnd.XmlSerializers.dll,,,,False,C:\Users\byte store\Desktop\Incident Files Tempest\sysmon.evtx,Classic,0,"{""EventData"":{""Data"":[{""@Name"":""RuleName"",""#text"":""DLL""},{""@Name"":""UtcTime"",""#text"":""2022-06-20 17:20:16.010""},{""@Name"":""ProcessGuid"",""#text"":""4bbef3ae-abac-62b0-a90a-000000000700""},{""@Name"":""ProcessId"",""#text"":""1316""},{""@Name"":""Image"",""#text"":""C:\\Program Files\\Common Files\\Microsoft Shared\\ClickToRun\\Updates\\16.0.15225.20288\\OfficeClickToRun.exe""},{""@Name"":""TargetFilename"",""#text"":""C:\\Program Files (x86)\\Microsoft Office\\Updates\\Download\\PackageFiles\\8801DF78-4AAE-4735-B3E4-213DE154925A\\root\\Office16\\ADDINS\\PowerPivot Excel Add-in\\Microsoft.AnalysisServices.Excel.BackEnd.XmlSerializers.dll""},{""@Name"":""CreationUtcTime"",""#text"":""2022-06-20 17:20:16.010""},{""@Name"":""User"",""#text"":""NT AUTHORITY\\SYSTEM""}]}}"
1005,8510,2022-06-20 17:20:16.0199414,11,Info,Microsoft-Windows-Sysmon,Microsoft-Windows-Sysmon/Operational,2800,6224,TEMPEST,16,S-1-5-18,FileCreate,NT AUTHORITY\SYSTEM,,"ProcessID: 1316, ProcessGUID: 4bbef3ae-abac-62b0-a90a-000000000700",RuleName: DLL,Image: C:\Program Files\Common Files\Microsoft Shared\ClickToRun\Updates\16.0.15225.20288\OfficeClickToRun.exe,TargetFilename: C:\Program Files (x86)\Microsoft Office\Updates\Download\PackageFiles\8801DF78-4AAE-4735-B3E4-213DE154925A\root\Office16\ADDINS\PowerPivot Excel Add-in\Microsoft.AnalysisServices.Excel.Common.FrontEnd.XmlSerializers.dll,,,,False,C:\Users\byte store\Desktop\Incident Files Tempest\sysmon.evtx,Classic,0,"{""EventData"":{""Data"":[{""@Name"":""RuleName"",""#text"":""DLL""},{""@Name"":""UtcTime"",""#text"":""2022-06-20 17:20:16.010""},{""@Name"":""ProcessGuid"",""#text"":""4bbef3ae-abac-62b0-a90a-000000000700""},{""@Name"":""ProcessId"",""#text"":""1316""},{""@Name"":""Image"",""#text"":""C:\\Program Files\\Common Files\\Microsoft Shared\\ClickToRun\\Updates\\16.0.15225.20288\\OfficeClickToRun.exe""},{""@Name"":""TargetFilename"",""#text"":""C:\\Program Files (x86)\\Microsoft Office\\Updates\\Download\\PackageFiles\\8801DF78-4AAE-4735-B3E4-213DE154925A\\root\\Office16\\ADDINS\\PowerPivot Excel Add-in\\Microsoft.AnalysisServices.Excel.Common.FrontEnd.XmlSerializers.dll""},{""@Name"":""CreationUtcTime"",""#text"":""2022-06-20 17:20:16.010""},{""@Name"":""User"",""#text"":""NT AUTHORITY\\SYSTEM""}]}}"
1006,8511,2022-06-20 17:20:16.0227710,11,Info,Microsoft-Windows-Sysmon,Microsoft-Windows-Sysmon/Operational,2800,6224,TEMPEST,16,S-1-5-18,FileCreate,NT AUTHORITY\SYSTEM,,"ProcessID: 1316, ProcessGUID: 4bbef3ae-abac-62b0-a90a-000000000700",RuleName: DLL,Image: C:\Program Files\Common Files\Microsoft Shared\ClickToRun\Updates\16.0.15225.20288\OfficeClickToRun.exe,TargetFilename: C:\Program Files (x86)\Microsoft Office\Updates\Download\PackageFiles\8801DF78-4AAE-4735-B3E4-213DE154925A\root\Office16\ADDINS\PowerPivot Excel Add-in\Microsoft.Data.Recommendation.Client.Picasso.Sampler.dll,,,,False,C:\Users\byte store\Desktop\Incident Files Tempest\sysmon.evtx,Classic,0,"{""EventData"":{""Data"":[{""@Name"":""RuleName"",""#text"":""DLL""},{""@Name"":""UtcTime"",""#text"":""2022-06-20 17:20:16.010""},{""@Name"":""ProcessGuid"",""#text"":""4bbef3ae-abac-62b0-a90a-000000000700""},{""@Name"":""ProcessId"",""#text"":""1316""},{""@Name"":""Image"",""#text"":""C:\\Program Files\\Common Files\\Microsoft Shared\\ClickToRun\\Updates\\16.0.15225.20288\\OfficeClickToRun.exe""},{""@Name"":""TargetFilename"",""#text"":""C:\\Program Files (x86)\\Microsoft Office\\Updates\\Download\\PackageFiles\\8801DF78-4AAE-4735-B3E4-213DE154925A\\root\\Office16\\ADDINS\\PowerPivot Excel Add-in\\Microsoft.Data.Recommendation.Client.Picasso.Sampler.dll""},{""@Name"":""CreationUtcTime"",""#text"":""2022-06-20 17:20:16.010""},{""@Name"":""User"",""#text"":""NT AUTHORITY\\SYSTEM""}]}}"
1007,8512,2022-06-20 17:20:16.0506377,11,Info,Microsoft-Windows-Sysmon,Microsoft-Windows-Sysmon/Operational,2800,6224,TEMPEST,16,S-1-5-18,FileCreate,NT AUTHORITY\SYSTEM,,"ProcessID: 1316, ProcessGUID: 4bbef3ae-abac-62b0-a90a-000000000700",RuleName: DLL,Image: C:\Program Files\Common Files\Microsoft Shared\ClickToRun\Updates\16.0.15225.20288\OfficeClickToRun.exe,TargetFilename: C:\Program Files (x86)\Microsoft Office\Updates\Download\PackageFiles\8801DF78-4AAE-4735-B3E4-213DE154925A\root\Office16\ADDINS\PowerPivot Excel Add-inv16\Interop.MSDASC.dll,,,,False,C:\Users\byte store\Desktop\Incident Files Tempest\sysmon.evtx,Classic,0,"{""EventData"":{""Data"":[{""@Name"":""RuleName"",""#text"":""DLL""},{""@Name"":""UtcTime"",""#text"":""2022-06-20 17:20:16.041""},{""@Name"":""ProcessGuid"",""#text"":""4bbef3ae-abac-62b0-a90a-000000000700""},{""@Name"":""ProcessId"",""#text"":""1316""},{""@Name"":""Image"",""#text"":""C:\\Program Files\\Common Files\\Microsoft Shared\\ClickToRun\\Updates\\16.0.15225.20288\\OfficeClickToRun.exe""},{""@Name"":""TargetFilename"",""#text"":""C:\\Program Files (x86)\\Microsoft Office\\Updates\\Download\\PackageFiles\\8801DF78-4AAE-4735-B3E4-213DE154925A\\root\\Office16\\ADDINS\\PowerPivot Excel Add-inv16\\Interop.MSDASC.dll""},{""@Name"":""CreationUtcTime"",""#text"":""2022-06-20 17:20:16.041""},{""@Name"":""User"",""#text"":""NT AUTHORITY\\SYSTEM""}]}}"
1008,8513,2022-06-20 17:20:16.0524503,11,Info,Microsoft-Windows-Sysmon,Microsoft-Windows-Sysmon/Operational,2800,6224,TEMPEST,16,S-1-5-18,FileCreate,NT AUTHORITY\SYSTEM,,"ProcessID: 1316, ProcessGUID: 4bbef3ae-abac-62b0-a90a-000000000700",RuleName: DLL,Image: C:\Program Files\Common Files\Microsoft Shared\ClickToRun\Updates\16.0.15225.20288\OfficeClickToRun.exe,TargetFilename: C:\Program Files (x86)\Microsoft Office\Updates\Download\PackageFiles\8801DF78-4AAE-4735-B3E4-213DE154925A\root\Office16\ADDINS\PowerPivot Excel Add-inv16\Microsoft.AnalysisServices.Common.Wizard.dll,,,,False,C:\Users\byte store\Desktop\Incident Files Tempest\sysmon.evtx,Classic,0,"{""EventData"":{""Data"":[{""@Name"":""RuleName"",""#text"":""DLL""},{""@Name"":""UtcTime"",""#text"":""2022-06-20 17:20:16.041""},{""@Name"":""ProcessGuid"",""#text"":""4bbef3ae-abac-62b0-a90a-000000000700""},{""@Name"":""ProcessId"",""#text"":""1316""},{""@Name"":""Image"",""#text"":""C:\\Program Files\\Common Files\\Microsoft Shared\\ClickToRun\\Updates\\16.0.15225.20288\\OfficeClickToRun.exe""},{""@Name"":""TargetFilename"",""#text"":""C:\\Program Files (x86)\\Microsoft Office\\Updates\\Download\\PackageFiles\\8801DF78-4AAE-4735-B3E4-213DE154925A\\root\\Office16\\ADDINS\\PowerPivot Excel Add-inv16\\Microsoft.AnalysisServices.Common.Wizard.dll""},{""@Name"":""CreationUtcTime"",""#text"":""2022-06-20 17:20:16.041""},{""@Name"":""User"",""#text"":""NT AUTHORITY\\SYSTEM""}]}}"
1009,8514,2022-06-20 17:20:16.0560920,11,Info,Microsoft-Windows-Sysmon,Microsoft-Windows-Sysmon/Operational,2800,6224,TEMPEST,16,S-1-5-18,FileCreate,NT AUTHORITY\SYSTEM,,"ProcessID: 1316, ProcessGUID: 4bbef3ae-abac-62b0-a90a-000000000700",RuleName: DLL,Image: C:\Program Files\Common Files\Microsoft Shared\ClickToRun\Updates\16.0.15225.20288\OfficeClickToRun.exe,TargetFilename: C:\Program Files (x86)\Microsoft Office\Updates\Download\PackageFiles\8801DF78-4AAE-4735-B3E4-213DE154925A\root\Office16\ADDINS\PowerPivot Excel Add-inv16\Microsoft.AnalysisServices.Common.dll,,,,False,C:\Users\byte store\Desktop\Incident Files Tempest\sysmon.evtx,Classic,0,"{""EventData"":{""Data"":[{""@Name"":""RuleName"",""#text"":""DLL""},{""@Name"":""UtcTime"",""#text"":""2022-06-20 17:20:16.041""},{""@Name"":""ProcessGuid"",""#text"":""4bbef3ae-abac-62b0-a90a-000000000700""},{""@Name"":""ProcessId"",""#text"":""1316""},{""@Name"":""Image"",""#text"":""C:\\Program Files\\Common Files\\Microsoft Shared\\ClickToRun\\Updates\\16.0.15225.20288\\OfficeClickToRun.exe""},{""@Name"":""TargetFilename"",""#text"":""C:\\Program Files (x86)\\Microsoft Office\\Updates\\Download\\PackageFiles\\8801DF78-4AAE-4735-B3E4-213DE154925A\\root\\Office16\\ADDINS\\PowerPivot Excel Add-inv16\\Microsoft.AnalysisServices.Common.dll""},{""@Name"":""CreationUtcTime"",""#text"":""2022-06-20 17:20:16.041""},{""@Name"":""User"",""#text"":""NT AUTHORITY\\SYSTEM""}]}}"
1010,8515,2022-06-20 17:20:16.0627752,11,Info,Microsoft-Windows-Sysmon,Microsoft-Windows-Sysmon/Operational,2800,6224,TEMPEST,16,S-1-5-18,FileCreate,NT AUTHORITY\SYSTEM,,"ProcessID: 1316, ProcessGUID: 4bbef3ae-abac-62b0-a90a-000000000700",RuleName: DLL,Image: C:\Program Files\Common Files\Microsoft Shared\ClickToRun\Updates\16.0.15225.20288\OfficeClickToRun.exe,TargetFilename: C:\Program Files (x86)\Microsoft Office\Updates\Download\PackageFiles\8801DF78-4AAE-4735-B3E4-213DE154925A\root\Office16\ADDINS\PowerPivot Excel Add-inv16\Microsoft.AnalysisServices.Excel.BackEnd.XmlSerializers.dll,,,,False,C:\Users\byte store\Desktop\Incident Files Tempest\sysmon.evtx,Classic,0,"{""EventData"":{""Data"":[{""@Name"":""RuleName"",""#text"":""DLL""},{""@Name"":""UtcTime"",""#text"":""2022-06-20 17:20:16.057""},{""@Name"":""ProcessGuid"",""#text"":""4bbef3ae-abac-62b0-a90a-000000000700""},{""@Name"":""ProcessId"",""#text"":""1316""},{""@Name"":""Image"",""#text"":""C:\\Program Files\\Common Files\\Microsoft Shared\\ClickToRun\\Updates\\16.0.15225.20288\\OfficeClickToRun.exe""},{""@Name"":""TargetFilename"",""#text"":""C:\\Program Files (x86)\\Microsoft Office\\Updates\\Download\\PackageFiles\\8801DF78-4AAE-4735-B3E4-213DE154925A\\root\\Office16\\ADDINS\\PowerPivot Excel Add-inv16\\Microsoft.AnalysisServices.Excel.BackEnd.XmlSerializers.dll""},{""@Name"":""CreationUtcTime"",""#text"":""2022-06-20 17:20:16.057""},{""@Name"":""User"",""#text"":""NT AUTHORITY\\SYSTEM""}]}}"
1011,8516,2022-06-20 17:20:16.0657679,11,Info,Microsoft-Windows-Sysmon,Microsoft-Windows-Sysmon/Operational,2800,6224,TEMPEST,16,S-1-5-18,FileCreate,NT AUTHORITY\SYSTEM,,"ProcessID: 1316, ProcessGUID: 4bbef3ae-abac-62b0-a90a-000000000700",RuleName: DLL,Image: C:\Program Files\Common Files\Microsoft Shared\ClickToRun\Updates\16.0.15225.20288\OfficeClickToRun.exe,TargetFilename: C:\Program Files (x86)\Microsoft Office\Updates\Download\PackageFiles\8801DF78-4AAE-4735-B3E4-213DE154925A\root\Office16\ADDINS\PowerPivot Excel Add-inv16\Microsoft.AnalysisServices.Excel.BackEnd.dll,,,,False,C:\Users\byte store\Desktop\Incident Files Tempest\sysmon.evtx,Classic,0,"{""EventData"":{""Data"":[{""@Name"":""RuleName"",""#text"":""DLL""},{""@Name"":""UtcTime"",""#text"":""2022-06-20 17:20:16.057""},{""@Name"":""ProcessGuid"",""#text"":""4bbef3ae-abac-62b0-a90a-000000000700""},{""@Name"":""ProcessId"",""#text"":""1316""},{""@Name"":""Image"",""#text"":""C:\\Program Files\\Common Files\\Microsoft Shared\\ClickToRun\\Updates\\16.0.15225.20288\\OfficeClickToRun.exe""},{""@Name"":""TargetFilename"",""#text"":""C:\\Program Files (x86)\\Microsoft Office\\Updates\\Download\\PackageFiles\\8801DF78-4AAE-4735-B3E4-213DE154925A\\root\\Office16\\ADDINS\\PowerPivot Excel Add-inv16\\Microsoft.AnalysisServices.Excel.BackEnd.dll""},{""@Name"":""CreationUtcTime"",""#text"":""2022-06-20 17:20:16.057""},{""@Name"":""User"",""#text"":""NT AUTHORITY\\SYSTEM""}]}}"
1012,8517,2022-06-20 17:20:16.0758459,11,Info,Microsoft-Windows-Sysmon,Microsoft-Windows-Sysmon/Operational,2800,6224,TEMPEST,16,S-1-5-18,FileCreate,NT AUTHORITY\SYSTEM,,"ProcessID: 1316, ProcessGUID: 4bbef3ae-abac-62b0-a90a-000000000700",RuleName: DLL,Image: C:\Program Files\Common Files\Microsoft Shared\ClickToRun\Updates\16.0.15225.20288\OfficeClickToRun.exe,TargetFilename: C:\Program Files (x86)\Microsoft Office\Updates\Download\PackageFiles\8801DF78-4AAE-4735-B3E4-213DE154925A\root\Office16\ADDINS\PowerPivot Excel Add-inv16\Microsoft.AnalysisServices.Excel.Common.FrontEnd.XmlSerializers.dll,,,,False,C:\Users\byte store\Desktop\Incident Files Tempest\sysmon.evtx,Classic,0,"{""EventData"":{""Data"":[{""@Name"":""RuleName"",""#text"":""DLL""},{""@Name"":""UtcTime"",""#text"":""2022-06-20 17:20:16.073""},{""@Name"":""ProcessGuid"",""#text"":""4bbef3ae-abac-62b0-a90a-000000000700""},{""@Name"":""ProcessId"",""#text"":""1316""},{""@Name"":""Image"",""#text"":""C:\\Program Files\\Common Files\\Microsoft Shared\\ClickToRun\\Updates\\16.0.15225.20288\\OfficeClickToRun.exe""},{""@Name"":""TargetFilename"",""#text"":""C:\\Program Files (x86)\\Microsoft Office\\Updates\\Download\\PackageFiles\\8801DF78-4AAE-4735-B3E4-213DE154925A\\root\\Office16\\ADDINS\\PowerPivot Excel Add-inv16\\Microsoft.AnalysisServices.Excel.Common.FrontEnd.XmlSerializers.dll""},{""@Name"":""CreationUtcTime"",""#text"":""2022-06-20 17:20:16.073""},{""@Name"":""User"",""#text"":""NT AUTHORITY\\SYSTEM""}]}}"
1013,8518,2022-06-20 17:20:16.0784541,11,Info,Microsoft-Windows-Sysmon,Microsoft-Windows-Sysmon/Operational,2800,6224,TEMPEST,16,S-1-5-18,FileCreate,NT AUTHORITY\SYSTEM,,"ProcessID: 1316, ProcessGUID: 4bbef3ae-abac-62b0-a90a-000000000700",RuleName: DLL,Image: C:\Program Files\Common Files\Microsoft Shared\ClickToRun\Updates\16.0.15225.20288\OfficeClickToRun.exe,TargetFilename: C:\Program Files (x86)\Microsoft Office\Updates\Download\PackageFiles\8801DF78-4AAE-4735-B3E4-213DE154925A\root\Office16\ADDINS\PowerPivot Excel Add-inv16\Microsoft.AnalysisServices.Excel.Common.FrontEnd.dll,,,,False,C:\Users\byte store\Desktop\Incident Files Tempest\sysmon.evtx,Classic,0,"{""EventData"":{""Data"":[{""@Name"":""RuleName"",""#text"":""DLL""},{""@Name"":""UtcTime"",""#text"":""2022-06-20 17:20:16.073""},{""@Name"":""ProcessGuid"",""#text"":""4bbef3ae-abac-62b0-a90a-000000000700""},{""@Name"":""ProcessId"",""#text"":""1316""},{""@Name"":""Image"",""#text"":""C:\\Program Files\\Common Files\\Microsoft Shared\\ClickToRun\\Updates\\16.0.15225.20288\\OfficeClickToRun.exe""},{""@Name"":""TargetFilename"",""#text"":""C:\\Program Files (x86)\\Microsoft Office\\Updates\\Download\\PackageFiles\\8801DF78-4AAE-4735-B3E4-213DE154925A\\root\\Office16\\ADDINS\\PowerPivot Excel Add-inv16\\Microsoft.AnalysisServices.Excel.Common.FrontEnd.dll""},{""@Name"":""CreationUtcTime"",""#text"":""2022-06-20 17:20:16.073""},{""@Name"":""User"",""#text"":""NT AUTHORITY\\SYSTEM""}]}}"
1014,8519,2022-06-20 17:20:16.1115315,11,Info,Microsoft-Windows-Sysmon,Microsoft-Windows-Sysmon/Operational,2800,6224,TEMPEST,16,S-1-5-18,FileCreate,NT AUTHORITY\SYSTEM,,"ProcessID: 1316, ProcessGUID: 4bbef3ae-abac-62b0-a90a-000000000700",RuleName: DLL,Image: C:\Program Files\Common Files\Microsoft Shared\ClickToRun\Updates\16.0.15225.20288\OfficeClickToRun.exe,TargetFilename: C:\Program Files (x86)\Microsoft Office\Updates\Download\PackageFiles\8801DF78-4AAE-4735-B3E4-213DE154925A\root\Office16\ADDINS\PowerPivot Excel Add-inv16\Microsoft.AnalysisServices.Layout.dll,,,,False,C:\Users\byte store\Desktop\Incident Files Tempest\sysmon.evtx,Classic,0,"{""EventData"":{""Data"":[{""@Name"":""RuleName"",""#text"":""DLL""},{""@Name"":""UtcTime"",""#text"":""2022-06-20 17:20:16.104""},{""@Name"":""ProcessGuid"",""#text"":""4bbef3ae-abac-62b0-a90a-000000000700""},{""@Name"":""ProcessId"",""#text"":""1316""},{""@Name"":""Image"",""#text"":""C:\\Program Files\\Common Files\\Microsoft Shared\\ClickToRun\\Updates\\16.0.15225.20288\\OfficeClickToRun.exe""},{""@Name"":""TargetFilename"",""#text"":""C:\\Program Files (x86)\\Microsoft Office\\Updates\\Download\\PackageFiles\\8801DF78-4AAE-4735-B3E4-213DE154925A\\root\\Office16\\ADDINS\\PowerPivot Excel Add-inv16\\Microsoft.AnalysisServices.Layout.dll""},{""@Name"":""CreationUtcTime"",""#text"":""2022-06-20 17:20:16.104""},{""@Name"":""User"",""#text"":""NT AUTHORITY\\SYSTEM""}]}}"
1015,8520,2022-06-20 17:20:16.1389030,11,Info,Microsoft-Windows-Sysmon,Microsoft-Windows-Sysmon/Operational,2800,6224,TEMPEST,16,S-1-5-18,FileCreate,NT AUTHORITY\SYSTEM,,"ProcessID: 1316, ProcessGUID: 4bbef3ae-abac-62b0-a90a-000000000700",RuleName: DLL,Image: C:\Program Files\Common Files\Microsoft Shared\ClickToRun\Updates\16.0.15225.20288\OfficeClickToRun.exe,TargetFilename: C:\Program Files (x86)\Microsoft Office\Updates\Download\PackageFiles\8801DF78-4AAE-4735-B3E4-213DE154925A\root\Office16\ADDINS\PowerPivot Excel Add-inv16\Microsoft.AnalysisServices.SPClient.Interfaces.DLL,,,,False,C:\Users\byte store\Desktop\Incident Files Tempest\sysmon.evtx,Classic,0,"{""EventData"":{""Data"":[{""@Name"":""RuleName"",""#text"":""DLL""},{""@Name"":""UtcTime"",""#text"":""2022-06-20 17:20:16.135""},{""@Name"":""ProcessGuid"",""#text"":""4bbef3ae-abac-62b0-a90a-000000000700""},{""@Name"":""ProcessId"",""#text"":""1316""},{""@Name"":""Image"",""#text"":""C:\\Program Files\\Common Files\\Microsoft Shared\\ClickToRun\\Updates\\16.0.15225.20288\\OfficeClickToRun.exe""},{""@Name"":""TargetFilename"",""#text"":""C:\\Program Files (x86)\\Microsoft Office\\Updates\\Download\\PackageFiles\\8801DF78-4AAE-4735-B3E4-213DE154925A\\root\\Office16\\ADDINS\\PowerPivot Excel Add-inv16\\Microsoft.AnalysisServices.SPClient.Interfaces.DLL""},{""@Name"":""CreationUtcTime"",""#text"":""2022-06-20 17:20:16.135""},{""@Name"":""User"",""#text"":""NT AUTHORITY\\SYSTEM""}]}}"
1016,8521,2022-06-20 17:20:16.1422229,11,Info,Microsoft-Windows-Sysmon,Microsoft-Windows-Sysmon/Operational,2800,6224,TEMPEST,16,S-1-5-18,FileCreate,NT AUTHORITY\SYSTEM,,"ProcessID: 1316, ProcessGUID: 4bbef3ae-abac-62b0-a90a-000000000700",RuleName: DLL,Image: C:\Program Files\Common Files\Microsoft Shared\ClickToRun\Updates\16.0.15225.20288\OfficeClickToRun.exe,TargetFilename: C:\Program Files (x86)\Microsoft Office\Updates\Download\PackageFiles\8801DF78-4AAE-4735-B3E4-213DE154925A\root\Office16\ADDINS\PowerPivot Excel Add-inv16\Microsoft.AnalysisServices.XLHost.Modeler.dll,,,,False,C:\Users\byte store\Desktop\Incident Files Tempest\sysmon.evtx,Classic,0,"{""EventData"":{""Data"":[{""@Name"":""RuleName"",""#text"":""DLL""},{""@Name"":""UtcTime"",""#text"":""2022-06-20 17:20:16.135""},{""@Name"":""ProcessGuid"",""#text"":""4bbef3ae-abac-62b0-a90a-000000000700""},{""@Name"":""ProcessId"",""#text"":""1316""},{""@Name"":""Image"",""#text"":""C:\\Program Files\\Common Files\\Microsoft Shared\\ClickToRun\\Updates\\16.0.15225.20288\\OfficeClickToRun.exe""},{""@Name"":""TargetFilename"",""#text"":""C:\\Program Files (x86)\\Microsoft Office\\Updates\\Download\\PackageFiles\\8801DF78-4AAE-4735-B3E4-213DE154925A\\root\\Office16\\ADDINS\\PowerPivot Excel Add-inv16\\Microsoft.AnalysisServices.XLHost.Modeler.dll""},{""@Name"":""CreationUtcTime"",""#text"":""2022-06-20 17:20:16.135""},{""@Name"":""User"",""#text"":""NT AUTHORITY\\SYSTEM""}]}}"
1017,8522,2022-06-20 17:20:16.1475377,11,Info,Microsoft-Windows-Sysmon,Microsoft-Windows-Sysmon/Operational,2800,6224,TEMPEST,17,S-1-5-18,FileCreate,NT AUTHORITY\SYSTEM,,"ProcessID: 1316, ProcessGUID: 4bbef3ae-abac-62b0-a90a-000000000700",RuleName: DLL,Image: C:\Program Files\Common Files\Microsoft Shared\ClickToRun\Updates\16.0.15225.20288\OfficeClickToRun.exe,TargetFilename: C:\Program Files (x86)\Microsoft Office\Updates\Download\PackageFiles\8801DF78-4AAE-4735-B3E4-213DE154925A\root\Office16\ADDINS\PowerPivot Excel Add-inv16\Microsoft.Data.ConnectionUI.Dialog.dll,,,,False,C:\Users\byte store\Desktop\Incident Files Tempest\sysmon.evtx,Classic,0,"{""EventData"":{""Data"":[{""@Name"":""RuleName"",""#text"":""DLL""},{""@Name"":""UtcTime"",""#text"":""2022-06-20 17:20:16.135""},{""@Name"":""ProcessGuid"",""#text"":""4bbef3ae-abac-62b0-a90a-000000000700""},{""@Name"":""ProcessId"",""#text"":""1316""},{""@Name"":""Image"",""#text"":""C:\\Program Files\\Common Files\\Microsoft Shared\\ClickToRun\\Updates\\16.0.15225.20288\\OfficeClickToRun.exe""},{""@Name"":""TargetFilename"",""#text"":""C:\\Program Files (x86)\\Microsoft Office\\Updates\\Download\\PackageFiles\\8801DF78-4AAE-4735-B3E4-213DE154925A\\root\\Office16\\ADDINS\\PowerPivot Excel Add-inv16\\Microsoft.Data.ConnectionUI.Dialog.dll""},{""@Name"":""CreationUtcTime"",""#text"":""2022-06-20 17:20:16.135""},{""@Name"":""User"",""#text"":""NT AUTHORITY\\SYSTEM""}]}}"
1018,8523,2022-06-20 17:20:16.1502733,11,Info,Microsoft-Windows-Sysmon,Microsoft-Windows-Sysmon/Operational,2800,6224,TEMPEST,17,S-1-5-18,FileCreate,NT AUTHORITY\SYSTEM,,"ProcessID: 1316, ProcessGUID: 4bbef3ae-abac-62b0-a90a-000000000700",RuleName: DLL,Image: C:\Program Files\Common Files\Microsoft Shared\ClickToRun\Updates\16.0.15225.20288\OfficeClickToRun.exe,TargetFilename: C:\Program Files (x86)\Microsoft Office\Updates\Download\PackageFiles\8801DF78-4AAE-4735-B3E4-213DE154925A\root\Office16\ADDINS\PowerPivot Excel Add-inv16\Microsoft.Data.ConnectionUI.dll,,,,False,C:\Users\byte store\Desktop\Incident Files Tempest\sysmon.evtx,Classic,0,"{""EventData"":{""Data"":[{""@Name"":""RuleName"",""#text"":""DLL""},{""@Name"":""UtcTime"",""#text"":""2022-06-20 17:20:16.135""},{""@Name"":""ProcessGuid"",""#text"":""4bbef3ae-abac-62b0-a90a-000000000700""},{""@Name"":""ProcessId"",""#text"":""1316""},{""@Name"":""Image"",""#text"":""C:\\Program Files\\Common Files\\Microsoft Shared\\ClickToRun\\Updates\\16.0.15225.20288\\OfficeClickToRun.exe""},{""@Name"":""TargetFilename"",""#text"":""C:\\Program Files (x86)\\Microsoft Office\\Updates\\Download\\PackageFiles\\8801DF78-4AAE-4735-B3E4-213DE154925A\\root\\Office16\\ADDINS\\PowerPivot Excel Add-inv16\\Microsoft.Data.ConnectionUI.dll""},{""@Name"":""CreationUtcTime"",""#text"":""2022-06-20 17:20:16.135""},{""@Name"":""User"",""#text"":""NT AUTHORITY\\SYSTEM""}]}}"
1019,8524,2022-06-20 17:20:16.1522604,11,Info,Microsoft-Windows-Sysmon,Microsoft-Windows-Sysmon/Operational,2800,6224,TEMPEST,17,S-1-5-18,FileCreate,NT AUTHORITY\SYSTEM,,"ProcessID: 1316, ProcessGUID: 4bbef3ae-abac-62b0-a90a-000000000700",RuleName: DLL,Image: C:\Program Files\Common Files\Microsoft Shared\ClickToRun\Updates\16.0.15225.20288\OfficeClickToRun.exe,TargetFilename: C:\Program Files (x86)\Microsoft Office\Updates\Download\PackageFiles\8801DF78-4AAE-4735-B3E4-213DE154925A\root\Office16\ADDINS\PowerPivot Excel Add-inv16\Microsoft.Data.Recommendation.Client.Core.dll,,,,False,C:\Users\byte store\Desktop\Incident Files Tempest\sysmon.evtx,Classic,0,"{""EventData"":{""Data"":[{""@Name"":""RuleName"",""#text"":""DLL""},{""@Name"":""UtcTime"",""#text"":""2022-06-20 17:20:16.151""},{""@Name"":""ProcessGuid"",""#text"":""4bbef3ae-abac-62b0-a90a-000000000700""},{""@Name"":""ProcessId"",""#text"":""1316""},{""@Name"":""Image"",""#text"":""C:\\Program Files\\Common Files\\Microsoft Shared\\ClickToRun\\Updates\\16.0.15225.20288\\OfficeClickToRun.exe""},{""@Name"":""TargetFilename"",""#text"":""C:\\Program Files (x86)\\Microsoft Office\\Updates\\Download\\PackageFiles\\8801DF78-4AAE-4735-B3E4-213DE154925A\\root\\Office16\\ADDINS\\PowerPivot Excel Add-inv16\\Microsoft.Data.Recommendation.Client.Core.dll""},{""@Name"":""CreationUtcTime"",""#text"":""2022-06-20 17:20:16.151""},{""@Name"":""User"",""#text"":""NT AUTHORITY\\SYSTEM""}]}}"
1020,8525,2022-06-20 17:20:16.1673448,11,Info,Microsoft-Windows-Sysmon,Microsoft-Windows-Sysmon/Operational,2800,6224,TEMPEST,17,S-1-5-18,FileCreate,NT AUTHORITY\SYSTEM,,"ProcessID: 1316, ProcessGUID: 4bbef3ae-abac-62b0-a90a-000000000700",RuleName: DLL,Image: C:\Program Files\Common Files\Microsoft Shared\ClickToRun\Updates\16.0.15225.20288\OfficeClickToRun.exe,TargetFilename: C:\Program Files (x86)\Microsoft Office\Updates\Download\PackageFiles\8801DF78-4AAE-4735-B3E4-213DE154925A\root\Office16\ADDINS\PowerPivot Excel Add-inv16\Microsoft.Data.Recommendation.Client.Picasso.Sampler.dll,,,,False,C:\Users\byte store\Desktop\Incident Files Tempest\sysmon.evtx,Classic,0,"{""EventData"":{""Data"":[{""@Name"":""RuleName"",""#text"":""DLL""},{""@Name"":""UtcTime"",""#text"":""2022-06-20 17:20:16.166""},{""@Name"":""ProcessGuid"",""#text"":""4bbef3ae-abac-62b0-a90a-000000000700""},{""@Name"":""ProcessId"",""#text"":""1316""},{""@Name"":""Image"",""#text"":""C:\\Program Files\\Common Files\\Microsoft Shared\\ClickToRun\\Updates\\16.0.15225.20288\\OfficeClickToRun.exe""},{""@Name"":""TargetFilename"",""#text"":""C:\\Program Files (x86)\\Microsoft Office\\Updates\\Download\\PackageFiles\\8801DF78-4AAE-4735-B3E4-213DE154925A\\root\\Office16\\ADDINS\\PowerPivot Excel Add-inv16\\Microsoft.Data.Recommendation.Client.Picasso.Sampler.dll""},{""@Name"":""CreationUtcTime"",""#text"":""2022-06-20 17:20:16.151""},{""@Name"":""User"",""#text"":""NT AUTHORITY\\SYSTEM""}]}}"
1021,8526,2022-06-20 17:20:16.1711615,11,Info,Microsoft-Windows-Sysmon,Microsoft-Windows-Sysmon/Operational,2800,6224,TEMPEST,17,S-1-5-18,FileCreate,NT AUTHORITY\SYSTEM,,"ProcessID: 1316, ProcessGUID: 4bbef3ae-abac-62b0-a90a-000000000700",RuleName: DLL,Image: C:\Program Files\Common Files\Microsoft Shared\ClickToRun\Updates\16.0.15225.20288\OfficeClickToRun.exe,TargetFilename: C:\Program Files (x86)\Microsoft Office\Updates\Download\PackageFiles\8801DF78-4AAE-4735-B3E4-213DE154925A\root\Office16\ADDINS\PowerPivot Excel Add-inv16\Microsoft.Data.Recommendation.Client.Picasso.dll,,,,False,C:\Users\byte store\Desktop\Incident Files Tempest\sysmon.evtx,Classic,0,"{""EventData"":{""Data"":[{""@Name"":""RuleName"",""#text"":""DLL""},{""@Name"":""UtcTime"",""#text"":""2022-06-20 17:20:16.166""},{""@Name"":""ProcessGuid"",""#text"":""4bbef3ae-abac-62b0-a90a-000000000700""},{""@Name"":""ProcessId"",""#text"":""1316""},{""@Name"":""Image"",""#text"":""C:\\Program Files\\Common Files\\Microsoft Shared\\ClickToRun\\Updates\\16.0.15225.20288\\OfficeClickToRun.exe""},{""@Name"":""TargetFilename"",""#text"":""C:\\Program Files (x86)\\Microsoft Office\\Updates\\Download\\PackageFiles\\8801DF78-4AAE-4735-B3E4-213DE154925A\\root\\Office16\\ADDINS\\PowerPivot Excel Add-inv16\\Microsoft.Data.Recommendation.Client.Picasso.dll""},{""@Name"":""CreationUtcTime"",""#text"":""2022-06-20 17:20:16.166""},{""@Name"":""User"",""#text"":""NT AUTHORITY\\SYSTEM""}]}}"
1022,8527,2022-06-20 17:20:16.1755017,11,Info,Microsoft-Windows-Sysmon,Microsoft-Windows-Sysmon/Operational,2800,6224,TEMPEST,17,S-1-5-18,FileCreate,NT AUTHORITY\SYSTEM,,"ProcessID: 1316, ProcessGUID: 4bbef3ae-abac-62b0-a90a-000000000700",RuleName: DLL,Image: C:\Program Files\Common Files\Microsoft Shared\ClickToRun\Updates\16.0.15225.20288\OfficeClickToRun.exe,TargetFilename: C:\Program Files (x86)\Microsoft Office\Updates\Download\PackageFiles\8801DF78-4AAE-4735-B3E4-213DE154925A\root\Office16\ADDINS\PowerPivot Excel Add-inv16\Microsoft.Data.Recommendation.Common.dll,,,,False,C:\Users\byte store\Desktop\Incident Files Tempest\sysmon.evtx,Classic,0,"{""EventData"":{""Data"":[{""@Name"":""RuleName"",""#text"":""DLL""},{""@Name"":""UtcTime"",""#text"":""2022-06-20 17:20:16.166""},{""@Name"":""ProcessGuid"",""#text"":""4bbef3ae-abac-62b0-a90a-000000000700""},{""@Name"":""ProcessId"",""#text"":""1316""},{""@Name"":""Image"",""#text"":""C:\\Program Files\\Common Files\\Microsoft Shared\\ClickToRun\\Updates\\16.0.15225.20288\\OfficeClickToRun.exe""},{""@Name"":""TargetFilename"",""#text"":""C:\\Program Files (x86)\\Microsoft Office\\Updates\\Download\\PackageFiles\\8801DF78-4AAE-4735-B3E4-213DE154925A\\root\\Office16\\ADDINS\\PowerPivot Excel Add-inv16\\Microsoft.Data.Recommendation.Common.dll""},{""@Name"":""CreationUtcTime"",""#text"":""2022-06-20 17:20:16.166""},{""@Name"":""User"",""#text"":""NT AUTHORITY\\SYSTEM""}]}}"
1023,8528,2022-06-20 17:20:16.1798456,11,Info,Microsoft-Windows-Sysmon,Microsoft-Windows-Sysmon/Operational,2800,6224,TEMPEST,17,S-1-5-18,FileCreate,NT AUTHORITY\SYSTEM,,"ProcessID: 1316, ProcessGUID: 4bbef3ae-abac-62b0-a90a-000000000700",RuleName: DLL,Image: C:\Program Files\Common Files\Microsoft Shared\ClickToRun\Updates\16.0.15225.20288\OfficeClickToRun.exe,TargetFilename: C:\Program Files (x86)\Microsoft Office\Updates\Download\PackageFiles\8801DF78-4AAE-4735-B3E4-213DE154925A\root\Office16\ADDINS\PowerPivot Excel Add-inv16\Microsoft.DataWarehouse.DLL,,,,False,C:\Users\byte store\Desktop\Incident Files Tempest\sysmon.evtx,Classic,0,"{""EventData"":{""Data"":[{""@Name"":""RuleName"",""#text"":""DLL""},{""@Name"":""UtcTime"",""#text"":""2022-06-20 17:20:16.166""},{""@Name"":""ProcessGuid"",""#text"":""4bbef3ae-abac-62b0-a90a-000000000700""},{""@Name"":""ProcessId"",""#text"":""1316""},{""@Name"":""Image"",""#text"":""C:\\Program Files\\Common Files\\Microsoft Shared\\ClickToRun\\Updates\\16.0.15225.20288\\OfficeClickToRun.exe""},{""@Name"":""TargetFilename"",""#text"":""C:\\Program Files (x86)\\Microsoft Office\\Updates\\Download\\PackageFiles\\8801DF78-4AAE-4735-B3E4-213DE154925A\\root\\Office16\\ADDINS\\PowerPivot Excel Add-inv16\\Microsoft.DataWarehouse.DLL""},{""@Name"":""CreationUtcTime"",""#text"":""2022-06-20 17:20:16.166""},{""@Name"":""User"",""#text"":""NT AUTHORITY\\SYSTEM""}]}}"
1024,8529,2022-06-20 17:20:16.1901506,11,Info,Microsoft-Windows-Sysmon,Microsoft-Windows-Sysmon/Operational,2800,6224,TEMPEST,17,S-1-5-18,FileCreate,NT AUTHORITY\SYSTEM,,"ProcessID: 1316, ProcessGUID: 4bbef3ae-abac-62b0-a90a-000000000700",RuleName: DLL,Image: C:\Program Files\Common Files\Microsoft Shared\ClickToRun\Updates\16.0.15225.20288\OfficeClickToRun.exe,TargetFilename: C:\Program Files (x86)\Microsoft Office\Updates\Download\PackageFiles\8801DF78-4AAE-4735-B3E4-213DE154925A\root\Office16\ADDINS\PowerPivot Excel Add-inv16\Microsoft.DataWarehouse.Interfaces.DLL,,,,False,C:\Users\byte store\Desktop\Incident Files Tempest\sysmon.evtx,Classic,0,"{""EventData"":{""Data"":[{""@Name"":""RuleName"",""#text"":""DLL""},{""@Name"":""UtcTime"",""#text"":""2022-06-20 17:20:16.182""},{""@Name"":""ProcessGuid"",""#text"":""4bbef3ae-abac-62b0-a90a-000000000700""},{""@Name"":""ProcessId"",""#text"":""1316""},{""@Name"":""Image"",""#text"":""C:\\Program Files\\Common Files\\Microsoft Shared\\ClickToRun\\Updates\\16.0.15225.20288\\OfficeClickToRun.exe""},{""@Name"":""TargetFilename"",""#text"":""C:\\Program Files (x86)\\Microsoft Office\\Updates\\Download\\PackageFiles\\8801DF78-4AAE-4735-B3E4-213DE154925A\\root\\Office16\\ADDINS\\PowerPivot Excel Add-inv16\\Microsoft.DataWarehouse.Interfaces.DLL""},{""@Name"":""CreationUtcTime"",""#text"":""2022-06-20 17:20:16.182""},{""@Name"":""User"",""#text"":""NT AUTHORITY\\SYSTEM""}]}}"
