1311,8816,2022-06-20 17:21:14.4869035,13,Info,Microsoft-Windows-Sysmon,Microsoft-Windows-Sysmon/Operational,2800,6224,TEMPEST,21,S-1-5-18,RegistryEvent (Value Set),NT AUTHORITY\SYSTEM,,"ProcessID: 3848, ProcessGUID: 4bbef3ae-ac73-62b0-ba0a-000000000700",RuleName: T1122,Image: C:\Program Files\Common Files\Microsoft Shared\ClickToRun\OfficeClickToRun.exe,EventType: SetValue,TargetObject: HKCR\WOW6432Node\CLSID\{5512D11E-5CC6-11CF-8D67-00AA00BDCE1D}\InprocServer32\(Default),Details: C:\Program Files (x86)\Microsoft Office\Root\VFS\SystemX86\FM20.DLL,,False,C:\Users\byte store\Desktop\Incident Files Tempest\sysmon.evtx,Classic,0,"{""EventData"":{""Data"":[{""@Name"":""RuleName"",""#text"":""T1122""},{""@Name"":""EventType"",""#text"":""SetValue""},{""@Name"":""UtcTime"",""#text"":""2022-06-20 17:21:14.482""},{""@Name"":""ProcessGuid"",""#text"":""4bbef3ae-ac73-62b0-ba0a-000000000700""},{""@Name"":""ProcessId"",""#text"":""3848""},{""@Name"":""Image"",""#text"":""C:\\Program Files\\Common Files\\Microsoft Shared\\ClickToRun\\OfficeClickToRun.exe""},{""@Name"":""TargetObject"",""#text"":""HKCR\\WOW6432Node\\CLSID\\{5512D11E-5CC6-11CF-8D67-00AA00BDCE1D}\\InprocServer32\\(Default)""},{""@Name"":""Details"",""#text"":""C:\\Program Files (x86)\\Microsoft Office\\Root\\VFS\\SystemX86\\FM20.DLL""},{""@Name"":""User"",""#text"":""NT AUTHORITY\\SYSTEM""}]}}"
1312,8817,2022-06-20 17:21:14.4892223,13,Info,Microsoft-Windows-Sysmon,Microsoft-Windows-Sysmon/Operational,2800,6224,TEMPEST,21,S-1-5-18,RegistryEvent (Value Set),NT AUTHORITY\SYSTEM,,"ProcessID: 3848, ProcessGUID: 4bbef3ae-ac73-62b0-ba0a-000000000700",RuleName: T1122,Image: C:\Program Files\Common Files\Microsoft Shared\ClickToRun\OfficeClickToRun.exe,EventType: SetValue,TargetObject: HKCR\WOW6432Node\CLSID\{5512D122-5CC6-11CF-8D67-00AA00BDCE1D}\InprocServer32\(Default),Details: C:\Program Files (x86)\Microsoft Office\Root\VFS\SystemX86\FM20.DLL,,False,C:\Users\byte store\Desktop\Incident Files Tempest\sysmon.evtx,Classic,0,"{""EventData"":{""Data"":[{""@Name"":""RuleName"",""#text"":""T1122""},{""@Name"":""EventType"",""#text"":""SetValue""},{""@Name"":""UtcTime"",""#text"":""2022-06-20 17:21:14.482""},{""@Name"":""ProcessGuid"",""#text"":""4bbef3ae-ac73-62b0-ba0a-000000000700""},{""@Name"":""ProcessId"",""#text"":""3848""},{""@Name"":""Image"",""#text"":""C:\\Program Files\\Common Files\\Microsoft Shared\\ClickToRun\\OfficeClickToRun.exe""},{""@Name"":""TargetObject"",""#text"":""HKCR\\WOW6432Node\\CLSID\\{5512D122-5CC6-11CF-8D67-00AA00BDCE1D}\\InprocServer32\\(Default)""},{""@Name"":""Details"",""#text"":""C:\\Program Files (x86)\\Microsoft Office\\Root\\VFS\\SystemX86\\FM20.DLL""},{""@Name"":""User"",""#text"":""NT AUTHORITY\\SYSTEM""}]}}"
1313,8818,2022-06-20 17:21:14.4911345,13,Info,Microsoft-Windows-Sysmon,Microsoft-Windows-Sysmon/Operational,2800,6224,TEMPEST,21,S-1-5-18,RegistryEvent (Value Set),NT AUTHORITY\SYSTEM,,"ProcessID: 3848, ProcessGUID: 4bbef3ae-ac73-62b0-ba0a-000000000700",RuleName: T1122,Image: C:\Program Files\Common Files\Microsoft Shared\ClickToRun\OfficeClickToRun.exe,EventType: SetValue,TargetObject: HKCR\WOW6432Node\CLSID\{5512D124-5CC6-11CF-8D67-00AA00BDCE1D}\InprocServer32\(Default),Details: C:\Program Files (x86)\Microsoft Office\Root\VFS\SystemX86\FM20.DLL,,False,C:\Users\byte store\Desktop\Incident Files Tempest\sysmon.evtx,Classic,0,"{""EventData"":{""Data"":[{""@Name"":""RuleName"",""#text"":""T1122""},{""@Name"":""EventType"",""#text"":""SetValue""},{""@Name"":""UtcTime"",""#text"":""2022-06-20 17:21:14.482""},{""@Name"":""ProcessGuid"",""#text"":""4bbef3ae-ac73-62b0-ba0a-000000000700""},{""@Name"":""ProcessId"",""#text"":""3848""},{""@Name"":""Image"",""#text"":""C:\\Program Files\\Common Files\\Microsoft Shared\\ClickToRun\\OfficeClickToRun.exe""},{""@Name"":""TargetObject"",""#text"":""HKCR\\WOW6432Node\\CLSID\\{5512D124-5CC6-11CF-8D67-00AA00BDCE1D}\\InprocServer32\\(Default)""},{""@Name"":""Details"",""#text"":""C:\\Program Files (x86)\\Microsoft Office\\Root\\VFS\\SystemX86\\FM20.DLL""},{""@Name"":""User"",""#text"":""NT AUTHORITY\\SYSTEM""}]}}"
1314,8819,2022-06-20 17:21:14.4931051,13,Info,Microsoft-Windows-Sysmon,Microsoft-Windows-Sysmon/Operational,2800,6224,TEMPEST,21,S-1-5-18,RegistryEvent (Value Set),NT AUTHORITY\SYSTEM,,"ProcessID: 3848, ProcessGUID: 4bbef3ae-ac73-62b0-ba0a-000000000700",RuleName: T1122,Image: C:\Program Files\Common Files\Microsoft Shared\ClickToRun\OfficeClickToRun.exe,EventType: SetValue,TargetObject: HKCR\WOW6432Node\CLSID\{5CBA34AE-E344-40CF-B61D-FBA4D0D1FF54}\InprocServer32\(Default),Details: C:\Program Files (x86)\Microsoft Office\Root\VFS\SystemX86\FM20.DLL,,False,C:\Users\byte store\Desktop\Incident Files Tempest\sysmon.evtx,Classic,0,"{""EventData"":{""Data"":[{""@Name"":""RuleName"",""#text"":""T1122""},{""@Name"":""EventType"",""#text"":""SetValue""},{""@Name"":""UtcTime"",""#text"":""2022-06-20 17:21:14.482""},{""@Name"":""ProcessGuid"",""#text"":""4bbef3ae-ac73-62b0-ba0a-000000000700""},{""@Name"":""ProcessId"",""#text"":""3848""},{""@Name"":""Image"",""#text"":""C:\\Program Files\\Common Files\\Microsoft Shared\\ClickToRun\\OfficeClickToRun.exe""},{""@Name"":""TargetObject"",""#text"":""HKCR\\WOW6432Node\\CLSID\\{5CBA34AE-E344-40CF-B61D-FBA4D0D1FF54}\\InprocServer32\\(Default)""},{""@Name"":""Details"",""#text"":""C:\\Program Files (x86)\\Microsoft Office\\Root\\VFS\\SystemX86\\FM20.DLL""},{""@Name"":""User"",""#text"":""NT AUTHORITY\\SYSTEM""}]}}"
1315,8820,2022-06-20 17:21:14.4948645,13,Info,Microsoft-Windows-Sysmon,Microsoft-Windows-Sysmon/Operational,2800,6224,TEMPEST,21,S-1-5-18,RegistryEvent (Value Set),NT AUTHORITY\SYSTEM,,"ProcessID: 3848, ProcessGUID: 4bbef3ae-ac73-62b0-ba0a-000000000700",RuleName: T1122,Image: C:\Program Files\Common Files\Microsoft Shared\ClickToRun\OfficeClickToRun.exe,EventType: SetValue,TargetObject: HKCR\WOW6432Node\CLSID\{5E90CC8B-E402-4350-82D7-996E92010608}\InprocServer32\(Default),Details: C:\Program Files (x86)\Microsoft Office\Root\VFS\SystemX86\FM20.DLL,,False,C:\Users\byte store\Desktop\Incident Files Tempest\sysmon.evtx,Classic,0,"{""EventData"":{""Data"":[{""@Name"":""RuleName"",""#text"":""T1122""},{""@Name"":""EventType"",""#text"":""SetValue""},{""@Name"":""UtcTime"",""#text"":""2022-06-20 17:21:14.482""},{""@Name"":""ProcessGuid"",""#text"":""4bbef3ae-ac73-62b0-ba0a-000000000700""},{""@Name"":""ProcessId"",""#text"":""3848""},{""@Name"":""Image"",""#text"":""C:\\Program Files\\Common Files\\Microsoft Shared\\ClickToRun\\OfficeClickToRun.exe""},{""@Name"":""TargetObject"",""#text"":""HKCR\\WOW6432Node\\CLSID\\{5E90CC8B-E402-4350-82D7-996E92010608}\\InprocServer32\\(Default)""},{""@Name"":""Details"",""#text"":""C:\\Program Files (x86)\\Microsoft Office\\Root\\VFS\\SystemX86\\FM20.DLL""},{""@Name"":""User"",""#text"":""NT AUTHORITY\\SYSTEM""}]}}"
1316,8821,2022-06-20 17:21:14.4966547,13,Info,Microsoft-Windows-Sysmon,Microsoft-Windows-Sysmon/Operational,2800,6224,TEMPEST,21,S-1-5-18,RegistryEvent (Value Set),NT AUTHORITY\SYSTEM,,"ProcessID: 3848, ProcessGUID: 4bbef3ae-ac73-62b0-ba0a-000000000700",RuleName: T1122,Image: C:\Program Files\Common Files\Microsoft Shared\ClickToRun\OfficeClickToRun.exe,EventType: SetValue,TargetObject: HKCR\WOW6432Node\CLSID\{6240EF28-7EAB-4dc7-A5E3-7CFB35EFB34D}\InprocServer32\(Default),Details: C:\Program Files (x86)\Microsoft Office\Root\VFS\SystemX86\FM20.DLL,,False,C:\Users\byte store\Desktop\Incident Files Tempest\sysmon.evtx,Classic,0,"{""EventData"":{""Data"":[{""@Name"":""RuleName"",""#text"":""T1122""},{""@Name"":""EventType"",""#text"":""SetValue""},{""@Name"":""UtcTime"",""#text"":""2022-06-20 17:21:14.482""},{""@Name"":""ProcessGuid"",""#text"":""4bbef3ae-ac73-62b0-ba0a-000000000700""},{""@Name"":""ProcessId"",""#text"":""3848""},{""@Name"":""Image"",""#text"":""C:\\Program Files\\Common Files\\Microsoft Shared\\ClickToRun\\OfficeClickToRun.exe""},{""@Name"":""TargetObject"",""#text"":""HKCR\\WOW6432Node\\CLSID\\{6240EF28-7EAB-4dc7-A5E3-7CFB35EFB34D}\\InprocServer32\\(Default)""},{""@Name"":""Details"",""#text"":""C:\\Program Files (x86)\\Microsoft Office\\Root\\VFS\\SystemX86\\FM20.DLL""},{""@Name"":""User"",""#text"":""NT AUTHORITY\\SYSTEM""}]}}"
1317,8822,2022-06-20 17:21:14.5007971,13,Info,Microsoft-Windows-Sysmon,Microsoft-Windows-Sysmon/Operational,2800,6224,TEMPEST,21,S-1-5-18,RegistryEvent (Value Set),NT AUTHORITY\SYSTEM,,"ProcessID: 3848, ProcessGUID: 4bbef3ae-ac73-62b0-ba0a-000000000700",RuleName: T1122,Image: C:\Program Files\Common Files\Microsoft Shared\ClickToRun\OfficeClickToRun.exe,EventType: SetValue,TargetObject: HKCR\WOW6432Node\CLSID\{6C177EBD-C42D-4728-A04B-4131892EDBF6}\InprocServer32\(Default),Details: C:\Program Files (x86)\Microsoft Office\Root\VFS\SystemX86\FM20.DLL,,False,C:\Users\byte store\Desktop\Incident Files Tempest\sysmon.evtx,Classic,0,"{""EventData"":{""Data"":[{""@Name"":""RuleName"",""#text"":""T1122""},{""@Name"":""EventType"",""#text"":""SetValue""},{""@Name"":""UtcTime"",""#text"":""2022-06-20 17:21:14.497""},{""@Name"":""ProcessGuid"",""#text"":""4bbef3ae-ac73-62b0-ba0a-000000000700""},{""@Name"":""ProcessId"",""#text"":""3848""},{""@Name"":""Image"",""#text"":""C:\\Program Files\\Common Files\\Microsoft Shared\\ClickToRun\\OfficeClickToRun.exe""},{""@Name"":""TargetObject"",""#text"":""HKCR\\WOW6432Node\\CLSID\\{6C177EBD-C42D-4728-A04B-4131892EDBF6}\\InprocServer32\\(Default)""},{""@Name"":""Details"",""#text"":""C:\\Program Files (x86)\\Microsoft Office\\Root\\VFS\\SystemX86\\FM20.DLL""},{""@Name"":""User"",""#text"":""NT AUTHORITY\\SYSTEM""}]}}"
1318,8823,2022-06-20 17:21:14.5028990,13,Info,Microsoft-Windows-Sysmon,Microsoft-Windows-Sysmon/Operational,2800,6224,TEMPEST,21,S-1-5-18,RegistryEvent (Value Set),NT AUTHORITY\SYSTEM,,"ProcessID: 3848, ProcessGUID: 4bbef3ae-ac73-62b0-ba0a-000000000700",RuleName: T1122,Image: C:\Program Files\Common Files\Microsoft Shared\ClickToRun\OfficeClickToRun.exe,EventType: SetValue,TargetObject: HKCR\WOW6432Node\CLSID\{6C1B3099-127A-4BE1-93BC-DD4771EEEF90}\InprocServer32\(Default),Details: C:\Program Files (x86)\Microsoft Office\Root\VFS\SystemX86\FM20.DLL,,False,C:\Users\byte store\Desktop\Incident Files Tempest\sysmon.evtx,Classic,0,"{""EventData"":{""Data"":[{""@Name"":""RuleName"",""#text"":""T1122""},{""@Name"":""EventType"",""#text"":""SetValue""},{""@Name"":""UtcTime"",""#text"":""2022-06-20 17:21:14.497""},{""@Name"":""ProcessGuid"",""#text"":""4bbef3ae-ac73-62b0-ba0a-000000000700""},{""@Name"":""ProcessId"",""#text"":""3848""},{""@Name"":""Image"",""#text"":""C:\\Program Files\\Common Files\\Microsoft Shared\\ClickToRun\\OfficeClickToRun.exe""},{""@Name"":""TargetObject"",""#text"":""HKCR\\WOW6432Node\\CLSID\\{6C1B3099-127A-4BE1-93BC-DD4771EEEF90}\\InprocServer32\\(Default)""},{""@Name"":""Details"",""#text"":""C:\\Program Files (x86)\\Microsoft Office\\Root\\VFS\\SystemX86\\FM20.DLL""},{""@Name"":""User"",""#text"":""NT AUTHORITY\\SYSTEM""}]}}"
1319,8824,2022-06-20 17:21:14.5048145,13,Info,Microsoft-Windows-Sysmon,Microsoft-Windows-Sysmon/Operational,2800,6224,TEMPEST,22,S-1-5-18,RegistryEvent (Value Set),NT AUTHORITY\SYSTEM,,"ProcessID: 3848, ProcessGUID: 4bbef3ae-ac73-62b0-ba0a-000000000700",RuleName: T1122,Image: C:\Program Files\Common Files\Microsoft Shared\ClickToRun\OfficeClickToRun.exe,EventType: SetValue,TargetObject: HKCR\WOW6432Node\CLSID\{6E182020-F460-11CE-9BCD-00AA00608E01}\InprocServer32\(Default),Details: C:\Program Files (x86)\Microsoft Office\Root\VFS\SystemX86\FM20.DLL,,False,C:\Users\byte store\Desktop\Incident Files Tempest\sysmon.evtx,Classic,0,"{""EventData"":{""Data"":[{""@Name"":""RuleName"",""#text"":""T1122""},{""@Name"":""EventType"",""#text"":""SetValue""},{""@Name"":""UtcTime"",""#text"":""2022-06-20 17:21:14.497""},{""@Name"":""ProcessGuid"",""#text"":""4bbef3ae-ac73-62b0-ba0a-000000000700""},{""@Name"":""ProcessId"",""#text"":""3848""},{""@Name"":""Image"",""#text"":""C:\\Program Files\\Common Files\\Microsoft Shared\\ClickToRun\\OfficeClickToRun.exe""},{""@Name"":""TargetObject"",""#text"":""HKCR\\WOW6432Node\\CLSID\\{6E182020-F460-11CE-9BCD-00AA00608E01}\\InprocServer32\\(Default)""},{""@Name"":""Details"",""#text"":""C:\\Program Files (x86)\\Microsoft Office\\Root\\VFS\\SystemX86\\FM20.DLL""},{""@Name"":""User"",""#text"":""NT AUTHORITY\\SYSTEM""}]}}"
1320,8825,2022-06-20 17:21:14.5068590,13,Info,Microsoft-Windows-Sysmon,Microsoft-Windows-Sysmon/Operational,2800,6224,TEMPEST,22,S-1-5-18,RegistryEvent (Value Set),NT AUTHORITY\SYSTEM,,"ProcessID: 3848, ProcessGUID: 4bbef3ae-ac73-62b0-ba0a-000000000700",RuleName: T1122,Image: C:\Program Files\Common Files\Microsoft Shared\ClickToRun\OfficeClickToRun.exe,EventType: SetValue,TargetObject: HKCR\WOW6432Node\CLSID\{787A2D6B-EF66-488D-A303-513C9C75C344}\InprocServer32\(Default),Details: C:\Program Files (x86)\Microsoft Office\Root\VFS\SystemX86\FM20.DLL,,False,C:\Users\byte store\Desktop\Incident Files Tempest\sysmon.evtx,Classic,0,"{""EventData"":{""Data"":[{""@Name"":""RuleName"",""#text"":""T1122""},{""@Name"":""EventType"",""#text"":""SetValue""},{""@Name"":""UtcTime"",""#text"":""2022-06-20 17:21:14.497""},{""@Name"":""ProcessGuid"",""#text"":""4bbef3ae-ac73-62b0-ba0a-000000000700""},{""@Name"":""ProcessId"",""#text"":""3848""},{""@Name"":""Image"",""#text"":""C:\\Program Files\\Common Files\\Microsoft Shared\\ClickToRun\\OfficeClickToRun.exe""},{""@Name"":""TargetObject"",""#text"":""HKCR\\WOW6432Node\\CLSID\\{787A2D6B-EF66-488D-A303-513C9C75C344}\\InprocServer32\\(Default)""},{""@Name"":""Details"",""#text"":""C:\\Program Files (x86)\\Microsoft Office\\Root\\VFS\\SystemX86\\FM20.DLL""},{""@Name"":""User"",""#text"":""NT AUTHORITY\\SYSTEM""}]}}"
1321,8826,2022-06-20 17:21:14.5087041,13,Info,Microsoft-Windows-Sysmon,Microsoft-Windows-Sysmon/Operational,2800,6224,TEMPEST,22,S-1-5-18,RegistryEvent (Value Set),NT AUTHORITY\SYSTEM,,"ProcessID: 3848, ProcessGUID: 4bbef3ae-ac73-62b0-ba0a-000000000700",RuleName: T1122,Image: C:\Program Files\Common Files\Microsoft Shared\ClickToRun\OfficeClickToRun.exe,EventType: SetValue,TargetObject: HKCR\WOW6432Node\CLSID\{79176FB0-B7F2-11CE-97EF-00AA006D2776}\InprocServer32\(Default),Details: C:\Program Files (x86)\Microsoft Office\Root\VFS\SystemX86\FM20.DLL,,False,C:\Users\byte store\Desktop\Incident Files Tempest\sysmon.evtx,Classic,0,"{""EventData"":{""Data"":[{""@Name"":""RuleName"",""#text"":""T1122""},{""@Name"":""EventType"",""#text"":""SetValue""},{""@Name"":""UtcTime"",""#text"":""2022-06-20 17:21:14.497""},{""@Name"":""ProcessGuid"",""#text"":""4bbef3ae-ac73-62b0-ba0a-000000000700""},{""@Name"":""ProcessId"",""#text"":""3848""},{""@Name"":""Image"",""#text"":""C:\\Program Files\\Common Files\\Microsoft Shared\\ClickToRun\\OfficeClickToRun.exe""},{""@Name"":""TargetObject"",""#text"":""HKCR\\WOW6432Node\\CLSID\\{79176FB0-B7F2-11CE-97EF-00AA006D2776}\\InprocServer32\\(Default)""},{""@Name"":""Details"",""#text"":""C:\\Program Files (x86)\\Microsoft Office\\Root\\VFS\\SystemX86\\FM20.DLL""},{""@Name"":""User"",""#text"":""NT AUTHORITY\\SYSTEM""}]}}"
1322,8827,2022-06-20 17:21:14.5107844,13,Info,Microsoft-Windows-Sysmon,Microsoft-Windows-Sysmon/Operational,2800,6224,TEMPEST,22,S-1-5-18,RegistryEvent (Value Set),NT AUTHORITY\SYSTEM,,"ProcessID: 3848, ProcessGUID: 4bbef3ae-ac73-62b0-ba0a-000000000700",RuleName: T1122,Image: C:\Program Files\Common Files\Microsoft Shared\ClickToRun\OfficeClickToRun.exe,EventType: SetValue,TargetObject: HKCR\WOW6432Node\CLSID\{7931F65C-2564-4C19-AE71-E7DDFA008F6A}\InprocServer32\(Default),Details: C:\Program Files (x86)\Microsoft Office\Root\VFS\SystemX86\FM20.DLL,,False,C:\Users\byte store\Desktop\Incident Files Tempest\sysmon.evtx,Classic,0,"{""EventData"":{""Data"":[{""@Name"":""RuleName"",""#text"":""T1122""},{""@Name"":""EventType"",""#text"":""SetValue""},{""@Name"":""UtcTime"",""#text"":""2022-06-20 17:21:14.497""},{""@Name"":""ProcessGuid"",""#text"":""4bbef3ae-ac73-62b0-ba0a-000000000700""},{""@Name"":""ProcessId"",""#text"":""3848""},{""@Name"":""Image"",""#text"":""C:\\Program Files\\Common Files\\Microsoft Shared\\ClickToRun\\OfficeClickToRun.exe""},{""@Name"":""TargetObject"",""#text"":""HKCR\\WOW6432Node\\CLSID\\{7931F65C-2564-4C19-AE71-E7DDFA008F6A}\\InprocServer32\\(Default)""},{""@Name"":""Details"",""#text"":""C:\\Program Files (x86)\\Microsoft Office\\Root\\VFS\\SystemX86\\FM20.DLL""},{""@Name"":""User"",""#text"":""NT AUTHORITY\\SYSTEM""}]}}"
1323,8828,2022-06-20 17:21:14.5138703,13,Info,Microsoft-Windows-Sysmon,Microsoft-Windows-Sysmon/Operational,2800,6224,TEMPEST,22,S-1-5-18,RegistryEvent (Value Set),NT AUTHORITY\SYSTEM,,"ProcessID: 3848, ProcessGUID: 4bbef3ae-ac73-62b0-ba0a-000000000700",RuleName: T1122,Image: C:\Program Files\Common Files\Microsoft Shared\ClickToRun\OfficeClickToRun.exe,EventType: SetValue,TargetObject: HKCR\WOW6432Node\CLSID\{86F56B7F-A81B-478d-B231-50FD37CBE761}\InprocServer32\(Default),Details: C:\Program Files (x86)\Microsoft Office\Root\VFS\SystemX86\FM20.DLL,,False,C:\Users\byte store\Desktop\Incident Files Tempest\sysmon.evtx,Classic,0,"{""EventData"":{""Data"":[{""@Name"":""RuleName"",""#text"":""T1122""},{""@Name"":""EventType"",""#text"":""SetValue""},{""@Name"":""UtcTime"",""#text"":""2022-06-20 17:21:14.497""},{""@Name"":""ProcessGuid"",""#text"":""4bbef3ae-ac73-62b0-ba0a-000000000700""},{""@Name"":""ProcessId"",""#text"":""3848""},{""@Name"":""Image"",""#text"":""C:\\Program Files\\Common Files\\Microsoft Shared\\ClickToRun\\OfficeClickToRun.exe""},{""@Name"":""TargetObject"",""#text"":""HKCR\\WOW6432Node\\CLSID\\{86F56B7F-A81B-478d-B231-50FD37CBE761}\\InprocServer32\\(Default)""},{""@Name"":""Details"",""#text"":""C:\\Program Files (x86)\\Microsoft Office\\Root\\VFS\\SystemX86\\FM20.DLL""},{""@Name"":""User"",""#text"":""NT AUTHORITY\\SYSTEM""}]}}"
1324,8829,2022-06-20 17:21:14.5153502,13,Info,Microsoft-Windows-Sysmon,Microsoft-Windows-Sysmon/Operational,2800,6224,TEMPEST,22,S-1-5-18,RegistryEvent (Value Set),NT AUTHORITY\SYSTEM,,"ProcessID: 3848, ProcessGUID: 4bbef3ae-ac73-62b0-ba0a-000000000700",RuleName: T1122,Image: C:\Program Files\Common Files\Microsoft Shared\ClickToRun\OfficeClickToRun.exe,EventType: SetValue,TargetObject: HKCR\WOW6432Node\CLSID\{8BD21D10-EC42-11CE-9E0D-00AA006002F3}\InprocServer32\(Default),Details: C:\Program Files (x86)\Microsoft Office\Root\VFS\SystemX86\FM20.DLL,,False,C:\Users\byte store\Desktop\Incident Files Tempest\sysmon.evtx,Classic,0,"{""EventData"":{""Data"":[{""@Name"":""RuleName"",""#text"":""T1122""},{""@Name"":""EventType"",""#text"":""SetValue""},{""@Name"":""UtcTime"",""#text"":""2022-06-20 17:21:14.513""},{""@Name"":""ProcessGuid"",""#text"":""4bbef3ae-ac73-62b0-ba0a-000000000700""},{""@Name"":""ProcessId"",""#text"":""3848""},{""@Name"":""Image"",""#text"":""C:\\Program Files\\Common Files\\Microsoft Shared\\ClickToRun\\OfficeClickToRun.exe""},{""@Name"":""TargetObject"",""#text"":""HKCR\\WOW6432Node\\CLSID\\{8BD21D10-EC42-11CE-9E0D-00AA006002F3}\\InprocServer32\\(Default)""},{""@Name"":""Details"",""#text"":""C:\\Program Files (x86)\\Microsoft Office\\Root\\VFS\\SystemX86\\FM20.DLL""},{""@Name"":""User"",""#text"":""NT AUTHORITY\\SYSTEM""}]}}"
1325,8830,2022-06-20 17:21:14.5174972,13,Info,Microsoft-Windows-Sysmon,Microsoft-Windows-Sysmon/Operational,2800,6224,TEMPEST,22,S-1-5-18,RegistryEvent (Value Set),NT AUTHORITY\SYSTEM,,"ProcessID: 3848, ProcessGUID: 4bbef3ae-ac73-62b0-ba0a-000000000700",RuleName: T1122,Image: C:\Program Files\Common Files\Microsoft Shared\ClickToRun\OfficeClickToRun.exe,EventType: SetValue,TargetObject: HKCR\WOW6432Node\CLSID\{8BD21D20-EC42-11CE-9E0D-00AA006002F3}\InprocServer32\(Default),Details: C:\Program Files (x86)\Microsoft Office\Root\VFS\SystemX86\FM20.DLL,,False,C:\Users\byte store\Desktop\Incident Files Tempest\sysmon.evtx,Classic,0,"{""EventData"":{""Data"":[{""@Name"":""RuleName"",""#text"":""T1122""},{""@Name"":""EventType"",""#text"":""SetValue""},{""@Name"":""UtcTime"",""#text"":""2022-06-20 17:21:14.513""},{""@Name"":""ProcessGuid"",""#text"":""4bbef3ae-ac73-62b0-ba0a-000000000700""},{""@Name"":""ProcessId"",""#text"":""3848""},{""@Name"":""Image"",""#text"":""C:\\Program Files\\Common Files\\Microsoft Shared\\ClickToRun\\OfficeClickToRun.exe""},{""@Name"":""TargetObject"",""#text"":""HKCR\\WOW6432Node\\CLSID\\{8BD21D20-EC42-11CE-9E0D-00AA006002F3}\\InprocServer32\\(Default)""},{""@Name"":""Details"",""#text"":""C:\\Program Files (x86)\\Microsoft Office\\Root\\VFS\\SystemX86\\FM20.DLL""},{""@Name"":""User"",""#text"":""NT AUTHORITY\\SYSTEM""}]}}"
1326,8831,2022-06-20 17:21:14.5211561,13,Info,Microsoft-Windows-Sysmon,Microsoft-Windows-Sysmon/Operational,2800,6224,TEMPEST,22,S-1-5-18,RegistryEvent (Value Set),NT AUTHORITY\SYSTEM,,"ProcessID: 3848, ProcessGUID: 4bbef3ae-ac73-62b0-ba0a-000000000700",RuleName: T1122,Image: C:\Program Files\Common Files\Microsoft Shared\ClickToRun\OfficeClickToRun.exe,EventType: SetValue,TargetObject: HKCR\WOW6432Node\CLSID\{8BD21D30-EC42-11CE-9E0D-00AA006002F3}\InprocServer32\(Default),Details: C:\Program Files (x86)\Microsoft Office\Root\VFS\SystemX86\FM20.DLL,,False,C:\Users\byte store\Desktop\Incident Files Tempest\sysmon.evtx,Classic,0,"{""EventData"":{""Data"":[{""@Name"":""RuleName"",""#text"":""T1122""},{""@Name"":""EventType"",""#text"":""SetValue""},{""@Name"":""UtcTime"",""#text"":""2022-06-20 17:21:14.513""},{""@Name"":""ProcessGuid"",""#text"":""4bbef3ae-ac73-62b0-ba0a-000000000700""},{""@Name"":""ProcessId"",""#text"":""3848""},{""@Name"":""Image"",""#text"":""C:\\Program Files\\Common Files\\Microsoft Shared\\ClickToRun\\OfficeClickToRun.exe""},{""@Name"":""TargetObject"",""#text"":""HKCR\\WOW6432Node\\CLSID\\{8BD21D30-EC42-11CE-9E0D-00AA006002F3}\\InprocServer32\\(Default)""},{""@Name"":""Details"",""#text"":""C:\\Program Files (x86)\\Microsoft Office\\Root\\VFS\\SystemX86\\FM20.DLL""},{""@Name"":""User"",""#text"":""NT AUTHORITY\\SYSTEM""}]}}"
1327,8832,2022-06-20 17:21:14.5234589,13,Info,Microsoft-Windows-Sysmon,Microsoft-Windows-Sysmon/Operational,2800,6224,TEMPEST,22,S-1-5-18,RegistryEvent (Value Set),NT AUTHORITY\SYSTEM,,"ProcessID: 3848, ProcessGUID: 4bbef3ae-ac73-62b0-ba0a-000000000700",RuleName: T1122,Image: C:\Program Files\Common Files\Microsoft Shared\ClickToRun\OfficeClickToRun.exe,EventType: SetValue,TargetObject: HKCR\WOW6432Node\CLSID\{8BD21D40-EC42-11CE-9E0D-00AA006002F3}\InprocServer32\(Default),Details: C:\Program Files (x86)\Microsoft Office\Root\VFS\SystemX86\FM20.DLL,,False,C:\Users\byte store\Desktop\Incident Files Tempest\sysmon.evtx,Classic,0,"{""EventData"":{""Data"":[{""@Name"":""RuleName"",""#text"":""T1122""},{""@Name"":""EventType"",""#text"":""SetValue""},{""@Name"":""UtcTime"",""#text"":""2022-06-20 17:21:14.513""},{""@Name"":""ProcessGuid"",""#text"":""4bbef3ae-ac73-62b0-ba0a-000000000700""},{""@Name"":""ProcessId"",""#text"":""3848""},{""@Name"":""Image"",""#text"":""C:\\Program Files\\Common Files\\Microsoft Shared\\ClickToRun\\OfficeClickToRun.exe""},{""@Name"":""TargetObject"",""#text"":""HKCR\\WOW6432Node\\CLSID\\{8BD21D40-EC42-11CE-9E0D-00AA006002F3}\\InprocServer32\\(Default)""},{""@Name"":""Details"",""#text"":""C:\\Program Files (x86)\\Microsoft Office\\Root\\VFS\\SystemX86\\FM20.DLL""},{""@Name"":""User"",""#text"":""NT AUTHORITY\\SYSTEM""}]}}"
1328,8833,2022-06-20 17:21:14.5255265,13,Info,Microsoft-Windows-Sysmon,Microsoft-Windows-Sysmon/Operational,2800,6224,TEMPEST,22,S-1-5-18,RegistryEvent (Value Set),NT AUTHORITY\SYSTEM,,"ProcessID: 3848, ProcessGUID: 4bbef3ae-ac73-62b0-ba0a-000000000700",RuleName: T1122,Image: C:\Program Files\Common Files\Microsoft Shared\ClickToRun\OfficeClickToRun.exe,EventType: SetValue,TargetObject: HKCR\WOW6432Node\CLSID\{8BD21D50-EC42-11CE-9E0D-00AA006002F3}\InprocServer32\(Default),Details: C:\Program Files (x86)\Microsoft Office\Root\VFS\SystemX86\FM20.DLL,,False,C:\Users\byte store\Desktop\Incident Files Tempest\sysmon.evtx,Classic,0,"{""EventData"":{""Data"":[{""@Name"":""RuleName"",""#text"":""T1122""},{""@Name"":""EventType"",""#text"":""SetValue""},{""@Name"":""UtcTime"",""#text"":""2022-06-20 17:21:14.513""},{""@Name"":""ProcessGuid"",""#text"":""4bbef3ae-ac73-62b0-ba0a-000000000700""},{""@Name"":""ProcessId"",""#text"":""3848""},{""@Name"":""Image"",""#text"":""C:\\Program Files\\Common Files\\Microsoft Shared\\ClickToRun\\OfficeClickToRun.exe""},{""@Name"":""TargetObject"",""#text"":""HKCR\\WOW6432Node\\CLSID\\{8BD21D50-EC42-11CE-9E0D-00AA006002F3}\\InprocServer32\\(Default)""},{""@Name"":""Details"",""#text"":""C:\\Program Files (x86)\\Microsoft Office\\Root\\VFS\\SystemX86\\FM20.DLL""},{""@Name"":""User"",""#text"":""NT AUTHORITY\\SYSTEM""}]}}"
1329,8834,2022-06-20 17:21:14.5287555,13,Info,Microsoft-Windows-Sysmon,Microsoft-Windows-Sysmon/Operational,2800,6224,TEMPEST,22,S-1-5-18,RegistryEvent (Value Set),NT AUTHORITY\SYSTEM,,"ProcessID: 3848, ProcessGUID: 4bbef3ae-ac73-62b0-ba0a-000000000700",RuleName: T1122,Image: C:\Program Files\Common Files\Microsoft Shared\ClickToRun\OfficeClickToRun.exe,EventType: SetValue,TargetObject: HKCR\WOW6432Node\CLSID\{8BD21D60-EC42-11CE-9E0D-00AA006002F3}\InprocServer32\(Default),Details: C:\Program Files (x86)\Microsoft Office\Root\VFS\SystemX86\FM20.DLL,,False,C:\Users\byte store\Desktop\Incident Files Tempest\sysmon.evtx,Classic,0,"{""EventData"":{""Data"":[{""@Name"":""RuleName"",""#text"":""T1122""},{""@Name"":""EventType"",""#text"":""SetValue""},{""@Name"":""UtcTime"",""#text"":""2022-06-20 17:21:14.513""},{""@Name"":""ProcessGuid"",""#text"":""4bbef3ae-ac73-62b0-ba0a-000000000700""},{""@Name"":""ProcessId"",""#text"":""3848""},{""@Name"":""Image"",""#text"":""C:\\Program Files\\Common Files\\Microsoft Shared\\ClickToRun\\OfficeClickToRun.exe""},{""@Name"":""TargetObject"",""#text"":""HKCR\\WOW6432Node\\CLSID\\{8BD21D60-EC42-11CE-9E0D-00AA006002F3}\\InprocServer32\\(Default)""},{""@Name"":""Details"",""#text"":""C:\\Program Files (x86)\\Microsoft Office\\Root\\VFS\\SystemX86\\FM20.DLL""},{""@Name"":""User"",""#text"":""NT AUTHORITY\\SYSTEM""}]}}"
1330,8835,2022-06-20 17:21:14.5311603,13,Info,Microsoft-Windows-Sysmon,Microsoft-Windows-Sysmon/Operational,2800,6224,TEMPEST,22,S-1-5-18,RegistryEvent (Value Set),NT AUTHORITY\SYSTEM,,"ProcessID: 3848, ProcessGUID: 4bbef3ae-ac73-62b0-ba0a-000000000700",RuleName: T1122,Image: C:\Program Files\Common Files\Microsoft Shared\ClickToRun\OfficeClickToRun.exe,EventType: SetValue,TargetObject: HKCR\WOW6432Node\CLSID\{9432194C-DF54-4824-8E24-B013BF2B90E3}\InprocServer32\(Default),Details: C:\Program Files (x86)\Microsoft Office\Root\VFS\SystemX86\FM20.DLL,,False,C:\Users\byte store\Desktop\Incident Files Tempest\sysmon.evtx,Classic,0,"{""EventData"":{""Data"":[{""@Name"":""RuleName"",""#text"":""T1122""},{""@Name"":""EventType"",""#text"":""SetValue""},{""@Name"":""UtcTime"",""#text"":""2022-06-20 17:21:14.529""},{""@Name"":""ProcessGuid"",""#text"":""4bbef3ae-ac73-62b0-ba0a-000000000700""},{""@Name"":""ProcessId"",""#text"":""3848""},{""@Name"":""Image"",""#text"":""C:\\Program Files\\Common Files\\Microsoft Shared\\ClickToRun\\OfficeClickToRun.exe""},{""@Name"":""TargetObject"",""#text"":""HKCR\\WOW6432Node\\CLSID\\{9432194C-DF54-4824-8E24-B013BF2B90E3}\\InprocServer32\\(Default)""},{""@Name"":""Details"",""#text"":""C:\\Program Files (x86)\\Microsoft Office\\Root\\VFS\\SystemX86\\FM20.DLL""},{""@Name"":""User"",""#text"":""NT AUTHORITY\\SYSTEM""}]}}"
1331,8836,2022-06-20 17:21:14.5330243,13,Info,Microsoft-Windows-Sysmon,Microsoft-Windows-Sysmon/Operational,2800,6224,TEMPEST,22,S-1-5-18,RegistryEvent (Value Set),NT AUTHORITY\SYSTEM,,"ProcessID: 3848, ProcessGUID: 4bbef3ae-ac73-62b0-ba0a-000000000700",RuleName: T1122,Image: C:\Program Files\Common Files\Microsoft Shared\ClickToRun\OfficeClickToRun.exe,EventType: SetValue,TargetObject: HKCR\WOW6432Node\CLSID\{978C9E23-D4B0-11CE-BF2D-00AA003F40D0}\InprocServer32\(Default),Details: C:\Program Files (x86)\Microsoft Office\Root\VFS\SystemX86\FM20.DLL,,False,C:\Users\byte store\Desktop\Incident Files Tempest\sysmon.evtx,Classic,0,"{""EventData"":{""Data"":[{""@Name"":""RuleName"",""#text"":""T1122""},{""@Name"":""EventType"",""#text"":""SetValue""},{""@Name"":""UtcTime"",""#text"":""2022-06-20 17:21:14.529""},{""@Name"":""ProcessGuid"",""#text"":""4bbef3ae-ac73-62b0-ba0a-000000000700""},{""@Name"":""ProcessId"",""#text"":""3848""},{""@Name"":""Image"",""#text"":""C:\\Program Files\\Common Files\\Microsoft Shared\\ClickToRun\\OfficeClickToRun.exe""},{""@Name"":""TargetObject"",""#text"":""HKCR\\WOW6432Node\\CLSID\\{978C9E23-D4B0-11CE-BF2D-00AA003F40D0}\\InprocServer32\\(Default)""},{""@Name"":""Details"",""#text"":""C:\\Program Files (x86)\\Microsoft Office\\Root\\VFS\\SystemX86\\FM20.DLL""},{""@Name"":""User"",""#text"":""NT AUTHORITY\\SYSTEM""}]}}"
1332,8837,2022-06-20 17:21:14.5351103,13,Info,Microsoft-Windows-Sysmon,Microsoft-Windows-Sysmon/Operational,2800,6224,TEMPEST,22,S-1-5-18,RegistryEvent (Value Set),NT AUTHORITY\SYSTEM,,"ProcessID: 3848, ProcessGUID: 4bbef3ae-ac73-62b0-ba0a-000000000700",RuleName: T1122,Image: C:\Program Files\Common Files\Microsoft Shared\ClickToRun\OfficeClickToRun.exe,EventType: SetValue,TargetObject: HKCR\WOW6432Node\CLSID\{9BDAC276-BE24-4F04-BB22-11469B28A496}\InprocServer32\(Default),Details: C:\Program Files (x86)\Microsoft Office\Root\VFS\SystemX86\FM20.DLL,,False,C:\Users\byte store\Desktop\Incident Files Tempest\sysmon.evtx,Classic,0,"{""EventData"":{""Data"":[{""@Name"":""RuleName"",""#text"":""T1122""},{""@Name"":""EventType"",""#text"":""SetValue""},{""@Name"":""UtcTime"",""#text"":""2022-06-20 17:21:14.529""},{""@Name"":""ProcessGuid"",""#text"":""4bbef3ae-ac73-62b0-ba0a-000000000700""},{""@Name"":""ProcessId"",""#text"":""3848""},{""@Name"":""Image"",""#text"":""C:\\Program Files\\Common Files\\Microsoft Shared\\ClickToRun\\OfficeClickToRun.exe""},{""@Name"":""TargetObject"",""#text"":""HKCR\\WOW6432Node\\CLSID\\{9BDAC276-BE24-4F04-BB22-11469B28A496}\\InprocServer32\\(Default)""},{""@Name"":""Details"",""#text"":""C:\\Program Files (x86)\\Microsoft Office\\Root\\VFS\\SystemX86\\FM20.DLL""},{""@Name"":""User"",""#text"":""NT AUTHORITY\\SYSTEM""}]}}"
1333,8838,2022-06-20 17:21:14.5386874,13,Info,Microsoft-Windows-Sysmon,Microsoft-Windows-Sysmon/Operational,2800,6224,TEMPEST,22,S-1-5-18,RegistryEvent (Value Set),NT AUTHORITY\SYSTEM,,"ProcessID: 3848, ProcessGUID: 4bbef3ae-ac73-62b0-ba0a-000000000700",RuleName: T1122,Image: C:\Program Files\Common Files\Microsoft Shared\ClickToRun\OfficeClickToRun.exe,EventType: SetValue,TargetObject: HKCR\WOW6432Node\CLSID\{C62A69F0-16DC-11CE-9E98-00AA00574A4F}\InprocServer32\(Default),Details: C:\Program Files (x86)\Microsoft Office\Root\VFS\SystemX86\FM20.DLL,,False,C:\Users\byte store\Desktop\Incident Files Tempest\sysmon.evtx,Classic,0,"{""EventData"":{""Data"":[{""@Name"":""RuleName"",""#text"":""T1122""},{""@Name"":""EventType"",""#text"":""SetValue""},{""@Name"":""UtcTime"",""#text"":""2022-06-20 17:21:14.529""},{""@Name"":""ProcessGuid"",""#text"":""4bbef3ae-ac73-62b0-ba0a-000000000700""},{""@Name"":""ProcessId"",""#text"":""3848""},{""@Name"":""Image"",""#text"":""C:\\Program Files\\Common Files\\Microsoft Shared\\ClickToRun\\OfficeClickToRun.exe""},{""@Name"":""TargetObject"",""#text"":""HKCR\\WOW6432Node\\CLSID\\{C62A69F0-16DC-11CE-9E98-00AA00574A4F}\\InprocServer32\\(Default)""},{""@Name"":""Details"",""#text"":""C:\\Program Files (x86)\\Microsoft Office\\Root\\VFS\\SystemX86\\FM20.DLL""},{""@Name"":""User"",""#text"":""NT AUTHORITY\\SYSTEM""}]}}"
1334,8839,2022-06-20 17:21:14.5403901,13,Info,Microsoft-Windows-Sysmon,Microsoft-Windows-Sysmon/Operational,2800,6224,TEMPEST,22,S-1-5-18,RegistryEvent (Value Set),NT AUTHORITY\SYSTEM,,"ProcessID: 3848, ProcessGUID: 4bbef3ae-ac73-62b0-ba0a-000000000700",RuleName: T1122,Image: C:\Program Files\Common Files\Microsoft Shared\ClickToRun\OfficeClickToRun.exe,EventType: SetValue,TargetObject: HKCR\WOW6432Node\CLSID\{D7053240-CE69-11CD-A777-00DD01143C57}\InprocServer32\(Default),Details: C:\Program Files (x86)\Microsoft Office\Root\VFS\SystemX86\FM20.DLL,,False,C:\Users\byte store\Desktop\Incident Files Tempest\sysmon.evtx,Classic,0,"{""EventData"":{""Data"":[{""@Name"":""RuleName"",""#text"":""T1122""},{""@Name"":""EventType"",""#text"":""SetValue""},{""@Name"":""UtcTime"",""#text"":""2022-06-20 17:21:14.529""},{""@Name"":""ProcessGuid"",""#text"":""4bbef3ae-ac73-62b0-ba0a-000000000700""},{""@Name"":""ProcessId"",""#text"":""3848""},{""@Name"":""Image"",""#text"":""C:\\Program Files\\Common Files\\Microsoft Shared\\ClickToRun\\OfficeClickToRun.exe""},{""@Name"":""TargetObject"",""#text"":""HKCR\\WOW6432Node\\CLSID\\{D7053240-CE69-11CD-A777-00DD01143C57}\\InprocServer32\\(Default)""},{""@Name"":""Details"",""#text"":""C:\\Program Files (x86)\\Microsoft Office\\Root\\VFS\\SystemX86\\FM20.DLL""},{""@Name"":""User"",""#text"":""NT AUTHORITY\\SYSTEM""}]}}"
1335,8840,2022-06-20 17:21:14.5425060,13,Info,Microsoft-Windows-Sysmon,Microsoft-Windows-Sysmon/Operational,2800,6224,TEMPEST,22,S-1-5-18,RegistryEvent (Value Set),NT AUTHORITY\SYSTEM,,"ProcessID: 3848, ProcessGUID: 4bbef3ae-ac73-62b0-ba0a-000000000700",RuleName: T1122,Image: C:\Program Files\Common Files\Microsoft Shared\ClickToRun\OfficeClickToRun.exe,EventType: SetValue,TargetObject: HKCR\WOW6432Node\CLSID\{DCA0ED3C-B95D-490f-9C60-0FF3726C789A}\InprocServer32\(Default),Details: C:\Program Files (x86)\Microsoft Office\Root\VFS\SystemX86\FM20.DLL,,False,C:\Users\byte store\Desktop\Incident Files Tempest\sysmon.evtx,Classic,0,"{""EventData"":{""Data"":[{""@Name"":""RuleName"",""#text"":""T1122""},{""@Name"":""EventType"",""#text"":""SetValue""},{""@Name"":""UtcTime"",""#text"":""2022-06-20 17:21:14.529""},{""@Name"":""ProcessGuid"",""#text"":""4bbef3ae-ac73-62b0-ba0a-000000000700""},{""@Name"":""ProcessId"",""#text"":""3848""},{""@Name"":""Image"",""#text"":""C:\\Program Files\\Common Files\\Microsoft Shared\\ClickToRun\\OfficeClickToRun.exe""},{""@Name"":""TargetObject"",""#text"":""HKCR\\WOW6432Node\\CLSID\\{DCA0ED3C-B95D-490f-9C60-0FF3726C789A}\\InprocServer32\\(Default)""},{""@Name"":""Details"",""#text"":""C:\\Program Files (x86)\\Microsoft Office\\Root\\VFS\\SystemX86\\FM20.DLL""},{""@Name"":""User"",""#text"":""NT AUTHORITY\\SYSTEM""}]}}"
1336,8841,2022-06-20 17:21:14.5443608,13,Info,Microsoft-Windows-Sysmon,Microsoft-Windows-Sysmon/Operational,2800,6224,TEMPEST,22,S-1-5-18,RegistryEvent (Value Set),NT AUTHORITY\SYSTEM,,"ProcessID: 3848, ProcessGUID: 4bbef3ae-ac73-62b0-ba0a-000000000700",RuleName: T1122,Image: C:\Program Files\Common Files\Microsoft Shared\ClickToRun\OfficeClickToRun.exe,EventType: SetValue,TargetObject: HKCR\WOW6432Node\CLSID\{DD4CB8C5-F540-47ff-84D7-67390D2743CA}\InprocServer32\(Default),Details: C:\Program Files (x86)\Microsoft Office\Root\VFS\SystemX86\FM20.DLL,,False,C:\Users\byte store\Desktop\Incident Files Tempest\sysmon.evtx,Classic,0,"{""EventData"":{""Data"":[{""@Name"":""RuleName"",""#text"":""T1122""},{""@Name"":""EventType"",""#text"":""SetValue""},{""@Name"":""UtcTime"",""#text"":""2022-06-20 17:21:14.529""},{""@Name"":""ProcessGuid"",""#text"":""4bbef3ae-ac73-62b0-ba0a-000000000700""},{""@Name"":""ProcessId"",""#text"":""3848""},{""@Name"":""Image"",""#text"":""C:\\Program Files\\Common Files\\Microsoft Shared\\ClickToRun\\OfficeClickToRun.exe""},{""@Name"":""TargetObject"",""#text"":""HKCR\\WOW6432Node\\CLSID\\{DD4CB8C5-F540-47ff-84D7-67390D2743CA}\\InprocServer32\\(Default)""},{""@Name"":""Details"",""#text"":""C:\\Program Files (x86)\\Microsoft Office\\Root\\VFS\\SystemX86\\FM20.DLL""},{""@Name"":""User"",""#text"":""NT AUTHORITY\\SYSTEM""}]}}"
1337,8842,2022-06-20 17:21:14.5460174,13,Info,Microsoft-Windows-Sysmon,Microsoft-Windows-Sysmon/Operational,2800,6224,TEMPEST,22,S-1-5-18,RegistryEvent (Value Set),NT AUTHORITY\SYSTEM,,"ProcessID: 3848, ProcessGUID: 4bbef3ae-ac73-62b0-ba0a-000000000700",RuleName: T1122,Image: C:\Program Files\Common Files\Microsoft Shared\ClickToRun\OfficeClickToRun.exe,EventType: SetValue,TargetObject: HKCR\WOW6432Node\CLSID\{DFD181E0-5E2F-11CE-A449-00AA004A803D}\InprocServer32\(Default),Details: C:\Program Files (x86)\Microsoft Office\Root\VFS\SystemX86\FM20.DLL,,False,C:\Users\byte store\Desktop\Incident Files Tempest\sysmon.evtx,Classic,0,"{""EventData"":{""Data"":[{""@Name"":""RuleName"",""#text"":""T1122""},{""@Name"":""EventType"",""#text"":""SetValue""},{""@Name"":""UtcTime"",""#text"":""2022-06-20 17:21:14.544""},{""@Name"":""ProcessGuid"",""#text"":""4bbef3ae-ac73-62b0-ba0a-000000000700""},{""@Name"":""ProcessId"",""#text"":""3848""},{""@Name"":""Image"",""#text"":""C:\\Program Files\\Common Files\\Microsoft Shared\\ClickToRun\\OfficeClickToRun.exe""},{""@Name"":""TargetObject"",""#text"":""HKCR\\WOW6432Node\\CLSID\\{DFD181E0-5E2F-11CE-A449-00AA004A803D}\\InprocServer32\\(Default)""},{""@Name"":""Details"",""#text"":""C:\\Program Files (x86)\\Microsoft Office\\Root\\VFS\\SystemX86\\FM20.DLL""},{""@Name"":""User"",""#text"":""NT AUTHORITY\\SYSTEM""}]}}"
1338,8843,2022-06-20 17:21:14.5481779,13,Info,Microsoft-Windows-Sysmon,Microsoft-Windows-Sysmon/Operational,2800,6224,TEMPEST,22,S-1-5-18,RegistryEvent (Value Set),NT AUTHORITY\SYSTEM,,"ProcessID: 3848, ProcessGUID: 4bbef3ae-ac73-62b0-ba0a-000000000700",RuleName: T1122,Image: C:\Program Files\Common Files\Microsoft Shared\ClickToRun\OfficeClickToRun.exe,EventType: SetValue,TargetObject: HKCR\WOW6432Node\CLSID\{E9729012-8271-4e1f-BC56-CF85F914915A}\InprocServer32\(Default),Details: C:\Program Files (x86)\Microsoft Office\Root\VFS\SystemX86\FM20.DLL,,False,C:\Users\byte store\Desktop\Incident Files Tempest\sysmon.evtx,Classic,0,"{""EventData"":{""Data"":[{""@Name"":""RuleName"",""#text"":""T1122""},{""@Name"":""EventType"",""#text"":""SetValue""},{""@Name"":""UtcTime"",""#text"":""2022-06-20 17:21:14.544""},{""@Name"":""ProcessGuid"",""#text"":""4bbef3ae-ac73-62b0-ba0a-000000000700""},{""@Name"":""ProcessId"",""#text"":""3848""},{""@Name"":""Image"",""#text"":""C:\\Program Files\\Common Files\\Microsoft Shared\\ClickToRun\\OfficeClickToRun.exe""},{""@Name"":""TargetObject"",""#text"":""HKCR\\WOW6432Node\\CLSID\\{E9729012-8271-4e1f-BC56-CF85F914915A}\\InprocServer32\\(Default)""},{""@Name"":""Details"",""#text"":""C:\\Program Files (x86)\\Microsoft Office\\Root\\VFS\\SystemX86\\FM20.DLL""},{""@Name"":""User"",""#text"":""NT AUTHORITY\\SYSTEM""}]}}"
1339,8844,2022-06-20 17:21:14.5502333,13,Info,Microsoft-Windows-Sysmon,Microsoft-Windows-Sysmon/Operational,2800,6224,TEMPEST,22,S-1-5-18,RegistryEvent (Value Set),NT AUTHORITY\SYSTEM,,"ProcessID: 3848, ProcessGUID: 4bbef3ae-ac73-62b0-ba0a-000000000700",RuleName: T1122,Image: C:\Program Files\Common Files\Microsoft Shared\ClickToRun\OfficeClickToRun.exe,EventType: SetValue,TargetObject: HKCR\WOW6432Node\CLSID\{EA778DB4-CE69-4da5-BC1D-34E2168D5EED}\InprocServer32\(Default),Details: C:\Program Files (x86)\Microsoft Office\Root\VFS\SystemX86\FM20.DLL,,False,C:\Users\byte store\Desktop\Incident Files Tempest\sysmon.evtx,Classic,0,"{""EventData"":{""Data"":[{""@Name"":""RuleName"",""#text"":""T1122""},{""@Name"":""EventType"",""#text"":""SetValue""},{""@Name"":""UtcTime"",""#text"":""2022-06-20 17:21:14.544""},{""@Name"":""ProcessGuid"",""#text"":""4bbef3ae-ac73-62b0-ba0a-000000000700""},{""@Name"":""ProcessId"",""#text"":""3848""},{""@Name"":""Image"",""#text"":""C:\\Program Files\\Common Files\\Microsoft Shared\\ClickToRun\\OfficeClickToRun.exe""},{""@Name"":""TargetObject"",""#text"":""HKCR\\WOW6432Node\\CLSID\\{EA778DB4-CE69-4da5-BC1D-34E2168D5EED}\\InprocServer32\\(Default)""},{""@Name"":""Details"",""#text"":""C:\\Program Files (x86)\\Microsoft Office\\Root\\VFS\\SystemX86\\FM20.DLL""},{""@Name"":""User"",""#text"":""NT AUTHORITY\\SYSTEM""}]}}"
1340,8845,2022-06-20 17:21:14.5522029,13,Info,Microsoft-Windows-Sysmon,Microsoft-Windows-Sysmon/Operational,2800,6224,TEMPEST,22,S-1-5-18,RegistryEvent (Value Set),NT AUTHORITY\SYSTEM,,"ProcessID: 3848, ProcessGUID: 4bbef3ae-ac73-62b0-ba0a-000000000700",RuleName: T1122,Image: C:\Program Files\Common Files\Microsoft Shared\ClickToRun\OfficeClickToRun.exe,EventType: SetValue,TargetObject: HKCR\WOW6432Node\CLSID\{EAE50EB0-4A62-11CE-BED6-00AA00611080}\InprocServer32\(Default),Details: C:\Program Files (x86)\Microsoft Office\Root\VFS\SystemX86\FM20.DLL,,False,C:\Users\byte store\Desktop\Incident Files Tempest\sysmon.evtx,Classic,0,"{""EventData"":{""Data"":[{""@Name"":""RuleName"",""#text"":""T1122""},{""@Name"":""EventType"",""#text"":""SetValue""},{""@Name"":""UtcTime"",""#text"":""2022-06-20 17:21:14.544""},{""@Name"":""ProcessGuid"",""#text"":""4bbef3ae-ac73-62b0-ba0a-000000000700""},{""@Name"":""ProcessId"",""#text"":""3848""},{""@Name"":""Image"",""#text"":""C:\\Program Files\\Common Files\\Microsoft Shared\\ClickToRun\\OfficeClickToRun.exe""},{""@Name"":""TargetObject"",""#text"":""HKCR\\WOW6432Node\\CLSID\\{EAE50EB0-4A62-11CE-BED6-00AA00611080}\\InprocServer32\\(Default)""},{""@Name"":""Details"",""#text"":""C:\\Program Files (x86)\\Microsoft Office\\Root\\VFS\\SystemX86\\FM20.DLL""},{""@Name"":""User"",""#text"":""NT AUTHORITY\\SYSTEM""}]}}"
1341,8846,2022-06-20 17:21:14.5547584,13,Info,Microsoft-Windows-Sysmon,Microsoft-Windows-Sysmon/Operational,2800,6224,TEMPEST,22,S-1-5-18,RegistryEvent (Value Set),NT AUTHORITY\SYSTEM,,"ProcessID: 3848, ProcessGUID: 4bbef3ae-ac73-62b0-ba0a-000000000700",RuleName: T1122,Image: C:\Program Files\Common Files\Microsoft Shared\ClickToRun\OfficeClickToRun.exe,EventType: SetValue,TargetObject: HKCR\WOW6432Node\CLSID\{F14E8B03-D080-4D3A-AEBA-355E77B20F3D}\InprocServer32\(Default),Details: C:\Program Files (x86)\Microsoft Office\Root\VFS\SystemX86\FM20.DLL,,False,C:\Users\byte store\Desktop\Incident Files Tempest\sysmon.evtx,Classic,0,"{""EventData"":{""Data"":[{""@Name"":""RuleName"",""#text"":""T1122""},{""@Name"":""EventType"",""#text"":""SetValue""},{""@Name"":""UtcTime"",""#text"":""2022-06-20 17:21:14.544""},{""@Name"":""ProcessGuid"",""#text"":""4bbef3ae-ac73-62b0-ba0a-000000000700""},{""@Name"":""ProcessId"",""#text"":""3848""},{""@Name"":""Image"",""#text"":""C:\\Program Files\\Common Files\\Microsoft Shared\\ClickToRun\\OfficeClickToRun.exe""},{""@Name"":""TargetObject"",""#text"":""HKCR\\WOW6432Node\\CLSID\\{F14E8B03-D080-4D3A-AEBA-355E77B20F3D}\\InprocServer32\\(Default)""},{""@Name"":""Details"",""#text"":""C:\\Program Files (x86)\\Microsoft Office\\Root\\VFS\\SystemX86\\FM20.DLL""},{""@Name"":""User"",""#text"":""NT AUTHORITY\\SYSTEM""}]}}"
1342,8847,2022-06-20 17:21:14.5565884,13,Info,Microsoft-Windows-Sysmon,Microsoft-Windows-Sysmon/Operational,2800,6224,TEMPEST,22,S-1-5-18,RegistryEvent (Value Set),NT AUTHORITY\SYSTEM,,"ProcessID: 3848, ProcessGUID: 4bbef3ae-ac73-62b0-ba0a-000000000700",RuleName: T1122,Image: C:\Program Files\Common Files\Microsoft Shared\ClickToRun\OfficeClickToRun.exe,EventType: SetValue,TargetObject: HKCR\WOW6432Node\CLSID\{FB453AD8-2EF4-44D3-98A8-8C6474E63CE4}\InprocServer32\(Default),Details: C:\Program Files (x86)\Microsoft Office\Root\VFS\SystemX86\FM20.DLL,,False,C:\Users\byte store\Desktop\Incident Files Tempest\sysmon.evtx,Classic,0,"{""EventData"":{""Data"":[{""@Name"":""RuleName"",""#text"":""T1122""},{""@Name"":""EventType"",""#text"":""SetValue""},{""@Name"":""UtcTime"",""#text"":""2022-06-20 17:21:14.555""},{""@Name"":""ProcessGuid"",""#text"":""4bbef3ae-ac73-62b0-ba0a-000000000700""},{""@Name"":""ProcessId"",""#text"":""3848""},{""@Name"":""Image"",""#text"":""C:\\Program Files\\Common Files\\Microsoft Shared\\ClickToRun\\OfficeClickToRun.exe""},{""@Name"":""TargetObject"",""#text"":""HKCR\\WOW6432Node\\CLSID\\{FB453AD8-2EF4-44D3-98A8-8C6474E63CE4}\\InprocServer32\\(Default)""},{""@Name"":""Details"",""#text"":""C:\\Program Files (x86)\\Microsoft Office\\Root\\VFS\\SystemX86\\FM20.DLL""},{""@Name"":""User"",""#text"":""NT AUTHORITY\\SYSTEM""}]}}"
1343,8848,2022-06-20 17:21:14.5598680,13,Info,Microsoft-Windows-Sysmon,Microsoft-Windows-Sysmon/Operational,2800,6224,TEMPEST,22,S-1-5-18,RegistryEvent (Value Set),NT AUTHORITY\SYSTEM,,"ProcessID: 3848, ProcessGUID: 4bbef3ae-ac73-62b0-ba0a-000000000700",RuleName: T1122,Image: C:\Program Files\Common Files\Microsoft Shared\ClickToRun\OfficeClickToRun.exe,EventType: SetValue,TargetObject: HKCR\WOW6432Node\CLSID\{FDEA20DB-AC7A-42f8-90EE-82208B9B4FC0}\InprocServer32\(Default),Details: C:\Program Files (x86)\Microsoft Office\Root\VFS\SystemX86\FM20.DLL,,False,C:\Users\byte store\Desktop\Incident Files Tempest\sysmon.evtx,Classic,0,"{""EventData"":{""Data"":[{""@Name"":""RuleName"",""#text"":""T1122""},{""@Name"":""EventType"",""#text"":""SetValue""},{""@Name"":""UtcTime"",""#text"":""2022-06-20 17:21:14.555""},{""@Name"":""ProcessGuid"",""#text"":""4bbef3ae-ac73-62b0-ba0a-000000000700""},{""@Name"":""ProcessId"",""#text"":""3848""},{""@Name"":""Image"",""#text"":""C:\\Program Files\\Common Files\\Microsoft Shared\\ClickToRun\\OfficeClickToRun.exe""},{""@Name"":""TargetObject"",""#text"":""HKCR\\WOW6432Node\\CLSID\\{FDEA20DB-AC7A-42f8-90EE-82208B9B4FC0}\\InprocServer32\\(Default)""},{""@Name"":""Details"",""#text"":""C:\\Program Files (x86)\\Microsoft Office\\Root\\VFS\\SystemX86\\FM20.DLL""},{""@Name"":""User"",""#text"":""NT AUTHORITY\\SYSTEM""}]}}"
1344,8849,2022-06-20 17:21:15.1099774,13,Info,Microsoft-Windows-Sysmon,Microsoft-Windows-Sysmon/Operational,2800,6224,TEMPEST,22,S-1-5-18,RegistryEvent (Value Set),NT AUTHORITY\SYSTEM,,"ProcessID: 3848, ProcessGUID: 4bbef3ae-ac73-62b0-ba0a-000000000700",RuleName: T1042,Image: C:\Program Files\Common Files\Microsoft Shared\ClickToRun\OfficeClickToRun.exe,EventType: SetValue,TargetObject: HKCR\Applications\MSOXMLED.EXE\shell\open\command\(Default),"Details: ""C:\Program Files (x86)\Microsoft Office\Root\VFS\ProgramFilesCommonX64\Microsoft Shared\OFFICE16\MSOXMLED.EXE"" ""%%1""",,False,C:\Users\byte store\Desktop\Incident Files Tempest\sysmon.evtx,Classic,0,"{""EventData"":{""Data"":[{""@Name"":""RuleName"",""#text"":""T1042""},{""@Name"":""EventType"",""#text"":""SetValue""},{""@Name"":""UtcTime"",""#text"":""2022-06-20 17:21:15.094""},{""@Name"":""ProcessGuid"",""#text"":""4bbef3ae-ac73-62b0-ba0a-000000000700""},{""@Name"":""ProcessId"",""#text"":""3848""},{""@Name"":""Image"",""#text"":""C:\\Program Files\\Common Files\\Microsoft Shared\\ClickToRun\\OfficeClickToRun.exe""},{""@Name"":""TargetObject"",""#text"":""HKCR\\Applications\\MSOXMLED.EXE\\shell\\open\\command\\(Default)""},{""@Name"":""Details"",""#text"":""\""C:\\Program Files (x86)\\Microsoft Office\\Root\\VFS\\ProgramFilesCommonX64\\Microsoft Shared\\OFFICE16\\MSOXMLED.EXE\"" \""%%1\""""},{""@Name"":""User"",""#text"":""NT AUTHORITY\\SYSTEM""}]}}"
1345,8850,2022-06-20 17:21:15.2054761,13,Info,Microsoft-Windows-Sysmon,Microsoft-Windows-Sysmon/Operational,2800,6224,TEMPEST,22,S-1-5-18,RegistryEvent (Value Set),NT AUTHORITY\SYSTEM,,"ProcessID: 3848, ProcessGUID: 4bbef3ae-ac73-62b0-ba0a-000000000700",RuleName: InvDB-Pub,Image: C:\Program Files\Common Files\Microsoft Shared\ClickToRun\OfficeClickToRun.exe,EventType: SetValue,TargetObject: HKLM\SOFTWARE\Microsoft\Windows\CurrentVersion\Uninstall\ProPlus2019Retail - en-us\Publisher,Details: Microsoft Corporation,,False,C:\Users\byte store\Desktop\Incident Files Tempest\sysmon.evtx,Classic,0,"{""EventData"":{""Data"":[{""@Name"":""RuleName"",""#text"":""InvDB-Pub""},{""@Name"":""EventType"",""#text"":""SetValue""},{""@Name"":""UtcTime"",""#text"":""2022-06-20 17:21:15.203""},{""@Name"":""ProcessGuid"",""#text"":""4bbef3ae-ac73-62b0-ba0a-000000000700""},{""@Name"":""ProcessId"",""#text"":""3848""},{""@Name"":""Image"",""#text"":""C:\\Program Files\\Common Files\\Microsoft Shared\\ClickToRun\\OfficeClickToRun.exe""},{""@Name"":""TargetObject"",""#text"":""HKLM\\SOFTWARE\\Microsoft\\Windows\\CurrentVersion\\Uninstall\\ProPlus2019Retail - en-us\\Publisher""},{""@Name"":""Details"",""#text"":""Microsoft Corporation""},{""@Name"":""User"",""#text"":""NT AUTHORITY\\SYSTEM""}]}}"
1346,8851,2022-06-20 17:21:25.5751522,11,Info,Microsoft-Windows-Sysmon,Microsoft-Windows-Sysmon/Operational,2800,6224,TEMPEST,22,S-1-5-18,FileCreate,NT AUTHORITY\SYSTEM,,"ProcessID: 1760, ProcessGUID: 4bbef3ae-8428-62b0-2f00-000000000700",RuleName: T1053,Image: C:\Windows\system32\svchost.exe,TargetFilename: C:\Windows\System32\Tasks\Microsoft\Office\Office ClickToRun Service Monitor,,,,False,C:\Users\byte store\Desktop\Incident Files Tempest\sysmon.evtx,Classic,0,"{""EventData"":{""Data"":[{""@Name"":""RuleName"",""#text"":""T1053""},{""@Name"":""UtcTime"",""#text"":""2022-06-20 17:21:25.565""},{""@Name"":""ProcessGuid"",""#text"":""4bbef3ae-8428-62b0-2f00-000000000700""},{""@Name"":""ProcessId"",""#text"":""1760""},{""@Name"":""Image"",""#text"":""C:\\Windows\\system32\\svchost.exe""},{""@Name"":""TargetFilename"",""#text"":""C:\\Windows\\System32\\Tasks\\Microsoft\\Office\\Office ClickToRun Service Monitor""},{""@Name"":""CreationUtcTime"",""#text"":""2022-06-20 17:07:26.419""},{""@Name"":""User"",""#text"":""NT AUTHORITY\\SYSTEM""}]}}"
