557,8062,2022-06-20 17:19:02.5195996,11,Info,Microsoft-Windows-Sysmon,Microsoft-Windows-Sysmon/Operational,2800,6224,TEMPEST,9,S-1-5-18,FileCreate,NT AUTHORITY\SYSTEM,,"ProcessID: 1316, ProcessGUID: 4bbef3ae-abac-62b0-a90a-000000000700",RuleName: DLL,Image: C:\Program Files\Common Files\Microsoft Shared\ClickToRun\Updates\16.0.15225.20288\OfficeClickToRun.exe,TargetFilename: C:\Program Files (x86)\Microsoft Office\Updates\Download\PackageFiles\8801DF78-4AAE-4735-B3E4-213DE154925A\root\Office16\ADDINS\PowerPivot Excel Add-in\PowerPivotExcelClientAddIn.dll,,,,False,C:\Users\byte store\Desktop\Incident Files Tempest\sysmon.evtx,Classic,0,"{""EventData"":{""Data"":[{""@Name"":""RuleName"",""#text"":""DLL""},{""@Name"":""UtcTime"",""#text"":""2022-06-20 17:19:02.512""},{""@Name"":""ProcessGuid"",""#text"":""4bbef3ae-abac-62b0-a90a-000000000700""},{""@Name"":""ProcessId"",""#text"":""1316""},{""@Name"":""Image"",""#text"":""C:\\Program Files\\Common Files\\Microsoft Shared\\ClickToRun\\Updates\\16.0.15225.20288\\OfficeClickToRun.exe""},{""@Name"":""TargetFilename"",""#text"":""C:\\Program Files (x86)\\Microsoft Office\\Updates\\Download\\PackageFiles\\8801DF78-4AAE-4735-B3E4-213DE154925A\\root\\Office16\\ADDINS\\PowerPivot Excel Add-in\\PowerPivotExcelClientAddIn.dll""},{""@Name"":""CreationUtcTime"",""#text"":""2022-06-20 17:19:02.512""},{""@Name"":""User"",""#text"":""NT AUTHORITY\\SYSTEM""}]}}"
558,8063,2022-06-20 17:19:02.5328017,11,Info,Microsoft-Windows-Sysmon,Microsoft-Windows-Sysmon/Operational,2800,6224,TEMPEST,9,S-1-5-18,FileCreate,NT AUTHORITY\SYSTEM,,"ProcessID: 1316, ProcessGUID: 4bbef3ae-abac-62b0-a90a-000000000700",RuleName: DLL,Image: C:\Program Files\Common Files\Microsoft Shared\ClickToRun\Updates\16.0.15225.20288\OfficeClickToRun.exe,TargetFilename: C:\Program Files (x86)\Microsoft Office\Updates\Download\PackageFiles\8801DF78-4AAE-4735-B3E4-213DE154925A\root\Office16\ADDINS\PowerPivot Excel Add-in\ReportingServicesNativeClient.dll,,,,False,C:\Users\byte store\Desktop\Incident Files Tempest\sysmon.evtx,Classic,0,"{""EventData"":{""Data"":[{""@Name"":""RuleName"",""#text"":""DLL""},{""@Name"":""UtcTime"",""#text"":""2022-06-20 17:19:02.528""},{""@Name"":""ProcessGuid"",""#text"":""4bbef3ae-abac-62b0-a90a-000000000700""},{""@Name"":""ProcessId"",""#text"":""1316""},{""@Name"":""Image"",""#text"":""C:\\Program Files\\Common Files\\Microsoft Shared\\ClickToRun\\Updates\\16.0.15225.20288\\OfficeClickToRun.exe""},{""@Name"":""TargetFilename"",""#text"":""C:\\Program Files (x86)\\Microsoft Office\\Updates\\Download\\PackageFiles\\8801DF78-4AAE-4735-B3E4-213DE154925A\\root\\Office16\\ADDINS\\PowerPivot Excel Add-in\\ReportingServicesNativeClient.dll""},{""@Name"":""CreationUtcTime"",""#text"":""2022-06-20 17:19:02.528""},{""@Name"":""User"",""#text"":""NT AUTHORITY\\SYSTEM""}]}}"
559,8064,2022-06-20 17:19:02.5433123,11,Info,Microsoft-Windows-Sysmon,Microsoft-Windows-Sysmon/Operational,2800,6224,TEMPEST,9,S-1-5-18,FileCreate,NT AUTHORITY\SYSTEM,,"ProcessID: 1316, ProcessGUID: 4bbef3ae-abac-62b0-a90a-000000000700",RuleName: DLL,Image: C:\Program Files\Common Files\Microsoft Shared\ClickToRun\Updates\16.0.15225.20288\OfficeClickToRun.exe,TargetFilename: C:\Program Files (x86)\Microsoft Office\Updates\Download\PackageFiles\8801DF78-4AAE-4735-B3E4-213DE154925A\root\Office16\ADDINS\UmOutlookAddin.dll,,,,False,C:\Users\byte store\Desktop\Incident Files Tempest\sysmon.evtx,Classic,0,"{""EventData"":{""Data"":[{""@Name"":""RuleName"",""#text"":""DLL""},{""@Name"":""UtcTime"",""#text"":""2022-06-20 17:19:02.528""},{""@Name"":""ProcessGuid"",""#text"":""4bbef3ae-abac-62b0-a90a-000000000700""},{""@Name"":""ProcessId"",""#text"":""1316""},{""@Name"":""Image"",""#text"":""C:\\Program Files\\Common Files\\Microsoft Shared\\ClickToRun\\Updates\\16.0.15225.20288\\OfficeClickToRun.exe""},{""@Name"":""TargetFilename"",""#text"":""C:\\Program Files (x86)\\Microsoft Office\\Updates\\Download\\PackageFiles\\8801DF78-4AAE-4735-B3E4-213DE154925A\\root\\Office16\\ADDINS\\UmOutlookAddin.dll""},{""@Name"":""CreationUtcTime"",""#text"":""2022-06-20 17:19:02.528""},{""@Name"":""User"",""#text"":""NT AUTHORITY\\SYSTEM""}]}}"
560,8065,2022-06-20 17:19:02.5892058,11,Info,Microsoft-Windows-Sysmon,Microsoft-Windows-Sysmon/Operational,2800,6224,TEMPEST,9,S-1-5-18,FileCreate,NT AUTHORITY\SYSTEM,,"ProcessID: 1316, ProcessGUID: 4bbef3ae-abac-62b0-a90a-000000000700",RuleName: DLL,Image: C:\Program Files\Common Files\Microsoft Shared\ClickToRun\Updates\16.0.15225.20288\OfficeClickToRun.exe,TargetFilename: C:\Program Files (x86)\Microsoft Office\Updates\Download\PackageFiles\8801DF78-4AAE-4735-B3E4-213DE154925A\root\Office16\AUDIOSEARCHLTS.DLL,,,,False,C:\Users\byte store\Desktop\Incident Files Tempest\sysmon.evtx,Classic,0,"{""EventData"":{""Data"":[{""@Name"":""RuleName"",""#text"":""DLL""},{""@Name"":""UtcTime"",""#text"":""2022-06-20 17:19:02.574""},{""@Name"":""ProcessGuid"",""#text"":""4bbef3ae-abac-62b0-a90a-000000000700""},{""@Name"":""ProcessId"",""#text"":""1316""},{""@Name"":""Image"",""#text"":""C:\\Program Files\\Common Files\\Microsoft Shared\\ClickToRun\\Updates\\16.0.15225.20288\\OfficeClickToRun.exe""},{""@Name"":""TargetFilename"",""#text"":""C:\\Program Files (x86)\\Microsoft Office\\Updates\\Download\\PackageFiles\\8801DF78-4AAE-4735-B3E4-213DE154925A\\root\\Office16\\AUDIOSEARCHLTS.DLL""},{""@Name"":""CreationUtcTime"",""#text"":""2022-06-20 17:19:02.574""},{""@Name"":""User"",""#text"":""NT AUTHORITY\\SYSTEM""}]}}"
561,8066,2022-06-20 17:19:02.6084836,11,Info,Microsoft-Windows-Sysmon,Microsoft-Windows-Sysmon/Operational,2800,6224,TEMPEST,9,S-1-5-18,FileCreate,NT AUTHORITY\SYSTEM,,"ProcessID: 1316, ProcessGUID: 4bbef3ae-abac-62b0-a90a-000000000700",RuleName: DLL,Image: C:\Program Files\Common Files\Microsoft Shared\ClickToRun\Updates\16.0.15225.20288\OfficeClickToRun.exe,TargetFilename: C:\Program Files (x86)\Microsoft Office\Updates\Download\PackageFiles\8801DF78-4AAE-4735-B3E4-213DE154925A\root\Office16\AUDIOSEARCHMAIN.DLL,,,,False,C:\Users\byte store\Desktop\Incident Files Tempest\sysmon.evtx,Classic,0,"{""EventData"":{""Data"":[{""@Name"":""RuleName"",""#text"":""DLL""},{""@Name"":""UtcTime"",""#text"":""2022-06-20 17:19:02.590""},{""@Name"":""ProcessGuid"",""#text"":""4bbef3ae-abac-62b0-a90a-000000000700""},{""@Name"":""ProcessId"",""#text"":""1316""},{""@Name"":""Image"",""#text"":""C:\\Program Files\\Common Files\\Microsoft Shared\\ClickToRun\\Updates\\16.0.15225.20288\\OfficeClickToRun.exe""},{""@Name"":""TargetFilename"",""#text"":""C:\\Program Files (x86)\\Microsoft Office\\Updates\\Download\\PackageFiles\\8801DF78-4AAE-4735-B3E4-213DE154925A\\root\\Office16\\AUDIOSEARCHMAIN.DLL""},{""@Name"":""CreationUtcTime"",""#text"":""2022-06-20 17:19:02.590""},{""@Name"":""User"",""#text"":""NT AUTHORITY\\SYSTEM""}]}}"
562,8067,2022-06-20 17:19:02.6766480,11,Info,Microsoft-Windows-Sysmon,Microsoft-Windows-Sysmon/Operational,2800,6224,TEMPEST,9,S-1-5-18,FileCreate,NT AUTHORITY\SYSTEM,,"ProcessID: 1316, ProcessGUID: 4bbef3ae-abac-62b0-a90a-000000000700",RuleName: DLL,Image: C:\Program Files\Common Files\Microsoft Shared\ClickToRun\Updates\16.0.15225.20288\OfficeClickToRun.exe,TargetFilename: C:\Program Files (x86)\Microsoft Office\Updates\Download\PackageFiles\8801DF78-4AAE-4735-B3E4-213DE154925A\root\Office16\AUDIOSEARCHSAPIFE.DLL,,,,False,C:\Users\byte store\Desktop\Incident Files Tempest\sysmon.evtx,Classic,0,"{""EventData"":{""Data"":[{""@Name"":""RuleName"",""#text"":""DLL""},{""@Name"":""UtcTime"",""#text"":""2022-06-20 17:19:02.668""},{""@Name"":""ProcessGuid"",""#text"":""4bbef3ae-abac-62b0-a90a-000000000700""},{""@Name"":""ProcessId"",""#text"":""1316""},{""@Name"":""Image"",""#text"":""C:\\Program Files\\Common Files\\Microsoft Shared\\ClickToRun\\Updates\\16.0.15225.20288\\OfficeClickToRun.exe""},{""@Name"":""TargetFilename"",""#text"":""C:\\Program Files (x86)\\Microsoft Office\\Updates\\Download\\PackageFiles\\8801DF78-4AAE-4735-B3E4-213DE154925A\\root\\Office16\\AUDIOSEARCHSAPIFE.DLL""},{""@Name"":""CreationUtcTime"",""#text"":""2022-06-20 17:19:02.668""},{""@Name"":""User"",""#text"":""NT AUTHORITY\\SYSTEM""}]}}"
563,8068,2022-06-20 17:19:02.7156527,11,Info,Microsoft-Windows-Sysmon,Microsoft-Windows-Sysmon/Operational,2800,6224,TEMPEST,9,S-1-5-18,FileCreate,NT AUTHORITY\SYSTEM,,"ProcessID: 1316, ProcessGUID: 4bbef3ae-abac-62b0-a90a-000000000700",RuleName: DLL,Image: C:\Program Files\Common Files\Microsoft Shared\ClickToRun\Updates\16.0.15225.20288\OfficeClickToRun.exe,TargetFilename: C:\Program Files (x86)\Microsoft Office\Updates\Download\PackageFiles\8801DF78-4AAE-4735-B3E4-213DE154925A\root\Office16\AppSharingChromeHook.dll,,,,False,C:\Users\byte store\Desktop\Incident Files Tempest\sysmon.evtx,Classic,0,"{""EventData"":{""Data"":[{""@Name"":""RuleName"",""#text"":""DLL""},{""@Name"":""UtcTime"",""#text"":""2022-06-20 17:19:02.699""},{""@Name"":""ProcessGuid"",""#text"":""4bbef3ae-abac-62b0-a90a-000000000700""},{""@Name"":""ProcessId"",""#text"":""1316""},{""@Name"":""Image"",""#text"":""C:\\Program Files\\Common Files\\Microsoft Shared\\ClickToRun\\Updates\\16.0.15225.20288\\OfficeClickToRun.exe""},{""@Name"":""TargetFilename"",""#text"":""C:\\Program Files (x86)\\Microsoft Office\\Updates\\Download\\PackageFiles\\8801DF78-4AAE-4735-B3E4-213DE154925A\\root\\Office16\\AppSharingChromeHook.dll""},{""@Name"":""CreationUtcTime"",""#text"":""2022-06-20 17:19:02.699""},{""@Name"":""User"",""#text"":""NT AUTHORITY\\SYSTEM""}]}}"
564,8069,2022-06-20 17:19:02.7267316,11,Info,Microsoft-Windows-Sysmon,Microsoft-Windows-Sysmon/Operational,2800,6224,TEMPEST,9,S-1-5-18,FileCreate,NT AUTHORITY\SYSTEM,,"ProcessID: 1316, ProcessGUID: 4bbef3ae-abac-62b0-a90a-000000000700",RuleName: EXE,Image: C:\Program Files\Common Files\Microsoft Shared\ClickToRun\Updates\16.0.15225.20288\OfficeClickToRun.exe,TargetFilename: C:\Program Files (x86)\Microsoft Office\Updates\Download\PackageFiles\8801DF78-4AAE-4735-B3E4-213DE154925A\root\Office16\AppSharingHookController.exe,,,,False,C:\Users\byte store\Desktop\Incident Files Tempest\sysmon.evtx,Classic,0,"{""EventData"":{""Data"":[{""@Name"":""RuleName"",""#text"":""EXE""},{""@Name"":""UtcTime"",""#text"":""2022-06-20 17:19:02.715""},{""@Name"":""ProcessGuid"",""#text"":""4bbef3ae-abac-62b0-a90a-000000000700""},{""@Name"":""ProcessId"",""#text"":""1316""},{""@Name"":""Image"",""#text"":""C:\\Program Files\\Common Files\\Microsoft Shared\\ClickToRun\\Updates\\16.0.15225.20288\\OfficeClickToRun.exe""},{""@Name"":""TargetFilename"",""#text"":""C:\\Program Files (x86)\\Microsoft Office\\Updates\\Download\\PackageFiles\\8801DF78-4AAE-4735-B3E4-213DE154925A\\root\\Office16\\AppSharingHookController.exe""},{""@Name"":""CreationUtcTime"",""#text"":""2022-06-20 17:19:02.715""},{""@Name"":""User"",""#text"":""NT AUTHORITY\\SYSTEM""}]}}"
565,8070,2022-06-20 17:19:02.7371247,11,Info,Microsoft-Windows-Sysmon,Microsoft-Windows-Sysmon/Operational,2800,6224,TEMPEST,9,S-1-5-18,FileCreate,NT AUTHORITY\SYSTEM,,"ProcessID: 1316, ProcessGUID: 4bbef3ae-abac-62b0-a90a-000000000700",RuleName: DLL,Image: C:\Program Files\Common Files\Microsoft Shared\ClickToRun\Updates\16.0.15225.20288\OfficeClickToRun.exe,TargetFilename: C:\Program Files (x86)\Microsoft Office\Updates\Download\PackageFiles\8801DF78-4AAE-4735-B3E4-213DE154925A\root\Office16\Appshapi.dll,,,,False,C:\Users\byte store\Desktop\Incident Files Tempest\sysmon.evtx,Classic,0,"{""EventData"":{""Data"":[{""@Name"":""RuleName"",""#text"":""DLL""},{""@Name"":""UtcTime"",""#text"":""2022-06-20 17:19:02.731""},{""@Name"":""ProcessGuid"",""#text"":""4bbef3ae-abac-62b0-a90a-000000000700""},{""@Name"":""ProcessId"",""#text"":""1316""},{""@Name"":""Image"",""#text"":""C:\\Program Files\\Common Files\\Microsoft Shared\\ClickToRun\\Updates\\16.0.15225.20288\\OfficeClickToRun.exe""},{""@Name"":""TargetFilename"",""#text"":""C:\\Program Files (x86)\\Microsoft Office\\Updates\\Download\\PackageFiles\\8801DF78-4AAE-4735-B3E4-213DE154925A\\root\\Office16\\Appshapi.dll""},{""@Name"":""CreationUtcTime"",""#text"":""2022-06-20 17:19:02.731""},{""@Name"":""User"",""#text"":""NT AUTHORITY\\SYSTEM""}]}}"
566,8071,2022-06-20 17:19:02.9005448,11,Info,Microsoft-Windows-Sysmon,Microsoft-Windows-Sysmon/Operational,2800,6224,TEMPEST,9,S-1-5-18,FileCreate,NT AUTHORITY\SYSTEM,,"ProcessID: 1316, ProcessGUID: 4bbef3ae-abac-62b0-a90a-000000000700",RuleName: DLL,Image: C:\Program Files\Common Files\Microsoft Shared\ClickToRun\Updates\16.0.15225.20288\OfficeClickToRun.exe,TargetFilename: C:\Program Files (x86)\Microsoft Office\Updates\Download\PackageFiles\8801DF78-4AAE-4735-B3E4-213DE154925A\root\Office16\AutoHelper.dll,,,,False,C:\Users\byte store\Desktop\Incident Files Tempest\sysmon.evtx,Classic,0,"{""EventData"":{""Data"":[{""@Name"":""RuleName"",""#text"":""DLL""},{""@Name"":""UtcTime"",""#text"":""2022-06-20 17:19:02.887""},{""@Name"":""ProcessGuid"",""#text"":""4bbef3ae-abac-62b0-a90a-000000000700""},{""@Name"":""ProcessId"",""#text"":""1316""},{""@Name"":""Image"",""#text"":""C:\\Program Files\\Common Files\\Microsoft Shared\\ClickToRun\\Updates\\16.0.15225.20288\\OfficeClickToRun.exe""},{""@Name"":""TargetFilename"",""#text"":""C:\\Program Files (x86)\\Microsoft Office\\Updates\\Download\\PackageFiles\\8801DF78-4AAE-4735-B3E4-213DE154925A\\root\\Office16\\AutoHelper.dll""},{""@Name"":""CreationUtcTime"",""#text"":""2022-06-20 17:19:02.887""},{""@Name"":""User"",""#text"":""NT AUTHORITY\\SYSTEM""}]}}"
567,8072,2022-06-20 17:19:02.9136789,11,Info,Microsoft-Windows-Sysmon,Microsoft-Windows-Sysmon/Operational,2800,6224,TEMPEST,9,S-1-5-18,FileCreate,NT AUTHORITY\SYSTEM,,"ProcessID: 1316, ProcessGUID: 4bbef3ae-abac-62b0-a90a-000000000700",RuleName: DLL,Image: C:\Program Files\Common Files\Microsoft Shared\ClickToRun\Updates\16.0.15225.20288\OfficeClickToRun.exe,TargetFilename: C:\Program Files (x86)\Microsoft Office\Updates\Download\PackageFiles\8801DF78-4AAE-4735-B3E4-213DE154925A\root\Office16\BIPLAT.DLL,,,,False,C:\Users\byte store\Desktop\Incident Files Tempest\sysmon.evtx,Classic,0,"{""EventData"":{""Data"":[{""@Name"":""RuleName"",""#text"":""DLL""},{""@Name"":""UtcTime"",""#text"":""2022-06-20 17:19:02.902""},{""@Name"":""ProcessGuid"",""#text"":""4bbef3ae-abac-62b0-a90a-000000000700""},{""@Name"":""ProcessId"",""#text"":""1316""},{""@Name"":""Image"",""#text"":""C:\\Program Files\\Common Files\\Microsoft Shared\\ClickToRun\\Updates\\16.0.15225.20288\\OfficeClickToRun.exe""},{""@Name"":""TargetFilename"",""#text"":""C:\\Program Files (x86)\\Microsoft Office\\Updates\\Download\\PackageFiles\\8801DF78-4AAE-4735-B3E4-213DE154925A\\root\\Office16\\BIPLAT.DLL""},{""@Name"":""CreationUtcTime"",""#text"":""2022-06-20 17:19:02.902""},{""@Name"":""User"",""#text"":""NT AUTHORITY\\SYSTEM""}]}}"
568,8073,2022-06-20 17:19:02.9395749,11,Info,Microsoft-Windows-Sysmon,Microsoft-Windows-Sysmon/Operational,2800,6224,TEMPEST,9,S-1-5-18,FileCreate,NT AUTHORITY\SYSTEM,,"ProcessID: 1316, ProcessGUID: 4bbef3ae-abac-62b0-a90a-000000000700",RuleName: DLL,Image: C:\Program Files\Common Files\Microsoft Shared\ClickToRun\Updates\16.0.15225.20288\OfficeClickToRun.exe,TargetFilename: C:\Program Files (x86)\Microsoft Office\Updates\Download\PackageFiles\8801DF78-4AAE-4735-B3E4-213DE154925A\root\Office16\CHART.DLL,,,,False,C:\Users\byte store\Desktop\Incident Files Tempest\sysmon.evtx,Classic,0,"{""EventData"":{""Data"":[{""@Name"":""RuleName"",""#text"":""DLL""},{""@Name"":""UtcTime"",""#text"":""2022-06-20 17:19:02.934""},{""@Name"":""ProcessGuid"",""#text"":""4bbef3ae-abac-62b0-a90a-000000000700""},{""@Name"":""ProcessId"",""#text"":""1316""},{""@Name"":""Image"",""#text"":""C:\\Program Files\\Common Files\\Microsoft Shared\\ClickToRun\\Updates\\16.0.15225.20288\\OfficeClickToRun.exe""},{""@Name"":""TargetFilename"",""#text"":""C:\\Program Files (x86)\\Microsoft Office\\Updates\\Download\\PackageFiles\\8801DF78-4AAE-4735-B3E4-213DE154925A\\root\\Office16\\CHART.DLL""},{""@Name"":""CreationUtcTime"",""#text"":""2022-06-20 17:19:02.934""},{""@Name"":""User"",""#text"":""NT AUTHORITY\\SYSTEM""}]}}"
569,8074,2022-06-20 17:19:03.9596238,11,Info,Microsoft-Windows-Sysmon,Microsoft-Windows-Sysmon/Operational,2800,6224,TEMPEST,9,S-1-5-18,FileCreate,NT AUTHORITY\SYSTEM,,"ProcessID: 1316, ProcessGUID: 4bbef3ae-abac-62b0-a90a-000000000700",RuleName: DLL,Image: C:\Program Files\Common Files\Microsoft Shared\ClickToRun\Updates\16.0.15225.20288\OfficeClickToRun.exe,TargetFilename: C:\Program Files (x86)\Microsoft Office\Updates\Download\PackageFiles\8801DF78-4AAE-4735-B3E4-213DE154925A\root\Office16\CONTAB32.DLL,,,,False,C:\Users\byte store\Desktop\Incident Files Tempest\sysmon.evtx,Classic,0,"{""EventData"":{""Data"":[{""@Name"":""RuleName"",""#text"":""DLL""},{""@Name"":""UtcTime"",""#text"":""2022-06-20 17:19:03.949""},{""@Name"":""ProcessGuid"",""#text"":""4bbef3ae-abac-62b0-a90a-000000000700""},{""@Name"":""ProcessId"",""#text"":""1316""},{""@Name"":""Image"",""#text"":""C:\\Program Files\\Common Files\\Microsoft Shared\\ClickToRun\\Updates\\16.0.15225.20288\\OfficeClickToRun.exe""},{""@Name"":""TargetFilename"",""#text"":""C:\\Program Files (x86)\\Microsoft Office\\Updates\\Download\\PackageFiles\\8801DF78-4AAE-4735-B3E4-213DE154925A\\root\\Office16\\CONTAB32.DLL""},{""@Name"":""CreationUtcTime"",""#text"":""2022-06-20 17:19:03.949""},{""@Name"":""User"",""#text"":""NT AUTHORITY\\SYSTEM""}]}}"
570,8075,2022-06-20 17:19:04.0200169,11,Info,Microsoft-Windows-Sysmon,Microsoft-Windows-Sysmon/Operational,2800,6224,TEMPEST,9,S-1-5-18,FileCreate,NT AUTHORITY\SYSTEM,,"ProcessID: 1316, ProcessGUID: 4bbef3ae-abac-62b0-a90a-000000000700",RuleName: DLL,Image: C:\Program Files\Common Files\Microsoft Shared\ClickToRun\Updates\16.0.15225.20288\OfficeClickToRun.exe,TargetFilename: C:\Program Files (x86)\Microsoft Office\Updates\Download\PackageFiles\8801DF78-4AAE-4735-B3E4-213DE154925A\root\Office16\CONVERT\RM.DLL,,,,False,C:\Users\byte store\Desktop\Incident Files Tempest\sysmon.evtx,Classic,0,"{""EventData"":{""Data"":[{""@Name"":""RuleName"",""#text"":""DLL""},{""@Name"":""UtcTime"",""#text"":""2022-06-20 17:19:04.012""},{""@Name"":""ProcessGuid"",""#text"":""4bbef3ae-abac-62b0-a90a-000000000700""},{""@Name"":""ProcessId"",""#text"":""1316""},{""@Name"":""Image"",""#text"":""C:\\Program Files\\Common Files\\Microsoft Shared\\ClickToRun\\Updates\\16.0.15225.20288\\OfficeClickToRun.exe""},{""@Name"":""TargetFilename"",""#text"":""C:\\Program Files (x86)\\Microsoft Office\\Updates\\Download\\PackageFiles\\8801DF78-4AAE-4735-B3E4-213DE154925A\\root\\Office16\\CONVERT\\RM.DLL""},{""@Name"":""CreationUtcTime"",""#text"":""2022-06-20 17:19:04.012""},{""@Name"":""User"",""#text"":""NT AUTHORITY\\SYSTEM""}]}}"
571,8076,2022-06-20 17:19:04.0307239,11,Info,Microsoft-Windows-Sysmon,Microsoft-Windows-Sysmon/Operational,2800,6224,TEMPEST,9,S-1-5-18,FileCreate,NT AUTHORITY\SYSTEM,,"ProcessID: 1316, ProcessGUID: 4bbef3ae-abac-62b0-a90a-000000000700",RuleName: DLL,Image: C:\Program Files\Common Files\Microsoft Shared\ClickToRun\Updates\16.0.15225.20288\OfficeClickToRun.exe,TargetFilename: C:\Program Files (x86)\Microsoft Office\Updates\Download\PackageFiles\8801DF78-4AAE-4735-B3E4-213DE154925A\root\Office16\CONVERT\TRANSMGR.DLL,,,,False,C:\Users\byte store\Desktop\Incident Files Tempest\sysmon.evtx,Classic,0,"{""EventData"":{""Data"":[{""@Name"":""RuleName"",""#text"":""DLL""},{""@Name"":""UtcTime"",""#text"":""2022-06-20 17:19:04.027""},{""@Name"":""ProcessGuid"",""#text"":""4bbef3ae-abac-62b0-a90a-000000000700""},{""@Name"":""ProcessId"",""#text"":""1316""},{""@Name"":""Image"",""#text"":""C:\\Program Files\\Common Files\\Microsoft Shared\\ClickToRun\\Updates\\16.0.15225.20288\\OfficeClickToRun.exe""},{""@Name"":""TargetFilename"",""#text"":""C:\\Program Files (x86)\\Microsoft Office\\Updates\\Download\\PackageFiles\\8801DF78-4AAE-4735-B3E4-213DE154925A\\root\\Office16\\CONVERT\\TRANSMGR.DLL""},{""@Name"":""CreationUtcTime"",""#text"":""2022-06-20 17:19:04.027""},{""@Name"":""User"",""#text"":""NT AUTHORITY\\SYSTEM""}]}}"
572,8077,2022-06-20 17:19:04.0406466,11,Info,Microsoft-Windows-Sysmon,Microsoft-Windows-Sysmon/Operational,2800,6224,TEMPEST,9,S-1-5-18,FileCreate,NT AUTHORITY\SYSTEM,,"ProcessID: 1316, ProcessGUID: 4bbef3ae-abac-62b0-a90a-000000000700",RuleName: DLL,Image: C:\Program Files\Common Files\Microsoft Shared\ClickToRun\Updates\16.0.15225.20288\OfficeClickToRun.exe,TargetFilename: C:\Program Files (x86)\Microsoft Office\Updates\Download\PackageFiles\8801DF78-4AAE-4735-B3E4-213DE154925A\root\Office16\DBGCORE.DLL,,,,False,C:\Users\byte store\Desktop\Incident Files Tempest\sysmon.evtx,Classic,0,"{""EventData"":{""Data"":[{""@Name"":""RuleName"",""#text"":""DLL""},{""@Name"":""UtcTime"",""#text"":""2022-06-20 17:19:04.027""},{""@Name"":""ProcessGuid"",""#text"":""4bbef3ae-abac-62b0-a90a-000000000700""},{""@Name"":""ProcessId"",""#text"":""1316""},{""@Name"":""Image"",""#text"":""C:\\Program Files\\Common Files\\Microsoft Shared\\ClickToRun\\Updates\\16.0.15225.20288\\OfficeClickToRun.exe""},{""@Name"":""TargetFilename"",""#text"":""C:\\Program Files (x86)\\Microsoft Office\\Updates\\Download\\PackageFiles\\8801DF78-4AAE-4735-B3E4-213DE154925A\\root\\Office16\\DBGCORE.DLL""},{""@Name"":""CreationUtcTime"",""#text"":""2022-06-20 17:19:04.027""},{""@Name"":""User"",""#text"":""NT AUTHORITY\\SYSTEM""}]}}"
573,8078,2022-06-20 17:19:04.0520520,11,Info,Microsoft-Windows-Sysmon,Microsoft-Windows-Sysmon/Operational,2800,6224,TEMPEST,9,S-1-5-18,FileCreate,NT AUTHORITY\SYSTEM,,"ProcessID: 1316, ProcessGUID: 4bbef3ae-abac-62b0-a90a-000000000700",RuleName: DLL,Image: C:\Program Files\Common Files\Microsoft Shared\ClickToRun\Updates\16.0.15225.20288\OfficeClickToRun.exe,TargetFilename: C:\Program Files (x86)\Microsoft Office\Updates\Download\PackageFiles\8801DF78-4AAE-4735-B3E4-213DE154925A\root\vfs\ProgramFilesCommonX86\Microsoft Shared\DW\DBGCORE.DLL,,,,False,C:\Users\byte store\Desktop\Incident Files Tempest\sysmon.evtx,Classic,0,"{""EventData"":{""Data"":[{""@Name"":""RuleName"",""#text"":""DLL""},{""@Name"":""UtcTime"",""#text"":""2022-06-20 17:19:04.043""},{""@Name"":""ProcessGuid"",""#text"":""4bbef3ae-abac-62b0-a90a-000000000700""},{""@Name"":""ProcessId"",""#text"":""1316""},{""@Name"":""Image"",""#text"":""C:\\Program Files\\Common Files\\Microsoft Shared\\ClickToRun\\Updates\\16.0.15225.20288\\OfficeClickToRun.exe""},{""@Name"":""TargetFilename"",""#text"":""C:\\Program Files (x86)\\Microsoft Office\\Updates\\Download\\PackageFiles\\8801DF78-4AAE-4735-B3E4-213DE154925A\\root\\vfs\\ProgramFilesCommonX86\\Microsoft Shared\\DW\\DBGCORE.DLL""},{""@Name"":""CreationUtcTime"",""#text"":""2022-06-20 17:19:04.043""},{""@Name"":""User"",""#text"":""NT AUTHORITY\\SYSTEM""}]}}"
574,8079,2022-06-20 17:19:04.0608352,11,Info,Microsoft-Windows-Sysmon,Microsoft-Windows-Sysmon/Operational,2800,6224,TEMPEST,9,S-1-5-18,FileCreate,NT AUTHORITY\SYSTEM,,"ProcessID: 1316, ProcessGUID: 4bbef3ae-abac-62b0-a90a-000000000700",RuleName: DLL,Image: C:\Program Files\Common Files\Microsoft Shared\ClickToRun\Updates\16.0.15225.20288\OfficeClickToRun.exe,TargetFilename: C:\Program Files (x86)\Microsoft Office\Updates\Download\PackageFiles\8801DF78-4AAE-4735-B3E4-213DE154925A\root\Office16\DBGHELP.DLL,,,,False,C:\Users\byte store\Desktop\Incident Files Tempest\sysmon.evtx,Classic,0,"{""EventData"":{""Data"":[{""@Name"":""RuleName"",""#text"":""DLL""},{""@Name"":""UtcTime"",""#text"":""2022-06-20 17:19:04.059""},{""@Name"":""ProcessGuid"",""#text"":""4bbef3ae-abac-62b0-a90a-000000000700""},{""@Name"":""ProcessId"",""#text"":""1316""},{""@Name"":""Image"",""#text"":""C:\\Program Files\\Common Files\\Microsoft Shared\\ClickToRun\\Updates\\16.0.15225.20288\\OfficeClickToRun.exe""},{""@Name"":""TargetFilename"",""#text"":""C:\\Program Files (x86)\\Microsoft Office\\Updates\\Download\\PackageFiles\\8801DF78-4AAE-4735-B3E4-213DE154925A\\root\\Office16\\DBGHELP.DLL""},{""@Name"":""CreationUtcTime"",""#text"":""2022-06-20 17:19:04.059""},{""@Name"":""User"",""#text"":""NT AUTHORITY\\SYSTEM""}]}}"
575,8080,2022-06-20 17:19:04.1118225,11,Info,Microsoft-Windows-Sysmon,Microsoft-Windows-Sysmon/Operational,2800,6224,TEMPEST,9,S-1-5-18,FileCreate,NT AUTHORITY\SYSTEM,,"ProcessID: 1316, ProcessGUID: 4bbef3ae-abac-62b0-a90a-000000000700",RuleName: DLL,Image: C:\Program Files\Common Files\Microsoft Shared\ClickToRun\Updates\16.0.15225.20288\OfficeClickToRun.exe,TargetFilename: C:\Program Files (x86)\Microsoft Office\Updates\Download\PackageFiles\8801DF78-4AAE-4735-B3E4-213DE154925A\root\vfs\ProgramFilesCommonX86\Microsoft Shared\DW\DBGHELP.DLL,,,,False,C:\Users\byte store\Desktop\Incident Files Tempest\sysmon.evtx,Classic,0,"{""EventData"":{""Data"":[{""@Name"":""RuleName"",""#text"":""DLL""},{""@Name"":""UtcTime"",""#text"":""2022-06-20 17:19:04.106""},{""@Name"":""ProcessGuid"",""#text"":""4bbef3ae-abac-62b0-a90a-000000000700""},{""@Name"":""ProcessId"",""#text"":""1316""},{""@Name"":""Image"",""#text"":""C:\\Program Files\\Common Files\\Microsoft Shared\\ClickToRun\\Updates\\16.0.15225.20288\\OfficeClickToRun.exe""},{""@Name"":""TargetFilename"",""#text"":""C:\\Program Files (x86)\\Microsoft Office\\Updates\\Download\\PackageFiles\\8801DF78-4AAE-4735-B3E4-213DE154925A\\root\\vfs\\ProgramFilesCommonX86\\Microsoft Shared\\DW\\DBGHELP.DLL""},{""@Name"":""CreationUtcTime"",""#text"":""2022-06-20 17:19:04.106""},{""@Name"":""User"",""#text"":""NT AUTHORITY\\SYSTEM""}]}}"
576,8081,2022-06-20 17:19:04.2004472,11,Info,Microsoft-Windows-Sysmon,Microsoft-Windows-Sysmon/Operational,2800,6224,TEMPEST,9,S-1-5-18,FileCreate,NT AUTHORITY\SYSTEM,,"ProcessID: 1316, ProcessGUID: 4bbef3ae-abac-62b0-a90a-000000000700",RuleName: EXE,Image: C:\Program Files\Common Files\Microsoft Shared\ClickToRun\Updates\16.0.15225.20288\OfficeClickToRun.exe,TargetFilename: C:\Program Files (x86)\Microsoft Office\Updates\Download\PackageFiles\8801DF78-4AAE-4735-B3E4-213DE154925A\root\Office16\DCF\Common.DBConnection.exe,,,,False,C:\Users\byte store\Desktop\Incident Files Tempest\sysmon.evtx,Classic,0,"{""EventData"":{""Data"":[{""@Name"":""RuleName"",""#text"":""EXE""},{""@Name"":""UtcTime"",""#text"":""2022-06-20 17:19:04.184""},{""@Name"":""ProcessGuid"",""#text"":""4bbef3ae-abac-62b0-a90a-000000000700""},{""@Name"":""ProcessId"",""#text"":""1316""},{""@Name"":""Image"",""#text"":""C:\\Program Files\\Common Files\\Microsoft Shared\\ClickToRun\\Updates\\16.0.15225.20288\\OfficeClickToRun.exe""},{""@Name"":""TargetFilename"",""#text"":""C:\\Program Files (x86)\\Microsoft Office\\Updates\\Download\\PackageFiles\\8801DF78-4AAE-4735-B3E4-213DE154925A\\root\\Office16\\DCF\\Common.DBConnection.exe""},{""@Name"":""CreationUtcTime"",""#text"":""2022-06-20 17:19:04.184""},{""@Name"":""User"",""#text"":""NT AUTHORITY\\SYSTEM""}]}}"
577,8082,2022-06-20 17:19:04.2184859,11,Info,Microsoft-Windows-Sysmon,Microsoft-Windows-Sysmon/Operational,2800,6224,TEMPEST,9,S-1-5-18,FileCreate,NT AUTHORITY\SYSTEM,,"ProcessID: 1316, ProcessGUID: 4bbef3ae-abac-62b0-a90a-000000000700",RuleName: EXE,Image: C:\Program Files\Common Files\Microsoft Shared\ClickToRun\Updates\16.0.15225.20288\OfficeClickToRun.exe,TargetFilename: C:\Program Files (x86)\Microsoft Office\Updates\Download\PackageFiles\8801DF78-4AAE-4735-B3E4-213DE154925A\root\Office16\DCF\Common.DBConnection64.exe,,,,False,C:\Users\byte store\Desktop\Incident Files Tempest\sysmon.evtx,Classic,0,"{""EventData"":{""Data"":[{""@Name"":""RuleName"",""#text"":""EXE""},{""@Name"":""UtcTime"",""#text"":""2022-06-20 17:19:04.215""},{""@Name"":""ProcessGuid"",""#text"":""4bbef3ae-abac-62b0-a90a-000000000700""},{""@Name"":""ProcessId"",""#text"":""1316""},{""@Name"":""Image"",""#text"":""C:\\Program Files\\Common Files\\Microsoft Shared\\ClickToRun\\Updates\\16.0.15225.20288\\OfficeClickToRun.exe""},{""@Name"":""TargetFilename"",""#text"":""C:\\Program Files (x86)\\Microsoft Office\\Updates\\Download\\PackageFiles\\8801DF78-4AAE-4735-B3E4-213DE154925A\\root\\Office16\\DCF\\Common.DBConnection64.exe""},{""@Name"":""CreationUtcTime"",""#text"":""2022-06-20 17:19:04.215""},{""@Name"":""User"",""#text"":""NT AUTHORITY\\SYSTEM""}]}}"
578,8083,2022-06-20 17:19:04.2270669,11,Info,Microsoft-Windows-Sysmon,Microsoft-Windows-Sysmon/Operational,2800,6224,TEMPEST,9,S-1-5-18,FileCreate,NT AUTHORITY\SYSTEM,,"ProcessID: 1316, ProcessGUID: 4bbef3ae-abac-62b0-a90a-000000000700",RuleName: DLL,Image: C:\Program Files\Common Files\Microsoft Shared\ClickToRun\Updates\16.0.15225.20288\OfficeClickToRun.exe,TargetFilename: C:\Program Files (x86)\Microsoft Office\Updates\Download\PackageFiles\8801DF78-4AAE-4735-B3E4-213DE154925A\root\Office16\DCF\Common.DatabaseServices.dll,,,,False,C:\Users\byte store\Desktop\Incident Files Tempest\sysmon.evtx,Classic,0,"{""EventData"":{""Data"":[{""@Name"":""RuleName"",""#text"":""DLL""},{""@Name"":""UtcTime"",""#text"":""2022-06-20 17:19:04.215""},{""@Name"":""ProcessGuid"",""#text"":""4bbef3ae-abac-62b0-a90a-000000000700""},{""@Name"":""ProcessId"",""#text"":""1316""},{""@Name"":""Image"",""#text"":""C:\\Program Files\\Common Files\\Microsoft Shared\\ClickToRun\\Updates\\16.0.15225.20288\\OfficeClickToRun.exe""},{""@Name"":""TargetFilename"",""#text"":""C:\\Program Files (x86)\\Microsoft Office\\Updates\\Download\\PackageFiles\\8801DF78-4AAE-4735-B3E4-213DE154925A\\root\\Office16\\DCF\\Common.DatabaseServices.dll""},{""@Name"":""CreationUtcTime"",""#text"":""2022-06-20 17:19:04.215""},{""@Name"":""User"",""#text"":""NT AUTHORITY\\SYSTEM""}]}}"
579,8084,2022-06-20 17:19:04.2383368,11,Info,Microsoft-Windows-Sysmon,Microsoft-Windows-Sysmon/Operational,2800,6224,TEMPEST,9,S-1-5-18,FileCreate,NT AUTHORITY\SYSTEM,,"ProcessID: 1316, ProcessGUID: 4bbef3ae-abac-62b0-a90a-000000000700",RuleName: DLL,Image: C:\Program Files\Common Files\Microsoft Shared\ClickToRun\Updates\16.0.15225.20288\OfficeClickToRun.exe,TargetFilename: C:\Program Files (x86)\Microsoft Office\Updates\Download\PackageFiles\8801DF78-4AAE-4735-B3E4-213DE154925A\root\Office16\DCF\Common.ExcelServices.dll,,,,False,C:\Users\byte store\Desktop\Incident Files Tempest\sysmon.evtx,Classic,0,"{""EventData"":{""Data"":[{""@Name"":""RuleName"",""#text"":""DLL""},{""@Name"":""UtcTime"",""#text"":""2022-06-20 17:19:04.230""},{""@Name"":""ProcessGuid"",""#text"":""4bbef3ae-abac-62b0-a90a-000000000700""},{""@Name"":""ProcessId"",""#text"":""1316""},{""@Name"":""Image"",""#text"":""C:\\Program Files\\Common Files\\Microsoft Shared\\ClickToRun\\Updates\\16.0.15225.20288\\OfficeClickToRun.exe""},{""@Name"":""TargetFilename"",""#text"":""C:\\Program Files (x86)\\Microsoft Office\\Updates\\Download\\PackageFiles\\8801DF78-4AAE-4735-B3E4-213DE154925A\\root\\Office16\\DCF\\Common.ExcelServices.dll""},{""@Name"":""CreationUtcTime"",""#text"":""2022-06-20 17:19:04.230""},{""@Name"":""User"",""#text"":""NT AUTHORITY\\SYSTEM""}]}}"
580,8085,2022-06-20 17:19:04.2517506,11,Info,Microsoft-Windows-Sysmon,Microsoft-Windows-Sysmon/Operational,2800,6224,TEMPEST,9,S-1-5-18,FileCreate,NT AUTHORITY\SYSTEM,,"ProcessID: 1316, ProcessGUID: 4bbef3ae-abac-62b0-a90a-000000000700",RuleName: DLL,Image: C:\Program Files\Common Files\Microsoft Shared\ClickToRun\Updates\16.0.15225.20288\OfficeClickToRun.exe,TargetFilename: C:\Program Files (x86)\Microsoft Office\Updates\Download\PackageFiles\8801DF78-4AAE-4735-B3E4-213DE154925A\root\Office16\DCF\Common.PasswordManager.dll,,,,False,C:\Users\byte store\Desktop\Incident Files Tempest\sysmon.evtx,Classic,0,"{""EventData"":{""Data"":[{""@Name"":""RuleName"",""#text"":""DLL""},{""@Name"":""UtcTime"",""#text"":""2022-06-20 17:19:04.246""},{""@Name"":""ProcessGuid"",""#text"":""4bbef3ae-abac-62b0-a90a-000000000700""},{""@Name"":""ProcessId"",""#text"":""1316""},{""@Name"":""Image"",""#text"":""C:\\Program Files\\Common Files\\Microsoft Shared\\ClickToRun\\Updates\\16.0.15225.20288\\OfficeClickToRun.exe""},{""@Name"":""TargetFilename"",""#text"":""C:\\Program Files (x86)\\Microsoft Office\\Updates\\Download\\PackageFiles\\8801DF78-4AAE-4735-B3E4-213DE154925A\\root\\Office16\\DCF\\Common.PasswordManager.dll""},{""@Name"":""CreationUtcTime"",""#text"":""2022-06-20 17:19:04.246""},{""@Name"":""User"",""#text"":""NT AUTHORITY\\SYSTEM""}]}}"
581,8086,2022-06-20 17:19:04.2652445,11,Info,Microsoft-Windows-Sysmon,Microsoft-Windows-Sysmon/Operational,2800,6224,TEMPEST,9,S-1-5-18,FileCreate,NT AUTHORITY\SYSTEM,,"ProcessID: 1316, ProcessGUID: 4bbef3ae-abac-62b0-a90a-000000000700",RuleName: EXE,Image: C:\Program Files\Common Files\Microsoft Shared\ClickToRun\Updates\16.0.15225.20288\OfficeClickToRun.exe,TargetFilename: C:\Program Files (x86)\Microsoft Office\Updates\Download\PackageFiles\8801DF78-4AAE-4735-B3E4-213DE154925A\root\Office16\DCF\Common.ShowHelp.exe,,,,False,C:\Users\byte store\Desktop\Incident Files Tempest\sysmon.evtx,Classic,0,"{""EventData"":{""Data"":[{""@Name"":""RuleName"",""#text"":""EXE""},{""@Name"":""UtcTime"",""#text"":""2022-06-20 17:19:04.262""},{""@Name"":""ProcessGuid"",""#text"":""4bbef3ae-abac-62b0-a90a-000000000700""},{""@Name"":""ProcessId"",""#text"":""1316""},{""@Name"":""Image"",""#text"":""C:\\Program Files\\Common Files\\Microsoft Shared\\ClickToRun\\Updates\\16.0.15225.20288\\OfficeClickToRun.exe""},{""@Name"":""TargetFilename"",""#text"":""C:\\Program Files (x86)\\Microsoft Office\\Updates\\Download\\PackageFiles\\8801DF78-4AAE-4735-B3E4-213DE154925A\\root\\Office16\\DCF\\Common.ShowHelp.exe""},{""@Name"":""CreationUtcTime"",""#text"":""2022-06-20 17:19:04.262""},{""@Name"":""User"",""#text"":""NT AUTHORITY\\SYSTEM""}]}}"
582,8087,2022-06-20 17:19:04.2759441,11,Info,Microsoft-Windows-Sysmon,Microsoft-Windows-Sysmon/Operational,2800,6224,TEMPEST,9,S-1-5-18,FileCreate,NT AUTHORITY\SYSTEM,,"ProcessID: 1316, ProcessGUID: 4bbef3ae-abac-62b0-a90a-000000000700",RuleName: DLL,Image: C:\Program Files\Common Files\Microsoft Shared\ClickToRun\Updates\16.0.15225.20288\OfficeClickToRun.exe,TargetFilename: C:\Program Files (x86)\Microsoft Office\Updates\Download\PackageFiles\8801DF78-4AAE-4735-B3E4-213DE154925A\root\Office16\DCF\DcfMsoWrapper.dll,,,,False,C:\Users\byte store\Desktop\Incident Files Tempest\sysmon.evtx,Classic,0,"{""EventData"":{""Data"":[{""@Name"":""RuleName"",""#text"":""DLL""},{""@Name"":""UtcTime"",""#text"":""2022-06-20 17:19:04.262""},{""@Name"":""ProcessGuid"",""#text"":""4bbef3ae-abac-62b0-a90a-000000000700""},{""@Name"":""ProcessId"",""#text"":""1316""},{""@Name"":""Image"",""#text"":""C:\\Program Files\\Common Files\\Microsoft Shared\\ClickToRun\\Updates\\16.0.15225.20288\\OfficeClickToRun.exe""},{""@Name"":""TargetFilename"",""#text"":""C:\\Program Files (x86)\\Microsoft Office\\Updates\\Download\\PackageFiles\\8801DF78-4AAE-4735-B3E4-213DE154925A\\root\\Office16\\DCF\\DcfMsoWrapper.dll""},{""@Name"":""CreationUtcTime"",""#text"":""2022-06-20 17:19:04.262""},{""@Name"":""User"",""#text"":""NT AUTHORITY\\SYSTEM""}]}}"
583,8088,2022-06-20 17:19:04.2880180,11,Info,Microsoft-Windows-Sysmon,Microsoft-Windows-Sysmon/Operational,2800,6224,TEMPEST,9,S-1-5-18,FileCreate,NT AUTHORITY\SYSTEM,,"ProcessID: 1316, ProcessGUID: 4bbef3ae-abac-62b0-a90a-000000000700",RuleName: DLL,Image: C:\Program Files\Common Files\Microsoft Shared\ClickToRun\Updates\16.0.15225.20288\OfficeClickToRun.exe,TargetFilename: C:\Program Files (x86)\Microsoft Office\Updates\Download\PackageFiles\8801DF78-4AAE-4735-B3E4-213DE154925A\root\Office16\DCF\DcfMsoWrapper.x86.dll,,,,False,C:\Users\byte store\Desktop\Incident Files Tempest\sysmon.evtx,Classic,0,"{""EventData"":{""Data"":[{""@Name"":""RuleName"",""#text"":""DLL""},{""@Name"":""UtcTime"",""#text"":""2022-06-20 17:19:04.277""},{""@Name"":""ProcessGuid"",""#text"":""4bbef3ae-abac-62b0-a90a-000000000700""},{""@Name"":""ProcessId"",""#text"":""1316""},{""@Name"":""Image"",""#text"":""C:\\Program Files\\Common Files\\Microsoft Shared\\ClickToRun\\Updates\\16.0.15225.20288\\OfficeClickToRun.exe""},{""@Name"":""TargetFilename"",""#text"":""C:\\Program Files (x86)\\Microsoft Office\\Updates\\Download\\PackageFiles\\8801DF78-4AAE-4735-B3E4-213DE154925A\\root\\Office16\\DCF\\DcfMsoWrapper.x86.dll""},{""@Name"":""CreationUtcTime"",""#text"":""2022-06-20 17:19:04.277""},{""@Name"":""User"",""#text"":""NT AUTHORITY\\SYSTEM""}]}}"
584,8089,2022-06-20 17:19:04.2979004,11,Info,Microsoft-Windows-Sysmon,Microsoft-Windows-Sysmon/Operational,2800,6224,TEMPEST,9,S-1-5-18,FileCreate,NT AUTHORITY\SYSTEM,,"ProcessID: 1316, ProcessGUID: 4bbef3ae-abac-62b0-a90a-000000000700",RuleName: DLL,Image: C:\Program Files\Common Files\Microsoft Shared\ClickToRun\Updates\16.0.15225.20288\OfficeClickToRun.exe,TargetFilename: C:\Program Files (x86)\Microsoft Office\Updates\Download\PackageFiles\8801DF78-4AAE-4735-B3E4-213DE154925A\root\Office16\DCF\Microsoft.Office.Interop.Excel.dll,,,,False,C:\Users\byte store\Desktop\Incident Files Tempest\sysmon.evtx,Classic,0,"{""EventData"":{""Data"":[{""@Name"":""RuleName"",""#text"":""DLL""},{""@Name"":""UtcTime"",""#text"":""2022-06-20 17:19:04.293""},{""@Name"":""ProcessGuid"",""#text"":""4bbef3ae-abac-62b0-a90a-000000000700""},{""@Name"":""ProcessId"",""#text"":""1316""},{""@Name"":""Image"",""#text"":""C:\\Program Files\\Common Files\\Microsoft Shared\\ClickToRun\\Updates\\16.0.15225.20288\\OfficeClickToRun.exe""},{""@Name"":""TargetFilename"",""#text"":""C:\\Program Files (x86)\\Microsoft Office\\Updates\\Download\\PackageFiles\\8801DF78-4AAE-4735-B3E4-213DE154925A\\root\\Office16\\DCF\\Microsoft.Office.Interop.Excel.dll""},{""@Name"":""CreationUtcTime"",""#text"":""2022-06-20 17:19:04.293""},{""@Name"":""User"",""#text"":""NT AUTHORITY\\SYSTEM""}]}}"
585,8090,2022-06-20 17:19:04.3540589,11,Info,Microsoft-Windows-Sysmon,Microsoft-Windows-Sysmon/Operational,2800,6224,TEMPEST,9,S-1-5-18,FileCreate,NT AUTHORITY\SYSTEM,,"ProcessID: 1316, ProcessGUID: 4bbef3ae-abac-62b0-a90a-000000000700",RuleName: DLL,Image: C:\Program Files\Common Files\Microsoft Shared\ClickToRun\Updates\16.0.15225.20288\OfficeClickToRun.exe,TargetFilename: C:\Program Files (x86)\Microsoft Office\Updates\Download\PackageFiles\8801DF78-4AAE-4735-B3E4-213DE154925A\root\Office16\DCF\NativeShim.Resources.dll,,,,False,C:\Users\byte store\Desktop\Incident Files Tempest\sysmon.evtx,Classic,0,"{""EventData"":{""Data"":[{""@Name"":""RuleName"",""#text"":""DLL""},{""@Name"":""UtcTime"",""#text"":""2022-06-20 17:19:04.340""},{""@Name"":""ProcessGuid"",""#text"":""4bbef3ae-abac-62b0-a90a-000000000700""},{""@Name"":""ProcessId"",""#text"":""1316""},{""@Name"":""Image"",""#text"":""C:\\Program Files\\Common Files\\Microsoft Shared\\ClickToRun\\Updates\\16.0.15225.20288\\OfficeClickToRun.exe""},{""@Name"":""TargetFilename"",""#text"":""C:\\Program Files (x86)\\Microsoft Office\\Updates\\Download\\PackageFiles\\8801DF78-4AAE-4735-B3E4-213DE154925A\\root\\Office16\\DCF\\NativeShim.Resources.dll""},{""@Name"":""CreationUtcTime"",""#text"":""2022-06-20 17:19:04.340""},{""@Name"":""User"",""#text"":""NT AUTHORITY\\SYSTEM""}]}}"
586,8091,2022-06-20 17:19:04.3802352,11,Info,Microsoft-Windows-Sysmon,Microsoft-Windows-Sysmon/Operational,2800,6224,TEMPEST,9,S-1-5-18,FileCreate,NT AUTHORITY\SYSTEM,,"ProcessID: 1316, ProcessGUID: 4bbef3ae-abac-62b0-a90a-000000000700",RuleName: DLL,Image: C:\Program Files\Common Files\Microsoft Shared\ClickToRun\Updates\16.0.15225.20288\OfficeClickToRun.exe,TargetFilename: C:\Program Files (x86)\Microsoft Office\Updates\Download\PackageFiles\8801DF78-4AAE-4735-B3E4-213DE154925A\root\Office16\DCF\NativeShim.dll,,,,False,C:\Users\byte store\Desktop\Incident Files Tempest\sysmon.evtx,Classic,0,"{""EventData"":{""Data"":[{""@Name"":""RuleName"",""#text"":""DLL""},{""@Name"":""UtcTime"",""#text"":""2022-06-20 17:19:04.371""},{""@Name"":""ProcessGuid"",""#text"":""4bbef3ae-abac-62b0-a90a-000000000700""},{""@Name"":""ProcessId"",""#text"":""1316""},{""@Name"":""Image"",""#text"":""C:\\Program Files\\Common Files\\Microsoft Shared\\ClickToRun\\Updates\\16.0.15225.20288\\OfficeClickToRun.exe""},{""@Name"":""TargetFilename"",""#text"":""C:\\Program Files (x86)\\Microsoft Office\\Updates\\Download\\PackageFiles\\8801DF78-4AAE-4735-B3E4-213DE154925A\\root\\Office16\\DCF\\NativeShim.dll""},{""@Name"":""CreationUtcTime"",""#text"":""2022-06-20 17:19:04.371""},{""@Name"":""User"",""#text"":""NT AUTHORITY\\SYSTEM""}]}}"
587,8092,2022-06-20 17:19:04.3971466,11,Info,Microsoft-Windows-Sysmon,Microsoft-Windows-Sysmon/Operational,2800,6224,TEMPEST,9,S-1-5-18,FileCreate,NT AUTHORITY\SYSTEM,,"ProcessID: 1316, ProcessGUID: 4bbef3ae-abac-62b0-a90a-000000000700",RuleName: EXE,Image: C:\Program Files\Common Files\Microsoft Shared\ClickToRun\Updates\16.0.15225.20288\OfficeClickToRun.exe,TargetFilename: C:\Program Files (x86)\Microsoft Office\Updates\Download\PackageFiles\8801DF78-4AAE-4735-B3E4-213DE154925A\root\Office16\DCF\SPREADSHEETCOMPARE.EXE,,,,False,C:\Users\byte store\Desktop\Incident Files Tempest\sysmon.evtx,Classic,0,"{""EventData"":{""Data"":[{""@Name"":""RuleName"",""#text"":""EXE""},{""@Name"":""UtcTime"",""#text"":""2022-06-20 17:19:04.387""},{""@Name"":""ProcessGuid"",""#text"":""4bbef3ae-abac-62b0-a90a-000000000700""},{""@Name"":""ProcessId"",""#text"":""1316""},{""@Name"":""Image"",""#text"":""C:\\Program Files\\Common Files\\Microsoft Shared\\ClickToRun\\Updates\\16.0.15225.20288\\OfficeClickToRun.exe""},{""@Name"":""TargetFilename"",""#text"":""C:\\Program Files (x86)\\Microsoft Office\\Updates\\Download\\PackageFiles\\8801DF78-4AAE-4735-B3E4-213DE154925A\\root\\Office16\\DCF\\SPREADSHEETCOMPARE.EXE""},{""@Name"":""CreationUtcTime"",""#text"":""2022-06-20 17:19:04.387""},{""@Name"":""User"",""#text"":""NT AUTHORITY\\SYSTEM""}]}}"
588,8093,2022-06-20 17:19:04.4190947,11,Info,Microsoft-Windows-Sysmon,Microsoft-Windows-Sysmon/Operational,2800,6224,TEMPEST,9,S-1-5-18,FileCreate,NT AUTHORITY\SYSTEM,,"ProcessID: 1316, ProcessGUID: 4bbef3ae-abac-62b0-a90a-000000000700",RuleName: DLL,Image: C:\Program Files\Common Files\Microsoft Shared\ClickToRun\Updates\16.0.15225.20288\OfficeClickToRun.exe,TargetFilename: C:\Program Files (x86)\Microsoft Office\Updates\Download\PackageFiles\8801DF78-4AAE-4735-B3E4-213DE154925A\root\Office16\DCF\SpreadsheetIQ.Diagram.dll,,,,False,C:\Users\byte store\Desktop\Incident Files Tempest\sysmon.evtx,Classic,0,"{""EventData"":{""Data"":[{""@Name"":""RuleName"",""#text"":""DLL""},{""@Name"":""UtcTime"",""#text"":""2022-06-20 17:19:04.402""},{""@Name"":""ProcessGuid"",""#text"":""4bbef3ae-abac-62b0-a90a-000000000700""},{""@Name"":""ProcessId"",""#text"":""1316""},{""@Name"":""Image"",""#text"":""C:\\Program Files\\Common Files\\Microsoft Shared\\ClickToRun\\Updates\\16.0.15225.20288\\OfficeClickToRun.exe""},{""@Name"":""TargetFilename"",""#text"":""C:\\Program Files (x86)\\Microsoft Office\\Updates\\Download\\PackageFiles\\8801DF78-4AAE-4735-B3E4-213DE154925A\\root\\Office16\\DCF\\SpreadsheetIQ.Diagram.dll""},{""@Name"":""CreationUtcTime"",""#text"":""2022-06-20 17:19:04.402""},{""@Name"":""User"",""#text"":""NT AUTHORITY\\SYSTEM""}]}}"
589,8094,2022-06-20 17:19:04.4341091,11,Info,Microsoft-Windows-Sysmon,Microsoft-Windows-Sysmon/Operational,2800,6224,TEMPEST,9,S-1-5-18,FileCreate,NT AUTHORITY\SYSTEM,,"ProcessID: 1316, ProcessGUID: 4bbef3ae-abac-62b0-a90a-000000000700",RuleName: DLL,Image: C:\Program Files\Common Files\Microsoft Shared\ClickToRun\Updates\16.0.15225.20288\OfficeClickToRun.exe,TargetFilename: C:\Program Files (x86)\Microsoft Office\Updates\Download\PackageFiles\8801DF78-4AAE-4735-B3E4-213DE154925A\root\Office16\DCF\SpreadsheetIQ.ExcelAddIn.dll,,,,False,C:\Users\byte store\Desktop\Incident Files Tempest\sysmon.evtx,Classic,0,"{""EventData"":{""Data"":[{""@Name"":""RuleName"",""#text"":""DLL""},{""@Name"":""UtcTime"",""#text"":""2022-06-20 17:19:04.418""},{""@Name"":""ProcessGuid"",""#text"":""4bbef3ae-abac-62b0-a90a-000000000700""},{""@Name"":""ProcessId"",""#text"":""1316""},{""@Name"":""Image"",""#text"":""C:\\Program Files\\Common Files\\Microsoft Shared\\ClickToRun\\Updates\\16.0.15225.20288\\OfficeClickToRun.exe""},{""@Name"":""TargetFilename"",""#text"":""C:\\Program Files (x86)\\Microsoft Office\\Updates\\Download\\PackageFiles\\8801DF78-4AAE-4735-B3E4-213DE154925A\\root\\Office16\\DCF\\SpreadsheetIQ.ExcelAddIn.dll""},{""@Name"":""CreationUtcTime"",""#text"":""2022-06-20 17:19:04.418""},{""@Name"":""User"",""#text"":""NT AUTHORITY\\SYSTEM""}]}}"
590,8095,2022-06-20 17:19:04.4616416,11,Info,Microsoft-Windows-Sysmon,Microsoft-Windows-Sysmon/Operational,2800,6224,TEMPEST,9,S-1-5-18,FileCreate,NT AUTHORITY\SYSTEM,,"ProcessID: 1316, ProcessGUID: 4bbef3ae-abac-62b0-a90a-000000000700",RuleName: DLL,Image: C:\Program Files\Common Files\Microsoft Shared\ClickToRun\Updates\16.0.15225.20288\OfficeClickToRun.exe,TargetFilename: C:\Program Files (x86)\Microsoft Office\Updates\Download\PackageFiles\8801DF78-4AAE-4735-B3E4-213DE154925A\root\Office16\DCF\SpreadsheetIQ.ExcelServices.dll,,,,False,C:\Users\byte store\Desktop\Incident Files Tempest\sysmon.evtx,Classic,0,"{""EventData"":{""Data"":[{""@Name"":""RuleName"",""#text"":""DLL""},{""@Name"":""UtcTime"",""#text"":""2022-06-20 17:19:04.449""},{""@Name"":""ProcessGuid"",""#text"":""4bbef3ae-abac-62b0-a90a-000000000700""},{""@Name"":""ProcessId"",""#text"":""1316""},{""@Name"":""Image"",""#text"":""C:\\Program Files\\Common Files\\Microsoft Shared\\ClickToRun\\Updates\\16.0.15225.20288\\OfficeClickToRun.exe""},{""@Name"":""TargetFilename"",""#text"":""C:\\Program Files (x86)\\Microsoft Office\\Updates\\Download\\PackageFiles\\8801DF78-4AAE-4735-B3E4-213DE154925A\\root\\Office16\\DCF\\SpreadsheetIQ.ExcelServices.dll""},{""@Name"":""CreationUtcTime"",""#text"":""2022-06-20 17:19:04.449""},{""@Name"":""User"",""#text"":""NT AUTHORITY\\SYSTEM""}]}}"
591,8096,2022-06-20 17:19:04.4777441,11,Info,Microsoft-Windows-Sysmon,Microsoft-Windows-Sysmon/Operational,2800,6224,TEMPEST,9,S-1-5-18,FileCreate,NT AUTHORITY\SYSTEM,,"ProcessID: 1316, ProcessGUID: 4bbef3ae-abac-62b0-a90a-000000000700",RuleName: EXE,Image: C:\Program Files\Common Files\Microsoft Shared\ClickToRun\Updates\16.0.15225.20288\OfficeClickToRun.exe,TargetFilename: C:\Program Files (x86)\Microsoft Office\Updates\Download\PackageFiles\8801DF78-4AAE-4735-B3E4-213DE154925A\root\Office16\DCF\filecompare.exe,,,,False,C:\Users\byte store\Desktop\Incident Files Tempest\sysmon.evtx,Classic,0,"{""EventData"":{""Data"":[{""@Name"":""RuleName"",""#text"":""EXE""},{""@Name"":""UtcTime"",""#text"":""2022-06-20 17:19:04.465""},{""@Name"":""ProcessGuid"",""#text"":""4bbef3ae-abac-62b0-a90a-000000000700""},{""@Name"":""ProcessId"",""#text"":""1316""},{""@Name"":""Image"",""#text"":""C:\\Program Files\\Common Files\\Microsoft Shared\\ClickToRun\\Updates\\16.0.15225.20288\\OfficeClickToRun.exe""},{""@Name"":""TargetFilename"",""#text"":""C:\\Program Files (x86)\\Microsoft Office\\Updates\\Download\\PackageFiles\\8801DF78-4AAE-4735-B3E4-213DE154925A\\root\\Office16\\DCF\\filecompare.exe""},{""@Name"":""CreationUtcTime"",""#text"":""2022-06-20 17:19:04.465""},{""@Name"":""User"",""#text"":""NT AUTHORITY\\SYSTEM""}]}}"
592,8097,2022-06-20 17:19:04.4961906,11,Info,Microsoft-Windows-Sysmon,Microsoft-Windows-Sysmon/Operational,2800,6224,TEMPEST,9,S-1-5-18,FileCreate,NT AUTHORITY\SYSTEM,,"ProcessID: 1316, ProcessGUID: 4bbef3ae-abac-62b0-a90a-000000000700",RuleName: DLL,Image: C:\Program Files\Common Files\Microsoft Shared\ClickToRun\Updates\16.0.15225.20288\OfficeClickToRun.exe,TargetFilename: C:\Program Files (x86)\Microsoft Office\Updates\Download\PackageFiles\8801DF78-4AAE-4735-B3E4-213DE154925A\root\Office16\DCF\office.dll,,,,False,C:\Users\byte store\Desktop\Incident Files Tempest\sysmon.evtx,Classic,0,"{""EventData"":{""Data"":[{""@Name"":""RuleName"",""#text"":""DLL""},{""@Name"":""UtcTime"",""#text"":""2022-06-20 17:19:04.481""},{""@Name"":""ProcessGuid"",""#text"":""4bbef3ae-abac-62b0-a90a-000000000700""},{""@Name"":""ProcessId"",""#text"":""1316""},{""@Name"":""Image"",""#text"":""C:\\Program Files\\Common Files\\Microsoft Shared\\ClickToRun\\Updates\\16.0.15225.20288\\OfficeClickToRun.exe""},{""@Name"":""TargetFilename"",""#text"":""C:\\Program Files (x86)\\Microsoft Office\\Updates\\Download\\PackageFiles\\8801DF78-4AAE-4735-B3E4-213DE154925A\\root\\Office16\\DCF\\office.dll""},{""@Name"":""CreationUtcTime"",""#text"":""2022-06-20 17:19:04.481""},{""@Name"":""User"",""#text"":""NT AUTHORITY\\SYSTEM""}]}}"
593,8098,2022-06-20 17:19:04.5176852,11,Info,Microsoft-Windows-Sysmon,Microsoft-Windows-Sysmon/Operational,2800,6224,TEMPEST,9,S-1-5-18,FileCreate,NT AUTHORITY\SYSTEM,,"ProcessID: 1316, ProcessGUID: 4bbef3ae-abac-62b0-a90a-000000000700",RuleName: DLL,Image: C:\Program Files\Common Files\Microsoft Shared\ClickToRun\Updates\16.0.15225.20288\OfficeClickToRun.exe,TargetFilename: C:\Program Files (x86)\Microsoft Office\Updates\Download\PackageFiles\8801DF78-4AAE-4735-B3E4-213DE154925A\root\Office16\DIFF_MATCH_PATCH_WIN32.DLL,,,,False,C:\Users\byte store\Desktop\Incident Files Tempest\sysmon.evtx,Classic,0,"{""EventData"":{""Data"":[{""@Name"":""RuleName"",""#text"":""DLL""},{""@Name"":""UtcTime"",""#text"":""2022-06-20 17:19:04.512""},{""@Name"":""ProcessGuid"",""#text"":""4bbef3ae-abac-62b0-a90a-000000000700""},{""@Name"":""ProcessId"",""#text"":""1316""},{""@Name"":""Image"",""#text"":""C:\\Program Files\\Common Files\\Microsoft Shared\\ClickToRun\\Updates\\16.0.15225.20288\\OfficeClickToRun.exe""},{""@Name"":""TargetFilename"",""#text"":""C:\\Program Files (x86)\\Microsoft Office\\Updates\\Download\\PackageFiles\\8801DF78-4AAE-4735-B3E4-213DE154925A\\root\\Office16\\DIFF_MATCH_PATCH_WIN32.DLL""},{""@Name"":""CreationUtcTime"",""#text"":""2022-06-20 17:19:04.512""},{""@Name"":""User"",""#text"":""NT AUTHORITY\\SYSTEM""}]}}"
