222,7727,2022-06-20 17:14:50.2056286,1,Info,Microsoft-Windows-Sysmon,Microsoft-Windows-Sysmon/Operational,2800,6224,TEMPEST,3,S-1-5-18,Process creation,TEMPEST\benimaru,,"ProcessID: 6432, ProcessGUID: 4bbef3ae-ab0a-62b0-630a-000000000700",RuleName: -,"MD5=F225F37717C8D714B56CF21C7C1E9C34,SHA256=E272D0E33299BCA60479683EAE0D9B5D880293C01B337D5759FEE812EA631A39,IMPHASH=9839C7FD9649496B162F72128209528A",ParentProcess: C:\Windows\System32\svchost.exe,"ParentProcessID: 1760, ParentProcessGUID: 4bbef3ae-8428-62b0-2f00-000000000700",ParentCommandLine: C:\Windows\system32\svchost.exe -k netsvcs -p -s Schedule,taskhostw.exe logon,False,C:\Users\byte store\Desktop\Incident Files Tempest\sysmon.evtx,Classic,0,"{""EventData"":{""Data"":[{""@Name"":""RuleName"",""#text"":""-""},{""@Name"":""UtcTime"",""#text"":""2022-06-20 17:14:50.199""},{""@Name"":""ProcessGuid"",""#text"":""4bbef3ae-ab0a-62b0-630a-000000000700""},{""@Name"":""ProcessId"",""#text"":""6432""},{""@Name"":""Image"",""#text"":""C:\\Windows\\System32\\taskhostw.exe""},{""@Name"":""FileVersion"",""#text"":""10.0.17763.1 (WinBuild.160101.0800)""},{""@Name"":""Description"",""#text"":""Host Process for Windows Tasks""},{""@Name"":""Product"",""#text"":""Microsoft® Windows® Operating System""},{""@Name"":""Company"",""#text"":""Microsoft Corporation""},{""@Name"":""OriginalFileName"",""#text"":""taskhostw.exe""},{""@Name"":""CommandLine"",""#text"":""taskhostw.exe logon""},{""@Name"":""CurrentDirectory"",""#text"":""C:\\Windows\\system32\\""},{""@Name"":""User"",""#text"":""TEMPEST\\benimaru""},{""@Name"":""LogonGuid"",""#text"":""4bbef3ae-ab09-62b0-1ca9-b00100000000""},{""@Name"":""LogonId"",""#text"":""0x1B0A91C""},{""@Name"":""TerminalSessionId"",""#text"":""11""},{""@Name"":""IntegrityLevel"",""#text"":""Medium""},{""@Name"":""Hashes"",""#text"":""MD5=F225F37717C8D714B56CF21C7C1E9C34,SHA256=E272D0E33299BCA60479683EAE0D9B5D880293C01B337D5759FEE812EA631A39,IMPHASH=9839C7FD9649496B162F72128209528A""},{""@Name"":""ParentProcessGuid"",""#text"":""4bbef3ae-8428-62b0-2f00-000000000700""},{""@Name"":""ParentProcessId"",""#text"":""1760""},{""@Name"":""ParentImage"",""#text"":""C:\\Windows\\System32\\svchost.exe""},{""@Name"":""ParentCommandLine"",""#text"":""C:\\Windows\\system32\\svchost.exe -k netsvcs -p -s Schedule""},{""@Name"":""ParentUser"",""#text"":""NT AUTHORITY\\SYSTEM""}]}}"
223,7728,2022-06-20 17:14:50.2275649,1,Info,Microsoft-Windows-Sysmon,Microsoft-Windows-Sysmon/Operational,2800,6224,TEMPEST,3,S-1-5-18,Process creation,NT AUTHORITY\SYSTEM,,"ProcessID: 7840, ProcessGUID: 4bbef3ae-ab0a-62b0-640a-000000000700",RuleName: -,"MD5=E885BF92C289C674CD32F3E85AB2B922,SHA256=63854E78780866D2AE56A58958A1FDA017A71F54B71FE70CF5403958E961862A,IMPHASH=B696542CADE53789C2CBED09CE287013",ParentProcess: C:\Windows\System32\svchost.exe,"ParentProcessID: 1760, ParentProcessGUID: 4bbef3ae-8428-62b0-2f00-000000000700",ParentCommandLine: C:\Windows\system32\svchost.exe -k netsvcs -p -s Schedule,"""C:\Program Files (x86)\Google\Update\GoogleUpdate.exe"" /c",False,C:\Users\byte store\Desktop\Incident Files Tempest\sysmon.evtx,Classic,0,"{""EventData"":{""Data"":[{""@Name"":""RuleName"",""#text"":""-""},{""@Name"":""UtcTime"",""#text"":""2022-06-20 17:14:50.224""},{""@Name"":""ProcessGuid"",""#text"":""4bbef3ae-ab0a-62b0-640a-000000000700""},{""@Name"":""ProcessId"",""#text"":""7840""},{""@Name"":""Image"",""#text"":""C:\\Program Files (x86)\\Google\\Update\\GoogleUpdate.exe""},{""@Name"":""FileVersion"",""#text"":""1.3.36.131""},{""@Name"":""Description"",""#text"":""Google Installer""},{""@Name"":""Product"",""#text"":""Google Update""},{""@Name"":""Company"",""#text"":""Google LLC""},{""@Name"":""OriginalFileName"",""#text"":""GoogleUpdate.exe""},{""@Name"":""CommandLine"",""#text"":""\""C:\\Program Files (x86)\\Google\\Update\\GoogleUpdate.exe\"" /c""},{""@Name"":""CurrentDirectory"",""#text"":""C:\\Windows\\system32\\""},{""@Name"":""User"",""#text"":""NT AUTHORITY\\SYSTEM""},{""@Name"":""LogonGuid"",""#text"":""4bbef3ae-8422-62b0-e703-000000000000""},{""@Name"":""LogonId"",""#text"":""0x3E7""},{""@Name"":""TerminalSessionId"",""#text"":""0""},{""@Name"":""IntegrityLevel"",""#text"":""System""},{""@Name"":""Hashes"",""#text"":""MD5=E885BF92C289C674CD32F3E85AB2B922,SHA256=63854E78780866D2AE56A58958A1FDA017A71F54B71FE70CF5403958E961862A,IMPHASH=B696542CADE53789C2CBED09CE287013""},{""@Name"":""ParentProcessGuid"",""#text"":""4bbef3ae-8428-62b0-2f00-000000000700""},{""@Name"":""ParentProcessId"",""#text"":""1760""},{""@Name"":""ParentImage"",""#text"":""C:\\Windows\\System32\\svchost.exe""},{""@Name"":""ParentCommandLine"",""#text"":""C:\\Windows\\system32\\svchost.exe -k netsvcs -p -s Schedule""},{""@Name"":""ParentUser"",""#text"":""NT AUTHORITY\\SYSTEM""}]}}"
224,7729,2022-06-20 17:14:50.2616174,1,Info,Microsoft-Windows-Sysmon,Microsoft-Windows-Sysmon/Operational,2800,6224,TEMPEST,3,S-1-5-18,Process creation,TEMPEST\benimaru,,"ProcessID: 3508, ProcessGUID: 4bbef3ae-ab0a-62b0-650a-000000000700",RuleName: -,"MD5=F225F37717C8D714B56CF21C7C1E9C34,SHA256=E272D0E33299BCA60479683EAE0D9B5D880293C01B337D5759FEE812EA631A39,IMPHASH=9839C7FD9649496B162F72128209528A",ParentProcess: C:\Windows\System32\svchost.exe,"ParentProcessID: 1760, ParentProcessGUID: 4bbef3ae-8428-62b0-2f00-000000000700",ParentCommandLine: C:\Windows\system32\svchost.exe -k netsvcs -p -s Schedule,taskhostw.exe {222A245B-E637-4AE9-A93F-A59CA119A75E},False,C:\Users\byte store\Desktop\Incident Files Tempest\sysmon.evtx,Classic,0,"{""EventData"":{""Data"":[{""@Name"":""RuleName"",""#text"":""-""},{""@Name"":""UtcTime"",""#text"":""2022-06-20 17:14:50.251""},{""@Name"":""ProcessGuid"",""#text"":""4bbef3ae-ab0a-62b0-650a-000000000700""},{""@Name"":""ProcessId"",""#text"":""3508""},{""@Name"":""Image"",""#text"":""C:\\Windows\\System32\\taskhostw.exe""},{""@Name"":""FileVersion"",""#text"":""10.0.17763.1 (WinBuild.160101.0800)""},{""@Name"":""Description"",""#text"":""Host Process for Windows Tasks""},{""@Name"":""Product"",""#text"":""Microsoft® Windows® Operating System""},{""@Name"":""Company"",""#text"":""Microsoft Corporation""},{""@Name"":""OriginalFileName"",""#text"":""taskhostw.exe""},{""@Name"":""CommandLine"",""#text"":""taskhostw.exe {222A245B-E637-4AE9-A93F-A59CA119A75E}""},{""@Name"":""CurrentDirectory"",""#text"":""C:\\Windows\\system32\\""},{""@Name"":""User"",""#text"":""TEMPEST\\benimaru""},{""@Name"":""LogonGuid"",""#text"":""4bbef3ae-ab09-62b0-1ca9-b00100000000""},{""@Name"":""LogonId"",""#text"":""0x1B0A91C""},{""@Name"":""TerminalSessionId"",""#text"":""11""},{""@Name"":""IntegrityLevel"",""#text"":""Medium""},{""@Name"":""Hashes"",""#text"":""MD5=F225F37717C8D714B56CF21C7C1E9C34,SHA256=E272D0E33299BCA60479683EAE0D9B5D880293C01B337D5759FEE812EA631A39,IMPHASH=9839C7FD9649496B162F72128209528A""},{""@Name"":""ParentProcessGuid"",""#text"":""4bbef3ae-8428-62b0-2f00-000000000700""},{""@Name"":""ParentProcessId"",""#text"":""1760""},{""@Name"":""ParentImage"",""#text"":""C:\\Windows\\System32\\svchost.exe""},{""@Name"":""ParentCommandLine"",""#text"":""C:\\Windows\\system32\\svchost.exe -k netsvcs -p -s Schedule""},{""@Name"":""ParentUser"",""#text"":""NT AUTHORITY\\SYSTEM""}]}}"
225,7730,2022-06-20 17:14:50.2676495,1,Info,Microsoft-Windows-Sysmon,Microsoft-Windows-Sysmon/Operational,2800,6224,TEMPEST,3,S-1-5-18,Process creation,TEMPEST\benimaru,,"ProcessID: 6828, ProcessGUID: 4bbef3ae-ab0a-62b0-660a-000000000700",RuleName: -,"MD5=A1535FB0E0914A8E02F9437603A587E6,SHA256=7E578C55B3BE78C0B56C93B7B739EBE6CC9AF533095C4D665C336112626FC445,IMPHASH=9AD6D25C94D4E5B84C044876FA4E0AFF",ParentProcess: C:\Windows\System32\svchost.exe,"ParentProcessID: 1760, ParentProcessGUID: 4bbef3ae-8428-62b0-2f00-000000000700",ParentCommandLine: C:\Windows\system32\svchost.exe -k netsvcs -p -s Schedule,"""C:\Program Files (x86)\Microsoft Office\root\Office16\msoia.exe"" scan upload",False,C:\Users\byte store\Desktop\Incident Files Tempest\sysmon.evtx,Classic,0,"{""EventData"":{""Data"":[{""@Name"":""RuleName"",""#text"":""-""},{""@Name"":""UtcTime"",""#text"":""2022-06-20 17:14:50.266""},{""@Name"":""ProcessGuid"",""#text"":""4bbef3ae-ab0a-62b0-660a-000000000700""},{""@Name"":""ProcessId"",""#text"":""6828""},{""@Name"":""Image"",""#text"":""C:\\Program Files (x86)\\Microsoft Office\\root\\Office16\\msoia.exe""},{""@Name"":""FileVersion"",""#text"":""16.0.14026.20228""},{""@Name"":""Description"",""#text"":""Office Telemetry Dashboard Agent (OTD msoia)""},{""@Name"":""Product"",""#text"":""Microsoft Office""},{""@Name"":""Company"",""#text"":""Microsoft Corporation""},{""@Name"":""OriginalFileName"",""#text"":""msoia.exe""},{""@Name"":""CommandLine"",""#text"":""\""C:\\Program Files (x86)\\Microsoft Office\\root\\Office16\\msoia.exe\"" scan upload""},{""@Name"":""CurrentDirectory"",""#text"":""C:\\Windows\\system32\\""},{""@Name"":""User"",""#text"":""TEMPEST\\benimaru""},{""@Name"":""LogonGuid"",""#text"":""4bbef3ae-ab09-62b0-1ca9-b00100000000""},{""@Name"":""LogonId"",""#text"":""0x1B0A91C""},{""@Name"":""TerminalSessionId"",""#text"":""11""},{""@Name"":""IntegrityLevel"",""#text"":""Medium""},{""@Name"":""Hashes"",""#text"":""MD5=A1535FB0E0914A8E02F9437603A587E6,SHA256=7E578C55B3BE78C0B56C93B7B739EBE6CC9AF533095C4D665C336112626FC445,IMPHASH=9AD6D25C94D4E5B84C044876FA4E0AFF""},{""@Name"":""ParentProcessGuid"",""#text"":""4bbef3ae-8428-62b0-2f00-000000000700""},{""@Name"":""ParentProcessId"",""#text"":""1760""},{""@Name"":""ParentImage"",""#text"":""C:\\Windows\\System32\\svchost.exe""},{""@Name"":""ParentCommandLine"",""#text"":""C:\\Windows\\system32\\svchost.exe -k netsvcs -p -s Schedule""},{""@Name"":""ParentUser"",""#text"":""NT AUTHORITY\\SYSTEM""}]}}"
226,7731,2022-06-20 17:14:50.3836673,1,Info,Microsoft-Windows-Sysmon,Microsoft-Windows-Sysmon/Operational,2800,6224,TEMPEST,3,S-1-5-18,Process creation,TEMPEST\benimaru,,"ProcessID: 7324, ProcessGUID: 4bbef3ae-ab0a-62b0-670a-000000000700",RuleName: -,"MD5=F225F37717C8D714B56CF21C7C1E9C34,SHA256=E272D0E33299BCA60479683EAE0D9B5D880293C01B337D5759FEE812EA631A39,IMPHASH=9839C7FD9649496B162F72128209528A",ParentProcess: C:\Windows\System32\svchost.exe,"ParentProcessID: 1760, ParentProcessGUID: 4bbef3ae-8428-62b0-2f00-000000000700",ParentCommandLine: C:\Windows\system32\svchost.exe -k netsvcs -p -s Schedule,taskhostw.exe,False,C:\Users\byte store\Desktop\Incident Files Tempest\sysmon.evtx,Classic,0,"{""EventData"":{""Data"":[{""@Name"":""RuleName"",""#text"":""-""},{""@Name"":""UtcTime"",""#text"":""2022-06-20 17:14:50.376""},{""@Name"":""ProcessGuid"",""#text"":""4bbef3ae-ab0a-62b0-670a-000000000700""},{""@Name"":""ProcessId"",""#text"":""7324""},{""@Name"":""Image"",""#text"":""C:\\Windows\\System32\\taskhostw.exe""},{""@Name"":""FileVersion"",""#text"":""10.0.17763.1 (WinBuild.160101.0800)""},{""@Name"":""Description"",""#text"":""Host Process for Windows Tasks""},{""@Name"":""Product"",""#text"":""Microsoft® Windows® Operating System""},{""@Name"":""Company"",""#text"":""Microsoft Corporation""},{""@Name"":""OriginalFileName"",""#text"":""taskhostw.exe""},{""@Name"":""CommandLine"",""#text"":""taskhostw.exe""},{""@Name"":""CurrentDirectory"",""#text"":""C:\\Windows\\system32\\""},{""@Name"":""User"",""#text"":""TEMPEST\\benimaru""},{""@Name"":""LogonGuid"",""#text"":""4bbef3ae-ab09-62b0-fca8-b00100000000""},{""@Name"":""LogonId"",""#text"":""0x1B0A8FC""},{""@Name"":""TerminalSessionId"",""#text"":""11""},{""@Name"":""IntegrityLevel"",""#text"":""High""},{""@Name"":""Hashes"",""#text"":""MD5=F225F37717C8D714B56CF21C7C1E9C34,SHA256=E272D0E33299BCA60479683EAE0D9B5D880293C01B337D5759FEE812EA631A39,IMPHASH=9839C7FD9649496B162F72128209528A""},{""@Name"":""ParentProcessGuid"",""#text"":""4bbef3ae-8428-62b0-2f00-000000000700""},{""@Name"":""ParentProcessId"",""#text"":""1760""},{""@Name"":""ParentImage"",""#text"":""C:\\Windows\\System32\\svchost.exe""},{""@Name"":""ParentCommandLine"",""#text"":""C:\\Windows\\system32\\svchost.exe -k netsvcs -p -s Schedule""},{""@Name"":""ParentUser"",""#text"":""NT AUTHORITY\\SYSTEM""}]}}"
227,7732,2022-06-20 17:14:50.5445212,1,Info,Microsoft-Windows-Sysmon,Microsoft-Windows-Sysmon/Operational,2800,6224,TEMPEST,3,S-1-5-18,Process creation,TEMPEST\benimaru,,"ProcessID: 3408, ProcessGUID: 4bbef3ae-ab0a-62b0-690a-000000000700",RuleName: -,"MD5=BF8825D08BC235F0609CA8BBEF4E179C,SHA256=1FE7F7C59EC7EAA276739FA85F7DDA6136D81184E0AEB385B6AC9FEAAA8C4394,IMPHASH=8419D97ABDFEB6C320F0C39028647572",ParentProcess: C:\Windows\System32\winlogon.exe,"ParentProcessID: 1396, ParentProcessGUID: 4bbef3ae-ab01-62b0-570a-000000000700",ParentCommandLine: winlogon.exe,C:\Windows\system32\userinit.exe,False,C:\Users\byte store\Desktop\Incident Files Tempest\sysmon.evtx,Classic,0,"{""EventData"":{""Data"":[{""@Name"":""RuleName"",""#text"":""-""},{""@Name"":""UtcTime"",""#text"":""2022-06-20 17:14:50.535""},{""@Name"":""ProcessGuid"",""#text"":""4bbef3ae-ab0a-62b0-690a-000000000700""},{""@Name"":""ProcessId"",""#text"":""3408""},{""@Name"":""Image"",""#text"":""C:\\Windows\\System32\\userinit.exe""},{""@Name"":""FileVersion"",""#text"":""10.0.17763.1 (WinBuild.160101.0800)""},{""@Name"":""Description"",""#text"":""Userinit Logon Application""},{""@Name"":""Product"",""#text"":""Microsoft® Windows® Operating System""},{""@Name"":""Company"",""#text"":""Microsoft Corporation""},{""@Name"":""OriginalFileName"",""#text"":""USERINIT.EXE""},{""@Name"":""CommandLine"",""#text"":""C:\\Windows\\system32\\userinit.exe""},{""@Name"":""CurrentDirectory"",""#text"":""C:\\Windows\\system32\\""},{""@Name"":""User"",""#text"":""TEMPEST\\benimaru""},{""@Name"":""LogonGuid"",""#text"":""4bbef3ae-ab09-62b0-1ca9-b00100000000""},{""@Name"":""LogonId"",""#text"":""0x1B0A91C""},{""@Name"":""TerminalSessionId"",""#text"":""11""},{""@Name"":""IntegrityLevel"",""#text"":""Medium""},{""@Name"":""Hashes"",""#text"":""MD5=BF8825D08BC235F0609CA8BBEF4E179C,SHA256=1FE7F7C59EC7EAA276739FA85F7DDA6136D81184E0AEB385B6AC9FEAAA8C4394,IMPHASH=8419D97ABDFEB6C320F0C39028647572""},{""@Name"":""ParentProcessGuid"",""#text"":""4bbef3ae-ab01-62b0-570a-000000000700""},{""@Name"":""ParentProcessId"",""#text"":""1396""},{""@Name"":""ParentImage"",""#text"":""C:\\Windows\\System32\\winlogon.exe""},{""@Name"":""ParentCommandLine"",""#text"":""winlogon.exe""},{""@Name"":""ParentUser"",""#text"":""NT AUTHORITY\\SYSTEM""}]}}"
228,7733,2022-06-20 17:14:50.6198003,1,Info,Microsoft-Windows-Sysmon,Microsoft-Windows-Sysmon/Operational,2800,6224,TEMPEST,3,S-1-5-18,Process creation,TEMPEST\benimaru,,"ProcessID: 5784, ProcessGUID: 4bbef3ae-ab0a-62b0-6a0a-000000000700",RuleName: -,"MD5=2F62005FCEA7430BB871A56F7700F81C,SHA256=B759293373A11D1A972873A902BC64B2C9690AB947CE4A185CD047195521296D,IMPHASH=0B98A47B3DAF2EE45939EF2A0F188959",ParentProcess: C:\Windows\System32\userinit.exe,"ParentProcessID: 3408, ParentProcessGUID: 4bbef3ae-ab0a-62b0-690a-000000000700",ParentCommandLine: C:\Windows\system32\userinit.exe,C:\Windows\Explorer.EXE,False,C:\Users\byte store\Desktop\Incident Files Tempest\sysmon.evtx,Classic,0,"{""EventData"":{""Data"":[{""@Name"":""RuleName"",""#text"":""-""},{""@Name"":""UtcTime"",""#text"":""2022-06-20 17:14:50.606""},{""@Name"":""ProcessGuid"",""#text"":""4bbef3ae-ab0a-62b0-6a0a-000000000700""},{""@Name"":""ProcessId"",""#text"":""5784""},{""@Name"":""Image"",""#text"":""C:\\Windows\\explorer.exe""},{""@Name"":""FileVersion"",""#text"":""10.0.17763.348 (WinBuild.160101.0800)""},{""@Name"":""Description"",""#text"":""Windows Explorer""},{""@Name"":""Product"",""#text"":""Microsoft® Windows® Operating System""},{""@Name"":""Company"",""#text"":""Microsoft Corporation""},{""@Name"":""OriginalFileName"",""#text"":""EXPLORER.EXE""},{""@Name"":""CommandLine"",""#text"":""C:\\Windows\\Explorer.EXE""},{""@Name"":""CurrentDirectory"",""#text"":""C:\\Windows\\system32\\""},{""@Name"":""User"",""#text"":""TEMPEST\\benimaru""},{""@Name"":""LogonGuid"",""#text"":""4bbef3ae-ab09-62b0-1ca9-b00100000000""},{""@Name"":""LogonId"",""#text"":""0x1B0A91C""},{""@Name"":""TerminalSessionId"",""#text"":""11""},{""@Name"":""IntegrityLevel"",""#text"":""Medium""},{""@Name"":""Hashes"",""#text"":""MD5=2F62005FCEA7430BB871A56F7700F81C,SHA256=B759293373A11D1A972873A902BC64B2C9690AB947CE4A185CD047195521296D,IMPHASH=0B98A47B3DAF2EE45939EF2A0F188959""},{""@Name"":""ParentProcessGuid"",""#text"":""4bbef3ae-ab0a-62b0-690a-000000000700""},{""@Name"":""ParentProcessId"",""#text"":""3408""},{""@Name"":""ParentImage"",""#text"":""C:\\Windows\\System32\\userinit.exe""},{""@Name"":""ParentCommandLine"",""#text"":""C:\\Windows\\system32\\userinit.exe""},{""@Name"":""ParentUser"",""#text"":""TEMPEST\\benimaru""}]}}"
229,7734,2022-06-20 17:14:51.6894884,1,Info,Microsoft-Windows-Sysmon,Microsoft-Windows-Sysmon/Operational,2800,6224,TEMPEST,3,S-1-5-18,Process creation,TEMPEST\benimaru,,"ProcessID: 5536, ProcessGUID: 4bbef3ae-ab0b-62b0-6b0a-000000000700",RuleName: -,"MD5=8A0A29438052FAED8A2532DA50455756,SHA256=7FD065BAC18C5278777AE44908101CDFED72D26FA741367F0AD4D02020787AB6,IMPHASH=247B9220E5D9B720A82B2C8B5069AD69",ParentProcess: C:\Windows\System32\services.exe,"ParentProcessID: 608, ParentProcessGUID: 4bbef3ae-8422-62b0-0b00-000000000700",ParentCommandLine: C:\Windows\system32\services.exe,C:\Windows\system32\svchost.exe -k ClipboardSvcGroup -p -s cbdhsvc,False,C:\Users\byte store\Desktop\Incident Files Tempest\sysmon.evtx,Classic,0,"{""EventData"":{""Data"":[{""@Name"":""RuleName"",""#text"":""-""},{""@Name"":""UtcTime"",""#text"":""2022-06-20 17:14:51.682""},{""@Name"":""ProcessGuid"",""#text"":""4bbef3ae-ab0b-62b0-6b0a-000000000700""},{""@Name"":""ProcessId"",""#text"":""5536""},{""@Name"":""Image"",""#text"":""C:\\Windows\\System32\\svchost.exe""},{""@Name"":""FileVersion"",""#text"":""10.0.17763.1 (WinBuild.160101.0800)""},{""@Name"":""Description"",""#text"":""Host Process for Windows Services""},{""@Name"":""Product"",""#text"":""Microsoft® Windows® Operating System""},{""@Name"":""Company"",""#text"":""Microsoft Corporation""},{""@Name"":""OriginalFileName"",""#text"":""svchost.exe""},{""@Name"":""CommandLine"",""#text"":""C:\\Windows\\system32\\svchost.exe -k ClipboardSvcGroup -p -s cbdhsvc""},{""@Name"":""CurrentDirectory"",""#text"":""C:\\Windows\\system32\\""},{""@Name"":""User"",""#text"":""TEMPEST\\benimaru""},{""@Name"":""LogonGuid"",""#text"":""4bbef3ae-ab09-62b0-1ca9-b00100000000""},{""@Name"":""LogonId"",""#text"":""0x1B0A91C""},{""@Name"":""TerminalSessionId"",""#text"":""11""},{""@Name"":""IntegrityLevel"",""#text"":""Medium""},{""@Name"":""Hashes"",""#text"":""MD5=8A0A29438052FAED8A2532DA50455756,SHA256=7FD065BAC18C5278777AE44908101CDFED72D26FA741367F0AD4D02020787AB6,IMPHASH=247B9220E5D9B720A82B2C8B5069AD69""},{""@Name"":""ParentProcessGuid"",""#text"":""4bbef3ae-8422-62b0-0b00-000000000700""},{""@Name"":""ParentProcessId"",""#text"":""608""},{""@Name"":""ParentImage"",""#text"":""C:\\Windows\\System32\\services.exe""},{""@Name"":""ParentCommandLine"",""#text"":""C:\\Windows\\system32\\services.exe""},{""@Name"":""ParentUser"",""#text"":""NT AUTHORITY\\SYSTEM""}]}}"
230,7735,2022-06-20 17:14:52.0478986,1,Info,Microsoft-Windows-Sysmon,Microsoft-Windows-Sysmon/Operational,2800,6224,TEMPEST,3,S-1-5-18,Process creation,NT AUTHORITY\NETWORK SERVICE,,"ProcessID: 3248, ProcessGUID: 4bbef3ae-ab0c-62b0-6d0a-000000000700",RuleName: -,"MD5=2EA8801A9D3DD45DD6D3568862252CDD,SHA256=2A10AD3486239C6DF8AD45E9A354056123094B2798E98AA925C49F193BB61F40,IMPHASH=F8760C1C8299CC561B708036E0A06CD5",ParentProcess: C:\Windows\System32\SppExtComObj.Exe,"ParentProcessID: 4592, ParentProcessGUID: 4bbef3ae-ab0b-62b0-6c0a-000000000700",ParentCommandLine: C:\Windows\system32\SppExtComObj.exe -Embedding,"""C:\Windows\System32\SLUI.exe"" RuleId=31e71c49-8da7-4a2f-ad92-45d98a1c79ba;Action=AutoActivate;AppId=55c92734-d682-4d71-983e-d6ec3f16059f;SkuId=4de7cb65-cdf1-4de9-8ae8-e3cce27b9f2c;NotificationInterval=1440;Trigger=UserLogon;SessionId=11",False,C:\Users\byte store\Desktop\Incident Files Tempest\sysmon.evtx,Classic,0,"{""EventData"":{""Data"":[{""@Name"":""RuleName"",""#text"":""-""},{""@Name"":""UtcTime"",""#text"":""2022-06-20 17:14:52.046""},{""@Name"":""ProcessGuid"",""#text"":""4bbef3ae-ab0c-62b0-6d0a-000000000700""},{""@Name"":""ProcessId"",""#text"":""3248""},{""@Name"":""Image"",""#text"":""C:\\Windows\\System32\\slui.exe""},{""@Name"":""FileVersion"",""#text"":""10.0.17763.1 (WinBuild.160101.0800)""},{""@Name"":""Description"",""#text"":""Windows Activation Client""},{""@Name"":""Product"",""#text"":""Microsoft® Windows® Operating System""},{""@Name"":""Company"",""#text"":""Microsoft Corporation""},{""@Name"":""OriginalFileName"",""#text"":""slui.exe""},{""@Name"":""CommandLine"",""#text"":""\""C:\\Windows\\System32\\SLUI.exe\"" RuleId=31e71c49-8da7-4a2f-ad92-45d98a1c79ba;Action=AutoActivate;AppId=55c92734-d682-4d71-983e-d6ec3f16059f;SkuId=4de7cb65-cdf1-4de9-8ae8-e3cce27b9f2c;NotificationInterval=1440;Trigger=UserLogon;SessionId=11""},{""@Name"":""CurrentDirectory"",""#text"":""C:\\Windows\\system32\\""},{""@Name"":""User"",""#text"":""NT AUTHORITY\\NETWORK SERVICE""},{""@Name"":""LogonGuid"",""#text"":""4bbef3ae-8423-62b0-e403-000000000000""},{""@Name"":""LogonId"",""#text"":""0x3E4""},{""@Name"":""TerminalSessionId"",""#text"":""0""},{""@Name"":""IntegrityLevel"",""#text"":""System""},{""@Name"":""Hashes"",""#text"":""MD5=2EA8801A9D3DD45DD6D3568862252CDD,SHA256=2A10AD3486239C6DF8AD45E9A354056123094B2798E98AA925C49F193BB61F40,IMPHASH=F8760C1C8299CC561B708036E0A06CD5""},{""@Name"":""ParentProcessGuid"",""#text"":""4bbef3ae-ab0b-62b0-6c0a-000000000700""},{""@Name"":""ParentProcessId"",""#text"":""4592""},{""@Name"":""ParentImage"",""#text"":""C:\\Windows\\System32\\SppExtComObj.Exe""},{""@Name"":""ParentCommandLine"",""#text"":""C:\\Windows\\system32\\SppExtComObj.exe -Embedding""},{""@Name"":""ParentUser"",""#text"":""NT AUTHORITY\\NETWORK SERVICE""}]}}"
231,7736,2022-06-20 17:14:52.1908602,1,Info,Microsoft-Windows-Sysmon,Microsoft-Windows-Sysmon/Operational,2800,6224,TEMPEST,3,S-1-5-18,Process creation,TEMPEST\benimaru,,"ProcessID: 7284, ProcessGUID: 4bbef3ae-ab0c-62b0-6e0a-000000000700",RuleName: -,"MD5=2EA8801A9D3DD45DD6D3568862252CDD,SHA256=2A10AD3486239C6DF8AD45E9A354056123094B2798E98AA925C49F193BB61F40,IMPHASH=F8760C1C8299CC561B708036E0A06CD5",ParentProcess: -,"ParentProcessID: 752, ParentProcessGUID: 00000000-0000-0000-0000-000000000000",ParentCommandLine: -,C:\Windows\System32\slui.exe -Embedding,False,C:\Users\byte store\Desktop\Incident Files Tempest\sysmon.evtx,Classic,0,"{""EventData"":{""Data"":[{""@Name"":""RuleName"",""#text"":""-""},{""@Name"":""UtcTime"",""#text"":""2022-06-20 17:14:52.185""},{""@Name"":""ProcessGuid"",""#text"":""4bbef3ae-ab0c-62b0-6e0a-000000000700""},{""@Name"":""ProcessId"",""#text"":""7284""},{""@Name"":""Image"",""#text"":""C:\\Windows\\System32\\slui.exe""},{""@Name"":""FileVersion"",""#text"":""10.0.17763.1 (WinBuild.160101.0800)""},{""@Name"":""Description"",""#text"":""Windows Activation Client""},{""@Name"":""Product"",""#text"":""Microsoft® Windows® Operating System""},{""@Name"":""Company"",""#text"":""Microsoft Corporation""},{""@Name"":""OriginalFileName"",""#text"":""slui.exe""},{""@Name"":""CommandLine"",""#text"":""C:\\Windows\\System32\\slui.exe -Embedding""},{""@Name"":""CurrentDirectory"",""#text"":""C:\\Windows\\system32\\""},{""@Name"":""User"",""#text"":""TEMPEST\\benimaru""},{""@Name"":""LogonGuid"",""#text"":""4bbef3ae-ab09-62b0-1ca9-b00100000000""},{""@Name"":""LogonId"",""#text"":""0x1B0A91C""},{""@Name"":""TerminalSessionId"",""#text"":""11""},{""@Name"":""IntegrityLevel"",""#text"":""Medium""},{""@Name"":""Hashes"",""#text"":""MD5=2EA8801A9D3DD45DD6D3568862252CDD,SHA256=2A10AD3486239C6DF8AD45E9A354056123094B2798E98AA925C49F193BB61F40,IMPHASH=F8760C1C8299CC561B708036E0A06CD5""},{""@Name"":""ParentProcessGuid"",""#text"":""00000000-0000-0000-0000-000000000000""},{""@Name"":""ParentProcessId"",""#text"":""752""},{""@Name"":""ParentImage"",""#text"":""-""},{""@Name"":""ParentCommandLine"",""#text"":""-""},{""@Name"":""ParentUser"",""#text"":""-""}]}}"
232,7737,2022-06-20 17:14:52.6352229,22,Info,Microsoft-Windows-Sysmon,Microsoft-Windows-Sysmon/Operational,2800,6188,TEMPEST,3,S-1-5-18,DNSEvent (DNS query),TEMPEST\benimaru,,"ProcessID: 3908, ProcessGUID: 4bbef3ae-ab09-62b0-620a-000000000700",RuleName: -,Image: C:\Windows\system32\svchost.exe,QueryName: cdn.onenote.net,QueryStatus: 0,QueryResults: type:  5 cdn.onenote.net.edgekey.net;type:  5 e1553.dspg.akamaiedge.net;2001:fe0:10:687::611;2001:fe0:10:682::611;::ffff:104.101.49.114;,,False,C:\Users\byte store\Desktop\Incident Files Tempest\sysmon.evtx,Classic,0,"{""EventData"":{""Data"":[{""@Name"":""RuleName"",""#text"":""-""},{""@Name"":""UtcTime"",""#text"":""2022-06-20 17:00:50.236""},{""@Name"":""ProcessGuid"",""#text"":""4bbef3ae-ab09-62b0-620a-000000000700""},{""@Name"":""ProcessId"",""#text"":""3908""},{""@Name"":""QueryName"",""#text"":""cdn.onenote.net""},{""@Name"":""QueryStatus"",""#text"":""0""},{""@Name"":""QueryResults"",""#text"":""type:  5 cdn.onenote.net.edgekey.net;type:  5 e1553.dspg.akamaiedge.net;2001:fe0:10:687::611;2001:fe0:10:682::611;::ffff:104.101.49.114;""},{""@Name"":""Image"",""#text"":""C:\\Windows\\system32\\svchost.exe""},{""@Name"":""User"",""#text"":""TEMPEST\\benimaru""}]}}"
233,7738,2022-06-20 17:14:53.8951665,22,Info,Microsoft-Windows-Sysmon,Microsoft-Windows-Sysmon/Operational,2800,6188,TEMPEST,3,S-1-5-18,DNSEvent (DNS query),TEMPEST\benimaru,,"ProcessID: 3908, ProcessGUID: 4bbef3ae-ab09-62b0-620a-000000000700",RuleName: -,Image: C:\Windows\system32\svchost.exe,QueryName: cdn.onenote.net,QueryStatus: 0,QueryResults: type:  5 cdn.onenote.net.edgekey.net;type:  5 e1553.dspg.akamaiedge.net;2001:fe0:10:687::611;2001:fe0:10:682::611;::ffff:104.101.49.114;,,False,C:\Users\byte store\Desktop\Incident Files Tempest\sysmon.evtx,Classic,0,"{""EventData"":{""Data"":[{""@Name"":""RuleName"",""#text"":""-""},{""@Name"":""UtcTime"",""#text"":""2022-06-20 17:00:50.257""},{""@Name"":""ProcessGuid"",""#text"":""4bbef3ae-ab09-62b0-620a-000000000700""},{""@Name"":""ProcessId"",""#text"":""3908""},{""@Name"":""QueryName"",""#text"":""cdn.onenote.net""},{""@Name"":""QueryStatus"",""#text"":""0""},{""@Name"":""QueryResults"",""#text"":""type:  5 cdn.onenote.net.edgekey.net;type:  5 e1553.dspg.akamaiedge.net;2001:fe0:10:687::611;2001:fe0:10:682::611;::ffff:104.101.49.114;""},{""@Name"":""Image"",""#text"":""C:\\Windows\\system32\\svchost.exe""},{""@Name"":""User"",""#text"":""TEMPEST\\benimaru""}]}}"
234,7739,2022-06-20 17:14:54.8820669,1,Info,Microsoft-Windows-Sysmon,Microsoft-Windows-Sysmon/Operational,2800,6224,TEMPEST,4,S-1-5-18,Process creation,TEMPEST\benimaru,,"ProcessID: 8856, ProcessGUID: 4bbef3ae-ab0e-62b0-740a-000000000700",RuleName: -,"MD5=F04ADA7AF26797029FA84FE969E7D215,SHA256=010A39F2C33B3DF513C599E951B61AFC8299C85B60C86E957E9DA17C1CD5655A,IMPHASH=09ACF1642E301359F90E7DA59EE838C6",ParentProcess: -,"ParentProcessID: 752, ParentProcessGUID: 00000000-0000-0000-0000-000000000000",ParentCommandLine: -,C:\Windows\system32\ApplicationFrameHost.exe -Embedding,False,C:\Users\byte store\Desktop\Incident Files Tempest\sysmon.evtx,Classic,0,"{""EventData"":{""Data"":[{""@Name"":""RuleName"",""#text"":""-""},{""@Name"":""UtcTime"",""#text"":""2022-06-20 17:14:54.852""},{""@Name"":""ProcessGuid"",""#text"":""4bbef3ae-ab0e-62b0-740a-000000000700""},{""@Name"":""ProcessId"",""#text"":""8856""},{""@Name"":""Image"",""#text"":""C:\\Windows\\System32\\ApplicationFrameHost.exe""},{""@Name"":""FileVersion"",""#text"":""10.0.17763.1 (WinBuild.160101.0800)""},{""@Name"":""Description"",""#text"":""Application Frame Host""},{""@Name"":""Product"",""#text"":""Microsoft® Windows® Operating System""},{""@Name"":""Company"",""#text"":""Microsoft Corporation""},{""@Name"":""OriginalFileName"",""#text"":""ApplicationFrameHost.exe""},{""@Name"":""CommandLine"",""#text"":""C:\\Windows\\system32\\ApplicationFrameHost.exe -Embedding""},{""@Name"":""CurrentDirectory"",""#text"":""C:\\Windows\\system32\\""},{""@Name"":""User"",""#text"":""TEMPEST\\benimaru""},{""@Name"":""LogonGuid"",""#text"":""4bbef3ae-ab09-62b0-1ca9-b00100000000""},{""@Name"":""LogonId"",""#text"":""0x1B0A91C""},{""@Name"":""TerminalSessionId"",""#text"":""11""},{""@Name"":""IntegrityLevel"",""#text"":""Medium""},{""@Name"":""Hashes"",""#text"":""MD5=F04ADA7AF26797029FA84FE969E7D215,SHA256=010A39F2C33B3DF513C599E951B61AFC8299C85B60C86E957E9DA17C1CD5655A,IMPHASH=09ACF1642E301359F90E7DA59EE838C6""},{""@Name"":""ParentProcessGuid"",""#text"":""00000000-0000-0000-0000-000000000000""},{""@Name"":""ParentProcessId"",""#text"":""752""},{""@Name"":""ParentImage"",""#text"":""-""},{""@Name"":""ParentCommandLine"",""#text"":""-""},{""@Name"":""ParentUser"",""#text"":""-""}]}}"
235,7740,2022-06-20 17:14:55.2653642,1,Info,Microsoft-Windows-Sysmon,Microsoft-Windows-Sysmon/Operational,2800,6224,TEMPEST,4,S-1-5-18,Process creation,TEMPEST\benimaru,,"ProcessID: 6832, ProcessGUID: 4bbef3ae-ab0f-62b0-760a-000000000700",RuleName: -,"MD5=08EAE2A042C90DB1DBA4FB34E4D56264,SHA256=609A3A73A983A1C47511282D31D9FCFE7909950944AC5324344596215CD778AA,IMPHASH=DB359A050881ECD06E06DC1C90FF4448",ParentProcess: -,"ParentProcessID: 752, ParentProcessGUID: 00000000-0000-0000-0000-000000000000",ParentCommandLine: -,C:\Windows\system32\browser_broker.exe -Embedding,False,C:\Users\byte store\Desktop\Incident Files Tempest\sysmon.evtx,Classic,0,"{""EventData"":{""Data"":[{""@Name"":""RuleName"",""#text"":""-""},{""@Name"":""UtcTime"",""#text"":""2022-06-20 17:14:55.236""},{""@Name"":""ProcessGuid"",""#text"":""4bbef3ae-ab0f-62b0-760a-000000000700""},{""@Name"":""ProcessId"",""#text"":""6832""},{""@Name"":""Image"",""#text"":""C:\\Windows\\System32\\browser_broker.exe""},{""@Name"":""FileVersion"",""#text"":""11.00.17763.316 (WinBuild.160101.0800)""},{""@Name"":""Description"",""#text"":""Browser_Broker""},{""@Name"":""Product"",""#text"":""Microsoft® Windows® Operating System""},{""@Name"":""Company"",""#text"":""Microsoft Corporation""},{""@Name"":""OriginalFileName"",""#text"":""browser_broker.EXE""},{""@Name"":""CommandLine"",""#text"":""C:\\Windows\\system32\\browser_broker.exe -Embedding""},{""@Name"":""CurrentDirectory"",""#text"":""C:\\Windows\\system32\\""},{""@Name"":""User"",""#text"":""TEMPEST\\benimaru""},{""@Name"":""LogonGuid"",""#text"":""4bbef3ae-ab09-62b0-1ca9-b00100000000""},{""@Name"":""LogonId"",""#text"":""0x1B0A91C""},{""@Name"":""TerminalSessionId"",""#text"":""11""},{""@Name"":""IntegrityLevel"",""#text"":""Medium""},{""@Name"":""Hashes"",""#text"":""MD5=08EAE2A042C90DB1DBA4FB34E4D56264,SHA256=609A3A73A983A1C47511282D31D9FCFE7909950944AC5324344596215CD778AA,IMPHASH=DB359A050881ECD06E06DC1C90FF4448""},{""@Name"":""ParentProcessGuid"",""#text"":""00000000-0000-0000-0000-000000000000""},{""@Name"":""ParentProcessId"",""#text"":""752""},{""@Name"":""ParentImage"",""#text"":""-""},{""@Name"":""ParentCommandLine"",""#text"":""-""},{""@Name"":""ParentUser"",""#text"":""-""}]}}"
236,7741,2022-06-20 17:14:57.6449800,1,Info,Microsoft-Windows-Sysmon,Microsoft-Windows-Sysmon/Operational,2800,6224,TEMPEST,4,S-1-5-18,Process creation,TEMPEST\benimaru,,"ProcessID: 2232, ProcessGUID: 4bbef3ae-ab11-62b0-7a0a-000000000700",RuleName: -,"MD5=AFE653CCC2592633C22DD5DA4124AB59,SHA256=2D88AB60714D7CAA53B06653CDD31E14093121CEBF3BB7EB7CA0F1B9F04A3A8A,IMPHASH=6FD43544FB51C12382CAD7C88F550240",ParentProcess: C:\Windows\System32\svchost.exe,"ParentProcessID: 5324, ParentProcessGUID: 4bbef3ae-8442-62b0-8400-000000000700",ParentCommandLine: C:\Windows\System32\svchost.exe -k LocalSystemNetworkRestricted -p -s TabletInputService,"""ctfmon.exe""",False,C:\Users\byte store\Desktop\Incident Files Tempest\sysmon.evtx,Classic,0,"{""EventData"":{""Data"":[{""@Name"":""RuleName"",""#text"":""-""},{""@Name"":""UtcTime"",""#text"":""2022-06-20 17:14:57.593""},{""@Name"":""ProcessGuid"",""#text"":""4bbef3ae-ab11-62b0-7a0a-000000000700""},{""@Name"":""ProcessId"",""#text"":""2232""},{""@Name"":""Image"",""#text"":""C:\\Windows\\System32\\ctfmon.exe""},{""@Name"":""FileVersion"",""#text"":""10.0.17763.1 (WinBuild.160101.0800)""},{""@Name"":""Description"",""#text"":""CTF Loader""},{""@Name"":""Product"",""#text"":""Microsoft® Windows® Operating System""},{""@Name"":""Company"",""#text"":""Microsoft Corporation""},{""@Name"":""OriginalFileName"",""#text"":""CTFMON.EXE""},{""@Name"":""CommandLine"",""#text"":""\""ctfmon.exe\""""},{""@Name"":""CurrentDirectory"",""#text"":""C:\\Windows\\system32\\""},{""@Name"":""User"",""#text"":""TEMPEST\\benimaru""},{""@Name"":""LogonGuid"",""#text"":""4bbef3ae-ab09-62b0-1ca9-b00100000000""},{""@Name"":""LogonId"",""#text"":""0x1B0A91C""},{""@Name"":""TerminalSessionId"",""#text"":""11""},{""@Name"":""IntegrityLevel"",""#text"":""High""},{""@Name"":""Hashes"",""#text"":""MD5=AFE653CCC2592633C22DD5DA4124AB59,SHA256=2D88AB60714D7CAA53B06653CDD31E14093121CEBF3BB7EB7CA0F1B9F04A3A8A,IMPHASH=6FD43544FB51C12382CAD7C88F550240""},{""@Name"":""ParentProcessGuid"",""#text"":""4bbef3ae-8442-62b0-8400-000000000700""},{""@Name"":""ParentProcessId"",""#text"":""5324""},{""@Name"":""ParentImage"",""#text"":""C:\\Windows\\System32\\svchost.exe""},{""@Name"":""ParentCommandLine"",""#text"":""C:\\Windows\\System32\\svchost.exe -k LocalSystemNetworkRestricted -p -s TabletInputService""},{""@Name"":""ParentUser"",""#text"":""NT AUTHORITY\\SYSTEM""}]}}"
237,7742,2022-06-20 17:14:59.0659710,1,Info,Microsoft-Windows-Sysmon,Microsoft-Windows-Sysmon/Operational,2800,6224,TEMPEST,4,S-1-5-18,Process creation,NT AUTHORITY\SYSTEM,,"ProcessID: 892, ProcessGUID: 4bbef3ae-ab13-62b0-7b0a-000000000700",RuleName: -,"MD5=B6B844CBA41F7C190A001941A9A34E9A,SHA256=03E91A5144AB49E6A39DF0D920987E718FD36F8D5CA34E243506025E8DA1DB78,IMPHASH=E644A8EE9E39A92AF446289170894A1B",ParentProcess: C:\Program Files (x86)\Google\Update\GoogleUpdate.exe,"ParentProcessID: 7840, ParentProcessGUID: 4bbef3ae-ab0a-62b0-640a-000000000700","ParentCommandLine: ""C:\Program Files (x86)\Google\Update\GoogleUpdate.exe"" /c","""C:\Program Files (x86)\Google\Update\1.3.36.132\GoogleCrashHandler.exe""",False,C:\Users\byte store\Desktop\Incident Files Tempest\sysmon.evtx,Classic,0,"{""EventData"":{""Data"":[{""@Name"":""RuleName"",""#text"":""-""},{""@Name"":""UtcTime"",""#text"":""2022-06-20 17:14:59.064""},{""@Name"":""ProcessGuid"",""#text"":""4bbef3ae-ab13-62b0-7b0a-000000000700""},{""@Name"":""ProcessId"",""#text"":""892""},{""@Name"":""Image"",""#text"":""C:\\Program Files (x86)\\Google\\Update\\1.3.36.132\\GoogleCrashHandler.exe""},{""@Name"":""FileVersion"",""#text"":""1.3.36.131""},{""@Name"":""Description"",""#text"":""Google Crash Handler""},{""@Name"":""Product"",""#text"":""Google Update""},{""@Name"":""Company"",""#text"":""Google LLC""},{""@Name"":""OriginalFileName"",""#text"":""GoogleUpdate.exe""},{""@Name"":""CommandLine"",""#text"":""\""C:\\Program Files (x86)\\Google\\Update\\1.3.36.132\\GoogleCrashHandler.exe\""""},{""@Name"":""CurrentDirectory"",""#text"":""C:\\Program Files (x86)\\Google\\Update\\1.3.36.132\\""},{""@Name"":""User"",""#text"":""NT AUTHORITY\\SYSTEM""},{""@Name"":""LogonGuid"",""#text"":""4bbef3ae-8422-62b0-e703-000000000000""},{""@Name"":""LogonId"",""#text"":""0x3E7""},{""@Name"":""TerminalSessionId"",""#text"":""0""},{""@Name"":""IntegrityLevel"",""#text"":""System""},{""@Name"":""Hashes"",""#text"":""MD5=B6B844CBA41F7C190A001941A9A34E9A,SHA256=03E91A5144AB49E6A39DF0D920987E718FD36F8D5CA34E243506025E8DA1DB78,IMPHASH=E644A8EE9E39A92AF446289170894A1B""},{""@Name"":""ParentProcessGuid"",""#text"":""4bbef3ae-ab0a-62b0-640a-000000000700""},{""@Name"":""ParentProcessId"",""#text"":""7840""},{""@Name"":""ParentImage"",""#text"":""C:\\Program Files (x86)\\Google\\Update\\GoogleUpdate.exe""},{""@Name"":""ParentCommandLine"",""#text"":""\""C:\\Program Files (x86)\\Google\\Update\\GoogleUpdate.exe\"" /c""},{""@Name"":""ParentUser"",""#text"":""NT AUTHORITY\\SYSTEM""}]}}"
238,7743,2022-06-20 17:14:59.1320465,1,Info,Microsoft-Windows-Sysmon,Microsoft-Windows-Sysmon/Operational,2800,6224,TEMPEST,4,S-1-5-18,Process creation,NT AUTHORITY\SYSTEM,,"ProcessID: 1772, ProcessGUID: 4bbef3ae-ab13-62b0-7c0a-000000000700",RuleName: -,"MD5=71E73162F75EF1C1094F8E8AC5E9BED3,SHA256=2AE4D76B2037BF4EA615E92C7064272C93FC6A5CD649A95502234F6F32B9B151,IMPHASH=5684AC498F33E673679C0E6EB97444CD",ParentProcess: C:\Program Files (x86)\Google\Update\GoogleUpdate.exe,"ParentProcessID: 7840, ParentProcessGUID: 4bbef3ae-ab0a-62b0-640a-000000000700","ParentCommandLine: ""C:\Program Files (x86)\Google\Update\GoogleUpdate.exe"" /c","""C:\Program Files (x86)\Google\Update\1.3.36.132\GoogleCrashHandler64.exe""",False,C:\Users\byte store\Desktop\Incident Files Tempest\sysmon.evtx,Classic,0,"{""EventData"":{""Data"":[{""@Name"":""RuleName"",""#text"":""-""},{""@Name"":""UtcTime"",""#text"":""2022-06-20 17:14:59.130""},{""@Name"":""ProcessGuid"",""#text"":""4bbef3ae-ab13-62b0-7c0a-000000000700""},{""@Name"":""ProcessId"",""#text"":""1772""},{""@Name"":""Image"",""#text"":""C:\\Program Files (x86)\\Google\\Update\\1.3.36.132\\GoogleCrashHandler64.exe""},{""@Name"":""FileVersion"",""#text"":""1.3.36.131""},{""@Name"":""Description"",""#text"":""Google Crash Handler""},{""@Name"":""Product"",""#text"":""Google Update""},{""@Name"":""Company"",""#text"":""Google LLC""},{""@Name"":""OriginalFileName"",""#text"":""GoogleUpdate.exe""},{""@Name"":""CommandLine"",""#text"":""\""C:\\Program Files (x86)\\Google\\Update\\1.3.36.132\\GoogleCrashHandler64.exe\""""},{""@Name"":""CurrentDirectory"",""#text"":""C:\\Program Files (x86)\\Google\\Update\\1.3.36.132\\""},{""@Name"":""User"",""#text"":""NT AUTHORITY\\SYSTEM""},{""@Name"":""LogonGuid"",""#text"":""4bbef3ae-8422-62b0-e703-000000000000""},{""@Name"":""LogonId"",""#text"":""0x3E7""},{""@Name"":""TerminalSessionId"",""#text"":""0""},{""@Name"":""IntegrityLevel"",""#text"":""System""},{""@Name"":""Hashes"",""#text"":""MD5=71E73162F75EF1C1094F8E8AC5E9BED3,SHA256=2AE4D76B2037BF4EA615E92C7064272C93FC6A5CD649A95502234F6F32B9B151,IMPHASH=5684AC498F33E673679C0E6EB97444CD""},{""@Name"":""ParentProcessGuid"",""#text"":""4bbef3ae-ab0a-62b0-640a-000000000700""},{""@Name"":""ParentProcessId"",""#text"":""7840""},{""@Name"":""ParentImage"",""#text"":""C:\\Program Files (x86)\\Google\\Update\\GoogleUpdate.exe""},{""@Name"":""ParentCommandLine"",""#text"":""\""C:\\Program Files (x86)\\Google\\Update\\GoogleUpdate.exe\"" /c""},{""@Name"":""ParentUser"",""#text"":""NT AUTHORITY\\SYSTEM""}]}}"
239,7744,2022-06-20 17:15:07.7325113,1,Info,Microsoft-Windows-Sysmon,Microsoft-Windows-Sysmon/Operational,2800,6224,TEMPEST,4,S-1-5-18,Process creation,TEMPEST\benimaru,,"ProcessID: 5728, ProcessGUID: 4bbef3ae-ab1b-62b0-810a-000000000700",RuleName: -,"MD5=7DFD2B02BAEA83FF2CB75094CC45EB42,SHA256=C31F8DEB950D401377FD342D3BCE363DDA150D86F512EB1A5F6F34CEECB81D6C,IMPHASH=C204EBCC4372F95F645AF852BFE02ADB",ParentProcess: -,"ParentProcessID: 752, ParentProcessGUID: 00000000-0000-0000-0000-000000000000",ParentCommandLine: -,C:\Windows\System32\smartscreen.exe -Embedding,False,C:\Users\byte store\Desktop\Incident Files Tempest\sysmon.evtx,Classic,0,"{""EventData"":{""Data"":[{""@Name"":""RuleName"",""#text"":""-""},{""@Name"":""UtcTime"",""#text"":""2022-06-20 17:15:07.731""},{""@Name"":""ProcessGuid"",""#text"":""4bbef3ae-ab1b-62b0-810a-000000000700""},{""@Name"":""ProcessId"",""#text"":""5728""},{""@Name"":""Image"",""#text"":""C:\\Windows\\System32\\smartscreen.exe""},{""@Name"":""FileVersion"",""#text"":""10.0.17763.348 (WinBuild.160101.0800)""},{""@Name"":""Description"",""#text"":""Windows Defender SmartScreen""},{""@Name"":""Product"",""#text"":""Microsoft® Windows® Operating System""},{""@Name"":""Company"",""#text"":""Microsoft Corporation""},{""@Name"":""OriginalFileName"",""#text"":""smartscreen.exe""},{""@Name"":""CommandLine"",""#text"":""C:\\Windows\\System32\\smartscreen.exe -Embedding""},{""@Name"":""CurrentDirectory"",""#text"":""C:\\Windows\\system32\\""},{""@Name"":""User"",""#text"":""TEMPEST\\benimaru""},{""@Name"":""LogonGuid"",""#text"":""4bbef3ae-ab09-62b0-1ca9-b00100000000""},{""@Name"":""LogonId"",""#text"":""0x1B0A91C""},{""@Name"":""TerminalSessionId"",""#text"":""11""},{""@Name"":""IntegrityLevel"",""#text"":""Medium""},{""@Name"":""Hashes"",""#text"":""MD5=7DFD2B02BAEA83FF2CB75094CC45EB42,SHA256=C31F8DEB950D401377FD342D3BCE363DDA150D86F512EB1A5F6F34CEECB81D6C,IMPHASH=C204EBCC4372F95F645AF852BFE02ADB""},{""@Name"":""ParentProcessGuid"",""#text"":""00000000-0000-0000-0000-000000000000""},{""@Name"":""ParentProcessId"",""#text"":""752""},{""@Name"":""ParentImage"",""#text"":""-""},{""@Name"":""ParentCommandLine"",""#text"":""-""},{""@Name"":""ParentUser"",""#text"":""-""}]}}"
240,7745,2022-06-20 17:15:07.8048974,1,Info,Microsoft-Windows-Sysmon,Microsoft-Windows-Sysmon/Operational,2800,6224,TEMPEST,4,S-1-5-18,Process creation,TEMPEST\benimaru,,"ProcessID: 4792, ProcessGUID: 4bbef3ae-ab1b-62b0-820a-000000000700",RuleName: -,"MD5=09F3F2298DDA6EBB57B12C530D35C52C,SHA256=48F852164EF4747FCDDFF463034CAD33167E341D241536B122AE74FC8841C941,IMPHASH=44315EF1FEB6193B3AB5492033CEFAAE",ParentProcess: C:\Windows\explorer.exe,"ParentProcessID: 5784, ParentProcessGUID: 4bbef3ae-ab0a-62b0-6a0a-000000000700",ParentCommandLine: C:\Windows\Explorer.EXE,"""C:\Windows\System32\SecurityHealthSystray.exe"" ",False,C:\Users\byte store\Desktop\Incident Files Tempest\sysmon.evtx,Classic,0,"{""EventData"":{""Data"":[{""@Name"":""RuleName"",""#text"":""-""},{""@Name"":""UtcTime"",""#text"":""2022-06-20 17:15:07.803""},{""@Name"":""ProcessGuid"",""#text"":""4bbef3ae-ab1b-62b0-820a-000000000700""},{""@Name"":""ProcessId"",""#text"":""4792""},{""@Name"":""Image"",""#text"":""C:\\Windows\\System32\\SecurityHealthSystray.exe""},{""@Name"":""FileVersion"",""#text"":""10.0.17763.1 (WinBuild.160101.0800)""},{""@Name"":""Description"",""#text"":""Windows Security notification icon""},{""@Name"":""Product"",""#text"":""Microsoft® Windows® Operating System""},{""@Name"":""Company"",""#text"":""Microsoft Corporation""},{""@Name"":""OriginalFileName"",""#text"":""SecurityHealthSystray.exe""},{""@Name"":""CommandLine"",""#text"":""\""C:\\Windows\\System32\\SecurityHealthSystray.exe\"" ""},{""@Name"":""CurrentDirectory"",""#text"":""C:\\Windows\\system32\\""},{""@Name"":""User"",""#text"":""TEMPEST\\benimaru""},{""@Name"":""LogonGuid"",""#text"":""4bbef3ae-ab09-62b0-1ca9-b00100000000""},{""@Name"":""LogonId"",""#text"":""0x1B0A91C""},{""@Name"":""TerminalSessionId"",""#text"":""11""},{""@Name"":""IntegrityLevel"",""#text"":""Medium""},{""@Name"":""Hashes"",""#text"":""MD5=09F3F2298DDA6EBB57B12C530D35C52C,SHA256=48F852164EF4747FCDDFF463034CAD33167E341D241536B122AE74FC8841C941,IMPHASH=44315EF1FEB6193B3AB5492033CEFAAE""},{""@Name"":""ParentProcessGuid"",""#text"":""4bbef3ae-ab0a-62b0-6a0a-000000000700""},{""@Name"":""ParentProcessId"",""#text"":""5784""},{""@Name"":""ParentImage"",""#text"":""C:\\Windows\\explorer.exe""},{""@Name"":""ParentCommandLine"",""#text"":""C:\\Windows\\Explorer.EXE""},{""@Name"":""ParentUser"",""#text"":""TEMPEST\\benimaru""}]}}"
241,7746,2022-06-20 17:15:07.9125961,1,Info,Microsoft-Windows-Sysmon,Microsoft-Windows-Sysmon/Operational,2800,6224,TEMPEST,4,S-1-5-18,Process creation,TEMPEST\benimaru,,"ProcessID: 7244, ProcessGUID: 4bbef3ae-ab1b-62b0-840a-000000000700",RuleName: -,"MD5=611DA0A2ACD64616C83451B68C8C3A4C,SHA256=EE51F6C4623C642F58C40794937C6C5A61C2FD6E8382EABA4DE0ACAA40A7BD7D,IMPHASH=32F02158B6269CEBFDF22EE0249CCF23",ParentProcess: -,"ParentProcessID: 752, ParentProcessGUID: 00000000-0000-0000-0000-000000000000",ParentCommandLine: -,"""C:\Program Files (x86)\Microsoft OneDrive\21.220.1024.0005\FileCoAuth.exe"" -Embedding",False,C:\Users\byte store\Desktop\Incident Files Tempest\sysmon.evtx,Classic,0,"{""EventData"":{""Data"":[{""@Name"":""RuleName"",""#text"":""-""},{""@Name"":""UtcTime"",""#text"":""2022-06-20 17:15:07.911""},{""@Name"":""ProcessGuid"",""#text"":""4bbef3ae-ab1b-62b0-840a-000000000700""},{""@Name"":""ProcessId"",""#text"":""7244""},{""@Name"":""Image"",""#text"":""C:\\Program Files (x86)\\Microsoft OneDrive\\21.220.1024.0005\\FileCoAuth.exe""},{""@Name"":""FileVersion"",""#text"":""21.220.1024.0005""},{""@Name"":""Description"",""#text"":""Microsoft OneDriveFile Co-Authoring Executable""},{""@Name"":""Product"",""#text"":""Microsoft OneDrive""},{""@Name"":""Company"",""#text"":""Microsoft Corporation""},{""@Name"":""OriginalFileName"",""#text"":""FileCoAuth.exe""},{""@Name"":""CommandLine"",""#text"":""\""C:\\Program Files (x86)\\Microsoft OneDrive\\21.220.1024.0005\\FileCoAuth.exe\"" -Embedding""},{""@Name"":""CurrentDirectory"",""#text"":""C:\\Windows\\system32\\""},{""@Name"":""User"",""#text"":""TEMPEST\\benimaru""},{""@Name"":""LogonGuid"",""#text"":""4bbef3ae-ab09-62b0-1ca9-b00100000000""},{""@Name"":""LogonId"",""#text"":""0x1B0A91C""},{""@Name"":""TerminalSessionId"",""#text"":""11""},{""@Name"":""IntegrityLevel"",""#text"":""Medium""},{""@Name"":""Hashes"",""#text"":""MD5=611DA0A2ACD64616C83451B68C8C3A4C,SHA256=EE51F6C4623C642F58C40794937C6C5A61C2FD6E8382EABA4DE0ACAA40A7BD7D,IMPHASH=32F02158B6269CEBFDF22EE0249CCF23""},{""@Name"":""ParentProcessGuid"",""#text"":""00000000-0000-0000-0000-000000000000""},{""@Name"":""ParentProcessId"",""#text"":""752""},{""@Name"":""ParentImage"",""#text"":""-""},{""@Name"":""ParentCommandLine"",""#text"":""-""},{""@Name"":""ParentUser"",""#text"":""-""}]}}"
242,7747,2022-06-20 17:15:08.2521798,1,Info,Microsoft-Windows-Sysmon,Microsoft-Windows-Sysmon/Operational,2800,6224,TEMPEST,4,S-1-5-18,Process creation,TEMPEST\benimaru,,"ProcessID: 5424, ProcessGUID: 4bbef3ae-ab1c-62b0-850a-000000000700",RuleName: -,"MD5=63D6CF3E7A02AB6402CD86DB1EA3FC61,SHA256=CEB4482CD19ABC45460AF5619C0C7E32A04BBF58A6B2A5C2C9D17B62A2A0FC03,IMPHASH=83049CE64FF6C16A761DAF819BAE30D6",ParentProcess: C:\Windows\explorer.exe,"ParentProcessID: 5784, ParentProcessGUID: 4bbef3ae-ab0a-62b0-6a0a-000000000700",ParentCommandLine: C:\Windows\Explorer.EXE,"""C:\Program Files\VMware\VMware Tools\vmtoolsd.exe"" -n vmusr",False,C:\Users\byte store\Desktop\Incident Files Tempest\sysmon.evtx,Classic,0,"{""EventData"":{""Data"":[{""@Name"":""RuleName"",""#text"":""-""},{""@Name"":""UtcTime"",""#text"":""2022-06-20 17:15:08.250""},{""@Name"":""ProcessGuid"",""#text"":""4bbef3ae-ab1c-62b0-850a-000000000700""},{""@Name"":""ProcessId"",""#text"":""5424""},{""@Name"":""Image"",""#text"":""C:\\Program Files\\VMware\\VMware Tools\\vmtoolsd.exe""},{""@Name"":""FileVersion"",""#text"":""11.3.5.31214""},{""@Name"":""Description"",""#text"":""VMware Tools Core Service""},{""@Name"":""Product"",""#text"":""VMware Tools""},{""@Name"":""Company"",""#text"":""VMware, Inc.""},{""@Name"":""OriginalFileName"",""#text"":""vmtoolsd.exe""},{""@Name"":""CommandLine"",""#text"":""\""C:\\Program Files\\VMware\\VMware Tools\\vmtoolsd.exe\"" -n vmusr""},{""@Name"":""CurrentDirectory"",""#text"":""C:\\Windows\\system32\\""},{""@Name"":""User"",""#text"":""TEMPEST\\benimaru""},{""@Name"":""LogonGuid"",""#text"":""4bbef3ae-ab09-62b0-1ca9-b00100000000""},{""@Name"":""LogonId"",""#text"":""0x1B0A91C""},{""@Name"":""TerminalSessionId"",""#text"":""11""},{""@Name"":""IntegrityLevel"",""#text"":""Medium""},{""@Name"":""Hashes"",""#text"":""MD5=63D6CF3E7A02AB6402CD86DB1EA3FC61,SHA256=CEB4482CD19ABC45460AF5619C0C7E32A04BBF58A6B2A5C2C9D17B62A2A0FC03,IMPHASH=83049CE64FF6C16A761DAF819BAE30D6""},{""@Name"":""ParentProcessGuid"",""#text"":""4bbef3ae-ab0a-62b0-6a0a-000000000700""},{""@Name"":""ParentProcessId"",""#text"":""5784""},{""@Name"":""ParentImage"",""#text"":""C:\\Windows\\explorer.exe""},{""@Name"":""ParentCommandLine"",""#text"":""C:\\Windows\\Explorer.EXE""},{""@Name"":""ParentUser"",""#text"":""TEMPEST\\benimaru""}]}}"
