61,7566,2022-06-20 17:12:27.9708128,22,Info,Microsoft-Windows-Sysmon,Microsoft-Windows-Sysmon/Operational,2800,6188,TEMPEST,1,S-1-5-18,DNSEvent (DNS query),TEMPEST\benimaru,,"ProcessID: 7712, ProcessGUID: 4bbef3ae-aa77-62b0-eb09-000000000700",RuleName: -,Image: C:\Windows\system32\svchost.exe,QueryName: cdn.onenote.net,QueryStatus: 0,QueryResults: type:  5 cdn.onenote.net.edgekey.net;type:  5 e1553.dspg.akamaiedge.net;2001:fe0:10:687::611;2001:fe0:10:682::611;::ffff:104.101.49.114;,,False,C:\Users\byte store\Desktop\Incident Files Tempest\sysmon.evtx,Classic,0,"{""EventData"":{""Data"":[{""@Name"":""RuleName"",""#text"":""-""},{""@Name"":""UtcTime"",""#text"":""2022-06-20 16:58:24.504""},{""@Name"":""ProcessGuid"",""#text"":""4bbef3ae-aa77-62b0-eb09-000000000700""},{""@Name"":""ProcessId"",""#text"":""7712""},{""@Name"":""QueryName"",""#text"":""cdn.onenote.net""},{""@Name"":""QueryStatus"",""#text"":""0""},{""@Name"":""QueryResults"",""#text"":""type:  5 cdn.onenote.net.edgekey.net;type:  5 e1553.dspg.akamaiedge.net;2001:fe0:10:687::611;2001:fe0:10:682::611;::ffff:104.101.49.114;""},{""@Name"":""Image"",""#text"":""C:\\Windows\\system32\\svchost.exe""},{""@Name"":""User"",""#text"":""TEMPEST\\benimaru""}]}}"
62,7567,2022-06-20 17:12:30.0110252,1,Info,Microsoft-Windows-Sysmon,Microsoft-Windows-Sysmon/Operational,2800,6224,TEMPEST,1,S-1-5-18,Process creation,TEMPEST\benimaru,,"ProcessID: 5292, ProcessGUID: 4bbef3ae-aa7d-62b0-010a-000000000700",RuleName: -,"MD5=F04ADA7AF26797029FA84FE969E7D215,SHA256=010A39F2C33B3DF513C599E951B61AFC8299C85B60C86E957E9DA17C1CD5655A,IMPHASH=09ACF1642E301359F90E7DA59EE838C6",ParentProcess: -,"ParentProcessID: 752, ParentProcessGUID: 00000000-0000-0000-0000-000000000000",ParentCommandLine: -,C:\Windows\system32\ApplicationFrameHost.exe -Embedding,False,C:\Users\byte store\Desktop\Incident Files Tempest\sysmon.evtx,Classic,0,"{""EventData"":{""Data"":[{""@Name"":""RuleName"",""#text"":""-""},{""@Name"":""UtcTime"",""#text"":""2022-06-20 17:12:29.973""},{""@Name"":""ProcessGuid"",""#text"":""4bbef3ae-aa7d-62b0-010a-000000000700""},{""@Name"":""ProcessId"",""#text"":""5292""},{""@Name"":""Image"",""#text"":""C:\\Windows\\System32\\ApplicationFrameHost.exe""},{""@Name"":""FileVersion"",""#text"":""10.0.17763.1 (WinBuild.160101.0800)""},{""@Name"":""Description"",""#text"":""Application Frame Host""},{""@Name"":""Product"",""#text"":""Microsoft® Windows® Operating System""},{""@Name"":""Company"",""#text"":""Microsoft Corporation""},{""@Name"":""OriginalFileName"",""#text"":""ApplicationFrameHost.exe""},{""@Name"":""CommandLine"",""#text"":""C:\\Windows\\system32\\ApplicationFrameHost.exe -Embedding""},{""@Name"":""CurrentDirectory"",""#text"":""C:\\Windows\\system32\\""},{""@Name"":""User"",""#text"":""TEMPEST\\benimaru""},{""@Name"":""LogonGuid"",""#text"":""4bbef3ae-aa76-62b0-cd6b-a40100000000""},{""@Name"":""LogonId"",""#text"":""0x1A46BCD""},{""@Name"":""TerminalSessionId"",""#text"":""10""},{""@Name"":""IntegrityLevel"",""#text"":""Medium""},{""@Name"":""Hashes"",""#text"":""MD5=F04ADA7AF26797029FA84FE969E7D215,SHA256=010A39F2C33B3DF513C599E951B61AFC8299C85B60C86E957E9DA17C1CD5655A,IMPHASH=09ACF1642E301359F90E7DA59EE838C6""},{""@Name"":""ParentProcessGuid"",""#text"":""00000000-0000-0000-0000-000000000000""},{""@Name"":""ParentProcessId"",""#text"":""752""},{""@Name"":""ParentImage"",""#text"":""-""},{""@Name"":""ParentCommandLine"",""#text"":""-""},{""@Name"":""ParentUser"",""#text"":""-""}]}}"
63,7568,2022-06-20 17:12:30.7703637,1,Info,Microsoft-Windows-Sysmon,Microsoft-Windows-Sysmon/Operational,2800,6224,TEMPEST,1,S-1-5-18,Process creation,TEMPEST\benimaru,,"ProcessID: 7980, ProcessGUID: 4bbef3ae-aa7e-62b0-050a-000000000700",RuleName: -,"MD5=08EAE2A042C90DB1DBA4FB34E4D56264,SHA256=609A3A73A983A1C47511282D31D9FCFE7909950944AC5324344596215CD778AA,IMPHASH=DB359A050881ECD06E06DC1C90FF4448",ParentProcess: -,"ParentProcessID: 752, ParentProcessGUID: 00000000-0000-0000-0000-000000000000",ParentCommandLine: -,C:\Windows\system32\browser_broker.exe -Embedding,False,C:\Users\byte store\Desktop\Incident Files Tempest\sysmon.evtx,Classic,0,"{""EventData"":{""Data"":[{""@Name"":""RuleName"",""#text"":""-""},{""@Name"":""UtcTime"",""#text"":""2022-06-20 17:12:30.717""},{""@Name"":""ProcessGuid"",""#text"":""4bbef3ae-aa7e-62b0-050a-000000000700""},{""@Name"":""ProcessId"",""#text"":""7980""},{""@Name"":""Image"",""#text"":""C:\\Windows\\System32\\browser_broker.exe""},{""@Name"":""FileVersion"",""#text"":""11.00.17763.316 (WinBuild.160101.0800)""},{""@Name"":""Description"",""#text"":""Browser_Broker""},{""@Name"":""Product"",""#text"":""Microsoft® Windows® Operating System""},{""@Name"":""Company"",""#text"":""Microsoft Corporation""},{""@Name"":""OriginalFileName"",""#text"":""browser_broker.EXE""},{""@Name"":""CommandLine"",""#text"":""C:\\Windows\\system32\\browser_broker.exe -Embedding""},{""@Name"":""CurrentDirectory"",""#text"":""C:\\Windows\\system32\\""},{""@Name"":""User"",""#text"":""TEMPEST\\benimaru""},{""@Name"":""LogonGuid"",""#text"":""4bbef3ae-aa76-62b0-cd6b-a40100000000""},{""@Name"":""LogonId"",""#text"":""0x1A46BCD""},{""@Name"":""TerminalSessionId"",""#text"":""10""},{""@Name"":""IntegrityLevel"",""#text"":""Medium""},{""@Name"":""Hashes"",""#text"":""MD5=08EAE2A042C90DB1DBA4FB34E4D56264,SHA256=609A3A73A983A1C47511282D31D9FCFE7909950944AC5324344596215CD778AA,IMPHASH=DB359A050881ECD06E06DC1C90FF4448""},{""@Name"":""ParentProcessGuid"",""#text"":""00000000-0000-0000-0000-000000000000""},{""@Name"":""ParentProcessId"",""#text"":""752""},{""@Name"":""ParentImage"",""#text"":""-""},{""@Name"":""ParentCommandLine"",""#text"":""-""},{""@Name"":""ParentUser"",""#text"":""-""}]}}"
64,7569,2022-06-20 17:12:30.8490773,22,Info,Microsoft-Windows-Sysmon,Microsoft-Windows-Sysmon/Operational,2800,6188,TEMPEST,1,S-1-5-18,DNSEvent (DNS query),TEMPEST\benimaru,,"ProcessID: 3852, ProcessGUID: 4bbef3ae-aa7b-62b0-fa09-000000000700",RuleName: -,Image: C:\Windows\SystemApps\Microsoft.Windows.Cortana_cw5n1h2txyewy\SearchUI.exe,QueryName: fp-vp-nocache.azureedge.net,QueryStatus: 0,QueryResults: type:  5 fp-vp-nocache.ec.azureedge.net;type:  5 cs9.wpc.v0cdn.net;2606:2800:147:120f:30c:1ba0:fc6:265a;::ffff:117.18.232.200;,,False,C:\Users\byte store\Desktop\Incident Files Tempest\sysmon.evtx,Classic,0,"{""EventData"":{""Data"":[{""@Name"":""RuleName"",""#text"":""-""},{""@Name"":""UtcTime"",""#text"":""2022-06-20 16:58:28.763""},{""@Name"":""ProcessGuid"",""#text"":""4bbef3ae-aa7b-62b0-fa09-000000000700""},{""@Name"":""ProcessId"",""#text"":""3852""},{""@Name"":""QueryName"",""#text"":""fp-vp-nocache.azureedge.net""},{""@Name"":""QueryStatus"",""#text"":""0""},{""@Name"":""QueryResults"",""#text"":""type:  5 fp-vp-nocache.ec.azureedge.net;type:  5 cs9.wpc.v0cdn.net;2606:2800:147:120f:30c:1ba0:fc6:265a;::ffff:117.18.232.200;""},{""@Name"":""Image"",""#text"":""C:\\Windows\\SystemApps\\Microsoft.Windows.Cortana_cw5n1h2txyewy\\SearchUI.exe""},{""@Name"":""User"",""#text"":""TEMPEST\\benimaru""}]}}"
65,7570,2022-06-20 17:12:30.8503527,22,Info,Microsoft-Windows-Sysmon,Microsoft-Windows-Sysmon/Operational,2800,6188,TEMPEST,1,S-1-5-18,DNSEvent (DNS query),TEMPEST\benimaru,,"ProcessID: 3852, ProcessGUID: 4bbef3ae-aa7b-62b0-fa09-000000000700",RuleName: -,Image: C:\Windows\SystemApps\Microsoft.Windows.Cortana_cw5n1h2txyewy\SearchUI.exe,QueryName: 023f37bef0a9f83c3d4e06895cfd1f95.clo.footprintdns.com,QueryStatus: 0,QueryResults: type:  5 phx10prdapp02-canary-opaph.netmon.azure.com;type:  5 phx10prdapp02-canary-opaph.westus3.cloudapp.azure.com;2603:1030:501:2::54;::ffff:20.106.94.33;,,False,C:\Users\byte store\Desktop\Incident Files Tempest\sysmon.evtx,Classic,0,"{""EventData"":{""Data"":[{""@Name"":""RuleName"",""#text"":""-""},{""@Name"":""UtcTime"",""#text"":""2022-06-20 16:58:28.795""},{""@Name"":""ProcessGuid"",""#text"":""4bbef3ae-aa7b-62b0-fa09-000000000700""},{""@Name"":""ProcessId"",""#text"":""3852""},{""@Name"":""QueryName"",""#text"":""023f37bef0a9f83c3d4e06895cfd1f95.clo.footprintdns.com""},{""@Name"":""QueryStatus"",""#text"":""0""},{""@Name"":""QueryResults"",""#text"":""type:  5 phx10prdapp02-canary-opaph.netmon.azure.com;type:  5 phx10prdapp02-canary-opaph.westus3.cloudapp.azure.com;2603:1030:501:2::54;::ffff:20.106.94.33;""},{""@Name"":""Image"",""#text"":""C:\\Windows\\SystemApps\\Microsoft.Windows.Cortana_cw5n1h2txyewy\\SearchUI.exe""},{""@Name"":""User"",""#text"":""TEMPEST\\benimaru""}]}}"
66,7571,2022-06-20 17:12:31.8280743,22,Info,Microsoft-Windows-Sysmon,Microsoft-Windows-Sysmon/Operational,2800,6188,TEMPEST,1,S-1-5-18,DNSEvent (DNS query),TEMPEST\benimaru,,"ProcessID: 3852, ProcessGUID: 4bbef3ae-aa7b-62b0-fa09-000000000700",RuleName: -,Image: C:\Windows\SystemApps\Microsoft.Windows.Cortana_cw5n1h2txyewy\SearchUI.exe,QueryName: static-akam.licdn.com,QueryStatus: 0,QueryResults: type:  5 od.linkedin.edgesuite.net;type:  5 a1916.dscg2.akamai.net;2001:fe0:10:4::cbb1:2660;2001:fe0:10:4::cbb1:2668;::ffff:120.28.5.56;::ffff:120.28.5.58;,,False,C:\Users\byte store\Desktop\Incident Files Tempest\sysmon.evtx,Classic,0,"{""EventData"":{""Data"":[{""@Name"":""RuleName"",""#text"":""-""},{""@Name"":""UtcTime"",""#text"":""2022-06-20 16:58:28.872""},{""@Name"":""ProcessGuid"",""#text"":""4bbef3ae-aa7b-62b0-fa09-000000000700""},{""@Name"":""ProcessId"",""#text"":""3852""},{""@Name"":""QueryName"",""#text"":""static-akam.licdn.com""},{""@Name"":""QueryStatus"",""#text"":""0""},{""@Name"":""QueryResults"",""#text"":""type:  5 od.linkedin.edgesuite.net;type:  5 a1916.dscg2.akamai.net;2001:fe0:10:4::cbb1:2660;2001:fe0:10:4::cbb1:2668;::ffff:120.28.5.56;::ffff:120.28.5.58;""},{""@Name"":""Image"",""#text"":""C:\\Windows\\SystemApps\\Microsoft.Windows.Cortana_cw5n1h2txyewy\\SearchUI.exe""},{""@Name"":""User"",""#text"":""TEMPEST\\benimaru""}]}}"
67,7572,2022-06-20 17:12:34.7625087,1,Info,Microsoft-Windows-Sysmon,Microsoft-Windows-Sysmon/Operational,2800,6224,TEMPEST,1,S-1-5-18,Process creation,TEMPEST\benimaru,,"ProcessID: 6952, ProcessGUID: 4bbef3ae-aa82-62b0-090a-000000000700",RuleName: -,"MD5=AFE653CCC2592633C22DD5DA4124AB59,SHA256=2D88AB60714D7CAA53B06653CDD31E14093121CEBF3BB7EB7CA0F1B9F04A3A8A,IMPHASH=6FD43544FB51C12382CAD7C88F550240",ParentProcess: C:\Windows\System32\svchost.exe,"ParentProcessID: 5324, ParentProcessGUID: 4bbef3ae-8442-62b0-8400-000000000700",ParentCommandLine: C:\Windows\System32\svchost.exe -k LocalSystemNetworkRestricted -p -s TabletInputService,"""ctfmon.exe""",False,C:\Users\byte store\Desktop\Incident Files Tempest\sysmon.evtx,Classic,0,"{""EventData"":{""Data"":[{""@Name"":""RuleName"",""#text"":""-""},{""@Name"":""UtcTime"",""#text"":""2022-06-20 17:12:34.736""},{""@Name"":""ProcessGuid"",""#text"":""4bbef3ae-aa82-62b0-090a-000000000700""},{""@Name"":""ProcessId"",""#text"":""6952""},{""@Name"":""Image"",""#text"":""C:\\Windows\\System32\\ctfmon.exe""},{""@Name"":""FileVersion"",""#text"":""10.0.17763.1 (WinBuild.160101.0800)""},{""@Name"":""Description"",""#text"":""CTF Loader""},{""@Name"":""Product"",""#text"":""Microsoft® Windows® Operating System""},{""@Name"":""Company"",""#text"":""Microsoft Corporation""},{""@Name"":""OriginalFileName"",""#text"":""CTFMON.EXE""},{""@Name"":""CommandLine"",""#text"":""\""ctfmon.exe\""""},{""@Name"":""CurrentDirectory"",""#text"":""C:\\Windows\\system32\\""},{""@Name"":""User"",""#text"":""TEMPEST\\benimaru""},{""@Name"":""LogonGuid"",""#text"":""4bbef3ae-aa76-62b0-cd6b-a40100000000""},{""@Name"":""LogonId"",""#text"":""0x1A46BCD""},{""@Name"":""TerminalSessionId"",""#text"":""10""},{""@Name"":""IntegrityLevel"",""#text"":""High""},{""@Name"":""Hashes"",""#text"":""MD5=AFE653CCC2592633C22DD5DA4124AB59,SHA256=2D88AB60714D7CAA53B06653CDD31E14093121CEBF3BB7EB7CA0F1B9F04A3A8A,IMPHASH=6FD43544FB51C12382CAD7C88F550240""},{""@Name"":""ParentProcessGuid"",""#text"":""4bbef3ae-8442-62b0-8400-000000000700""},{""@Name"":""ParentProcessId"",""#text"":""5324""},{""@Name"":""ParentImage"",""#text"":""C:\\Windows\\System32\\svchost.exe""},{""@Name"":""ParentCommandLine"",""#text"":""C:\\Windows\\System32\\svchost.exe -k LocalSystemNetworkRestricted -p -s TabletInputService""},{""@Name"":""ParentUser"",""#text"":""NT AUTHORITY\\SYSTEM""}]}}"
68,7573,2022-06-20 17:12:36.3452874,1,Info,Microsoft-Windows-Sysmon,Microsoft-Windows-Sysmon/Operational,2800,6224,TEMPEST,1,S-1-5-18,Process creation,NT AUTHORITY\SYSTEM,,"ProcessID: 5116, ProcessGUID: 4bbef3ae-aa84-62b0-0b0a-000000000700",RuleName: -,"MD5=B6B844CBA41F7C190A001941A9A34E9A,SHA256=03E91A5144AB49E6A39DF0D920987E718FD36F8D5CA34E243506025E8DA1DB78,IMPHASH=E644A8EE9E39A92AF446289170894A1B",ParentProcess: C:\Program Files (x86)\Google\Update\GoogleUpdate.exe,"ParentProcessID: 8528, ParentProcessGUID: 4bbef3ae-aa77-62b0-ec09-000000000700","ParentCommandLine: ""C:\Program Files (x86)\Google\Update\GoogleUpdate.exe"" /c","""C:\Program Files (x86)\Google\Update\1.3.36.132\GoogleCrashHandler.exe""",False,C:\Users\byte store\Desktop\Incident Files Tempest\sysmon.evtx,Classic,0,"{""EventData"":{""Data"":[{""@Name"":""RuleName"",""#text"":""-""},{""@Name"":""UtcTime"",""#text"":""2022-06-20 17:12:36.341""},{""@Name"":""ProcessGuid"",""#text"":""4bbef3ae-aa84-62b0-0b0a-000000000700""},{""@Name"":""ProcessId"",""#text"":""5116""},{""@Name"":""Image"",""#text"":""C:\\Program Files (x86)\\Google\\Update\\1.3.36.132\\GoogleCrashHandler.exe""},{""@Name"":""FileVersion"",""#text"":""1.3.36.131""},{""@Name"":""Description"",""#text"":""Google Crash Handler""},{""@Name"":""Product"",""#text"":""Google Update""},{""@Name"":""Company"",""#text"":""Google LLC""},{""@Name"":""OriginalFileName"",""#text"":""GoogleUpdate.exe""},{""@Name"":""CommandLine"",""#text"":""\""C:\\Program Files (x86)\\Google\\Update\\1.3.36.132\\GoogleCrashHandler.exe\""""},{""@Name"":""CurrentDirectory"",""#text"":""C:\\Program Files (x86)\\Google\\Update\\1.3.36.132\\""},{""@Name"":""User"",""#text"":""NT AUTHORITY\\SYSTEM""},{""@Name"":""LogonGuid"",""#text"":""4bbef3ae-8422-62b0-e703-000000000000""},{""@Name"":""LogonId"",""#text"":""0x3E7""},{""@Name"":""TerminalSessionId"",""#text"":""0""},{""@Name"":""IntegrityLevel"",""#text"":""System""},{""@Name"":""Hashes"",""#text"":""MD5=B6B844CBA41F7C190A001941A9A34E9A,SHA256=03E91A5144AB49E6A39DF0D920987E718FD36F8D5CA34E243506025E8DA1DB78,IMPHASH=E644A8EE9E39A92AF446289170894A1B""},{""@Name"":""ParentProcessGuid"",""#text"":""4bbef3ae-aa77-62b0-ec09-000000000700""},{""@Name"":""ParentProcessId"",""#text"":""8528""},{""@Name"":""ParentImage"",""#text"":""C:\\Program Files (x86)\\Google\\Update\\GoogleUpdate.exe""},{""@Name"":""ParentCommandLine"",""#text"":""\""C:\\Program Files (x86)\\Google\\Update\\GoogleUpdate.exe\"" /c""},{""@Name"":""ParentUser"",""#text"":""NT AUTHORITY\\SYSTEM""}]}}"
69,7574,2022-06-20 17:12:36.3653919,1,Info,Microsoft-Windows-Sysmon,Microsoft-Windows-Sysmon/Operational,2800,6224,TEMPEST,1,S-1-5-18,Process creation,NT AUTHORITY\SYSTEM,,"ProcessID: 980, ProcessGUID: 4bbef3ae-aa84-62b0-0c0a-000000000700",RuleName: -,"MD5=71E73162F75EF1C1094F8E8AC5E9BED3,SHA256=2AE4D76B2037BF4EA615E92C7064272C93FC6A5CD649A95502234F6F32B9B151,IMPHASH=5684AC498F33E673679C0E6EB97444CD",ParentProcess: C:\Program Files (x86)\Google\Update\GoogleUpdate.exe,"ParentProcessID: 8528, ParentProcessGUID: 4bbef3ae-aa77-62b0-ec09-000000000700","ParentCommandLine: ""C:\Program Files (x86)\Google\Update\GoogleUpdate.exe"" /c","""C:\Program Files (x86)\Google\Update\1.3.36.132\GoogleCrashHandler64.exe""",False,C:\Users\byte store\Desktop\Incident Files Tempest\sysmon.evtx,Classic,0,"{""EventData"":{""Data"":[{""@Name"":""RuleName"",""#text"":""-""},{""@Name"":""UtcTime"",""#text"":""2022-06-20 17:12:36.359""},{""@Name"":""ProcessGuid"",""#text"":""4bbef3ae-aa84-62b0-0c0a-000000000700""},{""@Name"":""ProcessId"",""#text"":""980""},{""@Name"":""Image"",""#text"":""C:\\Program Files (x86)\\Google\\Update\\1.3.36.132\\GoogleCrashHandler64.exe""},{""@Name"":""FileVersion"",""#text"":""1.3.36.131""},{""@Name"":""Description"",""#text"":""Google Crash Handler""},{""@Name"":""Product"",""#text"":""Google Update""},{""@Name"":""Company"",""#text"":""Google LLC""},{""@Name"":""OriginalFileName"",""#text"":""GoogleUpdate.exe""},{""@Name"":""CommandLine"",""#text"":""\""C:\\Program Files (x86)\\Google\\Update\\1.3.36.132\\GoogleCrashHandler64.exe\""""},{""@Name"":""CurrentDirectory"",""#text"":""C:\\Program Files (x86)\\Google\\Update\\1.3.36.132\\""},{""@Name"":""User"",""#text"":""NT AUTHORITY\\SYSTEM""},{""@Name"":""LogonGuid"",""#text"":""4bbef3ae-8422-62b0-e703-000000000000""},{""@Name"":""LogonId"",""#text"":""0x3E7""},{""@Name"":""TerminalSessionId"",""#text"":""0""},{""@Name"":""IntegrityLevel"",""#text"":""System""},{""@Name"":""Hashes"",""#text"":""MD5=71E73162F75EF1C1094F8E8AC5E9BED3,SHA256=2AE4D76B2037BF4EA615E92C7064272C93FC6A5CD649A95502234F6F32B9B151,IMPHASH=5684AC498F33E673679C0E6EB97444CD""},{""@Name"":""ParentProcessGuid"",""#text"":""4bbef3ae-aa77-62b0-ec09-000000000700""},{""@Name"":""ParentProcessId"",""#text"":""8528""},{""@Name"":""ParentImage"",""#text"":""C:\\Program Files (x86)\\Google\\Update\\GoogleUpdate.exe""},{""@Name"":""ParentCommandLine"",""#text"":""\""C:\\Program Files (x86)\\Google\\Update\\GoogleUpdate.exe\"" /c""},{""@Name"":""ParentUser"",""#text"":""NT AUTHORITY\\SYSTEM""}]}}"
70,7575,2022-06-20 17:12:37.6385789,1,Info,Microsoft-Windows-Sysmon,Microsoft-Windows-Sysmon/Operational,2800,6224,TEMPEST,1,S-1-5-18,Process creation,TEMPEST\benimaru,,"ProcessID: 7136, ProcessGUID: 4bbef3ae-aa85-62b0-0f0a-000000000700",RuleName: -,"MD5=7DFD2B02BAEA83FF2CB75094CC45EB42,SHA256=C31F8DEB950D401377FD342D3BCE363DDA150D86F512EB1A5F6F34CEECB81D6C,IMPHASH=C204EBCC4372F95F645AF852BFE02ADB",ParentProcess: -,"ParentProcessID: 752, ParentProcessGUID: 00000000-0000-0000-0000-000000000000",ParentCommandLine: -,C:\Windows\System32\smartscreen.exe -Embedding,False,C:\Users\byte store\Desktop\Incident Files Tempest\sysmon.evtx,Classic,0,"{""EventData"":{""Data"":[{""@Name"":""RuleName"",""#text"":""-""},{""@Name"":""UtcTime"",""#text"":""2022-06-20 17:12:37.637""},{""@Name"":""ProcessGuid"",""#text"":""4bbef3ae-aa85-62b0-0f0a-000000000700""},{""@Name"":""ProcessId"",""#text"":""7136""},{""@Name"":""Image"",""#text"":""C:\\Windows\\System32\\smartscreen.exe""},{""@Name"":""FileVersion"",""#text"":""10.0.17763.348 (WinBuild.160101.0800)""},{""@Name"":""Description"",""#text"":""Windows Defender SmartScreen""},{""@Name"":""Product"",""#text"":""Microsoft® Windows® Operating System""},{""@Name"":""Company"",""#text"":""Microsoft Corporation""},{""@Name"":""OriginalFileName"",""#text"":""smartscreen.exe""},{""@Name"":""CommandLine"",""#text"":""C:\\Windows\\System32\\smartscreen.exe -Embedding""},{""@Name"":""CurrentDirectory"",""#text"":""C:\\Windows\\system32\\""},{""@Name"":""User"",""#text"":""TEMPEST\\benimaru""},{""@Name"":""LogonGuid"",""#text"":""4bbef3ae-aa76-62b0-cd6b-a40100000000""},{""@Name"":""LogonId"",""#text"":""0x1A46BCD""},{""@Name"":""TerminalSessionId"",""#text"":""10""},{""@Name"":""IntegrityLevel"",""#text"":""Medium""},{""@Name"":""Hashes"",""#text"":""MD5=7DFD2B02BAEA83FF2CB75094CC45EB42,SHA256=C31F8DEB950D401377FD342D3BCE363DDA150D86F512EB1A5F6F34CEECB81D6C,IMPHASH=C204EBCC4372F95F645AF852BFE02ADB""},{""@Name"":""ParentProcessGuid"",""#text"":""00000000-0000-0000-0000-000000000000""},{""@Name"":""ParentProcessId"",""#text"":""752""},{""@Name"":""ParentImage"",""#text"":""-""},{""@Name"":""ParentCommandLine"",""#text"":""-""},{""@Name"":""ParentUser"",""#text"":""-""}]}}"
71,7576,2022-06-20 17:12:37.7994206,1,Info,Microsoft-Windows-Sysmon,Microsoft-Windows-Sysmon/Operational,2800,6224,TEMPEST,1,S-1-5-18,Process creation,TEMPEST\benimaru,,"ProcessID: 6596, ProcessGUID: 4bbef3ae-aa85-62b0-100a-000000000700",RuleName: -,"MD5=FEB85086B649E9B6809137E2C63DC647,SHA256=9ED2858BBB8B0DD5D7A015431C6592D12F5ACFB0CCDA70C48EFB5F52A8BE498B,IMPHASH=6B4443349D1BF3B7F64F196B03E28222",ParentProcess: C:\Windows\explorer.exe,"ParentProcessID: 8572, ParentProcessGUID: 4bbef3ae-aa78-62b0-f309-000000000700",ParentCommandLine: C:\Windows\Explorer.EXE,"""C:\Program Files\Google\Chrome\Application\chrome.exe"" ",False,C:\Users\byte store\Desktop\Incident Files Tempest\sysmon.evtx,Classic,0,"{""EventData"":{""Data"":[{""@Name"":""RuleName"",""#text"":""-""},{""@Name"":""UtcTime"",""#text"":""2022-06-20 17:12:37.787""},{""@Name"":""ProcessGuid"",""#text"":""4bbef3ae-aa85-62b0-100a-000000000700""},{""@Name"":""ProcessId"",""#text"":""6596""},{""@Name"":""Image"",""#text"":""C:\\Program Files\\Google\\Chrome\\Application\\chrome.exe""},{""@Name"":""FileVersion"",""#text"":""102.0.5005.115""},{""@Name"":""Description"",""#text"":""Google Chrome""},{""@Name"":""Product"",""#text"":""Google Chrome""},{""@Name"":""Company"",""#text"":""Google LLC""},{""@Name"":""OriginalFileName"",""#text"":""chrome.exe""},{""@Name"":""CommandLine"",""#text"":""\""C:\\Program Files\\Google\\Chrome\\Application\\chrome.exe\"" ""},{""@Name"":""CurrentDirectory"",""#text"":""C:\\Program Files\\Google\\Chrome\\Application\\""},{""@Name"":""User"",""#text"":""TEMPEST\\benimaru""},{""@Name"":""LogonGuid"",""#text"":""4bbef3ae-aa76-62b0-cd6b-a40100000000""},{""@Name"":""LogonId"",""#text"":""0x1A46BCD""},{""@Name"":""TerminalSessionId"",""#text"":""10""},{""@Name"":""IntegrityLevel"",""#text"":""Medium""},{""@Name"":""Hashes"",""#text"":""MD5=FEB85086B649E9B6809137E2C63DC647,SHA256=9ED2858BBB8B0DD5D7A015431C6592D12F5ACFB0CCDA70C48EFB5F52A8BE498B,IMPHASH=6B4443349D1BF3B7F64F196B03E28222""},{""@Name"":""ParentProcessGuid"",""#text"":""4bbef3ae-aa78-62b0-f309-000000000700""},{""@Name"":""ParentProcessId"",""#text"":""8572""},{""@Name"":""ParentImage"",""#text"":""C:\\Windows\\explorer.exe""},{""@Name"":""ParentCommandLine"",""#text"":""C:\\Windows\\Explorer.EXE""},{""@Name"":""ParentUser"",""#text"":""TEMPEST\\benimaru""}]}}"
72,7577,2022-06-20 17:12:40.3520775,22,Info,Microsoft-Windows-Sysmon,Microsoft-Windows-Sysmon/Operational,2800,6188,TEMPEST,1,S-1-5-18,DNSEvent (DNS query),TEMPEST\benimaru,,"ProcessID: 4616, ProcessGUID: 4bbef3ae-aa86-62b0-140a-000000000700",RuleName: -,Image: C:\Program Files\Google\Chrome\Application\chrome.exe,QueryName: wpad,QueryStatus: 123,QueryResults: -,,False,C:\Users\byte store\Desktop\Incident Files Tempest\sysmon.evtx,Classic,0,"{""EventData"":{""Data"":[{""@Name"":""RuleName"",""#text"":""-""},{""@Name"":""UtcTime"",""#text"":""2022-06-20 16:58:38.810""},{""@Name"":""ProcessGuid"",""#text"":""4bbef3ae-aa86-62b0-140a-000000000700""},{""@Name"":""ProcessId"",""#text"":""4616""},{""@Name"":""QueryName"",""#text"":""wpad""},{""@Name"":""QueryStatus"",""#text"":""123""},{""@Name"":""QueryResults"",""#text"":""-""},{""@Name"":""Image"",""#text"":""C:\\Program Files\\Google\\Chrome\\Application\\chrome.exe""},{""@Name"":""User"",""#text"":""TEMPEST\\benimaru""}]}}"
73,7578,2022-06-20 17:12:41.0447530,1,Info,Microsoft-Windows-Sysmon,Microsoft-Windows-Sysmon/Operational,2800,6224,TEMPEST,1,S-1-5-18,Process creation,TEMPEST\benimaru,,"ProcessID: 6260, ProcessGUID: 4bbef3ae-aa88-62b0-180a-000000000700",RuleName: -,"MD5=16FD84CD1320A42C20080CDA1DC675B7,SHA256=25484D9BAB580D1D7BA0F514093791D8C9F4367BDD69F3F9943CB7D82B3052C4,IMPHASH=9C5365A9CDB8687F59320109F3CE439E",ParentProcess: -,"ParentProcessID: 752, ParentProcessGUID: 00000000-0000-0000-0000-000000000000",ParentCommandLine: -,C:\Windows\System32\CompPkgSrv.exe -Embedding,False,C:\Users\byte store\Desktop\Incident Files Tempest\sysmon.evtx,Classic,0,"{""EventData"":{""Data"":[{""@Name"":""RuleName"",""#text"":""-""},{""@Name"":""UtcTime"",""#text"":""2022-06-20 17:12:40.983""},{""@Name"":""ProcessGuid"",""#text"":""4bbef3ae-aa88-62b0-180a-000000000700""},{""@Name"":""ProcessId"",""#text"":""6260""},{""@Name"":""Image"",""#text"":""C:\\Windows\\System32\\CompPkgSrv.exe""},{""@Name"":""FileVersion"",""#text"":""10.0.17763.292 (WinBuild.160101.0800)""},{""@Name"":""Description"",""#text"":""Component Package Support Server""},{""@Name"":""Product"",""#text"":""Microsoft® Windows® Operating System""},{""@Name"":""Company"",""#text"":""Microsoft Corporation""},{""@Name"":""OriginalFileName"",""#text"":""CompPkgSrv.exe""},{""@Name"":""CommandLine"",""#text"":""C:\\Windows\\System32\\CompPkgSrv.exe -Embedding""},{""@Name"":""CurrentDirectory"",""#text"":""C:\\Windows\\system32\\""},{""@Name"":""User"",""#text"":""TEMPEST\\benimaru""},{""@Name"":""LogonGuid"",""#text"":""4bbef3ae-aa76-62b0-cd6b-a40100000000""},{""@Name"":""LogonId"",""#text"":""0x1A46BCD""},{""@Name"":""TerminalSessionId"",""#text"":""10""},{""@Name"":""IntegrityLevel"",""#text"":""Low""},{""@Name"":""Hashes"",""#text"":""MD5=16FD84CD1320A42C20080CDA1DC675B7,SHA256=25484D9BAB580D1D7BA0F514093791D8C9F4367BDD69F3F9943CB7D82B3052C4,IMPHASH=9C5365A9CDB8687F59320109F3CE439E""},{""@Name"":""ParentProcessGuid"",""#text"":""00000000-0000-0000-0000-000000000000""},{""@Name"":""ParentProcessId"",""#text"":""752""},{""@Name"":""ParentImage"",""#text"":""-""},{""@Name"":""ParentCommandLine"",""#text"":""-""},{""@Name"":""ParentUser"",""#text"":""-""}]}}"
74,7579,2022-06-20 17:12:41.3092761,22,Info,Microsoft-Windows-Sysmon,Microsoft-Windows-Sysmon/Operational,2800,6188,TEMPEST,1,S-1-5-18,DNSEvent (DNS query),TEMPEST\benimaru,,"ProcessID: 4616, ProcessGUID: 4bbef3ae-aa86-62b0-140a-000000000700",RuleName: -,Image: C:\Program Files\Google\Chrome\Application\chrome.exe,QueryName: wpad,QueryStatus: 123,QueryResults: -,,False,C:\Users\byte store\Desktop\Incident Files Tempest\sysmon.evtx,Classic,0,"{""EventData"":{""Data"":[{""@Name"":""RuleName"",""#text"":""-""},{""@Name"":""UtcTime"",""#text"":""2022-06-20 16:58:38.834""},{""@Name"":""ProcessGuid"",""#text"":""4bbef3ae-aa86-62b0-140a-000000000700""},{""@Name"":""ProcessId"",""#text"":""4616""},{""@Name"":""QueryName"",""#text"":""wpad""},{""@Name"":""QueryStatus"",""#text"":""123""},{""@Name"":""QueryResults"",""#text"":""-""},{""@Name"":""Image"",""#text"":""C:\\Program Files\\Google\\Chrome\\Application\\chrome.exe""},{""@Name"":""User"",""#text"":""TEMPEST\\benimaru""}]}}"
75,7580,2022-06-20 17:12:41.3113919,22,Info,Microsoft-Windows-Sysmon,Microsoft-Windows-Sysmon/Operational,2800,6188,TEMPEST,1,S-1-5-18,DNSEvent (DNS query),TEMPEST\benimaru,,"ProcessID: 4616, ProcessGUID: 4bbef3ae-aa86-62b0-140a-000000000700",RuleName: -,Image: C:\Program Files\Google\Chrome\Application\chrome.exe,QueryName: wpad,QueryStatus: 123,QueryResults: -,,False,C:\Users\byte store\Desktop\Incident Files Tempest\sysmon.evtx,Classic,0,"{""EventData"":{""Data"":[{""@Name"":""RuleName"",""#text"":""-""},{""@Name"":""UtcTime"",""#text"":""2022-06-20 16:58:38.922""},{""@Name"":""ProcessGuid"",""#text"":""4bbef3ae-aa86-62b0-140a-000000000700""},{""@Name"":""ProcessId"",""#text"":""4616""},{""@Name"":""QueryName"",""#text"":""wpad""},{""@Name"":""QueryStatus"",""#text"":""123""},{""@Name"":""QueryResults"",""#text"":""-""},{""@Name"":""Image"",""#text"":""C:\\Program Files\\Google\\Chrome\\Application\\chrome.exe""},{""@Name"":""User"",""#text"":""TEMPEST\\benimaru""}]}}"
76,7581,2022-06-20 17:12:41.3494547,22,Info,Microsoft-Windows-Sysmon,Microsoft-Windows-Sysmon/Operational,2800,6188,TEMPEST,1,S-1-5-18,DNSEvent (DNS query),TEMPEST\benimaru,,"ProcessID: 4616, ProcessGUID: 4bbef3ae-aa86-62b0-140a-000000000700",RuleName: -,Image: C:\Program Files\Google\Chrome\Application\chrome.exe,QueryName: accounts.google.com,QueryStatus: 0,QueryResults: 2404:6800:4005:81a::200d;::ffff:142.250.66.45;,,False,C:\Users\byte store\Desktop\Incident Files Tempest\sysmon.evtx,Classic,0,"{""EventData"":{""Data"":[{""@Name"":""RuleName"",""#text"":""-""},{""@Name"":""UtcTime"",""#text"":""2022-06-20 16:58:39.509""},{""@Name"":""ProcessGuid"",""#text"":""4bbef3ae-aa86-62b0-140a-000000000700""},{""@Name"":""ProcessId"",""#text"":""4616""},{""@Name"":""QueryName"",""#text"":""accounts.google.com""},{""@Name"":""QueryStatus"",""#text"":""0""},{""@Name"":""QueryResults"",""#text"":""2404:6800:4005:81a::200d;::ffff:142.250.66.45;""},{""@Name"":""Image"",""#text"":""C:\\Program Files\\Google\\Chrome\\Application\\chrome.exe""},{""@Name"":""User"",""#text"":""TEMPEST\\benimaru""}]}}"
77,7582,2022-06-20 17:12:42.3113522,22,Info,Microsoft-Windows-Sysmon,Microsoft-Windows-Sysmon/Operational,2800,6188,TEMPEST,1,S-1-5-18,DNSEvent (DNS query),TEMPEST\benimaru,,"ProcessID: 4616, ProcessGUID: 4bbef3ae-aa86-62b0-140a-000000000700",RuleName: -,Image: C:\Program Files\Google\Chrome\Application\chrome.exe,QueryName: www.google.com,QueryStatus: 0,QueryResults: 2404:6800:4005:807::2004;::ffff:142.250.66.132;,,False,C:\Users\byte store\Desktop\Incident Files Tempest\sysmon.evtx,Classic,0,"{""EventData"":{""Data"":[{""@Name"":""RuleName"",""#text"":""-""},{""@Name"":""UtcTime"",""#text"":""2022-06-20 16:58:39.712""},{""@Name"":""ProcessGuid"",""#text"":""4bbef3ae-aa86-62b0-140a-000000000700""},{""@Name"":""ProcessId"",""#text"":""4616""},{""@Name"":""QueryName"",""#text"":""www.google.com""},{""@Name"":""QueryStatus"",""#text"":""0""},{""@Name"":""QueryResults"",""#text"":""2404:6800:4005:807::2004;::ffff:142.250.66.132;""},{""@Name"":""Image"",""#text"":""C:\\Program Files\\Google\\Chrome\\Application\\chrome.exe""},{""@Name"":""User"",""#text"":""TEMPEST\\benimaru""}]}}"
78,7583,2022-06-20 17:12:44.6922868,1,Info,Microsoft-Windows-Sysmon,Microsoft-Windows-Sysmon/Operational,2800,6224,TEMPEST,1,S-1-5-18,Process creation,TEMPEST\benimaru,,"ProcessID: 1828, ProcessGUID: 4bbef3ae-aa8c-62b0-1f0a-000000000700",RuleName: -,"MD5=09F3F2298DDA6EBB57B12C530D35C52C,SHA256=48F852164EF4747FCDDFF463034CAD33167E341D241536B122AE74FC8841C941,IMPHASH=44315EF1FEB6193B3AB5492033CEFAAE",ParentProcess: C:\Windows\explorer.exe,"ParentProcessID: 8572, ParentProcessGUID: 4bbef3ae-aa78-62b0-f309-000000000700",ParentCommandLine: C:\Windows\Explorer.EXE,"""C:\Windows\System32\SecurityHealthSystray.exe"" ",False,C:\Users\byte store\Desktop\Incident Files Tempest\sysmon.evtx,Classic,0,"{""EventData"":{""Data"":[{""@Name"":""RuleName"",""#text"":""-""},{""@Name"":""UtcTime"",""#text"":""2022-06-20 17:12:44.690""},{""@Name"":""ProcessGuid"",""#text"":""4bbef3ae-aa8c-62b0-1f0a-000000000700""},{""@Name"":""ProcessId"",""#text"":""1828""},{""@Name"":""Image"",""#text"":""C:\\Windows\\System32\\SecurityHealthSystray.exe""},{""@Name"":""FileVersion"",""#text"":""10.0.17763.1 (WinBuild.160101.0800)""},{""@Name"":""Description"",""#text"":""Windows Security notification icon""},{""@Name"":""Product"",""#text"":""Microsoft® Windows® Operating System""},{""@Name"":""Company"",""#text"":""Microsoft Corporation""},{""@Name"":""OriginalFileName"",""#text"":""SecurityHealthSystray.exe""},{""@Name"":""CommandLine"",""#text"":""\""C:\\Windows\\System32\\SecurityHealthSystray.exe\"" ""},{""@Name"":""CurrentDirectory"",""#text"":""C:\\Windows\\system32\\""},{""@Name"":""User"",""#text"":""TEMPEST\\benimaru""},{""@Name"":""LogonGuid"",""#text"":""4bbef3ae-aa76-62b0-cd6b-a40100000000""},{""@Name"":""LogonId"",""#text"":""0x1A46BCD""},{""@Name"":""TerminalSessionId"",""#text"":""10""},{""@Name"":""IntegrityLevel"",""#text"":""Medium""},{""@Name"":""Hashes"",""#text"":""MD5=09F3F2298DDA6EBB57B12C530D35C52C,SHA256=48F852164EF4747FCDDFF463034CAD33167E341D241536B122AE74FC8841C941,IMPHASH=44315EF1FEB6193B3AB5492033CEFAAE""},{""@Name"":""ParentProcessGuid"",""#text"":""4bbef3ae-aa78-62b0-f309-000000000700""},{""@Name"":""ParentProcessId"",""#text"":""8572""},{""@Name"":""ParentImage"",""#text"":""C:\\Windows\\explorer.exe""},{""@Name"":""ParentCommandLine"",""#text"":""C:\\Windows\\Explorer.EXE""},{""@Name"":""ParentUser"",""#text"":""TEMPEST\\benimaru""}]}}"
79,7584,2022-06-20 17:12:44.8710622,1,Info,Microsoft-Windows-Sysmon,Microsoft-Windows-Sysmon/Operational,2800,6224,TEMPEST,1,S-1-5-18,Process creation,TEMPEST\benimaru,,"ProcessID: 7964, ProcessGUID: 4bbef3ae-aa8c-62b0-220a-000000000700",RuleName: -,"MD5=611DA0A2ACD64616C83451B68C8C3A4C,SHA256=EE51F6C4623C642F58C40794937C6C5A61C2FD6E8382EABA4DE0ACAA40A7BD7D,IMPHASH=32F02158B6269CEBFDF22EE0249CCF23",ParentProcess: -,"ParentProcessID: 752, ParentProcessGUID: 00000000-0000-0000-0000-000000000000",ParentCommandLine: -,"""C:\Program Files (x86)\Microsoft OneDrive\21.220.1024.0005\FileCoAuth.exe"" -Embedding",False,C:\Users\byte store\Desktop\Incident Files Tempest\sysmon.evtx,Classic,0,"{""EventData"":{""Data"":[{""@Name"":""RuleName"",""#text"":""-""},{""@Name"":""UtcTime"",""#text"":""2022-06-20 17:12:44.868""},{""@Name"":""ProcessGuid"",""#text"":""4bbef3ae-aa8c-62b0-220a-000000000700""},{""@Name"":""ProcessId"",""#text"":""7964""},{""@Name"":""Image"",""#text"":""C:\\Program Files (x86)\\Microsoft OneDrive\\21.220.1024.0005\\FileCoAuth.exe""},{""@Name"":""FileVersion"",""#text"":""21.220.1024.0005""},{""@Name"":""Description"",""#text"":""Microsoft OneDriveFile Co-Authoring Executable""},{""@Name"":""Product"",""#text"":""Microsoft OneDrive""},{""@Name"":""Company"",""#text"":""Microsoft Corporation""},{""@Name"":""OriginalFileName"",""#text"":""FileCoAuth.exe""},{""@Name"":""CommandLine"",""#text"":""\""C:\\Program Files (x86)\\Microsoft OneDrive\\21.220.1024.0005\\FileCoAuth.exe\"" -Embedding""},{""@Name"":""CurrentDirectory"",""#text"":""C:\\Windows\\system32\\""},{""@Name"":""User"",""#text"":""TEMPEST\\benimaru""},{""@Name"":""LogonGuid"",""#text"":""4bbef3ae-aa76-62b0-cd6b-a40100000000""},{""@Name"":""LogonId"",""#text"":""0x1A46BCD""},{""@Name"":""TerminalSessionId"",""#text"":""10""},{""@Name"":""IntegrityLevel"",""#text"":""Medium""},{""@Name"":""Hashes"",""#text"":""MD5=611DA0A2ACD64616C83451B68C8C3A4C,SHA256=EE51F6C4623C642F58C40794937C6C5A61C2FD6E8382EABA4DE0ACAA40A7BD7D,IMPHASH=32F02158B6269CEBFDF22EE0249CCF23""},{""@Name"":""ParentProcessGuid"",""#text"":""00000000-0000-0000-0000-000000000000""},{""@Name"":""ParentProcessId"",""#text"":""752""},{""@Name"":""ParentImage"",""#text"":""-""},{""@Name"":""ParentCommandLine"",""#text"":""-""},{""@Name"":""ParentUser"",""#text"":""-""}]}}"
80,7585,2022-06-20 17:12:45.1767509,1,Info,Microsoft-Windows-Sysmon,Microsoft-Windows-Sysmon/Operational,2800,6224,TEMPEST,1,S-1-5-18,Process creation,TEMPEST\benimaru,,"ProcessID: 1432, ProcessGUID: 4bbef3ae-aa8d-62b0-230a-000000000700",RuleName: -,"MD5=63D6CF3E7A02AB6402CD86DB1EA3FC61,SHA256=CEB4482CD19ABC45460AF5619C0C7E32A04BBF58A6B2A5C2C9D17B62A2A0FC03,IMPHASH=83049CE64FF6C16A761DAF819BAE30D6",ParentProcess: C:\Windows\explorer.exe,"ParentProcessID: 8572, ParentProcessGUID: 4bbef3ae-aa78-62b0-f309-000000000700",ParentCommandLine: C:\Windows\Explorer.EXE,"""C:\Program Files\VMware\VMware Tools\vmtoolsd.exe"" -n vmusr",False,C:\Users\byte store\Desktop\Incident Files Tempest\sysmon.evtx,Classic,0,"{""EventData"":{""Data"":[{""@Name"":""RuleName"",""#text"":""-""},{""@Name"":""UtcTime"",""#text"":""2022-06-20 17:12:45.172""},{""@Name"":""ProcessGuid"",""#text"":""4bbef3ae-aa8d-62b0-230a-000000000700""},{""@Name"":""ProcessId"",""#text"":""1432""},{""@Name"":""Image"",""#text"":""C:\\Program Files\\VMware\\VMware Tools\\vmtoolsd.exe""},{""@Name"":""FileVersion"",""#text"":""11.3.5.31214""},{""@Name"":""Description"",""#text"":""VMware Tools Core Service""},{""@Name"":""Product"",""#text"":""VMware Tools""},{""@Name"":""Company"",""#text"":""VMware, Inc.""},{""@Name"":""OriginalFileName"",""#text"":""vmtoolsd.exe""},{""@Name"":""CommandLine"",""#text"":""\""C:\\Program Files\\VMware\\VMware Tools\\vmtoolsd.exe\"" -n vmusr""},{""@Name"":""CurrentDirectory"",""#text"":""C:\\Windows\\system32\\""},{""@Name"":""User"",""#text"":""TEMPEST\\benimaru""},{""@Name"":""LogonGuid"",""#text"":""4bbef3ae-aa76-62b0-cd6b-a40100000000""},{""@Name"":""LogonId"",""#text"":""0x1A46BCD""},{""@Name"":""TerminalSessionId"",""#text"":""10""},{""@Name"":""IntegrityLevel"",""#text"":""Medium""},{""@Name"":""Hashes"",""#text"":""MD5=63D6CF3E7A02AB6402CD86DB1EA3FC61,SHA256=CEB4482CD19ABC45460AF5619C0C7E32A04BBF58A6B2A5C2C9D17B62A2A0FC03,IMPHASH=83049CE64FF6C16A761DAF819BAE30D6""},{""@Name"":""ParentProcessGuid"",""#text"":""4bbef3ae-aa78-62b0-f309-000000000700""},{""@Name"":""ParentProcessId"",""#text"":""8572""},{""@Name"":""ParentImage"",""#text"":""C:\\Windows\\explorer.exe""},{""@Name"":""ParentCommandLine"",""#text"":""C:\\Windows\\Explorer.EXE""},{""@Name"":""ParentUser"",""#text"":""TEMPEST\\benimaru""}]}}"
81,7586,2022-06-20 17:12:47.4048337,1,Info,Microsoft-Windows-Sysmon,Microsoft-Windows-Sysmon/Operational,2800,6224,TEMPEST,1,S-1-5-18,Process creation,TEMPEST\benimaru,,"ProcessID: 7784, ProcessGUID: 4bbef3ae-aa8f-62b0-260a-000000000700",RuleName: -,"MD5=C2938EB5FF932C2540A1514CC82C197C,SHA256=5D8273BF98397E4C5053F8F154E5F838C7E8A798B125FCAD33CAB16E2515B665,IMPHASH=23F95F4561FF7B0F5E78BCFF2C87F2A2",ParentProcess: C:\Windows\explorer.exe,"ParentProcessID: 8572, ParentProcessGUID: 4bbef3ae-aa78-62b0-f309-000000000700",ParentCommandLine: C:\Windows\Explorer.EXE,"""C:\Program Files (x86)\Microsoft OneDrive\OneDrive.exe"" /background",False,C:\Users\byte store\Desktop\Incident Files Tempest\sysmon.evtx,Classic,0,"{""EventData"":{""Data"":[{""@Name"":""RuleName"",""#text"":""-""},{""@Name"":""UtcTime"",""#text"":""2022-06-20 17:12:47.396""},{""@Name"":""ProcessGuid"",""#text"":""4bbef3ae-aa8f-62b0-260a-000000000700""},{""@Name"":""ProcessId"",""#text"":""7784""},{""@Name"":""Image"",""#text"":""C:\\Program Files (x86)\\Microsoft OneDrive\\OneDrive.exe""},{""@Name"":""FileVersion"",""#text"":""21.220.1024.0005""},{""@Name"":""Description"",""#text"":""Microsoft OneDrive""},{""@Name"":""Product"",""#text"":""Microsoft OneDrive""},{""@Name"":""Company"",""#text"":""Microsoft Corporation""},{""@Name"":""OriginalFileName"",""#text"":""OneDrive.exe""},{""@Name"":""CommandLine"",""#text"":""\""C:\\Program Files (x86)\\Microsoft OneDrive\\OneDrive.exe\"" /background""},{""@Name"":""CurrentDirectory"",""#text"":""C:\\Windows\\system32\\""},{""@Name"":""User"",""#text"":""TEMPEST\\benimaru""},{""@Name"":""LogonGuid"",""#text"":""4bbef3ae-aa76-62b0-cd6b-a40100000000""},{""@Name"":""LogonId"",""#text"":""0x1A46BCD""},{""@Name"":""TerminalSessionId"",""#text"":""10""},{""@Name"":""IntegrityLevel"",""#text"":""Medium""},{""@Name"":""Hashes"",""#text"":""MD5=C2938EB5FF932C2540A1514CC82C197C,SHA256=5D8273BF98397E4C5053F8F154E5F838C7E8A798B125FCAD33CAB16E2515B665,IMPHASH=23F95F4561FF7B0F5E78BCFF2C87F2A2""},{""@Name"":""ParentProcessGuid"",""#text"":""4bbef3ae-aa78-62b0-f309-000000000700""},{""@Name"":""ParentProcessId"",""#text"":""8572""},{""@Name"":""ParentImage"",""#text"":""C:\\Windows\\explorer.exe""},{""@Name"":""ParentCommandLine"",""#text"":""C:\\Windows\\Explorer.EXE""},{""@Name"":""ParentUser"",""#text"":""TEMPEST\\benimaru""}]}}"
82,7587,2022-06-20 17:12:48.4962394,1,Info,Microsoft-Windows-Sysmon,Microsoft-Windows-Sysmon/Operational,2800,6224,TEMPEST,1,S-1-5-18,Process creation,TEMPEST\benimaru,,"ProcessID: 5624, ProcessGUID: 4bbef3ae-aa90-62b0-270a-000000000700",RuleName: -,"MD5=6168B0C085C5E1EB42573F61EC98869C,SHA256=5D2DFE5E38580C3D121D33E0DEDFF27EB224882BFF67AD9C82F6E591EB86D9D6,IMPHASH=F1BD76570610F7300A5420F49F23D76C",ParentProcess: C:\Program Files (x86)\Microsoft OneDrive\OneDrive.exe,"ParentProcessID: 7784, ParentProcessGUID: 4bbef3ae-aa8f-62b0-260a-000000000700","ParentCommandLine: ""C:\Program Files (x86)\Microsoft OneDrive\OneDrive.exe"" /background","""C:\Program Files (x86)\Microsoft OneDrive\21.220.1024.0005\Microsoft.SharePoint.exe"" /silentConfig",False,C:\Users\byte store\Desktop\Incident Files Tempest\sysmon.evtx,Classic,0,"{""EventData"":{""Data"":[{""@Name"":""RuleName"",""#text"":""-""},{""@Name"":""UtcTime"",""#text"":""2022-06-20 17:12:48.491""},{""@Name"":""ProcessGuid"",""#text"":""4bbef3ae-aa90-62b0-270a-000000000700""},{""@Name"":""ProcessId"",""#text"":""5624""},{""@Name"":""Image"",""#text"":""C:\\Program Files (x86)\\Microsoft OneDrive\\21.220.1024.0005\\Microsoft.SharePoint.exe""},{""@Name"":""FileVersion"",""#text"":""21.220.1024.0005""},{""@Name"":""Description"",""#text"":""Microsoft SharePoint""},{""@Name"":""Product"",""#text"":""Microsoft SharePoint""},{""@Name"":""Company"",""#text"":""Microsoft Corporation""},{""@Name"":""OriginalFileName"",""#text"":""Microsoft.SharePoint.exe""},{""@Name"":""CommandLine"",""#text"":""\""C:\\Program Files (x86)\\Microsoft OneDrive\\21.220.1024.0005\\Microsoft.SharePoint.exe\"" /silentConfig""},{""@Name"":""CurrentDirectory"",""#text"":""C:\\Windows\\system32\\""},{""@Name"":""User"",""#text"":""TEMPEST\\benimaru""},{""@Name"":""LogonGuid"",""#text"":""4bbef3ae-aa76-62b0-cd6b-a40100000000""},{""@Name"":""LogonId"",""#text"":""0x1A46BCD""},{""@Name"":""TerminalSessionId"",""#text"":""10""},{""@Name"":""IntegrityLevel"",""#text"":""Medium""},{""@Name"":""Hashes"",""#text"":""MD5=6168B0C085C5E1EB42573F61EC98869C,SHA256=5D2DFE5E38580C3D121D33E0DEDFF27EB224882BFF67AD9C82F6E591EB86D9D6,IMPHASH=F1BD76570610F7300A5420F49F23D76C""},{""@Name"":""ParentProcessGuid"",""#text"":""4bbef3ae-aa8f-62b0-260a-000000000700""},{""@Name"":""ParentProcessId"",""#text"":""7784""},{""@Name"":""ParentImage"",""#text"":""C:\\Program Files (x86)\\Microsoft OneDrive\\OneDrive.exe""},{""@Name"":""ParentCommandLine"",""#text"":""\""C:\\Program Files (x86)\\Microsoft OneDrive\\OneDrive.exe\"" /background""},{""@Name"":""ParentUser"",""#text"":""TEMPEST\\benimaru""}]}}"
83,7588,2022-06-20 17:12:49.2314918,22,Info,Microsoft-Windows-Sysmon,Microsoft-Windows-Sysmon/Operational,2800,6188,TEMPEST,1,S-1-5-18,DNSEvent (DNS query),TEMPEST\benimaru,,"ProcessID: 4616, ProcessGUID: 4bbef3ae-aa86-62b0-140a-000000000700",RuleName: -,Image: C:\Program Files\Google\Chrome\Application\chrome.exe,QueryName: wpad,QueryStatus: 123,QueryResults: -,,False,C:\Users\byte store\Desktop\Incident Files Tempest\sysmon.evtx,Classic,0,"{""EventData"":{""Data"":[{""@Name"":""RuleName"",""#text"":""-""},{""@Name"":""UtcTime"",""#text"":""2022-06-20 16:58:46.839""},{""@Name"":""ProcessGuid"",""#text"":""4bbef3ae-aa86-62b0-140a-000000000700""},{""@Name"":""ProcessId"",""#text"":""4616""},{""@Name"":""QueryName"",""#text"":""wpad""},{""@Name"":""QueryStatus"",""#text"":""123""},{""@Name"":""QueryResults"",""#text"":""-""},{""@Name"":""Image"",""#text"":""C:\\Program Files\\Google\\Chrome\\Application\\chrome.exe""},{""@Name"":""User"",""#text"":""TEMPEST\\benimaru""}]}}"
84,7589,2022-06-20 17:12:49.2329393,22,Info,Microsoft-Windows-Sysmon,Microsoft-Windows-Sysmon/Operational,2800,6188,TEMPEST,1,S-1-5-18,DNSEvent (DNS query),TEMPEST\benimaru,,"ProcessID: 4616, ProcessGUID: 4bbef3ae-aa86-62b0-140a-000000000700",RuleName: -,Image: C:\Program Files\Google\Chrome\Application\chrome.exe,QueryName: wpad,QueryStatus: 123,QueryResults: -,,False,C:\Users\byte store\Desktop\Incident Files Tempest\sysmon.evtx,Classic,0,"{""EventData"":{""Data"":[{""@Name"":""RuleName"",""#text"":""-""},{""@Name"":""UtcTime"",""#text"":""2022-06-20 16:58:46.843""},{""@Name"":""ProcessGuid"",""#text"":""4bbef3ae-aa86-62b0-140a-000000000700""},{""@Name"":""ProcessId"",""#text"":""4616""},{""@Name"":""QueryName"",""#text"":""wpad""},{""@Name"":""QueryStatus"",""#text"":""123""},{""@Name"":""QueryResults"",""#text"":""-""},{""@Name"":""Image"",""#text"":""C:\\Program Files\\Google\\Chrome\\Application\\chrome.exe""},{""@Name"":""User"",""#text"":""TEMPEST\\benimaru""}]}}"
85,7590,2022-06-20 17:12:49.2353465,22,Info,Microsoft-Windows-Sysmon,Microsoft-Windows-Sysmon/Operational,2800,6188,TEMPEST,1,S-1-5-18,DNSEvent (DNS query),TEMPEST\benimaru,,"ProcessID: 4616, ProcessGUID: 4bbef3ae-aa86-62b0-140a-000000000700",RuleName: -,Image: C:\Program Files\Google\Chrome\Application\chrome.exe,QueryName: wpad,QueryStatus: 123,QueryResults: -,,False,C:\Users\byte store\Desktop\Incident Files Tempest\sysmon.evtx,Classic,0,"{""EventData"":{""Data"":[{""@Name"":""RuleName"",""#text"":""-""},{""@Name"":""UtcTime"",""#text"":""2022-06-20 16:58:46.961""},{""@Name"":""ProcessGuid"",""#text"":""4bbef3ae-aa86-62b0-140a-000000000700""},{""@Name"":""ProcessId"",""#text"":""4616""},{""@Name"":""QueryName"",""#text"":""wpad""},{""@Name"":""QueryStatus"",""#text"":""123""},{""@Name"":""QueryResults"",""#text"":""-""},{""@Name"":""Image"",""#text"":""C:\\Program Files\\Google\\Chrome\\Application\\chrome.exe""},{""@Name"":""User"",""#text"":""TEMPEST\\benimaru""}]}}"
86,7591,2022-06-20 17:12:50.4903069,13,Info,Microsoft-Windows-Sysmon,Microsoft-Windows-Sysmon/Operational,2800,6224,TEMPEST,1,S-1-5-18,RegistryEvent (Value Set),TEMPEST\benimaru,,"ProcessID: 5624, ProcessGUID: 4bbef3ae-aa90-62b0-270a-000000000700",RuleName: T1042,Image: C:\Program Files (x86)\Microsoft OneDrive\21.220.1024.0005\Microsoft.SharePoint.exe,EventType: SetValue,TargetObject: HKU\S-1-5-21-349058839-1848105669-1528301110-1001_Classes\mssharepointclient\shell\open\command\(Default),"Details: ""C:\Program Files (x86)\Microsoft OneDrive\21.220.1024.0005\Microsoft.SharePoint.exe"" /protocol:""%%1""",,False,C:\Users\byte store\Desktop\Incident Files Tempest\sysmon.evtx,Classic,0,"{""EventData"":{""Data"":[{""@Name"":""RuleName"",""#text"":""T1042""},{""@Name"":""EventType"",""#text"":""SetValue""},{""@Name"":""UtcTime"",""#text"":""2022-06-20 17:12:50.480""},{""@Name"":""ProcessGuid"",""#text"":""4bbef3ae-aa90-62b0-270a-000000000700""},{""@Name"":""ProcessId"",""#text"":""5624""},{""@Name"":""Image"",""#text"":""C:\\Program Files (x86)\\Microsoft OneDrive\\21.220.1024.0005\\Microsoft.SharePoint.exe""},{""@Name"":""TargetObject"",""#text"":""HKU\\S-1-5-21-349058839-1848105669-1528301110-1001_Classes\\mssharepointclient\\shell\\open\\command\\(Default)""},{""@Name"":""Details"",""#text"":""\""C:\\Program Files (x86)\\Microsoft OneDrive\\21.220.1024.0005\\Microsoft.SharePoint.exe\"" /protocol:\""%%1\""""},{""@Name"":""User"",""#text"":""TEMPEST\\benimaru""}]}}"
87,7592,2022-06-20 17:12:51.2303217,22,Info,Microsoft-Windows-Sysmon,Microsoft-Windows-Sysmon/Operational,2800,6188,TEMPEST,1,S-1-5-18,DNSEvent (DNS query),TEMPEST\benimaru,,"ProcessID: 7784, ProcessGUID: 4bbef3ae-aa8f-62b0-260a-000000000700",RuleName: -,Image: C:\Program Files (x86)\Microsoft OneDrive\OneDrive.exe,QueryName: api.onedrive.com,QueryStatus: 0,QueryResults: type:  5 common-afdrk.fe.1drv.com;type:  5 odc-commonafdrk-geo.onedrive.akadns.net;type:  5 odc-commonafdrk-brs.onedrive.akadns.net;type:  5 common.be.1drv.com.l-0003.dc-msedge.net.l-0003.l-msedge.net;type:  5 l-0003.l-msedge.net;::ffff:13.107.42.12;,,False,C:\Users\byte store\Desktop\Incident Files Tempest\sysmon.evtx,Classic,0,"{""EventData"":{""Data"":[{""@Name"":""RuleName"",""#text"":""-""},{""@Name"":""UtcTime"",""#text"":""2022-06-20 16:58:48.994""},{""@Name"":""ProcessGuid"",""#text"":""4bbef3ae-aa8f-62b0-260a-000000000700""},{""@Name"":""ProcessId"",""#text"":""7784""},{""@Name"":""QueryName"",""#text"":""api.onedrive.com""},{""@Name"":""QueryStatus"",""#text"":""0""},{""@Name"":""QueryResults"",""#text"":""type:  5 common-afdrk.fe.1drv.com;type:  5 odc-commonafdrk-geo.onedrive.akadns.net;type:  5 odc-commonafdrk-brs.onedrive.akadns.net;type:  5 common.be.1drv.com.l-0003.dc-msedge.net.l-0003.l-msedge.net;type:  5 l-0003.l-msedge.net;::ffff:13.107.42.12;""},{""@Name"":""Image"",""#text"":""C:\\Program Files (x86)\\Microsoft OneDrive\\OneDrive.exe""},{""@Name"":""User"",""#text"":""TEMPEST\\benimaru""}]}}"
88,7593,2022-06-20 17:12:56.2083754,11,Info,Microsoft-Windows-Sysmon,Microsoft-Windows-Sysmon/Operational,2800,6224,TEMPEST,1,S-1-5-18,FileCreate,TEMPEST\benimaru,,"ProcessID: 6596, ProcessGUID: 4bbef3ae-aa85-62b0-100a-000000000700",RuleName: Downloads,Image: C:\Program Files\Google\Chrome\Application\chrome.exe,TargetFilename: C:\Users\benimaru\Downloads\467beabe-cd11-45b2-992b-a9b53a850c2d.tmp,,,,False,C:\Users\byte store\Desktop\Incident Files Tempest\sysmon.evtx,Classic,0,"{""EventData"":{""Data"":[{""@Name"":""RuleName"",""#text"":""Downloads""},{""@Name"":""UtcTime"",""#text"":""2022-06-20 17:12:56.193""},{""@Name"":""ProcessGuid"",""#text"":""4bbef3ae-aa85-62b0-100a-000000000700""},{""@Name"":""ProcessId"",""#text"":""6596""},{""@Name"":""Image"",""#text"":""C:\\Program Files\\Google\\Chrome\\Application\\chrome.exe""},{""@Name"":""TargetFilename"",""#text"":""C:\\Users\\benimaru\\Downloads\\467beabe-cd11-45b2-992b-a9b53a850c2d.tmp""},{""@Name"":""CreationUtcTime"",""#text"":""2022-06-20 17:12:56.193""},{""@Name"":""User"",""#text"":""TEMPEST\\benimaru""}]}}"
89,7594,2022-06-20 17:12:56.2663271,22,Info,Microsoft-Windows-Sysmon,Microsoft-Windows-Sysmon/Operational,2800,6188,TEMPEST,1,S-1-5-18,DNSEvent (DNS query),TEMPEST\benimaru,,"ProcessID: 5624, ProcessGUID: 4bbef3ae-a004-62b0-1307-000000000700",RuleName: -,Image: C:\Windows\System32\fontdrvhost.exe,QueryName: oneclient.sfx.ms,QueryStatus: 0,QueryResults: type:  5 oneclient.sfx.ms.edgekey.net;type:  5 e9659.dspg.akamaiedge.net;2001:fe0:10:685::25bb;2001:fe0:10:680::25bb;::ffff:184.87.128.117;,,False,C:\Users\byte store\Desktop\Incident Files Tempest\sysmon.evtx,Classic,0,"{""EventData"":{""Data"":[{""@Name"":""RuleName"",""#text"":""-""},{""@Name"":""UtcTime"",""#text"":""2022-06-20 16:58:54.178""},{""@Name"":""ProcessGuid"",""#text"":""4bbef3ae-a004-62b0-1307-000000000700""},{""@Name"":""ProcessId"",""#text"":""5624""},{""@Name"":""QueryName"",""#text"":""oneclient.sfx.ms""},{""@Name"":""QueryStatus"",""#text"":""0""},{""@Name"":""QueryResults"",""#text"":""type:  5 oneclient.sfx.ms.edgekey.net;type:  5 e9659.dspg.akamaiedge.net;2001:fe0:10:685::25bb;2001:fe0:10:680::25bb;::ffff:184.87.128.117;""},{""@Name"":""Image"",""#text"":""C:\\Windows\\System32\\fontdrvhost.exe""},{""@Name"":""User"",""#text"":""TEMPEST\\benimaru""}]}}"
