381,7886,2022-06-20 17:17:32.1489993,11,Info,Microsoft-Windows-Sysmon,Microsoft-Windows-Sysmon/Operational,2800,6224,TEMPEST,6,S-1-5-18,FileCreate,NT AUTHORITY\SYSTEM,,"ProcessID: 7560, ProcessGUID: 4bbef3ae-a8ec-62b0-5e08-000000000700",RuleName: DLL,Image: C:\Program Files\Common Files\Microsoft Shared\ClickToRun\OfficeClickToRun.exe,TargetFilename: C:\Program Files\Common Files\microsoft shared\ClickToRun\Updates\16.0.15225.20288OfficeC2RC442FD92-468A-45F1-9CE2-0589ACC4DE4E\C2RINTL.hi-in.dll,,,,False,C:\Users\byte store\Desktop\Incident Files Tempest\sysmon.evtx,Classic,0,"{""EventData"":{""Data"":[{""@Name"":""RuleName"",""#text"":""DLL""},{""@Name"":""UtcTime"",""#text"":""2022-06-20 17:17:32.136""},{""@Name"":""ProcessGuid"",""#text"":""4bbef3ae-a8ec-62b0-5e08-000000000700""},{""@Name"":""ProcessId"",""#text"":""7560""},{""@Name"":""Image"",""#text"":""C:\\Program Files\\Common Files\\Microsoft Shared\\ClickToRun\\OfficeClickToRun.exe""},{""@Name"":""TargetFilename"",""#text"":""C:\\Program Files\\Common Files\\microsoft shared\\ClickToRun\\Updates\\16.0.15225.20288OfficeC2RC442FD92-468A-45F1-9CE2-0589ACC4DE4E\\C2RINTL.hi-in.dll""},{""@Name"":""CreationUtcTime"",""#text"":""2022-06-20 17:17:32.136""},{""@Name"":""User"",""#text"":""NT AUTHORITY\\SYSTEM""}]}}"
382,7887,2022-06-20 17:17:32.1506117,11,Info,Microsoft-Windows-Sysmon,Microsoft-Windows-Sysmon/Operational,2800,6224,TEMPEST,6,S-1-5-18,FileCreate,NT AUTHORITY\SYSTEM,,"ProcessID: 7560, ProcessGUID: 4bbef3ae-a8ec-62b0-5e08-000000000700",RuleName: DLL,Image: C:\Program Files\Common Files\Microsoft Shared\ClickToRun\OfficeClickToRun.exe,TargetFilename: C:\Program Files\Common Files\microsoft shared\ClickToRun\Updates\16.0.15225.20288OfficeC2RC442FD92-468A-45F1-9CE2-0589ACC4DE4E\C2RINTL.hr-hr.dll,,,,False,C:\Users\byte store\Desktop\Incident Files Tempest\sysmon.evtx,Classic,0,"{""EventData"":{""Data"":[{""@Name"":""RuleName"",""#text"":""DLL""},{""@Name"":""UtcTime"",""#text"":""2022-06-20 17:17:32.136""},{""@Name"":""ProcessGuid"",""#text"":""4bbef3ae-a8ec-62b0-5e08-000000000700""},{""@Name"":""ProcessId"",""#text"":""7560""},{""@Name"":""Image"",""#text"":""C:\\Program Files\\Common Files\\Microsoft Shared\\ClickToRun\\OfficeClickToRun.exe""},{""@Name"":""TargetFilename"",""#text"":""C:\\Program Files\\Common Files\\microsoft shared\\ClickToRun\\Updates\\16.0.15225.20288OfficeC2RC442FD92-468A-45F1-9CE2-0589ACC4DE4E\\C2RINTL.hr-hr.dll""},{""@Name"":""CreationUtcTime"",""#text"":""2022-06-20 17:17:32.136""},{""@Name"":""User"",""#text"":""NT AUTHORITY\\SYSTEM""}]}}"
383,7888,2022-06-20 17:17:32.1513073,11,Info,Microsoft-Windows-Sysmon,Microsoft-Windows-Sysmon/Operational,2800,6224,TEMPEST,6,S-1-5-18,FileCreate,NT AUTHORITY\SYSTEM,,"ProcessID: 7560, ProcessGUID: 4bbef3ae-a8ec-62b0-5e08-000000000700",RuleName: DLL,Image: C:\Program Files\Common Files\Microsoft Shared\ClickToRun\OfficeClickToRun.exe,TargetFilename: C:\Program Files\Common Files\microsoft shared\ClickToRun\Updates\16.0.15225.20288OfficeC2RC442FD92-468A-45F1-9CE2-0589ACC4DE4E\C2RINTL.hu-hu.dll,,,,False,C:\Users\byte store\Desktop\Incident Files Tempest\sysmon.evtx,Classic,0,"{""EventData"":{""Data"":[{""@Name"":""RuleName"",""#text"":""DLL""},{""@Name"":""UtcTime"",""#text"":""2022-06-20 17:17:32.136""},{""@Name"":""ProcessGuid"",""#text"":""4bbef3ae-a8ec-62b0-5e08-000000000700""},{""@Name"":""ProcessId"",""#text"":""7560""},{""@Name"":""Image"",""#text"":""C:\\Program Files\\Common Files\\Microsoft Shared\\ClickToRun\\OfficeClickToRun.exe""},{""@Name"":""TargetFilename"",""#text"":""C:\\Program Files\\Common Files\\microsoft shared\\ClickToRun\\Updates\\16.0.15225.20288OfficeC2RC442FD92-468A-45F1-9CE2-0589ACC4DE4E\\C2RINTL.hu-hu.dll""},{""@Name"":""CreationUtcTime"",""#text"":""2022-06-20 17:17:32.136""},{""@Name"":""User"",""#text"":""NT AUTHORITY\\SYSTEM""}]}}"
384,7889,2022-06-20 17:17:32.1527739,11,Info,Microsoft-Windows-Sysmon,Microsoft-Windows-Sysmon/Operational,2800,6224,TEMPEST,6,S-1-5-18,FileCreate,NT AUTHORITY\SYSTEM,,"ProcessID: 7560, ProcessGUID: 4bbef3ae-a8ec-62b0-5e08-000000000700",RuleName: DLL,Image: C:\Program Files\Common Files\Microsoft Shared\ClickToRun\OfficeClickToRun.exe,TargetFilename: C:\Program Files\Common Files\microsoft shared\ClickToRun\Updates\16.0.15225.20288OfficeC2RC442FD92-468A-45F1-9CE2-0589ACC4DE4E\C2RINTL.id-id.dll,,,,False,C:\Users\byte store\Desktop\Incident Files Tempest\sysmon.evtx,Classic,0,"{""EventData"":{""Data"":[{""@Name"":""RuleName"",""#text"":""DLL""},{""@Name"":""UtcTime"",""#text"":""2022-06-20 17:17:32.152""},{""@Name"":""ProcessGuid"",""#text"":""4bbef3ae-a8ec-62b0-5e08-000000000700""},{""@Name"":""ProcessId"",""#text"":""7560""},{""@Name"":""Image"",""#text"":""C:\\Program Files\\Common Files\\Microsoft Shared\\ClickToRun\\OfficeClickToRun.exe""},{""@Name"":""TargetFilename"",""#text"":""C:\\Program Files\\Common Files\\microsoft shared\\ClickToRun\\Updates\\16.0.15225.20288OfficeC2RC442FD92-468A-45F1-9CE2-0589ACC4DE4E\\C2RINTL.id-id.dll""},{""@Name"":""CreationUtcTime"",""#text"":""2022-06-20 17:17:32.136""},{""@Name"":""User"",""#text"":""NT AUTHORITY\\SYSTEM""}]}}"
385,7890,2022-06-20 17:17:32.1534427,11,Info,Microsoft-Windows-Sysmon,Microsoft-Windows-Sysmon/Operational,2800,6224,TEMPEST,6,S-1-5-18,FileCreate,NT AUTHORITY\SYSTEM,,"ProcessID: 7560, ProcessGUID: 4bbef3ae-a8ec-62b0-5e08-000000000700",RuleName: DLL,Image: C:\Program Files\Common Files\Microsoft Shared\ClickToRun\OfficeClickToRun.exe,TargetFilename: C:\Program Files\Common Files\microsoft shared\ClickToRun\Updates\16.0.15225.20288OfficeC2RC442FD92-468A-45F1-9CE2-0589ACC4DE4E\C2RINTL.it-it.dll,,,,False,C:\Users\byte store\Desktop\Incident Files Tempest\sysmon.evtx,Classic,0,"{""EventData"":{""Data"":[{""@Name"":""RuleName"",""#text"":""DLL""},{""@Name"":""UtcTime"",""#text"":""2022-06-20 17:17:32.152""},{""@Name"":""ProcessGuid"",""#text"":""4bbef3ae-a8ec-62b0-5e08-000000000700""},{""@Name"":""ProcessId"",""#text"":""7560""},{""@Name"":""Image"",""#text"":""C:\\Program Files\\Common Files\\Microsoft Shared\\ClickToRun\\OfficeClickToRun.exe""},{""@Name"":""TargetFilename"",""#text"":""C:\\Program Files\\Common Files\\microsoft shared\\ClickToRun\\Updates\\16.0.15225.20288OfficeC2RC442FD92-468A-45F1-9CE2-0589ACC4DE4E\\C2RINTL.it-it.dll""},{""@Name"":""CreationUtcTime"",""#text"":""2022-06-20 17:17:32.152""},{""@Name"":""User"",""#text"":""NT AUTHORITY\\SYSTEM""}]}}"
386,7891,2022-06-20 17:17:32.1552087,11,Info,Microsoft-Windows-Sysmon,Microsoft-Windows-Sysmon/Operational,2800,6224,TEMPEST,6,S-1-5-18,FileCreate,NT AUTHORITY\SYSTEM,,"ProcessID: 7560, ProcessGUID: 4bbef3ae-a8ec-62b0-5e08-000000000700",RuleName: DLL,Image: C:\Program Files\Common Files\Microsoft Shared\ClickToRun\OfficeClickToRun.exe,TargetFilename: C:\Program Files\Common Files\microsoft shared\ClickToRun\Updates\16.0.15225.20288OfficeC2RC442FD92-468A-45F1-9CE2-0589ACC4DE4E\C2RINTL.ja-jp.dll,,,,False,C:\Users\byte store\Desktop\Incident Files Tempest\sysmon.evtx,Classic,0,"{""EventData"":{""Data"":[{""@Name"":""RuleName"",""#text"":""DLL""},{""@Name"":""UtcTime"",""#text"":""2022-06-20 17:17:32.152""},{""@Name"":""ProcessGuid"",""#text"":""4bbef3ae-a8ec-62b0-5e08-000000000700""},{""@Name"":""ProcessId"",""#text"":""7560""},{""@Name"":""Image"",""#text"":""C:\\Program Files\\Common Files\\Microsoft Shared\\ClickToRun\\OfficeClickToRun.exe""},{""@Name"":""TargetFilename"",""#text"":""C:\\Program Files\\Common Files\\microsoft shared\\ClickToRun\\Updates\\16.0.15225.20288OfficeC2RC442FD92-468A-45F1-9CE2-0589ACC4DE4E\\C2RINTL.ja-jp.dll""},{""@Name"":""CreationUtcTime"",""#text"":""2022-06-20 17:17:32.152""},{""@Name"":""User"",""#text"":""NT AUTHORITY\\SYSTEM""}]}}"
387,7892,2022-06-20 17:17:32.1562881,11,Info,Microsoft-Windows-Sysmon,Microsoft-Windows-Sysmon/Operational,2800,6224,TEMPEST,6,S-1-5-18,FileCreate,NT AUTHORITY\SYSTEM,,"ProcessID: 7560, ProcessGUID: 4bbef3ae-a8ec-62b0-5e08-000000000700",RuleName: DLL,Image: C:\Program Files\Common Files\Microsoft Shared\ClickToRun\OfficeClickToRun.exe,TargetFilename: C:\Program Files\Common Files\microsoft shared\ClickToRun\Updates\16.0.15225.20288OfficeC2RC442FD92-468A-45F1-9CE2-0589ACC4DE4E\C2RINTL.kk-kz.dll,,,,False,C:\Users\byte store\Desktop\Incident Files Tempest\sysmon.evtx,Classic,0,"{""EventData"":{""Data"":[{""@Name"":""RuleName"",""#text"":""DLL""},{""@Name"":""UtcTime"",""#text"":""2022-06-20 17:17:32.152""},{""@Name"":""ProcessGuid"",""#text"":""4bbef3ae-a8ec-62b0-5e08-000000000700""},{""@Name"":""ProcessId"",""#text"":""7560""},{""@Name"":""Image"",""#text"":""C:\\Program Files\\Common Files\\Microsoft Shared\\ClickToRun\\OfficeClickToRun.exe""},{""@Name"":""TargetFilename"",""#text"":""C:\\Program Files\\Common Files\\microsoft shared\\ClickToRun\\Updates\\16.0.15225.20288OfficeC2RC442FD92-468A-45F1-9CE2-0589ACC4DE4E\\C2RINTL.kk-kz.dll""},{""@Name"":""CreationUtcTime"",""#text"":""2022-06-20 17:17:32.152""},{""@Name"":""User"",""#text"":""NT AUTHORITY\\SYSTEM""}]}}"
388,7893,2022-06-20 17:17:32.1570969,11,Info,Microsoft-Windows-Sysmon,Microsoft-Windows-Sysmon/Operational,2800,6224,TEMPEST,6,S-1-5-18,FileCreate,NT AUTHORITY\SYSTEM,,"ProcessID: 7560, ProcessGUID: 4bbef3ae-a8ec-62b0-5e08-000000000700",RuleName: DLL,Image: C:\Program Files\Common Files\Microsoft Shared\ClickToRun\OfficeClickToRun.exe,TargetFilename: C:\Program Files\Common Files\microsoft shared\ClickToRun\Updates\16.0.15225.20288OfficeC2RC442FD92-468A-45F1-9CE2-0589ACC4DE4E\C2RINTL.ko-kr.dll,,,,False,C:\Users\byte store\Desktop\Incident Files Tempest\sysmon.evtx,Classic,0,"{""EventData"":{""Data"":[{""@Name"":""RuleName"",""#text"":""DLL""},{""@Name"":""UtcTime"",""#text"":""2022-06-20 17:17:32.152""},{""@Name"":""ProcessGuid"",""#text"":""4bbef3ae-a8ec-62b0-5e08-000000000700""},{""@Name"":""ProcessId"",""#text"":""7560""},{""@Name"":""Image"",""#text"":""C:\\Program Files\\Common Files\\Microsoft Shared\\ClickToRun\\OfficeClickToRun.exe""},{""@Name"":""TargetFilename"",""#text"":""C:\\Program Files\\Common Files\\microsoft shared\\ClickToRun\\Updates\\16.0.15225.20288OfficeC2RC442FD92-468A-45F1-9CE2-0589ACC4DE4E\\C2RINTL.ko-kr.dll""},{""@Name"":""CreationUtcTime"",""#text"":""2022-06-20 17:17:32.152""},{""@Name"":""User"",""#text"":""NT AUTHORITY\\SYSTEM""}]}}"
389,7894,2022-06-20 17:17:32.1591977,11,Info,Microsoft-Windows-Sysmon,Microsoft-Windows-Sysmon/Operational,2800,6224,TEMPEST,6,S-1-5-18,FileCreate,NT AUTHORITY\SYSTEM,,"ProcessID: 7560, ProcessGUID: 4bbef3ae-a8ec-62b0-5e08-000000000700",RuleName: DLL,Image: C:\Program Files\Common Files\Microsoft Shared\ClickToRun\OfficeClickToRun.exe,TargetFilename: C:\Program Files\Common Files\microsoft shared\ClickToRun\Updates\16.0.15225.20288OfficeC2RC442FD92-468A-45F1-9CE2-0589ACC4DE4E\C2RINTL.lt-lt.dll,,,,False,C:\Users\byte store\Desktop\Incident Files Tempest\sysmon.evtx,Classic,0,"{""EventData"":{""Data"":[{""@Name"":""RuleName"",""#text"":""DLL""},{""@Name"":""UtcTime"",""#text"":""2022-06-20 17:17:32.152""},{""@Name"":""ProcessGuid"",""#text"":""4bbef3ae-a8ec-62b0-5e08-000000000700""},{""@Name"":""ProcessId"",""#text"":""7560""},{""@Name"":""Image"",""#text"":""C:\\Program Files\\Common Files\\Microsoft Shared\\ClickToRun\\OfficeClickToRun.exe""},{""@Name"":""TargetFilename"",""#text"":""C:\\Program Files\\Common Files\\microsoft shared\\ClickToRun\\Updates\\16.0.15225.20288OfficeC2RC442FD92-468A-45F1-9CE2-0589ACC4DE4E\\C2RINTL.lt-lt.dll""},{""@Name"":""CreationUtcTime"",""#text"":""2022-06-20 17:17:32.152""},{""@Name"":""User"",""#text"":""NT AUTHORITY\\SYSTEM""}]}}"
390,7895,2022-06-20 17:17:32.1607314,11,Info,Microsoft-Windows-Sysmon,Microsoft-Windows-Sysmon/Operational,2800,6224,TEMPEST,6,S-1-5-18,FileCreate,NT AUTHORITY\SYSTEM,,"ProcessID: 7560, ProcessGUID: 4bbef3ae-a8ec-62b0-5e08-000000000700",RuleName: DLL,Image: C:\Program Files\Common Files\Microsoft Shared\ClickToRun\OfficeClickToRun.exe,TargetFilename: C:\Program Files\Common Files\microsoft shared\ClickToRun\Updates\16.0.15225.20288OfficeC2RC442FD92-468A-45F1-9CE2-0589ACC4DE4E\C2RINTL.lv-lv.dll,,,,False,C:\Users\byte store\Desktop\Incident Files Tempest\sysmon.evtx,Classic,0,"{""EventData"":{""Data"":[{""@Name"":""RuleName"",""#text"":""DLL""},{""@Name"":""UtcTime"",""#text"":""2022-06-20 17:17:32.152""},{""@Name"":""ProcessGuid"",""#text"":""4bbef3ae-a8ec-62b0-5e08-000000000700""},{""@Name"":""ProcessId"",""#text"":""7560""},{""@Name"":""Image"",""#text"":""C:\\Program Files\\Common Files\\Microsoft Shared\\ClickToRun\\OfficeClickToRun.exe""},{""@Name"":""TargetFilename"",""#text"":""C:\\Program Files\\Common Files\\microsoft shared\\ClickToRun\\Updates\\16.0.15225.20288OfficeC2RC442FD92-468A-45F1-9CE2-0589ACC4DE4E\\C2RINTL.lv-lv.dll""},{""@Name"":""CreationUtcTime"",""#text"":""2022-06-20 17:17:32.152""},{""@Name"":""User"",""#text"":""NT AUTHORITY\\SYSTEM""}]}}"
391,7896,2022-06-20 17:17:32.1620389,11,Info,Microsoft-Windows-Sysmon,Microsoft-Windows-Sysmon/Operational,2800,6224,TEMPEST,6,S-1-5-18,FileCreate,NT AUTHORITY\SYSTEM,,"ProcessID: 7560, ProcessGUID: 4bbef3ae-a8ec-62b0-5e08-000000000700",RuleName: DLL,Image: C:\Program Files\Common Files\Microsoft Shared\ClickToRun\OfficeClickToRun.exe,TargetFilename: C:\Program Files\Common Files\microsoft shared\ClickToRun\Updates\16.0.15225.20288OfficeC2RC442FD92-468A-45F1-9CE2-0589ACC4DE4E\C2RINTL.ms-my.dll,,,,False,C:\Users\byte store\Desktop\Incident Files Tempest\sysmon.evtx,Classic,0,"{""EventData"":{""Data"":[{""@Name"":""RuleName"",""#text"":""DLL""},{""@Name"":""UtcTime"",""#text"":""2022-06-20 17:17:32.152""},{""@Name"":""ProcessGuid"",""#text"":""4bbef3ae-a8ec-62b0-5e08-000000000700""},{""@Name"":""ProcessId"",""#text"":""7560""},{""@Name"":""Image"",""#text"":""C:\\Program Files\\Common Files\\Microsoft Shared\\ClickToRun\\OfficeClickToRun.exe""},{""@Name"":""TargetFilename"",""#text"":""C:\\Program Files\\Common Files\\microsoft shared\\ClickToRun\\Updates\\16.0.15225.20288OfficeC2RC442FD92-468A-45F1-9CE2-0589ACC4DE4E\\C2RINTL.ms-my.dll""},{""@Name"":""CreationUtcTime"",""#text"":""2022-06-20 17:17:32.152""},{""@Name"":""User"",""#text"":""NT AUTHORITY\\SYSTEM""}]}}"
392,7897,2022-06-20 17:17:32.1639342,11,Info,Microsoft-Windows-Sysmon,Microsoft-Windows-Sysmon/Operational,2800,6224,TEMPEST,6,S-1-5-18,FileCreate,NT AUTHORITY\SYSTEM,,"ProcessID: 7560, ProcessGUID: 4bbef3ae-a8ec-62b0-5e08-000000000700",RuleName: DLL,Image: C:\Program Files\Common Files\Microsoft Shared\ClickToRun\OfficeClickToRun.exe,TargetFilename: C:\Program Files\Common Files\microsoft shared\ClickToRun\Updates\16.0.15225.20288OfficeC2RC442FD92-468A-45F1-9CE2-0589ACC4DE4E\C2RINTL.nb-no.dll,,,,False,C:\Users\byte store\Desktop\Incident Files Tempest\sysmon.evtx,Classic,0,"{""EventData"":{""Data"":[{""@Name"":""RuleName"",""#text"":""DLL""},{""@Name"":""UtcTime"",""#text"":""2022-06-20 17:17:32.152""},{""@Name"":""ProcessGuid"",""#text"":""4bbef3ae-a8ec-62b0-5e08-000000000700""},{""@Name"":""ProcessId"",""#text"":""7560""},{""@Name"":""Image"",""#text"":""C:\\Program Files\\Common Files\\Microsoft Shared\\ClickToRun\\OfficeClickToRun.exe""},{""@Name"":""TargetFilename"",""#text"":""C:\\Program Files\\Common Files\\microsoft shared\\ClickToRun\\Updates\\16.0.15225.20288OfficeC2RC442FD92-468A-45F1-9CE2-0589ACC4DE4E\\C2RINTL.nb-no.dll""},{""@Name"":""CreationUtcTime"",""#text"":""2022-06-20 17:17:32.152""},{""@Name"":""User"",""#text"":""NT AUTHORITY\\SYSTEM""}]}}"
393,7898,2022-06-20 17:17:32.1666300,11,Info,Microsoft-Windows-Sysmon,Microsoft-Windows-Sysmon/Operational,2800,6224,TEMPEST,6,S-1-5-18,FileCreate,NT AUTHORITY\SYSTEM,,"ProcessID: 7560, ProcessGUID: 4bbef3ae-a8ec-62b0-5e08-000000000700",RuleName: DLL,Image: C:\Program Files\Common Files\Microsoft Shared\ClickToRun\OfficeClickToRun.exe,TargetFilename: C:\Program Files\Common Files\microsoft shared\ClickToRun\Updates\16.0.15225.20288OfficeC2RC442FD92-468A-45F1-9CE2-0589ACC4DE4E\C2RINTL.nl-nl.dll,,,,False,C:\Users\byte store\Desktop\Incident Files Tempest\sysmon.evtx,Classic,0,"{""EventData"":{""Data"":[{""@Name"":""RuleName"",""#text"":""DLL""},{""@Name"":""UtcTime"",""#text"":""2022-06-20 17:17:32.152""},{""@Name"":""ProcessGuid"",""#text"":""4bbef3ae-a8ec-62b0-5e08-000000000700""},{""@Name"":""ProcessId"",""#text"":""7560""},{""@Name"":""Image"",""#text"":""C:\\Program Files\\Common Files\\Microsoft Shared\\ClickToRun\\OfficeClickToRun.exe""},{""@Name"":""TargetFilename"",""#text"":""C:\\Program Files\\Common Files\\microsoft shared\\ClickToRun\\Updates\\16.0.15225.20288OfficeC2RC442FD92-468A-45F1-9CE2-0589ACC4DE4E\\C2RINTL.nl-nl.dll""},{""@Name"":""CreationUtcTime"",""#text"":""2022-06-20 17:17:32.152""},{""@Name"":""User"",""#text"":""NT AUTHORITY\\SYSTEM""}]}}"
394,7899,2022-06-20 17:17:32.1675473,11,Info,Microsoft-Windows-Sysmon,Microsoft-Windows-Sysmon/Operational,2800,6224,TEMPEST,6,S-1-5-18,FileCreate,NT AUTHORITY\SYSTEM,,"ProcessID: 7560, ProcessGUID: 4bbef3ae-a8ec-62b0-5e08-000000000700",RuleName: DLL,Image: C:\Program Files\Common Files\Microsoft Shared\ClickToRun\OfficeClickToRun.exe,TargetFilename: C:\Program Files\Common Files\microsoft shared\ClickToRun\Updates\16.0.15225.20288OfficeC2RC442FD92-468A-45F1-9CE2-0589ACC4DE4E\C2RINTL.pl-pl.dll,,,,False,C:\Users\byte store\Desktop\Incident Files Tempest\sysmon.evtx,Classic,0,"{""EventData"":{""Data"":[{""@Name"":""RuleName"",""#text"":""DLL""},{""@Name"":""UtcTime"",""#text"":""2022-06-20 17:17:32.152""},{""@Name"":""ProcessGuid"",""#text"":""4bbef3ae-a8ec-62b0-5e08-000000000700""},{""@Name"":""ProcessId"",""#text"":""7560""},{""@Name"":""Image"",""#text"":""C:\\Program Files\\Common Files\\Microsoft Shared\\ClickToRun\\OfficeClickToRun.exe""},{""@Name"":""TargetFilename"",""#text"":""C:\\Program Files\\Common Files\\microsoft shared\\ClickToRun\\Updates\\16.0.15225.20288OfficeC2RC442FD92-468A-45F1-9CE2-0589ACC4DE4E\\C2RINTL.pl-pl.dll""},{""@Name"":""CreationUtcTime"",""#text"":""2022-06-20 17:17:32.152""},{""@Name"":""User"",""#text"":""NT AUTHORITY\\SYSTEM""}]}}"
395,7900,2022-06-20 17:17:32.1703219,11,Info,Microsoft-Windows-Sysmon,Microsoft-Windows-Sysmon/Operational,2800,6224,TEMPEST,6,S-1-5-18,FileCreate,NT AUTHORITY\SYSTEM,,"ProcessID: 7560, ProcessGUID: 4bbef3ae-a8ec-62b0-5e08-000000000700",RuleName: DLL,Image: C:\Program Files\Common Files\Microsoft Shared\ClickToRun\OfficeClickToRun.exe,TargetFilename: C:\Program Files\Common Files\microsoft shared\ClickToRun\Updates\16.0.15225.20288OfficeC2RC442FD92-468A-45F1-9CE2-0589ACC4DE4E\C2RINTL.pt-br.dll,,,,False,C:\Users\byte store\Desktop\Incident Files Tempest\sysmon.evtx,Classic,0,"{""EventData"":{""Data"":[{""@Name"":""RuleName"",""#text"":""DLL""},{""@Name"":""UtcTime"",""#text"":""2022-06-20 17:17:32.167""},{""@Name"":""ProcessGuid"",""#text"":""4bbef3ae-a8ec-62b0-5e08-000000000700""},{""@Name"":""ProcessId"",""#text"":""7560""},{""@Name"":""Image"",""#text"":""C:\\Program Files\\Common Files\\Microsoft Shared\\ClickToRun\\OfficeClickToRun.exe""},{""@Name"":""TargetFilename"",""#text"":""C:\\Program Files\\Common Files\\microsoft shared\\ClickToRun\\Updates\\16.0.15225.20288OfficeC2RC442FD92-468A-45F1-9CE2-0589ACC4DE4E\\C2RINTL.pt-br.dll""},{""@Name"":""CreationUtcTime"",""#text"":""2022-06-20 17:17:32.167""},{""@Name"":""User"",""#text"":""NT AUTHORITY\\SYSTEM""}]}}"
396,7901,2022-06-20 17:17:32.1710818,11,Info,Microsoft-Windows-Sysmon,Microsoft-Windows-Sysmon/Operational,2800,6224,TEMPEST,6,S-1-5-18,FileCreate,NT AUTHORITY\SYSTEM,,"ProcessID: 7560, ProcessGUID: 4bbef3ae-a8ec-62b0-5e08-000000000700",RuleName: DLL,Image: C:\Program Files\Common Files\Microsoft Shared\ClickToRun\OfficeClickToRun.exe,TargetFilename: C:\Program Files\Common Files\microsoft shared\ClickToRun\Updates\16.0.15225.20288OfficeC2RC442FD92-468A-45F1-9CE2-0589ACC4DE4E\C2RINTL.pt-pt.dll,,,,False,C:\Users\byte store\Desktop\Incident Files Tempest\sysmon.evtx,Classic,0,"{""EventData"":{""Data"":[{""@Name"":""RuleName"",""#text"":""DLL""},{""@Name"":""UtcTime"",""#text"":""2022-06-20 17:17:32.167""},{""@Name"":""ProcessGuid"",""#text"":""4bbef3ae-a8ec-62b0-5e08-000000000700""},{""@Name"":""ProcessId"",""#text"":""7560""},{""@Name"":""Image"",""#text"":""C:\\Program Files\\Common Files\\Microsoft Shared\\ClickToRun\\OfficeClickToRun.exe""},{""@Name"":""TargetFilename"",""#text"":""C:\\Program Files\\Common Files\\microsoft shared\\ClickToRun\\Updates\\16.0.15225.20288OfficeC2RC442FD92-468A-45F1-9CE2-0589ACC4DE4E\\C2RINTL.pt-pt.dll""},{""@Name"":""CreationUtcTime"",""#text"":""2022-06-20 17:17:32.167""},{""@Name"":""User"",""#text"":""NT AUTHORITY\\SYSTEM""}]}}"
397,7902,2022-06-20 17:17:32.1721979,11,Info,Microsoft-Windows-Sysmon,Microsoft-Windows-Sysmon/Operational,2800,6224,TEMPEST,6,S-1-5-18,FileCreate,NT AUTHORITY\SYSTEM,,"ProcessID: 7560, ProcessGUID: 4bbef3ae-a8ec-62b0-5e08-000000000700",RuleName: DLL,Image: C:\Program Files\Common Files\Microsoft Shared\ClickToRun\OfficeClickToRun.exe,TargetFilename: C:\Program Files\Common Files\microsoft shared\ClickToRun\Updates\16.0.15225.20288OfficeC2RC442FD92-468A-45F1-9CE2-0589ACC4DE4E\C2RINTL.ro-ro.dll,,,,False,C:\Users\byte store\Desktop\Incident Files Tempest\sysmon.evtx,Classic,0,"{""EventData"":{""Data"":[{""@Name"":""RuleName"",""#text"":""DLL""},{""@Name"":""UtcTime"",""#text"":""2022-06-20 17:17:32.167""},{""@Name"":""ProcessGuid"",""#text"":""4bbef3ae-a8ec-62b0-5e08-000000000700""},{""@Name"":""ProcessId"",""#text"":""7560""},{""@Name"":""Image"",""#text"":""C:\\Program Files\\Common Files\\Microsoft Shared\\ClickToRun\\OfficeClickToRun.exe""},{""@Name"":""TargetFilename"",""#text"":""C:\\Program Files\\Common Files\\microsoft shared\\ClickToRun\\Updates\\16.0.15225.20288OfficeC2RC442FD92-468A-45F1-9CE2-0589ACC4DE4E\\C2RINTL.ro-ro.dll""},{""@Name"":""CreationUtcTime"",""#text"":""2022-06-20 17:17:32.167""},{""@Name"":""User"",""#text"":""NT AUTHORITY\\SYSTEM""}]}}"
398,7903,2022-06-20 17:17:32.1729799,11,Info,Microsoft-Windows-Sysmon,Microsoft-Windows-Sysmon/Operational,2800,6224,TEMPEST,6,S-1-5-18,FileCreate,NT AUTHORITY\SYSTEM,,"ProcessID: 7560, ProcessGUID: 4bbef3ae-a8ec-62b0-5e08-000000000700",RuleName: DLL,Image: C:\Program Files\Common Files\Microsoft Shared\ClickToRun\OfficeClickToRun.exe,TargetFilename: C:\Program Files\Common Files\microsoft shared\ClickToRun\Updates\16.0.15225.20288OfficeC2RC442FD92-468A-45F1-9CE2-0589ACC4DE4E\C2RINTL.ru-ru.dll,,,,False,C:\Users\byte store\Desktop\Incident Files Tempest\sysmon.evtx,Classic,0,"{""EventData"":{""Data"":[{""@Name"":""RuleName"",""#text"":""DLL""},{""@Name"":""UtcTime"",""#text"":""2022-06-20 17:17:32.167""},{""@Name"":""ProcessGuid"",""#text"":""4bbef3ae-a8ec-62b0-5e08-000000000700""},{""@Name"":""ProcessId"",""#text"":""7560""},{""@Name"":""Image"",""#text"":""C:\\Program Files\\Common Files\\Microsoft Shared\\ClickToRun\\OfficeClickToRun.exe""},{""@Name"":""TargetFilename"",""#text"":""C:\\Program Files\\Common Files\\microsoft shared\\ClickToRun\\Updates\\16.0.15225.20288OfficeC2RC442FD92-468A-45F1-9CE2-0589ACC4DE4E\\C2RINTL.ru-ru.dll""},{""@Name"":""CreationUtcTime"",""#text"":""2022-06-20 17:17:32.167""},{""@Name"":""User"",""#text"":""NT AUTHORITY\\SYSTEM""}]}}"
399,7904,2022-06-20 17:17:32.1754252,11,Info,Microsoft-Windows-Sysmon,Microsoft-Windows-Sysmon/Operational,2800,6224,TEMPEST,6,S-1-5-18,FileCreate,NT AUTHORITY\SYSTEM,,"ProcessID: 7560, ProcessGUID: 4bbef3ae-a8ec-62b0-5e08-000000000700",RuleName: DLL,Image: C:\Program Files\Common Files\Microsoft Shared\ClickToRun\OfficeClickToRun.exe,TargetFilename: C:\Program Files\Common Files\microsoft shared\ClickToRun\Updates\16.0.15225.20288OfficeC2RC442FD92-468A-45F1-9CE2-0589ACC4DE4E\C2RINTL.sk-sk.dll,,,,False,C:\Users\byte store\Desktop\Incident Files Tempest\sysmon.evtx,Classic,0,"{""EventData"":{""Data"":[{""@Name"":""RuleName"",""#text"":""DLL""},{""@Name"":""UtcTime"",""#text"":""2022-06-20 17:17:32.167""},{""@Name"":""ProcessGuid"",""#text"":""4bbef3ae-a8ec-62b0-5e08-000000000700""},{""@Name"":""ProcessId"",""#text"":""7560""},{""@Name"":""Image"",""#text"":""C:\\Program Files\\Common Files\\Microsoft Shared\\ClickToRun\\OfficeClickToRun.exe""},{""@Name"":""TargetFilename"",""#text"":""C:\\Program Files\\Common Files\\microsoft shared\\ClickToRun\\Updates\\16.0.15225.20288OfficeC2RC442FD92-468A-45F1-9CE2-0589ACC4DE4E\\C2RINTL.sk-sk.dll""},{""@Name"":""CreationUtcTime"",""#text"":""2022-06-20 17:17:32.167""},{""@Name"":""User"",""#text"":""NT AUTHORITY\\SYSTEM""}]}}"
400,7905,2022-06-20 17:17:32.1765416,11,Info,Microsoft-Windows-Sysmon,Microsoft-Windows-Sysmon/Operational,2800,6224,TEMPEST,6,S-1-5-18,FileCreate,NT AUTHORITY\SYSTEM,,"ProcessID: 7560, ProcessGUID: 4bbef3ae-a8ec-62b0-5e08-000000000700",RuleName: DLL,Image: C:\Program Files\Common Files\Microsoft Shared\ClickToRun\OfficeClickToRun.exe,TargetFilename: C:\Program Files\Common Files\microsoft shared\ClickToRun\Updates\16.0.15225.20288OfficeC2RC442FD92-468A-45F1-9CE2-0589ACC4DE4E\C2RINTL.sl-si.dll,,,,False,C:\Users\byte store\Desktop\Incident Files Tempest\sysmon.evtx,Classic,0,"{""EventData"":{""Data"":[{""@Name"":""RuleName"",""#text"":""DLL""},{""@Name"":""UtcTime"",""#text"":""2022-06-20 17:17:32.167""},{""@Name"":""ProcessGuid"",""#text"":""4bbef3ae-a8ec-62b0-5e08-000000000700""},{""@Name"":""ProcessId"",""#text"":""7560""},{""@Name"":""Image"",""#text"":""C:\\Program Files\\Common Files\\Microsoft Shared\\ClickToRun\\OfficeClickToRun.exe""},{""@Name"":""TargetFilename"",""#text"":""C:\\Program Files\\Common Files\\microsoft shared\\ClickToRun\\Updates\\16.0.15225.20288OfficeC2RC442FD92-468A-45F1-9CE2-0589ACC4DE4E\\C2RINTL.sl-si.dll""},{""@Name"":""CreationUtcTime"",""#text"":""2022-06-20 17:17:32.167""},{""@Name"":""User"",""#text"":""NT AUTHORITY\\SYSTEM""}]}}"
401,7906,2022-06-20 17:17:32.1783065,11,Info,Microsoft-Windows-Sysmon,Microsoft-Windows-Sysmon/Operational,2800,6224,TEMPEST,6,S-1-5-18,FileCreate,NT AUTHORITY\SYSTEM,,"ProcessID: 7560, ProcessGUID: 4bbef3ae-a8ec-62b0-5e08-000000000700",RuleName: DLL,Image: C:\Program Files\Common Files\Microsoft Shared\ClickToRun\OfficeClickToRun.exe,TargetFilename: C:\Program Files\Common Files\microsoft shared\ClickToRun\Updates\16.0.15225.20288OfficeC2RC442FD92-468A-45F1-9CE2-0589ACC4DE4E\C2RINTL.sr-latn-rs.dll,,,,False,C:\Users\byte store\Desktop\Incident Files Tempest\sysmon.evtx,Classic,0,"{""EventData"":{""Data"":[{""@Name"":""RuleName"",""#text"":""DLL""},{""@Name"":""UtcTime"",""#text"":""2022-06-20 17:17:32.167""},{""@Name"":""ProcessGuid"",""#text"":""4bbef3ae-a8ec-62b0-5e08-000000000700""},{""@Name"":""ProcessId"",""#text"":""7560""},{""@Name"":""Image"",""#text"":""C:\\Program Files\\Common Files\\Microsoft Shared\\ClickToRun\\OfficeClickToRun.exe""},{""@Name"":""TargetFilename"",""#text"":""C:\\Program Files\\Common Files\\microsoft shared\\ClickToRun\\Updates\\16.0.15225.20288OfficeC2RC442FD92-468A-45F1-9CE2-0589ACC4DE4E\\C2RINTL.sr-latn-rs.dll""},{""@Name"":""CreationUtcTime"",""#text"":""2022-06-20 17:17:32.167""},{""@Name"":""User"",""#text"":""NT AUTHORITY\\SYSTEM""}]}}"
402,7907,2022-06-20 17:17:32.1793508,11,Info,Microsoft-Windows-Sysmon,Microsoft-Windows-Sysmon/Operational,2800,6224,TEMPEST,6,S-1-5-18,FileCreate,NT AUTHORITY\SYSTEM,,"ProcessID: 7560, ProcessGUID: 4bbef3ae-a8ec-62b0-5e08-000000000700",RuleName: DLL,Image: C:\Program Files\Common Files\Microsoft Shared\ClickToRun\OfficeClickToRun.exe,TargetFilename: C:\Program Files\Common Files\microsoft shared\ClickToRun\Updates\16.0.15225.20288OfficeC2RC442FD92-468A-45F1-9CE2-0589ACC4DE4E\C2RINTL.sv-se.dll,,,,False,C:\Users\byte store\Desktop\Incident Files Tempest\sysmon.evtx,Classic,0,"{""EventData"":{""Data"":[{""@Name"":""RuleName"",""#text"":""DLL""},{""@Name"":""UtcTime"",""#text"":""2022-06-20 17:17:32.167""},{""@Name"":""ProcessGuid"",""#text"":""4bbef3ae-a8ec-62b0-5e08-000000000700""},{""@Name"":""ProcessId"",""#text"":""7560""},{""@Name"":""Image"",""#text"":""C:\\Program Files\\Common Files\\Microsoft Shared\\ClickToRun\\OfficeClickToRun.exe""},{""@Name"":""TargetFilename"",""#text"":""C:\\Program Files\\Common Files\\microsoft shared\\ClickToRun\\Updates\\16.0.15225.20288OfficeC2RC442FD92-468A-45F1-9CE2-0589ACC4DE4E\\C2RINTL.sv-se.dll""},{""@Name"":""CreationUtcTime"",""#text"":""2022-06-20 17:17:32.167""},{""@Name"":""User"",""#text"":""NT AUTHORITY\\SYSTEM""}]}}"
403,7908,2022-06-20 17:17:32.1802630,11,Info,Microsoft-Windows-Sysmon,Microsoft-Windows-Sysmon/Operational,2800,6224,TEMPEST,6,S-1-5-18,FileCreate,NT AUTHORITY\SYSTEM,,"ProcessID: 7560, ProcessGUID: 4bbef3ae-a8ec-62b0-5e08-000000000700",RuleName: DLL,Image: C:\Program Files\Common Files\Microsoft Shared\ClickToRun\OfficeClickToRun.exe,TargetFilename: C:\Program Files\Common Files\microsoft shared\ClickToRun\Updates\16.0.15225.20288OfficeC2RC442FD92-468A-45F1-9CE2-0589ACC4DE4E\C2RINTL.th-th.dll,,,,False,C:\Users\byte store\Desktop\Incident Files Tempest\sysmon.evtx,Classic,0,"{""EventData"":{""Data"":[{""@Name"":""RuleName"",""#text"":""DLL""},{""@Name"":""UtcTime"",""#text"":""2022-06-20 17:17:32.167""},{""@Name"":""ProcessGuid"",""#text"":""4bbef3ae-a8ec-62b0-5e08-000000000700""},{""@Name"":""ProcessId"",""#text"":""7560""},{""@Name"":""Image"",""#text"":""C:\\Program Files\\Common Files\\Microsoft Shared\\ClickToRun\\OfficeClickToRun.exe""},{""@Name"":""TargetFilename"",""#text"":""C:\\Program Files\\Common Files\\microsoft shared\\ClickToRun\\Updates\\16.0.15225.20288OfficeC2RC442FD92-468A-45F1-9CE2-0589ACC4DE4E\\C2RINTL.th-th.dll""},{""@Name"":""CreationUtcTime"",""#text"":""2022-06-20 17:17:32.167""},{""@Name"":""User"",""#text"":""NT AUTHORITY\\SYSTEM""}]}}"
404,7909,2022-06-20 17:17:32.1822962,11,Info,Microsoft-Windows-Sysmon,Microsoft-Windows-Sysmon/Operational,2800,6224,TEMPEST,6,S-1-5-18,FileCreate,NT AUTHORITY\SYSTEM,,"ProcessID: 7560, ProcessGUID: 4bbef3ae-a8ec-62b0-5e08-000000000700",RuleName: DLL,Image: C:\Program Files\Common Files\Microsoft Shared\ClickToRun\OfficeClickToRun.exe,TargetFilename: C:\Program Files\Common Files\microsoft shared\ClickToRun\Updates\16.0.15225.20288OfficeC2RC442FD92-468A-45F1-9CE2-0589ACC4DE4E\C2RINTL.tr-tr.dll,,,,False,C:\Users\byte store\Desktop\Incident Files Tempest\sysmon.evtx,Classic,0,"{""EventData"":{""Data"":[{""@Name"":""RuleName"",""#text"":""DLL""},{""@Name"":""UtcTime"",""#text"":""2022-06-20 17:17:32.167""},{""@Name"":""ProcessGuid"",""#text"":""4bbef3ae-a8ec-62b0-5e08-000000000700""},{""@Name"":""ProcessId"",""#text"":""7560""},{""@Name"":""Image"",""#text"":""C:\\Program Files\\Common Files\\Microsoft Shared\\ClickToRun\\OfficeClickToRun.exe""},{""@Name"":""TargetFilename"",""#text"":""C:\\Program Files\\Common Files\\microsoft shared\\ClickToRun\\Updates\\16.0.15225.20288OfficeC2RC442FD92-468A-45F1-9CE2-0589ACC4DE4E\\C2RINTL.tr-tr.dll""},{""@Name"":""CreationUtcTime"",""#text"":""2022-06-20 17:17:32.167""},{""@Name"":""User"",""#text"":""NT AUTHORITY\\SYSTEM""}]}}"
405,7910,2022-06-20 17:17:32.1832028,11,Info,Microsoft-Windows-Sysmon,Microsoft-Windows-Sysmon/Operational,2800,6224,TEMPEST,6,S-1-5-18,FileCreate,NT AUTHORITY\SYSTEM,,"ProcessID: 7560, ProcessGUID: 4bbef3ae-a8ec-62b0-5e08-000000000700",RuleName: DLL,Image: C:\Program Files\Common Files\Microsoft Shared\ClickToRun\OfficeClickToRun.exe,TargetFilename: C:\Program Files\Common Files\microsoft shared\ClickToRun\Updates\16.0.15225.20288OfficeC2RC442FD92-468A-45F1-9CE2-0589ACC4DE4E\C2RINTL.uk-ua.dll,,,,False,C:\Users\byte store\Desktop\Incident Files Tempest\sysmon.evtx,Classic,0,"{""EventData"":{""Data"":[{""@Name"":""RuleName"",""#text"":""DLL""},{""@Name"":""UtcTime"",""#text"":""2022-06-20 17:17:32.167""},{""@Name"":""ProcessGuid"",""#text"":""4bbef3ae-a8ec-62b0-5e08-000000000700""},{""@Name"":""ProcessId"",""#text"":""7560""},{""@Name"":""Image"",""#text"":""C:\\Program Files\\Common Files\\Microsoft Shared\\ClickToRun\\OfficeClickToRun.exe""},{""@Name"":""TargetFilename"",""#text"":""C:\\Program Files\\Common Files\\microsoft shared\\ClickToRun\\Updates\\16.0.15225.20288OfficeC2RC442FD92-468A-45F1-9CE2-0589ACC4DE4E\\C2RINTL.uk-ua.dll""},{""@Name"":""CreationUtcTime"",""#text"":""2022-06-20 17:17:32.167""},{""@Name"":""User"",""#text"":""NT AUTHORITY\\SYSTEM""}]}}"
406,7911,2022-06-20 17:17:32.1846218,11,Info,Microsoft-Windows-Sysmon,Microsoft-Windows-Sysmon/Operational,2800,6224,TEMPEST,6,S-1-5-18,FileCreate,NT AUTHORITY\SYSTEM,,"ProcessID: 7560, ProcessGUID: 4bbef3ae-a8ec-62b0-5e08-000000000700",RuleName: DLL,Image: C:\Program Files\Common Files\Microsoft Shared\ClickToRun\OfficeClickToRun.exe,TargetFilename: C:\Program Files\Common Files\microsoft shared\ClickToRun\Updates\16.0.15225.20288OfficeC2RC442FD92-468A-45F1-9CE2-0589ACC4DE4E\C2RINTL.vi-vn.dll,,,,False,C:\Users\byte store\Desktop\Incident Files Tempest\sysmon.evtx,Classic,0,"{""EventData"":{""Data"":[{""@Name"":""RuleName"",""#text"":""DLL""},{""@Name"":""UtcTime"",""#text"":""2022-06-20 17:17:32.183""},{""@Name"":""ProcessGuid"",""#text"":""4bbef3ae-a8ec-62b0-5e08-000000000700""},{""@Name"":""ProcessId"",""#text"":""7560""},{""@Name"":""Image"",""#text"":""C:\\Program Files\\Common Files\\Microsoft Shared\\ClickToRun\\OfficeClickToRun.exe""},{""@Name"":""TargetFilename"",""#text"":""C:\\Program Files\\Common Files\\microsoft shared\\ClickToRun\\Updates\\16.0.15225.20288OfficeC2RC442FD92-468A-45F1-9CE2-0589ACC4DE4E\\C2RINTL.vi-vn.dll""},{""@Name"":""CreationUtcTime"",""#text"":""2022-06-20 17:17:32.183""},{""@Name"":""User"",""#text"":""NT AUTHORITY\\SYSTEM""}]}}"
407,7912,2022-06-20 17:17:32.1856617,11,Info,Microsoft-Windows-Sysmon,Microsoft-Windows-Sysmon/Operational,2800,6224,TEMPEST,6,S-1-5-18,FileCreate,NT AUTHORITY\SYSTEM,,"ProcessID: 7560, ProcessGUID: 4bbef3ae-a8ec-62b0-5e08-000000000700",RuleName: DLL,Image: C:\Program Files\Common Files\Microsoft Shared\ClickToRun\OfficeClickToRun.exe,TargetFilename: C:\Program Files\Common Files\microsoft shared\ClickToRun\Updates\16.0.15225.20288OfficeC2RC442FD92-468A-45F1-9CE2-0589ACC4DE4E\C2RINTL.zh-cn.dll,,,,False,C:\Users\byte store\Desktop\Incident Files Tempest\sysmon.evtx,Classic,0,"{""EventData"":{""Data"":[{""@Name"":""RuleName"",""#text"":""DLL""},{""@Name"":""UtcTime"",""#text"":""2022-06-20 17:17:32.183""},{""@Name"":""ProcessGuid"",""#text"":""4bbef3ae-a8ec-62b0-5e08-000000000700""},{""@Name"":""ProcessId"",""#text"":""7560""},{""@Name"":""Image"",""#text"":""C:\\Program Files\\Common Files\\Microsoft Shared\\ClickToRun\\OfficeClickToRun.exe""},{""@Name"":""TargetFilename"",""#text"":""C:\\Program Files\\Common Files\\microsoft shared\\ClickToRun\\Updates\\16.0.15225.20288OfficeC2RC442FD92-468A-45F1-9CE2-0589ACC4DE4E\\C2RINTL.zh-cn.dll""},{""@Name"":""CreationUtcTime"",""#text"":""2022-06-20 17:17:32.183""},{""@Name"":""User"",""#text"":""NT AUTHORITY\\SYSTEM""}]}}"
408,7913,2022-06-20 17:17:32.1877598,11,Info,Microsoft-Windows-Sysmon,Microsoft-Windows-Sysmon/Operational,2800,6224,TEMPEST,6,S-1-5-18,FileCreate,NT AUTHORITY\SYSTEM,,"ProcessID: 7560, ProcessGUID: 4bbef3ae-a8ec-62b0-5e08-000000000700",RuleName: DLL,Image: C:\Program Files\Common Files\Microsoft Shared\ClickToRun\OfficeClickToRun.exe,TargetFilename: C:\Program Files\Common Files\microsoft shared\ClickToRun\Updates\16.0.15225.20288OfficeC2RC442FD92-468A-45F1-9CE2-0589ACC4DE4E\C2RINTL.zh-tw.dll,,,,False,C:\Users\byte store\Desktop\Incident Files Tempest\sysmon.evtx,Classic,0,"{""EventData"":{""Data"":[{""@Name"":""RuleName"",""#text"":""DLL""},{""@Name"":""UtcTime"",""#text"":""2022-06-20 17:17:32.183""},{""@Name"":""ProcessGuid"",""#text"":""4bbef3ae-a8ec-62b0-5e08-000000000700""},{""@Name"":""ProcessId"",""#text"":""7560""},{""@Name"":""Image"",""#text"":""C:\\Program Files\\Common Files\\Microsoft Shared\\ClickToRun\\OfficeClickToRun.exe""},{""@Name"":""TargetFilename"",""#text"":""C:\\Program Files\\Common Files\\microsoft shared\\ClickToRun\\Updates\\16.0.15225.20288OfficeC2RC442FD92-468A-45F1-9CE2-0589ACC4DE4E\\C2RINTL.zh-tw.dll""},{""@Name"":""CreationUtcTime"",""#text"":""2022-06-20 17:17:32.183""},{""@Name"":""User"",""#text"":""NT AUTHORITY\\SYSTEM""}]}}"
409,7914,2022-06-20 17:17:32.1888132,11,Info,Microsoft-Windows-Sysmon,Microsoft-Windows-Sysmon/Operational,2800,6224,TEMPEST,6,S-1-5-18,FileCreate,NT AUTHORITY\SYSTEM,,"ProcessID: 7560, ProcessGUID: 4bbef3ae-a8ec-62b0-5e08-000000000700",RuleName: DLL,Image: C:\Program Files\Common Files\Microsoft Shared\ClickToRun\OfficeClickToRun.exe,TargetFilename: C:\Program Files\Common Files\microsoft shared\ClickToRun\Updates\16.0.15225.20288OfficeC2RC442FD92-468A-45F1-9CE2-0589ACC4DE4E\C2RUI.dll,,,,False,C:\Users\byte store\Desktop\Incident Files Tempest\sysmon.evtx,Classic,0,"{""EventData"":{""Data"":[{""@Name"":""RuleName"",""#text"":""DLL""},{""@Name"":""UtcTime"",""#text"":""2022-06-20 17:17:32.183""},{""@Name"":""ProcessGuid"",""#text"":""4bbef3ae-a8ec-62b0-5e08-000000000700""},{""@Name"":""ProcessId"",""#text"":""7560""},{""@Name"":""Image"",""#text"":""C:\\Program Files\\Common Files\\Microsoft Shared\\ClickToRun\\OfficeClickToRun.exe""},{""@Name"":""TargetFilename"",""#text"":""C:\\Program Files\\Common Files\\microsoft shared\\ClickToRun\\Updates\\16.0.15225.20288OfficeC2RC442FD92-468A-45F1-9CE2-0589ACC4DE4E\\C2RUI.dll""},{""@Name"":""CreationUtcTime"",""#text"":""2022-06-20 17:17:32.183""},{""@Name"":""User"",""#text"":""NT AUTHORITY\\SYSTEM""}]}}"
410,7915,2022-06-20 17:17:32.2211069,11,Info,Microsoft-Windows-Sysmon,Microsoft-Windows-Sysmon/Operational,2800,6224,TEMPEST,6,S-1-5-18,FileCreate,NT AUTHORITY\SYSTEM,,"ProcessID: 7560, ProcessGUID: 4bbef3ae-a8ec-62b0-5e08-000000000700",RuleName: DLL,Image: C:\Program Files\Common Files\Microsoft Shared\ClickToRun\OfficeClickToRun.exe,TargetFilename: C:\Program Files\Common Files\microsoft shared\ClickToRun\Updates\16.0.15225.20288OfficeC2RC442FD92-468A-45F1-9CE2-0589ACC4DE4E\concrt140.dll,,,,False,C:\Users\byte store\Desktop\Incident Files Tempest\sysmon.evtx,Classic,0,"{""EventData"":{""Data"":[{""@Name"":""RuleName"",""#text"":""DLL""},{""@Name"":""UtcTime"",""#text"":""2022-06-20 17:17:32.214""},{""@Name"":""ProcessGuid"",""#text"":""4bbef3ae-a8ec-62b0-5e08-000000000700""},{""@Name"":""ProcessId"",""#text"":""7560""},{""@Name"":""Image"",""#text"":""C:\\Program Files\\Common Files\\Microsoft Shared\\ClickToRun\\OfficeClickToRun.exe""},{""@Name"":""TargetFilename"",""#text"":""C:\\Program Files\\Common Files\\microsoft shared\\ClickToRun\\Updates\\16.0.15225.20288OfficeC2RC442FD92-468A-45F1-9CE2-0589ACC4DE4E\\concrt140.dll""},{""@Name"":""CreationUtcTime"",""#text"":""2022-06-20 17:17:32.214""},{""@Name"":""User"",""#text"":""NT AUTHORITY\\SYSTEM""}]}}"
411,7916,2022-06-20 17:17:32.2269861,11,Info,Microsoft-Windows-Sysmon,Microsoft-Windows-Sysmon/Operational,2800,6224,TEMPEST,6,S-1-5-18,FileCreate,NT AUTHORITY\SYSTEM,,"ProcessID: 7560, ProcessGUID: 4bbef3ae-a8ec-62b0-5e08-000000000700",RuleName: EXE,Image: C:\Program Files\Common Files\Microsoft Shared\ClickToRun\OfficeClickToRun.exe,TargetFilename: C:\Program Files\Common Files\microsoft shared\ClickToRun\Updates\16.0.15225.20288OfficeC2RC442FD92-468A-45F1-9CE2-0589ACC4DE4E\InspectorOfficeGadget.exe,,,,False,C:\Users\byte store\Desktop\Incident Files Tempest\sysmon.evtx,Classic,0,"{""EventData"":{""Data"":[{""@Name"":""RuleName"",""#text"":""EXE""},{""@Name"":""UtcTime"",""#text"":""2022-06-20 17:17:32.214""},{""@Name"":""ProcessGuid"",""#text"":""4bbef3ae-a8ec-62b0-5e08-000000000700""},{""@Name"":""ProcessId"",""#text"":""7560""},{""@Name"":""Image"",""#text"":""C:\\Program Files\\Common Files\\Microsoft Shared\\ClickToRun\\OfficeClickToRun.exe""},{""@Name"":""TargetFilename"",""#text"":""C:\\Program Files\\Common Files\\microsoft shared\\ClickToRun\\Updates\\16.0.15225.20288OfficeC2RC442FD92-468A-45F1-9CE2-0589ACC4DE4E\\InspectorOfficeGadget.exe""},{""@Name"":""CreationUtcTime"",""#text"":""2022-06-20 17:17:32.214""},{""@Name"":""User"",""#text"":""NT AUTHORITY\\SYSTEM""}]}}"
412,7917,2022-06-20 17:17:32.2281734,11,Info,Microsoft-Windows-Sysmon,Microsoft-Windows-Sysmon/Operational,2800,6224,TEMPEST,6,S-1-5-18,FileCreate,NT AUTHORITY\SYSTEM,,"ProcessID: 7560, ProcessGUID: 4bbef3ae-a8ec-62b0-5e08-000000000700",RuleName: EXE,Image: C:\Program Files\Common Files\Microsoft Shared\ClickToRun\OfficeClickToRun.exe,TargetFilename: C:\Program Files\Common Files\microsoft shared\ClickToRun\Updates\16.0.15225.20288OfficeC2RC442FD92-468A-45F1-9CE2-0589ACC4DE4E\IntegratedOffice.exe,,,,False,C:\Users\byte store\Desktop\Incident Files Tempest\sysmon.evtx,Classic,0,"{""EventData"":{""Data"":[{""@Name"":""RuleName"",""#text"":""EXE""},{""@Name"":""UtcTime"",""#text"":""2022-06-20 17:17:32.214""},{""@Name"":""ProcessGuid"",""#text"":""4bbef3ae-a8ec-62b0-5e08-000000000700""},{""@Name"":""ProcessId"",""#text"":""7560""},{""@Name"":""Image"",""#text"":""C:\\Program Files\\Common Files\\Microsoft Shared\\ClickToRun\\OfficeClickToRun.exe""},{""@Name"":""TargetFilename"",""#text"":""C:\\Program Files\\Common Files\\microsoft shared\\ClickToRun\\Updates\\16.0.15225.20288OfficeC2RC442FD92-468A-45F1-9CE2-0589ACC4DE4E\\IntegratedOffice.exe""},{""@Name"":""CreationUtcTime"",""#text"":""2022-06-20 17:17:32.214""},{""@Name"":""User"",""#text"":""NT AUTHORITY\\SYSTEM""}]}}"
413,7918,2022-06-20 17:17:32.2658991,11,Info,Microsoft-Windows-Sysmon,Microsoft-Windows-Sysmon/Operational,2800,6224,TEMPEST,6,S-1-5-18,FileCreate,NT AUTHORITY\SYSTEM,,"ProcessID: 7560, ProcessGUID: 4bbef3ae-a8ec-62b0-5e08-000000000700",RuleName: DLL,Image: C:\Program Files\Common Files\Microsoft Shared\ClickToRun\OfficeClickToRun.exe,TargetFilename: C:\Program Files\Common Files\microsoft shared\ClickToRun\Updates\16.0.15225.20288OfficeC2RC442FD92-468A-45F1-9CE2-0589ACC4DE4E\inventory.dll,,,,False,C:\Users\byte store\Desktop\Incident Files Tempest\sysmon.evtx,Classic,0,"{""EventData"":{""Data"":[{""@Name"":""RuleName"",""#text"":""DLL""},{""@Name"":""UtcTime"",""#text"":""2022-06-20 17:17:32.262""},{""@Name"":""ProcessGuid"",""#text"":""4bbef3ae-a8ec-62b0-5e08-000000000700""},{""@Name"":""ProcessId"",""#text"":""7560""},{""@Name"":""Image"",""#text"":""C:\\Program Files\\Common Files\\Microsoft Shared\\ClickToRun\\OfficeClickToRun.exe""},{""@Name"":""TargetFilename"",""#text"":""C:\\Program Files\\Common Files\\microsoft shared\\ClickToRun\\Updates\\16.0.15225.20288OfficeC2RC442FD92-468A-45F1-9CE2-0589ACC4DE4E\\inventory.dll""},{""@Name"":""CreationUtcTime"",""#text"":""2022-06-20 17:17:32.262""},{""@Name"":""User"",""#text"":""NT AUTHORITY\\SYSTEM""}]}}"
414,7919,2022-06-20 17:17:32.3139219,11,Info,Microsoft-Windows-Sysmon,Microsoft-Windows-Sysmon/Operational,2800,6224,TEMPEST,6,S-1-5-18,FileCreate,NT AUTHORITY\SYSTEM,,"ProcessID: 7560, ProcessGUID: 4bbef3ae-a8ec-62b0-5e08-000000000700",RuleName: DLL,Image: C:\Program Files\Common Files\Microsoft Shared\ClickToRun\OfficeClickToRun.exe,TargetFilename: C:\Program Files\Common Files\microsoft shared\ClickToRun\Updates\16.0.15225.20288OfficeC2RC442FD92-468A-45F1-9CE2-0589ACC4DE4E\manageability.dll,,,,False,C:\Users\byte store\Desktop\Incident Files Tempest\sysmon.evtx,Classic,0,"{""EventData"":{""Data"":[{""@Name"":""RuleName"",""#text"":""DLL""},{""@Name"":""UtcTime"",""#text"":""2022-06-20 17:17:32.309""},{""@Name"":""ProcessGuid"",""#text"":""4bbef3ae-a8ec-62b0-5e08-000000000700""},{""@Name"":""ProcessId"",""#text"":""7560""},{""@Name"":""Image"",""#text"":""C:\\Program Files\\Common Files\\Microsoft Shared\\ClickToRun\\OfficeClickToRun.exe""},{""@Name"":""TargetFilename"",""#text"":""C:\\Program Files\\Common Files\\microsoft shared\\ClickToRun\\Updates\\16.0.15225.20288OfficeC2RC442FD92-468A-45F1-9CE2-0589ACC4DE4E\\manageability.dll""},{""@Name"":""CreationUtcTime"",""#text"":""2022-06-20 17:17:32.309""},{""@Name"":""User"",""#text"":""NT AUTHORITY\\SYSTEM""}]}}"
415,7920,2022-06-20 17:17:32.3268485,11,Info,Microsoft-Windows-Sysmon,Microsoft-Windows-Sysmon/Operational,2800,6224,TEMPEST,6,S-1-5-18,FileCreate,NT AUTHORITY\SYSTEM,,"ProcessID: 7560, ProcessGUID: 4bbef3ae-a8ec-62b0-5e08-000000000700",RuleName: EXE,Image: C:\Program Files\Common Files\Microsoft Shared\ClickToRun\OfficeClickToRun.exe,TargetFilename: C:\Program Files\Common Files\microsoft shared\ClickToRun\Updates\16.0.15225.20288OfficeC2RC442FD92-468A-45F1-9CE2-0589ACC4DE4E\MavInject32.exe,,,,False,C:\Users\byte store\Desktop\Incident Files Tempest\sysmon.evtx,Classic,0,"{""EventData"":{""Data"":[{""@Name"":""RuleName"",""#text"":""EXE""},{""@Name"":""UtcTime"",""#text"":""2022-06-20 17:17:32.324""},{""@Name"":""ProcessGuid"",""#text"":""4bbef3ae-a8ec-62b0-5e08-000000000700""},{""@Name"":""ProcessId"",""#text"":""7560""},{""@Name"":""Image"",""#text"":""C:\\Program Files\\Common Files\\Microsoft Shared\\ClickToRun\\OfficeClickToRun.exe""},{""@Name"":""TargetFilename"",""#text"":""C:\\Program Files\\Common Files\\microsoft shared\\ClickToRun\\Updates\\16.0.15225.20288OfficeC2RC442FD92-468A-45F1-9CE2-0589ACC4DE4E\\MavInject32.exe""},{""@Name"":""CreationUtcTime"",""#text"":""2022-06-20 17:17:32.324""},{""@Name"":""User"",""#text"":""NT AUTHORITY\\SYSTEM""}]}}"
416,7921,2022-06-20 17:17:32.3292583,11,Info,Microsoft-Windows-Sysmon,Microsoft-Windows-Sysmon/Operational,2800,6224,TEMPEST,6,S-1-5-18,FileCreate,NT AUTHORITY\SYSTEM,,"ProcessID: 7560, ProcessGUID: 4bbef3ae-a8ec-62b0-5e08-000000000700",RuleName: DLL,Image: C:\Program Files\Common Files\Microsoft Shared\ClickToRun\OfficeClickToRun.exe,TargetFilename: C:\Program Files\Common Files\microsoft shared\ClickToRun\Updates\16.0.15225.20288OfficeC2RC442FD92-468A-45F1-9CE2-0589ACC4DE4E\msix.dll,,,,False,C:\Users\byte store\Desktop\Incident Files Tempest\sysmon.evtx,Classic,0,"{""EventData"":{""Data"":[{""@Name"":""RuleName"",""#text"":""DLL""},{""@Name"":""UtcTime"",""#text"":""2022-06-20 17:17:32.324""},{""@Name"":""ProcessGuid"",""#text"":""4bbef3ae-a8ec-62b0-5e08-000000000700""},{""@Name"":""ProcessId"",""#text"":""7560""},{""@Name"":""Image"",""#text"":""C:\\Program Files\\Common Files\\Microsoft Shared\\ClickToRun\\OfficeClickToRun.exe""},{""@Name"":""TargetFilename"",""#text"":""C:\\Program Files\\Common Files\\microsoft shared\\ClickToRun\\Updates\\16.0.15225.20288OfficeC2RC442FD92-468A-45F1-9CE2-0589ACC4DE4E\\msix.dll""},{""@Name"":""CreationUtcTime"",""#text"":""2022-06-20 17:17:32.324""},{""@Name"":""User"",""#text"":""NT AUTHORITY\\SYSTEM""}]}}"
417,7922,2022-06-20 17:17:32.3432218,11,Info,Microsoft-Windows-Sysmon,Microsoft-Windows-Sysmon/Operational,2800,6224,TEMPEST,6,S-1-5-18,FileCreate,NT AUTHORITY\SYSTEM,,"ProcessID: 7560, ProcessGUID: 4bbef3ae-a8ec-62b0-5e08-000000000700",RuleName: DLL,Image: C:\Program Files\Common Files\Microsoft Shared\ClickToRun\OfficeClickToRun.exe,TargetFilename: C:\Program Files\Common Files\microsoft shared\ClickToRun\Updates\16.0.15225.20288OfficeC2RC442FD92-468A-45F1-9CE2-0589ACC4DE4E\msvcp120.dll,,,,False,C:\Users\byte store\Desktop\Incident Files Tempest\sysmon.evtx,Classic,0,"{""EventData"":{""Data"":[{""@Name"":""RuleName"",""#text"":""DLL""},{""@Name"":""UtcTime"",""#text"":""2022-06-20 17:17:32.340""},{""@Name"":""ProcessGuid"",""#text"":""4bbef3ae-a8ec-62b0-5e08-000000000700""},{""@Name"":""ProcessId"",""#text"":""7560""},{""@Name"":""Image"",""#text"":""C:\\Program Files\\Common Files\\Microsoft Shared\\ClickToRun\\OfficeClickToRun.exe""},{""@Name"":""TargetFilename"",""#text"":""C:\\Program Files\\Common Files\\microsoft shared\\ClickToRun\\Updates\\16.0.15225.20288OfficeC2RC442FD92-468A-45F1-9CE2-0589ACC4DE4E\\msvcp120.dll""},{""@Name"":""CreationUtcTime"",""#text"":""2022-06-20 17:17:32.340""},{""@Name"":""User"",""#text"":""NT AUTHORITY\\SYSTEM""}]}}"
418,7923,2022-06-20 17:17:32.3479836,11,Info,Microsoft-Windows-Sysmon,Microsoft-Windows-Sysmon/Operational,2800,6224,TEMPEST,6,S-1-5-18,FileCreate,NT AUTHORITY\SYSTEM,,"ProcessID: 7560, ProcessGUID: 4bbef3ae-a8ec-62b0-5e08-000000000700",RuleName: DLL,Image: C:\Program Files\Common Files\Microsoft Shared\ClickToRun\OfficeClickToRun.exe,TargetFilename: C:\Program Files\Common Files\microsoft shared\ClickToRun\Updates\16.0.15225.20288OfficeC2RC442FD92-468A-45F1-9CE2-0589ACC4DE4E\msvcp140.dll,,,,False,C:\Users\byte store\Desktop\Incident Files Tempest\sysmon.evtx,Classic,0,"{""EventData"":{""Data"":[{""@Name"":""RuleName"",""#text"":""DLL""},{""@Name"":""UtcTime"",""#text"":""2022-06-20 17:17:32.340""},{""@Name"":""ProcessGuid"",""#text"":""4bbef3ae-a8ec-62b0-5e08-000000000700""},{""@Name"":""ProcessId"",""#text"":""7560""},{""@Name"":""Image"",""#text"":""C:\\Program Files\\Common Files\\Microsoft Shared\\ClickToRun\\OfficeClickToRun.exe""},{""@Name"":""TargetFilename"",""#text"":""C:\\Program Files\\Common Files\\microsoft shared\\ClickToRun\\Updates\\16.0.15225.20288OfficeC2RC442FD92-468A-45F1-9CE2-0589ACC4DE4E\\msvcp140.dll""},{""@Name"":""CreationUtcTime"",""#text"":""2022-06-20 17:17:32.340""},{""@Name"":""User"",""#text"":""NT AUTHORITY\\SYSTEM""}]}}"
