343,7848,2022-06-20 17:17:31.9497962,11,Info,Microsoft-Windows-Sysmon,Microsoft-Windows-Sysmon/Operational,2800,6224,TEMPEST,5,S-1-5-18,FileCreate,NT AUTHORITY\SYSTEM,,"ProcessID: 7560, ProcessGUID: 4bbef3ae-a8ec-62b0-5e08-000000000700",RuleName: DLL,Image: C:\Program Files\Common Files\Microsoft Shared\ClickToRun\OfficeClickToRun.exe,TargetFilename: C:\Program Files\Common Files\microsoft shared\ClickToRun\Updates\16.0.15225.20288OfficeC2RC442FD92-468A-45F1-9CE2-0589ACC4DE4E\api-ms-win-crt-time-l1-1-0.dll,,,,False,C:\Users\byte store\Desktop\Incident Files Tempest\sysmon.evtx,Classic,0,"{""EventData"":{""Data"":[{""@Name"":""RuleName"",""#text"":""DLL""},{""@Name"":""UtcTime"",""#text"":""2022-06-20 17:17:31.949""},{""@Name"":""ProcessGuid"",""#text"":""4bbef3ae-a8ec-62b0-5e08-000000000700""},{""@Name"":""ProcessId"",""#text"":""7560""},{""@Name"":""Image"",""#text"":""C:\\Program Files\\Common Files\\Microsoft Shared\\ClickToRun\\OfficeClickToRun.exe""},{""@Name"":""TargetFilename"",""#text"":""C:\\Program Files\\Common Files\\microsoft shared\\ClickToRun\\Updates\\16.0.15225.20288OfficeC2RC442FD92-468A-45F1-9CE2-0589ACC4DE4E\\api-ms-win-crt-time-l1-1-0.dll""},{""@Name"":""CreationUtcTime"",""#text"":""2022-06-20 17:17:31.933""},{""@Name"":""User"",""#text"":""NT AUTHORITY\\SYSTEM""}]}}"
344,7849,2022-06-20 17:17:31.9502106,11,Info,Microsoft-Windows-Sysmon,Microsoft-Windows-Sysmon/Operational,2800,6224,TEMPEST,5,S-1-5-18,FileCreate,NT AUTHORITY\SYSTEM,,"ProcessID: 7560, ProcessGUID: 4bbef3ae-a8ec-62b0-5e08-000000000700",RuleName: DLL,Image: C:\Program Files\Common Files\Microsoft Shared\ClickToRun\OfficeClickToRun.exe,TargetFilename: C:\Program Files\Common Files\microsoft shared\ClickToRun\Updates\16.0.15225.20288OfficeC2RC442FD92-468A-45F1-9CE2-0589ACC4DE4E\api-ms-win-crt-utility-l1-1-0.dll,,,,False,C:\Users\byte store\Desktop\Incident Files Tempest\sysmon.evtx,Classic,0,"{""EventData"":{""Data"":[{""@Name"":""RuleName"",""#text"":""DLL""},{""@Name"":""UtcTime"",""#text"":""2022-06-20 17:17:31.949""},{""@Name"":""ProcessGuid"",""#text"":""4bbef3ae-a8ec-62b0-5e08-000000000700""},{""@Name"":""ProcessId"",""#text"":""7560""},{""@Name"":""Image"",""#text"":""C:\\Program Files\\Common Files\\Microsoft Shared\\ClickToRun\\OfficeClickToRun.exe""},{""@Name"":""TargetFilename"",""#text"":""C:\\Program Files\\Common Files\\microsoft shared\\ClickToRun\\Updates\\16.0.15225.20288OfficeC2RC442FD92-468A-45F1-9CE2-0589ACC4DE4E\\api-ms-win-crt-utility-l1-1-0.dll""},{""@Name"":""CreationUtcTime"",""#text"":""2022-06-20 17:17:31.949""},{""@Name"":""User"",""#text"":""NT AUTHORITY\\SYSTEM""}]}}"
345,7850,2022-06-20 17:17:31.9509919,11,Info,Microsoft-Windows-Sysmon,Microsoft-Windows-Sysmon/Operational,2800,6224,TEMPEST,5,S-1-5-18,FileCreate,NT AUTHORITY\SYSTEM,,"ProcessID: 7560, ProcessGUID: 4bbef3ae-a8ec-62b0-5e08-000000000700",RuleName: DLL,Image: C:\Program Files\Common Files\Microsoft Shared\ClickToRun\OfficeClickToRun.exe,TargetFilename: C:\Program Files\Common Files\microsoft shared\ClickToRun\Updates\16.0.15225.20288OfficeC2RC442FD92-468A-45F1-9CE2-0589ACC4DE4E\ApiClient.dll,,,,False,C:\Users\byte store\Desktop\Incident Files Tempest\sysmon.evtx,Classic,0,"{""EventData"":{""Data"":[{""@Name"":""RuleName"",""#text"":""DLL""},{""@Name"":""UtcTime"",""#text"":""2022-06-20 17:17:31.949""},{""@Name"":""ProcessGuid"",""#text"":""4bbef3ae-a8ec-62b0-5e08-000000000700""},{""@Name"":""ProcessId"",""#text"":""7560""},{""@Name"":""Image"",""#text"":""C:\\Program Files\\Common Files\\Microsoft Shared\\ClickToRun\\OfficeClickToRun.exe""},{""@Name"":""TargetFilename"",""#text"":""C:\\Program Files\\Common Files\\microsoft shared\\ClickToRun\\Updates\\16.0.15225.20288OfficeC2RC442FD92-468A-45F1-9CE2-0589ACC4DE4E\\ApiClient.dll""},{""@Name"":""CreationUtcTime"",""#text"":""2022-06-20 17:17:31.949""},{""@Name"":""User"",""#text"":""NT AUTHORITY\\SYSTEM""}]}}"
346,7851,2022-06-20 17:17:31.9556582,11,Info,Microsoft-Windows-Sysmon,Microsoft-Windows-Sysmon/Operational,2800,6224,TEMPEST,5,S-1-5-18,FileCreate,NT AUTHORITY\SYSTEM,,"ProcessID: 7560, ProcessGUID: 4bbef3ae-a8ec-62b0-5e08-000000000700",RuleName: DLL,Image: C:\Program Files\Common Files\Microsoft Shared\ClickToRun\OfficeClickToRun.exe,TargetFilename: C:\Program Files\Common Files\microsoft shared\ClickToRun\Updates\16.0.15225.20288OfficeC2RC442FD92-468A-45F1-9CE2-0589ACC4DE4E\AppVCatalog.dll,,,,False,C:\Users\byte store\Desktop\Incident Files Tempest\sysmon.evtx,Classic,0,"{""EventData"":{""Data"":[{""@Name"":""RuleName"",""#text"":""DLL""},{""@Name"":""UtcTime"",""#text"":""2022-06-20 17:17:31.949""},{""@Name"":""ProcessGuid"",""#text"":""4bbef3ae-a8ec-62b0-5e08-000000000700""},{""@Name"":""ProcessId"",""#text"":""7560""},{""@Name"":""Image"",""#text"":""C:\\Program Files\\Common Files\\Microsoft Shared\\ClickToRun\\OfficeClickToRun.exe""},{""@Name"":""TargetFilename"",""#text"":""C:\\Program Files\\Common Files\\microsoft shared\\ClickToRun\\Updates\\16.0.15225.20288OfficeC2RC442FD92-468A-45F1-9CE2-0589ACC4DE4E\\AppVCatalog.dll""},{""@Name"":""CreationUtcTime"",""#text"":""2022-06-20 17:17:31.949""},{""@Name"":""User"",""#text"":""NT AUTHORITY\\SYSTEM""}]}}"
347,7852,2022-06-20 17:17:31.9603185,11,Info,Microsoft-Windows-Sysmon,Microsoft-Windows-Sysmon/Operational,2800,6224,TEMPEST,5,S-1-5-18,FileCreate,NT AUTHORITY\SYSTEM,,"ProcessID: 7560, ProcessGUID: 4bbef3ae-a8ec-62b0-5e08-000000000700",RuleName: EXE,Image: C:\Program Files\Common Files\Microsoft Shared\ClickToRun\OfficeClickToRun.exe,TargetFilename: C:\Program Files\Common Files\microsoft shared\ClickToRun\Updates\16.0.15225.20288OfficeC2RC442FD92-468A-45F1-9CE2-0589ACC4DE4E\appvcleaner.exe,,,,False,C:\Users\byte store\Desktop\Incident Files Tempest\sysmon.evtx,Classic,0,"{""EventData"":{""Data"":[{""@Name"":""RuleName"",""#text"":""EXE""},{""@Name"":""UtcTime"",""#text"":""2022-06-20 17:17:31.949""},{""@Name"":""ProcessGuid"",""#text"":""4bbef3ae-a8ec-62b0-5e08-000000000700""},{""@Name"":""ProcessId"",""#text"":""7560""},{""@Name"":""Image"",""#text"":""C:\\Program Files\\Common Files\\Microsoft Shared\\ClickToRun\\OfficeClickToRun.exe""},{""@Name"":""TargetFilename"",""#text"":""C:\\Program Files\\Common Files\\microsoft shared\\ClickToRun\\Updates\\16.0.15225.20288OfficeC2RC442FD92-468A-45F1-9CE2-0589ACC4DE4E\\appvcleaner.exe""},{""@Name"":""CreationUtcTime"",""#text"":""2022-06-20 17:17:31.949""},{""@Name"":""User"",""#text"":""NT AUTHORITY\\SYSTEM""}]}}"
348,7853,2022-06-20 17:17:31.9769733,11,Info,Microsoft-Windows-Sysmon,Microsoft-Windows-Sysmon/Operational,2800,6224,TEMPEST,5,S-1-5-18,FileCreate,NT AUTHORITY\SYSTEM,,"ProcessID: 7560, ProcessGUID: 4bbef3ae-a8ec-62b0-5e08-000000000700",RuleName: DLL,Image: C:\Program Files\Common Files\Microsoft Shared\ClickToRun\OfficeClickToRun.exe,TargetFilename: C:\Program Files\Common Files\microsoft shared\ClickToRun\Updates\16.0.15225.20288OfficeC2RC442FD92-468A-45F1-9CE2-0589ACC4DE4E\AppVFileSystemMetadata.dll,,,,False,C:\Users\byte store\Desktop\Incident Files Tempest\sysmon.evtx,Classic,0,"{""EventData"":{""Data"":[{""@Name"":""RuleName"",""#text"":""DLL""},{""@Name"":""UtcTime"",""#text"":""2022-06-20 17:17:31.965""},{""@Name"":""ProcessGuid"",""#text"":""4bbef3ae-a8ec-62b0-5e08-000000000700""},{""@Name"":""ProcessId"",""#text"":""7560""},{""@Name"":""Image"",""#text"":""C:\\Program Files\\Common Files\\Microsoft Shared\\ClickToRun\\OfficeClickToRun.exe""},{""@Name"":""TargetFilename"",""#text"":""C:\\Program Files\\Common Files\\microsoft shared\\ClickToRun\\Updates\\16.0.15225.20288OfficeC2RC442FD92-468A-45F1-9CE2-0589ACC4DE4E\\AppVFileSystemMetadata.dll""},{""@Name"":""CreationUtcTime"",""#text"":""2022-06-20 17:17:31.965""},{""@Name"":""User"",""#text"":""NT AUTHORITY\\SYSTEM""}]}}"
349,7854,2022-06-20 17:17:31.9796333,11,Info,Microsoft-Windows-Sysmon,Microsoft-Windows-Sysmon/Operational,2800,6224,TEMPEST,5,S-1-5-18,FileCreate,NT AUTHORITY\SYSTEM,,"ProcessID: 7560, ProcessGUID: 4bbef3ae-a8ec-62b0-5e08-000000000700",RuleName: DLL,Image: C:\Program Files\Common Files\Microsoft Shared\ClickToRun\OfficeClickToRun.exe,TargetFilename: C:\Program Files\Common Files\microsoft shared\ClickToRun\Updates\16.0.15225.20288OfficeC2RC442FD92-468A-45F1-9CE2-0589ACC4DE4E\AppVIntegration.dll,,,,False,C:\Users\byte store\Desktop\Incident Files Tempest\sysmon.evtx,Classic,0,"{""EventData"":{""Data"":[{""@Name"":""RuleName"",""#text"":""DLL""},{""@Name"":""UtcTime"",""#text"":""2022-06-20 17:17:31.965""},{""@Name"":""ProcessGuid"",""#text"":""4bbef3ae-a8ec-62b0-5e08-000000000700""},{""@Name"":""ProcessId"",""#text"":""7560""},{""@Name"":""Image"",""#text"":""C:\\Program Files\\Common Files\\Microsoft Shared\\ClickToRun\\OfficeClickToRun.exe""},{""@Name"":""TargetFilename"",""#text"":""C:\\Program Files\\Common Files\\microsoft shared\\ClickToRun\\Updates\\16.0.15225.20288OfficeC2RC442FD92-468A-45F1-9CE2-0589ACC4DE4E\\AppVIntegration.dll""},{""@Name"":""CreationUtcTime"",""#text"":""2022-06-20 17:17:31.965""},{""@Name"":""User"",""#text"":""NT AUTHORITY\\SYSTEM""}]}}"
350,7855,2022-06-20 17:17:31.9912880,11,Info,Microsoft-Windows-Sysmon,Microsoft-Windows-Sysmon/Operational,2800,6224,TEMPEST,5,S-1-5-18,FileCreate,NT AUTHORITY\SYSTEM,,"ProcessID: 7560, ProcessGUID: 4bbef3ae-a8ec-62b0-5e08-000000000700",RuleName: DLL,Image: C:\Program Files\Common Files\Microsoft Shared\ClickToRun\OfficeClickToRun.exe,TargetFilename: C:\Program Files\Common Files\microsoft shared\ClickToRun\Updates\16.0.15225.20288OfficeC2RC442FD92-468A-45F1-9CE2-0589ACC4DE4E\AppVIsvApi.dll,,,,False,C:\Users\byte store\Desktop\Incident Files Tempest\sysmon.evtx,Classic,0,"{""EventData"":{""Data"":[{""@Name"":""RuleName"",""#text"":""DLL""},{""@Name"":""UtcTime"",""#text"":""2022-06-20 17:17:31.980""},{""@Name"":""ProcessGuid"",""#text"":""4bbef3ae-a8ec-62b0-5e08-000000000700""},{""@Name"":""ProcessId"",""#text"":""7560""},{""@Name"":""Image"",""#text"":""C:\\Program Files\\Common Files\\Microsoft Shared\\ClickToRun\\OfficeClickToRun.exe""},{""@Name"":""TargetFilename"",""#text"":""C:\\Program Files\\Common Files\\microsoft shared\\ClickToRun\\Updates\\16.0.15225.20288OfficeC2RC442FD92-468A-45F1-9CE2-0589ACC4DE4E\\AppVIsvApi.dll""},{""@Name"":""CreationUtcTime"",""#text"":""2022-06-20 17:17:31.980""},{""@Name"":""User"",""#text"":""NT AUTHORITY\\SYSTEM""}]}}"
351,7856,2022-06-20 17:17:31.9948032,11,Info,Microsoft-Windows-Sysmon,Microsoft-Windows-Sysmon/Operational,2800,6224,TEMPEST,5,S-1-5-18,FileCreate,NT AUTHORITY\SYSTEM,,"ProcessID: 7560, ProcessGUID: 4bbef3ae-a8ec-62b0-5e08-000000000700",RuleName: DLL,Image: C:\Program Files\Common Files\Microsoft Shared\ClickToRun\OfficeClickToRun.exe,TargetFilename: C:\Program Files\Common Files\microsoft shared\ClickToRun\Updates\16.0.15225.20288OfficeC2RC442FD92-468A-45F1-9CE2-0589ACC4DE4E\AppVIsvStreamingManager.dll,,,,False,C:\Users\byte store\Desktop\Incident Files Tempest\sysmon.evtx,Classic,0,"{""EventData"":{""Data"":[{""@Name"":""RuleName"",""#text"":""DLL""},{""@Name"":""UtcTime"",""#text"":""2022-06-20 17:17:31.980""},{""@Name"":""ProcessGuid"",""#text"":""4bbef3ae-a8ec-62b0-5e08-000000000700""},{""@Name"":""ProcessId"",""#text"":""7560""},{""@Name"":""Image"",""#text"":""C:\\Program Files\\Common Files\\Microsoft Shared\\ClickToRun\\OfficeClickToRun.exe""},{""@Name"":""TargetFilename"",""#text"":""C:\\Program Files\\Common Files\\microsoft shared\\ClickToRun\\Updates\\16.0.15225.20288OfficeC2RC442FD92-468A-45F1-9CE2-0589ACC4DE4E\\AppVIsvStreamingManager.dll""},{""@Name"":""CreationUtcTime"",""#text"":""2022-06-20 17:17:31.980""},{""@Name"":""User"",""#text"":""NT AUTHORITY\\SYSTEM""}]}}"
352,7857,2022-06-20 17:17:31.9967876,11,Info,Microsoft-Windows-Sysmon,Microsoft-Windows-Sysmon/Operational,2800,6224,TEMPEST,5,S-1-5-18,FileCreate,NT AUTHORITY\SYSTEM,,"ProcessID: 7560, ProcessGUID: 4bbef3ae-a8ec-62b0-5e08-000000000700",RuleName: DLL,Image: C:\Program Files\Common Files\Microsoft Shared\ClickToRun\OfficeClickToRun.exe,TargetFilename: C:\Program Files\Common Files\microsoft shared\ClickToRun\Updates\16.0.15225.20288OfficeC2RC442FD92-468A-45F1-9CE2-0589ACC4DE4E\AppVIsvSubsystemController.dll,,,,False,C:\Users\byte store\Desktop\Incident Files Tempest\sysmon.evtx,Classic,0,"{""EventData"":{""Data"":[{""@Name"":""RuleName"",""#text"":""DLL""},{""@Name"":""UtcTime"",""#text"":""2022-06-20 17:17:31.995""},{""@Name"":""ProcessGuid"",""#text"":""4bbef3ae-a8ec-62b0-5e08-000000000700""},{""@Name"":""ProcessId"",""#text"":""7560""},{""@Name"":""Image"",""#text"":""C:\\Program Files\\Common Files\\Microsoft Shared\\ClickToRun\\OfficeClickToRun.exe""},{""@Name"":""TargetFilename"",""#text"":""C:\\Program Files\\Common Files\\microsoft shared\\ClickToRun\\Updates\\16.0.15225.20288OfficeC2RC442FD92-468A-45F1-9CE2-0589ACC4DE4E\\AppVIsvSubsystemController.dll""},{""@Name"":""CreationUtcTime"",""#text"":""2022-06-20 17:17:31.995""},{""@Name"":""User"",""#text"":""NT AUTHORITY\\SYSTEM""}]}}"
353,7858,2022-06-20 17:17:32.0050550,11,Info,Microsoft-Windows-Sysmon,Microsoft-Windows-Sysmon/Operational,2800,6224,TEMPEST,5,S-1-5-18,FileCreate,NT AUTHORITY\SYSTEM,,"ProcessID: 7560, ProcessGUID: 4bbef3ae-a8ec-62b0-5e08-000000000700",RuleName: DLL,Image: C:\Program Files\Common Files\Microsoft Shared\ClickToRun\OfficeClickToRun.exe,TargetFilename: C:\Program Files\Common Files\microsoft shared\ClickToRun\Updates\16.0.15225.20288OfficeC2RC442FD92-468A-45F1-9CE2-0589ACC4DE4E\AppvIsvSubsystems32.dll,,,,False,C:\Users\byte store\Desktop\Incident Files Tempest\sysmon.evtx,Classic,0,"{""EventData"":{""Data"":[{""@Name"":""RuleName"",""#text"":""DLL""},{""@Name"":""UtcTime"",""#text"":""2022-06-20 17:17:31.995""},{""@Name"":""ProcessGuid"",""#text"":""4bbef3ae-a8ec-62b0-5e08-000000000700""},{""@Name"":""ProcessId"",""#text"":""7560""},{""@Name"":""Image"",""#text"":""C:\\Program Files\\Common Files\\Microsoft Shared\\ClickToRun\\OfficeClickToRun.exe""},{""@Name"":""TargetFilename"",""#text"":""C:\\Program Files\\Common Files\\microsoft shared\\ClickToRun\\Updates\\16.0.15225.20288OfficeC2RC442FD92-468A-45F1-9CE2-0589ACC4DE4E\\AppvIsvSubsystems32.dll""},{""@Name"":""CreationUtcTime"",""#text"":""2022-06-20 17:17:31.995""},{""@Name"":""User"",""#text"":""NT AUTHORITY\\SYSTEM""}]}}"
354,7859,2022-06-20 17:17:32.0163614,11,Info,Microsoft-Windows-Sysmon,Microsoft-Windows-Sysmon/Operational,2800,6224,TEMPEST,5,S-1-5-18,FileCreate,NT AUTHORITY\SYSTEM,,"ProcessID: 7560, ProcessGUID: 4bbef3ae-a8ec-62b0-5e08-000000000700",RuleName: DLL,Image: C:\Program Files\Common Files\Microsoft Shared\ClickToRun\OfficeClickToRun.exe,TargetFilename: C:\Program Files\Common Files\microsoft shared\ClickToRun\Updates\16.0.15225.20288OfficeC2RC442FD92-468A-45F1-9CE2-0589ACC4DE4E\AppvIsvSubsystems32_msix.dll,,,,False,C:\Users\byte store\Desktop\Incident Files Tempest\sysmon.evtx,Classic,0,"{""EventData"":{""Data"":[{""@Name"":""RuleName"",""#text"":""DLL""},{""@Name"":""UtcTime"",""#text"":""2022-06-20 17:17:32.011""},{""@Name"":""ProcessGuid"",""#text"":""4bbef3ae-a8ec-62b0-5e08-000000000700""},{""@Name"":""ProcessId"",""#text"":""7560""},{""@Name"":""Image"",""#text"":""C:\\Program Files\\Common Files\\Microsoft Shared\\ClickToRun\\OfficeClickToRun.exe""},{""@Name"":""TargetFilename"",""#text"":""C:\\Program Files\\Common Files\\microsoft shared\\ClickToRun\\Updates\\16.0.15225.20288OfficeC2RC442FD92-468A-45F1-9CE2-0589ACC4DE4E\\AppvIsvSubsystems32_msix.dll""},{""@Name"":""CreationUtcTime"",""#text"":""2022-06-20 17:17:32.011""},{""@Name"":""User"",""#text"":""NT AUTHORITY\\SYSTEM""}]}}"
355,7860,2022-06-20 17:17:32.0179350,11,Info,Microsoft-Windows-Sysmon,Microsoft-Windows-Sysmon/Operational,2800,6224,TEMPEST,5,S-1-5-18,FileCreate,NT AUTHORITY\SYSTEM,,"ProcessID: 7560, ProcessGUID: 4bbef3ae-a8ec-62b0-5e08-000000000700",RuleName: DLL,Image: C:\Program Files\Common Files\Microsoft Shared\ClickToRun\OfficeClickToRun.exe,TargetFilename: C:\Program Files\Common Files\microsoft shared\ClickToRun\Updates\16.0.15225.20288OfficeC2RC442FD92-468A-45F1-9CE2-0589ACC4DE4E\AppvIsvSubsystems64.dll,,,,False,C:\Users\byte store\Desktop\Incident Files Tempest\sysmon.evtx,Classic,0,"{""EventData"":{""Data"":[{""@Name"":""RuleName"",""#text"":""DLL""},{""@Name"":""UtcTime"",""#text"":""2022-06-20 17:17:32.011""},{""@Name"":""ProcessGuid"",""#text"":""4bbef3ae-a8ec-62b0-5e08-000000000700""},{""@Name"":""ProcessId"",""#text"":""7560""},{""@Name"":""Image"",""#text"":""C:\\Program Files\\Common Files\\Microsoft Shared\\ClickToRun\\OfficeClickToRun.exe""},{""@Name"":""TargetFilename"",""#text"":""C:\\Program Files\\Common Files\\microsoft shared\\ClickToRun\\Updates\\16.0.15225.20288OfficeC2RC442FD92-468A-45F1-9CE2-0589ACC4DE4E\\AppvIsvSubsystems64.dll""},{""@Name"":""CreationUtcTime"",""#text"":""2022-06-20 17:17:32.011""},{""@Name"":""User"",""#text"":""NT AUTHORITY\\SYSTEM""}]}}"
356,7861,2022-06-20 17:17:32.0324867,11,Info,Microsoft-Windows-Sysmon,Microsoft-Windows-Sysmon/Operational,2800,6224,TEMPEST,6,S-1-5-18,FileCreate,NT AUTHORITY\SYSTEM,,"ProcessID: 7560, ProcessGUID: 4bbef3ae-a8ec-62b0-5e08-000000000700",RuleName: DLL,Image: C:\Program Files\Common Files\Microsoft Shared\ClickToRun\OfficeClickToRun.exe,TargetFilename: C:\Program Files\Common Files\microsoft shared\ClickToRun\Updates\16.0.15225.20288OfficeC2RC442FD92-468A-45F1-9CE2-0589ACC4DE4E\AppvIsvSubsystems64_arm64x.dll,,,,False,C:\Users\byte store\Desktop\Incident Files Tempest\sysmon.evtx,Classic,0,"{""EventData"":{""Data"":[{""@Name"":""RuleName"",""#text"":""DLL""},{""@Name"":""UtcTime"",""#text"":""2022-06-20 17:17:32.027""},{""@Name"":""ProcessGuid"",""#text"":""4bbef3ae-a8ec-62b0-5e08-000000000700""},{""@Name"":""ProcessId"",""#text"":""7560""},{""@Name"":""Image"",""#text"":""C:\\Program Files\\Common Files\\Microsoft Shared\\ClickToRun\\OfficeClickToRun.exe""},{""@Name"":""TargetFilename"",""#text"":""C:\\Program Files\\Common Files\\microsoft shared\\ClickToRun\\Updates\\16.0.15225.20288OfficeC2RC442FD92-468A-45F1-9CE2-0589ACC4DE4E\\AppvIsvSubsystems64_arm64x.dll""},{""@Name"":""CreationUtcTime"",""#text"":""2022-06-20 17:17:32.027""},{""@Name"":""User"",""#text"":""NT AUTHORITY\\SYSTEM""}]}}"
357,7862,2022-06-20 17:17:32.0502192,11,Info,Microsoft-Windows-Sysmon,Microsoft-Windows-Sysmon/Operational,2800,6224,TEMPEST,6,S-1-5-18,FileCreate,NT AUTHORITY\SYSTEM,,"ProcessID: 7560, ProcessGUID: 4bbef3ae-a8ec-62b0-5e08-000000000700",RuleName: DLL,Image: C:\Program Files\Common Files\Microsoft Shared\ClickToRun\OfficeClickToRun.exe,TargetFilename: C:\Program Files\Common Files\microsoft shared\ClickToRun\Updates\16.0.15225.20288OfficeC2RC442FD92-468A-45F1-9CE2-0589ACC4DE4E\AppVIsvSubsystems64_msix.dll,,,,False,C:\Users\byte store\Desktop\Incident Files Tempest\sysmon.evtx,Classic,0,"{""EventData"":{""Data"":[{""@Name"":""RuleName"",""#text"":""DLL""},{""@Name"":""UtcTime"",""#text"":""2022-06-20 17:17:32.043""},{""@Name"":""ProcessGuid"",""#text"":""4bbef3ae-a8ec-62b0-5e08-000000000700""},{""@Name"":""ProcessId"",""#text"":""7560""},{""@Name"":""Image"",""#text"":""C:\\Program Files\\Common Files\\Microsoft Shared\\ClickToRun\\OfficeClickToRun.exe""},{""@Name"":""TargetFilename"",""#text"":""C:\\Program Files\\Common Files\\microsoft shared\\ClickToRun\\Updates\\16.0.15225.20288OfficeC2RC442FD92-468A-45F1-9CE2-0589ACC4DE4E\\AppVIsvSubsystems64_msix.dll""},{""@Name"":""CreationUtcTime"",""#text"":""2022-06-20 17:17:32.043""},{""@Name"":""User"",""#text"":""NT AUTHORITY\\SYSTEM""}]}}"
358,7863,2022-06-20 17:17:32.0523376,11,Info,Microsoft-Windows-Sysmon,Microsoft-Windows-Sysmon/Operational,2800,6224,TEMPEST,6,S-1-5-18,FileCreate,NT AUTHORITY\SYSTEM,,"ProcessID: 7560, ProcessGUID: 4bbef3ae-a8ec-62b0-5e08-000000000700",RuleName: DLL,Image: C:\Program Files\Common Files\Microsoft Shared\ClickToRun\OfficeClickToRun.exe,TargetFilename: C:\Program Files\Common Files\microsoft shared\ClickToRun\Updates\16.0.15225.20288OfficeC2RC442FD92-468A-45F1-9CE2-0589ACC4DE4E\AppVIsvVirtualization.dll,,,,False,C:\Users\byte store\Desktop\Incident Files Tempest\sysmon.evtx,Classic,0,"{""EventData"":{""Data"":[{""@Name"":""RuleName"",""#text"":""DLL""},{""@Name"":""UtcTime"",""#text"":""2022-06-20 17:17:32.043""},{""@Name"":""ProcessGuid"",""#text"":""4bbef3ae-a8ec-62b0-5e08-000000000700""},{""@Name"":""ProcessId"",""#text"":""7560""},{""@Name"":""Image"",""#text"":""C:\\Program Files\\Common Files\\Microsoft Shared\\ClickToRun\\OfficeClickToRun.exe""},{""@Name"":""TargetFilename"",""#text"":""C:\\Program Files\\Common Files\\microsoft shared\\ClickToRun\\Updates\\16.0.15225.20288OfficeC2RC442FD92-468A-45F1-9CE2-0589ACC4DE4E\\AppVIsvVirtualization.dll""},{""@Name"":""CreationUtcTime"",""#text"":""2022-06-20 17:17:32.043""},{""@Name"":""User"",""#text"":""NT AUTHORITY\\SYSTEM""}]}}"
359,7864,2022-06-20 17:17:32.0580140,11,Info,Microsoft-Windows-Sysmon,Microsoft-Windows-Sysmon/Operational,2800,6224,TEMPEST,6,S-1-5-18,FileCreate,NT AUTHORITY\SYSTEM,,"ProcessID: 7560, ProcessGUID: 4bbef3ae-a8ec-62b0-5e08-000000000700",RuleName: DLL,Image: C:\Program Files\Common Files\Microsoft Shared\ClickToRun\OfficeClickToRun.exe,TargetFilename: C:\Program Files\Common Files\microsoft shared\ClickToRun\Updates\16.0.15225.20288OfficeC2RC442FD92-468A-45F1-9CE2-0589ACC4DE4E\AppVManifest.dll,,,,False,C:\Users\byte store\Desktop\Incident Files Tempest\sysmon.evtx,Classic,0,"{""EventData"":{""Data"":[{""@Name"":""RuleName"",""#text"":""DLL""},{""@Name"":""UtcTime"",""#text"":""2022-06-20 17:17:32.043""},{""@Name"":""ProcessGuid"",""#text"":""4bbef3ae-a8ec-62b0-5e08-000000000700""},{""@Name"":""ProcessId"",""#text"":""7560""},{""@Name"":""Image"",""#text"":""C:\\Program Files\\Common Files\\Microsoft Shared\\ClickToRun\\OfficeClickToRun.exe""},{""@Name"":""TargetFilename"",""#text"":""C:\\Program Files\\Common Files\\microsoft shared\\ClickToRun\\Updates\\16.0.15225.20288OfficeC2RC442FD92-468A-45F1-9CE2-0589ACC4DE4E\\AppVManifest.dll""},{""@Name"":""CreationUtcTime"",""#text"":""2022-06-20 17:17:32.043""},{""@Name"":""User"",""#text"":""NT AUTHORITY\\SYSTEM""}]}}"
360,7865,2022-06-20 17:17:32.0649908,11,Info,Microsoft-Windows-Sysmon,Microsoft-Windows-Sysmon/Operational,2800,6224,TEMPEST,6,S-1-5-18,FileCreate,NT AUTHORITY\SYSTEM,,"ProcessID: 7560, ProcessGUID: 4bbef3ae-a8ec-62b0-5e08-000000000700",RuleName: DLL,Image: C:\Program Files\Common Files\Microsoft Shared\ClickToRun\OfficeClickToRun.exe,TargetFilename: C:\Program Files\Common Files\microsoft shared\ClickToRun\Updates\16.0.15225.20288OfficeC2RC442FD92-468A-45F1-9CE2-0589ACC4DE4E\AppVOrchestration.dll,,,,False,C:\Users\byte store\Desktop\Incident Files Tempest\sysmon.evtx,Classic,0,"{""EventData"":{""Data"":[{""@Name"":""RuleName"",""#text"":""DLL""},{""@Name"":""UtcTime"",""#text"":""2022-06-20 17:17:32.058""},{""@Name"":""ProcessGuid"",""#text"":""4bbef3ae-a8ec-62b0-5e08-000000000700""},{""@Name"":""ProcessId"",""#text"":""7560""},{""@Name"":""Image"",""#text"":""C:\\Program Files\\Common Files\\Microsoft Shared\\ClickToRun\\OfficeClickToRun.exe""},{""@Name"":""TargetFilename"",""#text"":""C:\\Program Files\\Common Files\\microsoft shared\\ClickToRun\\Updates\\16.0.15225.20288OfficeC2RC442FD92-468A-45F1-9CE2-0589ACC4DE4E\\AppVOrchestration.dll""},{""@Name"":""CreationUtcTime"",""#text"":""2022-06-20 17:17:32.058""},{""@Name"":""User"",""#text"":""NT AUTHORITY\\SYSTEM""}]}}"
361,7866,2022-06-20 17:17:32.0732556,11,Info,Microsoft-Windows-Sysmon,Microsoft-Windows-Sysmon/Operational,2800,6224,TEMPEST,6,S-1-5-18,FileCreate,NT AUTHORITY\SYSTEM,,"ProcessID: 7560, ProcessGUID: 4bbef3ae-a8ec-62b0-5e08-000000000700",RuleName: DLL,Image: C:\Program Files\Common Files\Microsoft Shared\ClickToRun\OfficeClickToRun.exe,TargetFilename: C:\Program Files\Common Files\microsoft shared\ClickToRun\Updates\16.0.15225.20288OfficeC2RC442FD92-468A-45F1-9CE2-0589ACC4DE4E\AppVPolicy.dll,,,,False,C:\Users\byte store\Desktop\Incident Files Tempest\sysmon.evtx,Classic,0,"{""EventData"":{""Data"":[{""@Name"":""RuleName"",""#text"":""DLL""},{""@Name"":""UtcTime"",""#text"":""2022-06-20 17:17:32.058""},{""@Name"":""ProcessGuid"",""#text"":""4bbef3ae-a8ec-62b0-5e08-000000000700""},{""@Name"":""ProcessId"",""#text"":""7560""},{""@Name"":""Image"",""#text"":""C:\\Program Files\\Common Files\\Microsoft Shared\\ClickToRun\\OfficeClickToRun.exe""},{""@Name"":""TargetFilename"",""#text"":""C:\\Program Files\\Common Files\\microsoft shared\\ClickToRun\\Updates\\16.0.15225.20288OfficeC2RC442FD92-468A-45F1-9CE2-0589ACC4DE4E\\AppVPolicy.dll""},{""@Name"":""CreationUtcTime"",""#text"":""2022-06-20 17:17:32.058""},{""@Name"":""User"",""#text"":""NT AUTHORITY\\SYSTEM""}]}}"
362,7867,2022-06-20 17:17:32.0828306,11,Info,Microsoft-Windows-Sysmon,Microsoft-Windows-Sysmon/Operational,2800,6224,TEMPEST,6,S-1-5-18,FileCreate,NT AUTHORITY\SYSTEM,,"ProcessID: 7560, ProcessGUID: 4bbef3ae-a8ec-62b0-5e08-000000000700",RuleName: DLL,Image: C:\Program Files\Common Files\Microsoft Shared\ClickToRun\OfficeClickToRun.exe,TargetFilename: C:\Program Files\Common Files\microsoft shared\ClickToRun\Updates\16.0.15225.20288OfficeC2RC442FD92-468A-45F1-9CE2-0589ACC4DE4E\AppVScripting.dll,,,,False,C:\Users\byte store\Desktop\Incident Files Tempest\sysmon.evtx,Classic,0,"{""EventData"":{""Data"":[{""@Name"":""RuleName"",""#text"":""DLL""},{""@Name"":""UtcTime"",""#text"":""2022-06-20 17:17:32.074""},{""@Name"":""ProcessGuid"",""#text"":""4bbef3ae-a8ec-62b0-5e08-000000000700""},{""@Name"":""ProcessId"",""#text"":""7560""},{""@Name"":""Image"",""#text"":""C:\\Program Files\\Common Files\\Microsoft Shared\\ClickToRun\\OfficeClickToRun.exe""},{""@Name"":""TargetFilename"",""#text"":""C:\\Program Files\\Common Files\\microsoft shared\\ClickToRun\\Updates\\16.0.15225.20288OfficeC2RC442FD92-468A-45F1-9CE2-0589ACC4DE4E\\AppVScripting.dll""},{""@Name"":""CreationUtcTime"",""#text"":""2022-06-20 17:17:32.074""},{""@Name"":""User"",""#text"":""NT AUTHORITY\\SYSTEM""}]}}"
363,7868,2022-06-20 17:17:32.0886168,11,Info,Microsoft-Windows-Sysmon,Microsoft-Windows-Sysmon/Operational,2800,6224,TEMPEST,6,S-1-5-18,FileCreate,NT AUTHORITY\SYSTEM,,"ProcessID: 7560, ProcessGUID: 4bbef3ae-a8ec-62b0-5e08-000000000700",RuleName: EXE,Image: C:\Program Files\Common Files\Microsoft Shared\ClickToRun\OfficeClickToRun.exe,TargetFilename: C:\Program Files\Common Files\microsoft shared\ClickToRun\Updates\16.0.15225.20288OfficeC2RC442FD92-468A-45F1-9CE2-0589ACC4DE4E\AppVShNotify.exe,,,,False,C:\Users\byte store\Desktop\Incident Files Tempest\sysmon.evtx,Classic,0,"{""EventData"":{""Data"":[{""@Name"":""RuleName"",""#text"":""EXE""},{""@Name"":""UtcTime"",""#text"":""2022-06-20 17:17:32.074""},{""@Name"":""ProcessGuid"",""#text"":""4bbef3ae-a8ec-62b0-5e08-000000000700""},{""@Name"":""ProcessId"",""#text"":""7560""},{""@Name"":""Image"",""#text"":""C:\\Program Files\\Common Files\\Microsoft Shared\\ClickToRun\\OfficeClickToRun.exe""},{""@Name"":""TargetFilename"",""#text"":""C:\\Program Files\\Common Files\\microsoft shared\\ClickToRun\\Updates\\16.0.15225.20288OfficeC2RC442FD92-468A-45F1-9CE2-0589ACC4DE4E\\AppVShNotify.exe""},{""@Name"":""CreationUtcTime"",""#text"":""2022-06-20 17:17:32.074""},{""@Name"":""User"",""#text"":""NT AUTHORITY\\SYSTEM""}]}}"
364,7869,2022-06-20 17:17:32.0929876,11,Info,Microsoft-Windows-Sysmon,Microsoft-Windows-Sysmon/Operational,2800,6224,TEMPEST,6,S-1-5-18,FileCreate,NT AUTHORITY\SYSTEM,,"ProcessID: 7560, ProcessGUID: 4bbef3ae-a8ec-62b0-5e08-000000000700",RuleName: DLL,Image: C:\Program Files\Common Files\Microsoft Shared\ClickToRun\OfficeClickToRun.exe,TargetFilename: C:\Program Files\Common Files\microsoft shared\ClickToRun\Updates\16.0.15225.20288OfficeC2RC442FD92-468A-45F1-9CE2-0589ACC4DE4E\C2R32.dll,,,,False,C:\Users\byte store\Desktop\Incident Files Tempest\sysmon.evtx,Classic,0,"{""EventData"":{""Data"":[{""@Name"":""RuleName"",""#text"":""DLL""},{""@Name"":""UtcTime"",""#text"":""2022-06-20 17:17:32.089""},{""@Name"":""ProcessGuid"",""#text"":""4bbef3ae-a8ec-62b0-5e08-000000000700""},{""@Name"":""ProcessId"",""#text"":""7560""},{""@Name"":""Image"",""#text"":""C:\\Program Files\\Common Files\\Microsoft Shared\\ClickToRun\\OfficeClickToRun.exe""},{""@Name"":""TargetFilename"",""#text"":""C:\\Program Files\\Common Files\\microsoft shared\\ClickToRun\\Updates\\16.0.15225.20288OfficeC2RC442FD92-468A-45F1-9CE2-0589ACC4DE4E\\C2R32.dll""},{""@Name"":""CreationUtcTime"",""#text"":""2022-06-20 17:17:32.089""},{""@Name"":""User"",""#text"":""NT AUTHORITY\\SYSTEM""}]}}"
365,7870,2022-06-20 17:17:32.1091836,11,Info,Microsoft-Windows-Sysmon,Microsoft-Windows-Sysmon/Operational,2800,6224,TEMPEST,6,S-1-5-18,FileCreate,NT AUTHORITY\SYSTEM,,"ProcessID: 7560, ProcessGUID: 4bbef3ae-a8ec-62b0-5e08-000000000700",RuleName: DLL,Image: C:\Program Files\Common Files\Microsoft Shared\ClickToRun\OfficeClickToRun.exe,TargetFilename: C:\Program Files\Common Files\microsoft shared\ClickToRun\Updates\16.0.15225.20288OfficeC2RC442FD92-468A-45F1-9CE2-0589ACC4DE4E\C2R64.dll,,,,False,C:\Users\byte store\Desktop\Incident Files Tempest\sysmon.evtx,Classic,0,"{""EventData"":{""Data"":[{""@Name"":""RuleName"",""#text"":""DLL""},{""@Name"":""UtcTime"",""#text"":""2022-06-20 17:17:32.105""},{""@Name"":""ProcessGuid"",""#text"":""4bbef3ae-a8ec-62b0-5e08-000000000700""},{""@Name"":""ProcessId"",""#text"":""7560""},{""@Name"":""Image"",""#text"":""C:\\Program Files\\Common Files\\Microsoft Shared\\ClickToRun\\OfficeClickToRun.exe""},{""@Name"":""TargetFilename"",""#text"":""C:\\Program Files\\Common Files\\microsoft shared\\ClickToRun\\Updates\\16.0.15225.20288OfficeC2RC442FD92-468A-45F1-9CE2-0589ACC4DE4E\\C2R64.dll""},{""@Name"":""CreationUtcTime"",""#text"":""2022-06-20 17:17:32.105""},{""@Name"":""User"",""#text"":""NT AUTHORITY\\SYSTEM""}]}}"
366,7871,2022-06-20 17:17:32.1294660,11,Info,Microsoft-Windows-Sysmon,Microsoft-Windows-Sysmon/Operational,2800,6224,TEMPEST,6,S-1-5-18,FileCreate,NT AUTHORITY\SYSTEM,,"ProcessID: 7560, ProcessGUID: 4bbef3ae-a8ec-62b0-5e08-000000000700",RuleName: DLL,Image: C:\Program Files\Common Files\Microsoft Shared\ClickToRun\OfficeClickToRun.exe,TargetFilename: C:\Program Files\Common Files\microsoft shared\ClickToRun\Updates\16.0.15225.20288OfficeC2RC442FD92-468A-45F1-9CE2-0589ACC4DE4E\C2RINTL.ar-sa.dll,,,,False,C:\Users\byte store\Desktop\Incident Files Tempest\sysmon.evtx,Classic,0,"{""EventData"":{""Data"":[{""@Name"":""RuleName"",""#text"":""DLL""},{""@Name"":""UtcTime"",""#text"":""2022-06-20 17:17:32.120""},{""@Name"":""ProcessGuid"",""#text"":""4bbef3ae-a8ec-62b0-5e08-000000000700""},{""@Name"":""ProcessId"",""#text"":""7560""},{""@Name"":""Image"",""#text"":""C:\\Program Files\\Common Files\\Microsoft Shared\\ClickToRun\\OfficeClickToRun.exe""},{""@Name"":""TargetFilename"",""#text"":""C:\\Program Files\\Common Files\\microsoft shared\\ClickToRun\\Updates\\16.0.15225.20288OfficeC2RC442FD92-468A-45F1-9CE2-0589ACC4DE4E\\C2RINTL.ar-sa.dll""},{""@Name"":""CreationUtcTime"",""#text"":""2022-06-20 17:17:32.120""},{""@Name"":""User"",""#text"":""NT AUTHORITY\\SYSTEM""}]}}"
367,7872,2022-06-20 17:17:32.1312895,11,Info,Microsoft-Windows-Sysmon,Microsoft-Windows-Sysmon/Operational,2800,6224,TEMPEST,6,S-1-5-18,FileCreate,NT AUTHORITY\SYSTEM,,"ProcessID: 7560, ProcessGUID: 4bbef3ae-a8ec-62b0-5e08-000000000700",RuleName: DLL,Image: C:\Program Files\Common Files\Microsoft Shared\ClickToRun\OfficeClickToRun.exe,TargetFilename: C:\Program Files\Common Files\microsoft shared\ClickToRun\Updates\16.0.15225.20288OfficeC2RC442FD92-468A-45F1-9CE2-0589ACC4DE4E\C2RINTL.bg-bg.dll,,,,False,C:\Users\byte store\Desktop\Incident Files Tempest\sysmon.evtx,Classic,0,"{""EventData"":{""Data"":[{""@Name"":""RuleName"",""#text"":""DLL""},{""@Name"":""UtcTime"",""#text"":""2022-06-20 17:17:32.120""},{""@Name"":""ProcessGuid"",""#text"":""4bbef3ae-a8ec-62b0-5e08-000000000700""},{""@Name"":""ProcessId"",""#text"":""7560""},{""@Name"":""Image"",""#text"":""C:\\Program Files\\Common Files\\Microsoft Shared\\ClickToRun\\OfficeClickToRun.exe""},{""@Name"":""TargetFilename"",""#text"":""C:\\Program Files\\Common Files\\microsoft shared\\ClickToRun\\Updates\\16.0.15225.20288OfficeC2RC442FD92-468A-45F1-9CE2-0589ACC4DE4E\\C2RINTL.bg-bg.dll""},{""@Name"":""CreationUtcTime"",""#text"":""2022-06-20 17:17:32.120""},{""@Name"":""User"",""#text"":""NT AUTHORITY\\SYSTEM""}]}}"
368,7873,2022-06-20 17:17:32.1328046,11,Info,Microsoft-Windows-Sysmon,Microsoft-Windows-Sysmon/Operational,2800,6224,TEMPEST,6,S-1-5-18,FileCreate,NT AUTHORITY\SYSTEM,,"ProcessID: 7560, ProcessGUID: 4bbef3ae-a8ec-62b0-5e08-000000000700",RuleName: DLL,Image: C:\Program Files\Common Files\Microsoft Shared\ClickToRun\OfficeClickToRun.exe,TargetFilename: C:\Program Files\Common Files\microsoft shared\ClickToRun\Updates\16.0.15225.20288OfficeC2RC442FD92-468A-45F1-9CE2-0589ACC4DE4E\C2RINTL.cs-cz.dll,,,,False,C:\Users\byte store\Desktop\Incident Files Tempest\sysmon.evtx,Classic,0,"{""EventData"":{""Data"":[{""@Name"":""RuleName"",""#text"":""DLL""},{""@Name"":""UtcTime"",""#text"":""2022-06-20 17:17:32.120""},{""@Name"":""ProcessGuid"",""#text"":""4bbef3ae-a8ec-62b0-5e08-000000000700""},{""@Name"":""ProcessId"",""#text"":""7560""},{""@Name"":""Image"",""#text"":""C:\\Program Files\\Common Files\\Microsoft Shared\\ClickToRun\\OfficeClickToRun.exe""},{""@Name"":""TargetFilename"",""#text"":""C:\\Program Files\\Common Files\\microsoft shared\\ClickToRun\\Updates\\16.0.15225.20288OfficeC2RC442FD92-468A-45F1-9CE2-0589ACC4DE4E\\C2RINTL.cs-cz.dll""},{""@Name"":""CreationUtcTime"",""#text"":""2022-06-20 17:17:32.120""},{""@Name"":""User"",""#text"":""NT AUTHORITY\\SYSTEM""}]}}"
369,7874,2022-06-20 17:17:32.1344302,11,Info,Microsoft-Windows-Sysmon,Microsoft-Windows-Sysmon/Operational,2800,6224,TEMPEST,6,S-1-5-18,FileCreate,NT AUTHORITY\SYSTEM,,"ProcessID: 7560, ProcessGUID: 4bbef3ae-a8ec-62b0-5e08-000000000700",RuleName: DLL,Image: C:\Program Files\Common Files\Microsoft Shared\ClickToRun\OfficeClickToRun.exe,TargetFilename: C:\Program Files\Common Files\microsoft shared\ClickToRun\Updates\16.0.15225.20288OfficeC2RC442FD92-468A-45F1-9CE2-0589ACC4DE4E\C2RINTL.da-dk.dll,,,,False,C:\Users\byte store\Desktop\Incident Files Tempest\sysmon.evtx,Classic,0,"{""EventData"":{""Data"":[{""@Name"":""RuleName"",""#text"":""DLL""},{""@Name"":""UtcTime"",""#text"":""2022-06-20 17:17:32.120""},{""@Name"":""ProcessGuid"",""#text"":""4bbef3ae-a8ec-62b0-5e08-000000000700""},{""@Name"":""ProcessId"",""#text"":""7560""},{""@Name"":""Image"",""#text"":""C:\\Program Files\\Common Files\\Microsoft Shared\\ClickToRun\\OfficeClickToRun.exe""},{""@Name"":""TargetFilename"",""#text"":""C:\\Program Files\\Common Files\\microsoft shared\\ClickToRun\\Updates\\16.0.15225.20288OfficeC2RC442FD92-468A-45F1-9CE2-0589ACC4DE4E\\C2RINTL.da-dk.dll""},{""@Name"":""CreationUtcTime"",""#text"":""2022-06-20 17:17:32.120""},{""@Name"":""User"",""#text"":""NT AUTHORITY\\SYSTEM""}]}}"
370,7875,2022-06-20 17:17:32.1352995,11,Info,Microsoft-Windows-Sysmon,Microsoft-Windows-Sysmon/Operational,2800,6224,TEMPEST,6,S-1-5-18,FileCreate,NT AUTHORITY\SYSTEM,,"ProcessID: 7560, ProcessGUID: 4bbef3ae-a8ec-62b0-5e08-000000000700",RuleName: DLL,Image: C:\Program Files\Common Files\Microsoft Shared\ClickToRun\OfficeClickToRun.exe,TargetFilename: C:\Program Files\Common Files\microsoft shared\ClickToRun\Updates\16.0.15225.20288OfficeC2RC442FD92-468A-45F1-9CE2-0589ACC4DE4E\C2RINTL.de-de.dll,,,,False,C:\Users\byte store\Desktop\Incident Files Tempest\sysmon.evtx,Classic,0,"{""EventData"":{""Data"":[{""@Name"":""RuleName"",""#text"":""DLL""},{""@Name"":""UtcTime"",""#text"":""2022-06-20 17:17:32.120""},{""@Name"":""ProcessGuid"",""#text"":""4bbef3ae-a8ec-62b0-5e08-000000000700""},{""@Name"":""ProcessId"",""#text"":""7560""},{""@Name"":""Image"",""#text"":""C:\\Program Files\\Common Files\\Microsoft Shared\\ClickToRun\\OfficeClickToRun.exe""},{""@Name"":""TargetFilename"",""#text"":""C:\\Program Files\\Common Files\\microsoft shared\\ClickToRun\\Updates\\16.0.15225.20288OfficeC2RC442FD92-468A-45F1-9CE2-0589ACC4DE4E\\C2RINTL.de-de.dll""},{""@Name"":""CreationUtcTime"",""#text"":""2022-06-20 17:17:32.120""},{""@Name"":""User"",""#text"":""NT AUTHORITY\\SYSTEM""}]}}"
371,7876,2022-06-20 17:17:32.1374210,11,Info,Microsoft-Windows-Sysmon,Microsoft-Windows-Sysmon/Operational,2800,6224,TEMPEST,6,S-1-5-18,FileCreate,NT AUTHORITY\SYSTEM,,"ProcessID: 7560, ProcessGUID: 4bbef3ae-a8ec-62b0-5e08-000000000700",RuleName: DLL,Image: C:\Program Files\Common Files\Microsoft Shared\ClickToRun\OfficeClickToRun.exe,TargetFilename: C:\Program Files\Common Files\microsoft shared\ClickToRun\Updates\16.0.15225.20288OfficeC2RC442FD92-468A-45F1-9CE2-0589ACC4DE4E\C2RINTL.el-gr.dll,,,,False,C:\Users\byte store\Desktop\Incident Files Tempest\sysmon.evtx,Classic,0,"{""EventData"":{""Data"":[{""@Name"":""RuleName"",""#text"":""DLL""},{""@Name"":""UtcTime"",""#text"":""2022-06-20 17:17:32.136""},{""@Name"":""ProcessGuid"",""#text"":""4bbef3ae-a8ec-62b0-5e08-000000000700""},{""@Name"":""ProcessId"",""#text"":""7560""},{""@Name"":""Image"",""#text"":""C:\\Program Files\\Common Files\\Microsoft Shared\\ClickToRun\\OfficeClickToRun.exe""},{""@Name"":""TargetFilename"",""#text"":""C:\\Program Files\\Common Files\\microsoft shared\\ClickToRun\\Updates\\16.0.15225.20288OfficeC2RC442FD92-468A-45F1-9CE2-0589ACC4DE4E\\C2RINTL.el-gr.dll""},{""@Name"":""CreationUtcTime"",""#text"":""2022-06-20 17:17:32.136""},{""@Name"":""User"",""#text"":""NT AUTHORITY\\SYSTEM""}]}}"
372,7877,2022-06-20 17:17:32.1383568,11,Info,Microsoft-Windows-Sysmon,Microsoft-Windows-Sysmon/Operational,2800,6224,TEMPEST,6,S-1-5-18,FileCreate,NT AUTHORITY\SYSTEM,,"ProcessID: 7560, ProcessGUID: 4bbef3ae-a8ec-62b0-5e08-000000000700",RuleName: DLL,Image: C:\Program Files\Common Files\Microsoft Shared\ClickToRun\OfficeClickToRun.exe,TargetFilename: C:\Program Files\Common Files\microsoft shared\ClickToRun\Updates\16.0.15225.20288OfficeC2RC442FD92-468A-45F1-9CE2-0589ACC4DE4E\C2RINTL.en-gb.dll,,,,False,C:\Users\byte store\Desktop\Incident Files Tempest\sysmon.evtx,Classic,0,"{""EventData"":{""Data"":[{""@Name"":""RuleName"",""#text"":""DLL""},{""@Name"":""UtcTime"",""#text"":""2022-06-20 17:17:32.136""},{""@Name"":""ProcessGuid"",""#text"":""4bbef3ae-a8ec-62b0-5e08-000000000700""},{""@Name"":""ProcessId"",""#text"":""7560""},{""@Name"":""Image"",""#text"":""C:\\Program Files\\Common Files\\Microsoft Shared\\ClickToRun\\OfficeClickToRun.exe""},{""@Name"":""TargetFilename"",""#text"":""C:\\Program Files\\Common Files\\microsoft shared\\ClickToRun\\Updates\\16.0.15225.20288OfficeC2RC442FD92-468A-45F1-9CE2-0589ACC4DE4E\\C2RINTL.en-gb.dll""},{""@Name"":""CreationUtcTime"",""#text"":""2022-06-20 17:17:32.136""},{""@Name"":""User"",""#text"":""NT AUTHORITY\\SYSTEM""}]}}"
373,7878,2022-06-20 17:17:32.1390363,11,Info,Microsoft-Windows-Sysmon,Microsoft-Windows-Sysmon/Operational,2800,6224,TEMPEST,6,S-1-5-18,FileCreate,NT AUTHORITY\SYSTEM,,"ProcessID: 7560, ProcessGUID: 4bbef3ae-a8ec-62b0-5e08-000000000700",RuleName: DLL,Image: C:\Program Files\Common Files\Microsoft Shared\ClickToRun\OfficeClickToRun.exe,TargetFilename: C:\Program Files\Common Files\microsoft shared\ClickToRun\Updates\16.0.15225.20288OfficeC2RC442FD92-468A-45F1-9CE2-0589ACC4DE4E\C2RINTL.en-us.dll,,,,False,C:\Users\byte store\Desktop\Incident Files Tempest\sysmon.evtx,Classic,0,"{""EventData"":{""Data"":[{""@Name"":""RuleName"",""#text"":""DLL""},{""@Name"":""UtcTime"",""#text"":""2022-06-20 17:17:32.136""},{""@Name"":""ProcessGuid"",""#text"":""4bbef3ae-a8ec-62b0-5e08-000000000700""},{""@Name"":""ProcessId"",""#text"":""7560""},{""@Name"":""Image"",""#text"":""C:\\Program Files\\Common Files\\Microsoft Shared\\ClickToRun\\OfficeClickToRun.exe""},{""@Name"":""TargetFilename"",""#text"":""C:\\Program Files\\Common Files\\microsoft shared\\ClickToRun\\Updates\\16.0.15225.20288OfficeC2RC442FD92-468A-45F1-9CE2-0589ACC4DE4E\\C2RINTL.en-us.dll""},{""@Name"":""CreationUtcTime"",""#text"":""2022-06-20 17:17:32.136""},{""@Name"":""User"",""#text"":""NT AUTHORITY\\SYSTEM""}]}}"
374,7879,2022-06-20 17:17:32.1399201,11,Info,Microsoft-Windows-Sysmon,Microsoft-Windows-Sysmon/Operational,2800,6224,TEMPEST,6,S-1-5-18,FileCreate,NT AUTHORITY\SYSTEM,,"ProcessID: 7560, ProcessGUID: 4bbef3ae-a8ec-62b0-5e08-000000000700",RuleName: DLL,Image: C:\Program Files\Common Files\Microsoft Shared\ClickToRun\OfficeClickToRun.exe,TargetFilename: C:\Program Files\Common Files\microsoft shared\ClickToRun\Updates\16.0.15225.20288OfficeC2RC442FD92-468A-45F1-9CE2-0589ACC4DE4E\C2RINTL.es-es.dll,,,,False,C:\Users\byte store\Desktop\Incident Files Tempest\sysmon.evtx,Classic,0,"{""EventData"":{""Data"":[{""@Name"":""RuleName"",""#text"":""DLL""},{""@Name"":""UtcTime"",""#text"":""2022-06-20 17:17:32.136""},{""@Name"":""ProcessGuid"",""#text"":""4bbef3ae-a8ec-62b0-5e08-000000000700""},{""@Name"":""ProcessId"",""#text"":""7560""},{""@Name"":""Image"",""#text"":""C:\\Program Files\\Common Files\\Microsoft Shared\\ClickToRun\\OfficeClickToRun.exe""},{""@Name"":""TargetFilename"",""#text"":""C:\\Program Files\\Common Files\\microsoft shared\\ClickToRun\\Updates\\16.0.15225.20288OfficeC2RC442FD92-468A-45F1-9CE2-0589ACC4DE4E\\C2RINTL.es-es.dll""},{""@Name"":""CreationUtcTime"",""#text"":""2022-06-20 17:17:32.136""},{""@Name"":""User"",""#text"":""NT AUTHORITY\\SYSTEM""}]}}"
375,7880,2022-06-20 17:17:32.1419575,11,Info,Microsoft-Windows-Sysmon,Microsoft-Windows-Sysmon/Operational,2800,6224,TEMPEST,6,S-1-5-18,FileCreate,NT AUTHORITY\SYSTEM,,"ProcessID: 7560, ProcessGUID: 4bbef3ae-a8ec-62b0-5e08-000000000700",RuleName: DLL,Image: C:\Program Files\Common Files\Microsoft Shared\ClickToRun\OfficeClickToRun.exe,TargetFilename: C:\Program Files\Common Files\microsoft shared\ClickToRun\Updates\16.0.15225.20288OfficeC2RC442FD92-468A-45F1-9CE2-0589ACC4DE4E\C2RINTL.es-mx.dll,,,,False,C:\Users\byte store\Desktop\Incident Files Tempest\sysmon.evtx,Classic,0,"{""EventData"":{""Data"":[{""@Name"":""RuleName"",""#text"":""DLL""},{""@Name"":""UtcTime"",""#text"":""2022-06-20 17:17:32.136""},{""@Name"":""ProcessGuid"",""#text"":""4bbef3ae-a8ec-62b0-5e08-000000000700""},{""@Name"":""ProcessId"",""#text"":""7560""},{""@Name"":""Image"",""#text"":""C:\\Program Files\\Common Files\\Microsoft Shared\\ClickToRun\\OfficeClickToRun.exe""},{""@Name"":""TargetFilename"",""#text"":""C:\\Program Files\\Common Files\\microsoft shared\\ClickToRun\\Updates\\16.0.15225.20288OfficeC2RC442FD92-468A-45F1-9CE2-0589ACC4DE4E\\C2RINTL.es-mx.dll""},{""@Name"":""CreationUtcTime"",""#text"":""2022-06-20 17:17:32.136""},{""@Name"":""User"",""#text"":""NT AUTHORITY\\SYSTEM""}]}}"
376,7881,2022-06-20 17:17:32.1428902,11,Info,Microsoft-Windows-Sysmon,Microsoft-Windows-Sysmon/Operational,2800,6224,TEMPEST,6,S-1-5-18,FileCreate,NT AUTHORITY\SYSTEM,,"ProcessID: 7560, ProcessGUID: 4bbef3ae-a8ec-62b0-5e08-000000000700",RuleName: DLL,Image: C:\Program Files\Common Files\Microsoft Shared\ClickToRun\OfficeClickToRun.exe,TargetFilename: C:\Program Files\Common Files\microsoft shared\ClickToRun\Updates\16.0.15225.20288OfficeC2RC442FD92-468A-45F1-9CE2-0589ACC4DE4E\C2RINTL.et-ee.dll,,,,False,C:\Users\byte store\Desktop\Incident Files Tempest\sysmon.evtx,Classic,0,"{""EventData"":{""Data"":[{""@Name"":""RuleName"",""#text"":""DLL""},{""@Name"":""UtcTime"",""#text"":""2022-06-20 17:17:32.136""},{""@Name"":""ProcessGuid"",""#text"":""4bbef3ae-a8ec-62b0-5e08-000000000700""},{""@Name"":""ProcessId"",""#text"":""7560""},{""@Name"":""Image"",""#text"":""C:\\Program Files\\Common Files\\Microsoft Shared\\ClickToRun\\OfficeClickToRun.exe""},{""@Name"":""TargetFilename"",""#text"":""C:\\Program Files\\Common Files\\microsoft shared\\ClickToRun\\Updates\\16.0.15225.20288OfficeC2RC442FD92-468A-45F1-9CE2-0589ACC4DE4E\\C2RINTL.et-ee.dll""},{""@Name"":""CreationUtcTime"",""#text"":""2022-06-20 17:17:32.136""},{""@Name"":""User"",""#text"":""NT AUTHORITY\\SYSTEM""}]}}"
377,7882,2022-06-20 17:17:32.1439555,11,Info,Microsoft-Windows-Sysmon,Microsoft-Windows-Sysmon/Operational,2800,6224,TEMPEST,6,S-1-5-18,FileCreate,NT AUTHORITY\SYSTEM,,"ProcessID: 7560, ProcessGUID: 4bbef3ae-a8ec-62b0-5e08-000000000700",RuleName: DLL,Image: C:\Program Files\Common Files\Microsoft Shared\ClickToRun\OfficeClickToRun.exe,TargetFilename: C:\Program Files\Common Files\microsoft shared\ClickToRun\Updates\16.0.15225.20288OfficeC2RC442FD92-468A-45F1-9CE2-0589ACC4DE4E\C2RINTL.fi-fi.dll,,,,False,C:\Users\byte store\Desktop\Incident Files Tempest\sysmon.evtx,Classic,0,"{""EventData"":{""Data"":[{""@Name"":""RuleName"",""#text"":""DLL""},{""@Name"":""UtcTime"",""#text"":""2022-06-20 17:17:32.136""},{""@Name"":""ProcessGuid"",""#text"":""4bbef3ae-a8ec-62b0-5e08-000000000700""},{""@Name"":""ProcessId"",""#text"":""7560""},{""@Name"":""Image"",""#text"":""C:\\Program Files\\Common Files\\Microsoft Shared\\ClickToRun\\OfficeClickToRun.exe""},{""@Name"":""TargetFilename"",""#text"":""C:\\Program Files\\Common Files\\microsoft shared\\ClickToRun\\Updates\\16.0.15225.20288OfficeC2RC442FD92-468A-45F1-9CE2-0589ACC4DE4E\\C2RINTL.fi-fi.dll""},{""@Name"":""CreationUtcTime"",""#text"":""2022-06-20 17:17:32.136""},{""@Name"":""User"",""#text"":""NT AUTHORITY\\SYSTEM""}]}}"
378,7883,2022-06-20 17:17:32.1457052,11,Info,Microsoft-Windows-Sysmon,Microsoft-Windows-Sysmon/Operational,2800,6224,TEMPEST,6,S-1-5-18,FileCreate,NT AUTHORITY\SYSTEM,,"ProcessID: 7560, ProcessGUID: 4bbef3ae-a8ec-62b0-5e08-000000000700",RuleName: DLL,Image: C:\Program Files\Common Files\Microsoft Shared\ClickToRun\OfficeClickToRun.exe,TargetFilename: C:\Program Files\Common Files\microsoft shared\ClickToRun\Updates\16.0.15225.20288OfficeC2RC442FD92-468A-45F1-9CE2-0589ACC4DE4E\C2RINTL.fr-ca.dll,,,,False,C:\Users\byte store\Desktop\Incident Files Tempest\sysmon.evtx,Classic,0,"{""EventData"":{""Data"":[{""@Name"":""RuleName"",""#text"":""DLL""},{""@Name"":""UtcTime"",""#text"":""2022-06-20 17:17:32.136""},{""@Name"":""ProcessGuid"",""#text"":""4bbef3ae-a8ec-62b0-5e08-000000000700""},{""@Name"":""ProcessId"",""#text"":""7560""},{""@Name"":""Image"",""#text"":""C:\\Program Files\\Common Files\\Microsoft Shared\\ClickToRun\\OfficeClickToRun.exe""},{""@Name"":""TargetFilename"",""#text"":""C:\\Program Files\\Common Files\\microsoft shared\\ClickToRun\\Updates\\16.0.15225.20288OfficeC2RC442FD92-468A-45F1-9CE2-0589ACC4DE4E\\C2RINTL.fr-ca.dll""},{""@Name"":""CreationUtcTime"",""#text"":""2022-06-20 17:17:32.136""},{""@Name"":""User"",""#text"":""NT AUTHORITY\\SYSTEM""}]}}"
379,7884,2022-06-20 17:17:32.1466055,11,Info,Microsoft-Windows-Sysmon,Microsoft-Windows-Sysmon/Operational,2800,6224,TEMPEST,6,S-1-5-18,FileCreate,NT AUTHORITY\SYSTEM,,"ProcessID: 7560, ProcessGUID: 4bbef3ae-a8ec-62b0-5e08-000000000700",RuleName: DLL,Image: C:\Program Files\Common Files\Microsoft Shared\ClickToRun\OfficeClickToRun.exe,TargetFilename: C:\Program Files\Common Files\microsoft shared\ClickToRun\Updates\16.0.15225.20288OfficeC2RC442FD92-468A-45F1-9CE2-0589ACC4DE4E\C2RINTL.fr-fr.dll,,,,False,C:\Users\byte store\Desktop\Incident Files Tempest\sysmon.evtx,Classic,0,"{""EventData"":{""Data"":[{""@Name"":""RuleName"",""#text"":""DLL""},{""@Name"":""UtcTime"",""#text"":""2022-06-20 17:17:32.136""},{""@Name"":""ProcessGuid"",""#text"":""4bbef3ae-a8ec-62b0-5e08-000000000700""},{""@Name"":""ProcessId"",""#text"":""7560""},{""@Name"":""Image"",""#text"":""C:\\Program Files\\Common Files\\Microsoft Shared\\ClickToRun\\OfficeClickToRun.exe""},{""@Name"":""TargetFilename"",""#text"":""C:\\Program Files\\Common Files\\microsoft shared\\ClickToRun\\Updates\\16.0.15225.20288OfficeC2RC442FD92-468A-45F1-9CE2-0589ACC4DE4E\\C2RINTL.fr-fr.dll""},{""@Name"":""CreationUtcTime"",""#text"":""2022-06-20 17:17:32.136""},{""@Name"":""User"",""#text"":""NT AUTHORITY\\SYSTEM""}]}}"
380,7885,2022-06-20 17:17:32.1472813,11,Info,Microsoft-Windows-Sysmon,Microsoft-Windows-Sysmon/Operational,2800,6224,TEMPEST,6,S-1-5-18,FileCreate,NT AUTHORITY\SYSTEM,,"ProcessID: 7560, ProcessGUID: 4bbef3ae-a8ec-62b0-5e08-000000000700",RuleName: DLL,Image: C:\Program Files\Common Files\Microsoft Shared\ClickToRun\OfficeClickToRun.exe,TargetFilename: C:\Program Files\Common Files\microsoft shared\ClickToRun\Updates\16.0.15225.20288OfficeC2RC442FD92-468A-45F1-9CE2-0589ACC4DE4E\C2RINTL.he-il.dll,,,,False,C:\Users\byte store\Desktop\Incident Files Tempest\sysmon.evtx,Classic,0,"{""EventData"":{""Data"":[{""@Name"":""RuleName"",""#text"":""DLL""},{""@Name"":""UtcTime"",""#text"":""2022-06-20 17:17:32.136""},{""@Name"":""ProcessGuid"",""#text"":""4bbef3ae-a8ec-62b0-5e08-000000000700""},{""@Name"":""ProcessId"",""#text"":""7560""},{""@Name"":""Image"",""#text"":""C:\\Program Files\\Common Files\\Microsoft Shared\\ClickToRun\\OfficeClickToRun.exe""},{""@Name"":""TargetFilename"",""#text"":""C:\\Program Files\\Common Files\\microsoft shared\\ClickToRun\\Updates\\16.0.15225.20288OfficeC2RC442FD92-468A-45F1-9CE2-0589ACC4DE4E\\C2RINTL.he-il.dll""},{""@Name"":""CreationUtcTime"",""#text"":""2022-06-20 17:17:32.136""},{""@Name"":""User"",""#text"":""NT AUTHORITY\\SYSTEM""}]}}"
