1131,8636,2022-06-20 17:20:29.7162104,11,Info,Microsoft-Windows-Sysmon,Microsoft-Windows-Sysmon/Operational,2800,6224,TEMPEST,18,S-1-5-18,FileCreate,NT AUTHORITY\SYSTEM,,"ProcessID: 1316, ProcessGUID: 4bbef3ae-abac-62b0-a90a-000000000700",RuleName: EXE,Image: C:\Program Files\Common Files\Microsoft Shared\ClickToRun\Updates\16.0.15225.20288\OfficeClickToRun.exe,TargetFilename: C:\Program Files (x86)\Microsoft Office\Updates\Download\PackageFiles\8801DF78-4AAE-4735-B3E4-213DE154925A\root\vfs\ProgramFilesCommonX86\Microsoft Shared\Office16\ai.exe,,,,False,C:\Users\byte store\Desktop\Incident Files Tempest\sysmon.evtx,Classic,0,"{""EventData"":{""Data"":[{""@Name"":""RuleName"",""#text"":""EXE""},{""@Name"":""UtcTime"",""#text"":""2022-06-20 17:20:29.713""},{""@Name"":""ProcessGuid"",""#text"":""4bbef3ae-abac-62b0-a90a-000000000700""},{""@Name"":""ProcessId"",""#text"":""1316""},{""@Name"":""Image"",""#text"":""C:\\Program Files\\Common Files\\Microsoft Shared\\ClickToRun\\Updates\\16.0.15225.20288\\OfficeClickToRun.exe""},{""@Name"":""TargetFilename"",""#text"":""C:\\Program Files (x86)\\Microsoft Office\\Updates\\Download\\PackageFiles\\8801DF78-4AAE-4735-B3E4-213DE154925A\\root\\vfs\\ProgramFilesCommonX86\\Microsoft Shared\\Office16\\ai.exe""},{""@Name"":""CreationUtcTime"",""#text"":""2022-06-20 17:20:29.713""},{""@Name"":""User"",""#text"":""NT AUTHORITY\\SYSTEM""}]}}"
1132,8637,2022-06-20 17:20:30.7355502,11,Info,Microsoft-Windows-Sysmon,Microsoft-Windows-Sysmon/Operational,2800,6224,TEMPEST,18,S-1-5-18,FileCreate,NT AUTHORITY\SYSTEM,,"ProcessID: 1316, ProcessGUID: 4bbef3ae-abac-62b0-a90a-000000000700",RuleName: DLL,Image: C:\Program Files\Common Files\Microsoft Shared\ClickToRun\Updates\16.0.15225.20288\OfficeClickToRun.exe,TargetFilename: C:\Program Files (x86)\Microsoft Office\Updates\Download\PackageFiles\8801DF78-4AAE-4735-B3E4-213DE154925A\root\vfs\ProgramFilesCommonX86\Microsoft Shared\Office16\aitrx.dll,,,,False,C:\Users\byte store\Desktop\Incident Files Tempest\sysmon.evtx,Classic,0,"{""EventData"":{""Data"":[{""@Name"":""RuleName"",""#text"":""DLL""},{""@Name"":""UtcTime"",""#text"":""2022-06-20 17:20:30.729""},{""@Name"":""ProcessGuid"",""#text"":""4bbef3ae-abac-62b0-a90a-000000000700""},{""@Name"":""ProcessId"",""#text"":""1316""},{""@Name"":""Image"",""#text"":""C:\\Program Files\\Common Files\\Microsoft Shared\\ClickToRun\\Updates\\16.0.15225.20288\\OfficeClickToRun.exe""},{""@Name"":""TargetFilename"",""#text"":""C:\\Program Files (x86)\\Microsoft Office\\Updates\\Download\\PackageFiles\\8801DF78-4AAE-4735-B3E4-213DE154925A\\root\\vfs\\ProgramFilesCommonX86\\Microsoft Shared\\Office16\\aitrx.dll""},{""@Name"":""CreationUtcTime"",""#text"":""2022-06-20 17:20:30.729""},{""@Name"":""User"",""#text"":""NT AUTHORITY\\SYSTEM""}]}}"
1133,8638,2022-06-20 17:20:30.7422521,11,Info,Microsoft-Windows-Sysmon,Microsoft-Windows-Sysmon/Operational,2800,6224,TEMPEST,18,S-1-5-18,FileCreate,NT AUTHORITY\SYSTEM,,"ProcessID: 1316, ProcessGUID: 4bbef3ae-abac-62b0-a90a-000000000700",RuleName: DLL,Image: C:\Program Files\Common Files\Microsoft Shared\ClickToRun\Updates\16.0.15225.20288\OfficeClickToRun.exe,TargetFilename: C:\Program Files (x86)\Microsoft Office\Updates\Download\PackageFiles\8801DF78-4AAE-4735-B3E4-213DE154925A\root\vfs\ProgramFilesCommonX86\Microsoft Shared\Office16\oregres.dll,,,,False,C:\Users\byte store\Desktop\Incident Files Tempest\sysmon.evtx,Classic,0,"{""EventData"":{""Data"":[{""@Name"":""RuleName"",""#text"":""DLL""},{""@Name"":""UtcTime"",""#text"":""2022-06-20 17:20:30.729""},{""@Name"":""ProcessGuid"",""#text"":""4bbef3ae-abac-62b0-a90a-000000000700""},{""@Name"":""ProcessId"",""#text"":""1316""},{""@Name"":""Image"",""#text"":""C:\\Program Files\\Common Files\\Microsoft Shared\\ClickToRun\\Updates\\16.0.15225.20288\\OfficeClickToRun.exe""},{""@Name"":""TargetFilename"",""#text"":""C:\\Program Files (x86)\\Microsoft Office\\Updates\\Download\\PackageFiles\\8801DF78-4AAE-4735-B3E4-213DE154925A\\root\\vfs\\ProgramFilesCommonX86\\Microsoft Shared\\Office16\\oregres.dll""},{""@Name"":""CreationUtcTime"",""#text"":""2022-06-20 17:20:30.729""},{""@Name"":""User"",""#text"":""NT AUTHORITY\\SYSTEM""}]}}"
1134,8639,2022-06-20 17:20:30.7438945,11,Info,Microsoft-Windows-Sysmon,Microsoft-Windows-Sysmon/Operational,2800,6224,TEMPEST,18,S-1-5-18,FileCreate,NT AUTHORITY\SYSTEM,,"ProcessID: 1316, ProcessGUID: 4bbef3ae-abac-62b0-a90a-000000000700",RuleName: DLL,Image: C:\Program Files\Common Files\Microsoft Shared\ClickToRun\Updates\16.0.15225.20288\OfficeClickToRun.exe,TargetFilename: C:\Program Files (x86)\Microsoft Office\Updates\Download\PackageFiles\8801DF78-4AAE-4735-B3E4-213DE154925A\root\vfs\ProgramFilesX64\Microsoft Office\Office16\IEAWSDC.DLL,,,,False,C:\Users\byte store\Desktop\Incident Files Tempest\sysmon.evtx,Classic,0,"{""EventData"":{""Data"":[{""@Name"":""RuleName"",""#text"":""DLL""},{""@Name"":""UtcTime"",""#text"":""2022-06-20 17:20:30.729""},{""@Name"":""ProcessGuid"",""#text"":""4bbef3ae-abac-62b0-a90a-000000000700""},{""@Name"":""ProcessId"",""#text"":""1316""},{""@Name"":""Image"",""#text"":""C:\\Program Files\\Common Files\\Microsoft Shared\\ClickToRun\\Updates\\16.0.15225.20288\\OfficeClickToRun.exe""},{""@Name"":""TargetFilename"",""#text"":""C:\\Program Files (x86)\\Microsoft Office\\Updates\\Download\\PackageFiles\\8801DF78-4AAE-4735-B3E4-213DE154925A\\root\\vfs\\ProgramFilesX64\\Microsoft Office\\Office16\\IEAWSDC.DLL""},{""@Name"":""CreationUtcTime"",""#text"":""2022-06-20 17:20:30.729""},{""@Name"":""User"",""#text"":""NT AUTHORITY\\SYSTEM""}]}}"
1135,8640,2022-06-20 17:20:30.7541285,11,Info,Microsoft-Windows-Sysmon,Microsoft-Windows-Sysmon/Operational,2800,6224,TEMPEST,18,S-1-5-18,FileCreate,NT AUTHORITY\SYSTEM,,"ProcessID: 1316, ProcessGUID: 4bbef3ae-abac-62b0-a90a-000000000700",RuleName: DLL,Image: C:\Program Files\Common Files\Microsoft Shared\ClickToRun\Updates\16.0.15225.20288\OfficeClickToRun.exe,TargetFilename: C:\Program Files (x86)\Microsoft Office\Updates\Download\PackageFiles\8801DF78-4AAE-4735-B3E4-213DE154925A\root\vfs\ProgramFilesX86\Microsoft Analysis Services\AS OLEDB\140\Microsoft.AnalysisServices.AzureClient.dll,,,,False,C:\Users\byte store\Desktop\Incident Files Tempest\sysmon.evtx,Classic,0,"{""EventData"":{""Data"":[{""@Name"":""RuleName"",""#text"":""DLL""},{""@Name"":""UtcTime"",""#text"":""2022-06-20 17:20:30.744""},{""@Name"":""ProcessGuid"",""#text"":""4bbef3ae-abac-62b0-a90a-000000000700""},{""@Name"":""ProcessId"",""#text"":""1316""},{""@Name"":""Image"",""#text"":""C:\\Program Files\\Common Files\\Microsoft Shared\\ClickToRun\\Updates\\16.0.15225.20288\\OfficeClickToRun.exe""},{""@Name"":""TargetFilename"",""#text"":""C:\\Program Files (x86)\\Microsoft Office\\Updates\\Download\\PackageFiles\\8801DF78-4AAE-4735-B3E4-213DE154925A\\root\\vfs\\ProgramFilesX86\\Microsoft Analysis Services\\AS OLEDB\\140\\Microsoft.AnalysisServices.AzureClient.dll""},{""@Name"":""CreationUtcTime"",""#text"":""2022-06-20 17:20:30.744""},{""@Name"":""User"",""#text"":""NT AUTHORITY\\SYSTEM""}]}}"
1136,8641,2022-06-20 17:20:30.7591565,11,Info,Microsoft-Windows-Sysmon,Microsoft-Windows-Sysmon/Operational,2800,6224,TEMPEST,19,S-1-5-18,FileCreate,NT AUTHORITY\SYSTEM,,"ProcessID: 1316, ProcessGUID: 4bbef3ae-abac-62b0-a90a-000000000700",RuleName: DLL,Image: C:\Program Files\Common Files\Microsoft Shared\ClickToRun\Updates\16.0.15225.20288\OfficeClickToRun.exe,TargetFilename: C:\Program Files (x86)\Microsoft Office\Updates\Download\PackageFiles\8801DF78-4AAE-4735-B3E4-213DE154925A\root\vfs\ProgramFilesX86\Microsoft SQL Server\130\Shared\msasxpress.dll,,,,False,C:\Users\byte store\Desktop\Incident Files Tempest\sysmon.evtx,Classic,0,"{""EventData"":{""Data"":[{""@Name"":""RuleName"",""#text"":""DLL""},{""@Name"":""UtcTime"",""#text"":""2022-06-20 17:20:30.744""},{""@Name"":""ProcessGuid"",""#text"":""4bbef3ae-abac-62b0-a90a-000000000700""},{""@Name"":""ProcessId"",""#text"":""1316""},{""@Name"":""Image"",""#text"":""C:\\Program Files\\Common Files\\Microsoft Shared\\ClickToRun\\Updates\\16.0.15225.20288\\OfficeClickToRun.exe""},{""@Name"":""TargetFilename"",""#text"":""C:\\Program Files (x86)\\Microsoft Office\\Updates\\Download\\PackageFiles\\8801DF78-4AAE-4735-B3E4-213DE154925A\\root\\vfs\\ProgramFilesX86\\Microsoft SQL Server\\130\\Shared\\msasxpress.dll""},{""@Name"":""CreationUtcTime"",""#text"":""2022-06-20 17:20:30.744""},{""@Name"":""User"",""#text"":""NT AUTHORITY\\SYSTEM""}]}}"
1137,8642,2022-06-20 17:20:31.7655441,11,Info,Microsoft-Windows-Sysmon,Microsoft-Windows-Sysmon/Operational,2800,6224,TEMPEST,19,S-1-5-18,FileCreate,NT AUTHORITY\SYSTEM,,"ProcessID: 1316, ProcessGUID: 4bbef3ae-abac-62b0-a90a-000000000700",RuleName: DLL,Image: C:\Program Files\Common Files\Microsoft Shared\ClickToRun\Updates\16.0.15225.20288\OfficeClickToRun.exe,TargetFilename: C:\Program Files (x86)\Microsoft Office\Updates\Download\PackageFiles\8801DF78-4AAE-4735-B3E4-213DE154925A\root\vfs\ProgramFilesX86\Microsoft.NET\ADOMD.NET\130\Microsoft.AnalysisServices.AdomdClient.dll,,,,False,C:\Users\byte store\Desktop\Incident Files Tempest\sysmon.evtx,Classic,0,"{""EventData"":{""Data"":[{""@Name"":""RuleName"",""#text"":""DLL""},{""@Name"":""UtcTime"",""#text"":""2022-06-20 17:20:31.762""},{""@Name"":""ProcessGuid"",""#text"":""4bbef3ae-abac-62b0-a90a-000000000700""},{""@Name"":""ProcessId"",""#text"":""1316""},{""@Name"":""Image"",""#text"":""C:\\Program Files\\Common Files\\Microsoft Shared\\ClickToRun\\Updates\\16.0.15225.20288\\OfficeClickToRun.exe""},{""@Name"":""TargetFilename"",""#text"":""C:\\Program Files (x86)\\Microsoft Office\\Updates\\Download\\PackageFiles\\8801DF78-4AAE-4735-B3E4-213DE154925A\\root\\vfs\\ProgramFilesX86\\Microsoft.NET\\ADOMD.NET\\130\\Microsoft.AnalysisServices.AdomdClient.dll""},{""@Name"":""CreationUtcTime"",""#text"":""2022-06-20 17:20:31.762""},{""@Name"":""User"",""#text"":""NT AUTHORITY\\SYSTEM""}]}}"
1138,8643,2022-06-20 17:20:31.7745744,11,Info,Microsoft-Windows-Sysmon,Microsoft-Windows-Sysmon/Operational,2800,6224,TEMPEST,19,S-1-5-18,FileCreate,NT AUTHORITY\SYSTEM,,"ProcessID: 1316, ProcessGUID: 4bbef3ae-abac-62b0-a90a-000000000700",RuleName: EXE,Image: C:\Program Files\Common Files\Microsoft Shared\ClickToRun\Updates\16.0.15225.20288\OfficeClickToRun.exe,TargetFilename: C:\Program Files (x86)\Microsoft Office\Updates\Download\PackageFiles\8801DF78-4AAE-4735-B3E4-213DE154925A\root\vfs\Windows\Installer\{90160000-000F-0000-0000-0000000FF1CE}\accicons.exe,,,,False,C:\Users\byte store\Desktop\Incident Files Tempest\sysmon.evtx,Classic,0,"{""EventData"":{""Data"":[{""@Name"":""RuleName"",""#text"":""EXE""},{""@Name"":""UtcTime"",""#text"":""2022-06-20 17:20:31.762""},{""@Name"":""ProcessGuid"",""#text"":""4bbef3ae-abac-62b0-a90a-000000000700""},{""@Name"":""ProcessId"",""#text"":""1316""},{""@Name"":""Image"",""#text"":""C:\\Program Files\\Common Files\\Microsoft Shared\\ClickToRun\\Updates\\16.0.15225.20288\\OfficeClickToRun.exe""},{""@Name"":""TargetFilename"",""#text"":""C:\\Program Files (x86)\\Microsoft Office\\Updates\\Download\\PackageFiles\\8801DF78-4AAE-4735-B3E4-213DE154925A\\root\\vfs\\Windows\\Installer\\{90160000-000F-0000-0000-0000000FF1CE}\\accicons.exe""},{""@Name"":""CreationUtcTime"",""#text"":""2022-06-20 17:20:31.762""},{""@Name"":""User"",""#text"":""NT AUTHORITY\\SYSTEM""}]}}"
1139,8644,2022-06-20 17:20:31.7858628,11,Info,Microsoft-Windows-Sysmon,Microsoft-Windows-Sysmon/Operational,2800,6224,TEMPEST,19,S-1-5-18,FileCreate,NT AUTHORITY\SYSTEM,,"ProcessID: 1316, ProcessGUID: 4bbef3ae-abac-62b0-a90a-000000000700",RuleName: EXE,Image: C:\Program Files\Common Files\Microsoft Shared\ClickToRun\Updates\16.0.15225.20288\OfficeClickToRun.exe,TargetFilename: C:\Program Files (x86)\Microsoft Office\Updates\Download\PackageFiles\8801DF78-4AAE-4735-B3E4-213DE154925A\root\vfs\Windows\Installer\{90160000-000F-0000-0000-0000000FF1CE}\dbcicons.exe,,,,False,C:\Users\byte store\Desktop\Incident Files Tempest\sysmon.evtx,Classic,0,"{""EventData"":{""Data"":[{""@Name"":""RuleName"",""#text"":""EXE""},{""@Name"":""UtcTime"",""#text"":""2022-06-20 17:20:31.777""},{""@Name"":""ProcessGuid"",""#text"":""4bbef3ae-abac-62b0-a90a-000000000700""},{""@Name"":""ProcessId"",""#text"":""1316""},{""@Name"":""Image"",""#text"":""C:\\Program Files\\Common Files\\Microsoft Shared\\ClickToRun\\Updates\\16.0.15225.20288\\OfficeClickToRun.exe""},{""@Name"":""TargetFilename"",""#text"":""C:\\Program Files (x86)\\Microsoft Office\\Updates\\Download\\PackageFiles\\8801DF78-4AAE-4735-B3E4-213DE154925A\\root\\vfs\\Windows\\Installer\\{90160000-000F-0000-0000-0000000FF1CE}\\dbcicons.exe""},{""@Name"":""CreationUtcTime"",""#text"":""2022-06-20 17:20:31.777""},{""@Name"":""User"",""#text"":""NT AUTHORITY\\SYSTEM""}]}}"
1140,8645,2022-06-20 17:20:31.7884956,11,Info,Microsoft-Windows-Sysmon,Microsoft-Windows-Sysmon/Operational,2800,6224,TEMPEST,19,S-1-5-18,FileCreate,NT AUTHORITY\SYSTEM,,"ProcessID: 1316, ProcessGUID: 4bbef3ae-abac-62b0-a90a-000000000700",RuleName: EXE,Image: C:\Program Files\Common Files\Microsoft Shared\ClickToRun\Updates\16.0.15225.20288\OfficeClickToRun.exe,TargetFilename: C:\Program Files (x86)\Microsoft Office\Updates\Download\PackageFiles\8801DF78-4AAE-4735-B3E4-213DE154925A\root\vfs\Windows\Installer\{90160000-000F-0000-0000-0000000FF1CE}\grv_icons.exe,,,,False,C:\Users\byte store\Desktop\Incident Files Tempest\sysmon.evtx,Classic,0,"{""EventData"":{""Data"":[{""@Name"":""RuleName"",""#text"":""EXE""},{""@Name"":""UtcTime"",""#text"":""2022-06-20 17:20:31.777""},{""@Name"":""ProcessGuid"",""#text"":""4bbef3ae-abac-62b0-a90a-000000000700""},{""@Name"":""ProcessId"",""#text"":""1316""},{""@Name"":""Image"",""#text"":""C:\\Program Files\\Common Files\\Microsoft Shared\\ClickToRun\\Updates\\16.0.15225.20288\\OfficeClickToRun.exe""},{""@Name"":""TargetFilename"",""#text"":""C:\\Program Files (x86)\\Microsoft Office\\Updates\\Download\\PackageFiles\\8801DF78-4AAE-4735-B3E4-213DE154925A\\root\\vfs\\Windows\\Installer\\{90160000-000F-0000-0000-0000000FF1CE}\\grv_icons.exe""},{""@Name"":""CreationUtcTime"",""#text"":""2022-06-20 17:20:31.777""},{""@Name"":""User"",""#text"":""NT AUTHORITY\\SYSTEM""}]}}"
1141,8646,2022-06-20 17:20:31.7954068,11,Info,Microsoft-Windows-Sysmon,Microsoft-Windows-Sysmon/Operational,2800,6224,TEMPEST,19,S-1-5-18,FileCreate,NT AUTHORITY\SYSTEM,,"ProcessID: 1316, ProcessGUID: 4bbef3ae-abac-62b0-a90a-000000000700",RuleName: EXE,Image: C:\Program Files\Common Files\Microsoft Shared\ClickToRun\Updates\16.0.15225.20288\OfficeClickToRun.exe,TargetFilename: C:\Program Files (x86)\Microsoft Office\Updates\Download\PackageFiles\8801DF78-4AAE-4735-B3E4-213DE154925A\root\vfs\Windows\Installer\{90160000-000F-0000-0000-0000000FF1CE}\joticon.exe,,,,False,C:\Users\byte store\Desktop\Incident Files Tempest\sysmon.evtx,Classic,0,"{""EventData"":{""Data"":[{""@Name"":""RuleName"",""#text"":""EXE""},{""@Name"":""UtcTime"",""#text"":""2022-06-20 17:20:31.793""},{""@Name"":""ProcessGuid"",""#text"":""4bbef3ae-abac-62b0-a90a-000000000700""},{""@Name"":""ProcessId"",""#text"":""1316""},{""@Name"":""Image"",""#text"":""C:\\Program Files\\Common Files\\Microsoft Shared\\ClickToRun\\Updates\\16.0.15225.20288\\OfficeClickToRun.exe""},{""@Name"":""TargetFilename"",""#text"":""C:\\Program Files (x86)\\Microsoft Office\\Updates\\Download\\PackageFiles\\8801DF78-4AAE-4735-B3E4-213DE154925A\\root\\vfs\\Windows\\Installer\\{90160000-000F-0000-0000-0000000FF1CE}\\joticon.exe""},{""@Name"":""CreationUtcTime"",""#text"":""2022-06-20 17:20:31.777""},{""@Name"":""User"",""#text"":""NT AUTHORITY\\SYSTEM""}]}}"
1142,8647,2022-06-20 17:20:31.7994597,11,Info,Microsoft-Windows-Sysmon,Microsoft-Windows-Sysmon/Operational,2800,6224,TEMPEST,19,S-1-5-18,FileCreate,NT AUTHORITY\SYSTEM,,"ProcessID: 1316, ProcessGUID: 4bbef3ae-abac-62b0-a90a-000000000700",RuleName: EXE,Image: C:\Program Files\Common Files\Microsoft Shared\ClickToRun\Updates\16.0.15225.20288\OfficeClickToRun.exe,TargetFilename: C:\Program Files (x86)\Microsoft Office\Updates\Download\PackageFiles\8801DF78-4AAE-4735-B3E4-213DE154925A\root\vfs\Windows\Installer\{90160000-000F-0000-0000-0000000FF1CE}\lyncicon.exe,,,,False,C:\Users\byte store\Desktop\Incident Files Tempest\sysmon.evtx,Classic,0,"{""EventData"":{""Data"":[{""@Name"":""RuleName"",""#text"":""EXE""},{""@Name"":""UtcTime"",""#text"":""2022-06-20 17:20:31.793""},{""@Name"":""ProcessGuid"",""#text"":""4bbef3ae-abac-62b0-a90a-000000000700""},{""@Name"":""ProcessId"",""#text"":""1316""},{""@Name"":""Image"",""#text"":""C:\\Program Files\\Common Files\\Microsoft Shared\\ClickToRun\\Updates\\16.0.15225.20288\\OfficeClickToRun.exe""},{""@Name"":""TargetFilename"",""#text"":""C:\\Program Files (x86)\\Microsoft Office\\Updates\\Download\\PackageFiles\\8801DF78-4AAE-4735-B3E4-213DE154925A\\root\\vfs\\Windows\\Installer\\{90160000-000F-0000-0000-0000000FF1CE}\\lyncicon.exe""},{""@Name"":""CreationUtcTime"",""#text"":""2022-06-20 17:20:31.793""},{""@Name"":""User"",""#text"":""NT AUTHORITY\\SYSTEM""}]}}"
1143,8648,2022-06-20 17:20:31.8050278,11,Info,Microsoft-Windows-Sysmon,Microsoft-Windows-Sysmon/Operational,2800,6224,TEMPEST,19,S-1-5-18,FileCreate,NT AUTHORITY\SYSTEM,,"ProcessID: 1316, ProcessGUID: 4bbef3ae-abac-62b0-a90a-000000000700",RuleName: EXE,Image: C:\Program Files\Common Files\Microsoft Shared\ClickToRun\Updates\16.0.15225.20288\OfficeClickToRun.exe,TargetFilename: C:\Program Files (x86)\Microsoft Office\Updates\Download\PackageFiles\8801DF78-4AAE-4735-B3E4-213DE154925A\root\vfs\Windows\Installer\{90160000-000F-0000-0000-0000000FF1CE}\misc.exe,,,,False,C:\Users\byte store\Desktop\Incident Files Tempest\sysmon.evtx,Classic,0,"{""EventData"":{""Data"":[{""@Name"":""RuleName"",""#text"":""EXE""},{""@Name"":""UtcTime"",""#text"":""2022-06-20 17:20:31.793""},{""@Name"":""ProcessGuid"",""#text"":""4bbef3ae-abac-62b0-a90a-000000000700""},{""@Name"":""ProcessId"",""#text"":""1316""},{""@Name"":""Image"",""#text"":""C:\\Program Files\\Common Files\\Microsoft Shared\\ClickToRun\\Updates\\16.0.15225.20288\\OfficeClickToRun.exe""},{""@Name"":""TargetFilename"",""#text"":""C:\\Program Files (x86)\\Microsoft Office\\Updates\\Download\\PackageFiles\\8801DF78-4AAE-4735-B3E4-213DE154925A\\root\\vfs\\Windows\\Installer\\{90160000-000F-0000-0000-0000000FF1CE}\\misc.exe""},{""@Name"":""CreationUtcTime"",""#text"":""2022-06-20 17:20:31.793""},{""@Name"":""User"",""#text"":""NT AUTHORITY\\SYSTEM""}]}}"
1144,8649,2022-06-20 17:20:31.8155696,11,Info,Microsoft-Windows-Sysmon,Microsoft-Windows-Sysmon/Operational,2800,6224,TEMPEST,19,S-1-5-18,FileCreate,NT AUTHORITY\SYSTEM,,"ProcessID: 1316, ProcessGUID: 4bbef3ae-abac-62b0-a90a-000000000700",RuleName: EXE,Image: C:\Program Files\Common Files\Microsoft Shared\ClickToRun\Updates\16.0.15225.20288\OfficeClickToRun.exe,TargetFilename: C:\Program Files (x86)\Microsoft Office\Updates\Download\PackageFiles\8801DF78-4AAE-4735-B3E4-213DE154925A\root\vfs\Windows\Installer\{90160000-000F-0000-0000-0000000FF1CE}\ohub32.exe,,,,False,C:\Users\byte store\Desktop\Incident Files Tempest\sysmon.evtx,Classic,0,"{""EventData"":{""Data"":[{""@Name"":""RuleName"",""#text"":""EXE""},{""@Name"":""UtcTime"",""#text"":""2022-06-20 17:20:31.808""},{""@Name"":""ProcessGuid"",""#text"":""4bbef3ae-abac-62b0-a90a-000000000700""},{""@Name"":""ProcessId"",""#text"":""1316""},{""@Name"":""Image"",""#text"":""C:\\Program Files\\Common Files\\Microsoft Shared\\ClickToRun\\Updates\\16.0.15225.20288\\OfficeClickToRun.exe""},{""@Name"":""TargetFilename"",""#text"":""C:\\Program Files (x86)\\Microsoft Office\\Updates\\Download\\PackageFiles\\8801DF78-4AAE-4735-B3E4-213DE154925A\\root\\vfs\\Windows\\Installer\\{90160000-000F-0000-0000-0000000FF1CE}\\ohub32.exe""},{""@Name"":""CreationUtcTime"",""#text"":""2022-06-20 17:20:31.808""},{""@Name"":""User"",""#text"":""NT AUTHORITY\\SYSTEM""}]}}"
1145,8650,2022-06-20 17:20:31.8330739,11,Info,Microsoft-Windows-Sysmon,Microsoft-Windows-Sysmon/Operational,2800,6224,TEMPEST,19,S-1-5-18,FileCreate,NT AUTHORITY\SYSTEM,,"ProcessID: 1316, ProcessGUID: 4bbef3ae-abac-62b0-a90a-000000000700",RuleName: EXE,Image: C:\Program Files\Common Files\Microsoft Shared\ClickToRun\Updates\16.0.15225.20288\OfficeClickToRun.exe,TargetFilename: C:\Program Files (x86)\Microsoft Office\Updates\Download\PackageFiles\8801DF78-4AAE-4735-B3E4-213DE154925A\root\vfs\Windows\Installer\{90160000-000F-0000-0000-0000000FF1CE}\osmadminicon.exe,,,,False,C:\Users\byte store\Desktop\Incident Files Tempest\sysmon.evtx,Classic,0,"{""EventData"":{""Data"":[{""@Name"":""RuleName"",""#text"":""EXE""},{""@Name"":""UtcTime"",""#text"":""2022-06-20 17:20:31.824""},{""@Name"":""ProcessGuid"",""#text"":""4bbef3ae-abac-62b0-a90a-000000000700""},{""@Name"":""ProcessId"",""#text"":""1316""},{""@Name"":""Image"",""#text"":""C:\\Program Files\\Common Files\\Microsoft Shared\\ClickToRun\\Updates\\16.0.15225.20288\\OfficeClickToRun.exe""},{""@Name"":""TargetFilename"",""#text"":""C:\\Program Files (x86)\\Microsoft Office\\Updates\\Download\\PackageFiles\\8801DF78-4AAE-4735-B3E4-213DE154925A\\root\\vfs\\Windows\\Installer\\{90160000-000F-0000-0000-0000000FF1CE}\\osmadminicon.exe""},{""@Name"":""CreationUtcTime"",""#text"":""2022-06-20 17:20:31.824""},{""@Name"":""User"",""#text"":""NT AUTHORITY\\SYSTEM""}]}}"
1146,8651,2022-06-20 17:20:31.8363646,11,Info,Microsoft-Windows-Sysmon,Microsoft-Windows-Sysmon/Operational,2800,6224,TEMPEST,19,S-1-5-18,FileCreate,NT AUTHORITY\SYSTEM,,"ProcessID: 1316, ProcessGUID: 4bbef3ae-abac-62b0-a90a-000000000700",RuleName: EXE,Image: C:\Program Files\Common Files\Microsoft Shared\ClickToRun\Updates\16.0.15225.20288\OfficeClickToRun.exe,TargetFilename: C:\Program Files (x86)\Microsoft Office\Updates\Download\PackageFiles\8801DF78-4AAE-4735-B3E4-213DE154925A\root\vfs\Windows\Installer\{90160000-000F-0000-0000-0000000FF1CE}\osmclienticon.exe,,,,False,C:\Users\byte store\Desktop\Incident Files Tempest\sysmon.evtx,Classic,0,"{""EventData"":{""Data"":[{""@Name"":""RuleName"",""#text"":""EXE""},{""@Name"":""UtcTime"",""#text"":""2022-06-20 17:20:31.824""},{""@Name"":""ProcessGuid"",""#text"":""4bbef3ae-abac-62b0-a90a-000000000700""},{""@Name"":""ProcessId"",""#text"":""1316""},{""@Name"":""Image"",""#text"":""C:\\Program Files\\Common Files\\Microsoft Shared\\ClickToRun\\Updates\\16.0.15225.20288\\OfficeClickToRun.exe""},{""@Name"":""TargetFilename"",""#text"":""C:\\Program Files (x86)\\Microsoft Office\\Updates\\Download\\PackageFiles\\8801DF78-4AAE-4735-B3E4-213DE154925A\\root\\vfs\\Windows\\Installer\\{90160000-000F-0000-0000-0000000FF1CE}\\osmclienticon.exe""},{""@Name"":""CreationUtcTime"",""#text"":""2022-06-20 17:20:31.824""},{""@Name"":""User"",""#text"":""NT AUTHORITY\\SYSTEM""}]}}"
1147,8652,2022-06-20 17:20:31.8399834,11,Info,Microsoft-Windows-Sysmon,Microsoft-Windows-Sysmon/Operational,2800,6224,TEMPEST,19,S-1-5-18,FileCreate,NT AUTHORITY\SYSTEM,,"ProcessID: 1316, ProcessGUID: 4bbef3ae-abac-62b0-a90a-000000000700",RuleName: EXE,Image: C:\Program Files\Common Files\Microsoft Shared\ClickToRun\Updates\16.0.15225.20288\OfficeClickToRun.exe,TargetFilename: C:\Program Files (x86)\Microsoft Office\Updates\Download\PackageFiles\8801DF78-4AAE-4735-B3E4-213DE154925A\root\vfs\Windows\Installer\{90160000-000F-0000-0000-0000000FF1CE}\outicon.exe,,,,False,C:\Users\byte store\Desktop\Incident Files Tempest\sysmon.evtx,Classic,0,"{""EventData"":{""Data"":[{""@Name"":""RuleName"",""#text"":""EXE""},{""@Name"":""UtcTime"",""#text"":""2022-06-20 17:20:31.824""},{""@Name"":""ProcessGuid"",""#text"":""4bbef3ae-abac-62b0-a90a-000000000700""},{""@Name"":""ProcessId"",""#text"":""1316""},{""@Name"":""Image"",""#text"":""C:\\Program Files\\Common Files\\Microsoft Shared\\ClickToRun\\Updates\\16.0.15225.20288\\OfficeClickToRun.exe""},{""@Name"":""TargetFilename"",""#text"":""C:\\Program Files (x86)\\Microsoft Office\\Updates\\Download\\PackageFiles\\8801DF78-4AAE-4735-B3E4-213DE154925A\\root\\vfs\\Windows\\Installer\\{90160000-000F-0000-0000-0000000FF1CE}\\outicon.exe""},{""@Name"":""CreationUtcTime"",""#text"":""2022-06-20 17:20:31.824""},{""@Name"":""User"",""#text"":""NT AUTHORITY\\SYSTEM""}]}}"
1148,8653,2022-06-20 17:20:31.8440485,11,Info,Microsoft-Windows-Sysmon,Microsoft-Windows-Sysmon/Operational,2800,6224,TEMPEST,19,S-1-5-18,FileCreate,NT AUTHORITY\SYSTEM,,"ProcessID: 1316, ProcessGUID: 4bbef3ae-abac-62b0-a90a-000000000700",RuleName: EXE,Image: C:\Program Files\Common Files\Microsoft Shared\ClickToRun\Updates\16.0.15225.20288\OfficeClickToRun.exe,TargetFilename: C:\Program Files (x86)\Microsoft Office\Updates\Download\PackageFiles\8801DF78-4AAE-4735-B3E4-213DE154925A\root\vfs\Windows\Installer\{90160000-000F-0000-0000-0000000FF1CE}\pj11icon.exe,,,,False,C:\Users\byte store\Desktop\Incident Files Tempest\sysmon.evtx,Classic,0,"{""EventData"":{""Data"":[{""@Name"":""RuleName"",""#text"":""EXE""},{""@Name"":""UtcTime"",""#text"":""2022-06-20 17:20:31.840""},{""@Name"":""ProcessGuid"",""#text"":""4bbef3ae-abac-62b0-a90a-000000000700""},{""@Name"":""ProcessId"",""#text"":""1316""},{""@Name"":""Image"",""#text"":""C:\\Program Files\\Common Files\\Microsoft Shared\\ClickToRun\\Updates\\16.0.15225.20288\\OfficeClickToRun.exe""},{""@Name"":""TargetFilename"",""#text"":""C:\\Program Files (x86)\\Microsoft Office\\Updates\\Download\\PackageFiles\\8801DF78-4AAE-4735-B3E4-213DE154925A\\root\\vfs\\Windows\\Installer\\{90160000-000F-0000-0000-0000000FF1CE}\\pj11icon.exe""},{""@Name"":""CreationUtcTime"",""#text"":""2022-06-20 17:20:31.840""},{""@Name"":""User"",""#text"":""NT AUTHORITY\\SYSTEM""}]}}"
1149,8654,2022-06-20 17:20:31.8500502,11,Info,Microsoft-Windows-Sysmon,Microsoft-Windows-Sysmon/Operational,2800,6224,TEMPEST,19,S-1-5-18,FileCreate,NT AUTHORITY\SYSTEM,,"ProcessID: 1316, ProcessGUID: 4bbef3ae-abac-62b0-a90a-000000000700",RuleName: EXE,Image: C:\Program Files\Common Files\Microsoft Shared\ClickToRun\Updates\16.0.15225.20288\OfficeClickToRun.exe,TargetFilename: C:\Program Files (x86)\Microsoft Office\Updates\Download\PackageFiles\8801DF78-4AAE-4735-B3E4-213DE154925A\root\vfs\Windows\Installer\{90160000-000F-0000-0000-0000000FF1CE}\pptico.exe,,,,False,C:\Users\byte store\Desktop\Incident Files Tempest\sysmon.evtx,Classic,0,"{""EventData"":{""Data"":[{""@Name"":""RuleName"",""#text"":""EXE""},{""@Name"":""UtcTime"",""#text"":""2022-06-20 17:20:31.840""},{""@Name"":""ProcessGuid"",""#text"":""4bbef3ae-abac-62b0-a90a-000000000700""},{""@Name"":""ProcessId"",""#text"":""1316""},{""@Name"":""Image"",""#text"":""C:\\Program Files\\Common Files\\Microsoft Shared\\ClickToRun\\Updates\\16.0.15225.20288\\OfficeClickToRun.exe""},{""@Name"":""TargetFilename"",""#text"":""C:\\Program Files (x86)\\Microsoft Office\\Updates\\Download\\PackageFiles\\8801DF78-4AAE-4735-B3E4-213DE154925A\\root\\vfs\\Windows\\Installer\\{90160000-000F-0000-0000-0000000FF1CE}\\pptico.exe""},{""@Name"":""CreationUtcTime"",""#text"":""2022-06-20 17:20:31.840""},{""@Name"":""User"",""#text"":""NT AUTHORITY\\SYSTEM""}]}}"
1150,8655,2022-06-20 17:20:31.8697268,11,Info,Microsoft-Windows-Sysmon,Microsoft-Windows-Sysmon/Operational,2800,6224,TEMPEST,19,S-1-5-18,FileCreate,NT AUTHORITY\SYSTEM,,"ProcessID: 1316, ProcessGUID: 4bbef3ae-abac-62b0-a90a-000000000700",RuleName: EXE,Image: C:\Program Files\Common Files\Microsoft Shared\ClickToRun\Updates\16.0.15225.20288\OfficeClickToRun.exe,TargetFilename: C:\Program Files (x86)\Microsoft Office\Updates\Download\PackageFiles\8801DF78-4AAE-4735-B3E4-213DE154925A\root\vfs\Windows\Installer\{90160000-000F-0000-0000-0000000FF1CE}\pubs.exe,,,,False,C:\Users\byte store\Desktop\Incident Files Tempest\sysmon.evtx,Classic,0,"{""EventData"":{""Data"":[{""@Name"":""RuleName"",""#text"":""EXE""},{""@Name"":""UtcTime"",""#text"":""2022-06-20 17:20:31.855""},{""@Name"":""ProcessGuid"",""#text"":""4bbef3ae-abac-62b0-a90a-000000000700""},{""@Name"":""ProcessId"",""#text"":""1316""},{""@Name"":""Image"",""#text"":""C:\\Program Files\\Common Files\\Microsoft Shared\\ClickToRun\\Updates\\16.0.15225.20288\\OfficeClickToRun.exe""},{""@Name"":""TargetFilename"",""#text"":""C:\\Program Files (x86)\\Microsoft Office\\Updates\\Download\\PackageFiles\\8801DF78-4AAE-4735-B3E4-213DE154925A\\root\\vfs\\Windows\\Installer\\{90160000-000F-0000-0000-0000000FF1CE}\\pubs.exe""},{""@Name"":""CreationUtcTime"",""#text"":""2022-06-20 17:20:31.855""},{""@Name"":""User"",""#text"":""NT AUTHORITY\\SYSTEM""}]}}"
1151,8656,2022-06-20 17:20:31.8734116,11,Info,Microsoft-Windows-Sysmon,Microsoft-Windows-Sysmon/Operational,2800,6224,TEMPEST,19,S-1-5-18,FileCreate,NT AUTHORITY\SYSTEM,,"ProcessID: 1316, ProcessGUID: 4bbef3ae-abac-62b0-a90a-000000000700",RuleName: EXE,Image: C:\Program Files\Common Files\Microsoft Shared\ClickToRun\Updates\16.0.15225.20288\OfficeClickToRun.exe,TargetFilename: C:\Program Files (x86)\Microsoft Office\Updates\Download\PackageFiles\8801DF78-4AAE-4735-B3E4-213DE154925A\root\vfs\Windows\Installer\{90160000-000F-0000-0000-0000000FF1CE}\sscicons.exe,,,,False,C:\Users\byte store\Desktop\Incident Files Tempest\sysmon.evtx,Classic,0,"{""EventData"":{""Data"":[{""@Name"":""RuleName"",""#text"":""EXE""},{""@Name"":""UtcTime"",""#text"":""2022-06-20 17:20:31.871""},{""@Name"":""ProcessGuid"",""#text"":""4bbef3ae-abac-62b0-a90a-000000000700""},{""@Name"":""ProcessId"",""#text"":""1316""},{""@Name"":""Image"",""#text"":""C:\\Program Files\\Common Files\\Microsoft Shared\\ClickToRun\\Updates\\16.0.15225.20288\\OfficeClickToRun.exe""},{""@Name"":""TargetFilename"",""#text"":""C:\\Program Files (x86)\\Microsoft Office\\Updates\\Download\\PackageFiles\\8801DF78-4AAE-4735-B3E4-213DE154925A\\root\\vfs\\Windows\\Installer\\{90160000-000F-0000-0000-0000000FF1CE}\\sscicons.exe""},{""@Name"":""CreationUtcTime"",""#text"":""2022-06-20 17:20:31.871""},{""@Name"":""User"",""#text"":""NT AUTHORITY\\SYSTEM""}]}}"
1152,8657,2022-06-20 17:20:31.8764583,11,Info,Microsoft-Windows-Sysmon,Microsoft-Windows-Sysmon/Operational,2800,6224,TEMPEST,19,S-1-5-18,FileCreate,NT AUTHORITY\SYSTEM,,"ProcessID: 1316, ProcessGUID: 4bbef3ae-abac-62b0-a90a-000000000700",RuleName: EXE,Image: C:\Program Files\Common Files\Microsoft Shared\ClickToRun\Updates\16.0.15225.20288\OfficeClickToRun.exe,TargetFilename: C:\Program Files (x86)\Microsoft Office\Updates\Download\PackageFiles\8801DF78-4AAE-4735-B3E4-213DE154925A\root\vfs\Windows\Installer\{90160000-000F-0000-0000-0000000FF1CE}\visicon.exe,,,,False,C:\Users\byte store\Desktop\Incident Files Tempest\sysmon.evtx,Classic,0,"{""EventData"":{""Data"":[{""@Name"":""RuleName"",""#text"":""EXE""},{""@Name"":""UtcTime"",""#text"":""2022-06-20 17:20:31.871""},{""@Name"":""ProcessGuid"",""#text"":""4bbef3ae-abac-62b0-a90a-000000000700""},{""@Name"":""ProcessId"",""#text"":""1316""},{""@Name"":""Image"",""#text"":""C:\\Program Files\\Common Files\\Microsoft Shared\\ClickToRun\\Updates\\16.0.15225.20288\\OfficeClickToRun.exe""},{""@Name"":""TargetFilename"",""#text"":""C:\\Program Files (x86)\\Microsoft Office\\Updates\\Download\\PackageFiles\\8801DF78-4AAE-4735-B3E4-213DE154925A\\root\\vfs\\Windows\\Installer\\{90160000-000F-0000-0000-0000000FF1CE}\\visicon.exe""},{""@Name"":""CreationUtcTime"",""#text"":""2022-06-20 17:20:31.871""},{""@Name"":""User"",""#text"":""NT AUTHORITY\\SYSTEM""}]}}"
1153,8658,2022-06-20 17:20:31.8850364,11,Info,Microsoft-Windows-Sysmon,Microsoft-Windows-Sysmon/Operational,2800,6224,TEMPEST,19,S-1-5-18,FileCreate,NT AUTHORITY\SYSTEM,,"ProcessID: 1316, ProcessGUID: 4bbef3ae-abac-62b0-a90a-000000000700",RuleName: EXE,Image: C:\Program Files\Common Files\Microsoft Shared\ClickToRun\Updates\16.0.15225.20288\OfficeClickToRun.exe,TargetFilename: C:\Program Files (x86)\Microsoft Office\Updates\Download\PackageFiles\8801DF78-4AAE-4735-B3E4-213DE154925A\root\vfs\Windows\Installer\{90160000-000F-0000-0000-0000000FF1CE}\wordicon.exe,,,,False,C:\Users\byte store\Desktop\Incident Files Tempest\sysmon.evtx,Classic,0,"{""EventData"":{""Data"":[{""@Name"":""RuleName"",""#text"":""EXE""},{""@Name"":""UtcTime"",""#text"":""2022-06-20 17:20:31.871""},{""@Name"":""ProcessGuid"",""#text"":""4bbef3ae-abac-62b0-a90a-000000000700""},{""@Name"":""ProcessId"",""#text"":""1316""},{""@Name"":""Image"",""#text"":""C:\\Program Files\\Common Files\\Microsoft Shared\\ClickToRun\\Updates\\16.0.15225.20288\\OfficeClickToRun.exe""},{""@Name"":""TargetFilename"",""#text"":""C:\\Program Files (x86)\\Microsoft Office\\Updates\\Download\\PackageFiles\\8801DF78-4AAE-4735-B3E4-213DE154925A\\root\\vfs\\Windows\\Installer\\{90160000-000F-0000-0000-0000000FF1CE}\\wordicon.exe""},{""@Name"":""CreationUtcTime"",""#text"":""2022-06-20 17:20:31.871""},{""@Name"":""User"",""#text"":""NT AUTHORITY\\SYSTEM""}]}}"
1154,8659,2022-06-20 17:20:31.8955504,11,Info,Microsoft-Windows-Sysmon,Microsoft-Windows-Sysmon/Operational,2800,6224,TEMPEST,19,S-1-5-18,FileCreate,NT AUTHORITY\SYSTEM,,"ProcessID: 1316, ProcessGUID: 4bbef3ae-abac-62b0-a90a-000000000700",RuleName: EXE,Image: C:\Program Files\Common Files\Microsoft Shared\ClickToRun\Updates\16.0.15225.20288\OfficeClickToRun.exe,TargetFilename: C:\Program Files (x86)\Microsoft Office\Updates\Download\PackageFiles\8801DF78-4AAE-4735-B3E4-213DE154925A\root\vfs\Windows\Installer\{90160000-000F-0000-0000-0000000FF1CE}\xlicons.exe,,,,False,C:\Users\byte store\Desktop\Incident Files Tempest\sysmon.evtx,Classic,0,"{""EventData"":{""Data"":[{""@Name"":""RuleName"",""#text"":""EXE""},{""@Name"":""UtcTime"",""#text"":""2022-06-20 17:20:31.886""},{""@Name"":""ProcessGuid"",""#text"":""4bbef3ae-abac-62b0-a90a-000000000700""},{""@Name"":""ProcessId"",""#text"":""1316""},{""@Name"":""Image"",""#text"":""C:\\Program Files\\Common Files\\Microsoft Shared\\ClickToRun\\Updates\\16.0.15225.20288\\OfficeClickToRun.exe""},{""@Name"":""TargetFilename"",""#text"":""C:\\Program Files (x86)\\Microsoft Office\\Updates\\Download\\PackageFiles\\8801DF78-4AAE-4735-B3E4-213DE154925A\\root\\vfs\\Windows\\Installer\\{90160000-000F-0000-0000-0000000FF1CE}\\xlicons.exe""},{""@Name"":""CreationUtcTime"",""#text"":""2022-06-20 17:20:31.886""},{""@Name"":""User"",""#text"":""NT AUTHORITY\\SYSTEM""}]}}"
1155,8660,2022-06-20 17:20:31.9083325,11,Info,Microsoft-Windows-Sysmon,Microsoft-Windows-Sysmon/Operational,2800,6224,TEMPEST,19,S-1-5-18,FileCreate,NT AUTHORITY\SYSTEM,,"ProcessID: 1316, ProcessGUID: 4bbef3ae-abac-62b0-a90a-000000000700",RuleName: DLL,Image: C:\Program Files\Common Files\Microsoft Shared\ClickToRun\Updates\16.0.15225.20288\OfficeClickToRun.exe,TargetFilename: C:\Program Files (x86)\Microsoft Office\Updates\Download\PackageFiles\8801DF78-4AAE-4735-B3E4-213DE154925A\root\vfs\Windows\assembly\GAC_32\Microsoft.Office.Access.BusinessDataCatalog\16.0.0.0__71E9BCE111E9429C\Microsoft.Office.Access.BusinessDataCatalog.DLL,,,,False,C:\Users\byte store\Desktop\Incident Files Tempest\sysmon.evtx,Classic,0,"{""EventData"":{""Data"":[{""@Name"":""RuleName"",""#text"":""DLL""},{""@Name"":""UtcTime"",""#text"":""2022-06-20 17:20:31.902""},{""@Name"":""ProcessGuid"",""#text"":""4bbef3ae-abac-62b0-a90a-000000000700""},{""@Name"":""ProcessId"",""#text"":""1316""},{""@Name"":""Image"",""#text"":""C:\\Program Files\\Common Files\\Microsoft Shared\\ClickToRun\\Updates\\16.0.15225.20288\\OfficeClickToRun.exe""},{""@Name"":""TargetFilename"",""#text"":""C:\\Program Files (x86)\\Microsoft Office\\Updates\\Download\\PackageFiles\\8801DF78-4AAE-4735-B3E4-213DE154925A\\root\\vfs\\Windows\\assembly\\GAC_32\\Microsoft.Office.Access.BusinessDataCatalog\\16.0.0.0__71E9BCE111E9429C\\Microsoft.Office.Access.BusinessDataCatalog.DLL""},{""@Name"":""CreationUtcTime"",""#text"":""2022-06-20 17:20:31.902""},{""@Name"":""User"",""#text"":""NT AUTHORITY\\SYSTEM""}]}}"
1156,8661,2022-06-20 17:20:31.9115802,11,Info,Microsoft-Windows-Sysmon,Microsoft-Windows-Sysmon/Operational,2800,6224,TEMPEST,19,S-1-5-18,FileCreate,NT AUTHORITY\SYSTEM,,"ProcessID: 1316, ProcessGUID: 4bbef3ae-abac-62b0-a90a-000000000700",RuleName: DLL,Image: C:\Program Files\Common Files\Microsoft Shared\ClickToRun\Updates\16.0.15225.20288\OfficeClickToRun.exe,TargetFilename: C:\Program Files (x86)\Microsoft Office\Updates\Download\PackageFiles\8801DF78-4AAE-4735-B3E4-213DE154925A\root\vfs\Windows\assembly\GAC_MSIL\Microsoft.AnalysisServices.AdomdClient\13.0.0.0__89845DCD8080CC91\Microsoft.AnalysisServices.AdomdClient.dll,,,,False,C:\Users\byte store\Desktop\Incident Files Tempest\sysmon.evtx,Classic,0,"{""EventData"":{""Data"":[{""@Name"":""RuleName"",""#text"":""DLL""},{""@Name"":""UtcTime"",""#text"":""2022-06-20 17:20:31.902""},{""@Name"":""ProcessGuid"",""#text"":""4bbef3ae-abac-62b0-a90a-000000000700""},{""@Name"":""ProcessId"",""#text"":""1316""},{""@Name"":""Image"",""#text"":""C:\\Program Files\\Common Files\\Microsoft Shared\\ClickToRun\\Updates\\16.0.15225.20288\\OfficeClickToRun.exe""},{""@Name"":""TargetFilename"",""#text"":""C:\\Program Files (x86)\\Microsoft Office\\Updates\\Download\\PackageFiles\\8801DF78-4AAE-4735-B3E4-213DE154925A\\root\\vfs\\Windows\\assembly\\GAC_MSIL\\Microsoft.AnalysisServices.AdomdClient\\13.0.0.0__89845DCD8080CC91\\Microsoft.AnalysisServices.AdomdClient.dll""},{""@Name"":""CreationUtcTime"",""#text"":""2022-06-20 17:20:31.902""},{""@Name"":""User"",""#text"":""NT AUTHORITY\\SYSTEM""}]}}"
1157,8662,2022-06-20 17:20:31.9207446,11,Info,Microsoft-Windows-Sysmon,Microsoft-Windows-Sysmon/Operational,2800,6224,TEMPEST,19,S-1-5-18,FileCreate,NT AUTHORITY\SYSTEM,,"ProcessID: 1316, ProcessGUID: 4bbef3ae-abac-62b0-a90a-000000000700",RuleName: DLL,Image: C:\Program Files\Common Files\Microsoft Shared\ClickToRun\Updates\16.0.15225.20288\OfficeClickToRun.exe,TargetFilename: C:\Program Files (x86)\Microsoft Office\Updates\Download\PackageFiles\8801DF78-4AAE-4735-B3E4-213DE154925A\root\vfs\Windows\assembly\GAC_MSIL\Microsoft.BusinessData\16.0.0.0__71E9BCE111E9429C\Microsoft.BusinessData.dll,,,,False,C:\Users\byte store\Desktop\Incident Files Tempest\sysmon.evtx,Classic,0,"{""EventData"":{""Data"":[{""@Name"":""RuleName"",""#text"":""DLL""},{""@Name"":""UtcTime"",""#text"":""2022-06-20 17:20:31.918""},{""@Name"":""ProcessGuid"",""#text"":""4bbef3ae-abac-62b0-a90a-000000000700""},{""@Name"":""ProcessId"",""#text"":""1316""},{""@Name"":""Image"",""#text"":""C:\\Program Files\\Common Files\\Microsoft Shared\\ClickToRun\\Updates\\16.0.15225.20288\\OfficeClickToRun.exe""},{""@Name"":""TargetFilename"",""#text"":""C:\\Program Files (x86)\\Microsoft Office\\Updates\\Download\\PackageFiles\\8801DF78-4AAE-4735-B3E4-213DE154925A\\root\\vfs\\Windows\\assembly\\GAC_MSIL\\Microsoft.BusinessData\\16.0.0.0__71E9BCE111E9429C\\Microsoft.BusinessData.dll""},{""@Name"":""CreationUtcTime"",""#text"":""2022-06-20 17:20:31.918""},{""@Name"":""User"",""#text"":""NT AUTHORITY\\SYSTEM""}]}}"
1158,8663,2022-06-20 17:20:31.9233067,11,Info,Microsoft-Windows-Sysmon,Microsoft-Windows-Sysmon/Operational,2800,6224,TEMPEST,19,S-1-5-18,FileCreate,NT AUTHORITY\SYSTEM,,"ProcessID: 1316, ProcessGUID: 4bbef3ae-abac-62b0-a90a-000000000700",RuleName: DLL,Image: C:\Program Files\Common Files\Microsoft Shared\ClickToRun\Updates\16.0.15225.20288\OfficeClickToRun.exe,TargetFilename: C:\Program Files (x86)\Microsoft Office\Updates\Download\PackageFiles\8801DF78-4AAE-4735-B3E4-213DE154925A\root\vfs\Windows\assembly\GAC_MSIL\Microsoft.Office.BusinessApplications.Diagnostics\16.0.0.0__71E9BCE111E9429C\microsoft.office.businessapplications.diagnostics.dll,,,,False,C:\Users\byte store\Desktop\Incident Files Tempest\sysmon.evtx,Classic,0,"{""EventData"":{""Data"":[{""@Name"":""RuleName"",""#text"":""DLL""},{""@Name"":""UtcTime"",""#text"":""2022-06-20 17:20:31.918""},{""@Name"":""ProcessGuid"",""#text"":""4bbef3ae-abac-62b0-a90a-000000000700""},{""@Name"":""ProcessId"",""#text"":""1316""},{""@Name"":""Image"",""#text"":""C:\\Program Files\\Common Files\\Microsoft Shared\\ClickToRun\\Updates\\16.0.15225.20288\\OfficeClickToRun.exe""},{""@Name"":""TargetFilename"",""#text"":""C:\\Program Files (x86)\\Microsoft Office\\Updates\\Download\\PackageFiles\\8801DF78-4AAE-4735-B3E4-213DE154925A\\root\\vfs\\Windows\\assembly\\GAC_MSIL\\Microsoft.Office.BusinessApplications.Diagnostics\\16.0.0.0__71E9BCE111E9429C\\microsoft.office.businessapplications.diagnostics.dll""},{""@Name"":""CreationUtcTime"",""#text"":""2022-06-20 17:20:31.918""},{""@Name"":""User"",""#text"":""NT AUTHORITY\\SYSTEM""}]}}"
1159,8664,2022-06-20 17:20:31.9257532,11,Info,Microsoft-Windows-Sysmon,Microsoft-Windows-Sysmon/Operational,2800,6224,TEMPEST,19,S-1-5-18,FileCreate,NT AUTHORITY\SYSTEM,,"ProcessID: 1316, ProcessGUID: 4bbef3ae-abac-62b0-a90a-000000000700",RuleName: DLL,Image: C:\Program Files\Common Files\Microsoft Shared\ClickToRun\Updates\16.0.15225.20288\OfficeClickToRun.exe,TargetFilename: C:\Program Files (x86)\Microsoft Office\Updates\Download\PackageFiles\8801DF78-4AAE-4735-B3E4-213DE154925A\root\vfs\Windows\assembly\GAC_MSIL\Microsoft.Office.BusinessData\16.0.0.0__71E9BCE111E9429C\microsoft.office.businessdata.dll,,,,False,C:\Users\byte store\Desktop\Incident Files Tempest\sysmon.evtx,Classic,0,"{""EventData"":{""Data"":[{""@Name"":""RuleName"",""#text"":""DLL""},{""@Name"":""UtcTime"",""#text"":""2022-06-20 17:20:31.918""},{""@Name"":""ProcessGuid"",""#text"":""4bbef3ae-abac-62b0-a90a-000000000700""},{""@Name"":""ProcessId"",""#text"":""1316""},{""@Name"":""Image"",""#text"":""C:\\Program Files\\Common Files\\Microsoft Shared\\ClickToRun\\Updates\\16.0.15225.20288\\OfficeClickToRun.exe""},{""@Name"":""TargetFilename"",""#text"":""C:\\Program Files (x86)\\Microsoft Office\\Updates\\Download\\PackageFiles\\8801DF78-4AAE-4735-B3E4-213DE154925A\\root\\vfs\\Windows\\assembly\\GAC_MSIL\\Microsoft.Office.BusinessData\\16.0.0.0__71E9BCE111E9429C\\microsoft.office.businessdata.dll""},{""@Name"":""CreationUtcTime"",""#text"":""2022-06-20 17:20:31.918""},{""@Name"":""User"",""#text"":""NT AUTHORITY\\SYSTEM""}]}}"
1160,8665,2022-06-20 17:20:33.0523548,11,Info,Microsoft-Windows-Sysmon,Microsoft-Windows-Sysmon/Operational,2800,6224,TEMPEST,19,S-1-5-18,FileCreate,NT AUTHORITY\SYSTEM,,"ProcessID: 1316, ProcessGUID: 4bbef3ae-abac-62b0-a90a-000000000700",RuleName: DLL,Image: C:\Program Files\Common Files\Microsoft Shared\ClickToRun\Updates\16.0.15225.20288\OfficeClickToRun.exe,TargetFilename: C:\Program Files (x86)\Microsoft Office\Updates\Download\PackageFiles\8801DF78-4AAE-4735-B3E4-213DE154925A\root\Office16\1033\ACCOLKI.DLL,,,,False,C:\Users\byte store\Desktop\Incident Files Tempest\sysmon.evtx,Classic,0,"{""EventData"":{""Data"":[{""@Name"":""RuleName"",""#text"":""DLL""},{""@Name"":""UtcTime"",""#text"":""2022-06-20 17:20:33.043""},{""@Name"":""ProcessGuid"",""#text"":""4bbef3ae-abac-62b0-a90a-000000000700""},{""@Name"":""ProcessId"",""#text"":""1316""},{""@Name"":""Image"",""#text"":""C:\\Program Files\\Common Files\\Microsoft Shared\\ClickToRun\\Updates\\16.0.15225.20288\\OfficeClickToRun.exe""},{""@Name"":""TargetFilename"",""#text"":""C:\\Program Files (x86)\\Microsoft Office\\Updates\\Download\\PackageFiles\\8801DF78-4AAE-4735-B3E4-213DE154925A\\root\\Office16\\1033\\ACCOLKI.DLL""},{""@Name"":""CreationUtcTime"",""#text"":""2022-06-20 17:20:33.043""},{""@Name"":""User"",""#text"":""NT AUTHORITY\\SYSTEM""}]}}"
1161,8666,2022-06-20 17:20:33.0673905,11,Info,Microsoft-Windows-Sysmon,Microsoft-Windows-Sysmon/Operational,2800,6224,TEMPEST,19,S-1-5-18,FileCreate,NT AUTHORITY\SYSTEM,,"ProcessID: 1316, ProcessGUID: 4bbef3ae-abac-62b0-a90a-000000000700",RuleName: DLL,Image: C:\Program Files\Common Files\Microsoft Shared\ClickToRun\Updates\16.0.15225.20288\OfficeClickToRun.exe,TargetFilename: C:\Program Files (x86)\Microsoft Office\Updates\Download\PackageFiles\8801DF78-4AAE-4735-B3E4-213DE154925A\root\Office16\1033\ACWIZRC.DLL,,,,False,C:\Users\byte store\Desktop\Incident Files Tempest\sysmon.evtx,Classic,0,"{""EventData"":{""Data"":[{""@Name"":""RuleName"",""#text"":""DLL""},{""@Name"":""UtcTime"",""#text"":""2022-06-20 17:20:33.059""},{""@Name"":""ProcessGuid"",""#text"":""4bbef3ae-abac-62b0-a90a-000000000700""},{""@Name"":""ProcessId"",""#text"":""1316""},{""@Name"":""Image"",""#text"":""C:\\Program Files\\Common Files\\Microsoft Shared\\ClickToRun\\Updates\\16.0.15225.20288\\OfficeClickToRun.exe""},{""@Name"":""TargetFilename"",""#text"":""C:\\Program Files (x86)\\Microsoft Office\\Updates\\Download\\PackageFiles\\8801DF78-4AAE-4735-B3E4-213DE154925A\\root\\Office16\\1033\\ACWIZRC.DLL""},{""@Name"":""CreationUtcTime"",""#text"":""2022-06-20 17:20:33.059""},{""@Name"":""User"",""#text"":""NT AUTHORITY\\SYSTEM""}]}}"
1162,8667,2022-06-20 17:20:33.0900374,11,Info,Microsoft-Windows-Sysmon,Microsoft-Windows-Sysmon/Operational,2800,6224,TEMPEST,19,S-1-5-18,FileCreate,NT AUTHORITY\SYSTEM,,"ProcessID: 1316, ProcessGUID: 4bbef3ae-abac-62b0-a90a-000000000700",RuleName: DLL,Image: C:\Program Files\Common Files\Microsoft Shared\ClickToRun\Updates\16.0.15225.20288\OfficeClickToRun.exe,TargetFilename: C:\Program Files (x86)\Microsoft Office\Updates\Download\PackageFiles\8801DF78-4AAE-4735-B3E4-213DE154925A\root\Office16\1033\BCSRuntimeRes.dll,,,,False,C:\Users\byte store\Desktop\Incident Files Tempest\sysmon.evtx,Classic,0,"{""EventData"":{""Data"":[{""@Name"":""RuleName"",""#text"":""DLL""},{""@Name"":""UtcTime"",""#text"":""2022-06-20 17:20:33.074""},{""@Name"":""ProcessGuid"",""#text"":""4bbef3ae-abac-62b0-a90a-000000000700""},{""@Name"":""ProcessId"",""#text"":""1316""},{""@Name"":""Image"",""#text"":""C:\\Program Files\\Common Files\\Microsoft Shared\\ClickToRun\\Updates\\16.0.15225.20288\\OfficeClickToRun.exe""},{""@Name"":""TargetFilename"",""#text"":""C:\\Program Files (x86)\\Microsoft Office\\Updates\\Download\\PackageFiles\\8801DF78-4AAE-4735-B3E4-213DE154925A\\root\\Office16\\1033\\BCSRuntimeRes.dll""},{""@Name"":""CreationUtcTime"",""#text"":""2022-06-20 17:20:33.074""},{""@Name"":""User"",""#text"":""NT AUTHORITY\\SYSTEM""}]}}"
1163,8668,2022-06-20 17:20:33.1038251,11,Info,Microsoft-Windows-Sysmon,Microsoft-Windows-Sysmon/Operational,2800,6224,TEMPEST,19,S-1-5-18,FileCreate,NT AUTHORITY\SYSTEM,,"ProcessID: 1316, ProcessGUID: 4bbef3ae-abac-62b0-a90a-000000000700",RuleName: DLL,Image: C:\Program Files\Common Files\Microsoft Shared\ClickToRun\Updates\16.0.15225.20288\OfficeClickToRun.exe,TargetFilename: C:\Program Files (x86)\Microsoft Office\Updates\Download\PackageFiles\8801DF78-4AAE-4735-B3E4-213DE154925A\root\Office16\1033\BHOINTL.DLL,,,,False,C:\Users\byte store\Desktop\Incident Files Tempest\sysmon.evtx,Classic,0,"{""EventData"":{""Data"":[{""@Name"":""RuleName"",""#text"":""DLL""},{""@Name"":""UtcTime"",""#text"":""2022-06-20 17:20:33.090""},{""@Name"":""ProcessGuid"",""#text"":""4bbef3ae-abac-62b0-a90a-000000000700""},{""@Name"":""ProcessId"",""#text"":""1316""},{""@Name"":""Image"",""#text"":""C:\\Program Files\\Common Files\\Microsoft Shared\\ClickToRun\\Updates\\16.0.15225.20288\\OfficeClickToRun.exe""},{""@Name"":""TargetFilename"",""#text"":""C:\\Program Files (x86)\\Microsoft Office\\Updates\\Download\\PackageFiles\\8801DF78-4AAE-4735-B3E4-213DE154925A\\root\\Office16\\1033\\BHOINTL.DLL""},{""@Name"":""CreationUtcTime"",""#text"":""2022-06-20 17:20:33.090""},{""@Name"":""User"",""#text"":""NT AUTHORITY\\SYSTEM""}]}}"
1164,8669,2022-06-20 17:20:33.1222660,11,Info,Microsoft-Windows-Sysmon,Microsoft-Windows-Sysmon/Operational,2800,6224,TEMPEST,19,S-1-5-18,FileCreate,NT AUTHORITY\SYSTEM,,"ProcessID: 1316, ProcessGUID: 4bbef3ae-abac-62b0-a90a-000000000700",RuleName: DLL,Image: C:\Program Files\Common Files\Microsoft Shared\ClickToRun\Updates\16.0.15225.20288\OfficeClickToRun.exe,TargetFilename: C:\Program Files (x86)\Microsoft Office\Updates\Download\PackageFiles\8801DF78-4AAE-4735-B3E4-213DE154925A\root\Office16\1033\CERTINTL.DLL,,,,False,C:\Users\byte store\Desktop\Incident Files Tempest\sysmon.evtx,Classic,0,"{""EventData"":{""Data"":[{""@Name"":""RuleName"",""#text"":""DLL""},{""@Name"":""UtcTime"",""#text"":""2022-06-20 17:20:33.121""},{""@Name"":""ProcessGuid"",""#text"":""4bbef3ae-abac-62b0-a90a-000000000700""},{""@Name"":""ProcessId"",""#text"":""1316""},{""@Name"":""Image"",""#text"":""C:\\Program Files\\Common Files\\Microsoft Shared\\ClickToRun\\Updates\\16.0.15225.20288\\OfficeClickToRun.exe""},{""@Name"":""TargetFilename"",""#text"":""C:\\Program Files (x86)\\Microsoft Office\\Updates\\Download\\PackageFiles\\8801DF78-4AAE-4735-B3E4-213DE154925A\\root\\Office16\\1033\\CERTINTL.DLL""},{""@Name"":""CreationUtcTime"",""#text"":""2022-06-20 17:20:33.105""},{""@Name"":""User"",""#text"":""NT AUTHORITY\\SYSTEM""}]}}"
1165,8670,2022-06-20 17:20:33.1363457,11,Info,Microsoft-Windows-Sysmon,Microsoft-Windows-Sysmon/Operational,2800,6224,TEMPEST,19,S-1-5-18,FileCreate,NT AUTHORITY\SYSTEM,,"ProcessID: 1316, ProcessGUID: 4bbef3ae-abac-62b0-a90a-000000000700",RuleName: DLL,Image: C:\Program Files\Common Files\Microsoft Shared\ClickToRun\Updates\16.0.15225.20288\OfficeClickToRun.exe,TargetFilename: C:\Program Files (x86)\Microsoft Office\Updates\Download\PackageFiles\8801DF78-4AAE-4735-B3E4-213DE154925A\root\Office16\1033\CLVWINTL.DLL,,,,False,C:\Users\byte store\Desktop\Incident Files Tempest\sysmon.evtx,Classic,0,"{""EventData"":{""Data"":[{""@Name"":""RuleName"",""#text"":""DLL""},{""@Name"":""UtcTime"",""#text"":""2022-06-20 17:20:33.121""},{""@Name"":""ProcessGuid"",""#text"":""4bbef3ae-abac-62b0-a90a-000000000700""},{""@Name"":""ProcessId"",""#text"":""1316""},{""@Name"":""Image"",""#text"":""C:\\Program Files\\Common Files\\Microsoft Shared\\ClickToRun\\Updates\\16.0.15225.20288\\OfficeClickToRun.exe""},{""@Name"":""TargetFilename"",""#text"":""C:\\Program Files (x86)\\Microsoft Office\\Updates\\Download\\PackageFiles\\8801DF78-4AAE-4735-B3E4-213DE154925A\\root\\Office16\\1033\\CLVWINTL.DLL""},{""@Name"":""CreationUtcTime"",""#text"":""2022-06-20 17:20:33.121""},{""@Name"":""User"",""#text"":""NT AUTHORITY\\SYSTEM""}]}}"
