594,8099,2022-06-20 17:19:04.5324339,11,Info,Microsoft-Windows-Sysmon,Microsoft-Windows-Sysmon/Operational,2800,6224,TEMPEST,9,S-1-5-18,FileCreate,NT AUTHORITY\SYSTEM,,"ProcessID: 1316, ProcessGUID: 4bbef3ae-abac-62b0-a90a-000000000700",RuleName: DLL,Image: C:\Program Files\Common Files\Microsoft Shared\ClickToRun\Updates\16.0.15225.20288\OfficeClickToRun.exe,TargetFilename: C:\Program Files (x86)\Microsoft Office\Updates\Download\PackageFiles\8801DF78-4AAE-4735-B3E4-213DE154925A\root\Office16\DLGSETP.DLL,,,,False,C:\Users\byte store\Desktop\Incident Files Tempest\sysmon.evtx,Classic,0,"{""EventData"":{""Data"":[{""@Name"":""RuleName"",""#text"":""DLL""},{""@Name"":""UtcTime"",""#text"":""2022-06-20 17:19:04.528""},{""@Name"":""ProcessGuid"",""#text"":""4bbef3ae-abac-62b0-a90a-000000000700""},{""@Name"":""ProcessId"",""#text"":""1316""},{""@Name"":""Image"",""#text"":""C:\\Program Files\\Common Files\\Microsoft Shared\\ClickToRun\\Updates\\16.0.15225.20288\\OfficeClickToRun.exe""},{""@Name"":""TargetFilename"",""#text"":""C:\\Program Files (x86)\\Microsoft Office\\Updates\\Download\\PackageFiles\\8801DF78-4AAE-4735-B3E4-213DE154925A\\root\\Office16\\DLGSETP.DLL""},{""@Name"":""CreationUtcTime"",""#text"":""2022-06-20 17:19:04.528""},{""@Name"":""User"",""#text"":""NT AUTHORITY\\SYSTEM""}]}}"
595,8100,2022-06-20 17:19:04.5487268,11,Info,Microsoft-Windows-Sysmon,Microsoft-Windows-Sysmon/Operational,2800,6224,TEMPEST,9,S-1-5-18,FileCreate,NT AUTHORITY\SYSTEM,,"ProcessID: 1316, ProcessGUID: 4bbef3ae-abac-62b0-a90a-000000000700",RuleName: DLL,Image: C:\Program Files\Common Files\Microsoft Shared\ClickToRun\Updates\16.0.15225.20288\OfficeClickToRun.exe,TargetFilename: C:\Program Files (x86)\Microsoft Office\Updates\Download\PackageFiles\8801DF78-4AAE-4735-B3E4-213DE154925A\root\Office16\EMABLT32.DLL,,,,False,C:\Users\byte store\Desktop\Incident Files Tempest\sysmon.evtx,Classic,0,"{""EventData"":{""Data"":[{""@Name"":""RuleName"",""#text"":""DLL""},{""@Name"":""UtcTime"",""#text"":""2022-06-20 17:19:04.543""},{""@Name"":""ProcessGuid"",""#text"":""4bbef3ae-abac-62b0-a90a-000000000700""},{""@Name"":""ProcessId"",""#text"":""1316""},{""@Name"":""Image"",""#text"":""C:\\Program Files\\Common Files\\Microsoft Shared\\ClickToRun\\Updates\\16.0.15225.20288\\OfficeClickToRun.exe""},{""@Name"":""TargetFilename"",""#text"":""C:\\Program Files (x86)\\Microsoft Office\\Updates\\Download\\PackageFiles\\8801DF78-4AAE-4735-B3E4-213DE154925A\\root\\Office16\\EMABLT32.DLL""},{""@Name"":""CreationUtcTime"",""#text"":""2022-06-20 17:19:04.543""},{""@Name"":""User"",""#text"":""NT AUTHORITY\\SYSTEM""}]}}"
596,8101,2022-06-20 17:19:04.5887989,11,Info,Microsoft-Windows-Sysmon,Microsoft-Windows-Sysmon/Operational,2800,6224,TEMPEST,9,S-1-5-18,FileCreate,NT AUTHORITY\SYSTEM,,"ProcessID: 1316, ProcessGUID: 4bbef3ae-abac-62b0-a90a-000000000700",RuleName: DLL,Image: C:\Program Files\Common Files\Microsoft Shared\ClickToRun\Updates\16.0.15225.20288\OfficeClickToRun.exe,TargetFilename: C:\Program Files (x86)\Microsoft Office\Updates\Download\PackageFiles\8801DF78-4AAE-4735-B3E4-213DE154925A\root\Office16\EMSMDB32.DLL,,,,False,C:\Users\byte store\Desktop\Incident Files Tempest\sysmon.evtx,Classic,0,"{""EventData"":{""Data"":[{""@Name"":""RuleName"",""#text"":""DLL""},{""@Name"":""UtcTime"",""#text"":""2022-06-20 17:19:04.574""},{""@Name"":""ProcessGuid"",""#text"":""4bbef3ae-abac-62b0-a90a-000000000700""},{""@Name"":""ProcessId"",""#text"":""1316""},{""@Name"":""Image"",""#text"":""C:\\Program Files\\Common Files\\Microsoft Shared\\ClickToRun\\Updates\\16.0.15225.20288\\OfficeClickToRun.exe""},{""@Name"":""TargetFilename"",""#text"":""C:\\Program Files (x86)\\Microsoft Office\\Updates\\Download\\PackageFiles\\8801DF78-4AAE-4735-B3E4-213DE154925A\\root\\Office16\\EMSMDB32.DLL""},{""@Name"":""CreationUtcTime"",""#text"":""2022-06-20 17:19:04.574""},{""@Name"":""User"",""#text"":""NT AUTHORITY\\SYSTEM""}]}}"
597,8102,2022-06-20 17:19:04.7994683,11,Info,Microsoft-Windows-Sysmon,Microsoft-Windows-Sysmon/Operational,2800,6224,TEMPEST,9,S-1-5-18,FileCreate,NT AUTHORITY\SYSTEM,,"ProcessID: 1316, ProcessGUID: 4bbef3ae-abac-62b0-a90a-000000000700",RuleName: DLL,Image: C:\Program Files\Common Files\Microsoft Shared\ClickToRun\Updates\16.0.15225.20288\OfficeClickToRun.exe,TargetFilename: C:\Program Files (x86)\Microsoft Office\Updates\Download\PackageFiles\8801DF78-4AAE-4735-B3E4-213DE154925A\root\Office16\ENVELOPE.DLL,,,,False,C:\Users\byte store\Desktop\Incident Files Tempest\sysmon.evtx,Classic,0,"{""EventData"":{""Data"":[{""@Name"":""RuleName"",""#text"":""DLL""},{""@Name"":""UtcTime"",""#text"":""2022-06-20 17:19:04.793""},{""@Name"":""ProcessGuid"",""#text"":""4bbef3ae-abac-62b0-a90a-000000000700""},{""@Name"":""ProcessId"",""#text"":""1316""},{""@Name"":""Image"",""#text"":""C:\\Program Files\\Common Files\\Microsoft Shared\\ClickToRun\\Updates\\16.0.15225.20288\\OfficeClickToRun.exe""},{""@Name"":""TargetFilename"",""#text"":""C:\\Program Files (x86)\\Microsoft Office\\Updates\\Download\\PackageFiles\\8801DF78-4AAE-4735-B3E4-213DE154925A\\root\\Office16\\ENVELOPE.DLL""},{""@Name"":""CreationUtcTime"",""#text"":""2022-06-20 17:19:04.793""},{""@Name"":""User"",""#text"":""NT AUTHORITY\\SYSTEM""}]}}"
598,8103,2022-06-20 17:19:04.8159552,11,Info,Microsoft-Windows-Sysmon,Microsoft-Windows-Sysmon/Operational,2800,6224,TEMPEST,10,S-1-5-18,FileCreate,NT AUTHORITY\SYSTEM,,"ProcessID: 1316, ProcessGUID: 4bbef3ae-abac-62b0-a90a-000000000700",RuleName: DLL,Image: C:\Program Files\Common Files\Microsoft Shared\ClickToRun\Updates\16.0.15225.20288\OfficeClickToRun.exe,TargetFilename: C:\Program Files (x86)\Microsoft Office\Updates\Download\PackageFiles\8801DF78-4AAE-4735-B3E4-213DE154925A\root\Office16\EXSEC32.DLL,,,,False,C:\Users\byte store\Desktop\Incident Files Tempest\sysmon.evtx,Classic,0,"{""EventData"":{""Data"":[{""@Name"":""RuleName"",""#text"":""DLL""},{""@Name"":""UtcTime"",""#text"":""2022-06-20 17:19:04.809""},{""@Name"":""ProcessGuid"",""#text"":""4bbef3ae-abac-62b0-a90a-000000000700""},{""@Name"":""ProcessId"",""#text"":""1316""},{""@Name"":""Image"",""#text"":""C:\\Program Files\\Common Files\\Microsoft Shared\\ClickToRun\\Updates\\16.0.15225.20288\\OfficeClickToRun.exe""},{""@Name"":""TargetFilename"",""#text"":""C:\\Program Files (x86)\\Microsoft Office\\Updates\\Download\\PackageFiles\\8801DF78-4AAE-4735-B3E4-213DE154925A\\root\\Office16\\EXSEC32.DLL""},{""@Name"":""CreationUtcTime"",""#text"":""2022-06-20 17:19:04.809""},{""@Name"":""User"",""#text"":""NT AUTHORITY\\SYSTEM""}]}}"
599,8104,2022-06-20 17:19:04.8409398,11,Info,Microsoft-Windows-Sysmon,Microsoft-Windows-Sysmon/Operational,2800,6224,TEMPEST,10,S-1-5-18,FileCreate,NT AUTHORITY\SYSTEM,,"ProcessID: 1316, ProcessGUID: 4bbef3ae-abac-62b0-a90a-000000000700",RuleName: DLL,Image: C:\Program Files\Common Files\Microsoft Shared\ClickToRun\Updates\16.0.15225.20288\OfficeClickToRun.exe,TargetFilename: C:\Program Files (x86)\Microsoft Office\Updates\Download\PackageFiles\8801DF78-4AAE-4735-B3E4-213DE154925A\root\Office16\EntityDataHandler.dll,,,,False,C:\Users\byte store\Desktop\Incident Files Tempest\sysmon.evtx,Classic,0,"{""EventData"":{""Data"":[{""@Name"":""RuleName"",""#text"":""DLL""},{""@Name"":""UtcTime"",""#text"":""2022-06-20 17:19:04.824""},{""@Name"":""ProcessGuid"",""#text"":""4bbef3ae-abac-62b0-a90a-000000000700""},{""@Name"":""ProcessId"",""#text"":""1316""},{""@Name"":""Image"",""#text"":""C:\\Program Files\\Common Files\\Microsoft Shared\\ClickToRun\\Updates\\16.0.15225.20288\\OfficeClickToRun.exe""},{""@Name"":""TargetFilename"",""#text"":""C:\\Program Files (x86)\\Microsoft Office\\Updates\\Download\\PackageFiles\\8801DF78-4AAE-4735-B3E4-213DE154925A\\root\\Office16\\EntityDataHandler.dll""},{""@Name"":""CreationUtcTime"",""#text"":""2022-06-20 17:19:04.824""},{""@Name"":""User"",""#text"":""NT AUTHORITY\\SYSTEM""}]}}"
600,8105,2022-06-20 17:19:04.8497458,11,Info,Microsoft-Windows-Sysmon,Microsoft-Windows-Sysmon/Operational,2800,6224,TEMPEST,10,S-1-5-18,FileCreate,NT AUTHORITY\SYSTEM,,"ProcessID: 1316, ProcessGUID: 4bbef3ae-abac-62b0-a90a-000000000700",RuleName: DLL,Image: C:\Program Files\Common Files\Microsoft Shared\ClickToRun\Updates\16.0.15225.20288\OfficeClickToRun.exe,TargetFilename: C:\Program Files (x86)\Microsoft Office\Updates\Download\PackageFiles\8801DF78-4AAE-4735-B3E4-213DE154925A\root\Office16\EntityPicker.dll,,,,False,C:\Users\byte store\Desktop\Incident Files Tempest\sysmon.evtx,Classic,0,"{""EventData"":{""Data"":[{""@Name"":""RuleName"",""#text"":""DLL""},{""@Name"":""UtcTime"",""#text"":""2022-06-20 17:19:04.840""},{""@Name"":""ProcessGuid"",""#text"":""4bbef3ae-abac-62b0-a90a-000000000700""},{""@Name"":""ProcessId"",""#text"":""1316""},{""@Name"":""Image"",""#text"":""C:\\Program Files\\Common Files\\Microsoft Shared\\ClickToRun\\Updates\\16.0.15225.20288\\OfficeClickToRun.exe""},{""@Name"":""TargetFilename"",""#text"":""C:\\Program Files (x86)\\Microsoft Office\\Updates\\Download\\PackageFiles\\8801DF78-4AAE-4735-B3E4-213DE154925A\\root\\Office16\\EntityPicker.dll""},{""@Name"":""CreationUtcTime"",""#text"":""2022-06-20 17:19:04.840""},{""@Name"":""User"",""#text"":""NT AUTHORITY\\SYSTEM""}]}}"
601,8106,2022-06-20 17:19:04.9012443,11,Info,Microsoft-Windows-Sysmon,Microsoft-Windows-Sysmon/Operational,2800,6224,TEMPEST,10,S-1-5-18,FileCreate,NT AUTHORITY\SYSTEM,,"ProcessID: 1316, ProcessGUID: 4bbef3ae-abac-62b0-a90a-000000000700",RuleName: DLL,Image: C:\Program Files\Common Files\Microsoft Shared\ClickToRun\Updates\16.0.15225.20288\OfficeClickToRun.exe,TargetFilename: C:\Program Files (x86)\Microsoft Office\Updates\Download\PackageFiles\8801DF78-4AAE-4735-B3E4-213DE154925A\root\Office16\GFX.DLL,,,,False,C:\Users\byte store\Desktop\Incident Files Tempest\sysmon.evtx,Classic,0,"{""EventData"":{""Data"":[{""@Name"":""RuleName"",""#text"":""DLL""},{""@Name"":""UtcTime"",""#text"":""2022-06-20 17:19:04.887""},{""@Name"":""ProcessGuid"",""#text"":""4bbef3ae-abac-62b0-a90a-000000000700""},{""@Name"":""ProcessId"",""#text"":""1316""},{""@Name"":""Image"",""#text"":""C:\\Program Files\\Common Files\\Microsoft Shared\\ClickToRun\\Updates\\16.0.15225.20288\\OfficeClickToRun.exe""},{""@Name"":""TargetFilename"",""#text"":""C:\\Program Files (x86)\\Microsoft Office\\Updates\\Download\\PackageFiles\\8801DF78-4AAE-4735-B3E4-213DE154925A\\root\\Office16\\GFX.DLL""},{""@Name"":""CreationUtcTime"",""#text"":""2022-06-20 17:19:04.887""},{""@Name"":""User"",""#text"":""NT AUTHORITY\\SYSTEM""}]}}"
602,8107,2022-06-20 17:19:05.0130246,11,Info,Microsoft-Windows-Sysmon,Microsoft-Windows-Sysmon/Operational,2800,6224,TEMPEST,10,S-1-5-18,FileCreate,NT AUTHORITY\SYSTEM,,"ProcessID: 1316, ProcessGUID: 4bbef3ae-abac-62b0-a90a-000000000700",RuleName: DLL,Image: C:\Program Files\Common Files\Microsoft Shared\ClickToRun\Updates\16.0.15225.20288\OfficeClickToRun.exe,TargetFilename: C:\Program Files (x86)\Microsoft Office\Updates\Download\PackageFiles\8801DF78-4AAE-4735-B3E4-213DE154925A\root\Office16\GKExcel.dll,,,,False,C:\Users\byte store\Desktop\Incident Files Tempest\sysmon.evtx,Classic,0,"{""EventData"":{""Data"":[{""@Name"":""RuleName"",""#text"":""DLL""},{""@Name"":""UtcTime"",""#text"":""2022-06-20 17:19:04.997""},{""@Name"":""ProcessGuid"",""#text"":""4bbef3ae-abac-62b0-a90a-000000000700""},{""@Name"":""ProcessId"",""#text"":""1316""},{""@Name"":""Image"",""#text"":""C:\\Program Files\\Common Files\\Microsoft Shared\\ClickToRun\\Updates\\16.0.15225.20288\\OfficeClickToRun.exe""},{""@Name"":""TargetFilename"",""#text"":""C:\\Program Files (x86)\\Microsoft Office\\Updates\\Download\\PackageFiles\\8801DF78-4AAE-4735-B3E4-213DE154925A\\root\\Office16\\GKExcel.dll""},{""@Name"":""CreationUtcTime"",""#text"":""2022-06-20 17:19:04.997""},{""@Name"":""User"",""#text"":""NT AUTHORITY\\SYSTEM""}]}}"
603,8108,2022-06-20 17:19:05.1961443,11,Info,Microsoft-Windows-Sysmon,Microsoft-Windows-Sysmon/Operational,2800,6224,TEMPEST,10,S-1-5-18,FileCreate,NT AUTHORITY\SYSTEM,,"ProcessID: 1316, ProcessGUID: 4bbef3ae-abac-62b0-a90a-000000000700",RuleName: DLL,Image: C:\Program Files\Common Files\Microsoft Shared\ClickToRun\Updates\16.0.15225.20288\OfficeClickToRun.exe,TargetFilename: C:\Program Files (x86)\Microsoft Office\Updates\Download\PackageFiles\8801DF78-4AAE-4735-B3E4-213DE154925A\root\Office16\GKPowerPoint.dll,,,,False,C:\Users\byte store\Desktop\Incident Files Tempest\sysmon.evtx,Classic,0,"{""EventData"":{""Data"":[{""@Name"":""RuleName"",""#text"":""DLL""},{""@Name"":""UtcTime"",""#text"":""2022-06-20 17:19:05.184""},{""@Name"":""ProcessGuid"",""#text"":""4bbef3ae-abac-62b0-a90a-000000000700""},{""@Name"":""ProcessId"",""#text"":""1316""},{""@Name"":""Image"",""#text"":""C:\\Program Files\\Common Files\\Microsoft Shared\\ClickToRun\\Updates\\16.0.15225.20288\\OfficeClickToRun.exe""},{""@Name"":""TargetFilename"",""#text"":""C:\\Program Files (x86)\\Microsoft Office\\Updates\\Download\\PackageFiles\\8801DF78-4AAE-4735-B3E4-213DE154925A\\root\\Office16\\GKPowerPoint.dll""},{""@Name"":""CreationUtcTime"",""#text"":""2022-06-20 17:19:05.184""},{""@Name"":""User"",""#text"":""NT AUTHORITY\\SYSTEM""}]}}"
604,8109,2022-06-20 17:19:05.2725131,11,Info,Microsoft-Windows-Sysmon,Microsoft-Windows-Sysmon/Operational,2800,6224,TEMPEST,10,S-1-5-18,FileCreate,NT AUTHORITY\SYSTEM,,"ProcessID: 1316, ProcessGUID: 4bbef3ae-abac-62b0-a90a-000000000700",RuleName: DLL,Image: C:\Program Files\Common Files\Microsoft Shared\ClickToRun\Updates\16.0.15225.20288\OfficeClickToRun.exe,TargetFilename: C:\Program Files (x86)\Microsoft Office\Updates\Download\PackageFiles\8801DF78-4AAE-4735-B3E4-213DE154925A\root\Office16\GKWord.dll,,,,False,C:\Users\byte store\Desktop\Incident Files Tempest\sysmon.evtx,Classic,0,"{""EventData"":{""Data"":[{""@Name"":""RuleName"",""#text"":""DLL""},{""@Name"":""UtcTime"",""#text"":""2022-06-20 17:19:05.262""},{""@Name"":""ProcessGuid"",""#text"":""4bbef3ae-abac-62b0-a90a-000000000700""},{""@Name"":""ProcessId"",""#text"":""1316""},{""@Name"":""Image"",""#text"":""C:\\Program Files\\Common Files\\Microsoft Shared\\ClickToRun\\Updates\\16.0.15225.20288\\OfficeClickToRun.exe""},{""@Name"":""TargetFilename"",""#text"":""C:\\Program Files (x86)\\Microsoft Office\\Updates\\Download\\PackageFiles\\8801DF78-4AAE-4735-B3E4-213DE154925A\\root\\Office16\\GKWord.dll""},{""@Name"":""CreationUtcTime"",""#text"":""2022-06-20 17:19:05.262""},{""@Name"":""User"",""#text"":""NT AUTHORITY\\SYSTEM""}]}}"
605,8110,2022-06-20 17:19:05.4453748,11,Info,Microsoft-Windows-Sysmon,Microsoft-Windows-Sysmon/Operational,2800,6224,TEMPEST,10,S-1-5-18,FileCreate,NT AUTHORITY\SYSTEM,,"ProcessID: 1316, ProcessGUID: 4bbef3ae-abac-62b0-a90a-000000000700",RuleName: DLL,Image: C:\Program Files\Common Files\Microsoft Shared\ClickToRun\Updates\16.0.15225.20288\OfficeClickToRun.exe,TargetFilename: C:\Program Files (x86)\Microsoft Office\Updates\Download\PackageFiles\8801DF78-4AAE-4735-B3E4-213DE154925A\root\Office16\IGX.DLL,,,,False,C:\Users\byte store\Desktop\Incident Files Tempest\sysmon.evtx,Classic,0,"{""EventData"":{""Data"":[{""@Name"":""RuleName"",""#text"":""DLL""},{""@Name"":""UtcTime"",""#text"":""2022-06-20 17:19:05.435""},{""@Name"":""ProcessGuid"",""#text"":""4bbef3ae-abac-62b0-a90a-000000000700""},{""@Name"":""ProcessId"",""#text"":""1316""},{""@Name"":""Image"",""#text"":""C:\\Program Files\\Common Files\\Microsoft Shared\\ClickToRun\\Updates\\16.0.15225.20288\\OfficeClickToRun.exe""},{""@Name"":""TargetFilename"",""#text"":""C:\\Program Files (x86)\\Microsoft Office\\Updates\\Download\\PackageFiles\\8801DF78-4AAE-4735-B3E4-213DE154925A\\root\\Office16\\IGX.DLL""},{""@Name"":""CreationUtcTime"",""#text"":""2022-06-20 17:19:05.435""},{""@Name"":""User"",""#text"":""NT AUTHORITY\\SYSTEM""}]}}"
606,8111,2022-06-20 17:19:05.6875689,11,Info,Microsoft-Windows-Sysmon,Microsoft-Windows-Sysmon/Operational,2800,6224,TEMPEST,10,S-1-5-18,FileCreate,NT AUTHORITY\SYSTEM,,"ProcessID: 1316, ProcessGUID: 4bbef3ae-abac-62b0-a90a-000000000700",RuleName: DLL,Image: C:\Program Files\Common Files\Microsoft Shared\ClickToRun\Updates\16.0.15225.20288\OfficeClickToRun.exe,TargetFilename: C:\Program Files (x86)\Microsoft Office\Updates\Download\PackageFiles\8801DF78-4AAE-4735-B3E4-213DE154925A\root\Office16\INKCOMMENT.DLL,,,,False,C:\Users\byte store\Desktop\Incident Files Tempest\sysmon.evtx,Classic,0,"{""EventData"":{""Data"":[{""@Name"":""RuleName"",""#text"":""DLL""},{""@Name"":""UtcTime"",""#text"":""2022-06-20 17:19:05.684""},{""@Name"":""ProcessGuid"",""#text"":""4bbef3ae-abac-62b0-a90a-000000000700""},{""@Name"":""ProcessId"",""#text"":""1316""},{""@Name"":""Image"",""#text"":""C:\\Program Files\\Common Files\\Microsoft Shared\\ClickToRun\\Updates\\16.0.15225.20288\\OfficeClickToRun.exe""},{""@Name"":""TargetFilename"",""#text"":""C:\\Program Files (x86)\\Microsoft Office\\Updates\\Download\\PackageFiles\\8801DF78-4AAE-4735-B3E4-213DE154925A\\root\\Office16\\INKCOMMENT.DLL""},{""@Name"":""CreationUtcTime"",""#text"":""2022-06-20 17:19:05.684""},{""@Name"":""User"",""#text"":""NT AUTHORITY\\SYSTEM""}]}}"
607,8112,2022-06-20 17:19:05.7128002,11,Info,Microsoft-Windows-Sysmon,Microsoft-Windows-Sysmon/Operational,2800,6224,TEMPEST,10,S-1-5-18,FileCreate,NT AUTHORITY\SYSTEM,,"ProcessID: 1316, ProcessGUID: 4bbef3ae-abac-62b0-a90a-000000000700",RuleName: DLL,Image: C:\Program Files\Common Files\Microsoft Shared\ClickToRun\Updates\16.0.15225.20288\OfficeClickToRun.exe,TargetFilename: C:\Program Files (x86)\Microsoft Office\Updates\Download\PackageFiles\8801DF78-4AAE-4735-B3E4-213DE154925A\root\Office16\INTLDATE.DLL,,,,False,C:\Users\byte store\Desktop\Incident Files Tempest\sysmon.evtx,Classic,0,"{""EventData"":{""Data"":[{""@Name"":""RuleName"",""#text"":""DLL""},{""@Name"":""UtcTime"",""#text"":""2022-06-20 17:19:05.699""},{""@Name"":""ProcessGuid"",""#text"":""4bbef3ae-abac-62b0-a90a-000000000700""},{""@Name"":""ProcessId"",""#text"":""1316""},{""@Name"":""Image"",""#text"":""C:\\Program Files\\Common Files\\Microsoft Shared\\ClickToRun\\Updates\\16.0.15225.20288\\OfficeClickToRun.exe""},{""@Name"":""TargetFilename"",""#text"":""C:\\Program Files (x86)\\Microsoft Office\\Updates\\Download\\PackageFiles\\8801DF78-4AAE-4735-B3E4-213DE154925A\\root\\Office16\\INTLDATE.DLL""},{""@Name"":""CreationUtcTime"",""#text"":""2022-06-20 17:19:05.699""},{""@Name"":""User"",""#text"":""NT AUTHORITY\\SYSTEM""}]}}"
608,8113,2022-06-20 17:19:05.7528809,11,Info,Microsoft-Windows-Sysmon,Microsoft-Windows-Sysmon/Operational,2800,6224,TEMPEST,10,S-1-5-18,FileCreate,NT AUTHORITY\SYSTEM,,"ProcessID: 1316, ProcessGUID: 4bbef3ae-abac-62b0-a90a-000000000700",RuleName: DLL,Image: C:\Program Files\Common Files\Microsoft Shared\ClickToRun\Updates\16.0.15225.20288\OfficeClickToRun.exe,TargetFilename: C:\Program Files (x86)\Microsoft Office\Updates\Download\PackageFiles\8801DF78-4AAE-4735-B3E4-213DE154925A\root\Office16\IVY.DLL,,,,False,C:\Users\byte store\Desktop\Incident Files Tempest\sysmon.evtx,Classic,0,"{""EventData"":{""Data"":[{""@Name"":""RuleName"",""#text"":""DLL""},{""@Name"":""UtcTime"",""#text"":""2022-06-20 17:19:05.746""},{""@Name"":""ProcessGuid"",""#text"":""4bbef3ae-abac-62b0-a90a-000000000700""},{""@Name"":""ProcessId"",""#text"":""1316""},{""@Name"":""Image"",""#text"":""C:\\Program Files\\Common Files\\Microsoft Shared\\ClickToRun\\Updates\\16.0.15225.20288\\OfficeClickToRun.exe""},{""@Name"":""TargetFilename"",""#text"":""C:\\Program Files (x86)\\Microsoft Office\\Updates\\Download\\PackageFiles\\8801DF78-4AAE-4735-B3E4-213DE154925A\\root\\Office16\\IVY.DLL""},{""@Name"":""CreationUtcTime"",""#text"":""2022-06-20 17:19:05.746""},{""@Name"":""User"",""#text"":""NT AUTHORITY\\SYSTEM""}]}}"
609,8114,2022-06-20 17:19:05.8371299,11,Info,Microsoft-Windows-Sysmon,Microsoft-Windows-Sysmon/Operational,2800,6224,TEMPEST,10,S-1-5-18,FileCreate,NT AUTHORITY\SYSTEM,,"ProcessID: 1316, ProcessGUID: 4bbef3ae-abac-62b0-a90a-000000000700",RuleName: DLL,Image: C:\Program Files\Common Files\Microsoft Shared\ClickToRun\Updates\16.0.15225.20288\OfficeClickToRun.exe,TargetFilename: C:\Program Files (x86)\Microsoft Office\Updates\Download\PackageFiles\8801DF78-4AAE-4735-B3E4-213DE154925A\root\Office16\Interceptor.dll,,,,False,C:\Users\byte store\Desktop\Incident Files Tempest\sysmon.evtx,Classic,0,"{""EventData"":{""Data"":[{""@Name"":""RuleName"",""#text"":""DLL""},{""@Name"":""UtcTime"",""#text"":""2022-06-20 17:19:05.824""},{""@Name"":""ProcessGuid"",""#text"":""4bbef3ae-abac-62b0-a90a-000000000700""},{""@Name"":""ProcessId"",""#text"":""1316""},{""@Name"":""Image"",""#text"":""C:\\Program Files\\Common Files\\Microsoft Shared\\ClickToRun\\Updates\\16.0.15225.20288\\OfficeClickToRun.exe""},{""@Name"":""TargetFilename"",""#text"":""C:\\Program Files (x86)\\Microsoft Office\\Updates\\Download\\PackageFiles\\8801DF78-4AAE-4735-B3E4-213DE154925A\\root\\Office16\\Interceptor.dll""},{""@Name"":""CreationUtcTime"",""#text"":""2022-06-20 17:19:05.824""},{""@Name"":""User"",""#text"":""NT AUTHORITY\\SYSTEM""}]}}"
610,8115,2022-06-20 17:19:05.8561720,11,Info,Microsoft-Windows-Sysmon,Microsoft-Windows-Sysmon/Operational,2800,6224,TEMPEST,10,S-1-5-18,FileCreate,NT AUTHORITY\SYSTEM,,"ProcessID: 1316, ProcessGUID: 4bbef3ae-abac-62b0-a90a-000000000700",RuleName: DLL,Image: C:\Program Files\Common Files\Microsoft Shared\ClickToRun\Updates\16.0.15225.20288\OfficeClickToRun.exe,TargetFilename: C:\Program Files (x86)\Microsoft Office\Updates\Download\PackageFiles\8801DF78-4AAE-4735-B3E4-213DE154925A\root\Office16\JitV.dll,,,,False,C:\Users\byte store\Desktop\Incident Files Tempest\sysmon.evtx,Classic,0,"{""EventData"":{""Data"":[{""@Name"":""RuleName"",""#text"":""DLL""},{""@Name"":""UtcTime"",""#text"":""2022-06-20 17:19:05.840""},{""@Name"":""ProcessGuid"",""#text"":""4bbef3ae-abac-62b0-a90a-000000000700""},{""@Name"":""ProcessId"",""#text"":""1316""},{""@Name"":""Image"",""#text"":""C:\\Program Files\\Common Files\\Microsoft Shared\\ClickToRun\\Updates\\16.0.15225.20288\\OfficeClickToRun.exe""},{""@Name"":""TargetFilename"",""#text"":""C:\\Program Files (x86)\\Microsoft Office\\Updates\\Download\\PackageFiles\\8801DF78-4AAE-4735-B3E4-213DE154925A\\root\\Office16\\JitV.dll""},{""@Name"":""CreationUtcTime"",""#text"":""2022-06-20 17:19:05.840""},{""@Name"":""User"",""#text"":""NT AUTHORITY\\SYSTEM""}]}}"
611,8116,2022-06-20 17:19:06.0405544,11,Info,Microsoft-Windows-Sysmon,Microsoft-Windows-Sysmon/Operational,2800,6224,TEMPEST,10,S-1-5-18,FileCreate,NT AUTHORITY\SYSTEM,,"ProcessID: 1316, ProcessGUID: 4bbef3ae-abac-62b0-a90a-000000000700",RuleName: DLL,Image: C:\Program Files\Common Files\Microsoft Shared\ClickToRun\Updates\16.0.15225.20288\OfficeClickToRun.exe,TargetFilename: C:\Program Files (x86)\Microsoft Office\Updates\Download\PackageFiles\8801DF78-4AAE-4735-B3E4-213DE154925A\root\Office16\LyncDesktopSmartBitmapResources.dll,,,,False,C:\Users\byte store\Desktop\Incident Files Tempest\sysmon.evtx,Classic,0,"{""EventData"":{""Data"":[{""@Name"":""RuleName"",""#text"":""DLL""},{""@Name"":""UtcTime"",""#text"":""2022-06-20 17:19:06.027""},{""@Name"":""ProcessGuid"",""#text"":""4bbef3ae-abac-62b0-a90a-000000000700""},{""@Name"":""ProcessId"",""#text"":""1316""},{""@Name"":""Image"",""#text"":""C:\\Program Files\\Common Files\\Microsoft Shared\\ClickToRun\\Updates\\16.0.15225.20288\\OfficeClickToRun.exe""},{""@Name"":""TargetFilename"",""#text"":""C:\\Program Files (x86)\\Microsoft Office\\Updates\\Download\\PackageFiles\\8801DF78-4AAE-4735-B3E4-213DE154925A\\root\\Office16\\LyncDesktopSmartBitmapResources.dll""},{""@Name"":""CreationUtcTime"",""#text"":""2022-06-20 17:19:06.027""},{""@Name"":""User"",""#text"":""NT AUTHORITY\\SYSTEM""}]}}"
612,8117,2022-06-20 17:19:06.4978348,1,Info,Microsoft-Windows-Sysmon,Microsoft-Windows-Sysmon/Operational,2800,6224,TEMPEST,10,S-1-5-18,Process creation,TEMPEST\benimaru,,"ProcessID: 4208, ProcessGUID: 4bbef3ae-ac0a-62b0-b00a-000000000700",RuleName: -,"MD5=AB4AB98654635CABADB5F1A60BDA1C05,SHA256=5FCCFF57D379CDC4CF6196FEF554CEF753B4C76DC315F371F90AEBF07B6A18C3,IMPHASH=566283D9BC4787CDF98CCF90FD58FC2E",ParentProcess: -,"ParentProcessID: 752, ParentProcessGUID: 00000000-0000-0000-0000-000000000000",ParentCommandLine: -,C:\Windows\system32\wsmprovhost.exe -Embedding,False,C:\Users\byte store\Desktop\Incident Files Tempest\sysmon.evtx,Classic,0,"{""EventData"":{""Data"":[{""@Name"":""RuleName"",""#text"":""-""},{""@Name"":""UtcTime"",""#text"":""2022-06-20 17:19:06.492""},{""@Name"":""ProcessGuid"",""#text"":""4bbef3ae-ac0a-62b0-b00a-000000000700""},{""@Name"":""ProcessId"",""#text"":""4208""},{""@Name"":""Image"",""#text"":""C:\\Windows\\System32\\wsmprovhost.exe""},{""@Name"":""FileVersion"",""#text"":""10.0.17763.1 (WinBuild.160101.0800)""},{""@Name"":""Description"",""#text"":""Host process for WinRM plug-ins""},{""@Name"":""Product"",""#text"":""Microsoft® Windows® Operating System""},{""@Name"":""Company"",""#text"":""Microsoft Corporation""},{""@Name"":""OriginalFileName"",""#text"":""wsmprovhost.exe""},{""@Name"":""CommandLine"",""#text"":""C:\\Windows\\system32\\wsmprovhost.exe -Embedding""},{""@Name"":""CurrentDirectory"",""#text"":""C:\\Windows\\system32\\""},{""@Name"":""User"",""#text"":""TEMPEST\\benimaru""},{""@Name"":""LogonGuid"",""#text"":""4bbef3ae-ac09-62b0-acd5-c10100000000""},{""@Name"":""LogonId"",""#text"":""0x1C1D5AC""},{""@Name"":""TerminalSessionId"",""#text"":""0""},{""@Name"":""IntegrityLevel"",""#text"":""High""},{""@Name"":""Hashes"",""#text"":""MD5=AB4AB98654635CABADB5F1A60BDA1C05,SHA256=5FCCFF57D379CDC4CF6196FEF554CEF753B4C76DC315F371F90AEBF07B6A18C3,IMPHASH=566283D9BC4787CDF98CCF90FD58FC2E""},{""@Name"":""ParentProcessGuid"",""#text"":""00000000-0000-0000-0000-000000000000""},{""@Name"":""ParentProcessId"",""#text"":""752""},{""@Name"":""ParentImage"",""#text"":""-""},{""@Name"":""ParentCommandLine"",""#text"":""-""},{""@Name"":""ParentUser"",""#text"":""-""}]}}"
613,8118,2022-06-20 17:19:06.9657323,11,Info,Microsoft-Windows-Sysmon,Microsoft-Windows-Sysmon/Operational,2800,6224,TEMPEST,10,S-1-5-18,FileCreate,NT AUTHORITY\SYSTEM,,"ProcessID: 1316, ProcessGUID: 4bbef3ae-abac-62b0-a90a-000000000700",RuleName: DLL,Image: C:\Program Files\Common Files\Microsoft Shared\ClickToRun\Updates\16.0.15225.20288\OfficeClickToRun.exe,TargetFilename: C:\Program Files (x86)\Microsoft Office\Updates\Download\PackageFiles\8801DF78-4AAE-4735-B3E4-213DE154925A\root\Office16\MAPIPH.DLL,,,,False,C:\Users\byte store\Desktop\Incident Files Tempest\sysmon.evtx,Classic,0,"{""EventData"":{""Data"":[{""@Name"":""RuleName"",""#text"":""DLL""},{""@Name"":""UtcTime"",""#text"":""2022-06-20 17:19:06.949""},{""@Name"":""ProcessGuid"",""#text"":""4bbef3ae-abac-62b0-a90a-000000000700""},{""@Name"":""ProcessId"",""#text"":""1316""},{""@Name"":""Image"",""#text"":""C:\\Program Files\\Common Files\\Microsoft Shared\\ClickToRun\\Updates\\16.0.15225.20288\\OfficeClickToRun.exe""},{""@Name"":""TargetFilename"",""#text"":""C:\\Program Files (x86)\\Microsoft Office\\Updates\\Download\\PackageFiles\\8801DF78-4AAE-4735-B3E4-213DE154925A\\root\\Office16\\MAPIPH.DLL""},{""@Name"":""CreationUtcTime"",""#text"":""2022-06-20 17:19:06.949""},{""@Name"":""User"",""#text"":""NT AUTHORITY\\SYSTEM""}]}}"
614,8119,2022-06-20 17:19:06.9900216,11,Info,Microsoft-Windows-Sysmon,Microsoft-Windows-Sysmon/Operational,2800,6224,TEMPEST,10,S-1-5-18,FileCreate,NT AUTHORITY\SYSTEM,,"ProcessID: 1316, ProcessGUID: 4bbef3ae-abac-62b0-a90a-000000000700",RuleName: DLL,Image: C:\Program Files\Common Files\Microsoft Shared\ClickToRun\Updates\16.0.15225.20288\OfficeClickToRun.exe,TargetFilename: C:\Program Files (x86)\Microsoft Office\Updates\Download\PackageFiles\8801DF78-4AAE-4735-B3E4-213DE154925A\root\Office16\MAPISHELL.DLL,,,,False,C:\Users\byte store\Desktop\Incident Files Tempest\sysmon.evtx,Classic,0,"{""EventData"":{""Data"":[{""@Name"":""RuleName"",""#text"":""DLL""},{""@Name"":""UtcTime"",""#text"":""2022-06-20 17:19:06.981""},{""@Name"":""ProcessGuid"",""#text"":""4bbef3ae-abac-62b0-a90a-000000000700""},{""@Name"":""ProcessId"",""#text"":""1316""},{""@Name"":""Image"",""#text"":""C:\\Program Files\\Common Files\\Microsoft Shared\\ClickToRun\\Updates\\16.0.15225.20288\\OfficeClickToRun.exe""},{""@Name"":""TargetFilename"",""#text"":""C:\\Program Files (x86)\\Microsoft Office\\Updates\\Download\\PackageFiles\\8801DF78-4AAE-4735-B3E4-213DE154925A\\root\\Office16\\MAPISHELL.DLL""},{""@Name"":""CreationUtcTime"",""#text"":""2022-06-20 17:19:06.981""},{""@Name"":""User"",""#text"":""NT AUTHORITY\\SYSTEM""}]}}"
615,8120,2022-06-20 17:19:07.0030136,11,Info,Microsoft-Windows-Sysmon,Microsoft-Windows-Sysmon/Operational,2800,6224,TEMPEST,10,S-1-5-18,FileCreate,NT AUTHORITY\SYSTEM,,"ProcessID: 1316, ProcessGUID: 4bbef3ae-abac-62b0-a90a-000000000700",RuleName: DLL,Image: C:\Program Files\Common Files\Microsoft Shared\ClickToRun\Updates\16.0.15225.20288\OfficeClickToRun.exe,TargetFilename: C:\Program Files (x86)\Microsoft Office\Updates\Download\PackageFiles\8801DF78-4AAE-4735-B3E4-213DE154925A\root\Office16\MIMEDIR.DLL,,,,False,C:\Users\byte store\Desktop\Incident Files Tempest\sysmon.evtx,Classic,0,"{""EventData"":{""Data"":[{""@Name"":""RuleName"",""#text"":""DLL""},{""@Name"":""UtcTime"",""#text"":""2022-06-20 17:19:06.996""},{""@Name"":""ProcessGuid"",""#text"":""4bbef3ae-abac-62b0-a90a-000000000700""},{""@Name"":""ProcessId"",""#text"":""1316""},{""@Name"":""Image"",""#text"":""C:\\Program Files\\Common Files\\Microsoft Shared\\ClickToRun\\Updates\\16.0.15225.20288\\OfficeClickToRun.exe""},{""@Name"":""TargetFilename"",""#text"":""C:\\Program Files (x86)\\Microsoft Office\\Updates\\Download\\PackageFiles\\8801DF78-4AAE-4735-B3E4-213DE154925A\\root\\Office16\\MIMEDIR.DLL""},{""@Name"":""CreationUtcTime"",""#text"":""2022-06-20 17:19:06.996""},{""@Name"":""User"",""#text"":""NT AUTHORITY\\SYSTEM""}]}}"
616,8121,2022-06-20 17:19:07.0246367,11,Info,Microsoft-Windows-Sysmon,Microsoft-Windows-Sysmon/Operational,2800,6224,TEMPEST,10,S-1-5-18,FileCreate,NT AUTHORITY\SYSTEM,,"ProcessID: 1316, ProcessGUID: 4bbef3ae-abac-62b0-a90a-000000000700",RuleName: DLL,Image: C:\Program Files\Common Files\Microsoft Shared\ClickToRun\Updates\16.0.15225.20288\OfficeClickToRun.exe,TargetFilename: C:\Program Files (x86)\Microsoft Office\Updates\Download\PackageFiles\8801DF78-4AAE-4735-B3E4-213DE154925A\root\Office16\MINSBPROXY.DLL,,,,False,C:\Users\byte store\Desktop\Incident Files Tempest\sysmon.evtx,Classic,0,"{""EventData"":{""Data"":[{""@Name"":""RuleName"",""#text"":""DLL""},{""@Name"":""UtcTime"",""#text"":""2022-06-20 17:19:07.012""},{""@Name"":""ProcessGuid"",""#text"":""4bbef3ae-abac-62b0-a90a-000000000700""},{""@Name"":""ProcessId"",""#text"":""1316""},{""@Name"":""Image"",""#text"":""C:\\Program Files\\Common Files\\Microsoft Shared\\ClickToRun\\Updates\\16.0.15225.20288\\OfficeClickToRun.exe""},{""@Name"":""TargetFilename"",""#text"":""C:\\Program Files (x86)\\Microsoft Office\\Updates\\Download\\PackageFiles\\8801DF78-4AAE-4735-B3E4-213DE154925A\\root\\Office16\\MINSBPROXY.DLL""},{""@Name"":""CreationUtcTime"",""#text"":""2022-06-20 17:19:07.012""},{""@Name"":""User"",""#text"":""NT AUTHORITY\\SYSTEM""}]}}"
617,8122,2022-06-20 17:19:07.0374661,11,Info,Microsoft-Windows-Sysmon,Microsoft-Windows-Sysmon/Operational,2800,6224,TEMPEST,10,S-1-5-18,FileCreate,NT AUTHORITY\SYSTEM,,"ProcessID: 1316, ProcessGUID: 4bbef3ae-abac-62b0-a90a-000000000700",RuleName: DLL,Image: C:\Program Files\Common Files\Microsoft Shared\ClickToRun\Updates\16.0.15225.20288\OfficeClickToRun.exe,TargetFilename: C:\Program Files (x86)\Microsoft Office\Updates\Download\PackageFiles\8801DF78-4AAE-4735-B3E4-213DE154925A\root\Office16\MINSBROAMINGPROXY.DLL,,,,False,C:\Users\byte store\Desktop\Incident Files Tempest\sysmon.evtx,Classic,0,"{""EventData"":{""Data"":[{""@Name"":""RuleName"",""#text"":""DLL""},{""@Name"":""UtcTime"",""#text"":""2022-06-20 17:19:07.027""},{""@Name"":""ProcessGuid"",""#text"":""4bbef3ae-abac-62b0-a90a-000000000700""},{""@Name"":""ProcessId"",""#text"":""1316""},{""@Name"":""Image"",""#text"":""C:\\Program Files\\Common Files\\Microsoft Shared\\ClickToRun\\Updates\\16.0.15225.20288\\OfficeClickToRun.exe""},{""@Name"":""TargetFilename"",""#text"":""C:\\Program Files (x86)\\Microsoft Office\\Updates\\Download\\PackageFiles\\8801DF78-4AAE-4735-B3E4-213DE154925A\\root\\Office16\\MINSBROAMINGPROXY.DLL""},{""@Name"":""CreationUtcTime"",""#text"":""2022-06-20 17:19:07.027""},{""@Name"":""User"",""#text"":""NT AUTHORITY\\SYSTEM""}]}}"
618,8123,2022-06-20 17:19:07.0574073,11,Info,Microsoft-Windows-Sysmon,Microsoft-Windows-Sysmon/Operational,2800,6224,TEMPEST,10,S-1-5-18,FileCreate,NT AUTHORITY\SYSTEM,,"ProcessID: 1316, ProcessGUID: 4bbef3ae-abac-62b0-a90a-000000000700",RuleName: DLL,Image: C:\Program Files\Common Files\Microsoft Shared\ClickToRun\Updates\16.0.15225.20288\OfficeClickToRun.exe,TargetFilename: C:\Program Files (x86)\Microsoft Office\Updates\Download\PackageFiles\8801DF78-4AAE-4735-B3E4-213DE154925A\root\Office16\MORPH9.DLL,,,,False,C:\Users\byte store\Desktop\Incident Files Tempest\sysmon.evtx,Classic,0,"{""EventData"":{""Data"":[{""@Name"":""RuleName"",""#text"":""DLL""},{""@Name"":""UtcTime"",""#text"":""2022-06-20 17:19:07.043""},{""@Name"":""ProcessGuid"",""#text"":""4bbef3ae-abac-62b0-a90a-000000000700""},{""@Name"":""ProcessId"",""#text"":""1316""},{""@Name"":""Image"",""#text"":""C:\\Program Files\\Common Files\\Microsoft Shared\\ClickToRun\\Updates\\16.0.15225.20288\\OfficeClickToRun.exe""},{""@Name"":""TargetFilename"",""#text"":""C:\\Program Files (x86)\\Microsoft Office\\Updates\\Download\\PackageFiles\\8801DF78-4AAE-4735-B3E4-213DE154925A\\root\\Office16\\MORPH9.DLL""},{""@Name"":""CreationUtcTime"",""#text"":""2022-06-20 17:19:07.043""},{""@Name"":""User"",""#text"":""NT AUTHORITY\\SYSTEM""}]}}"
619,8124,2022-06-20 17:19:07.1196846,11,Info,Microsoft-Windows-Sysmon,Microsoft-Windows-Sysmon/Operational,2800,6224,TEMPEST,10,S-1-5-18,FileCreate,NT AUTHORITY\SYSTEM,,"ProcessID: 1316, ProcessGUID: 4bbef3ae-abac-62b0-a90a-000000000700",RuleName: DLL,Image: C:\Program Files\Common Files\Microsoft Shared\ClickToRun\Updates\16.0.15225.20288\OfficeClickToRun.exe,TargetFilename: C:\Program Files (x86)\Microsoft Office\Updates\Download\PackageFiles\8801DF78-4AAE-4735-B3E4-213DE154925A\root\Office16\MSAEXP30.DLL,,,,False,C:\Users\byte store\Desktop\Incident Files Tempest\sysmon.evtx,Classic,0,"{""EventData"":{""Data"":[{""@Name"":""RuleName"",""#text"":""DLL""},{""@Name"":""UtcTime"",""#text"":""2022-06-20 17:19:07.105""},{""@Name"":""ProcessGuid"",""#text"":""4bbef3ae-abac-62b0-a90a-000000000700""},{""@Name"":""ProcessId"",""#text"":""1316""},{""@Name"":""Image"",""#text"":""C:\\Program Files\\Common Files\\Microsoft Shared\\ClickToRun\\Updates\\16.0.15225.20288\\OfficeClickToRun.exe""},{""@Name"":""TargetFilename"",""#text"":""C:\\Program Files (x86)\\Microsoft Office\\Updates\\Download\\PackageFiles\\8801DF78-4AAE-4735-B3E4-213DE154925A\\root\\Office16\\MSAEXP30.DLL""},{""@Name"":""CreationUtcTime"",""#text"":""2022-06-20 17:19:07.105""},{""@Name"":""User"",""#text"":""NT AUTHORITY\\SYSTEM""}]}}"
620,8125,2022-06-20 17:19:07.1617158,11,Info,Microsoft-Windows-Sysmon,Microsoft-Windows-Sysmon/Operational,2800,6224,TEMPEST,10,S-1-5-18,FileCreate,NT AUTHORITY\SYSTEM,,"ProcessID: 1316, ProcessGUID: 4bbef3ae-abac-62b0-a90a-000000000700",RuleName: DLL,Image: C:\Program Files\Common Files\Microsoft Shared\ClickToRun\Updates\16.0.15225.20288\OfficeClickToRun.exe,TargetFilename: C:\Program Files (x86)\Microsoft Office\Updates\Download\PackageFiles\8801DF78-4AAE-4735-B3E4-213DE154925A\root\Office16\MSBARCODE.DLL,,,,False,C:\Users\byte store\Desktop\Incident Files Tempest\sysmon.evtx,Classic,0,"{""EventData"":{""Data"":[{""@Name"":""RuleName"",""#text"":""DLL""},{""@Name"":""UtcTime"",""#text"":""2022-06-20 17:19:07.152""},{""@Name"":""ProcessGuid"",""#text"":""4bbef3ae-abac-62b0-a90a-000000000700""},{""@Name"":""ProcessId"",""#text"":""1316""},{""@Name"":""Image"",""#text"":""C:\\Program Files\\Common Files\\Microsoft Shared\\ClickToRun\\Updates\\16.0.15225.20288\\OfficeClickToRun.exe""},{""@Name"":""TargetFilename"",""#text"":""C:\\Program Files (x86)\\Microsoft Office\\Updates\\Download\\PackageFiles\\8801DF78-4AAE-4735-B3E4-213DE154925A\\root\\Office16\\MSBARCODE.DLL""},{""@Name"":""CreationUtcTime"",""#text"":""2022-06-20 17:19:07.152""},{""@Name"":""User"",""#text"":""NT AUTHORITY\\SYSTEM""}]}}"
621,8126,2022-06-20 17:19:07.1849093,11,Info,Microsoft-Windows-Sysmon,Microsoft-Windows-Sysmon/Operational,2800,6224,TEMPEST,10,S-1-5-18,FileCreate,NT AUTHORITY\SYSTEM,,"ProcessID: 1316, ProcessGUID: 4bbef3ae-abac-62b0-a90a-000000000700",RuleName: DLL,Image: C:\Program Files\Common Files\Microsoft Shared\ClickToRun\Updates\16.0.15225.20288\OfficeClickToRun.exe,TargetFilename: C:\Program Files (x86)\Microsoft Office\Updates\Download\PackageFiles\8801DF78-4AAE-4735-B3E4-213DE154925A\root\Office16\msipc\ipcsecproc.dll,,,,False,C:\Users\byte store\Desktop\Incident Files Tempest\sysmon.evtx,Classic,0,"{""EventData"":{""Data"":[{""@Name"":""RuleName"",""#text"":""DLL""},{""@Name"":""UtcTime"",""#text"":""2022-06-20 17:19:07.168""},{""@Name"":""ProcessGuid"",""#text"":""4bbef3ae-abac-62b0-a90a-000000000700""},{""@Name"":""ProcessId"",""#text"":""1316""},{""@Name"":""Image"",""#text"":""C:\\Program Files\\Common Files\\Microsoft Shared\\ClickToRun\\Updates\\16.0.15225.20288\\OfficeClickToRun.exe""},{""@Name"":""TargetFilename"",""#text"":""C:\\Program Files (x86)\\Microsoft Office\\Updates\\Download\\PackageFiles\\8801DF78-4AAE-4735-B3E4-213DE154925A\\root\\Office16\\msipc\\ipcsecproc.dll""},{""@Name"":""CreationUtcTime"",""#text"":""2022-06-20 17:19:07.168""},{""@Name"":""User"",""#text"":""NT AUTHORITY\\SYSTEM""}]}}"
622,8127,2022-06-20 17:19:07.2119477,11,Info,Microsoft-Windows-Sysmon,Microsoft-Windows-Sysmon/Operational,2800,6224,TEMPEST,10,S-1-5-18,FileCreate,NT AUTHORITY\SYSTEM,,"ProcessID: 1316, ProcessGUID: 4bbef3ae-abac-62b0-a90a-000000000700",RuleName: DLL,Image: C:\Program Files\Common Files\Microsoft Shared\ClickToRun\Updates\16.0.15225.20288\OfficeClickToRun.exe,TargetFilename: C:\Program Files (x86)\Microsoft Office\Updates\Download\PackageFiles\8801DF78-4AAE-4735-B3E4-213DE154925A\root\Office16\msipc\msipc.dll,,,,False,C:\Users\byte store\Desktop\Incident Files Tempest\sysmon.evtx,Classic,0,"{""EventData"":{""Data"":[{""@Name"":""RuleName"",""#text"":""DLL""},{""@Name"":""UtcTime"",""#text"":""2022-06-20 17:19:07.207""},{""@Name"":""ProcessGuid"",""#text"":""4bbef3ae-abac-62b0-a90a-000000000700""},{""@Name"":""ProcessId"",""#text"":""1316""},{""@Name"":""Image"",""#text"":""C:\\Program Files\\Common Files\\Microsoft Shared\\ClickToRun\\Updates\\16.0.15225.20288\\OfficeClickToRun.exe""},{""@Name"":""TargetFilename"",""#text"":""C:\\Program Files (x86)\\Microsoft Office\\Updates\\Download\\PackageFiles\\8801DF78-4AAE-4735-B3E4-213DE154925A\\root\\Office16\\msipc\\msipc.dll""},{""@Name"":""CreationUtcTime"",""#text"":""2022-06-20 17:19:07.207""},{""@Name"":""User"",""#text"":""NT AUTHORITY\\SYSTEM""}]}}"
623,8128,2022-06-20 17:19:07.2883351,11,Info,Microsoft-Windows-Sysmon,Microsoft-Windows-Sysmon/Operational,2800,6224,TEMPEST,10,S-1-5-18,FileCreate,NT AUTHORITY\SYSTEM,,"ProcessID: 1316, ProcessGUID: 4bbef3ae-abac-62b0-a90a-000000000700",RuleName: DLL,Image: C:\Program Files\Common Files\Microsoft Shared\ClickToRun\Updates\16.0.15225.20288\OfficeClickToRun.exe,TargetFilename: C:\Program Files (x86)\Microsoft Office\Updates\Download\PackageFiles\8801DF78-4AAE-4735-B3E4-213DE154925A\root\Office16\MSO.FRAMEPROTOCOLWIN32.DLL,,,,False,C:\Users\byte store\Desktop\Incident Files Tempest\sysmon.evtx,Classic,0,"{""EventData"":{""Data"":[{""@Name"":""RuleName"",""#text"":""DLL""},{""@Name"":""UtcTime"",""#text"":""2022-06-20 17:19:07.277""},{""@Name"":""ProcessGuid"",""#text"":""4bbef3ae-abac-62b0-a90a-000000000700""},{""@Name"":""ProcessId"",""#text"":""1316""},{""@Name"":""Image"",""#text"":""C:\\Program Files\\Common Files\\Microsoft Shared\\ClickToRun\\Updates\\16.0.15225.20288\\OfficeClickToRun.exe""},{""@Name"":""TargetFilename"",""#text"":""C:\\Program Files (x86)\\Microsoft Office\\Updates\\Download\\PackageFiles\\8801DF78-4AAE-4735-B3E4-213DE154925A\\root\\Office16\\MSO.FRAMEPROTOCOLWIN32.DLL""},{""@Name"":""CreationUtcTime"",""#text"":""2022-06-20 17:19:07.277""},{""@Name"":""User"",""#text"":""NT AUTHORITY\\SYSTEM""}]}}"
624,8129,2022-06-20 17:19:07.3355922,11,Info,Microsoft-Windows-Sysmon,Microsoft-Windows-Sysmon/Operational,2800,6224,TEMPEST,10,S-1-5-18,FileCreate,NT AUTHORITY\SYSTEM,,"ProcessID: 1316, ProcessGUID: 4bbef3ae-abac-62b0-a90a-000000000700",RuleName: DLL,Image: C:\Program Files\Common Files\Microsoft Shared\ClickToRun\Updates\16.0.15225.20288\OfficeClickToRun.exe,TargetFilename: C:\Program Files (x86)\Microsoft Office\Updates\Download\PackageFiles\8801DF78-4AAE-4735-B3E4-213DE154925A\root\Office16\MSOADFPS.DLL,,,,False,C:\Users\byte store\Desktop\Incident Files Tempest\sysmon.evtx,Classic,0,"{""EventData"":{""Data"":[{""@Name"":""RuleName"",""#text"":""DLL""},{""@Name"":""UtcTime"",""#text"":""2022-06-20 17:19:07.324""},{""@Name"":""ProcessGuid"",""#text"":""4bbef3ae-abac-62b0-a90a-000000000700""},{""@Name"":""ProcessId"",""#text"":""1316""},{""@Name"":""Image"",""#text"":""C:\\Program Files\\Common Files\\Microsoft Shared\\ClickToRun\\Updates\\16.0.15225.20288\\OfficeClickToRun.exe""},{""@Name"":""TargetFilename"",""#text"":""C:\\Program Files (x86)\\Microsoft Office\\Updates\\Download\\PackageFiles\\8801DF78-4AAE-4735-B3E4-213DE154925A\\root\\Office16\\MSOADFPS.DLL""},{""@Name"":""CreationUtcTime"",""#text"":""2022-06-20 17:19:07.324""},{""@Name"":""User"",""#text"":""NT AUTHORITY\\SYSTEM""}]}}"
625,8130,2022-06-20 17:19:07.3589402,11,Info,Microsoft-Windows-Sysmon,Microsoft-Windows-Sysmon/Operational,2800,6224,TEMPEST,10,S-1-5-18,FileCreate,NT AUTHORITY\SYSTEM,,"ProcessID: 1316, ProcessGUID: 4bbef3ae-abac-62b0-a90a-000000000700",RuleName: DLL,Image: C:\Program Files\Common Files\Microsoft Shared\ClickToRun\Updates\16.0.15225.20288\OfficeClickToRun.exe,TargetFilename: C:\Program Files (x86)\Microsoft Office\Updates\Download\PackageFiles\8801DF78-4AAE-4735-B3E4-213DE154925A\root\Office16\MSOARIA.DLL,,,,False,C:\Users\byte store\Desktop\Incident Files Tempest\sysmon.evtx,Classic,0,"{""EventData"":{""Data"":[{""@Name"":""RuleName"",""#text"":""DLL""},{""@Name"":""UtcTime"",""#text"":""2022-06-20 17:19:07.340""},{""@Name"":""ProcessGuid"",""#text"":""4bbef3ae-abac-62b0-a90a-000000000700""},{""@Name"":""ProcessId"",""#text"":""1316""},{""@Name"":""Image"",""#text"":""C:\\Program Files\\Common Files\\Microsoft Shared\\ClickToRun\\Updates\\16.0.15225.20288\\OfficeClickToRun.exe""},{""@Name"":""TargetFilename"",""#text"":""C:\\Program Files (x86)\\Microsoft Office\\Updates\\Download\\PackageFiles\\8801DF78-4AAE-4735-B3E4-213DE154925A\\root\\Office16\\MSOARIA.DLL""},{""@Name"":""CreationUtcTime"",""#text"":""2022-06-20 17:19:07.340""},{""@Name"":""User"",""#text"":""NT AUTHORITY\\SYSTEM""}]}}"
626,8131,2022-06-20 17:19:07.4089044,11,Info,Microsoft-Windows-Sysmon,Microsoft-Windows-Sysmon/Operational,2800,6224,TEMPEST,10,S-1-5-18,FileCreate,NT AUTHORITY\SYSTEM,,"ProcessID: 1316, ProcessGUID: 4bbef3ae-abac-62b0-a90a-000000000700",RuleName: DLL,Image: C:\Program Files\Common Files\Microsoft Shared\ClickToRun\Updates\16.0.15225.20288\OfficeClickToRun.exe,TargetFilename: C:\Program Files (x86)\Microsoft Office\Updates\Download\PackageFiles\8801DF78-4AAE-4735-B3E4-213DE154925A\root\Office16\MSOARIACAPI.DLL,,,,False,C:\Users\byte store\Desktop\Incident Files Tempest\sysmon.evtx,Classic,0,"{""EventData"":{""Data"":[{""@Name"":""RuleName"",""#text"":""DLL""},{""@Name"":""UtcTime"",""#text"":""2022-06-20 17:19:07.402""},{""@Name"":""ProcessGuid"",""#text"":""4bbef3ae-abac-62b0-a90a-000000000700""},{""@Name"":""ProcessId"",""#text"":""1316""},{""@Name"":""Image"",""#text"":""C:\\Program Files\\Common Files\\Microsoft Shared\\ClickToRun\\Updates\\16.0.15225.20288\\OfficeClickToRun.exe""},{""@Name"":""TargetFilename"",""#text"":""C:\\Program Files (x86)\\Microsoft Office\\Updates\\Download\\PackageFiles\\8801DF78-4AAE-4735-B3E4-213DE154925A\\root\\Office16\\MSOARIACAPI.DLL""},{""@Name"":""CreationUtcTime"",""#text"":""2022-06-20 17:19:07.402""},{""@Name"":""User"",""#text"":""NT AUTHORITY\\SYSTEM""}]}}"
627,8132,2022-06-20 17:19:07.4220017,11,Info,Microsoft-Windows-Sysmon,Microsoft-Windows-Sysmon/Operational,2800,6224,TEMPEST,10,S-1-5-18,FileCreate,NT AUTHORITY\SYSTEM,,"ProcessID: 1316, ProcessGUID: 4bbef3ae-abac-62b0-a90a-000000000700",RuleName: DLL,Image: C:\Program Files\Common Files\Microsoft Shared\ClickToRun\Updates\16.0.15225.20288\OfficeClickToRun.exe,TargetFilename: C:\Program Files (x86)\Microsoft Office\Updates\Download\PackageFiles\8801DF78-4AAE-4735-B3E4-213DE154925A\root\Office16\MSOARIANEXT.DLL,,,,False,C:\Users\byte store\Desktop\Incident Files Tempest\sysmon.evtx,Classic,0,"{""EventData"":{""Data"":[{""@Name"":""RuleName"",""#text"":""DLL""},{""@Name"":""UtcTime"",""#text"":""2022-06-20 17:19:07.418""},{""@Name"":""ProcessGuid"",""#text"":""4bbef3ae-abac-62b0-a90a-000000000700""},{""@Name"":""ProcessId"",""#text"":""1316""},{""@Name"":""Image"",""#text"":""C:\\Program Files\\Common Files\\Microsoft Shared\\ClickToRun\\Updates\\16.0.15225.20288\\OfficeClickToRun.exe""},{""@Name"":""TargetFilename"",""#text"":""C:\\Program Files (x86)\\Microsoft Office\\Updates\\Download\\PackageFiles\\8801DF78-4AAE-4735-B3E4-213DE154925A\\root\\Office16\\MSOARIANEXT.DLL""},{""@Name"":""CreationUtcTime"",""#text"":""2022-06-20 17:19:07.418""},{""@Name"":""User"",""#text"":""NT AUTHORITY\\SYSTEM""}]}}"
628,8133,2022-06-20 17:19:07.4301277,11,Info,Microsoft-Windows-Sysmon,Microsoft-Windows-Sysmon/Operational,2800,6224,TEMPEST,10,S-1-5-18,FileCreate,NT AUTHORITY\SYSTEM,,"ProcessID: 1316, ProcessGUID: 4bbef3ae-abac-62b0-a90a-000000000700",RuleName: DLL,Image: C:\Program Files\Common Files\Microsoft Shared\ClickToRun\Updates\16.0.15225.20288\OfficeClickToRun.exe,TargetFilename: C:\Program Files (x86)\Microsoft Office\Updates\Download\PackageFiles\8801DF78-4AAE-4735-B3E4-213DE154925A\root\Office16\MSOCR.DLL,,,,False,C:\Users\byte store\Desktop\Incident Files Tempest\sysmon.evtx,Classic,0,"{""EventData"":{""Data"":[{""@Name"":""RuleName"",""#text"":""DLL""},{""@Name"":""UtcTime"",""#text"":""2022-06-20 17:19:07.418""},{""@Name"":""ProcessGuid"",""#text"":""4bbef3ae-abac-62b0-a90a-000000000700""},{""@Name"":""ProcessId"",""#text"":""1316""},{""@Name"":""Image"",""#text"":""C:\\Program Files\\Common Files\\Microsoft Shared\\ClickToRun\\Updates\\16.0.15225.20288\\OfficeClickToRun.exe""},{""@Name"":""TargetFilename"",""#text"":""C:\\Program Files (x86)\\Microsoft Office\\Updates\\Download\\PackageFiles\\8801DF78-4AAE-4735-B3E4-213DE154925A\\root\\Office16\\MSOCR.DLL""},{""@Name"":""CreationUtcTime"",""#text"":""2022-06-20 17:19:07.418""},{""@Name"":""User"",""#text"":""NT AUTHORITY\\SYSTEM""}]}}"
629,8134,2022-06-20 17:19:07.4584865,11,Info,Microsoft-Windows-Sysmon,Microsoft-Windows-Sysmon/Operational,2800,6224,TEMPEST,10,S-1-5-18,FileCreate,NT AUTHORITY\SYSTEM,,"ProcessID: 1316, ProcessGUID: 4bbef3ae-abac-62b0-a90a-000000000700",RuleName: DLL,Image: C:\Program Files\Common Files\Microsoft Shared\ClickToRun\Updates\16.0.15225.20288\OfficeClickToRun.exe,TargetFilename: C:\Program Files (x86)\Microsoft Office\Updates\Download\PackageFiles\8801DF78-4AAE-4735-B3E4-213DE154925A\root\Office16\MSOHEV.DLL,,,,False,C:\Users\byte store\Desktop\Incident Files Tempest\sysmon.evtx,Classic,0,"{""EventData"":{""Data"":[{""@Name"":""RuleName"",""#text"":""DLL""},{""@Name"":""UtcTime"",""#text"":""2022-06-20 17:19:07.449""},{""@Name"":""ProcessGuid"",""#text"":""4bbef3ae-abac-62b0-a90a-000000000700""},{""@Name"":""ProcessId"",""#text"":""1316""},{""@Name"":""Image"",""#text"":""C:\\Program Files\\Common Files\\Microsoft Shared\\ClickToRun\\Updates\\16.0.15225.20288\\OfficeClickToRun.exe""},{""@Name"":""TargetFilename"",""#text"":""C:\\Program Files (x86)\\Microsoft Office\\Updates\\Download\\PackageFiles\\8801DF78-4AAE-4735-B3E4-213DE154925A\\root\\Office16\\MSOHEV.DLL""},{""@Name"":""CreationUtcTime"",""#text"":""2022-06-20 17:19:07.449""},{""@Name"":""User"",""#text"":""NT AUTHORITY\\SYSTEM""}]}}"
630,8135,2022-06-20 17:19:07.4810059,11,Info,Microsoft-Windows-Sysmon,Microsoft-Windows-Sysmon/Operational,2800,6224,TEMPEST,10,S-1-5-18,FileCreate,NT AUTHORITY\SYSTEM,,"ProcessID: 1316, ProcessGUID: 4bbef3ae-abac-62b0-a90a-000000000700",RuleName: DLL,Image: C:\Program Files\Common Files\Microsoft Shared\ClickToRun\Updates\16.0.15225.20288\OfficeClickToRun.exe,TargetFilename: C:\Program Files (x86)\Microsoft Office\Updates\Download\PackageFiles\8801DF78-4AAE-4735-B3E4-213DE154925A\root\Office16\MSOHEVI.DLL,,,,False,C:\Users\byte store\Desktop\Incident Files Tempest\sysmon.evtx,Classic,0,"{""EventData"":{""Data"":[{""@Name"":""RuleName"",""#text"":""DLL""},{""@Name"":""UtcTime"",""#text"":""2022-06-20 17:19:07.465""},{""@Name"":""ProcessGuid"",""#text"":""4bbef3ae-abac-62b0-a90a-000000000700""},{""@Name"":""ProcessId"",""#text"":""1316""},{""@Name"":""Image"",""#text"":""C:\\Program Files\\Common Files\\Microsoft Shared\\ClickToRun\\Updates\\16.0.15225.20288\\OfficeClickToRun.exe""},{""@Name"":""TargetFilename"",""#text"":""C:\\Program Files (x86)\\Microsoft Office\\Updates\\Download\\PackageFiles\\8801DF78-4AAE-4735-B3E4-213DE154925A\\root\\Office16\\MSOHEVI.DLL""},{""@Name"":""CreationUtcTime"",""#text"":""2022-06-20 17:19:07.465""},{""@Name"":""User"",""#text"":""NT AUTHORITY\\SYSTEM""}]}}"
