1347,8852,2022-06-20 17:21:25.8024110,11,Info,Microsoft-Windows-Sysmon,Microsoft-Windows-Sysmon/Operational,2800,6224,TEMPEST,22,S-1-5-18,FileCreate,NT AUTHORITY\SYSTEM,,"ProcessID: 1760, ProcessGUID: 4bbef3ae-8428-62b0-2f00-000000000700",RuleName: T1053,Image: C:\Windows\system32\svchost.exe,TargetFilename: C:\Windows\System32\Tasks\Microsoft\Office\Office Automatic Updates 2.0,,,,False,C:\Users\byte store\Desktop\Incident Files Tempest\sysmon.evtx,Classic,0,"{""EventData"":{""Data"":[{""@Name"":""RuleName"",""#text"":""T1053""},{""@Name"":""UtcTime"",""#text"":""2022-06-20 17:21:25.799""},{""@Name"":""ProcessGuid"",""#text"":""4bbef3ae-8428-62b0-2f00-000000000700""},{""@Name"":""ProcessId"",""#text"":""1760""},{""@Name"":""Image"",""#text"":""C:\\Windows\\system32\\svchost.exe""},{""@Name"":""TargetFilename"",""#text"":""C:\\Windows\\System32\\Tasks\\Microsoft\\Office\\Office Automatic Updates 2.0""},{""@Name"":""CreationUtcTime"",""#text"":""2022-06-20 17:07:27.919""},{""@Name"":""User"",""#text"":""NT AUTHORITY\\SYSTEM""}]}}"
1348,8853,2022-06-20 17:21:26.5838410,12,Info,Microsoft-Windows-Sysmon,Microsoft-Windows-Sysmon/Operational,2800,6224,TEMPEST,22,S-1-5-18,RegistryEvent (Object create and delete),NT AUTHORITY\SYSTEM,,"ProcessID: 6172, ProcessGUID: 4bbef3ae-ac96-62b0-d80a-000000000700","RuleName: T1183,IFEO",Image: C:\Program Files (x86)\Microsoft Office\root\integration\integrator.exe,EventType: DeleteValue,TargetObject: HKLM\SOFTWARE\Microsoft\Windows NT\CurrentVersion\Image File Execution Options\winword.exe\MitigationOptions,,,False,C:\Users\byte store\Desktop\Incident Files Tempest\sysmon.evtx,Classic,0,"{""EventData"":{""Data"":[{""@Name"":""RuleName"",""#text"":""T1183,IFEO""},{""@Name"":""EventType"",""#text"":""DeleteValue""},{""@Name"":""UtcTime"",""#text"":""2022-06-20 17:21:26.580""},{""@Name"":""ProcessGuid"",""#text"":""4bbef3ae-ac96-62b0-d80a-000000000700""},{""@Name"":""ProcessId"",""#text"":""6172""},{""@Name"":""Image"",""#text"":""C:\\Program Files (x86)\\Microsoft Office\\root\\integration\\integrator.exe""},{""@Name"":""TargetObject"",""#text"":""HKLM\\SOFTWARE\\Microsoft\\Windows NT\\CurrentVersion\\Image File Execution Options\\winword.exe\\MitigationOptions""},{""@Name"":""User"",""#text"":""NT AUTHORITY\\SYSTEM""}]}}"
1349,8854,2022-06-20 17:21:26.5839009,12,Info,Microsoft-Windows-Sysmon,Microsoft-Windows-Sysmon/Operational,2800,6224,TEMPEST,22,S-1-5-18,RegistryEvent (Object create and delete),NT AUTHORITY\SYSTEM,,"ProcessID: 6172, ProcessGUID: 4bbef3ae-ac96-62b0-d80a-000000000700","RuleName: T1183,IFEO",Image: C:\Program Files (x86)\Microsoft Office\root\integration\integrator.exe,EventType: DeleteKey,TargetObject: HKLM\SOFTWARE\Microsoft\Windows NT\CurrentVersion\Image File Execution Options\winword.exe,,,False,C:\Users\byte store\Desktop\Incident Files Tempest\sysmon.evtx,Classic,0,"{""EventData"":{""Data"":[{""@Name"":""RuleName"",""#text"":""T1183,IFEO""},{""@Name"":""EventType"",""#text"":""DeleteKey""},{""@Name"":""UtcTime"",""#text"":""2022-06-20 17:21:26.580""},{""@Name"":""ProcessGuid"",""#text"":""4bbef3ae-ac96-62b0-d80a-000000000700""},{""@Name"":""ProcessId"",""#text"":""6172""},{""@Name"":""Image"",""#text"":""C:\\Program Files (x86)\\Microsoft Office\\root\\integration\\integrator.exe""},{""@Name"":""TargetObject"",""#text"":""HKLM\\SOFTWARE\\Microsoft\\Windows NT\\CurrentVersion\\Image File Execution Options\\winword.exe""},{""@Name"":""User"",""#text"":""NT AUTHORITY\\SYSTEM""}]}}"
1350,8855,2022-06-20 17:21:26.6803414,12,Info,Microsoft-Windows-Sysmon,Microsoft-Windows-Sysmon/Operational,2800,6224,TEMPEST,22,S-1-5-18,RegistryEvent (Object create and delete),NT AUTHORITY\SYSTEM,,"ProcessID: 6172, ProcessGUID: 4bbef3ae-ac96-62b0-d80a-000000000700","RuleName: T1183,IFEO",Image: C:\Program Files (x86)\Microsoft Office\root\integration\integrator.exe,EventType: DeleteValue,TargetObject: HKLM\SOFTWARE\Microsoft\Windows NT\CurrentVersion\Image File Execution Options\clview.exe\MitigationOptions,,,False,C:\Users\byte store\Desktop\Incident Files Tempest\sysmon.evtx,Classic,0,"{""EventData"":{""Data"":[{""@Name"":""RuleName"",""#text"":""T1183,IFEO""},{""@Name"":""EventType"",""#text"":""DeleteValue""},{""@Name"":""UtcTime"",""#text"":""2022-06-20 17:21:26.675""},{""@Name"":""ProcessGuid"",""#text"":""4bbef3ae-ac96-62b0-d80a-000000000700""},{""@Name"":""ProcessId"",""#text"":""6172""},{""@Name"":""Image"",""#text"":""C:\\Program Files (x86)\\Microsoft Office\\root\\integration\\integrator.exe""},{""@Name"":""TargetObject"",""#text"":""HKLM\\SOFTWARE\\Microsoft\\Windows NT\\CurrentVersion\\Image File Execution Options\\clview.exe\\MitigationOptions""},{""@Name"":""User"",""#text"":""NT AUTHORITY\\SYSTEM""}]}}"
1351,8856,2022-06-20 17:21:26.6804036,12,Info,Microsoft-Windows-Sysmon,Microsoft-Windows-Sysmon/Operational,2800,6224,TEMPEST,22,S-1-5-18,RegistryEvent (Object create and delete),NT AUTHORITY\SYSTEM,,"ProcessID: 6172, ProcessGUID: 4bbef3ae-ac96-62b0-d80a-000000000700","RuleName: T1183,IFEO",Image: C:\Program Files (x86)\Microsoft Office\root\integration\integrator.exe,EventType: DeleteKey,TargetObject: HKLM\SOFTWARE\Microsoft\Windows NT\CurrentVersion\Image File Execution Options\clview.exe,,,False,C:\Users\byte store\Desktop\Incident Files Tempest\sysmon.evtx,Classic,0,"{""EventData"":{""Data"":[{""@Name"":""RuleName"",""#text"":""T1183,IFEO""},{""@Name"":""EventType"",""#text"":""DeleteKey""},{""@Name"":""UtcTime"",""#text"":""2022-06-20 17:21:26.675""},{""@Name"":""ProcessGuid"",""#text"":""4bbef3ae-ac96-62b0-d80a-000000000700""},{""@Name"":""ProcessId"",""#text"":""6172""},{""@Name"":""Image"",""#text"":""C:\\Program Files (x86)\\Microsoft Office\\root\\integration\\integrator.exe""},{""@Name"":""TargetObject"",""#text"":""HKLM\\SOFTWARE\\Microsoft\\Windows NT\\CurrentVersion\\Image File Execution Options\\clview.exe""},{""@Name"":""User"",""#text"":""NT AUTHORITY\\SYSTEM""}]}}"
1352,8857,2022-06-20 17:21:26.6805313,12,Info,Microsoft-Windows-Sysmon,Microsoft-Windows-Sysmon/Operational,2800,6224,TEMPEST,22,S-1-5-18,RegistryEvent (Object create and delete),NT AUTHORITY\SYSTEM,,"ProcessID: 6172, ProcessGUID: 4bbef3ae-ac96-62b0-d80a-000000000700","RuleName: T1183,IFEO",Image: C:\Program Files (x86)\Microsoft Office\root\integration\integrator.exe,EventType: DeleteValue,TargetObject: HKLM\SOFTWARE\Microsoft\Windows NT\CurrentVersion\Image File Execution Options\graph.exe\MitigationOptions,,,False,C:\Users\byte store\Desktop\Incident Files Tempest\sysmon.evtx,Classic,0,"{""EventData"":{""Data"":[{""@Name"":""RuleName"",""#text"":""T1183,IFEO""},{""@Name"":""EventType"",""#text"":""DeleteValue""},{""@Name"":""UtcTime"",""#text"":""2022-06-20 17:21:26.675""},{""@Name"":""ProcessGuid"",""#text"":""4bbef3ae-ac96-62b0-d80a-000000000700""},{""@Name"":""ProcessId"",""#text"":""6172""},{""@Name"":""Image"",""#text"":""C:\\Program Files (x86)\\Microsoft Office\\root\\integration\\integrator.exe""},{""@Name"":""TargetObject"",""#text"":""HKLM\\SOFTWARE\\Microsoft\\Windows NT\\CurrentVersion\\Image File Execution Options\\graph.exe\\MitigationOptions""},{""@Name"":""User"",""#text"":""NT AUTHORITY\\SYSTEM""}]}}"
1353,8858,2022-06-20 17:21:26.6805846,12,Info,Microsoft-Windows-Sysmon,Microsoft-Windows-Sysmon/Operational,2800,6224,TEMPEST,22,S-1-5-18,RegistryEvent (Object create and delete),NT AUTHORITY\SYSTEM,,"ProcessID: 6172, ProcessGUID: 4bbef3ae-ac96-62b0-d80a-000000000700","RuleName: T1183,IFEO",Image: C:\Program Files (x86)\Microsoft Office\root\integration\integrator.exe,EventType: DeleteKey,TargetObject: HKLM\SOFTWARE\Microsoft\Windows NT\CurrentVersion\Image File Execution Options\graph.exe,,,False,C:\Users\byte store\Desktop\Incident Files Tempest\sysmon.evtx,Classic,0,"{""EventData"":{""Data"":[{""@Name"":""RuleName"",""#text"":""T1183,IFEO""},{""@Name"":""EventType"",""#text"":""DeleteKey""},{""@Name"":""UtcTime"",""#text"":""2022-06-20 17:21:26.675""},{""@Name"":""ProcessGuid"",""#text"":""4bbef3ae-ac96-62b0-d80a-000000000700""},{""@Name"":""ProcessId"",""#text"":""6172""},{""@Name"":""Image"",""#text"":""C:\\Program Files (x86)\\Microsoft Office\\root\\integration\\integrator.exe""},{""@Name"":""TargetObject"",""#text"":""HKLM\\SOFTWARE\\Microsoft\\Windows NT\\CurrentVersion\\Image File Execution Options\\graph.exe""},{""@Name"":""User"",""#text"":""NT AUTHORITY\\SYSTEM""}]}}"
1354,8859,2022-06-20 17:21:26.6807228,12,Info,Microsoft-Windows-Sysmon,Microsoft-Windows-Sysmon/Operational,2800,6224,TEMPEST,22,S-1-5-18,RegistryEvent (Object create and delete),NT AUTHORITY\SYSTEM,,"ProcessID: 6172, ProcessGUID: 4bbef3ae-ac96-62b0-d80a-000000000700","RuleName: T1183,IFEO",Image: C:\Program Files (x86)\Microsoft Office\root\integration\integrator.exe,EventType: DeleteValue,TargetObject: HKLM\SOFTWARE\Microsoft\Windows NT\CurrentVersion\Image File Execution Options\selfcert.exe\MitigationOptions,,,False,C:\Users\byte store\Desktop\Incident Files Tempest\sysmon.evtx,Classic,0,"{""EventData"":{""Data"":[{""@Name"":""RuleName"",""#text"":""T1183,IFEO""},{""@Name"":""EventType"",""#text"":""DeleteValue""},{""@Name"":""UtcTime"",""#text"":""2022-06-20 17:21:26.675""},{""@Name"":""ProcessGuid"",""#text"":""4bbef3ae-ac96-62b0-d80a-000000000700""},{""@Name"":""ProcessId"",""#text"":""6172""},{""@Name"":""Image"",""#text"":""C:\\Program Files (x86)\\Microsoft Office\\root\\integration\\integrator.exe""},{""@Name"":""TargetObject"",""#text"":""HKLM\\SOFTWARE\\Microsoft\\Windows NT\\CurrentVersion\\Image File Execution Options\\selfcert.exe\\MitigationOptions""},{""@Name"":""User"",""#text"":""NT AUTHORITY\\SYSTEM""}]}}"
1355,8860,2022-06-20 17:21:26.6808217,12,Info,Microsoft-Windows-Sysmon,Microsoft-Windows-Sysmon/Operational,2800,6224,TEMPEST,22,S-1-5-18,RegistryEvent (Object create and delete),NT AUTHORITY\SYSTEM,,"ProcessID: 6172, ProcessGUID: 4bbef3ae-ac96-62b0-d80a-000000000700","RuleName: T1183,IFEO",Image: C:\Program Files (x86)\Microsoft Office\root\integration\integrator.exe,EventType: DeleteKey,TargetObject: HKLM\SOFTWARE\Microsoft\Windows NT\CurrentVersion\Image File Execution Options\selfcert.exe,,,False,C:\Users\byte store\Desktop\Incident Files Tempest\sysmon.evtx,Classic,0,"{""EventData"":{""Data"":[{""@Name"":""RuleName"",""#text"":""T1183,IFEO""},{""@Name"":""EventType"",""#text"":""DeleteKey""},{""@Name"":""UtcTime"",""#text"":""2022-06-20 17:21:26.675""},{""@Name"":""ProcessGuid"",""#text"":""4bbef3ae-ac96-62b0-d80a-000000000700""},{""@Name"":""ProcessId"",""#text"":""6172""},{""@Name"":""Image"",""#text"":""C:\\Program Files (x86)\\Microsoft Office\\root\\integration\\integrator.exe""},{""@Name"":""TargetObject"",""#text"":""HKLM\\SOFTWARE\\Microsoft\\Windows NT\\CurrentVersion\\Image File Execution Options\\selfcert.exe""},{""@Name"":""User"",""#text"":""NT AUTHORITY\\SYSTEM""}]}}"
1356,8861,2022-06-20 17:21:26.6810308,12,Info,Microsoft-Windows-Sysmon,Microsoft-Windows-Sysmon/Operational,2800,6224,TEMPEST,22,S-1-5-18,RegistryEvent (Object create and delete),NT AUTHORITY\SYSTEM,,"ProcessID: 6172, ProcessGUID: 4bbef3ae-ac96-62b0-d80a-000000000700","RuleName: T1183,IFEO",Image: C:\Program Files (x86)\Microsoft Office\root\integration\integrator.exe,EventType: DeleteValue,TargetObject: HKLM\SOFTWARE\Microsoft\Windows NT\CurrentVersion\Image File Execution Options\msohtmed.exe\MitigationOptions,,,False,C:\Users\byte store\Desktop\Incident Files Tempest\sysmon.evtx,Classic,0,"{""EventData"":{""Data"":[{""@Name"":""RuleName"",""#text"":""T1183,IFEO""},{""@Name"":""EventType"",""#text"":""DeleteValue""},{""@Name"":""UtcTime"",""#text"":""2022-06-20 17:21:26.675""},{""@Name"":""ProcessGuid"",""#text"":""4bbef3ae-ac96-62b0-d80a-000000000700""},{""@Name"":""ProcessId"",""#text"":""6172""},{""@Name"":""Image"",""#text"":""C:\\Program Files (x86)\\Microsoft Office\\root\\integration\\integrator.exe""},{""@Name"":""TargetObject"",""#text"":""HKLM\\SOFTWARE\\Microsoft\\Windows NT\\CurrentVersion\\Image File Execution Options\\msohtmed.exe\\MitigationOptions""},{""@Name"":""User"",""#text"":""NT AUTHORITY\\SYSTEM""}]}}"
1357,8862,2022-06-20 17:21:26.6810824,12,Info,Microsoft-Windows-Sysmon,Microsoft-Windows-Sysmon/Operational,2800,6224,TEMPEST,22,S-1-5-18,RegistryEvent (Object create and delete),NT AUTHORITY\SYSTEM,,"ProcessID: 6172, ProcessGUID: 4bbef3ae-ac96-62b0-d80a-000000000700","RuleName: T1183,IFEO",Image: C:\Program Files (x86)\Microsoft Office\root\integration\integrator.exe,EventType: DeleteKey,TargetObject: HKLM\SOFTWARE\Microsoft\Windows NT\CurrentVersion\Image File Execution Options\msohtmed.exe,,,False,C:\Users\byte store\Desktop\Incident Files Tempest\sysmon.evtx,Classic,0,"{""EventData"":{""Data"":[{""@Name"":""RuleName"",""#text"":""T1183,IFEO""},{""@Name"":""EventType"",""#text"":""DeleteKey""},{""@Name"":""UtcTime"",""#text"":""2022-06-20 17:21:26.675""},{""@Name"":""ProcessGuid"",""#text"":""4bbef3ae-ac96-62b0-d80a-000000000700""},{""@Name"":""ProcessId"",""#text"":""6172""},{""@Name"":""Image"",""#text"":""C:\\Program Files (x86)\\Microsoft Office\\root\\integration\\integrator.exe""},{""@Name"":""TargetObject"",""#text"":""HKLM\\SOFTWARE\\Microsoft\\Windows NT\\CurrentVersion\\Image File Execution Options\\msohtmed.exe""},{""@Name"":""User"",""#text"":""NT AUTHORITY\\SYSTEM""}]}}"
1358,8863,2022-06-20 17:21:26.6812189,12,Info,Microsoft-Windows-Sysmon,Microsoft-Windows-Sysmon/Operational,2800,6224,TEMPEST,22,S-1-5-18,RegistryEvent (Object create and delete),NT AUTHORITY\SYSTEM,,"ProcessID: 6172, ProcessGUID: 4bbef3ae-ac96-62b0-d80a-000000000700","RuleName: T1183,IFEO",Image: C:\Program Files (x86)\Microsoft Office\root\integration\integrator.exe,EventType: DeleteValue,TargetObject: HKLM\SOFTWARE\Microsoft\Windows NT\CurrentVersion\Image File Execution Options\setlang.exe\MitigationOptions,,,False,C:\Users\byte store\Desktop\Incident Files Tempest\sysmon.evtx,Classic,0,"{""EventData"":{""Data"":[{""@Name"":""RuleName"",""#text"":""T1183,IFEO""},{""@Name"":""EventType"",""#text"":""DeleteValue""},{""@Name"":""UtcTime"",""#text"":""2022-06-20 17:21:26.675""},{""@Name"":""ProcessGuid"",""#text"":""4bbef3ae-ac96-62b0-d80a-000000000700""},{""@Name"":""ProcessId"",""#text"":""6172""},{""@Name"":""Image"",""#text"":""C:\\Program Files (x86)\\Microsoft Office\\root\\integration\\integrator.exe""},{""@Name"":""TargetObject"",""#text"":""HKLM\\SOFTWARE\\Microsoft\\Windows NT\\CurrentVersion\\Image File Execution Options\\setlang.exe\\MitigationOptions""},{""@Name"":""User"",""#text"":""NT AUTHORITY\\SYSTEM""}]}}"
1359,8864,2022-06-20 17:21:26.6812688,12,Info,Microsoft-Windows-Sysmon,Microsoft-Windows-Sysmon/Operational,2800,6224,TEMPEST,22,S-1-5-18,RegistryEvent (Object create and delete),NT AUTHORITY\SYSTEM,,"ProcessID: 6172, ProcessGUID: 4bbef3ae-ac96-62b0-d80a-000000000700","RuleName: T1183,IFEO",Image: C:\Program Files (x86)\Microsoft Office\root\integration\integrator.exe,EventType: DeleteKey,TargetObject: HKLM\SOFTWARE\Microsoft\Windows NT\CurrentVersion\Image File Execution Options\setlang.exe,,,False,C:\Users\byte store\Desktop\Incident Files Tempest\sysmon.evtx,Classic,0,"{""EventData"":{""Data"":[{""@Name"":""RuleName"",""#text"":""T1183,IFEO""},{""@Name"":""EventType"",""#text"":""DeleteKey""},{""@Name"":""UtcTime"",""#text"":""2022-06-20 17:21:26.675""},{""@Name"":""ProcessGuid"",""#text"":""4bbef3ae-ac96-62b0-d80a-000000000700""},{""@Name"":""ProcessId"",""#text"":""6172""},{""@Name"":""Image"",""#text"":""C:\\Program Files (x86)\\Microsoft Office\\root\\integration\\integrator.exe""},{""@Name"":""TargetObject"",""#text"":""HKLM\\SOFTWARE\\Microsoft\\Windows NT\\CurrentVersion\\Image File Execution Options\\setlang.exe""},{""@Name"":""User"",""#text"":""NT AUTHORITY\\SYSTEM""}]}}"
1360,8865,2022-06-20 17:21:26.6813891,12,Info,Microsoft-Windows-Sysmon,Microsoft-Windows-Sysmon/Operational,2800,6224,TEMPEST,22,S-1-5-18,RegistryEvent (Object create and delete),NT AUTHORITY\SYSTEM,,"ProcessID: 6172, ProcessGUID: 4bbef3ae-ac96-62b0-d80a-000000000700","RuleName: T1183,IFEO",Image: C:\Program Files (x86)\Microsoft Office\root\integration\integrator.exe,EventType: DeleteValue,TargetObject: HKLM\SOFTWARE\Microsoft\Windows NT\CurrentVersion\Image File Execution Options\msqry32.exe\MitigationOptions,,,False,C:\Users\byte store\Desktop\Incident Files Tempest\sysmon.evtx,Classic,0,"{""EventData"":{""Data"":[{""@Name"":""RuleName"",""#text"":""T1183,IFEO""},{""@Name"":""EventType"",""#text"":""DeleteValue""},{""@Name"":""UtcTime"",""#text"":""2022-06-20 17:21:26.675""},{""@Name"":""ProcessGuid"",""#text"":""4bbef3ae-ac96-62b0-d80a-000000000700""},{""@Name"":""ProcessId"",""#text"":""6172""},{""@Name"":""Image"",""#text"":""C:\\Program Files (x86)\\Microsoft Office\\root\\integration\\integrator.exe""},{""@Name"":""TargetObject"",""#text"":""HKLM\\SOFTWARE\\Microsoft\\Windows NT\\CurrentVersion\\Image File Execution Options\\msqry32.exe\\MitigationOptions""},{""@Name"":""User"",""#text"":""NT AUTHORITY\\SYSTEM""}]}}"
1361,8866,2022-06-20 17:21:26.6814374,12,Info,Microsoft-Windows-Sysmon,Microsoft-Windows-Sysmon/Operational,2800,6224,TEMPEST,22,S-1-5-18,RegistryEvent (Object create and delete),NT AUTHORITY\SYSTEM,,"ProcessID: 6172, ProcessGUID: 4bbef3ae-ac96-62b0-d80a-000000000700","RuleName: T1183,IFEO",Image: C:\Program Files (x86)\Microsoft Office\root\integration\integrator.exe,EventType: DeleteKey,TargetObject: HKLM\SOFTWARE\Microsoft\Windows NT\CurrentVersion\Image File Execution Options\msqry32.exe,,,False,C:\Users\byte store\Desktop\Incident Files Tempest\sysmon.evtx,Classic,0,"{""EventData"":{""Data"":[{""@Name"":""RuleName"",""#text"":""T1183,IFEO""},{""@Name"":""EventType"",""#text"":""DeleteKey""},{""@Name"":""UtcTime"",""#text"":""2022-06-20 17:21:26.675""},{""@Name"":""ProcessGuid"",""#text"":""4bbef3ae-ac96-62b0-d80a-000000000700""},{""@Name"":""ProcessId"",""#text"":""6172""},{""@Name"":""Image"",""#text"":""C:\\Program Files (x86)\\Microsoft Office\\root\\integration\\integrator.exe""},{""@Name"":""TargetObject"",""#text"":""HKLM\\SOFTWARE\\Microsoft\\Windows NT\\CurrentVersion\\Image File Execution Options\\msqry32.exe""},{""@Name"":""User"",""#text"":""NT AUTHORITY\\SYSTEM""}]}}"
1362,8867,2022-06-20 17:21:26.6815590,12,Info,Microsoft-Windows-Sysmon,Microsoft-Windows-Sysmon/Operational,2800,6224,TEMPEST,22,S-1-5-18,RegistryEvent (Object create and delete),NT AUTHORITY\SYSTEM,,"ProcessID: 6172, ProcessGUID: 4bbef3ae-ac96-62b0-d80a-000000000700","RuleName: T1183,IFEO",Image: C:\Program Files (x86)\Microsoft Office\root\integration\integrator.exe,EventType: DeleteValue,TargetObject: HKLM\SOFTWARE\Microsoft\Windows NT\CurrentVersion\Image File Execution Options\msoxmled.exe\MitigationOptions,,,False,C:\Users\byte store\Desktop\Incident Files Tempest\sysmon.evtx,Classic,0,"{""EventData"":{""Data"":[{""@Name"":""RuleName"",""#text"":""T1183,IFEO""},{""@Name"":""EventType"",""#text"":""DeleteValue""},{""@Name"":""UtcTime"",""#text"":""2022-06-20 17:21:26.675""},{""@Name"":""ProcessGuid"",""#text"":""4bbef3ae-ac96-62b0-d80a-000000000700""},{""@Name"":""ProcessId"",""#text"":""6172""},{""@Name"":""Image"",""#text"":""C:\\Program Files (x86)\\Microsoft Office\\root\\integration\\integrator.exe""},{""@Name"":""TargetObject"",""#text"":""HKLM\\SOFTWARE\\Microsoft\\Windows NT\\CurrentVersion\\Image File Execution Options\\msoxmled.exe\\MitigationOptions""},{""@Name"":""User"",""#text"":""NT AUTHORITY\\SYSTEM""}]}}"
1363,8868,2022-06-20 17:21:26.6816084,12,Info,Microsoft-Windows-Sysmon,Microsoft-Windows-Sysmon/Operational,2800,6224,TEMPEST,22,S-1-5-18,RegistryEvent (Object create and delete),NT AUTHORITY\SYSTEM,,"ProcessID: 6172, ProcessGUID: 4bbef3ae-ac96-62b0-d80a-000000000700","RuleName: T1183,IFEO",Image: C:\Program Files (x86)\Microsoft Office\root\integration\integrator.exe,EventType: DeleteKey,TargetObject: HKLM\SOFTWARE\Microsoft\Windows NT\CurrentVersion\Image File Execution Options\msoxmled.exe,,,False,C:\Users\byte store\Desktop\Incident Files Tempest\sysmon.evtx,Classic,0,"{""EventData"":{""Data"":[{""@Name"":""RuleName"",""#text"":""T1183,IFEO""},{""@Name"":""EventType"",""#text"":""DeleteKey""},{""@Name"":""UtcTime"",""#text"":""2022-06-20 17:21:26.675""},{""@Name"":""ProcessGuid"",""#text"":""4bbef3ae-ac96-62b0-d80a-000000000700""},{""@Name"":""ProcessId"",""#text"":""6172""},{""@Name"":""Image"",""#text"":""C:\\Program Files (x86)\\Microsoft Office\\root\\integration\\integrator.exe""},{""@Name"":""TargetObject"",""#text"":""HKLM\\SOFTWARE\\Microsoft\\Windows NT\\CurrentVersion\\Image File Execution Options\\msoxmled.exe""},{""@Name"":""User"",""#text"":""NT AUTHORITY\\SYSTEM""}]}}"
1364,8869,2022-06-20 17:21:26.6817317,12,Info,Microsoft-Windows-Sysmon,Microsoft-Windows-Sysmon/Operational,2800,6224,TEMPEST,22,S-1-5-18,RegistryEvent (Object create and delete),NT AUTHORITY\SYSTEM,,"ProcessID: 6172, ProcessGUID: 4bbef3ae-ac96-62b0-d80a-000000000700","RuleName: T1183,IFEO",Image: C:\Program Files (x86)\Microsoft Office\root\integration\integrator.exe,EventType: DeleteValue,TargetObject: HKLM\SOFTWARE\Microsoft\Windows NT\CurrentVersion\Image File Execution Options\excelcnv.exe\MitigationOptions,,,False,C:\Users\byte store\Desktop\Incident Files Tempest\sysmon.evtx,Classic,0,"{""EventData"":{""Data"":[{""@Name"":""RuleName"",""#text"":""T1183,IFEO""},{""@Name"":""EventType"",""#text"":""DeleteValue""},{""@Name"":""UtcTime"",""#text"":""2022-06-20 17:21:26.675""},{""@Name"":""ProcessGuid"",""#text"":""4bbef3ae-ac96-62b0-d80a-000000000700""},{""@Name"":""ProcessId"",""#text"":""6172""},{""@Name"":""Image"",""#text"":""C:\\Program Files (x86)\\Microsoft Office\\root\\integration\\integrator.exe""},{""@Name"":""TargetObject"",""#text"":""HKLM\\SOFTWARE\\Microsoft\\Windows NT\\CurrentVersion\\Image File Execution Options\\excelcnv.exe\\MitigationOptions""},{""@Name"":""User"",""#text"":""NT AUTHORITY\\SYSTEM""}]}}"
1365,8870,2022-06-20 17:21:26.6819552,12,Info,Microsoft-Windows-Sysmon,Microsoft-Windows-Sysmon/Operational,2800,6224,TEMPEST,22,S-1-5-18,RegistryEvent (Object create and delete),NT AUTHORITY\SYSTEM,,"ProcessID: 6172, ProcessGUID: 4bbef3ae-ac96-62b0-d80a-000000000700","RuleName: T1183,IFEO",Image: C:\Program Files (x86)\Microsoft Office\root\integration\integrator.exe,EventType: DeleteKey,TargetObject: HKLM\SOFTWARE\Microsoft\Windows NT\CurrentVersion\Image File Execution Options\excelcnv.exe,,,False,C:\Users\byte store\Desktop\Incident Files Tempest\sysmon.evtx,Classic,0,"{""EventData"":{""Data"":[{""@Name"":""RuleName"",""#text"":""T1183,IFEO""},{""@Name"":""EventType"",""#text"":""DeleteKey""},{""@Name"":""UtcTime"",""#text"":""2022-06-20 17:21:26.675""},{""@Name"":""ProcessGuid"",""#text"":""4bbef3ae-ac96-62b0-d80a-000000000700""},{""@Name"":""ProcessId"",""#text"":""6172""},{""@Name"":""Image"",""#text"":""C:\\Program Files (x86)\\Microsoft Office\\root\\integration\\integrator.exe""},{""@Name"":""TargetObject"",""#text"":""HKLM\\SOFTWARE\\Microsoft\\Windows NT\\CurrentVersion\\Image File Execution Options\\excelcnv.exe""},{""@Name"":""User"",""#text"":""NT AUTHORITY\\SYSTEM""}]}}"
1366,8871,2022-06-20 17:21:26.6821894,12,Info,Microsoft-Windows-Sysmon,Microsoft-Windows-Sysmon/Operational,2800,6224,TEMPEST,22,S-1-5-18,RegistryEvent (Object create and delete),NT AUTHORITY\SYSTEM,,"ProcessID: 6172, ProcessGUID: 4bbef3ae-ac96-62b0-d80a-000000000700","RuleName: T1183,IFEO",Image: C:\Program Files (x86)\Microsoft Office\root\integration\integrator.exe,EventType: DeleteValue,TargetObject: HKLM\SOFTWARE\Microsoft\Windows NT\CurrentVersion\Image File Execution Options\wordconv.exe\MitigationOptions,,,False,C:\Users\byte store\Desktop\Incident Files Tempest\sysmon.evtx,Classic,0,"{""EventData"":{""Data"":[{""@Name"":""RuleName"",""#text"":""T1183,IFEO""},{""@Name"":""EventType"",""#text"":""DeleteValue""},{""@Name"":""UtcTime"",""#text"":""2022-06-20 17:21:26.675""},{""@Name"":""ProcessGuid"",""#text"":""4bbef3ae-ac96-62b0-d80a-000000000700""},{""@Name"":""ProcessId"",""#text"":""6172""},{""@Name"":""Image"",""#text"":""C:\\Program Files (x86)\\Microsoft Office\\root\\integration\\integrator.exe""},{""@Name"":""TargetObject"",""#text"":""HKLM\\SOFTWARE\\Microsoft\\Windows NT\\CurrentVersion\\Image File Execution Options\\wordconv.exe\\MitigationOptions""},{""@Name"":""User"",""#text"":""NT AUTHORITY\\SYSTEM""}]}}"
1367,8872,2022-06-20 17:21:26.6825452,12,Info,Microsoft-Windows-Sysmon,Microsoft-Windows-Sysmon/Operational,2800,6224,TEMPEST,22,S-1-5-18,RegistryEvent (Object create and delete),NT AUTHORITY\SYSTEM,,"ProcessID: 6172, ProcessGUID: 4bbef3ae-ac96-62b0-d80a-000000000700","RuleName: T1183,IFEO",Image: C:\Program Files (x86)\Microsoft Office\root\integration\integrator.exe,EventType: DeleteKey,TargetObject: HKLM\SOFTWARE\Microsoft\Windows NT\CurrentVersion\Image File Execution Options\wordconv.exe,,,False,C:\Users\byte store\Desktop\Incident Files Tempest\sysmon.evtx,Classic,0,"{""EventData"":{""Data"":[{""@Name"":""RuleName"",""#text"":""T1183,IFEO""},{""@Name"":""EventType"",""#text"":""DeleteKey""},{""@Name"":""UtcTime"",""#text"":""2022-06-20 17:21:26.675""},{""@Name"":""ProcessGuid"",""#text"":""4bbef3ae-ac96-62b0-d80a-000000000700""},{""@Name"":""ProcessId"",""#text"":""6172""},{""@Name"":""Image"",""#text"":""C:\\Program Files (x86)\\Microsoft Office\\root\\integration\\integrator.exe""},{""@Name"":""TargetObject"",""#text"":""HKLM\\SOFTWARE\\Microsoft\\Windows NT\\CurrentVersion\\Image File Execution Options\\wordconv.exe""},{""@Name"":""User"",""#text"":""NT AUTHORITY\\SYSTEM""}]}}"
1368,8873,2022-06-20 17:21:26.7990923,13,Info,Microsoft-Windows-Sysmon,Microsoft-Windows-Sysmon/Operational,2800,6224,TEMPEST,22,S-1-5-18,RegistryEvent (Value Set),NT AUTHORITY\SYSTEM,,"ProcessID: 6172, ProcessGUID: 4bbef3ae-ac96-62b0-d80a-000000000700",RuleName: -,Image: C:\Program Files (x86)\Microsoft Office\root\integration\integrator.exe,EventType: SetValue,TargetObject: HKLM\SOFTWARE\WOW6432Node\Microsoft\Office\16.0\ClickToRunStore\HKLM\SOFTWARE\Classes\PROTOCOLS\Handler\osf.16,Details: DWORD (0x00000001),,False,C:\Users\byte store\Desktop\Incident Files Tempest\sysmon.evtx,Classic,0,"{""EventData"":{""Data"":[{""@Name"":""RuleName"",""#text"":""-""},{""@Name"":""EventType"",""#text"":""SetValue""},{""@Name"":""UtcTime"",""#text"":""2022-06-20 17:21:26.784""},{""@Name"":""ProcessGuid"",""#text"":""4bbef3ae-ac96-62b0-d80a-000000000700""},{""@Name"":""ProcessId"",""#text"":""6172""},{""@Name"":""Image"",""#text"":""C:\\Program Files (x86)\\Microsoft Office\\root\\integration\\integrator.exe""},{""@Name"":""TargetObject"",""#text"":""HKLM\\SOFTWARE\\WOW6432Node\\Microsoft\\Office\\16.0\\ClickToRunStore\\HKLM\\SOFTWARE\\Classes\\PROTOCOLS\\Handler\\osf.16""},{""@Name"":""Details"",""#text"":""DWORD (0x00000001)""},{""@Name"":""User"",""#text"":""NT AUTHORITY\\SYSTEM""}]}}"
1369,8874,2022-06-20 17:21:26.8008093,13,Info,Microsoft-Windows-Sysmon,Microsoft-Windows-Sysmon/Operational,2800,6224,TEMPEST,22,S-1-5-18,RegistryEvent (Value Set),NT AUTHORITY\SYSTEM,,"ProcessID: 6172, ProcessGUID: 4bbef3ae-ac96-62b0-d80a-000000000700",RuleName: -,Image: C:\Program Files (x86)\Microsoft Office\root\integration\integrator.exe,EventType: SetValue,TargetObject: HKLM\SOFTWARE\WOW6432Node\Microsoft\Office\16.0\ClickToRunStore\HKLM\SOFTWARE\Classes\PROTOCOLS\Handler\osf-roaming.16,Details: DWORD (0x00000001),,False,C:\Users\byte store\Desktop\Incident Files Tempest\sysmon.evtx,Classic,0,"{""EventData"":{""Data"":[{""@Name"":""RuleName"",""#text"":""-""},{""@Name"":""EventType"",""#text"":""SetValue""},{""@Name"":""UtcTime"",""#text"":""2022-06-20 17:21:26.784""},{""@Name"":""ProcessGuid"",""#text"":""4bbef3ae-ac96-62b0-d80a-000000000700""},{""@Name"":""ProcessId"",""#text"":""6172""},{""@Name"":""Image"",""#text"":""C:\\Program Files (x86)\\Microsoft Office\\root\\integration\\integrator.exe""},{""@Name"":""TargetObject"",""#text"":""HKLM\\SOFTWARE\\WOW6432Node\\Microsoft\\Office\\16.0\\ClickToRunStore\\HKLM\\SOFTWARE\\Classes\\PROTOCOLS\\Handler\\osf-roaming.16""},{""@Name"":""Details"",""#text"":""DWORD (0x00000001)""},{""@Name"":""User"",""#text"":""NT AUTHORITY\\SYSTEM""}]}}"
1370,8875,2022-06-20 17:21:26.8012140,13,Info,Microsoft-Windows-Sysmon,Microsoft-Windows-Sysmon/Operational,2800,6224,TEMPEST,22,S-1-5-18,RegistryEvent (Value Set),NT AUTHORITY\SYSTEM,,"ProcessID: 6172, ProcessGUID: 4bbef3ae-ac96-62b0-d80a-000000000700",RuleName: -,Image: C:\Program Files (x86)\Microsoft Office\root\integration\integrator.exe,EventType: SetValue,TargetObject: HKLM\SOFTWARE\WOW6432Node\Microsoft\Office\16.0\ClickToRunStore\HKLM\SOFTWARE\Classes\PROTOCOLS\Handler\mso-minsb.16,Details: DWORD (0x00000001),,False,C:\Users\byte store\Desktop\Incident Files Tempest\sysmon.evtx,Classic,0,"{""EventData"":{""Data"":[{""@Name"":""RuleName"",""#text"":""-""},{""@Name"":""EventType"",""#text"":""SetValue""},{""@Name"":""UtcTime"",""#text"":""2022-06-20 17:21:26.800""},{""@Name"":""ProcessGuid"",""#text"":""4bbef3ae-ac96-62b0-d80a-000000000700""},{""@Name"":""ProcessId"",""#text"":""6172""},{""@Name"":""Image"",""#text"":""C:\\Program Files (x86)\\Microsoft Office\\root\\integration\\integrator.exe""},{""@Name"":""TargetObject"",""#text"":""HKLM\\SOFTWARE\\WOW6432Node\\Microsoft\\Office\\16.0\\ClickToRunStore\\HKLM\\SOFTWARE\\Classes\\PROTOCOLS\\Handler\\mso-minsb.16""},{""@Name"":""Details"",""#text"":""DWORD (0x00000001)""},{""@Name"":""User"",""#text"":""NT AUTHORITY\\SYSTEM""}]}}"
1371,8876,2022-06-20 17:21:26.8028636,13,Info,Microsoft-Windows-Sysmon,Microsoft-Windows-Sysmon/Operational,2800,6224,TEMPEST,22,S-1-5-18,RegistryEvent (Value Set),NT AUTHORITY\SYSTEM,,"ProcessID: 6172, ProcessGUID: 4bbef3ae-ac96-62b0-d80a-000000000700",RuleName: -,Image: C:\Program Files (x86)\Microsoft Office\root\integration\integrator.exe,EventType: SetValue,TargetObject: HKLM\SOFTWARE\WOW6432Node\Microsoft\Office\16.0\ClickToRunStore\HKLM\SOFTWARE\Classes\PROTOCOLS\Handler\mso-minsb-roaming.16,Details: DWORD (0x00000001),,False,C:\Users\byte store\Desktop\Incident Files Tempest\sysmon.evtx,Classic,0,"{""EventData"":{""Data"":[{""@Name"":""RuleName"",""#text"":""-""},{""@Name"":""EventType"",""#text"":""SetValue""},{""@Name"":""UtcTime"",""#text"":""2022-06-20 17:21:26.800""},{""@Name"":""ProcessGuid"",""#text"":""4bbef3ae-ac96-62b0-d80a-000000000700""},{""@Name"":""ProcessId"",""#text"":""6172""},{""@Name"":""Image"",""#text"":""C:\\Program Files (x86)\\Microsoft Office\\root\\integration\\integrator.exe""},{""@Name"":""TargetObject"",""#text"":""HKLM\\SOFTWARE\\WOW6432Node\\Microsoft\\Office\\16.0\\ClickToRunStore\\HKLM\\SOFTWARE\\Classes\\PROTOCOLS\\Handler\\mso-minsb-roaming.16""},{""@Name"":""Details"",""#text"":""DWORD (0x00000001)""},{""@Name"":""User"",""#text"":""NT AUTHORITY\\SYSTEM""}]}}"
1372,8877,2022-06-20 17:21:26.8115506,12,Info,Microsoft-Windows-Sysmon,Microsoft-Windows-Sysmon/Operational,2800,6224,TEMPEST,22,S-1-5-18,RegistryEvent (Object create and delete),NT AUTHORITY\SYSTEM,,"ProcessID: 6172, ProcessGUID: 4bbef3ae-ac96-62b0-d80a-000000000700",RuleName: -,Image: C:\Program Files (x86)\Microsoft Office\root\integration\integrator.exe,EventType: DeleteValue,TargetObject: HKLM\SOFTWARE\WOW6432Node\Microsoft\Windows\CurrentVersion\Shell Extensions\Approved\{E3956DCF-D1C7-4375-AAAA-22FF8191C479},,,False,C:\Users\byte store\Desktop\Incident Files Tempest\sysmon.evtx,Classic,0,"{""EventData"":{""Data"":[{""@Name"":""RuleName"",""#text"":""-""},{""@Name"":""EventType"",""#text"":""DeleteValue""},{""@Name"":""UtcTime"",""#text"":""2022-06-20 17:21:26.800""},{""@Name"":""ProcessGuid"",""#text"":""4bbef3ae-ac96-62b0-d80a-000000000700""},{""@Name"":""ProcessId"",""#text"":""6172""},{""@Name"":""Image"",""#text"":""C:\\Program Files (x86)\\Microsoft Office\\root\\integration\\integrator.exe""},{""@Name"":""TargetObject"",""#text"":""HKLM\\SOFTWARE\\WOW6432Node\\Microsoft\\Windows\\CurrentVersion\\Shell Extensions\\Approved\\{E3956DCF-D1C7-4375-AAAA-22FF8191C479}""},{""@Name"":""User"",""#text"":""NT AUTHORITY\\SYSTEM""}]}}"
1373,8878,2022-06-20 17:21:26.8117723,12,Info,Microsoft-Windows-Sysmon,Microsoft-Windows-Sysmon/Operational,2800,6224,TEMPEST,22,S-1-5-18,RegistryEvent (Object create and delete),NT AUTHORITY\SYSTEM,,"ProcessID: 6172, ProcessGUID: 4bbef3ae-ac96-62b0-d80a-000000000700",RuleName: -,Image: C:\Program Files (x86)\Microsoft Office\root\integration\integrator.exe,EventType: DeleteValue,TargetObject: HKLM\SOFTWARE\WOW6432Node\Microsoft\Windows\CurrentVersion\Shell Extensions\Approved\{33154C99-BF49-443D-A73C-303A23ABBE97},,,False,C:\Users\byte store\Desktop\Incident Files Tempest\sysmon.evtx,Classic,0,"{""EventData"":{""Data"":[{""@Name"":""RuleName"",""#text"":""-""},{""@Name"":""EventType"",""#text"":""DeleteValue""},{""@Name"":""UtcTime"",""#text"":""2022-06-20 17:21:26.800""},{""@Name"":""ProcessGuid"",""#text"":""4bbef3ae-ac96-62b0-d80a-000000000700""},{""@Name"":""ProcessId"",""#text"":""6172""},{""@Name"":""Image"",""#text"":""C:\\Program Files (x86)\\Microsoft Office\\root\\integration\\integrator.exe""},{""@Name"":""TargetObject"",""#text"":""HKLM\\SOFTWARE\\WOW6432Node\\Microsoft\\Windows\\CurrentVersion\\Shell Extensions\\Approved\\{33154C99-BF49-443D-A73C-303A23ABBE97}""},{""@Name"":""User"",""#text"":""NT AUTHORITY\\SYSTEM""}]}}"
1374,8879,2022-06-20 17:21:26.8118249,12,Info,Microsoft-Windows-Sysmon,Microsoft-Windows-Sysmon/Operational,2800,6224,TEMPEST,22,S-1-5-18,RegistryEvent (Object create and delete),NT AUTHORITY\SYSTEM,,"ProcessID: 6172, ProcessGUID: 4bbef3ae-ac96-62b0-d80a-000000000700",RuleName: -,Image: C:\Program Files (x86)\Microsoft Office\root\integration\integrator.exe,EventType: DeleteValue,TargetObject: HKLM\SOFTWARE\WOW6432Node\Microsoft\Windows\CurrentVersion\Shell Extensions\Approved\{01BE4CFB-129A-452B-A209-F9D40B3B84A5},,,False,C:\Users\byte store\Desktop\Incident Files Tempest\sysmon.evtx,Classic,0,"{""EventData"":{""Data"":[{""@Name"":""RuleName"",""#text"":""-""},{""@Name"":""EventType"",""#text"":""DeleteValue""},{""@Name"":""UtcTime"",""#text"":""2022-06-20 17:21:26.800""},{""@Name"":""ProcessGuid"",""#text"":""4bbef3ae-ac96-62b0-d80a-000000000700""},{""@Name"":""ProcessId"",""#text"":""6172""},{""@Name"":""Image"",""#text"":""C:\\Program Files (x86)\\Microsoft Office\\root\\integration\\integrator.exe""},{""@Name"":""TargetObject"",""#text"":""HKLM\\SOFTWARE\\WOW6432Node\\Microsoft\\Windows\\CurrentVersion\\Shell Extensions\\Approved\\{01BE4CFB-129A-452B-A209-F9D40B3B84A5}""},{""@Name"":""User"",""#text"":""NT AUTHORITY\\SYSTEM""}]}}"
1375,8880,2022-06-20 17:21:26.8120547,12,Info,Microsoft-Windows-Sysmon,Microsoft-Windows-Sysmon/Operational,2800,6224,TEMPEST,22,S-1-5-18,RegistryEvent (Object create and delete),NT AUTHORITY\SYSTEM,,"ProcessID: 6172, ProcessGUID: 4bbef3ae-ac96-62b0-d80a-000000000700",RuleName: -,Image: C:\Program Files (x86)\Microsoft Office\root\integration\integrator.exe,EventType: DeleteValue,TargetObject: HKLM\SOFTWARE\WOW6432Node\Microsoft\Windows\CurrentVersion\Shell Extensions\Approved\{5383EF74-273B-4278-AB0C-CDAA9FD5369E},,,False,C:\Users\byte store\Desktop\Incident Files Tempest\sysmon.evtx,Classic,0,"{""EventData"":{""Data"":[{""@Name"":""RuleName"",""#text"":""-""},{""@Name"":""EventType"",""#text"":""DeleteValue""},{""@Name"":""UtcTime"",""#text"":""2022-06-20 17:21:26.800""},{""@Name"":""ProcessGuid"",""#text"":""4bbef3ae-ac96-62b0-d80a-000000000700""},{""@Name"":""ProcessId"",""#text"":""6172""},{""@Name"":""Image"",""#text"":""C:\\Program Files (x86)\\Microsoft Office\\root\\integration\\integrator.exe""},{""@Name"":""TargetObject"",""#text"":""HKLM\\SOFTWARE\\WOW6432Node\\Microsoft\\Windows\\CurrentVersion\\Shell Extensions\\Approved\\{5383EF74-273B-4278-AB0C-CDAA9FD5369E}""},{""@Name"":""User"",""#text"":""NT AUTHORITY\\SYSTEM""}]}}"
1376,8881,2022-06-20 17:21:26.8121067,12,Info,Microsoft-Windows-Sysmon,Microsoft-Windows-Sysmon/Operational,2800,6224,TEMPEST,22,S-1-5-18,RegistryEvent (Object create and delete),NT AUTHORITY\SYSTEM,,"ProcessID: 6172, ProcessGUID: 4bbef3ae-ac96-62b0-d80a-000000000700",RuleName: -,Image: C:\Program Files (x86)\Microsoft Office\root\integration\integrator.exe,EventType: DeleteValue,TargetObject: HKLM\SOFTWARE\WOW6432Node\Microsoft\Windows\CurrentVersion\Shell Extensions\Approved\{5985FC23-2588-4D9A-B38B-7E7AFFAB3155},,,False,C:\Users\byte store\Desktop\Incident Files Tempest\sysmon.evtx,Classic,0,"{""EventData"":{""Data"":[{""@Name"":""RuleName"",""#text"":""-""},{""@Name"":""EventType"",""#text"":""DeleteValue""},{""@Name"":""UtcTime"",""#text"":""2022-06-20 17:21:26.800""},{""@Name"":""ProcessGuid"",""#text"":""4bbef3ae-ac96-62b0-d80a-000000000700""},{""@Name"":""ProcessId"",""#text"":""6172""},{""@Name"":""Image"",""#text"":""C:\\Program Files (x86)\\Microsoft Office\\root\\integration\\integrator.exe""},{""@Name"":""TargetObject"",""#text"":""HKLM\\SOFTWARE\\WOW6432Node\\Microsoft\\Windows\\CurrentVersion\\Shell Extensions\\Approved\\{5985FC23-2588-4D9A-B38B-7E7AFFAB3155}""},{""@Name"":""User"",""#text"":""NT AUTHORITY\\SYSTEM""}]}}"
1377,8882,2022-06-20 17:21:26.8185151,12,Info,Microsoft-Windows-Sysmon,Microsoft-Windows-Sysmon/Operational,2800,6224,TEMPEST,22,S-1-5-18,RegistryEvent (Object create and delete),NT AUTHORITY\SYSTEM,,"ProcessID: 6172, ProcessGUID: 4bbef3ae-ac96-62b0-d80a-000000000700",RuleName: -,Image: C:\Program Files (x86)\Microsoft Office\root\integration\integrator.exe,EventType: DeleteValue,TargetObject: HKLM\SOFTWARE\WOW6432Node\Microsoft\Windows\CurrentVersion\Shell Extensions\Approved\{C41662BB-1FA0-4CE0-8DC5-9B7F8279FF97},,,False,C:\Users\byte store\Desktop\Incident Files Tempest\sysmon.evtx,Classic,0,"{""EventData"":{""Data"":[{""@Name"":""RuleName"",""#text"":""-""},{""@Name"":""EventType"",""#text"":""DeleteValue""},{""@Name"":""UtcTime"",""#text"":""2022-06-20 17:21:26.815""},{""@Name"":""ProcessGuid"",""#text"":""4bbef3ae-ac96-62b0-d80a-000000000700""},{""@Name"":""ProcessId"",""#text"":""6172""},{""@Name"":""Image"",""#text"":""C:\\Program Files (x86)\\Microsoft Office\\root\\integration\\integrator.exe""},{""@Name"":""TargetObject"",""#text"":""HKLM\\SOFTWARE\\WOW6432Node\\Microsoft\\Windows\\CurrentVersion\\Shell Extensions\\Approved\\{C41662BB-1FA0-4CE0-8DC5-9B7F8279FF97}""},{""@Name"":""User"",""#text"":""NT AUTHORITY\\SYSTEM""}]}}"
1378,8883,2022-06-20 17:21:26.8186985,12,Info,Microsoft-Windows-Sysmon,Microsoft-Windows-Sysmon/Operational,2800,6224,TEMPEST,22,S-1-5-18,RegistryEvent (Object create and delete),NT AUTHORITY\SYSTEM,,"ProcessID: 6172, ProcessGUID: 4bbef3ae-ac96-62b0-d80a-000000000700",RuleName: -,Image: C:\Program Files (x86)\Microsoft Office\root\integration\integrator.exe,EventType: DeleteValue,TargetObject: HKLM\SOFTWARE\WOW6432Node\Microsoft\Windows\CurrentVersion\Shell Extensions\Approved\{72B66649-3DBF-429F-BD6F-7774A9784B78},,,False,C:\Users\byte store\Desktop\Incident Files Tempest\sysmon.evtx,Classic,0,"{""EventData"":{""Data"":[{""@Name"":""RuleName"",""#text"":""-""},{""@Name"":""EventType"",""#text"":""DeleteValue""},{""@Name"":""UtcTime"",""#text"":""2022-06-20 17:21:26.815""},{""@Name"":""ProcessGuid"",""#text"":""4bbef3ae-ac96-62b0-d80a-000000000700""},{""@Name"":""ProcessId"",""#text"":""6172""},{""@Name"":""Image"",""#text"":""C:\\Program Files (x86)\\Microsoft Office\\root\\integration\\integrator.exe""},{""@Name"":""TargetObject"",""#text"":""HKLM\\SOFTWARE\\WOW6432Node\\Microsoft\\Windows\\CurrentVersion\\Shell Extensions\\Approved\\{72B66649-3DBF-429F-BD6F-7774A9784B78}""},{""@Name"":""User"",""#text"":""NT AUTHORITY\\SYSTEM""}]}}"
1379,8884,2022-06-20 17:21:26.8187524,12,Info,Microsoft-Windows-Sysmon,Microsoft-Windows-Sysmon/Operational,2800,6224,TEMPEST,22,S-1-5-18,RegistryEvent (Object create and delete),NT AUTHORITY\SYSTEM,,"ProcessID: 6172, ProcessGUID: 4bbef3ae-ac96-62b0-d80a-000000000700",RuleName: -,Image: C:\Program Files (x86)\Microsoft Office\root\integration\integrator.exe,EventType: DeleteValue,TargetObject: HKLM\SOFTWARE\WOW6432Node\Microsoft\Windows\CurrentVersion\Shell Extensions\Approved\{35C5242B-7455-4F9C-962B-369EA43ED6F3},,,False,C:\Users\byte store\Desktop\Incident Files Tempest\sysmon.evtx,Classic,0,"{""EventData"":{""Data"":[{""@Name"":""RuleName"",""#text"":""-""},{""@Name"":""EventType"",""#text"":""DeleteValue""},{""@Name"":""UtcTime"",""#text"":""2022-06-20 17:21:26.815""},{""@Name"":""ProcessGuid"",""#text"":""4bbef3ae-ac96-62b0-d80a-000000000700""},{""@Name"":""ProcessId"",""#text"":""6172""},{""@Name"":""Image"",""#text"":""C:\\Program Files (x86)\\Microsoft Office\\root\\integration\\integrator.exe""},{""@Name"":""TargetObject"",""#text"":""HKLM\\SOFTWARE\\WOW6432Node\\Microsoft\\Windows\\CurrentVersion\\Shell Extensions\\Approved\\{35C5242B-7455-4F9C-962B-369EA43ED6F3}""},{""@Name"":""User"",""#text"":""NT AUTHORITY\\SYSTEM""}]}}"
1380,8885,2022-06-20 17:21:26.8189226,12,Info,Microsoft-Windows-Sysmon,Microsoft-Windows-Sysmon/Operational,2800,6224,TEMPEST,22,S-1-5-18,RegistryEvent (Object create and delete),NT AUTHORITY\SYSTEM,,"ProcessID: 6172, ProcessGUID: 4bbef3ae-ac96-62b0-d80a-000000000700",RuleName: -,Image: C:\Program Files (x86)\Microsoft Office\root\integration\integrator.exe,EventType: DeleteValue,TargetObject: HKLM\SOFTWARE\WOW6432Node\Microsoft\Windows\CurrentVersion\Shell Extensions\Approved\{AFE9E2F0-5BBA-4169-A33B-EE3727AC3482},,,False,C:\Users\byte store\Desktop\Incident Files Tempest\sysmon.evtx,Classic,0,"{""EventData"":{""Data"":[{""@Name"":""RuleName"",""#text"":""-""},{""@Name"":""EventType"",""#text"":""DeleteValue""},{""@Name"":""UtcTime"",""#text"":""2022-06-20 17:21:26.815""},{""@Name"":""ProcessGuid"",""#text"":""4bbef3ae-ac96-62b0-d80a-000000000700""},{""@Name"":""ProcessId"",""#text"":""6172""},{""@Name"":""Image"",""#text"":""C:\\Program Files (x86)\\Microsoft Office\\root\\integration\\integrator.exe""},{""@Name"":""TargetObject"",""#text"":""HKLM\\SOFTWARE\\WOW6432Node\\Microsoft\\Windows\\CurrentVersion\\Shell Extensions\\Approved\\{AFE9E2F0-5BBA-4169-A33B-EE3727AC3482}""},{""@Name"":""User"",""#text"":""NT AUTHORITY\\SYSTEM""}]}}"
1381,8886,2022-06-20 17:21:26.8189733,12,Info,Microsoft-Windows-Sysmon,Microsoft-Windows-Sysmon/Operational,2800,6224,TEMPEST,22,S-1-5-18,RegistryEvent (Object create and delete),NT AUTHORITY\SYSTEM,,"ProcessID: 6172, ProcessGUID: 4bbef3ae-ac96-62b0-d80a-000000000700",RuleName: -,Image: C:\Program Files (x86)\Microsoft Office\root\integration\integrator.exe,EventType: DeleteValue,TargetObject: HKLM\SOFTWARE\WOW6432Node\Microsoft\Windows\CurrentVersion\Shell Extensions\Approved\{355822FC-86F1-4BE8-B5F0-A33736789641},,,False,C:\Users\byte store\Desktop\Incident Files Tempest\sysmon.evtx,Classic,0,"{""EventData"":{""Data"":[{""@Name"":""RuleName"",""#text"":""-""},{""@Name"":""EventType"",""#text"":""DeleteValue""},{""@Name"":""UtcTime"",""#text"":""2022-06-20 17:21:26.815""},{""@Name"":""ProcessGuid"",""#text"":""4bbef3ae-ac96-62b0-d80a-000000000700""},{""@Name"":""ProcessId"",""#text"":""6172""},{""@Name"":""Image"",""#text"":""C:\\Program Files (x86)\\Microsoft Office\\root\\integration\\integrator.exe""},{""@Name"":""TargetObject"",""#text"":""HKLM\\SOFTWARE\\WOW6432Node\\Microsoft\\Windows\\CurrentVersion\\Shell Extensions\\Approved\\{355822FC-86F1-4BE8-B5F0-A33736789641}""},{""@Name"":""User"",""#text"":""NT AUTHORITY\\SYSTEM""}]}}"
1382,8887,2022-06-20 17:21:26.9037027,12,Info,Microsoft-Windows-Sysmon,Microsoft-Windows-Sysmon/Operational,2800,6224,TEMPEST,22,S-1-5-18,RegistryEvent (Object create and delete),NT AUTHORITY\SYSTEM,,"ProcessID: 6172, ProcessGUID: 4bbef3ae-ac96-62b0-d80a-000000000700",RuleName: T1122,Image: C:\Program Files (x86)\Microsoft Office\root\integration\integrator.exe,EventType: DeleteValue,TargetObject: HKCR\VisioViewer.Viewer\shell\open\ddeexec\topic,,,False,C:\Users\byte store\Desktop\Incident Files Tempest\sysmon.evtx,Classic,0,"{""EventData"":{""Data"":[{""@Name"":""RuleName"",""#text"":""T1122""},{""@Name"":""EventType"",""#text"":""DeleteValue""},{""@Name"":""UtcTime"",""#text"":""2022-06-20 17:21:26.894""},{""@Name"":""ProcessGuid"",""#text"":""4bbef3ae-ac96-62b0-d80a-000000000700""},{""@Name"":""ProcessId"",""#text"":""6172""},{""@Name"":""Image"",""#text"":""C:\\Program Files (x86)\\Microsoft Office\\root\\integration\\integrator.exe""},{""@Name"":""TargetObject"",""#text"":""HKCR\\VisioViewer.Viewer\\shell\\open\\ddeexec\\topic""},{""@Name"":""User"",""#text"":""NT AUTHORITY\\SYSTEM""}]}}"
1383,8888,2022-06-20 17:21:26.9040154,12,Info,Microsoft-Windows-Sysmon,Microsoft-Windows-Sysmon/Operational,2800,6224,TEMPEST,22,S-1-5-18,RegistryEvent (Object create and delete),NT AUTHORITY\SYSTEM,,"ProcessID: 6172, ProcessGUID: 4bbef3ae-ac96-62b0-d80a-000000000700",RuleName: T1122,Image: C:\Program Files (x86)\Microsoft Office\root\integration\integrator.exe,EventType: DeleteValue,TargetObject: HKCR\VisioViewer.Viewer\shell\open\ddeexec\Application,,,False,C:\Users\byte store\Desktop\Incident Files Tempest\sysmon.evtx,Classic,0,"{""EventData"":{""Data"":[{""@Name"":""RuleName"",""#text"":""T1122""},{""@Name"":""EventType"",""#text"":""DeleteValue""},{""@Name"":""UtcTime"",""#text"":""2022-06-20 17:21:26.894""},{""@Name"":""ProcessGuid"",""#text"":""4bbef3ae-ac96-62b0-d80a-000000000700""},{""@Name"":""ProcessId"",""#text"":""6172""},{""@Name"":""Image"",""#text"":""C:\\Program Files (x86)\\Microsoft Office\\root\\integration\\integrator.exe""},{""@Name"":""TargetObject"",""#text"":""HKCR\\VisioViewer.Viewer\\shell\\open\\ddeexec\\Application""},{""@Name"":""User"",""#text"":""NT AUTHORITY\\SYSTEM""}]}}"
1384,8889,2022-06-20 17:21:26.9044082,12,Info,Microsoft-Windows-Sysmon,Microsoft-Windows-Sysmon/Operational,2800,6224,TEMPEST,22,S-1-5-18,RegistryEvent (Object create and delete),NT AUTHORITY\SYSTEM,,"ProcessID: 6172, ProcessGUID: 4bbef3ae-ac96-62b0-d80a-000000000700",RuleName: T1122,Image: C:\Program Files (x86)\Microsoft Office\root\integration\integrator.exe,EventType: DeleteKey,TargetObject: HKCR\VisioViewer.Viewer\shell\open\ddeexec\Application,,,False,C:\Users\byte store\Desktop\Incident Files Tempest\sysmon.evtx,Classic,0,"{""EventData"":{""Data"":[{""@Name"":""RuleName"",""#text"":""T1122""},{""@Name"":""EventType"",""#text"":""DeleteKey""},{""@Name"":""UtcTime"",""#text"":""2022-06-20 17:21:26.894""},{""@Name"":""ProcessGuid"",""#text"":""4bbef3ae-ac96-62b0-d80a-000000000700""},{""@Name"":""ProcessId"",""#text"":""6172""},{""@Name"":""Image"",""#text"":""C:\\Program Files (x86)\\Microsoft Office\\root\\integration\\integrator.exe""},{""@Name"":""TargetObject"",""#text"":""HKCR\\VisioViewer.Viewer\\shell\\open\\ddeexec\\Application""},{""@Name"":""User"",""#text"":""NT AUTHORITY\\SYSTEM""}]}}"
1385,8890,2022-06-20 17:21:26.9044626,13,Info,Microsoft-Windows-Sysmon,Microsoft-Windows-Sysmon/Operational,2800,6224,TEMPEST,22,S-1-5-18,RegistryEvent (Value Set),NT AUTHORITY\SYSTEM,,"ProcessID: 6172, ProcessGUID: 4bbef3ae-ac96-62b0-d80a-000000000700",RuleName: T1122,Image: C:\Program Files (x86)\Microsoft Office\root\integration\integrator.exe,EventType: SetValue,TargetObject: HKLM\SOFTWARE\WOW6432Node\Microsoft\Office\16.0\ClickToRunStore\HKLM\SOFTWARE\Classes\VisioViewer.Viewer\shell\open\ddeexec\Application,Details: DWORD (0x00000001),,False,C:\Users\byte store\Desktop\Incident Files Tempest\sysmon.evtx,Classic,0,"{""EventData"":{""Data"":[{""@Name"":""RuleName"",""#text"":""T1122""},{""@Name"":""EventType"",""#text"":""SetValue""},{""@Name"":""UtcTime"",""#text"":""2022-06-20 17:21:26.894""},{""@Name"":""ProcessGuid"",""#text"":""4bbef3ae-ac96-62b0-d80a-000000000700""},{""@Name"":""ProcessId"",""#text"":""6172""},{""@Name"":""Image"",""#text"":""C:\\Program Files (x86)\\Microsoft Office\\root\\integration\\integrator.exe""},{""@Name"":""TargetObject"",""#text"":""HKLM\\SOFTWARE\\WOW6432Node\\Microsoft\\Office\\16.0\\ClickToRunStore\\HKLM\\SOFTWARE\\Classes\\VisioViewer.Viewer\\shell\\open\\ddeexec\\Application""},{""@Name"":""Details"",""#text"":""DWORD (0x00000001)""},{""@Name"":""User"",""#text"":""NT AUTHORITY\\SYSTEM""}]}}"
1386,8891,2022-06-20 17:21:26.9298697,12,Info,Microsoft-Windows-Sysmon,Microsoft-Windows-Sysmon/Operational,2800,6224,TEMPEST,22,S-1-5-18,RegistryEvent (Object create and delete),NT AUTHORITY\SYSTEM,,"ProcessID: 6172, ProcessGUID: 4bbef3ae-ac96-62b0-d80a-000000000700",RuleName: -,Image: C:\Program Files (x86)\Microsoft Office\root\integration\integrator.exe,EventType: DeleteValue,TargetObject: HKLM\SOFTWARE\WOW6432Node\Microsoft\Windows\CurrentVersion\Shell Extensions\Approved\{506F4668-F13E-4AA1-BB04-B43203AB3CC0},,,False,C:\Users\byte store\Desktop\Incident Files Tempest\sysmon.evtx,Classic,0,"{""EventData"":{""Data"":[{""@Name"":""RuleName"",""#text"":""-""},{""@Name"":""EventType"",""#text"":""DeleteValue""},{""@Name"":""UtcTime"",""#text"":""2022-06-20 17:21:26.925""},{""@Name"":""ProcessGuid"",""#text"":""4bbef3ae-ac96-62b0-d80a-000000000700""},{""@Name"":""ProcessId"",""#text"":""6172""},{""@Name"":""Image"",""#text"":""C:\\Program Files (x86)\\Microsoft Office\\root\\integration\\integrator.exe""},{""@Name"":""TargetObject"",""#text"":""HKLM\\SOFTWARE\\WOW6432Node\\Microsoft\\Windows\\CurrentVersion\\Shell Extensions\\Approved\\{506F4668-F13E-4AA1-BB04-B43203AB3CC0}""},{""@Name"":""User"",""#text"":""NT AUTHORITY\\SYSTEM""}]}}"
