90,7595,2022-06-20 17:12:57.2720262,22,Info,Microsoft-Windows-Sysmon,Microsoft-Windows-Sysmon/Operational,2800,6188,TEMPEST,1,S-1-5-18,DNSEvent (DNS query),TEMPEST\benimaru,,"ProcessID: 4616, ProcessGUID: 4bbef3ae-aa86-62b0-140a-000000000700",RuleName: -,Image: C:\Program Files\Google\Chrome\Application\chrome.exe,QueryName: phishteam.xyz,QueryStatus: 0,QueryResults: 64:ff9b::a747:c7bf;::ffff:167.71.199.191;,,False,C:\Users\byte store\Desktop\Incident Files Tempest\sysmon.evtx,Classic,0,"{""EventData"":{""Data"":[{""@Name"":""RuleName"",""#text"":""-""},{""@Name"":""UtcTime"",""#text"":""2022-06-20 16:58:54.579""},{""@Name"":""ProcessGuid"",""#text"":""4bbef3ae-aa86-62b0-140a-000000000700""},{""@Name"":""ProcessId"",""#text"":""4616""},{""@Name"":""QueryName"",""#text"":""phishteam.xyz""},{""@Name"":""QueryStatus"",""#text"":""0""},{""@Name"":""QueryResults"",""#text"":""64:ff9b::a747:c7bf;::ffff:167.71.199.191;""},{""@Name"":""Image"",""#text"":""C:\\Program Files\\Google\\Chrome\\Application\\chrome.exe""},{""@Name"":""User"",""#text"":""TEMPEST\\benimaru""}]}}"
91,7596,2022-06-20 17:12:57.2747210,22,Info,Microsoft-Windows-Sysmon,Microsoft-Windows-Sysmon/Operational,2800,6188,TEMPEST,1,S-1-5-18,DNSEvent (DNS query),TEMPEST\benimaru,,"ProcessID: 4616, ProcessGUID: 4bbef3ae-aa86-62b0-140a-000000000700",RuleName: -,Image: C:\Program Files\Google\Chrome\Application\chrome.exe,QueryName: optimizationguide-pa.googleapis.com,QueryStatus: 0,QueryResults: 2404:6800:4005:815::200a;::ffff:142.250.207.74;,,False,C:\Users\byte store\Desktop\Incident Files Tempest\sysmon.evtx,Classic,0,"{""EventData"":{""Data"":[{""@Name"":""RuleName"",""#text"":""-""},{""@Name"":""UtcTime"",""#text"":""2022-06-20 16:58:55.820""},{""@Name"":""ProcessGuid"",""#text"":""4bbef3ae-aa86-62b0-140a-000000000700""},{""@Name"":""ProcessId"",""#text"":""4616""},{""@Name"":""QueryName"",""#text"":""optimizationguide-pa.googleapis.com""},{""@Name"":""QueryStatus"",""#text"":""0""},{""@Name"":""QueryResults"",""#text"":""2404:6800:4005:815::200a;::ffff:142.250.207.74;""},{""@Name"":""Image"",""#text"":""C:\\Program Files\\Google\\Chrome\\Application\\chrome.exe""},{""@Name"":""User"",""#text"":""TEMPEST\\benimaru""}]}}"
92,7597,2022-06-20 17:12:57.4472394,8,Info,Microsoft-Windows-Sysmon,Microsoft-Windows-Sysmon/Operational,2800,6224,TEMPEST,1,S-1-5-18,CreateRemoteThread,SourceUser: TEMPEST\benimaru | TargetUser: NT AUTHORITY\SYSTEM,,StartAddress: 0xFFFF9039B9D62E00,RuleName: -,"SourceProcessID: 1432, SourceProcessGUID: 4bbef3ae-aa8d-62b0-230a-000000000700",SourceImage: C:\Program Files\VMware\VMware Tools\vmtoolsd.exe,"TargetProcessID: 3728, TargetProcessGUID: 4bbef3ae-aa67-62b0-dd09-000000000700",TargetImage: C:\Windows\System32\csrss.exe,,False,C:\Users\byte store\Desktop\Incident Files Tempest\sysmon.evtx,Classic,0,"{""EventData"":{""Data"":[{""@Name"":""RuleName"",""#text"":""-""},{""@Name"":""UtcTime"",""#text"":""2022-06-20 17:12:57.445""},{""@Name"":""SourceProcessGuid"",""#text"":""4bbef3ae-aa8d-62b0-230a-000000000700""},{""@Name"":""SourceProcessId"",""#text"":""1432""},{""@Name"":""SourceImage"",""#text"":""C:\\Program Files\\VMware\\VMware Tools\\vmtoolsd.exe""},{""@Name"":""TargetProcessGuid"",""#text"":""4bbef3ae-aa67-62b0-dd09-000000000700""},{""@Name"":""TargetProcessId"",""#text"":""3728""},{""@Name"":""TargetImage"",""#text"":""C:\\Windows\\System32\\csrss.exe""},{""@Name"":""NewThreadId"",""#text"":""8464""},{""@Name"":""StartAddress"",""#text"":""0xFFFF9039B9D62E00""},{""@Name"":""StartModule"",""#text"":""-""},{""@Name"":""StartFunction"",""#text"":""-""},{""@Name"":""SourceUser"",""#text"":""TEMPEST\\benimaru""},{""@Name"":""TargetUser"",""#text"":""NT AUTHORITY\\SYSTEM""}]}}"
93,7598,2022-06-20 17:12:58.4765422,22,Info,Microsoft-Windows-Sysmon,Microsoft-Windows-Sysmon/Operational,2800,6188,TEMPEST,1,S-1-5-18,DNSEvent (DNS query),TEMPEST\benimaru,,"ProcessID: 4616, ProcessGUID: 4bbef3ae-aa86-62b0-140a-000000000700",RuleName: -,Image: C:\Program Files\Google\Chrome\Application\chrome.exe,QueryName: sb-ssl.google.com,QueryStatus: 0,QueryResults: type:  5 sb-ssl.l.google.com;2404:6800:4005:808::200e;::ffff:172.217.27.46;,,False,C:\Users\byte store\Desktop\Incident Files Tempest\sysmon.evtx,Classic,0,"{""EventData"":{""Data"":[{""@Name"":""RuleName"",""#text"":""-""},{""@Name"":""UtcTime"",""#text"":""2022-06-20 16:58:55.857""},{""@Name"":""ProcessGuid"",""#text"":""4bbef3ae-aa86-62b0-140a-000000000700""},{""@Name"":""ProcessId"",""#text"":""4616""},{""@Name"":""QueryName"",""#text"":""sb-ssl.google.com""},{""@Name"":""QueryStatus"",""#text"":""0""},{""@Name"":""QueryResults"",""#text"":""type:  5 sb-ssl.l.google.com;2404:6800:4005:808::200e;::ffff:172.217.27.46;""},{""@Name"":""Image"",""#text"":""C:\\Program Files\\Google\\Chrome\\Application\\chrome.exe""},{""@Name"":""User"",""#text"":""TEMPEST\\benimaru""}]}}"
94,7599,2022-06-20 17:12:58.7294057,15,Info,Microsoft-Windows-Sysmon,Microsoft-Windows-Sysmon/Operational,2800,6224,TEMPEST,1,S-1-5-18,FileCreateStreamHash,TEMPEST\benimaru,,"ProcessID: 8132, ProcessGUID: 4bbef3ae-aa99-62b0-2c0a-000000000700",RuleName: -,Image: C:\Program Files\Google\Chrome\Application\chrome.exe,TargetFilename: C:\Users\benimaru\Downloads\free_magicules.doc,"Hash: MD5=3BB23AD386E59304088DFD5AB05818C5,SHA256=78AD35149F3C8CCA7B950D755FAA32EB9315C5F49E6638AE9D515FCE1506B3C8,IMPHASH=00000000000000000000000000000000",,,False,C:\Users\byte store\Desktop\Incident Files Tempest\sysmon.evtx,Classic,0,"{""EventData"":{""Data"":[{""@Name"":""RuleName"",""#text"":""-""},{""@Name"":""UtcTime"",""#text"":""2022-06-20 17:12:58.702""},{""@Name"":""ProcessGuid"",""#text"":""4bbef3ae-aa99-62b0-2c0a-000000000700""},{""@Name"":""ProcessId"",""#text"":""8132""},{""@Name"":""Image"",""#text"":""C:\\Program Files\\Google\\Chrome\\Application\\chrome.exe""},{""@Name"":""TargetFilename"",""#text"":""C:\\Users\\benimaru\\Downloads\\free_magicules.doc""},{""@Name"":""CreationUtcTime"",""#text"":""2022-06-20 17:12:56.193""},{""@Name"":""Hash"",""#text"":""MD5=3BB23AD386E59304088DFD5AB05818C5,SHA256=78AD35149F3C8CCA7B950D755FAA32EB9315C5F49E6638AE9D515FCE1506B3C8,IMPHASH=00000000000000000000000000000000""},{""@Name"":""Contents"",""#text"":""-""},{""@Name"":""User"",""#text"":""TEMPEST\\benimaru""}]}}"
95,7600,2022-06-20 17:12:58.7294491,11,Info,Microsoft-Windows-Sysmon,Microsoft-Windows-Sysmon/Operational,2800,6224,TEMPEST,1,S-1-5-18,FileCreate,TEMPEST\benimaru,,"ProcessID: 8132, ProcessGUID: 4bbef3ae-aa99-62b0-2c0a-000000000700",RuleName: Downloads,Image: C:\Program Files\Google\Chrome\Application\chrome.exe,TargetFilename: C:\Users\benimaru\Downloads\free_magicules.doc:Zone.Identifier,,,,False,C:\Users\byte store\Desktop\Incident Files Tempest\sysmon.evtx,Classic,0,"{""EventData"":{""Data"":[{""@Name"":""RuleName"",""#text"":""Downloads""},{""@Name"":""UtcTime"",""#text"":""2022-06-20 17:12:58.702""},{""@Name"":""ProcessGuid"",""#text"":""4bbef3ae-aa99-62b0-2c0a-000000000700""},{""@Name"":""ProcessId"",""#text"":""8132""},{""@Name"":""Image"",""#text"":""C:\\Program Files\\Google\\Chrome\\Application\\chrome.exe""},{""@Name"":""TargetFilename"",""#text"":""C:\\Users\\benimaru\\Downloads\\free_magicules.doc:Zone.Identifier""},{""@Name"":""CreationUtcTime"",""#text"":""2022-06-20 17:12:56.193""},{""@Name"":""User"",""#text"":""TEMPEST\\benimaru""}]}}"
96,7601,2022-06-20 17:12:58.7295456,15,Info,Microsoft-Windows-Sysmon,Microsoft-Windows-Sysmon/Operational,2800,6224,TEMPEST,1,S-1-5-18,FileCreateStreamHash,TEMPEST\benimaru,,"ProcessID: 8132, ProcessGUID: 4bbef3ae-aa99-62b0-2c0a-000000000700",RuleName: -,Image: C:\Program Files\Google\Chrome\Application\chrome.exe,TargetFilename: C:\Users\benimaru\Downloads\free_magicules.doc:Zone.Identifier,"Hash: MD5=FBCCF14D504B7B2DBCB5A5BDA75BD93B,SHA256=EACD09517CE90D34BA562171D15AC40D302F0E691B439F91BE1B6406E25F5913,IMPHASH=00000000000000000000000000000000",,,False,C:\Users\byte store\Desktop\Incident Files Tempest\sysmon.evtx,Classic,0,"{""EventData"":{""Data"":[{""@Name"":""RuleName"",""#text"":""-""},{""@Name"":""UtcTime"",""#text"":""2022-06-20 17:12:58.703""},{""@Name"":""ProcessGuid"",""#text"":""4bbef3ae-aa99-62b0-2c0a-000000000700""},{""@Name"":""ProcessId"",""#text"":""8132""},{""@Name"":""Image"",""#text"":""C:\\Program Files\\Google\\Chrome\\Application\\chrome.exe""},{""@Name"":""TargetFilename"",""#text"":""C:\\Users\\benimaru\\Downloads\\free_magicules.doc:Zone.Identifier""},{""@Name"":""CreationUtcTime"",""#text"":""2022-06-20 17:12:56.193""},{""@Name"":""Hash"",""#text"":""MD5=FBCCF14D504B7B2DBCB5A5BDA75BD93B,SHA256=EACD09517CE90D34BA562171D15AC40D302F0E691B439F91BE1B6406E25F5913,IMPHASH=00000000000000000000000000000000""},{""@Name"":""Contents"",""#text"":""[ZoneTransfer]  ZoneId=3  ""},{""@Name"":""User"",""#text"":""TEMPEST\\benimaru""}]}}"
97,7602,2022-06-20 17:12:58.7295877,15,Info,Microsoft-Windows-Sysmon,Microsoft-Windows-Sysmon/Operational,2800,6224,TEMPEST,1,S-1-5-18,FileCreateStreamHash,TEMPEST\benimaru,,"ProcessID: 8132, ProcessGUID: 4bbef3ae-aa99-62b0-2c0a-000000000700",RuleName: -,Image: C:\Program Files\Google\Chrome\Application\chrome.exe,TargetFilename: C:\Users\benimaru\Downloads\free_magicules.doc,"Hash: MD5=3BB23AD386E59304088DFD5AB05818C5,SHA256=78AD35149F3C8CCA7B950D755FAA32EB9315C5F49E6638AE9D515FCE1506B3C8,IMPHASH=00000000000000000000000000000000",,,False,C:\Users\byte store\Desktop\Incident Files Tempest\sysmon.evtx,Classic,0,"{""EventData"":{""Data"":[{""@Name"":""RuleName"",""#text"":""-""},{""@Name"":""UtcTime"",""#text"":""2022-06-20 17:12:58.704""},{""@Name"":""ProcessGuid"",""#text"":""4bbef3ae-aa99-62b0-2c0a-000000000700""},{""@Name"":""ProcessId"",""#text"":""8132""},{""@Name"":""Image"",""#text"":""C:\\Program Files\\Google\\Chrome\\Application\\chrome.exe""},{""@Name"":""TargetFilename"",""#text"":""C:\\Users\\benimaru\\Downloads\\free_magicules.doc""},{""@Name"":""CreationUtcTime"",""#text"":""2022-06-20 17:12:56.193""},{""@Name"":""Hash"",""#text"":""MD5=3BB23AD386E59304088DFD5AB05818C5,SHA256=78AD35149F3C8CCA7B950D755FAA32EB9315C5F49E6638AE9D515FCE1506B3C8,IMPHASH=00000000000000000000000000000000""},{""@Name"":""Contents"",""#text"":""-""},{""@Name"":""User"",""#text"":""TEMPEST\\benimaru""}]}}"
98,7603,2022-06-20 17:12:58.7296302,15,Info,Microsoft-Windows-Sysmon,Microsoft-Windows-Sysmon/Operational,2800,6224,TEMPEST,1,S-1-5-18,FileCreateStreamHash,TEMPEST\benimaru,,"ProcessID: 8132, ProcessGUID: 4bbef3ae-aa99-62b0-2c0a-000000000700",RuleName: -,Image: C:\Program Files\Google\Chrome\Application\chrome.exe,TargetFilename: C:\Users\benimaru\Downloads\free_magicules.doc:Zone.Identifier,"Hash: MD5=BFCC206C2889A6D4B9C40AFC0D15B5AD,SHA256=BB5E195B013CEC786F519B86BC24EDCF497440DDA478346C605C6645C88295C8,IMPHASH=00000000000000000000000000000000",,,False,C:\Users\byte store\Desktop\Incident Files Tempest\sysmon.evtx,Classic,0,"{""EventData"":{""Data"":[{""@Name"":""RuleName"",""#text"":""-""},{""@Name"":""UtcTime"",""#text"":""2022-06-20 17:12:58.704""},{""@Name"":""ProcessGuid"",""#text"":""4bbef3ae-aa99-62b0-2c0a-000000000700""},{""@Name"":""ProcessId"",""#text"":""8132""},{""@Name"":""Image"",""#text"":""C:\\Program Files\\Google\\Chrome\\Application\\chrome.exe""},{""@Name"":""TargetFilename"",""#text"":""C:\\Users\\benimaru\\Downloads\\free_magicules.doc:Zone.Identifier""},{""@Name"":""CreationUtcTime"",""#text"":""2022-06-20 17:12:56.193""},{""@Name"":""Hash"",""#text"":""MD5=BFCC206C2889A6D4B9C40AFC0D15B5AD,SHA256=BB5E195B013CEC786F519B86BC24EDCF497440DDA478346C605C6645C88295C8,IMPHASH=00000000000000000000000000000000""},{""@Name"":""Contents"",""#text"":""[ZoneTransfer]  ZoneId=3  HostUrl=http://phishteam.xyz/02dcf07/free_magicules.doc  ""},{""@Name"":""User"",""#text"":""TEMPEST\\benimaru""}]}}"
99,7604,2022-06-20 17:12:59.6040432,13,Info,Microsoft-Windows-Sysmon,Microsoft-Windows-Sysmon/Operational,2800,6224,TEMPEST,1,S-1-5-18,RegistryEvent (Value Set),NT AUTHORITY\SYSTEM,,"ProcessID: 5048, ProcessGUID: 4bbef3ae-845b-62b0-b000-000000000700",RuleName: InvDB,Image: C:\Windows\system32\svchost.exe,EventType: SetValue,TargetObject: HKU\S-1-5-21-349058839-1848105669-1528301110-1001\Software\Microsoft\Windows NT\CurrentVersion\AppCompatFlags\Compatibility Assistant\Store\C:\Program Files (x86)\Microsoft OneDrive\21.220.1024.0005\Microsoft.SharePoint.exe,Details: Binary Data,,False,C:\Users\byte store\Desktop\Incident Files Tempest\sysmon.evtx,Classic,0,"{""EventData"":{""Data"":[{""@Name"":""RuleName"",""#text"":""InvDB""},{""@Name"":""EventType"",""#text"":""SetValue""},{""@Name"":""UtcTime"",""#text"":""2022-06-20 17:12:59.597""},{""@Name"":""ProcessGuid"",""#text"":""4bbef3ae-845b-62b0-b000-000000000700""},{""@Name"":""ProcessId"",""#text"":""5048""},{""@Name"":""Image"",""#text"":""C:\\Windows\\system32\\svchost.exe""},{""@Name"":""TargetObject"",""#text"":""HKU\\S-1-5-21-349058839-1848105669-1528301110-1001\\Software\\Microsoft\\Windows NT\\CurrentVersion\\AppCompatFlags\\Compatibility Assistant\\Store\\C:\\Program Files (x86)\\Microsoft OneDrive\\21.220.1024.0005\\Microsoft.SharePoint.exe""},{""@Name"":""Details"",""#text"":""Binary Data""},{""@Name"":""User"",""#text"":""NT AUTHORITY\\SYSTEM""}]}}"
100,7605,2022-06-20 17:13:02.5305222,22,Info,Microsoft-Windows-Sysmon,Microsoft-Windows-Sysmon/Operational,2800,6188,TEMPEST,1,S-1-5-18,DNSEvent (DNS query),TEMPEST\benimaru,,"ProcessID: 7784, ProcessGUID: 4bbef3ae-aa8f-62b0-260a-000000000700",RuleName: -,Image: C:\Program Files (x86)\Microsoft OneDrive\OneDrive.exe,QueryName: onedriveclucproddm20002.blob.core.windows.net,QueryStatus: 0,QueryResults: type:  5 blob.dsm07prdstr13a.store.core.windows.net;64:ff9b::143c:b224;::ffff:20.60.178.36;,,False,C:\Users\byte store\Desktop\Incident Files Tempest\sysmon.evtx,Classic,0,"{""EventData"":{""Data"":[{""@Name"":""RuleName"",""#text"":""-""},{""@Name"":""UtcTime"",""#text"":""2022-06-20 16:58:59.386""},{""@Name"":""ProcessGuid"",""#text"":""4bbef3ae-aa8f-62b0-260a-000000000700""},{""@Name"":""ProcessId"",""#text"":""7784""},{""@Name"":""QueryName"",""#text"":""onedriveclucproddm20002.blob.core.windows.net""},{""@Name"":""QueryStatus"",""#text"":""0""},{""@Name"":""QueryResults"",""#text"":""type:  5 blob.dsm07prdstr13a.store.core.windows.net;64:ff9b::143c:b224;::ffff:20.60.178.36;""},{""@Name"":""Image"",""#text"":""C:\\Program Files (x86)\\Microsoft OneDrive\\OneDrive.exe""},{""@Name"":""User"",""#text"":""TEMPEST\\benimaru""}]}}"
101,7606,2022-06-20 17:13:04.9556566,22,Info,Microsoft-Windows-Sysmon,Microsoft-Windows-Sysmon/Operational,2800,6188,TEMPEST,1,S-1-5-18,DNSEvent (DNS query),TEMPEST\benimaru,,"ProcessID: 7784, ProcessGUID: 4bbef3ae-aa8f-62b0-260a-000000000700",RuleName: -,Image: C:\Program Files (x86)\Microsoft OneDrive\OneDrive.exe,QueryName: onedriveclucprodbn20002.blob.core.windows.net,QueryStatus: 0,QueryResults: type:  5 blob.bnz14prdstr09a.store.core.windows.net;::ffff:20.150.36.228;,,False,C:\Users\byte store\Desktop\Incident Files Tempest\sysmon.evtx,Classic,0,"{""EventData"":{""Data"":[{""@Name"":""RuleName"",""#text"":""-""},{""@Name"":""UtcTime"",""#text"":""2022-06-20 16:59:01.624""},{""@Name"":""ProcessGuid"",""#text"":""4bbef3ae-aa8f-62b0-260a-000000000700""},{""@Name"":""ProcessId"",""#text"":""7784""},{""@Name"":""QueryName"",""#text"":""onedriveclucprodbn20002.blob.core.windows.net""},{""@Name"":""QueryStatus"",""#text"":""0""},{""@Name"":""QueryResults"",""#text"":""type:  5 blob.bnz14prdstr09a.store.core.windows.net;::ffff:20.150.36.228;""},{""@Name"":""Image"",""#text"":""C:\\Program Files (x86)\\Microsoft OneDrive\\OneDrive.exe""},{""@Name"":""User"",""#text"":""TEMPEST\\benimaru""}]}}"
102,7607,2022-06-20 17:13:12.4134959,1,Info,Microsoft-Windows-Sysmon,Microsoft-Windows-Sysmon/Operational,2800,6224,TEMPEST,1,S-1-5-18,Process creation,TEMPEST\benimaru,,"ProcessID: 496, ProcessGUID: 4bbef3ae-aaa8-62b0-2e0a-000000000700",RuleName: -,"MD5=09B09DC651D921FE022B16C234E64A12,SHA256=E25F32401FD3D25958B8B99F280F0325B232E54F185CC5D6E0710923005AC64A,IMPHASH=744185317F5DAAFAEB367DDD2932CC02",ParentProcess: -,"ParentProcessID: 6596, ParentProcessGUID: 00000000-0000-0000-0000-000000000000",ParentCommandLine: -,"""C:\Program Files (x86)\Microsoft Office\Root\Office16\WINWORD.EXE"" /n ""C:\Users\benimaru\Downloads\free_magicules.doc"" /o """"",False,C:\Users\byte store\Desktop\Incident Files Tempest\sysmon.evtx,Classic,0,"{""EventData"":{""Data"":[{""@Name"":""RuleName"",""#text"":""-""},{""@Name"":""UtcTime"",""#text"":""2022-06-20 17:13:12.410""},{""@Name"":""ProcessGuid"",""#text"":""4bbef3ae-aaa8-62b0-2e0a-000000000700""},{""@Name"":""ProcessId"",""#text"":""496""},{""@Name"":""Image"",""#text"":""C:\\Program Files (x86)\\Microsoft Office\\root\\Office16\\WINWORD.EXE""},{""@Name"":""FileVersion"",""#text"":""16.0.14026.20302""},{""@Name"":""Description"",""#text"":""Microsoft Word""},{""@Name"":""Product"",""#text"":""Microsoft Office""},{""@Name"":""Company"",""#text"":""Microsoft Corporation""},{""@Name"":""OriginalFileName"",""#text"":""WinWord.exe""},{""@Name"":""CommandLine"",""#text"":""\""C:\\Program Files (x86)\\Microsoft Office\\Root\\Office16\\WINWORD.EXE\"" /n \""C:\\Users\\benimaru\\Downloads\\free_magicules.doc\"" /o \""\""""},{""@Name"":""CurrentDirectory"",""#text"":""C:\\Users\\benimaru\\Downloads\\""},{""@Name"":""User"",""#text"":""TEMPEST\\benimaru""},{""@Name"":""LogonGuid"",""#text"":""4bbef3ae-aa76-62b0-cd6b-a40100000000""},{""@Name"":""LogonId"",""#text"":""0x1A46BCD""},{""@Name"":""TerminalSessionId"",""#text"":""10""},{""@Name"":""IntegrityLevel"",""#text"":""Medium""},{""@Name"":""Hashes"",""#text"":""MD5=09B09DC651D921FE022B16C234E64A12,SHA256=E25F32401FD3D25958B8B99F280F0325B232E54F185CC5D6E0710923005AC64A,IMPHASH=744185317F5DAAFAEB367DDD2932CC02""},{""@Name"":""ParentProcessGuid"",""#text"":""00000000-0000-0000-0000-000000000000""},{""@Name"":""ParentProcessId"",""#text"":""6596""},{""@Name"":""ParentImage"",""#text"":""-""},{""@Name"":""ParentCommandLine"",""#text"":""-""},{""@Name"":""ParentUser"",""#text"":""-""}]}}"
103,7608,2022-06-20 17:13:12.8820325,13,Info,Microsoft-Windows-Sysmon,Microsoft-Windows-Sysmon/Operational,2800,6224,TEMPEST,1,S-1-5-18,RegistryEvent (Value Set),TEMPEST\benimaru,,"ProcessID: 496, ProcessGUID: 4bbef3ae-aaa8-62b0-2e0a-000000000700","RuleName: Context,DeviceConnectedOrUpdated",Image: C:\Program Files (x86)\Microsoft Office\Root\Office16\WINWORD.EXE,EventType: SetValue,TargetObject: HKU\S-1-5-21-349058839-1848105669-1528301110-1001\Software\Microsoft\Office\Excel\Addins\AdHocReportingExcelClientLib.AdHocReportingExcelClientAddIn.1\FriendlyName,Details: Microsoft Power View for Excel,,False,C:\Users\byte store\Desktop\Incident Files Tempest\sysmon.evtx,Classic,0,"{""EventData"":{""Data"":[{""@Name"":""RuleName"",""#text"":""Context,DeviceConnectedOrUpdated""},{""@Name"":""EventType"",""#text"":""SetValue""},{""@Name"":""UtcTime"",""#text"":""2022-06-20 17:13:12.874""},{""@Name"":""ProcessGuid"",""#text"":""4bbef3ae-aaa8-62b0-2e0a-000000000700""},{""@Name"":""ProcessId"",""#text"":""496""},{""@Name"":""Image"",""#text"":""C:\\Program Files (x86)\\Microsoft Office\\Root\\Office16\\WINWORD.EXE""},{""@Name"":""TargetObject"",""#text"":""HKU\\S-1-5-21-349058839-1848105669-1528301110-1001\\Software\\Microsoft\\Office\\Excel\\Addins\\AdHocReportingExcelClientLib.AdHocReportingExcelClientAddIn.1\\FriendlyName""},{""@Name"":""Details"",""#text"":""Microsoft Power View for Excel""},{""@Name"":""User"",""#text"":""TEMPEST\\benimaru""}]}}"
104,7609,2022-06-20 17:13:12.8866193,13,Info,Microsoft-Windows-Sysmon,Microsoft-Windows-Sysmon/Operational,2800,6224,TEMPEST,1,S-1-5-18,RegistryEvent (Value Set),TEMPEST\benimaru,,"ProcessID: 496, ProcessGUID: 4bbef3ae-aaa8-62b0-2e0a-000000000700",RuleName: T1042,Image: C:\Program Files (x86)\Microsoft Office\Root\Office16\WINWORD.EXE,EventType: SetValue,TargetObject: HKU\S-1-5-21-349058839-1848105669-1528301110-1001_Classes\ocsmeet_auto_file\shell\edit\command\(Default),"Details: ""C:\Program Files (x86)\Microsoft Office\root\Office16\lync.exe"" ""%%1""",,False,C:\Users\byte store\Desktop\Incident Files Tempest\sysmon.evtx,Classic,0,"{""EventData"":{""Data"":[{""@Name"":""RuleName"",""#text"":""T1042""},{""@Name"":""EventType"",""#text"":""SetValue""},{""@Name"":""UtcTime"",""#text"":""2022-06-20 17:13:12.874""},{""@Name"":""ProcessGuid"",""#text"":""4bbef3ae-aaa8-62b0-2e0a-000000000700""},{""@Name"":""ProcessId"",""#text"":""496""},{""@Name"":""Image"",""#text"":""C:\\Program Files (x86)\\Microsoft Office\\Root\\Office16\\WINWORD.EXE""},{""@Name"":""TargetObject"",""#text"":""HKU\\S-1-5-21-349058839-1848105669-1528301110-1001_Classes\\ocsmeet_auto_file\\shell\\edit\\command\\(Default)""},{""@Name"":""Details"",""#text"":""\""C:\\Program Files (x86)\\Microsoft Office\\root\\Office16\\lync.exe\"" \""%%1\""""},{""@Name"":""User"",""#text"":""TEMPEST\\benimaru""}]}}"
105,7610,2022-06-20 17:13:12.8866878,13,Info,Microsoft-Windows-Sysmon,Microsoft-Windows-Sysmon/Operational,2800,6224,TEMPEST,1,S-1-5-18,RegistryEvent (Value Set),TEMPEST\benimaru,,"ProcessID: 496, ProcessGUID: 4bbef3ae-aaa8-62b0-2e0a-000000000700",RuleName: T1042,Image: C:\Program Files (x86)\Microsoft Office\Root\Office16\WINWORD.EXE,EventType: SetValue,TargetObject: HKU\S-1-5-21-349058839-1848105669-1528301110-1001_Classes\ocsmeet_auto_file\shell\open\command\(Default),"Details: ""C:\Program Files (x86)\Microsoft Office\root\Office16\lync.exe"" ""%%1""",,False,C:\Users\byte store\Desktop\Incident Files Tempest\sysmon.evtx,Classic,0,"{""EventData"":{""Data"":[{""@Name"":""RuleName"",""#text"":""T1042""},{""@Name"":""EventType"",""#text"":""SetValue""},{""@Name"":""UtcTime"",""#text"":""2022-06-20 17:13:12.874""},{""@Name"":""ProcessGuid"",""#text"":""4bbef3ae-aaa8-62b0-2e0a-000000000700""},{""@Name"":""ProcessId"",""#text"":""496""},{""@Name"":""Image"",""#text"":""C:\\Program Files (x86)\\Microsoft Office\\Root\\Office16\\WINWORD.EXE""},{""@Name"":""TargetObject"",""#text"":""HKU\\S-1-5-21-349058839-1848105669-1528301110-1001_Classes\\ocsmeet_auto_file\\shell\\open\\command\\(Default)""},{""@Name"":""Details"",""#text"":""\""C:\\Program Files (x86)\\Microsoft Office\\root\\Office16\\lync.exe\"" \""%%1\""""},{""@Name"":""User"",""#text"":""TEMPEST\\benimaru""}]}}"
106,7611,2022-06-20 17:13:14.2307999,11,Info,Microsoft-Windows-Sysmon,Microsoft-Windows-Sysmon/Operational,2800,6224,TEMPEST,1,S-1-5-18,FileCreate,TEMPEST\benimaru,,"ProcessID: 496, ProcessGUID: 4bbef3ae-aaa8-62b0-2e0a-000000000700",RuleName: Downloads,Image: C:\Program Files (x86)\Microsoft Office\Root\Office16\WINWORD.EXE,TargetFilename: C:\Users\benimaru\Downloads\~$ee_magicules.doc,,,,False,C:\Users\byte store\Desktop\Incident Files Tempest\sysmon.evtx,Classic,0,"{""EventData"":{""Data"":[{""@Name"":""RuleName"",""#text"":""Downloads""},{""@Name"":""UtcTime"",""#text"":""2022-06-20 17:13:14.228""},{""@Name"":""ProcessGuid"",""#text"":""4bbef3ae-aaa8-62b0-2e0a-000000000700""},{""@Name"":""ProcessId"",""#text"":""496""},{""@Name"":""Image"",""#text"":""C:\\Program Files (x86)\\Microsoft Office\\Root\\Office16\\WINWORD.EXE""},{""@Name"":""TargetFilename"",""#text"":""C:\\Users\\benimaru\\Downloads\\~$ee_magicules.doc""},{""@Name"":""CreationUtcTime"",""#text"":""2022-06-20 17:13:14.228""},{""@Name"":""User"",""#text"":""TEMPEST\\benimaru""}]}}"
107,7612,2022-06-20 17:13:15.1422831,3,Info,Microsoft-Windows-Sysmon,Microsoft-Windows-Sysmon/Operational,2800,7488,TEMPEST,1,S-1-5-18,Network connection,TEMPEST\benimaru,,"ProcessID: 496, ProcessGUID: 4bbef3ae-aaa8-62b0-2e0a-000000000700",RuleName: -,SourceHostname: TEMPEST,SourceIp: 192.168.254.107,DestinationHostname: -,DestinationIp: 52.109.124.153,,False,C:\Users\byte store\Desktop\Incident Files Tempest\sysmon.evtx,Classic,0,"{""EventData"":{""Data"":[{""@Name"":""RuleName"",""#text"":""-""},{""@Name"":""UtcTime"",""#text"":""2022-06-20 16:59:12.644""},{""@Name"":""ProcessGuid"",""#text"":""4bbef3ae-aaa8-62b0-2e0a-000000000700""},{""@Name"":""ProcessId"",""#text"":""496""},{""@Name"":""Image"",""#text"":""C:\\Program Files (x86)\\Microsoft Office\\Root\\Office16\\WINWORD.EXE""},{""@Name"":""User"",""#text"":""TEMPEST\\benimaru""},{""@Name"":""Protocol"",""#text"":""tcp""},{""@Name"":""Initiated"",""#text"":""True""},{""@Name"":""SourceIsIpv6"",""#text"":""False""},{""@Name"":""SourceIp"",""#text"":""192.168.254.107""},{""@Name"":""SourceHostname"",""#text"":""TEMPEST""},{""@Name"":""SourcePort"",""#text"":""51821""},{""@Name"":""SourcePortName"",""#text"":""-""},{""@Name"":""DestinationIsIpv6"",""#text"":""False""},{""@Name"":""DestinationIp"",""#text"":""52.109.124.153""},{""@Name"":""DestinationHostname"",""#text"":""-""},{""@Name"":""DestinationPort"",""#text"":""443""},{""@Name"":""DestinationPortName"",""#text"":""https""}]}}"
108,7613,2022-06-20 17:13:15.3117586,15,Info,Microsoft-Windows-Sysmon,Microsoft-Windows-Sysmon/Operational,2800,6224,TEMPEST,1,S-1-5-18,FileCreateStreamHash,TEMPEST\benimaru,,"ProcessID: 496, ProcessGUID: 4bbef3ae-aaa8-62b0-2e0a-000000000700",RuleName: -,Image: C:\Program Files (x86)\Microsoft Office\Root\Office16\WINWORD.EXE,TargetFilename: C:\Users\benimaru\AppData\Local\Packages\oice_16_974fa576_32c1d314_4dc\AC\Temp\6A687865.doc,"Hash: MD5=3BB23AD386E59304088DFD5AB05818C5,SHA256=78AD35149F3C8CCA7B950D755FAA32EB9315C5F49E6638AE9D515FCE1506B3C8,IMPHASH=00000000000000000000000000000000",,,False,C:\Users\byte store\Desktop\Incident Files Tempest\sysmon.evtx,Classic,0,"{""EventData"":{""Data"":[{""@Name"":""RuleName"",""#text"":""-""},{""@Name"":""UtcTime"",""#text"":""2022-06-20 17:13:15.307""},{""@Name"":""ProcessGuid"",""#text"":""4bbef3ae-aaa8-62b0-2e0a-000000000700""},{""@Name"":""ProcessId"",""#text"":""496""},{""@Name"":""Image"",""#text"":""C:\\Program Files (x86)\\Microsoft Office\\Root\\Office16\\WINWORD.EXE""},{""@Name"":""TargetFilename"",""#text"":""C:\\Users\\benimaru\\AppData\\Local\\Packages\\oice_16_974fa576_32c1d314_4dc\\AC\\Temp\\6A687865.doc""},{""@Name"":""CreationUtcTime"",""#text"":""2022-06-20 17:13:15.305""},{""@Name"":""Hash"",""#text"":""MD5=3BB23AD386E59304088DFD5AB05818C5,SHA256=78AD35149F3C8CCA7B950D755FAA32EB9315C5F49E6638AE9D515FCE1506B3C8,IMPHASH=00000000000000000000000000000000""},{""@Name"":""Contents"",""#text"":""-""},{""@Name"":""User"",""#text"":""TEMPEST\\benimaru""}]}}"
109,7614,2022-06-20 17:13:15.3178936,15,Info,Microsoft-Windows-Sysmon,Microsoft-Windows-Sysmon/Operational,2800,6224,TEMPEST,1,S-1-5-18,FileCreateStreamHash,TEMPEST\benimaru,,"ProcessID: 496, ProcessGUID: 4bbef3ae-aaa8-62b0-2e0a-000000000700",RuleName: -,Image: C:\Program Files (x86)\Microsoft Office\Root\Office16\WINWORD.EXE,TargetFilename: C:\Users\benimaru\AppData\Local\Packages\oice_16_974fa576_32c1d314_4dc\AC\Temp\6A687865.doc,"Hash: MD5=3BB23AD386E59304088DFD5AB05818C5,SHA256=78AD35149F3C8CCA7B950D755FAA32EB9315C5F49E6638AE9D515FCE1506B3C8,IMPHASH=00000000000000000000000000000000",,,False,C:\Users\byte store\Desktop\Incident Files Tempest\sysmon.evtx,Classic,0,"{""EventData"":{""Data"":[{""@Name"":""RuleName"",""#text"":""-""},{""@Name"":""UtcTime"",""#text"":""2022-06-20 17:13:15.315""},{""@Name"":""ProcessGuid"",""#text"":""4bbef3ae-aaa8-62b0-2e0a-000000000700""},{""@Name"":""ProcessId"",""#text"":""496""},{""@Name"":""Image"",""#text"":""C:\\Program Files (x86)\\Microsoft Office\\Root\\Office16\\WINWORD.EXE""},{""@Name"":""TargetFilename"",""#text"":""C:\\Users\\benimaru\\AppData\\Local\\Packages\\oice_16_974fa576_32c1d314_4dc\\AC\\Temp\\6A687865.doc""},{""@Name"":""CreationUtcTime"",""#text"":""2022-06-20 17:13:15.305""},{""@Name"":""Hash"",""#text"":""MD5=3BB23AD386E59304088DFD5AB05818C5,SHA256=78AD35149F3C8CCA7B950D755FAA32EB9315C5F49E6638AE9D515FCE1506B3C8,IMPHASH=00000000000000000000000000000000""},{""@Name"":""Contents"",""#text"":""-""},{""@Name"":""User"",""#text"":""TEMPEST\\benimaru""}]}}"
110,7615,2022-06-20 17:13:15.9372824,22,Info,Microsoft-Windows-Sysmon,Microsoft-Windows-Sysmon/Operational,2800,6188,TEMPEST,1,S-1-5-18,DNSEvent (DNS query),TEMPEST\benimaru,,"ProcessID: 496, ProcessGUID: 4bbef3ae-aaa8-62b0-2e0a-000000000700",RuleName: -,Image: C:\Program Files (x86)\Microsoft Office\Root\Office16\WINWORD.EXE,QueryName: ecs.office.com,QueryStatus: 0,QueryResults: type:  5 ecs.office.trafficmanager.net;type:  5 s-0005-office.config.skype.com;type:  5 ecs-office.s-0005.s-msedge.net;type:  5 s-0005.s-msedge.net;2620:1ec:42::132;::ffff:52.113.194.132;,,False,C:\Users\byte store\Desktop\Incident Files Tempest\sysmon.evtx,Classic,0,"{""EventData"":{""Data"":[{""@Name"":""RuleName"",""#text"":""-""},{""@Name"":""UtcTime"",""#text"":""2022-06-20 16:59:13.189""},{""@Name"":""ProcessGuid"",""#text"":""4bbef3ae-aaa8-62b0-2e0a-000000000700""},{""@Name"":""ProcessId"",""#text"":""496""},{""@Name"":""QueryName"",""#text"":""ecs.office.com""},{""@Name"":""QueryStatus"",""#text"":""0""},{""@Name"":""QueryResults"",""#text"":""type:  5 ecs.office.trafficmanager.net;type:  5 s-0005-office.config.skype.com;type:  5 ecs-office.s-0005.s-msedge.net;type:  5 s-0005.s-msedge.net;2620:1ec:42::132;::ffff:52.113.194.132;""},{""@Name"":""Image"",""#text"":""C:\\Program Files (x86)\\Microsoft Office\\Root\\Office16\\WINWORD.EXE""},{""@Name"":""User"",""#text"":""TEMPEST\\benimaru""}]}}"
111,7616,2022-06-20 17:13:16.2825716,3,Info,Microsoft-Windows-Sysmon,Microsoft-Windows-Sysmon/Operational,2800,7488,TEMPEST,1,S-1-5-18,Network connection,TEMPEST\benimaru,,"ProcessID: 496, ProcessGUID: 4bbef3ae-aaa8-62b0-2e0a-000000000700",RuleName: -,SourceHostname: TEMPEST,SourceIp: 192.168.254.107,DestinationHostname: -,DestinationIp: 52.113.194.132,,False,C:\Users\byte store\Desktop\Incident Files Tempest\sysmon.evtx,Classic,0,"{""EventData"":{""Data"":[{""@Name"":""RuleName"",""#text"":""-""},{""@Name"":""UtcTime"",""#text"":""2022-06-20 16:59:13.234""},{""@Name"":""ProcessGuid"",""#text"":""4bbef3ae-aaa8-62b0-2e0a-000000000700""},{""@Name"":""ProcessId"",""#text"":""496""},{""@Name"":""Image"",""#text"":""C:\\Program Files (x86)\\Microsoft Office\\Root\\Office16\\WINWORD.EXE""},{""@Name"":""User"",""#text"":""TEMPEST\\benimaru""},{""@Name"":""Protocol"",""#text"":""tcp""},{""@Name"":""Initiated"",""#text"":""True""},{""@Name"":""SourceIsIpv6"",""#text"":""False""},{""@Name"":""SourceIp"",""#text"":""192.168.254.107""},{""@Name"":""SourceHostname"",""#text"":""TEMPEST""},{""@Name"":""SourcePort"",""#text"":""51822""},{""@Name"":""SourcePortName"",""#text"":""-""},{""@Name"":""DestinationIsIpv6"",""#text"":""False""},{""@Name"":""DestinationIp"",""#text"":""52.113.194.132""},{""@Name"":""DestinationHostname"",""#text"":""-""},{""@Name"":""DestinationPort"",""#text"":""443""},{""@Name"":""DestinationPortName"",""#text"":""https""}]}}"
112,7617,2022-06-20 17:13:17.3454679,3,Info,Microsoft-Windows-Sysmon,Microsoft-Windows-Sysmon/Operational,2800,7488,TEMPEST,1,S-1-5-18,Network connection,TEMPEST\benimaru,,"ProcessID: 496, ProcessGUID: 4bbef3ae-aaa8-62b0-2e0a-000000000700",RuleName: -,SourceHostname: TEMPEST,SourceIp: 192.168.254.107,DestinationHostname: -,DestinationIp: 52.109.56.83,,False,C:\Users\byte store\Desktop\Incident Files Tempest\sysmon.evtx,Classic,0,"{""EventData"":{""Data"":[{""@Name"":""RuleName"",""#text"":""-""},{""@Name"":""UtcTime"",""#text"":""2022-06-20 16:59:14.739""},{""@Name"":""ProcessGuid"",""#text"":""4bbef3ae-aaa8-62b0-2e0a-000000000700""},{""@Name"":""ProcessId"",""#text"":""496""},{""@Name"":""Image"",""#text"":""C:\\Program Files (x86)\\Microsoft Office\\Root\\Office16\\WINWORD.EXE""},{""@Name"":""User"",""#text"":""TEMPEST\\benimaru""},{""@Name"":""Protocol"",""#text"":""tcp""},{""@Name"":""Initiated"",""#text"":""True""},{""@Name"":""SourceIsIpv6"",""#text"":""False""},{""@Name"":""SourceIp"",""#text"":""192.168.254.107""},{""@Name"":""SourceHostname"",""#text"":""TEMPEST""},{""@Name"":""SourcePort"",""#text"":""51823""},{""@Name"":""SourcePortName"",""#text"":""-""},{""@Name"":""DestinationIsIpv6"",""#text"":""False""},{""@Name"":""DestinationIp"",""#text"":""52.109.56.83""},{""@Name"":""DestinationHostname"",""#text"":""-""},{""@Name"":""DestinationPort"",""#text"":""443""},{""@Name"":""DestinationPortName"",""#text"":""https""}]}}"
113,7618,2022-06-20 17:13:18.0743516,1,Info,Microsoft-Windows-Sysmon,Microsoft-Windows-Sysmon/Operational,2800,6224,TEMPEST,1,S-1-5-18,Process creation,TEMPEST\benimaru,,"ProcessID: 600, ProcessGUID: 4bbef3ae-aaae-62b0-350a-000000000700",RuleName: -,"MD5=89D71B1EB7D0FBE4578655C4D230B8DD,SHA256=2E934019907CDEFC0E2EB87E81D21166B80FB565DD827A53F2E974B00AFDFC57,IMPHASH=E28C03509E7F23FEA2BCD7E77FF0B52B",ParentProcess: -,"ParentProcessID: 4452, ParentProcessGUID: 00000000-0000-0000-0000-000000000000",ParentCommandLine: -,"""C:\Windows\system32\SearchProtocolHost.exe"" Global\UsGthrFltPipeMssGthrPipe_S-1-5-21-349058839-1848105669-1528301110-10013_ Global\UsGthrCtrlFltPipeMssGthrPipe_S-1-5-21-349058839-1848105669-1528301110-10013 1 -2147483646 ""Software\Microsoft\Windows Search"" ""Mozilla/4.0 (compatible; MSIE 6.0; Windows NT; MS Search 4.0 Robot)"" ""C:\ProgramData\Microsoft\Search\Data\Temp\usgthrsvc"" ""DownLevelDaemon""  ""1""",False,C:\Users\byte store\Desktop\Incident Files Tempest\sysmon.evtx,Classic,0,"{""EventData"":{""Data"":[{""@Name"":""RuleName"",""#text"":""-""},{""@Name"":""UtcTime"",""#text"":""2022-06-20 17:13:18.073""},{""@Name"":""ProcessGuid"",""#text"":""4bbef3ae-aaae-62b0-350a-000000000700""},{""@Name"":""ProcessId"",""#text"":""600""},{""@Name"":""Image"",""#text"":""C:\\Windows\\System32\\SearchProtocolHost.exe""},{""@Name"":""FileVersion"",""#text"":""7.0.17763.168 (WinBuild.160101.0800)""},{""@Name"":""Description"",""#text"":""Microsoft Windows Search Protocol Host""},{""@Name"":""Product"",""#text"":""Windows® Search""},{""@Name"":""Company"",""#text"":""Microsoft Corporation""},{""@Name"":""OriginalFileName"",""#text"":""SearchProtocolHost.exe""},{""@Name"":""CommandLine"",""#text"":""\""C:\\Windows\\system32\\SearchProtocolHost.exe\"" Global\\UsGthrFltPipeMssGthrPipe_S-1-5-21-349058839-1848105669-1528301110-10013_ Global\\UsGthrCtrlFltPipeMssGthrPipe_S-1-5-21-349058839-1848105669-1528301110-10013 1 -2147483646 \""Software\\Microsoft\\Windows Search\"" \""Mozilla/4.0 (compatible; MSIE 6.0; Windows NT; MS Search 4.0 Robot)\"" \""C:\\ProgramData\\Microsoft\\Search\\Data\\Temp\\usgthrsvc\"" \""DownLevelDaemon\""  \""1\""""},{""@Name"":""CurrentDirectory"",""#text"":""C:\\Windows\\system32\\""},{""@Name"":""User"",""#text"":""TEMPEST\\benimaru""},{""@Name"":""LogonGuid"",""#text"":""4bbef3ae-aa76-62b0-cd6b-a40100000000""},{""@Name"":""LogonId"",""#text"":""0x1A46BCD""},{""@Name"":""TerminalSessionId"",""#text"":""10""},{""@Name"":""IntegrityLevel"",""#text"":""Medium""},{""@Name"":""Hashes"",""#text"":""MD5=89D71B1EB7D0FBE4578655C4D230B8DD,SHA256=2E934019907CDEFC0E2EB87E81D21166B80FB565DD827A53F2E974B00AFDFC57,IMPHASH=E28C03509E7F23FEA2BCD7E77FF0B52B""},{""@Name"":""ParentProcessGuid"",""#text"":""00000000-0000-0000-0000-000000000000""},{""@Name"":""ParentProcessId"",""#text"":""4452""},{""@Name"":""ParentImage"",""#text"":""-""},{""@Name"":""ParentCommandLine"",""#text"":""-""},{""@Name"":""ParentUser"",""#text"":""-""}]}}"
114,7619,2022-06-20 17:13:18.2165010,13,Info,Microsoft-Windows-Sysmon,Microsoft-Windows-Sysmon/Operational,2800,6224,TEMPEST,2,S-1-5-18,RegistryEvent (Value Set),TEMPEST\benimaru,,"ProcessID: 496, ProcessGUID: 4bbef3ae-aaa8-62b0-2e0a-000000000700",RuleName: InvDB-Pub,Image: C:\Program Files (x86)\Microsoft Office\Root\Office16\WINWORD.EXE,EventType: SetValue,TargetObject: HKU\S-1-5-21-349058839-1848105669-1528301110-1001\Software\Microsoft\Office\16.0\Common\Licensing\CurrentSkuIdAggregationForApp\Publisher,"Details: {52C4D79F-6E1A-45B7-B479-36B666E0A2F8},",,False,C:\Users\byte store\Desktop\Incident Files Tempest\sysmon.evtx,Classic,0,"{""EventData"":{""Data"":[{""@Name"":""RuleName"",""#text"":""InvDB-Pub""},{""@Name"":""EventType"",""#text"":""SetValue""},{""@Name"":""UtcTime"",""#text"":""2022-06-20 17:13:18.208""},{""@Name"":""ProcessGuid"",""#text"":""4bbef3ae-aaa8-62b0-2e0a-000000000700""},{""@Name"":""ProcessId"",""#text"":""496""},{""@Name"":""Image"",""#text"":""C:\\Program Files (x86)\\Microsoft Office\\Root\\Office16\\WINWORD.EXE""},{""@Name"":""TargetObject"",""#text"":""HKU\\S-1-5-21-349058839-1848105669-1528301110-1001\\Software\\Microsoft\\Office\\16.0\\Common\\Licensing\\CurrentSkuIdAggregationForApp\\Publisher""},{""@Name"":""Details"",""#text"":""{52C4D79F-6E1A-45B7-B479-36B666E0A2F8},""},{""@Name"":""User"",""#text"":""TEMPEST\\benimaru""}]}}"
115,7620,2022-06-20 17:13:18.2733298,3,Info,Microsoft-Windows-Sysmon,Microsoft-Windows-Sysmon/Operational,2800,7488,TEMPEST,2,S-1-5-18,Network connection,TEMPEST\benimaru,,"ProcessID: 496, ProcessGUID: 4bbef3ae-aaa8-62b0-2e0a-000000000700",RuleName: -,SourceHostname: TEMPEST,SourceIp: 192.168.254.107,DestinationHostname: -,DestinationIp: 52.98.65.18,,False,C:\Users\byte store\Desktop\Incident Files Tempest\sysmon.evtx,Classic,0,"{""EventData"":{""Data"":[{""@Name"":""RuleName"",""#text"":""-""},{""@Name"":""UtcTime"",""#text"":""2022-06-20 16:59:15.438""},{""@Name"":""ProcessGuid"",""#text"":""4bbef3ae-aaa8-62b0-2e0a-000000000700""},{""@Name"":""ProcessId"",""#text"":""496""},{""@Name"":""Image"",""#text"":""C:\\Program Files (x86)\\Microsoft Office\\Root\\Office16\\WINWORD.EXE""},{""@Name"":""User"",""#text"":""TEMPEST\\benimaru""},{""@Name"":""Protocol"",""#text"":""tcp""},{""@Name"":""Initiated"",""#text"":""True""},{""@Name"":""SourceIsIpv6"",""#text"":""False""},{""@Name"":""SourceIp"",""#text"":""192.168.254.107""},{""@Name"":""SourceHostname"",""#text"":""TEMPEST""},{""@Name"":""SourcePort"",""#text"":""51824""},{""@Name"":""SourcePortName"",""#text"":""-""},{""@Name"":""DestinationIsIpv6"",""#text"":""False""},{""@Name"":""DestinationIp"",""#text"":""52.98.65.18""},{""@Name"":""DestinationHostname"",""#text"":""-""},{""@Name"":""DestinationPort"",""#text"":""443""},{""@Name"":""DestinationPortName"",""#text"":""https""}]}}"
116,7621,2022-06-20 17:13:18.2750313,3,Info,Microsoft-Windows-Sysmon,Microsoft-Windows-Sysmon/Operational,2800,7488,TEMPEST,2,S-1-5-18,Network connection,TEMPEST\benimaru,,"ProcessID: 496, ProcessGUID: 4bbef3ae-aaa8-62b0-2e0a-000000000700",RuleName: -,SourceHostname: TEMPEST,SourceIp: 192.168.254.107,DestinationHostname: a184-87-204-144.deploy.static.akamaitechnologies.com,DestinationIp: 184.87.204.144,,False,C:\Users\byte store\Desktop\Incident Files Tempest\sysmon.evtx,Classic,0,"{""EventData"":{""Data"":[{""@Name"":""RuleName"",""#text"":""-""},{""@Name"":""UtcTime"",""#text"":""2022-06-20 16:59:15.629""},{""@Name"":""ProcessGuid"",""#text"":""4bbef3ae-aaa8-62b0-2e0a-000000000700""},{""@Name"":""ProcessId"",""#text"":""496""},{""@Name"":""Image"",""#text"":""C:\\Program Files (x86)\\Microsoft Office\\Root\\Office16\\WINWORD.EXE""},{""@Name"":""User"",""#text"":""TEMPEST\\benimaru""},{""@Name"":""Protocol"",""#text"":""tcp""},{""@Name"":""Initiated"",""#text"":""True""},{""@Name"":""SourceIsIpv6"",""#text"":""False""},{""@Name"":""SourceIp"",""#text"":""192.168.254.107""},{""@Name"":""SourceHostname"",""#text"":""TEMPEST""},{""@Name"":""SourcePort"",""#text"":""51825""},{""@Name"":""SourcePortName"",""#text"":""-""},{""@Name"":""DestinationIsIpv6"",""#text"":""False""},{""@Name"":""DestinationIp"",""#text"":""184.87.204.144""},{""@Name"":""DestinationHostname"",""#text"":""a184-87-204-144.deploy.static.akamaitechnologies.com""},{""@Name"":""DestinationPort"",""#text"":""443""},{""@Name"":""DestinationPortName"",""#text"":""https""}]}}"
117,7622,2022-06-20 17:13:20.1485145,3,Info,Microsoft-Windows-Sysmon,Microsoft-Windows-Sysmon/Operational,2800,7488,TEMPEST,2,S-1-5-18,Network connection,TEMPEST\benimaru,,"ProcessID: 496, ProcessGUID: 4bbef3ae-aaa8-62b0-2e0a-000000000700",RuleName: -,SourceHostname: TEMPEST,SourceIp: 192.168.254.107,DestinationHostname: -,DestinationIp: 52.109.124.112,,False,C:\Users\byte store\Desktop\Incident Files Tempest\sysmon.evtx,Classic,0,"{""EventData"":{""Data"":[{""@Name"":""RuleName"",""#text"":""-""},{""@Name"":""UtcTime"",""#text"":""2022-06-20 16:59:16.687""},{""@Name"":""ProcessGuid"",""#text"":""4bbef3ae-aaa8-62b0-2e0a-000000000700""},{""@Name"":""ProcessId"",""#text"":""496""},{""@Name"":""Image"",""#text"":""C:\\Program Files (x86)\\Microsoft Office\\Root\\Office16\\WINWORD.EXE""},{""@Name"":""User"",""#text"":""TEMPEST\\benimaru""},{""@Name"":""Protocol"",""#text"":""tcp""},{""@Name"":""Initiated"",""#text"":""True""},{""@Name"":""SourceIsIpv6"",""#text"":""False""},{""@Name"":""SourceIp"",""#text"":""192.168.254.107""},{""@Name"":""SourceHostname"",""#text"":""TEMPEST""},{""@Name"":""SourcePort"",""#text"":""51826""},{""@Name"":""SourcePortName"",""#text"":""-""},{""@Name"":""DestinationIsIpv6"",""#text"":""False""},{""@Name"":""DestinationIp"",""#text"":""52.109.124.112""},{""@Name"":""DestinationHostname"",""#text"":""-""},{""@Name"":""DestinationPort"",""#text"":""443""},{""@Name"":""DestinationPortName"",""#text"":""https""}]}}"
118,7623,2022-06-20 17:13:20.1489675,3,Info,Microsoft-Windows-Sysmon,Microsoft-Windows-Sysmon/Operational,2800,7488,TEMPEST,2,S-1-5-18,Network connection,TEMPEST\benimaru,,"ProcessID: 496, ProcessGUID: 4bbef3ae-aaa8-62b0-2e0a-000000000700",RuleName: -,SourceHostname: TEMPEST,SourceIp: 192.168.254.107,DestinationHostname: -,DestinationIp: 52.109.124.112,,False,C:\Users\byte store\Desktop\Incident Files Tempest\sysmon.evtx,Classic,0,"{""EventData"":{""Data"":[{""@Name"":""RuleName"",""#text"":""-""},{""@Name"":""UtcTime"",""#text"":""2022-06-20 16:59:16.687""},{""@Name"":""ProcessGuid"",""#text"":""4bbef3ae-aaa8-62b0-2e0a-000000000700""},{""@Name"":""ProcessId"",""#text"":""496""},{""@Name"":""Image"",""#text"":""C:\\Program Files (x86)\\Microsoft Office\\Root\\Office16\\WINWORD.EXE""},{""@Name"":""User"",""#text"":""TEMPEST\\benimaru""},{""@Name"":""Protocol"",""#text"":""tcp""},{""@Name"":""Initiated"",""#text"":""True""},{""@Name"":""SourceIsIpv6"",""#text"":""False""},{""@Name"":""SourceIp"",""#text"":""192.168.254.107""},{""@Name"":""SourceHostname"",""#text"":""TEMPEST""},{""@Name"":""SourcePort"",""#text"":""51827""},{""@Name"":""SourcePortName"",""#text"":""-""},{""@Name"":""DestinationIsIpv6"",""#text"":""False""},{""@Name"":""DestinationIp"",""#text"":""52.109.124.112""},{""@Name"":""DestinationHostname"",""#text"":""-""},{""@Name"":""DestinationPort"",""#text"":""443""},{""@Name"":""DestinationPortName"",""#text"":""https""}]}}"
119,7624,2022-06-20 17:13:25.5923147,3,Info,Microsoft-Windows-Sysmon,Microsoft-Windows-Sysmon/Operational,2800,7488,TEMPEST,2,S-1-5-18,Network connection,TEMPEST\benimaru,,"ProcessID: 496, ProcessGUID: 4bbef3ae-aaa8-62b0-2e0a-000000000700",RuleName: -,SourceHostname: TEMPEST,SourceIp: 192.168.254.107,DestinationHostname: -,DestinationIp: 52.168.117.170,,False,C:\Users\byte store\Desktop\Incident Files Tempest\sysmon.evtx,Classic,0,"{""EventData"":{""Data"":[{""@Name"":""RuleName"",""#text"":""-""},{""@Name"":""UtcTime"",""#text"":""2022-06-20 16:59:22.195""},{""@Name"":""ProcessGuid"",""#text"":""4bbef3ae-aaa8-62b0-2e0a-000000000700""},{""@Name"":""ProcessId"",""#text"":""496""},{""@Name"":""Image"",""#text"":""C:\\Program Files (x86)\\Microsoft Office\\Root\\Office16\\WINWORD.EXE""},{""@Name"":""User"",""#text"":""TEMPEST\\benimaru""},{""@Name"":""Protocol"",""#text"":""tcp""},{""@Name"":""Initiated"",""#text"":""True""},{""@Name"":""SourceIsIpv6"",""#text"":""False""},{""@Name"":""SourceIp"",""#text"":""192.168.254.107""},{""@Name"":""SourceHostname"",""#text"":""TEMPEST""},{""@Name"":""SourcePort"",""#text"":""51829""},{""@Name"":""SourcePortName"",""#text"":""-""},{""@Name"":""DestinationIsIpv6"",""#text"":""False""},{""@Name"":""DestinationIp"",""#text"":""52.168.117.170""},{""@Name"":""DestinationHostname"",""#text"":""-""},{""@Name"":""DestinationPort"",""#text"":""443""},{""@Name"":""DestinationPortName"",""#text"":""https""}]}}"
120,7625,2022-06-20 17:13:27.4059726,3,Info,Microsoft-Windows-Sysmon,Microsoft-Windows-Sysmon/Operational,2800,7488,TEMPEST,2,S-1-5-18,Network connection,TEMPEST\benimaru,,"ProcessID: 9048, ProcessGUID: 4bbef3ae-aaaa-62b0-2f0a-000000000700",RuleName: -,SourceHostname: TEMPEST,SourceIp: 192.168.254.107,DestinationHostname: globebroadband.net,DestinationIp: 192.168.254.254,,False,C:\Users\byte store\Desktop\Incident Files Tempest\sysmon.evtx,Classic,0,"{""EventData"":{""Data"":[{""@Name"":""RuleName"",""#text"":""-""},{""@Name"":""UtcTime"",""#text"":""2022-06-20 16:59:24.823""},{""@Name"":""ProcessGuid"",""#text"":""4bbef3ae-aaaa-62b0-2f0a-000000000700""},{""@Name"":""ProcessId"",""#text"":""9048""},{""@Name"":""Image"",""#text"":""C:\\Program Files (x86)\\Microsoft Office\\Root\\Office16\\WINWORD.EXE""},{""@Name"":""User"",""#text"":""TEMPEST\\benimaru""},{""@Name"":""Protocol"",""#text"":""udp""},{""@Name"":""Initiated"",""#text"":""True""},{""@Name"":""SourceIsIpv6"",""#text"":""False""},{""@Name"":""SourceIp"",""#text"":""192.168.254.107""},{""@Name"":""SourceHostname"",""#text"":""TEMPEST""},{""@Name"":""SourcePort"",""#text"":""61185""},{""@Name"":""SourcePortName"",""#text"":""-""},{""@Name"":""DestinationIsIpv6"",""#text"":""False""},{""@Name"":""DestinationIp"",""#text"":""192.168.254.254""},{""@Name"":""DestinationHostname"",""#text"":""globebroadband.net""},{""@Name"":""DestinationPort"",""#text"":""53""},{""@Name"":""DestinationPortName"",""#text"":""domain""}]}}"
121,7626,2022-06-20 17:13:27.4063274,3,Info,Microsoft-Windows-Sysmon,Microsoft-Windows-Sysmon/Operational,2800,7488,TEMPEST,2,S-1-5-18,Network connection,TEMPEST\benimaru,,"ProcessID: 9048, ProcessGUID: 4bbef3ae-aaaa-62b0-2f0a-000000000700",RuleName: -,SourceHostname: TEMPEST,SourceIp: 192.168.254.107,DestinationHostname: globebroadband.net,DestinationIp: 192.168.254.254,,False,C:\Users\byte store\Desktop\Incident Files Tempest\sysmon.evtx,Classic,0,"{""EventData"":{""Data"":[{""@Name"":""RuleName"",""#text"":""-""},{""@Name"":""UtcTime"",""#text"":""2022-06-20 16:59:24.840""},{""@Name"":""ProcessGuid"",""#text"":""4bbef3ae-aaaa-62b0-2f0a-000000000700""},{""@Name"":""ProcessId"",""#text"":""9048""},{""@Name"":""Image"",""#text"":""C:\\Program Files (x86)\\Microsoft Office\\Root\\Office16\\WINWORD.EXE""},{""@Name"":""User"",""#text"":""TEMPEST\\benimaru""},{""@Name"":""Protocol"",""#text"":""udp""},{""@Name"":""Initiated"",""#text"":""True""},{""@Name"":""SourceIsIpv6"",""#text"":""False""},{""@Name"":""SourceIp"",""#text"":""192.168.254.107""},{""@Name"":""SourceHostname"",""#text"":""TEMPEST""},{""@Name"":""SourcePort"",""#text"":""59100""},{""@Name"":""SourcePortName"",""#text"":""-""},{""@Name"":""DestinationIsIpv6"",""#text"":""False""},{""@Name"":""DestinationIp"",""#text"":""192.168.254.254""},{""@Name"":""DestinationHostname"",""#text"":""globebroadband.net""},{""@Name"":""DestinationPort"",""#text"":""53""},{""@Name"":""DestinationPortName"",""#text"":""domain""}]}}"
122,7627,2022-06-20 17:13:30.5471258,3,Info,Microsoft-Windows-Sysmon,Microsoft-Windows-Sysmon/Operational,2800,7488,TEMPEST,2,S-1-5-18,Network connection,TEMPEST\benimaru,,"ProcessID: 9048, ProcessGUID: 4bbef3ae-aaaa-62b0-2f0a-000000000700",RuleName: -,SourceHostname: TEMPEST,SourceIp: 192.168.254.107,DestinationHostname: globebroadband.net,DestinationIp: 192.168.254.254,,False,C:\Users\byte store\Desktop\Incident Files Tempest\sysmon.evtx,Classic,0,"{""EventData"":{""Data"":[{""@Name"":""RuleName"",""#text"":""-""},{""@Name"":""UtcTime"",""#text"":""2022-06-20 16:59:27.840""},{""@Name"":""ProcessGuid"",""#text"":""4bbef3ae-aaaa-62b0-2f0a-000000000700""},{""@Name"":""ProcessId"",""#text"":""9048""},{""@Name"":""Image"",""#text"":""C:\\Program Files (x86)\\Microsoft Office\\Root\\Office16\\WINWORD.EXE""},{""@Name"":""User"",""#text"":""TEMPEST\\benimaru""},{""@Name"":""Protocol"",""#text"":""udp""},{""@Name"":""Initiated"",""#text"":""True""},{""@Name"":""SourceIsIpv6"",""#text"":""False""},{""@Name"":""SourceIp"",""#text"":""192.168.254.107""},{""@Name"":""SourceHostname"",""#text"":""TEMPEST""},{""@Name"":""SourcePort"",""#text"":""61185""},{""@Name"":""SourcePortName"",""#text"":""-""},{""@Name"":""DestinationIsIpv6"",""#text"":""False""},{""@Name"":""DestinationIp"",""#text"":""192.168.254.254""},{""@Name"":""DestinationHostname"",""#text"":""globebroadband.net""},{""@Name"":""DestinationPort"",""#text"":""53""},{""@Name"":""DestinationPortName"",""#text"":""domain""}]}}"
123,7628,2022-06-20 17:13:32.2454502,22,Info,Microsoft-Windows-Sysmon,Microsoft-Windows-Sysmon/Operational,2800,6188,TEMPEST,2,S-1-5-18,DNSEvent (DNS query),TEMPEST\benimaru,,"ProcessID: 496, ProcessGUID: 4bbef3ae-aaa8-62b0-2e0a-000000000700",RuleName: -,Image: C:\Program Files (x86)\Microsoft Office\Root\Office16\WINWORD.EXE,QueryName: phishteam.xyz,QueryStatus: 0,QueryResults: 64:ff9b::a747:c7bf;::ffff:167.71.199.191;,,False,C:\Users\byte store\Desktop\Incident Files Tempest\sysmon.evtx,Classic,0,"{""EventData"":{""Data"":[{""@Name"":""RuleName"",""#text"":""-""},{""@Name"":""UtcTime"",""#text"":""2022-06-20 16:59:29.449""},{""@Name"":""ProcessGuid"",""#text"":""4bbef3ae-aaa8-62b0-2e0a-000000000700""},{""@Name"":""ProcessId"",""#text"":""496""},{""@Name"":""QueryName"",""#text"":""phishteam.xyz""},{""@Name"":""QueryStatus"",""#text"":""0""},{""@Name"":""QueryResults"",""#text"":""64:ff9b::a747:c7bf;::ffff:167.71.199.191;""},{""@Name"":""Image"",""#text"":""C:\\Program Files (x86)\\Microsoft Office\\Root\\Office16\\WINWORD.EXE""},{""@Name"":""User"",""#text"":""TEMPEST\\benimaru""}]}}"
