34,7539,2022-06-20 17:12:23.1506918,13,Info,Microsoft-Windows-Sysmon,Microsoft-Windows-Sysmon/Operational,2800,6224,TEMPEST,0,S-1-5-18,RegistryEvent (Value Set),NT AUTHORITY\SYSTEM,,"ProcessID: 608, ProcessGUID: 4bbef3ae-8422-62b0-0b00-000000000700","RuleName: T1031,T1050",Image: C:\Windows\system32\services.exe,EventType: SetValue,TargetObject: HKLM\System\CurrentControlSet\Services\OneSyncSvc_1a48020\ImagePath,Details: C:\Windows\system32\svchost.exe -k UnistackSvcGroup,,False,C:\Users\byte store\Desktop\Incident Files Tempest\sysmon.evtx,Classic,0,"{""EventData"":{""Data"":[{""@Name"":""RuleName"",""#text"":""T1031,T1050""},{""@Name"":""EventType"",""#text"":""SetValue""},{""@Name"":""UtcTime"",""#text"":""2022-06-20 17:12:23.144""},{""@Name"":""ProcessGuid"",""#text"":""4bbef3ae-8422-62b0-0b00-000000000700""},{""@Name"":""ProcessId"",""#text"":""608""},{""@Name"":""Image"",""#text"":""C:\\Windows\\system32\\services.exe""},{""@Name"":""TargetObject"",""#text"":""HKLM\\System\\CurrentControlSet\\Services\\OneSyncSvc_1a48020\\ImagePath""},{""@Name"":""Details"",""#text"":""C:\\Windows\\system32\\svchost.exe -k UnistackSvcGroup""},{""@Name"":""User"",""#text"":""NT AUTHORITY\\SYSTEM""}]}}"
35,7540,2022-06-20 17:12:23.1516538,13,Info,Microsoft-Windows-Sysmon,Microsoft-Windows-Sysmon/Operational,2800,6224,TEMPEST,0,S-1-5-18,RegistryEvent (Value Set),NT AUTHORITY\SYSTEM,,"ProcessID: 608, ProcessGUID: 4bbef3ae-8422-62b0-0b00-000000000700","RuleName: T1031,T1050",Image: C:\Windows\system32\services.exe,EventType: SetValue,TargetObject: HKLM\System\CurrentControlSet\Services\PimIndexMaintenanceSvc_1a48020\Start,Details: DWORD (0x00000003),,False,C:\Users\byte store\Desktop\Incident Files Tempest\sysmon.evtx,Classic,0,"{""EventData"":{""Data"":[{""@Name"":""RuleName"",""#text"":""T1031,T1050""},{""@Name"":""EventType"",""#text"":""SetValue""},{""@Name"":""UtcTime"",""#text"":""2022-06-20 17:12:23.144""},{""@Name"":""ProcessGuid"",""#text"":""4bbef3ae-8422-62b0-0b00-000000000700""},{""@Name"":""ProcessId"",""#text"":""608""},{""@Name"":""Image"",""#text"":""C:\\Windows\\system32\\services.exe""},{""@Name"":""TargetObject"",""#text"":""HKLM\\System\\CurrentControlSet\\Services\\PimIndexMaintenanceSvc_1a48020\\Start""},{""@Name"":""Details"",""#text"":""DWORD (0x00000003)""},{""@Name"":""User"",""#text"":""NT AUTHORITY\\SYSTEM""}]}}"
36,7541,2022-06-20 17:12:23.1517751,13,Info,Microsoft-Windows-Sysmon,Microsoft-Windows-Sysmon/Operational,2800,6224,TEMPEST,0,S-1-5-18,RegistryEvent (Value Set),NT AUTHORITY\SYSTEM,,"ProcessID: 608, ProcessGUID: 4bbef3ae-8422-62b0-0b00-000000000700","RuleName: T1031,T1050",Image: C:\Windows\system32\services.exe,EventType: SetValue,TargetObject: HKLM\System\CurrentControlSet\Services\PimIndexMaintenanceSvc_1a48020\ImagePath,Details: C:\Windows\system32\svchost.exe -k UnistackSvcGroup,,False,C:\Users\byte store\Desktop\Incident Files Tempest\sysmon.evtx,Classic,0,"{""EventData"":{""Data"":[{""@Name"":""RuleName"",""#text"":""T1031,T1050""},{""@Name"":""EventType"",""#text"":""SetValue""},{""@Name"":""UtcTime"",""#text"":""2022-06-20 17:12:23.144""},{""@Name"":""ProcessGuid"",""#text"":""4bbef3ae-8422-62b0-0b00-000000000700""},{""@Name"":""ProcessId"",""#text"":""608""},{""@Name"":""Image"",""#text"":""C:\\Windows\\system32\\services.exe""},{""@Name"":""TargetObject"",""#text"":""HKLM\\System\\CurrentControlSet\\Services\\PimIndexMaintenanceSvc_1a48020\\ImagePath""},{""@Name"":""Details"",""#text"":""C:\\Windows\\system32\\svchost.exe -k UnistackSvcGroup""},{""@Name"":""User"",""#text"":""NT AUTHORITY\\SYSTEM""}]}}"
37,7542,2022-06-20 17:12:23.1689764,13,Info,Microsoft-Windows-Sysmon,Microsoft-Windows-Sysmon/Operational,2800,6224,TEMPEST,0,S-1-5-18,RegistryEvent (Value Set),NT AUTHORITY\SYSTEM,,"ProcessID: 608, ProcessGUID: 4bbef3ae-8422-62b0-0b00-000000000700","RuleName: T1031,T1050",Image: C:\Windows\system32\services.exe,EventType: SetValue,TargetObject: HKLM\System\CurrentControlSet\Services\PrintWorkflowUserSvc_1a48020\Start,Details: DWORD (0x00000003),,False,C:\Users\byte store\Desktop\Incident Files Tempest\sysmon.evtx,Classic,0,"{""EventData"":{""Data"":[{""@Name"":""RuleName"",""#text"":""T1031,T1050""},{""@Name"":""EventType"",""#text"":""SetValue""},{""@Name"":""UtcTime"",""#text"":""2022-06-20 17:12:23.144""},{""@Name"":""ProcessGuid"",""#text"":""4bbef3ae-8422-62b0-0b00-000000000700""},{""@Name"":""ProcessId"",""#text"":""608""},{""@Name"":""Image"",""#text"":""C:\\Windows\\system32\\services.exe""},{""@Name"":""TargetObject"",""#text"":""HKLM\\System\\CurrentControlSet\\Services\\PrintWorkflowUserSvc_1a48020\\Start""},{""@Name"":""Details"",""#text"":""DWORD (0x00000003)""},{""@Name"":""User"",""#text"":""NT AUTHORITY\\SYSTEM""}]}}"
38,7543,2022-06-20 17:12:23.1690758,13,Info,Microsoft-Windows-Sysmon,Microsoft-Windows-Sysmon/Operational,2800,6224,TEMPEST,0,S-1-5-18,RegistryEvent (Value Set),NT AUTHORITY\SYSTEM,,"ProcessID: 608, ProcessGUID: 4bbef3ae-8422-62b0-0b00-000000000700","RuleName: T1031,T1050",Image: C:\Windows\system32\services.exe,EventType: SetValue,TargetObject: HKLM\System\CurrentControlSet\Services\PrintWorkflowUserSvc_1a48020\ImagePath,Details: C:\Windows\system32\svchost.exe -k PrintWorkflow,,False,C:\Users\byte store\Desktop\Incident Files Tempest\sysmon.evtx,Classic,0,"{""EventData"":{""Data"":[{""@Name"":""RuleName"",""#text"":""T1031,T1050""},{""@Name"":""EventType"",""#text"":""SetValue""},{""@Name"":""UtcTime"",""#text"":""2022-06-20 17:12:23.144""},{""@Name"":""ProcessGuid"",""#text"":""4bbef3ae-8422-62b0-0b00-000000000700""},{""@Name"":""ProcessId"",""#text"":""608""},{""@Name"":""Image"",""#text"":""C:\\Windows\\system32\\services.exe""},{""@Name"":""TargetObject"",""#text"":""HKLM\\System\\CurrentControlSet\\Services\\PrintWorkflowUserSvc_1a48020\\ImagePath""},{""@Name"":""Details"",""#text"":""C:\\Windows\\system32\\svchost.exe -k PrintWorkflow""},{""@Name"":""User"",""#text"":""NT AUTHORITY\\SYSTEM""}]}}"
39,7544,2022-06-20 17:12:23.1697217,13,Info,Microsoft-Windows-Sysmon,Microsoft-Windows-Sysmon/Operational,2800,6224,TEMPEST,0,S-1-5-18,RegistryEvent (Value Set),NT AUTHORITY\SYSTEM,,"ProcessID: 608, ProcessGUID: 4bbef3ae-8422-62b0-0b00-000000000700","RuleName: T1031,T1050",Image: C:\Windows\system32\services.exe,EventType: SetValue,TargetObject: HKLM\System\CurrentControlSet\Services\UnistoreSvc_1a48020\Start,Details: DWORD (0x00000003),,False,C:\Users\byte store\Desktop\Incident Files Tempest\sysmon.evtx,Classic,0,"{""EventData"":{""Data"":[{""@Name"":""RuleName"",""#text"":""T1031,T1050""},{""@Name"":""EventType"",""#text"":""SetValue""},{""@Name"":""UtcTime"",""#text"":""2022-06-20 17:12:23.144""},{""@Name"":""ProcessGuid"",""#text"":""4bbef3ae-8422-62b0-0b00-000000000700""},{""@Name"":""ProcessId"",""#text"":""608""},{""@Name"":""Image"",""#text"":""C:\\Windows\\system32\\services.exe""},{""@Name"":""TargetObject"",""#text"":""HKLM\\System\\CurrentControlSet\\Services\\UnistoreSvc_1a48020\\Start""},{""@Name"":""Details"",""#text"":""DWORD (0x00000003)""},{""@Name"":""User"",""#text"":""NT AUTHORITY\\SYSTEM""}]}}"
40,7545,2022-06-20 17:12:23.1698409,13,Info,Microsoft-Windows-Sysmon,Microsoft-Windows-Sysmon/Operational,2800,6224,TEMPEST,0,S-1-5-18,RegistryEvent (Value Set),NT AUTHORITY\SYSTEM,,"ProcessID: 608, ProcessGUID: 4bbef3ae-8422-62b0-0b00-000000000700","RuleName: T1031,T1050",Image: C:\Windows\system32\services.exe,EventType: SetValue,TargetObject: HKLM\System\CurrentControlSet\Services\UnistoreSvc_1a48020\ImagePath,Details: C:\Windows\System32\svchost.exe -k UnistackSvcGroup,,False,C:\Users\byte store\Desktop\Incident Files Tempest\sysmon.evtx,Classic,0,"{""EventData"":{""Data"":[{""@Name"":""RuleName"",""#text"":""T1031,T1050""},{""@Name"":""EventType"",""#text"":""SetValue""},{""@Name"":""UtcTime"",""#text"":""2022-06-20 17:12:23.144""},{""@Name"":""ProcessGuid"",""#text"":""4bbef3ae-8422-62b0-0b00-000000000700""},{""@Name"":""ProcessId"",""#text"":""608""},{""@Name"":""Image"",""#text"":""C:\\Windows\\system32\\services.exe""},{""@Name"":""TargetObject"",""#text"":""HKLM\\System\\CurrentControlSet\\Services\\UnistoreSvc_1a48020\\ImagePath""},{""@Name"":""Details"",""#text"":""C:\\Windows\\System32\\svchost.exe -k UnistackSvcGroup""},{""@Name"":""User"",""#text"":""NT AUTHORITY\\SYSTEM""}]}}"
41,7546,2022-06-20 17:12:23.1702777,13,Info,Microsoft-Windows-Sysmon,Microsoft-Windows-Sysmon/Operational,2800,6224,TEMPEST,0,S-1-5-18,RegistryEvent (Value Set),NT AUTHORITY\SYSTEM,,"ProcessID: 608, ProcessGUID: 4bbef3ae-8422-62b0-0b00-000000000700","RuleName: T1031,T1050",Image: C:\Windows\system32\services.exe,EventType: SetValue,TargetObject: HKLM\System\CurrentControlSet\Services\UserDataSvc_1a48020\Start,Details: DWORD (0x00000003),,False,C:\Users\byte store\Desktop\Incident Files Tempest\sysmon.evtx,Classic,0,"{""EventData"":{""Data"":[{""@Name"":""RuleName"",""#text"":""T1031,T1050""},{""@Name"":""EventType"",""#text"":""SetValue""},{""@Name"":""UtcTime"",""#text"":""2022-06-20 17:12:23.144""},{""@Name"":""ProcessGuid"",""#text"":""4bbef3ae-8422-62b0-0b00-000000000700""},{""@Name"":""ProcessId"",""#text"":""608""},{""@Name"":""Image"",""#text"":""C:\\Windows\\system32\\services.exe""},{""@Name"":""TargetObject"",""#text"":""HKLM\\System\\CurrentControlSet\\Services\\UserDataSvc_1a48020\\Start""},{""@Name"":""Details"",""#text"":""DWORD (0x00000003)""},{""@Name"":""User"",""#text"":""NT AUTHORITY\\SYSTEM""}]}}"
42,7547,2022-06-20 17:12:23.1703967,13,Info,Microsoft-Windows-Sysmon,Microsoft-Windows-Sysmon/Operational,2800,6224,TEMPEST,0,S-1-5-18,RegistryEvent (Value Set),NT AUTHORITY\SYSTEM,,"ProcessID: 608, ProcessGUID: 4bbef3ae-8422-62b0-0b00-000000000700","RuleName: T1031,T1050",Image: C:\Windows\system32\services.exe,EventType: SetValue,TargetObject: HKLM\System\CurrentControlSet\Services\UserDataSvc_1a48020\ImagePath,Details: C:\Windows\system32\svchost.exe -k UnistackSvcGroup,,False,C:\Users\byte store\Desktop\Incident Files Tempest\sysmon.evtx,Classic,0,"{""EventData"":{""Data"":[{""@Name"":""RuleName"",""#text"":""T1031,T1050""},{""@Name"":""EventType"",""#text"":""SetValue""},{""@Name"":""UtcTime"",""#text"":""2022-06-20 17:12:23.144""},{""@Name"":""ProcessGuid"",""#text"":""4bbef3ae-8422-62b0-0b00-000000000700""},{""@Name"":""ProcessId"",""#text"":""608""},{""@Name"":""Image"",""#text"":""C:\\Windows\\system32\\services.exe""},{""@Name"":""TargetObject"",""#text"":""HKLM\\System\\CurrentControlSet\\Services\\UserDataSvc_1a48020\\ImagePath""},{""@Name"":""Details"",""#text"":""C:\\Windows\\system32\\svchost.exe -k UnistackSvcGroup""},{""@Name"":""User"",""#text"":""NT AUTHORITY\\SYSTEM""}]}}"
43,7548,2022-06-20 17:12:23.1708915,13,Info,Microsoft-Windows-Sysmon,Microsoft-Windows-Sysmon/Operational,2800,6224,TEMPEST,0,S-1-5-18,RegistryEvent (Value Set),NT AUTHORITY\SYSTEM,,"ProcessID: 608, ProcessGUID: 4bbef3ae-8422-62b0-0b00-000000000700","RuleName: T1031,T1050",Image: C:\Windows\system32\services.exe,EventType: SetValue,TargetObject: HKLM\System\CurrentControlSet\Services\WpnUserService_1a48020\Start,Details: DWORD (0x00000002),,False,C:\Users\byte store\Desktop\Incident Files Tempest\sysmon.evtx,Classic,0,"{""EventData"":{""Data"":[{""@Name"":""RuleName"",""#text"":""T1031,T1050""},{""@Name"":""EventType"",""#text"":""SetValue""},{""@Name"":""UtcTime"",""#text"":""2022-06-20 17:12:23.144""},{""@Name"":""ProcessGuid"",""#text"":""4bbef3ae-8422-62b0-0b00-000000000700""},{""@Name"":""ProcessId"",""#text"":""608""},{""@Name"":""Image"",""#text"":""C:\\Windows\\system32\\services.exe""},{""@Name"":""TargetObject"",""#text"":""HKLM\\System\\CurrentControlSet\\Services\\WpnUserService_1a48020\\Start""},{""@Name"":""Details"",""#text"":""DWORD (0x00000002)""},{""@Name"":""User"",""#text"":""NT AUTHORITY\\SYSTEM""}]}}"
44,7549,2022-06-20 17:12:23.1710169,13,Info,Microsoft-Windows-Sysmon,Microsoft-Windows-Sysmon/Operational,2800,6224,TEMPEST,0,S-1-5-18,RegistryEvent (Value Set),NT AUTHORITY\SYSTEM,,"ProcessID: 608, ProcessGUID: 4bbef3ae-8422-62b0-0b00-000000000700","RuleName: T1031,T1050",Image: C:\Windows\system32\services.exe,EventType: SetValue,TargetObject: HKLM\System\CurrentControlSet\Services\WpnUserService_1a48020\ImagePath,Details: C:\Windows\system32\svchost.exe -k UnistackSvcGroup,,False,C:\Users\byte store\Desktop\Incident Files Tempest\sysmon.evtx,Classic,0,"{""EventData"":{""Data"":[{""@Name"":""RuleName"",""#text"":""T1031,T1050""},{""@Name"":""EventType"",""#text"":""SetValue""},{""@Name"":""UtcTime"",""#text"":""2022-06-20 17:12:23.144""},{""@Name"":""ProcessGuid"",""#text"":""4bbef3ae-8422-62b0-0b00-000000000700""},{""@Name"":""ProcessId"",""#text"":""608""},{""@Name"":""Image"",""#text"":""C:\\Windows\\system32\\services.exe""},{""@Name"":""TargetObject"",""#text"":""HKLM\\System\\CurrentControlSet\\Services\\WpnUserService_1a48020\\ImagePath""},{""@Name"":""Details"",""#text"":""C:\\Windows\\system32\\svchost.exe -k UnistackSvcGroup""},{""@Name"":""User"",""#text"":""NT AUTHORITY\\SYSTEM""}]}}"
45,7550,2022-06-20 17:12:23.1718004,1,Info,Microsoft-Windows-Sysmon,Microsoft-Windows-Sysmon/Operational,2800,6224,TEMPEST,0,S-1-5-18,Process creation,TEMPEST\benimaru,,"ProcessID: 4876, ProcessGUID: 4bbef3ae-aa77-62b0-e709-000000000700",RuleName: -,"MD5=8B6722980E0C5A06312E00BD0565B692,SHA256=09D94357241EBB37E4510C3A168178822C9458530A30D0E829F5759D6202834D,IMPHASH=D79FA753A3003DE97EDFC038DF32C136",ParentProcess: C:\Windows\System32\svchost.exe,"ParentProcessID: 2008, ParentProcessGUID: 4bbef3ae-8428-62b0-3400-000000000700",ParentCommandLine: C:\Windows\system32\svchost.exe -k netsvcs -p -s UserManager,sihost.exe,False,C:\Users\byte store\Desktop\Incident Files Tempest\sysmon.evtx,Classic,0,"{""EventData"":{""Data"":[{""@Name"":""RuleName"",""#text"":""-""},{""@Name"":""UtcTime"",""#text"":""2022-06-20 17:12:23.155""},{""@Name"":""ProcessGuid"",""#text"":""4bbef3ae-aa77-62b0-e709-000000000700""},{""@Name"":""ProcessId"",""#text"":""4876""},{""@Name"":""Image"",""#text"":""C:\\Windows\\System32\\sihost.exe""},{""@Name"":""FileVersion"",""#text"":""10.0.17763.1 (WinBuild.160101.0800)""},{""@Name"":""Description"",""#text"":""Shell Infrastructure Host""},{""@Name"":""Product"",""#text"":""Microsoft® Windows® Operating System""},{""@Name"":""Company"",""#text"":""Microsoft Corporation""},{""@Name"":""OriginalFileName"",""#text"":""sihost.exe""},{""@Name"":""CommandLine"",""#text"":""sihost.exe""},{""@Name"":""CurrentDirectory"",""#text"":""C:\\Windows\\system32\\""},{""@Name"":""User"",""#text"":""TEMPEST\\benimaru""},{""@Name"":""LogonGuid"",""#text"":""4bbef3ae-aa76-62b0-cd6b-a40100000000""},{""@Name"":""LogonId"",""#text"":""0x1A46BCD""},{""@Name"":""TerminalSessionId"",""#text"":""10""},{""@Name"":""IntegrityLevel"",""#text"":""Medium""},{""@Name"":""Hashes"",""#text"":""MD5=8B6722980E0C5A06312E00BD0565B692,SHA256=09D94357241EBB37E4510C3A168178822C9458530A30D0E829F5759D6202834D,IMPHASH=D79FA753A3003DE97EDFC038DF32C136""},{""@Name"":""ParentProcessGuid"",""#text"":""4bbef3ae-8428-62b0-3400-000000000700""},{""@Name"":""ParentProcessId"",""#text"":""2008""},{""@Name"":""ParentImage"",""#text"":""C:\\Windows\\System32\\svchost.exe""},{""@Name"":""ParentCommandLine"",""#text"":""C:\\Windows\\system32\\svchost.exe -k netsvcs -p -s UserManager""},{""@Name"":""ParentUser"",""#text"":""NT AUTHORITY\\SYSTEM""}]}}"
46,7551,2022-06-20 17:12:23.1782967,1,Info,Microsoft-Windows-Sysmon,Microsoft-Windows-Sysmon/Operational,2800,6224,TEMPEST,0,S-1-5-18,Process creation,TEMPEST\benimaru,,"ProcessID: 7988, ProcessGUID: 4bbef3ae-aa77-62b0-e809-000000000700",RuleName: -,"MD5=8A0A29438052FAED8A2532DA50455756,SHA256=7FD065BAC18C5278777AE44908101CDFED72D26FA741367F0AD4D02020787AB6,IMPHASH=247B9220E5D9B720A82B2C8B5069AD69",ParentProcess: C:\Windows\System32\services.exe,"ParentProcessID: 608, ParentProcessGUID: 4bbef3ae-8422-62b0-0b00-000000000700",ParentCommandLine: C:\Windows\system32\services.exe,C:\Windows\system32\svchost.exe -k UnistackSvcGroup -s CDPUserSvc,False,C:\Users\byte store\Desktop\Incident Files Tempest\sysmon.evtx,Classic,0,"{""EventData"":{""Data"":[{""@Name"":""RuleName"",""#text"":""-""},{""@Name"":""UtcTime"",""#text"":""2022-06-20 17:12:23.162""},{""@Name"":""ProcessGuid"",""#text"":""4bbef3ae-aa77-62b0-e809-000000000700""},{""@Name"":""ProcessId"",""#text"":""7988""},{""@Name"":""Image"",""#text"":""C:\\Windows\\System32\\svchost.exe""},{""@Name"":""FileVersion"",""#text"":""10.0.17763.1 (WinBuild.160101.0800)""},{""@Name"":""Description"",""#text"":""Host Process for Windows Services""},{""@Name"":""Product"",""#text"":""Microsoft® Windows® Operating System""},{""@Name"":""Company"",""#text"":""Microsoft Corporation""},{""@Name"":""OriginalFileName"",""#text"":""svchost.exe""},{""@Name"":""CommandLine"",""#text"":""C:\\Windows\\system32\\svchost.exe -k UnistackSvcGroup -s CDPUserSvc""},{""@Name"":""CurrentDirectory"",""#text"":""C:\\Windows\\system32\\""},{""@Name"":""User"",""#text"":""TEMPEST\\benimaru""},{""@Name"":""LogonGuid"",""#text"":""4bbef3ae-aa76-62b0-cd6b-a40100000000""},{""@Name"":""LogonId"",""#text"":""0x1A46BCD""},{""@Name"":""TerminalSessionId"",""#text"":""10""},{""@Name"":""IntegrityLevel"",""#text"":""Medium""},{""@Name"":""Hashes"",""#text"":""MD5=8A0A29438052FAED8A2532DA50455756,SHA256=7FD065BAC18C5278777AE44908101CDFED72D26FA741367F0AD4D02020787AB6,IMPHASH=247B9220E5D9B720A82B2C8B5069AD69""},{""@Name"":""ParentProcessGuid"",""#text"":""4bbef3ae-8422-62b0-0b00-000000000700""},{""@Name"":""ParentProcessId"",""#text"":""608""},{""@Name"":""ParentImage"",""#text"":""C:\\Windows\\System32\\services.exe""},{""@Name"":""ParentCommandLine"",""#text"":""C:\\Windows\\system32\\services.exe""},{""@Name"":""ParentUser"",""#text"":""NT AUTHORITY\\SYSTEM""}]}}"
47,7552,2022-06-20 17:12:23.2914883,1,Info,Microsoft-Windows-Sysmon,Microsoft-Windows-Sysmon/Operational,2800,6224,TEMPEST,0,S-1-5-18,Process creation,TEMPEST\benimaru,,"ProcessID: 5984, ProcessGUID: 4bbef3ae-aa77-62b0-ea09-000000000700",RuleName: -,"MD5=8A0A29438052FAED8A2532DA50455756,SHA256=7FD065BAC18C5278777AE44908101CDFED72D26FA741367F0AD4D02020787AB6,IMPHASH=247B9220E5D9B720A82B2C8B5069AD69",ParentProcess: C:\Windows\System32\services.exe,"ParentProcessID: 608, ParentProcessGUID: 4bbef3ae-8422-62b0-0b00-000000000700",ParentCommandLine: C:\Windows\system32\services.exe,C:\Windows\system32\svchost.exe -k BthAppGroup -p -s BluetoothUserService,False,C:\Users\byte store\Desktop\Incident Files Tempest\sysmon.evtx,Classic,0,"{""EventData"":{""Data"":[{""@Name"":""RuleName"",""#text"":""-""},{""@Name"":""UtcTime"",""#text"":""2022-06-20 17:12:23.270""},{""@Name"":""ProcessGuid"",""#text"":""4bbef3ae-aa77-62b0-ea09-000000000700""},{""@Name"":""ProcessId"",""#text"":""5984""},{""@Name"":""Image"",""#text"":""C:\\Windows\\System32\\svchost.exe""},{""@Name"":""FileVersion"",""#text"":""10.0.17763.1 (WinBuild.160101.0800)""},{""@Name"":""Description"",""#text"":""Host Process for Windows Services""},{""@Name"":""Product"",""#text"":""Microsoft® Windows® Operating System""},{""@Name"":""Company"",""#text"":""Microsoft Corporation""},{""@Name"":""OriginalFileName"",""#text"":""svchost.exe""},{""@Name"":""CommandLine"",""#text"":""C:\\Windows\\system32\\svchost.exe -k BthAppGroup -p -s BluetoothUserService""},{""@Name"":""CurrentDirectory"",""#text"":""C:\\Windows\\system32\\""},{""@Name"":""User"",""#text"":""TEMPEST\\benimaru""},{""@Name"":""LogonGuid"",""#text"":""4bbef3ae-aa76-62b0-cd6b-a40100000000""},{""@Name"":""LogonId"",""#text"":""0x1A46BCD""},{""@Name"":""TerminalSessionId"",""#text"":""10""},{""@Name"":""IntegrityLevel"",""#text"":""Medium""},{""@Name"":""Hashes"",""#text"":""MD5=8A0A29438052FAED8A2532DA50455756,SHA256=7FD065BAC18C5278777AE44908101CDFED72D26FA741367F0AD4D02020787AB6,IMPHASH=247B9220E5D9B720A82B2C8B5069AD69""},{""@Name"":""ParentProcessGuid"",""#text"":""4bbef3ae-8422-62b0-0b00-000000000700""},{""@Name"":""ParentProcessId"",""#text"":""608""},{""@Name"":""ParentImage"",""#text"":""C:\\Windows\\System32\\services.exe""},{""@Name"":""ParentCommandLine"",""#text"":""C:\\Windows\\system32\\services.exe""},{""@Name"":""ParentUser"",""#text"":""NT AUTHORITY\\SYSTEM""}]}}"
48,7553,2022-06-20 17:12:23.3837461,1,Info,Microsoft-Windows-Sysmon,Microsoft-Windows-Sysmon/Operational,2800,6224,TEMPEST,0,S-1-5-18,Process creation,TEMPEST\benimaru,,"ProcessID: 7712, ProcessGUID: 4bbef3ae-aa77-62b0-eb09-000000000700",RuleName: -,"MD5=8A0A29438052FAED8A2532DA50455756,SHA256=7FD065BAC18C5278777AE44908101CDFED72D26FA741367F0AD4D02020787AB6,IMPHASH=247B9220E5D9B720A82B2C8B5069AD69",ParentProcess: C:\Windows\System32\services.exe,"ParentProcessID: 608, ParentProcessGUID: 4bbef3ae-8422-62b0-0b00-000000000700",ParentCommandLine: C:\Windows\system32\services.exe,C:\Windows\system32\svchost.exe -k UnistackSvcGroup -s WpnUserService,False,C:\Users\byte store\Desktop\Incident Files Tempest\sysmon.evtx,Classic,0,"{""EventData"":{""Data"":[{""@Name"":""RuleName"",""#text"":""-""},{""@Name"":""UtcTime"",""#text"":""2022-06-20 17:12:23.377""},{""@Name"":""ProcessGuid"",""#text"":""4bbef3ae-aa77-62b0-eb09-000000000700""},{""@Name"":""ProcessId"",""#text"":""7712""},{""@Name"":""Image"",""#text"":""C:\\Windows\\System32\\svchost.exe""},{""@Name"":""FileVersion"",""#text"":""10.0.17763.1 (WinBuild.160101.0800)""},{""@Name"":""Description"",""#text"":""Host Process for Windows Services""},{""@Name"":""Product"",""#text"":""Microsoft® Windows® Operating System""},{""@Name"":""Company"",""#text"":""Microsoft Corporation""},{""@Name"":""OriginalFileName"",""#text"":""svchost.exe""},{""@Name"":""CommandLine"",""#text"":""C:\\Windows\\system32\\svchost.exe -k UnistackSvcGroup -s WpnUserService""},{""@Name"":""CurrentDirectory"",""#text"":""C:\\Windows\\system32\\""},{""@Name"":""User"",""#text"":""TEMPEST\\benimaru""},{""@Name"":""LogonGuid"",""#text"":""4bbef3ae-aa76-62b0-cd6b-a40100000000""},{""@Name"":""LogonId"",""#text"":""0x1A46BCD""},{""@Name"":""TerminalSessionId"",""#text"":""10""},{""@Name"":""IntegrityLevel"",""#text"":""Medium""},{""@Name"":""Hashes"",""#text"":""MD5=8A0A29438052FAED8A2532DA50455756,SHA256=7FD065BAC18C5278777AE44908101CDFED72D26FA741367F0AD4D02020787AB6,IMPHASH=247B9220E5D9B720A82B2C8B5069AD69""},{""@Name"":""ParentProcessGuid"",""#text"":""4bbef3ae-8422-62b0-0b00-000000000700""},{""@Name"":""ParentProcessId"",""#text"":""608""},{""@Name"":""ParentImage"",""#text"":""C:\\Windows\\System32\\services.exe""},{""@Name"":""ParentCommandLine"",""#text"":""C:\\Windows\\system32\\services.exe""},{""@Name"":""ParentUser"",""#text"":""NT AUTHORITY\\SYSTEM""}]}}"
49,7554,2022-06-20 17:12:23.6301719,1,Info,Microsoft-Windows-Sysmon,Microsoft-Windows-Sysmon/Operational,2800,6224,TEMPEST,0,S-1-5-18,Process creation,NT AUTHORITY\SYSTEM,,"ProcessID: 8528, ProcessGUID: 4bbef3ae-aa77-62b0-ec09-000000000700",RuleName: -,"MD5=E885BF92C289C674CD32F3E85AB2B922,SHA256=63854E78780866D2AE56A58958A1FDA017A71F54B71FE70CF5403958E961862A,IMPHASH=B696542CADE53789C2CBED09CE287013",ParentProcess: C:\Windows\System32\svchost.exe,"ParentProcessID: 1760, ParentProcessGUID: 4bbef3ae-8428-62b0-2f00-000000000700",ParentCommandLine: C:\Windows\system32\svchost.exe -k netsvcs -p -s Schedule,"""C:\Program Files (x86)\Google\Update\GoogleUpdate.exe"" /c",False,C:\Users\byte store\Desktop\Incident Files Tempest\sysmon.evtx,Classic,0,"{""EventData"":{""Data"":[{""@Name"":""RuleName"",""#text"":""-""},{""@Name"":""UtcTime"",""#text"":""2022-06-20 17:12:23.608""},{""@Name"":""ProcessGuid"",""#text"":""4bbef3ae-aa77-62b0-ec09-000000000700""},{""@Name"":""ProcessId"",""#text"":""8528""},{""@Name"":""Image"",""#text"":""C:\\Program Files (x86)\\Google\\Update\\GoogleUpdate.exe""},{""@Name"":""FileVersion"",""#text"":""1.3.36.131""},{""@Name"":""Description"",""#text"":""Google Installer""},{""@Name"":""Product"",""#text"":""Google Update""},{""@Name"":""Company"",""#text"":""Google LLC""},{""@Name"":""OriginalFileName"",""#text"":""GoogleUpdate.exe""},{""@Name"":""CommandLine"",""#text"":""\""C:\\Program Files (x86)\\Google\\Update\\GoogleUpdate.exe\"" /c""},{""@Name"":""CurrentDirectory"",""#text"":""C:\\Windows\\system32\\""},{""@Name"":""User"",""#text"":""NT AUTHORITY\\SYSTEM""},{""@Name"":""LogonGuid"",""#text"":""4bbef3ae-8422-62b0-e703-000000000000""},{""@Name"":""LogonId"",""#text"":""0x3E7""},{""@Name"":""TerminalSessionId"",""#text"":""0""},{""@Name"":""IntegrityLevel"",""#text"":""System""},{""@Name"":""Hashes"",""#text"":""MD5=E885BF92C289C674CD32F3E85AB2B922,SHA256=63854E78780866D2AE56A58958A1FDA017A71F54B71FE70CF5403958E961862A,IMPHASH=B696542CADE53789C2CBED09CE287013""},{""@Name"":""ParentProcessGuid"",""#text"":""4bbef3ae-8428-62b0-2f00-000000000700""},{""@Name"":""ParentProcessId"",""#text"":""1760""},{""@Name"":""ParentImage"",""#text"":""C:\\Windows\\System32\\svchost.exe""},{""@Name"":""ParentCommandLine"",""#text"":""C:\\Windows\\system32\\svchost.exe -k netsvcs -p -s Schedule""},{""@Name"":""ParentUser"",""#text"":""NT AUTHORITY\\SYSTEM""}]}}"
50,7555,2022-06-20 17:12:23.6342463,1,Info,Microsoft-Windows-Sysmon,Microsoft-Windows-Sysmon/Operational,2800,6224,TEMPEST,0,S-1-5-18,Process creation,TEMPEST\benimaru,,"ProcessID: 8892, ProcessGUID: 4bbef3ae-aa77-62b0-ed09-000000000700",RuleName: -,"MD5=F225F37717C8D714B56CF21C7C1E9C34,SHA256=E272D0E33299BCA60479683EAE0D9B5D880293C01B337D5759FEE812EA631A39,IMPHASH=9839C7FD9649496B162F72128209528A",ParentProcess: C:\Windows\System32\svchost.exe,"ParentProcessID: 1760, ParentProcessGUID: 4bbef3ae-8428-62b0-2f00-000000000700",ParentCommandLine: C:\Windows\system32\svchost.exe -k netsvcs -p -s Schedule,taskhostw.exe logon,False,C:\Users\byte store\Desktop\Incident Files Tempest\sysmon.evtx,Classic,0,"{""EventData"":{""Data"":[{""@Name"":""RuleName"",""#text"":""-""},{""@Name"":""UtcTime"",""#text"":""2022-06-20 17:12:23.632""},{""@Name"":""ProcessGuid"",""#text"":""4bbef3ae-aa77-62b0-ed09-000000000700""},{""@Name"":""ProcessId"",""#text"":""8892""},{""@Name"":""Image"",""#text"":""C:\\Windows\\System32\\taskhostw.exe""},{""@Name"":""FileVersion"",""#text"":""10.0.17763.1 (WinBuild.160101.0800)""},{""@Name"":""Description"",""#text"":""Host Process for Windows Tasks""},{""@Name"":""Product"",""#text"":""Microsoft® Windows® Operating System""},{""@Name"":""Company"",""#text"":""Microsoft Corporation""},{""@Name"":""OriginalFileName"",""#text"":""taskhostw.exe""},{""@Name"":""CommandLine"",""#text"":""taskhostw.exe logon""},{""@Name"":""CurrentDirectory"",""#text"":""C:\\Windows\\system32\\""},{""@Name"":""User"",""#text"":""TEMPEST\\benimaru""},{""@Name"":""LogonGuid"",""#text"":""4bbef3ae-aa76-62b0-cd6b-a40100000000""},{""@Name"":""LogonId"",""#text"":""0x1A46BCD""},{""@Name"":""TerminalSessionId"",""#text"":""10""},{""@Name"":""IntegrityLevel"",""#text"":""Medium""},{""@Name"":""Hashes"",""#text"":""MD5=F225F37717C8D714B56CF21C7C1E9C34,SHA256=E272D0E33299BCA60479683EAE0D9B5D880293C01B337D5759FEE812EA631A39,IMPHASH=9839C7FD9649496B162F72128209528A""},{""@Name"":""ParentProcessGuid"",""#text"":""4bbef3ae-8428-62b0-2f00-000000000700""},{""@Name"":""ParentProcessId"",""#text"":""1760""},{""@Name"":""ParentImage"",""#text"":""C:\\Windows\\System32\\svchost.exe""},{""@Name"":""ParentCommandLine"",""#text"":""C:\\Windows\\system32\\svchost.exe -k netsvcs -p -s Schedule""},{""@Name"":""ParentUser"",""#text"":""NT AUTHORITY\\SYSTEM""}]}}"
51,7556,2022-06-20 17:12:23.6621610,1,Info,Microsoft-Windows-Sysmon,Microsoft-Windows-Sysmon/Operational,2800,6224,TEMPEST,0,S-1-5-18,Process creation,TEMPEST\benimaru,,"ProcessID: 4524, ProcessGUID: 4bbef3ae-aa77-62b0-ee09-000000000700",RuleName: -,"MD5=F225F37717C8D714B56CF21C7C1E9C34,SHA256=E272D0E33299BCA60479683EAE0D9B5D880293C01B337D5759FEE812EA631A39,IMPHASH=9839C7FD9649496B162F72128209528A",ParentProcess: C:\Windows\System32\svchost.exe,"ParentProcessID: 1760, ParentProcessGUID: 4bbef3ae-8428-62b0-2f00-000000000700",ParentCommandLine: C:\Windows\system32\svchost.exe -k netsvcs -p -s Schedule,taskhostw.exe {222A245B-E637-4AE9-A93F-A59CA119A75E},False,C:\Users\byte store\Desktop\Incident Files Tempest\sysmon.evtx,Classic,0,"{""EventData"":{""Data"":[{""@Name"":""RuleName"",""#text"":""-""},{""@Name"":""UtcTime"",""#text"":""2022-06-20 17:12:23.648""},{""@Name"":""ProcessGuid"",""#text"":""4bbef3ae-aa77-62b0-ee09-000000000700""},{""@Name"":""ProcessId"",""#text"":""4524""},{""@Name"":""Image"",""#text"":""C:\\Windows\\System32\\taskhostw.exe""},{""@Name"":""FileVersion"",""#text"":""10.0.17763.1 (WinBuild.160101.0800)""},{""@Name"":""Description"",""#text"":""Host Process for Windows Tasks""},{""@Name"":""Product"",""#text"":""Microsoft® Windows® Operating System""},{""@Name"":""Company"",""#text"":""Microsoft Corporation""},{""@Name"":""OriginalFileName"",""#text"":""taskhostw.exe""},{""@Name"":""CommandLine"",""#text"":""taskhostw.exe {222A245B-E637-4AE9-A93F-A59CA119A75E}""},{""@Name"":""CurrentDirectory"",""#text"":""C:\\Windows\\system32\\""},{""@Name"":""User"",""#text"":""TEMPEST\\benimaru""},{""@Name"":""LogonGuid"",""#text"":""4bbef3ae-aa76-62b0-cd6b-a40100000000""},{""@Name"":""LogonId"",""#text"":""0x1A46BCD""},{""@Name"":""TerminalSessionId"",""#text"":""10""},{""@Name"":""IntegrityLevel"",""#text"":""Medium""},{""@Name"":""Hashes"",""#text"":""MD5=F225F37717C8D714B56CF21C7C1E9C34,SHA256=E272D0E33299BCA60479683EAE0D9B5D880293C01B337D5759FEE812EA631A39,IMPHASH=9839C7FD9649496B162F72128209528A""},{""@Name"":""ParentProcessGuid"",""#text"":""4bbef3ae-8428-62b0-2f00-000000000700""},{""@Name"":""ParentProcessId"",""#text"":""1760""},{""@Name"":""ParentImage"",""#text"":""C:\\Windows\\System32\\svchost.exe""},{""@Name"":""ParentCommandLine"",""#text"":""C:\\Windows\\system32\\svchost.exe -k netsvcs -p -s Schedule""},{""@Name"":""ParentUser"",""#text"":""NT AUTHORITY\\SYSTEM""}]}}"
52,7557,2022-06-20 17:12:23.6636609,1,Info,Microsoft-Windows-Sysmon,Microsoft-Windows-Sysmon/Operational,2800,6224,TEMPEST,0,S-1-5-18,Process creation,TEMPEST\benimaru,,"ProcessID: 3936, ProcessGUID: 4bbef3ae-aa77-62b0-ef09-000000000700",RuleName: -,"MD5=F225F37717C8D714B56CF21C7C1E9C34,SHA256=E272D0E33299BCA60479683EAE0D9B5D880293C01B337D5759FEE812EA631A39,IMPHASH=9839C7FD9649496B162F72128209528A",ParentProcess: C:\Windows\System32\svchost.exe,"ParentProcessID: 1760, ParentProcessGUID: 4bbef3ae-8428-62b0-2f00-000000000700",ParentCommandLine: C:\Windows\system32\svchost.exe -k netsvcs -p -s Schedule,taskhostw.exe,False,C:\Users\byte store\Desktop\Incident Files Tempest\sysmon.evtx,Classic,0,"{""EventData"":{""Data"":[{""@Name"":""RuleName"",""#text"":""-""},{""@Name"":""UtcTime"",""#text"":""2022-06-20 17:12:23.655""},{""@Name"":""ProcessGuid"",""#text"":""4bbef3ae-aa77-62b0-ef09-000000000700""},{""@Name"":""ProcessId"",""#text"":""3936""},{""@Name"":""Image"",""#text"":""C:\\Windows\\System32\\taskhostw.exe""},{""@Name"":""FileVersion"",""#text"":""10.0.17763.1 (WinBuild.160101.0800)""},{""@Name"":""Description"",""#text"":""Host Process for Windows Tasks""},{""@Name"":""Product"",""#text"":""Microsoft® Windows® Operating System""},{""@Name"":""Company"",""#text"":""Microsoft Corporation""},{""@Name"":""OriginalFileName"",""#text"":""taskhostw.exe""},{""@Name"":""CommandLine"",""#text"":""taskhostw.exe""},{""@Name"":""CurrentDirectory"",""#text"":""C:\\Windows\\system32\\""},{""@Name"":""User"",""#text"":""TEMPEST\\benimaru""},{""@Name"":""LogonGuid"",""#text"":""4bbef3ae-aa76-62b0-ad6b-a40100000000""},{""@Name"":""LogonId"",""#text"":""0x1A46BAD""},{""@Name"":""TerminalSessionId"",""#text"":""10""},{""@Name"":""IntegrityLevel"",""#text"":""High""},{""@Name"":""Hashes"",""#text"":""MD5=F225F37717C8D714B56CF21C7C1E9C34,SHA256=E272D0E33299BCA60479683EAE0D9B5D880293C01B337D5759FEE812EA631A39,IMPHASH=9839C7FD9649496B162F72128209528A""},{""@Name"":""ParentProcessGuid"",""#text"":""4bbef3ae-8428-62b0-2f00-000000000700""},{""@Name"":""ParentProcessId"",""#text"":""1760""},{""@Name"":""ParentImage"",""#text"":""C:\\Windows\\System32\\svchost.exe""},{""@Name"":""ParentCommandLine"",""#text"":""C:\\Windows\\system32\\svchost.exe -k netsvcs -p -s Schedule""},{""@Name"":""ParentUser"",""#text"":""NT AUTHORITY\\SYSTEM""}]}}"
53,7558,2022-06-20 17:12:23.7674283,1,Info,Microsoft-Windows-Sysmon,Microsoft-Windows-Sysmon/Operational,2800,6224,TEMPEST,0,S-1-5-18,Process creation,TEMPEST\benimaru,,"ProcessID: 8296, ProcessGUID: 4bbef3ae-aa77-62b0-f009-000000000700",RuleName: -,"MD5=A1535FB0E0914A8E02F9437603A587E6,SHA256=7E578C55B3BE78C0B56C93B7B739EBE6CC9AF533095C4D665C336112626FC445,IMPHASH=9AD6D25C94D4E5B84C044876FA4E0AFF",ParentProcess: C:\Windows\System32\svchost.exe,"ParentProcessID: 1760, ParentProcessGUID: 4bbef3ae-8428-62b0-2f00-000000000700",ParentCommandLine: C:\Windows\system32\svchost.exe -k netsvcs -p -s Schedule,"""C:\Program Files (x86)\Microsoft Office\root\Office16\msoia.exe"" scan upload",False,C:\Users\byte store\Desktop\Incident Files Tempest\sysmon.evtx,Classic,0,"{""EventData"":{""Data"":[{""@Name"":""RuleName"",""#text"":""-""},{""@Name"":""UtcTime"",""#text"":""2022-06-20 17:12:23.725""},{""@Name"":""ProcessGuid"",""#text"":""4bbef3ae-aa77-62b0-f009-000000000700""},{""@Name"":""ProcessId"",""#text"":""8296""},{""@Name"":""Image"",""#text"":""C:\\Program Files (x86)\\Microsoft Office\\root\\Office16\\msoia.exe""},{""@Name"":""FileVersion"",""#text"":""16.0.14026.20228""},{""@Name"":""Description"",""#text"":""Office Telemetry Dashboard Agent (OTD msoia)""},{""@Name"":""Product"",""#text"":""Microsoft Office""},{""@Name"":""Company"",""#text"":""Microsoft Corporation""},{""@Name"":""OriginalFileName"",""#text"":""msoia.exe""},{""@Name"":""CommandLine"",""#text"":""\""C:\\Program Files (x86)\\Microsoft Office\\root\\Office16\\msoia.exe\"" scan upload""},{""@Name"":""CurrentDirectory"",""#text"":""C:\\Windows\\system32\\""},{""@Name"":""User"",""#text"":""TEMPEST\\benimaru""},{""@Name"":""LogonGuid"",""#text"":""4bbef3ae-aa76-62b0-cd6b-a40100000000""},{""@Name"":""LogonId"",""#text"":""0x1A46BCD""},{""@Name"":""TerminalSessionId"",""#text"":""10""},{""@Name"":""IntegrityLevel"",""#text"":""Medium""},{""@Name"":""Hashes"",""#text"":""MD5=A1535FB0E0914A8E02F9437603A587E6,SHA256=7E578C55B3BE78C0B56C93B7B739EBE6CC9AF533095C4D665C336112626FC445,IMPHASH=9AD6D25C94D4E5B84C044876FA4E0AFF""},{""@Name"":""ParentProcessGuid"",""#text"":""4bbef3ae-8428-62b0-2f00-000000000700""},{""@Name"":""ParentProcessId"",""#text"":""1760""},{""@Name"":""ParentImage"",""#text"":""C:\\Windows\\System32\\svchost.exe""},{""@Name"":""ParentCommandLine"",""#text"":""C:\\Windows\\system32\\svchost.exe -k netsvcs -p -s Schedule""},{""@Name"":""ParentUser"",""#text"":""NT AUTHORITY\\SYSTEM""}]}}"
54,7559,2022-06-20 17:12:24.2840716,1,Info,Microsoft-Windows-Sysmon,Microsoft-Windows-Sysmon/Operational,2800,6224,TEMPEST,0,S-1-5-18,Process creation,TEMPEST\benimaru,,"ProcessID: 5968, ProcessGUID: 4bbef3ae-aa78-62b0-f209-000000000700",RuleName: -,"MD5=BF8825D08BC235F0609CA8BBEF4E179C,SHA256=1FE7F7C59EC7EAA276739FA85F7DDA6136D81184E0AEB385B6AC9FEAAA8C4394,IMPHASH=8419D97ABDFEB6C320F0C39028647572",ParentProcess: C:\Windows\System32\winlogon.exe,"ParentProcessID: 5612, ParentProcessGUID: 4bbef3ae-aa67-62b0-de09-000000000700",ParentCommandLine: winlogon.exe,C:\Windows\system32\userinit.exe,False,C:\Users\byte store\Desktop\Incident Files Tempest\sysmon.evtx,Classic,0,"{""EventData"":{""Data"":[{""@Name"":""RuleName"",""#text"":""-""},{""@Name"":""UtcTime"",""#text"":""2022-06-20 17:12:24.262""},{""@Name"":""ProcessGuid"",""#text"":""4bbef3ae-aa78-62b0-f209-000000000700""},{""@Name"":""ProcessId"",""#text"":""5968""},{""@Name"":""Image"",""#text"":""C:\\Windows\\System32\\userinit.exe""},{""@Name"":""FileVersion"",""#text"":""10.0.17763.1 (WinBuild.160101.0800)""},{""@Name"":""Description"",""#text"":""Userinit Logon Application""},{""@Name"":""Product"",""#text"":""Microsoft® Windows® Operating System""},{""@Name"":""Company"",""#text"":""Microsoft Corporation""},{""@Name"":""OriginalFileName"",""#text"":""USERINIT.EXE""},{""@Name"":""CommandLine"",""#text"":""C:\\Windows\\system32\\userinit.exe""},{""@Name"":""CurrentDirectory"",""#text"":""C:\\Windows\\system32\\""},{""@Name"":""User"",""#text"":""TEMPEST\\benimaru""},{""@Name"":""LogonGuid"",""#text"":""4bbef3ae-aa76-62b0-cd6b-a40100000000""},{""@Name"":""LogonId"",""#text"":""0x1A46BCD""},{""@Name"":""TerminalSessionId"",""#text"":""10""},{""@Name"":""IntegrityLevel"",""#text"":""Medium""},{""@Name"":""Hashes"",""#text"":""MD5=BF8825D08BC235F0609CA8BBEF4E179C,SHA256=1FE7F7C59EC7EAA276739FA85F7DDA6136D81184E0AEB385B6AC9FEAAA8C4394,IMPHASH=8419D97ABDFEB6C320F0C39028647572""},{""@Name"":""ParentProcessGuid"",""#text"":""4bbef3ae-aa67-62b0-de09-000000000700""},{""@Name"":""ParentProcessId"",""#text"":""5612""},{""@Name"":""ParentImage"",""#text"":""C:\\Windows\\System32\\winlogon.exe""},{""@Name"":""ParentCommandLine"",""#text"":""winlogon.exe""},{""@Name"":""ParentUser"",""#text"":""NT AUTHORITY\\SYSTEM""}]}}"
55,7560,2022-06-20 17:12:24.5062706,1,Info,Microsoft-Windows-Sysmon,Microsoft-Windows-Sysmon/Operational,2800,6224,TEMPEST,0,S-1-5-18,Process creation,TEMPEST\benimaru,,"ProcessID: 8572, ProcessGUID: 4bbef3ae-aa78-62b0-f309-000000000700",RuleName: -,"MD5=2F62005FCEA7430BB871A56F7700F81C,SHA256=B759293373A11D1A972873A902BC64B2C9690AB947CE4A185CD047195521296D,IMPHASH=0B98A47B3DAF2EE45939EF2A0F188959",ParentProcess: C:\Windows\System32\userinit.exe,"ParentProcessID: 5968, ParentProcessGUID: 4bbef3ae-aa78-62b0-f209-000000000700",ParentCommandLine: C:\Windows\system32\userinit.exe,C:\Windows\Explorer.EXE,False,C:\Users\byte store\Desktop\Incident Files Tempest\sysmon.evtx,Classic,0,"{""EventData"":{""Data"":[{""@Name"":""RuleName"",""#text"":""-""},{""@Name"":""UtcTime"",""#text"":""2022-06-20 17:12:24.423""},{""@Name"":""ProcessGuid"",""#text"":""4bbef3ae-aa78-62b0-f309-000000000700""},{""@Name"":""ProcessId"",""#text"":""8572""},{""@Name"":""Image"",""#text"":""C:\\Windows\\explorer.exe""},{""@Name"":""FileVersion"",""#text"":""10.0.17763.348 (WinBuild.160101.0800)""},{""@Name"":""Description"",""#text"":""Windows Explorer""},{""@Name"":""Product"",""#text"":""Microsoft® Windows® Operating System""},{""@Name"":""Company"",""#text"":""Microsoft Corporation""},{""@Name"":""OriginalFileName"",""#text"":""EXPLORER.EXE""},{""@Name"":""CommandLine"",""#text"":""C:\\Windows\\Explorer.EXE""},{""@Name"":""CurrentDirectory"",""#text"":""C:\\Windows\\system32\\""},{""@Name"":""User"",""#text"":""TEMPEST\\benimaru""},{""@Name"":""LogonGuid"",""#text"":""4bbef3ae-aa76-62b0-cd6b-a40100000000""},{""@Name"":""LogonId"",""#text"":""0x1A46BCD""},{""@Name"":""TerminalSessionId"",""#text"":""10""},{""@Name"":""IntegrityLevel"",""#text"":""Medium""},{""@Name"":""Hashes"",""#text"":""MD5=2F62005FCEA7430BB871A56F7700F81C,SHA256=B759293373A11D1A972873A902BC64B2C9690AB947CE4A185CD047195521296D,IMPHASH=0B98A47B3DAF2EE45939EF2A0F188959""},{""@Name"":""ParentProcessGuid"",""#text"":""4bbef3ae-aa78-62b0-f209-000000000700""},{""@Name"":""ParentProcessId"",""#text"":""5968""},{""@Name"":""ParentImage"",""#text"":""C:\\Windows\\System32\\userinit.exe""},{""@Name"":""ParentCommandLine"",""#text"":""C:\\Windows\\system32\\userinit.exe""},{""@Name"":""ParentUser"",""#text"":""TEMPEST\\benimaru""}]}}"
56,7561,2022-06-20 17:12:25.8744776,1,Info,Microsoft-Windows-Sysmon,Microsoft-Windows-Sysmon/Operational,2800,6224,TEMPEST,0,S-1-5-18,Process creation,TEMPEST\benimaru,,"ProcessID: 4396, ProcessGUID: 4bbef3ae-aa79-62b0-f409-000000000700",RuleName: -,"MD5=8A0A29438052FAED8A2532DA50455756,SHA256=7FD065BAC18C5278777AE44908101CDFED72D26FA741367F0AD4D02020787AB6,IMPHASH=247B9220E5D9B720A82B2C8B5069AD69",ParentProcess: C:\Windows\System32\services.exe,"ParentProcessID: 608, ParentProcessGUID: 4bbef3ae-8422-62b0-0b00-000000000700",ParentCommandLine: C:\Windows\system32\services.exe,C:\Windows\system32\svchost.exe -k ClipboardSvcGroup -p -s cbdhsvc,False,C:\Users\byte store\Desktop\Incident Files Tempest\sysmon.evtx,Classic,0,"{""EventData"":{""Data"":[{""@Name"":""RuleName"",""#text"":""-""},{""@Name"":""UtcTime"",""#text"":""2022-06-20 17:12:25.871""},{""@Name"":""ProcessGuid"",""#text"":""4bbef3ae-aa79-62b0-f409-000000000700""},{""@Name"":""ProcessId"",""#text"":""4396""},{""@Name"":""Image"",""#text"":""C:\\Windows\\System32\\svchost.exe""},{""@Name"":""FileVersion"",""#text"":""10.0.17763.1 (WinBuild.160101.0800)""},{""@Name"":""Description"",""#text"":""Host Process for Windows Services""},{""@Name"":""Product"",""#text"":""Microsoft® Windows® Operating System""},{""@Name"":""Company"",""#text"":""Microsoft Corporation""},{""@Name"":""OriginalFileName"",""#text"":""svchost.exe""},{""@Name"":""CommandLine"",""#text"":""C:\\Windows\\system32\\svchost.exe -k ClipboardSvcGroup -p -s cbdhsvc""},{""@Name"":""CurrentDirectory"",""#text"":""C:\\Windows\\system32\\""},{""@Name"":""User"",""#text"":""TEMPEST\\benimaru""},{""@Name"":""LogonGuid"",""#text"":""4bbef3ae-aa76-62b0-cd6b-a40100000000""},{""@Name"":""LogonId"",""#text"":""0x1A46BCD""},{""@Name"":""TerminalSessionId"",""#text"":""10""},{""@Name"":""IntegrityLevel"",""#text"":""Medium""},{""@Name"":""Hashes"",""#text"":""MD5=8A0A29438052FAED8A2532DA50455756,SHA256=7FD065BAC18C5278777AE44908101CDFED72D26FA741367F0AD4D02020787AB6,IMPHASH=247B9220E5D9B720A82B2C8B5069AD69""},{""@Name"":""ParentProcessGuid"",""#text"":""4bbef3ae-8422-62b0-0b00-000000000700""},{""@Name"":""ParentProcessId"",""#text"":""608""},{""@Name"":""ParentImage"",""#text"":""C:\\Windows\\System32\\services.exe""},{""@Name"":""ParentCommandLine"",""#text"":""C:\\Windows\\system32\\services.exe""},{""@Name"":""ParentUser"",""#text"":""NT AUTHORITY\\SYSTEM""}]}}"
57,7562,2022-06-20 17:12:26.8659231,1,Info,Microsoft-Windows-Sysmon,Microsoft-Windows-Sysmon/Operational,2800,6224,TEMPEST,0,S-1-5-18,Process creation,NT AUTHORITY\NETWORK SERVICE,,"ProcessID: 4492, ProcessGUID: 4bbef3ae-aa7a-62b0-f609-000000000700",RuleName: -,"MD5=2EA8801A9D3DD45DD6D3568862252CDD,SHA256=2A10AD3486239C6DF8AD45E9A354056123094B2798E98AA925C49F193BB61F40,IMPHASH=F8760C1C8299CC561B708036E0A06CD5",ParentProcess: C:\Windows\System32\SppExtComObj.Exe,"ParentProcessID: 2716, ParentProcessGUID: 4bbef3ae-aa7a-62b0-f509-000000000700",ParentCommandLine: C:\Windows\system32\SppExtComObj.exe -Embedding,"""C:\Windows\System32\SLUI.exe"" RuleId=31e71c49-8da7-4a2f-ad92-45d98a1c79ba;Action=AutoActivate;AppId=55c92734-d682-4d71-983e-d6ec3f16059f;SkuId=4de7cb65-cdf1-4de9-8ae8-e3cce27b9f2c;NotificationInterval=1440;Trigger=UserLogon;SessionId=10",False,C:\Users\byte store\Desktop\Incident Files Tempest\sysmon.evtx,Classic,0,"{""EventData"":{""Data"":[{""@Name"":""RuleName"",""#text"":""-""},{""@Name"":""UtcTime"",""#text"":""2022-06-20 17:12:26.857""},{""@Name"":""ProcessGuid"",""#text"":""4bbef3ae-aa7a-62b0-f609-000000000700""},{""@Name"":""ProcessId"",""#text"":""4492""},{""@Name"":""Image"",""#text"":""C:\\Windows\\System32\\slui.exe""},{""@Name"":""FileVersion"",""#text"":""10.0.17763.1 (WinBuild.160101.0800)""},{""@Name"":""Description"",""#text"":""Windows Activation Client""},{""@Name"":""Product"",""#text"":""Microsoft® Windows® Operating System""},{""@Name"":""Company"",""#text"":""Microsoft Corporation""},{""@Name"":""OriginalFileName"",""#text"":""slui.exe""},{""@Name"":""CommandLine"",""#text"":""\""C:\\Windows\\System32\\SLUI.exe\"" RuleId=31e71c49-8da7-4a2f-ad92-45d98a1c79ba;Action=AutoActivate;AppId=55c92734-d682-4d71-983e-d6ec3f16059f;SkuId=4de7cb65-cdf1-4de9-8ae8-e3cce27b9f2c;NotificationInterval=1440;Trigger=UserLogon;SessionId=10""},{""@Name"":""CurrentDirectory"",""#text"":""C:\\Windows\\system32\\""},{""@Name"":""User"",""#text"":""NT AUTHORITY\\NETWORK SERVICE""},{""@Name"":""LogonGuid"",""#text"":""4bbef3ae-8423-62b0-e403-000000000000""},{""@Name"":""LogonId"",""#text"":""0x3E4""},{""@Name"":""TerminalSessionId"",""#text"":""0""},{""@Name"":""IntegrityLevel"",""#text"":""System""},{""@Name"":""Hashes"",""#text"":""MD5=2EA8801A9D3DD45DD6D3568862252CDD,SHA256=2A10AD3486239C6DF8AD45E9A354056123094B2798E98AA925C49F193BB61F40,IMPHASH=F8760C1C8299CC561B708036E0A06CD5""},{""@Name"":""ParentProcessGuid"",""#text"":""4bbef3ae-aa7a-62b0-f509-000000000700""},{""@Name"":""ParentProcessId"",""#text"":""2716""},{""@Name"":""ParentImage"",""#text"":""C:\\Windows\\System32\\SppExtComObj.Exe""},{""@Name"":""ParentCommandLine"",""#text"":""C:\\Windows\\system32\\SppExtComObj.exe -Embedding""},{""@Name"":""ParentUser"",""#text"":""NT AUTHORITY\\NETWORK SERVICE""}]}}"
58,7563,2022-06-20 17:12:26.9057631,22,Info,Microsoft-Windows-Sysmon,Microsoft-Windows-Sysmon/Operational,2800,6188,TEMPEST,1,S-1-5-18,DNSEvent (DNS query),TEMPEST\benimaru,,"ProcessID: 7712, ProcessGUID: 4bbef3ae-aa77-62b0-eb09-000000000700",RuleName: -,Image: C:\Windows\system32\svchost.exe,QueryName: cdn.onenote.net,QueryStatus: 0,QueryResults: type:  5 cdn.onenote.net.edgekey.net;type:  5 e1553.dspg.akamaiedge.net;2001:fe0:10:687::611;2001:fe0:10:682::611;::ffff:104.101.49.114;,,False,C:\Users\byte store\Desktop\Incident Files Tempest\sysmon.evtx,Classic,0,"{""EventData"":{""Data"":[{""@Name"":""RuleName"",""#text"":""-""},{""@Name"":""UtcTime"",""#text"":""2022-06-20 16:58:24.497""},{""@Name"":""ProcessGuid"",""#text"":""4bbef3ae-aa77-62b0-eb09-000000000700""},{""@Name"":""ProcessId"",""#text"":""7712""},{""@Name"":""QueryName"",""#text"":""cdn.onenote.net""},{""@Name"":""QueryStatus"",""#text"":""0""},{""@Name"":""QueryResults"",""#text"":""type:  5 cdn.onenote.net.edgekey.net;type:  5 e1553.dspg.akamaiedge.net;2001:fe0:10:687::611;2001:fe0:10:682::611;::ffff:104.101.49.114;""},{""@Name"":""Image"",""#text"":""C:\\Windows\\system32\\svchost.exe""},{""@Name"":""User"",""#text"":""TEMPEST\\benimaru""}]}}"
59,7564,2022-06-20 17:12:26.9208566,1,Info,Microsoft-Windows-Sysmon,Microsoft-Windows-Sysmon/Operational,2800,6224,TEMPEST,1,S-1-5-18,Process creation,TEMPEST\benimaru,,"ProcessID: 4584, ProcessGUID: 4bbef3ae-aa7a-62b0-f709-000000000700",RuleName: -,"MD5=2EA8801A9D3DD45DD6D3568862252CDD,SHA256=2A10AD3486239C6DF8AD45E9A354056123094B2798E98AA925C49F193BB61F40,IMPHASH=F8760C1C8299CC561B708036E0A06CD5",ParentProcess: -,"ParentProcessID: 752, ParentProcessGUID: 00000000-0000-0000-0000-000000000000",ParentCommandLine: -,C:\Windows\System32\slui.exe -Embedding,False,C:\Users\byte store\Desktop\Incident Files Tempest\sysmon.evtx,Classic,0,"{""EventData"":{""Data"":[{""@Name"":""RuleName"",""#text"":""-""},{""@Name"":""UtcTime"",""#text"":""2022-06-20 17:12:26.918""},{""@Name"":""ProcessGuid"",""#text"":""4bbef3ae-aa7a-62b0-f709-000000000700""},{""@Name"":""ProcessId"",""#text"":""4584""},{""@Name"":""Image"",""#text"":""C:\\Windows\\System32\\slui.exe""},{""@Name"":""FileVersion"",""#text"":""10.0.17763.1 (WinBuild.160101.0800)""},{""@Name"":""Description"",""#text"":""Windows Activation Client""},{""@Name"":""Product"",""#text"":""Microsoft® Windows® Operating System""},{""@Name"":""Company"",""#text"":""Microsoft Corporation""},{""@Name"":""OriginalFileName"",""#text"":""slui.exe""},{""@Name"":""CommandLine"",""#text"":""C:\\Windows\\System32\\slui.exe -Embedding""},{""@Name"":""CurrentDirectory"",""#text"":""C:\\Windows\\system32\\""},{""@Name"":""User"",""#text"":""TEMPEST\\benimaru""},{""@Name"":""LogonGuid"",""#text"":""4bbef3ae-aa76-62b0-cd6b-a40100000000""},{""@Name"":""LogonId"",""#text"":""0x1A46BCD""},{""@Name"":""TerminalSessionId"",""#text"":""10""},{""@Name"":""IntegrityLevel"",""#text"":""Medium""},{""@Name"":""Hashes"",""#text"":""MD5=2EA8801A9D3DD45DD6D3568862252CDD,SHA256=2A10AD3486239C6DF8AD45E9A354056123094B2798E98AA925C49F193BB61F40,IMPHASH=F8760C1C8299CC561B708036E0A06CD5""},{""@Name"":""ParentProcessGuid"",""#text"":""00000000-0000-0000-0000-000000000000""},{""@Name"":""ParentProcessId"",""#text"":""752""},{""@Name"":""ParentImage"",""#text"":""-""},{""@Name"":""ParentCommandLine"",""#text"":""-""},{""@Name"":""ParentUser"",""#text"":""-""}]}}"
60,7565,2022-06-20 17:12:27.9697713,22,Info,Microsoft-Windows-Sysmon,Microsoft-Windows-Sysmon/Operational,2800,6188,TEMPEST,1,S-1-5-18,DNSEvent (DNS query),TEMPEST\benimaru,,"ProcessID: 7712, ProcessGUID: 4bbef3ae-aa77-62b0-eb09-000000000700",RuleName: -,Image: C:\Windows\system32\svchost.exe,QueryName: cdn.onenote.net,QueryStatus: 0,QueryResults: type:  5 cdn.onenote.net.edgekey.net;type:  5 e1553.dspg.akamaiedge.net;2001:fe0:10:687::611;2001:fe0:10:682::611;::ffff:104.101.49.114;,,False,C:\Users\byte store\Desktop\Incident Files Tempest\sysmon.evtx,Classic,0,"{""EventData"":{""Data"":[{""@Name"":""RuleName"",""#text"":""-""},{""@Name"":""UtcTime"",""#text"":""2022-06-20 16:58:24.503""},{""@Name"":""ProcessGuid"",""#text"":""4bbef3ae-aa77-62b0-eb09-000000000700""},{""@Name"":""ProcessId"",""#text"":""7712""},{""@Name"":""QueryName"",""#text"":""cdn.onenote.net""},{""@Name"":""QueryStatus"",""#text"":""0""},{""@Name"":""QueryResults"",""#text"":""type:  5 cdn.onenote.net.edgekey.net;type:  5 e1553.dspg.akamaiedge.net;2001:fe0:10:687::611;2001:fe0:10:682::611;::ffff:104.101.49.114;""},{""@Name"":""Image"",""#text"":""C:\\Windows\\system32\\svchost.exe""},{""@Name"":""User"",""#text"":""TEMPEST\\benimaru""}]}}"
