305,7810,2022-06-20 17:16:15.5283801,22,Info,Microsoft-Windows-Sysmon,Microsoft-Windows-Sysmon/Operational,2800,6188,TEMPEST,5,S-1-5-18,DNSEvent (DNS query),TEMPEST\benimaru,,"ProcessID: 8948, ProcessGUID: 4bbef3ae-ab22-62b0-8b0a-000000000700",RuleName: -,Image: C:\Users\Public\Downloads\first.exe,QueryName: resolvecyber.xyz,QueryStatus: 0,QueryResults: 64:ff9b::a747:dea2;::ffff:167.71.222.162;,,False,C:\Users\byte store\Desktop\Incident Files Tempest\sysmon.evtx,Classic,0,"{""EventData"":{""Data"":[{""@Name"":""RuleName"",""#text"":""-""},{""@Name"":""UtcTime"",""#text"":""2022-06-20 17:02:12.355""},{""@Name"":""ProcessGuid"",""#text"":""4bbef3ae-ab22-62b0-8b0a-000000000700""},{""@Name"":""ProcessId"",""#text"":""8948""},{""@Name"":""QueryName"",""#text"":""resolvecyber.xyz""},{""@Name"":""QueryStatus"",""#text"":""0""},{""@Name"":""QueryResults"",""#text"":""64:ff9b::a747:dea2;::ffff:167.71.222.162;""},{""@Name"":""Image"",""#text"":""C:\\Users\\Public\\Downloads\\first.exe""},{""@Name"":""User"",""#text"":""TEMPEST\\benimaru""}]}}"
306,7811,2022-06-20 17:16:15.7469682,3,Info,Microsoft-Windows-Sysmon,Microsoft-Windows-Sysmon/Operational,2800,7488,TEMPEST,5,S-1-5-18,Network connection,TEMPEST\benimaru,,"ProcessID: 8948, ProcessGUID: 4bbef3ae-ab22-62b0-8b0a-000000000700",RuleName: Usermode,SourceHostname: TEMPEST,SourceIp: 192.168.254.107,DestinationHostname: -,DestinationIp: 167.71.222.162,,False,C:\Users\byte store\Desktop\Incident Files Tempest\sysmon.evtx,Classic,0,"{""EventData"":{""Data"":[{""@Name"":""RuleName"",""#text"":""Usermode""},{""@Name"":""UtcTime"",""#text"":""2022-06-20 17:02:12.246""},{""@Name"":""ProcessGuid"",""#text"":""4bbef3ae-ab22-62b0-8b0a-000000000700""},{""@Name"":""ProcessId"",""#text"":""8948""},{""@Name"":""Image"",""#text"":""C:\\Users\\Public\\Downloads\\first.exe""},{""@Name"":""User"",""#text"":""TEMPEST\\benimaru""},{""@Name"":""Protocol"",""#text"":""tcp""},{""@Name"":""Initiated"",""#text"":""True""},{""@Name"":""SourceIsIpv6"",""#text"":""False""},{""@Name"":""SourceIp"",""#text"":""192.168.254.107""},{""@Name"":""SourceHostname"",""#text"":""TEMPEST""},{""@Name"":""SourcePort"",""#text"":""51906""},{""@Name"":""SourcePortName"",""#text"":""-""},{""@Name"":""DestinationIsIpv6"",""#text"":""False""},{""@Name"":""DestinationIp"",""#text"":""167.71.222.162""},{""@Name"":""DestinationHostname"",""#text"":""-""},{""@Name"":""DestinationPort"",""#text"":""80""},{""@Name"":""DestinationPortName"",""#text"":""http""}]}}"
307,7812,2022-06-20 17:16:15.7479549,3,Info,Microsoft-Windows-Sysmon,Microsoft-Windows-Sysmon/Operational,2800,7488,TEMPEST,5,S-1-5-18,Network connection,TEMPEST\benimaru,,"ProcessID: 8948, ProcessGUID: 4bbef3ae-ab22-62b0-8b0a-000000000700",RuleName: Usermode,SourceHostname: TEMPEST,SourceIp: 192.168.254.107,DestinationHostname: -,DestinationIp: 167.71.222.162,,False,C:\Users\byte store\Desktop\Incident Files Tempest\sysmon.evtx,Classic,0,"{""EventData"":{""Data"":[{""@Name"":""RuleName"",""#text"":""Usermode""},{""@Name"":""UtcTime"",""#text"":""2022-06-20 17:02:12.402""},{""@Name"":""ProcessGuid"",""#text"":""4bbef3ae-ab22-62b0-8b0a-000000000700""},{""@Name"":""ProcessId"",""#text"":""8948""},{""@Name"":""Image"",""#text"":""C:\\Users\\Public\\Downloads\\first.exe""},{""@Name"":""User"",""#text"":""TEMPEST\\benimaru""},{""@Name"":""Protocol"",""#text"":""tcp""},{""@Name"":""Initiated"",""#text"":""True""},{""@Name"":""SourceIsIpv6"",""#text"":""False""},{""@Name"":""SourceIp"",""#text"":""192.168.254.107""},{""@Name"":""SourceHostname"",""#text"":""TEMPEST""},{""@Name"":""SourcePort"",""#text"":""51907""},{""@Name"":""SourcePortName"",""#text"":""-""},{""@Name"":""DestinationIsIpv6"",""#text"":""False""},{""@Name"":""DestinationIp"",""#text"":""167.71.222.162""},{""@Name"":""DestinationHostname"",""#text"":""-""},{""@Name"":""DestinationPort"",""#text"":""80""},{""@Name"":""DestinationPortName"",""#text"":""http""}]}}"
308,7813,2022-06-20 17:16:21.1843206,22,Info,Microsoft-Windows-Sysmon,Microsoft-Windows-Sysmon/Operational,2800,6188,TEMPEST,5,S-1-5-18,DNSEvent (DNS query),TEMPEST\benimaru,,"ProcessID: 8948, ProcessGUID: 4bbef3ae-ab22-62b0-8b0a-000000000700",RuleName: -,Image: C:\Users\Public\Downloads\first.exe,QueryName: resolvecyber.xyz,QueryStatus: 0,QueryResults: 64:ff9b::a747:dea2;::ffff:167.71.222.162;,,False,C:\Users\byte store\Desktop\Incident Files Tempest\sysmon.evtx,Classic,0,"{""EventData"":{""Data"":[{""@Name"":""RuleName"",""#text"":""-""},{""@Name"":""UtcTime"",""#text"":""2022-06-20 17:02:18.794""},{""@Name"":""ProcessGuid"",""#text"":""4bbef3ae-ab22-62b0-8b0a-000000000700""},{""@Name"":""ProcessId"",""#text"":""8948""},{""@Name"":""QueryName"",""#text"":""resolvecyber.xyz""},{""@Name"":""QueryStatus"",""#text"":""0""},{""@Name"":""QueryResults"",""#text"":""64:ff9b::a747:dea2;::ffff:167.71.222.162;""},{""@Name"":""Image"",""#text"":""C:\\Users\\Public\\Downloads\\first.exe""},{""@Name"":""User"",""#text"":""TEMPEST\\benimaru""}]}}"
309,7814,2022-06-20 17:16:22.1852389,22,Info,Microsoft-Windows-Sysmon,Microsoft-Windows-Sysmon/Operational,2800,6188,TEMPEST,5,S-1-5-18,DNSEvent (DNS query),TEMPEST\benimaru,,"ProcessID: 8948, ProcessGUID: 4bbef3ae-ab22-62b0-8b0a-000000000700",RuleName: -,Image: C:\Users\Public\Downloads\first.exe,QueryName: resolvecyber.xyz,QueryStatus: 0,QueryResults: 64:ff9b::a747:dea2;::ffff:167.71.222.162;,,False,C:\Users\byte store\Desktop\Incident Files Tempest\sysmon.evtx,Classic,0,"{""EventData"":{""Data"":[{""@Name"":""RuleName"",""#text"":""-""},{""@Name"":""UtcTime"",""#text"":""2022-06-20 17:02:19.158""},{""@Name"":""ProcessGuid"",""#text"":""4bbef3ae-ab22-62b0-8b0a-000000000700""},{""@Name"":""ProcessId"",""#text"":""8948""},{""@Name"":""QueryName"",""#text"":""resolvecyber.xyz""},{""@Name"":""QueryStatus"",""#text"":""0""},{""@Name"":""QueryResults"",""#text"":""64:ff9b::a747:dea2;::ffff:167.71.222.162;""},{""@Name"":""Image"",""#text"":""C:\\Users\\Public\\Downloads\\first.exe""},{""@Name"":""User"",""#text"":""TEMPEST\\benimaru""}]}}"
310,7815,2022-06-20 17:16:22.2785944,3,Info,Microsoft-Windows-Sysmon,Microsoft-Windows-Sysmon/Operational,2800,7488,TEMPEST,5,S-1-5-18,Network connection,TEMPEST\benimaru,,"ProcessID: 8948, ProcessGUID: 4bbef3ae-ab22-62b0-8b0a-000000000700",RuleName: Usermode,SourceHostname: TEMPEST,SourceIp: 192.168.254.107,DestinationHostname: -,DestinationIp: 167.71.222.162,,False,C:\Users\byte store\Desktop\Incident Files Tempest\sysmon.evtx,Classic,0,"{""EventData"":{""Data"":[{""@Name"":""RuleName"",""#text"":""Usermode""},{""@Name"":""UtcTime"",""#text"":""2022-06-20 17:02:18.970""},{""@Name"":""ProcessGuid"",""#text"":""4bbef3ae-ab22-62b0-8b0a-000000000700""},{""@Name"":""ProcessId"",""#text"":""8948""},{""@Name"":""Image"",""#text"":""C:\\Users\\Public\\Downloads\\first.exe""},{""@Name"":""User"",""#text"":""TEMPEST\\benimaru""},{""@Name"":""Protocol"",""#text"":""tcp""},{""@Name"":""Initiated"",""#text"":""True""},{""@Name"":""SourceIsIpv6"",""#text"":""False""},{""@Name"":""SourceIp"",""#text"":""192.168.254.107""},{""@Name"":""SourceHostname"",""#text"":""TEMPEST""},{""@Name"":""SourcePort"",""#text"":""51908""},{""@Name"":""SourcePortName"",""#text"":""-""},{""@Name"":""DestinationIsIpv6"",""#text"":""False""},{""@Name"":""DestinationIp"",""#text"":""167.71.222.162""},{""@Name"":""DestinationHostname"",""#text"":""-""},{""@Name"":""DestinationPort"",""#text"":""80""},{""@Name"":""DestinationPortName"",""#text"":""http""}]}}"
311,7816,2022-06-20 17:16:22.2793482,3,Info,Microsoft-Windows-Sysmon,Microsoft-Windows-Sysmon/Operational,2800,7488,TEMPEST,5,S-1-5-18,Network connection,TEMPEST\benimaru,,"ProcessID: 8948, ProcessGUID: 4bbef3ae-ab22-62b0-8b0a-000000000700",RuleName: Usermode,SourceHostname: TEMPEST,SourceIp: 192.168.254.107,DestinationHostname: -,DestinationIp: 167.71.222.162,,False,C:\Users\byte store\Desktop\Incident Files Tempest\sysmon.evtx,Classic,0,"{""EventData"":{""Data"":[{""@Name"":""RuleName"",""#text"":""Usermode""},{""@Name"":""UtcTime"",""#text"":""2022-06-20 17:02:19.206""},{""@Name"":""ProcessGuid"",""#text"":""4bbef3ae-ab22-62b0-8b0a-000000000700""},{""@Name"":""ProcessId"",""#text"":""8948""},{""@Name"":""Image"",""#text"":""C:\\Users\\Public\\Downloads\\first.exe""},{""@Name"":""User"",""#text"":""TEMPEST\\benimaru""},{""@Name"":""Protocol"",""#text"":""tcp""},{""@Name"":""Initiated"",""#text"":""True""},{""@Name"":""SourceIsIpv6"",""#text"":""False""},{""@Name"":""SourceIp"",""#text"":""192.168.254.107""},{""@Name"":""SourceHostname"",""#text"":""TEMPEST""},{""@Name"":""SourcePort"",""#text"":""51909""},{""@Name"":""SourcePortName"",""#text"":""-""},{""@Name"":""DestinationIsIpv6"",""#text"":""False""},{""@Name"":""DestinationIp"",""#text"":""167.71.222.162""},{""@Name"":""DestinationHostname"",""#text"":""-""},{""@Name"":""DestinationPort"",""#text"":""80""},{""@Name"":""DestinationPortName"",""#text"":""http""}]}}"
312,7817,2022-06-20 17:16:36.4505229,22,Info,Microsoft-Windows-Sysmon,Microsoft-Windows-Sysmon/Operational,2800,6188,TEMPEST,5,S-1-5-18,DNSEvent (DNS query),TEMPEST\benimaru,,"ProcessID: 8948, ProcessGUID: 4bbef3ae-ab22-62b0-8b0a-000000000700",RuleName: -,Image: C:\Users\Public\Downloads\first.exe,QueryName: resolvecyber.xyz,QueryStatus: 0,QueryResults: 64:ff9b::a747:dea2;::ffff:167.71.222.162;,,False,C:\Users\byte store\Desktop\Incident Files Tempest\sysmon.evtx,Classic,0,"{""EventData"":{""Data"":[{""@Name"":""RuleName"",""#text"":""-""},{""@Name"":""UtcTime"",""#text"":""2022-06-20 17:02:34.069""},{""@Name"":""ProcessGuid"",""#text"":""4bbef3ae-ab22-62b0-8b0a-000000000700""},{""@Name"":""ProcessId"",""#text"":""8948""},{""@Name"":""QueryName"",""#text"":""resolvecyber.xyz""},{""@Name"":""QueryStatus"",""#text"":""0""},{""@Name"":""QueryResults"",""#text"":""64:ff9b::a747:dea2;::ffff:167.71.222.162;""},{""@Name"":""Image"",""#text"":""C:\\Users\\Public\\Downloads\\first.exe""},{""@Name"":""User"",""#text"":""TEMPEST\\benimaru""}]}}"
313,7818,2022-06-20 17:16:37.4653364,22,Info,Microsoft-Windows-Sysmon,Microsoft-Windows-Sysmon/Operational,2800,6188,TEMPEST,5,S-1-5-18,DNSEvent (DNS query),TEMPEST\benimaru,,"ProcessID: 8948, ProcessGUID: 4bbef3ae-ab22-62b0-8b0a-000000000700",RuleName: -,Image: C:\Users\Public\Downloads\first.exe,QueryName: resolvecyber.xyz,QueryStatus: 0,QueryResults: 64:ff9b::a747:dea2;::ffff:167.71.222.162;,,False,C:\Users\byte store\Desktop\Incident Files Tempest\sysmon.evtx,Classic,0,"{""EventData"":{""Data"":[{""@Name"":""RuleName"",""#text"":""-""},{""@Name"":""UtcTime"",""#text"":""2022-06-20 17:02:34.253""},{""@Name"":""ProcessGuid"",""#text"":""4bbef3ae-ab22-62b0-8b0a-000000000700""},{""@Name"":""ProcessId"",""#text"":""8948""},{""@Name"":""QueryName"",""#text"":""resolvecyber.xyz""},{""@Name"":""QueryStatus"",""#text"":""0""},{""@Name"":""QueryResults"",""#text"":""64:ff9b::a747:dea2;::ffff:167.71.222.162;""},{""@Name"":""Image"",""#text"":""C:\\Users\\Public\\Downloads\\first.exe""},{""@Name"":""User"",""#text"":""TEMPEST\\benimaru""}]}}"
314,7819,2022-06-20 17:16:37.5746167,3,Info,Microsoft-Windows-Sysmon,Microsoft-Windows-Sysmon/Operational,2800,7488,TEMPEST,5,S-1-5-18,Network connection,TEMPEST\benimaru,,"ProcessID: 8948, ProcessGUID: 4bbef3ae-ab22-62b0-8b0a-000000000700",RuleName: Usermode,SourceHostname: TEMPEST,SourceIp: 192.168.254.107,DestinationHostname: -,DestinationIp: 167.71.222.162,,False,C:\Users\byte store\Desktop\Incident Files Tempest\sysmon.evtx,Classic,0,"{""EventData"":{""Data"":[{""@Name"":""RuleName"",""#text"":""Usermode""},{""@Name"":""UtcTime"",""#text"":""2022-06-20 17:02:34.156""},{""@Name"":""ProcessGuid"",""#text"":""4bbef3ae-ab22-62b0-8b0a-000000000700""},{""@Name"":""ProcessId"",""#text"":""8948""},{""@Name"":""Image"",""#text"":""C:\\Users\\Public\\Downloads\\first.exe""},{""@Name"":""User"",""#text"":""TEMPEST\\benimaru""},{""@Name"":""Protocol"",""#text"":""tcp""},{""@Name"":""Initiated"",""#text"":""True""},{""@Name"":""SourceIsIpv6"",""#text"":""False""},{""@Name"":""SourceIp"",""#text"":""192.168.254.107""},{""@Name"":""SourceHostname"",""#text"":""TEMPEST""},{""@Name"":""SourcePort"",""#text"":""51910""},{""@Name"":""SourcePortName"",""#text"":""-""},{""@Name"":""DestinationIsIpv6"",""#text"":""False""},{""@Name"":""DestinationIp"",""#text"":""167.71.222.162""},{""@Name"":""DestinationHostname"",""#text"":""-""},{""@Name"":""DestinationPort"",""#text"":""80""},{""@Name"":""DestinationPortName"",""#text"":""http""}]}}"
315,7820,2022-06-20 17:16:37.5759833,3,Info,Microsoft-Windows-Sysmon,Microsoft-Windows-Sysmon/Operational,2800,7488,TEMPEST,5,S-1-5-18,Network connection,TEMPEST\benimaru,,"ProcessID: 8948, ProcessGUID: 4bbef3ae-ab22-62b0-8b0a-000000000700",RuleName: Usermode,SourceHostname: TEMPEST,SourceIp: 192.168.254.107,DestinationHostname: -,DestinationIp: 167.71.222.162,,False,C:\Users\byte store\Desktop\Incident Files Tempest\sysmon.evtx,Classic,0,"{""EventData"":{""Data"":[{""@Name"":""RuleName"",""#text"":""Usermode""},{""@Name"":""UtcTime"",""#text"":""2022-06-20 17:02:34.304""},{""@Name"":""ProcessGuid"",""#text"":""4bbef3ae-ab22-62b0-8b0a-000000000700""},{""@Name"":""ProcessId"",""#text"":""8948""},{""@Name"":""Image"",""#text"":""C:\\Users\\Public\\Downloads\\first.exe""},{""@Name"":""User"",""#text"":""TEMPEST\\benimaru""},{""@Name"":""Protocol"",""#text"":""tcp""},{""@Name"":""Initiated"",""#text"":""True""},{""@Name"":""SourceIsIpv6"",""#text"":""False""},{""@Name"":""SourceIp"",""#text"":""192.168.254.107""},{""@Name"":""SourceHostname"",""#text"":""TEMPEST""},{""@Name"":""SourcePort"",""#text"":""51911""},{""@Name"":""SourcePortName"",""#text"":""-""},{""@Name"":""DestinationIsIpv6"",""#text"":""False""},{""@Name"":""DestinationIp"",""#text"":""167.71.222.162""},{""@Name"":""DestinationHostname"",""#text"":""-""},{""@Name"":""DestinationPort"",""#text"":""80""},{""@Name"":""DestinationPortName"",""#text"":""http""}]}}"
316,7821,2022-06-20 17:16:51.5181830,1,Info,Microsoft-Windows-Sysmon,Microsoft-Windows-Sysmon/Operational,2800,6224,TEMPEST,5,S-1-5-18,Process creation,TEMPEST\benimaru,,"ProcessID: 844, ProcessGUID: 4bbef3ae-ab83-62b0-9f0a-000000000700",RuleName: -,"MD5=9244576DDD10643BCEABE63EC36950E6,SHA256=9372044B501FEFAE7333A59624379DBFC7E4ECCBEA965EE7058F2583709C2287,IMPHASH=F495C58FFEE3A623AD7AAA6BE78756D5",ParentProcess: -,"ParentProcessID: 8948, ParentProcessGUID: 00000000-0000-0000-0000-000000000000",ParentCommandLine: -,"""C:\Windows\system32\NETSTAT.EXE"" -ano -p tcp",False,C:\Users\byte store\Desktop\Incident Files Tempest\sysmon.evtx,Classic,0,"{""EventData"":{""Data"":[{""@Name"":""RuleName"",""#text"":""-""},{""@Name"":""UtcTime"",""#text"":""2022-06-20 17:16:51.515""},{""@Name"":""ProcessGuid"",""#text"":""4bbef3ae-ab83-62b0-9f0a-000000000700""},{""@Name"":""ProcessId"",""#text"":""844""},{""@Name"":""Image"",""#text"":""C:\\Windows\\System32\\NETSTAT.EXE""},{""@Name"":""FileVersion"",""#text"":""10.0.17763.1 (WinBuild.160101.0800)""},{""@Name"":""Description"",""#text"":""TCP/IP Netstat Command""},{""@Name"":""Product"",""#text"":""Microsoft® Windows® Operating System""},{""@Name"":""Company"",""#text"":""Microsoft Corporation""},{""@Name"":""OriginalFileName"",""#text"":""netstat.exe""},{""@Name"":""CommandLine"",""#text"":""\""C:\\Windows\\system32\\NETSTAT.EXE\"" -ano -p tcp""},{""@Name"":""CurrentDirectory"",""#text"":""C:\\Windows\\system32\\""},{""@Name"":""User"",""#text"":""TEMPEST\\benimaru""},{""@Name"":""LogonGuid"",""#text"":""4bbef3ae-ab09-62b0-1ca9-b00100000000""},{""@Name"":""LogonId"",""#text"":""0x1B0A91C""},{""@Name"":""TerminalSessionId"",""#text"":""11""},{""@Name"":""IntegrityLevel"",""#text"":""Medium""},{""@Name"":""Hashes"",""#text"":""MD5=9244576DDD10643BCEABE63EC36950E6,SHA256=9372044B501FEFAE7333A59624379DBFC7E4ECCBEA965EE7058F2583709C2287,IMPHASH=F495C58FFEE3A623AD7AAA6BE78756D5""},{""@Name"":""ParentProcessGuid"",""#text"":""00000000-0000-0000-0000-000000000000""},{""@Name"":""ParentProcessId"",""#text"":""8948""},{""@Name"":""ParentImage"",""#text"":""-""},{""@Name"":""ParentCommandLine"",""#text"":""-""},{""@Name"":""ParentUser"",""#text"":""-""}]}}"
317,7822,2022-06-20 17:16:52.5446678,22,Info,Microsoft-Windows-Sysmon,Microsoft-Windows-Sysmon/Operational,2800,6188,TEMPEST,5,S-1-5-18,DNSEvent (DNS query),TEMPEST\benimaru,,"ProcessID: 8948, ProcessGUID: 4bbef3ae-ab22-62b0-8b0a-000000000700",RuleName: -,Image: C:\Users\Public\Downloads\first.exe,QueryName: resolvecyber.xyz,QueryStatus: 0,QueryResults: 64:ff9b::a747:dea2;::ffff:167.71.222.162;,,False,C:\Users\byte store\Desktop\Incident Files Tempest\sysmon.evtx,Classic,0,"{""EventData"":{""Data"":[{""@Name"":""RuleName"",""#text"":""-""},{""@Name"":""UtcTime"",""#text"":""2022-06-20 17:02:50.163""},{""@Name"":""ProcessGuid"",""#text"":""4bbef3ae-ab22-62b0-8b0a-000000000700""},{""@Name"":""ProcessId"",""#text"":""8948""},{""@Name"":""QueryName"",""#text"":""resolvecyber.xyz""},{""@Name"":""QueryStatus"",""#text"":""0""},{""@Name"":""QueryResults"",""#text"":""64:ff9b::a747:dea2;::ffff:167.71.222.162;""},{""@Name"":""Image"",""#text"":""C:\\Users\\Public\\Downloads\\first.exe""},{""@Name"":""User"",""#text"":""TEMPEST\\benimaru""}]}}"
318,7823,2022-06-20 17:16:53.5608286,22,Info,Microsoft-Windows-Sysmon,Microsoft-Windows-Sysmon/Operational,2800,6188,TEMPEST,5,S-1-5-18,DNSEvent (DNS query),TEMPEST\benimaru,,"ProcessID: 8948, ProcessGUID: 4bbef3ae-ab22-62b0-8b0a-000000000700",RuleName: -,Image: C:\Users\Public\Downloads\first.exe,QueryName: resolvecyber.xyz,QueryStatus: 0,QueryResults: 64:ff9b::a747:dea2;::ffff:167.71.222.162;,,False,C:\Users\byte store\Desktop\Incident Files Tempest\sysmon.evtx,Classic,0,"{""EventData"":{""Data"":[{""@Name"":""RuleName"",""#text"":""-""},{""@Name"":""UtcTime"",""#text"":""2022-06-20 17:02:50.378""},{""@Name"":""ProcessGuid"",""#text"":""4bbef3ae-ab22-62b0-8b0a-000000000700""},{""@Name"":""ProcessId"",""#text"":""8948""},{""@Name"":""QueryName"",""#text"":""resolvecyber.xyz""},{""@Name"":""QueryStatus"",""#text"":""0""},{""@Name"":""QueryResults"",""#text"":""64:ff9b::a747:dea2;::ffff:167.71.222.162;""},{""@Name"":""Image"",""#text"":""C:\\Users\\Public\\Downloads\\first.exe""},{""@Name"":""User"",""#text"":""TEMPEST\\benimaru""}]}}"
319,7824,2022-06-20 17:16:53.6536966,3,Info,Microsoft-Windows-Sysmon,Microsoft-Windows-Sysmon/Operational,2800,7488,TEMPEST,5,S-1-5-18,Network connection,TEMPEST\benimaru,,"ProcessID: 8948, ProcessGUID: 4bbef3ae-ab22-62b0-8b0a-000000000700",RuleName: Usermode,SourceHostname: TEMPEST,SourceIp: 192.168.254.107,DestinationHostname: -,DestinationIp: 167.71.222.162,,False,C:\Users\byte store\Desktop\Incident Files Tempest\sysmon.evtx,Classic,0,"{""EventData"":{""Data"":[{""@Name"":""RuleName"",""#text"":""Usermode""},{""@Name"":""UtcTime"",""#text"":""2022-06-20 17:02:50.267""},{""@Name"":""ProcessGuid"",""#text"":""4bbef3ae-ab22-62b0-8b0a-000000000700""},{""@Name"":""ProcessId"",""#text"":""8948""},{""@Name"":""Image"",""#text"":""C:\\Users\\Public\\Downloads\\first.exe""},{""@Name"":""User"",""#text"":""TEMPEST\\benimaru""},{""@Name"":""Protocol"",""#text"":""tcp""},{""@Name"":""Initiated"",""#text"":""True""},{""@Name"":""SourceIsIpv6"",""#text"":""False""},{""@Name"":""SourceIp"",""#text"":""192.168.254.107""},{""@Name"":""SourceHostname"",""#text"":""TEMPEST""},{""@Name"":""SourcePort"",""#text"":""51912""},{""@Name"":""SourcePortName"",""#text"":""-""},{""@Name"":""DestinationIsIpv6"",""#text"":""False""},{""@Name"":""DestinationIp"",""#text"":""167.71.222.162""},{""@Name"":""DestinationHostname"",""#text"":""-""},{""@Name"":""DestinationPort"",""#text"":""80""},{""@Name"":""DestinationPortName"",""#text"":""http""}]}}"
320,7825,2022-06-20 17:16:53.6546517,3,Info,Microsoft-Windows-Sysmon,Microsoft-Windows-Sysmon/Operational,2800,7488,TEMPEST,5,S-1-5-18,Network connection,TEMPEST\benimaru,,"ProcessID: 8948, ProcessGUID: 4bbef3ae-ab22-62b0-8b0a-000000000700",RuleName: Usermode,SourceHostname: TEMPEST,SourceIp: 192.168.254.107,DestinationHostname: -,DestinationIp: 167.71.222.162,,False,C:\Users\byte store\Desktop\Incident Files Tempest\sysmon.evtx,Classic,0,"{""EventData"":{""Data"":[{""@Name"":""RuleName"",""#text"":""Usermode""},{""@Name"":""UtcTime"",""#text"":""2022-06-20 17:02:50.423""},{""@Name"":""ProcessGuid"",""#text"":""4bbef3ae-ab22-62b0-8b0a-000000000700""},{""@Name"":""ProcessId"",""#text"":""8948""},{""@Name"":""Image"",""#text"":""C:\\Users\\Public\\Downloads\\first.exe""},{""@Name"":""User"",""#text"":""TEMPEST\\benimaru""},{""@Name"":""Protocol"",""#text"":""tcp""},{""@Name"":""Initiated"",""#text"":""True""},{""@Name"":""SourceIsIpv6"",""#text"":""False""},{""@Name"":""SourceIp"",""#text"":""192.168.254.107""},{""@Name"":""SourceHostname"",""#text"":""TEMPEST""},{""@Name"":""SourcePort"",""#text"":""51913""},{""@Name"":""SourcePortName"",""#text"":""-""},{""@Name"":""DestinationIsIpv6"",""#text"":""False""},{""@Name"":""DestinationIp"",""#text"":""167.71.222.162""},{""@Name"":""DestinationHostname"",""#text"":""-""},{""@Name"":""DestinationPort"",""#text"":""80""},{""@Name"":""DestinationPortName"",""#text"":""http""}]}}"
321,7826,2022-06-20 17:17:25.3565931,22,Info,Microsoft-Windows-Sysmon,Microsoft-Windows-Sysmon/Operational,2800,6188,TEMPEST,5,S-1-5-18,DNSEvent (DNS query),TEMPEST\benimaru,,"ProcessID: 2716, ProcessGUID: 4bbef3ae-aba4-62b0-a80a-000000000700",RuleName: -,Image: C:\Program Files\Common Files\Microsoft Shared\ClickToRun\OfficeClickToRun.exe,QueryName: ecs.office.com,QueryStatus: 0,QueryResults: 2620:1ec:42::132;::ffff:52.113.194.132;,,False,C:\Users\byte store\Desktop\Incident Files Tempest\sysmon.evtx,Classic,0,"{""EventData"":{""Data"":[{""@Name"":""RuleName"",""#text"":""-""},{""@Name"":""UtcTime"",""#text"":""2022-06-20 17:03:23.545""},{""@Name"":""ProcessGuid"",""#text"":""4bbef3ae-aba4-62b0-a80a-000000000700""},{""@Name"":""ProcessId"",""#text"":""2716""},{""@Name"":""QueryName"",""#text"":""ecs.office.com""},{""@Name"":""QueryStatus"",""#text"":""0""},{""@Name"":""QueryResults"",""#text"":""2620:1ec:42::132;::ffff:52.113.194.132;""},{""@Name"":""Image"",""#text"":""C:\\Program Files\\Common Files\\Microsoft Shared\\ClickToRun\\OfficeClickToRun.exe""},{""@Name"":""User"",""#text"":""TEMPEST\\benimaru""}]}}"
322,7827,2022-06-20 17:17:27.3717303,22,Info,Microsoft-Windows-Sysmon,Microsoft-Windows-Sysmon/Operational,2800,6188,TEMPEST,5,S-1-5-18,DNSEvent (DNS query),NT AUTHORITY\NETWORK SERVICE,,"ProcessID: 4964, ProcessGUID: 4bbef3ae-8433-62b0-6d00-000000000700",RuleName: -,Image: C:\Windows\System32\svchost.exe,QueryName: officecdn.microsoft.com.edgesuite.net,QueryStatus: 0,QueryResults: 2001:fe0:10:68::125:4cc0;2001:fe0:10:68::125:4c9b;::ffff:1.37.77.24;::ffff:120.28.35.201;,,False,C:\Users\byte store\Desktop\Incident Files Tempest\sysmon.evtx,Classic,0,"{""EventData"":{""Data"":[{""@Name"":""RuleName"",""#text"":""-""},{""@Name"":""UtcTime"",""#text"":""2022-06-20 17:03:25.358""},{""@Name"":""ProcessGuid"",""#text"":""4bbef3ae-8433-62b0-6d00-000000000700""},{""@Name"":""ProcessId"",""#text"":""4964""},{""@Name"":""QueryName"",""#text"":""officecdn.microsoft.com.edgesuite.net""},{""@Name"":""QueryStatus"",""#text"":""0""},{""@Name"":""QueryResults"",""#text"":""2001:fe0:10:68::125:4cc0;2001:fe0:10:68::125:4c9b;::ffff:1.37.77.24;::ffff:120.28.35.201;""},{""@Name"":""Image"",""#text"":""C:\\Windows\\System32\\svchost.exe""},{""@Name"":""User"",""#text"":""NT AUTHORITY\\NETWORK SERVICE""}]}}"
323,7828,2022-06-20 17:17:31.9331699,11,Info,Microsoft-Windows-Sysmon,Microsoft-Windows-Sysmon/Operational,2800,6224,TEMPEST,5,S-1-5-18,FileCreate,NT AUTHORITY\SYSTEM,,"ProcessID: 7560, ProcessGUID: 4bbef3ae-a8ec-62b0-5e08-000000000700",RuleName: DLL,Image: C:\Program Files\Common Files\Microsoft Shared\ClickToRun\OfficeClickToRun.exe,TargetFilename: C:\Program Files\Common Files\microsoft shared\ClickToRun\Updates\16.0.15225.20288OfficeC2RC442FD92-468A-45F1-9CE2-0589ACC4DE4E\api-ms-win-core-file-l1-2-0.dll,,,,False,C:\Users\byte store\Desktop\Incident Files Tempest\sysmon.evtx,Classic,0,"{""EventData"":{""Data"":[{""@Name"":""RuleName"",""#text"":""DLL""},{""@Name"":""UtcTime"",""#text"":""2022-06-20 17:17:31.917""},{""@Name"":""ProcessGuid"",""#text"":""4bbef3ae-a8ec-62b0-5e08-000000000700""},{""@Name"":""ProcessId"",""#text"":""7560""},{""@Name"":""Image"",""#text"":""C:\\Program Files\\Common Files\\Microsoft Shared\\ClickToRun\\OfficeClickToRun.exe""},{""@Name"":""TargetFilename"",""#text"":""C:\\Program Files\\Common Files\\microsoft shared\\ClickToRun\\Updates\\16.0.15225.20288OfficeC2RC442FD92-468A-45F1-9CE2-0589ACC4DE4E\\api-ms-win-core-file-l1-2-0.dll""},{""@Name"":""CreationUtcTime"",""#text"":""2022-06-20 17:17:31.917""},{""@Name"":""User"",""#text"":""NT AUTHORITY\\SYSTEM""}]}}"
324,7829,2022-06-20 17:17:31.9349922,11,Info,Microsoft-Windows-Sysmon,Microsoft-Windows-Sysmon/Operational,2800,6224,TEMPEST,5,S-1-5-18,FileCreate,NT AUTHORITY\SYSTEM,,"ProcessID: 7560, ProcessGUID: 4bbef3ae-a8ec-62b0-5e08-000000000700",RuleName: DLL,Image: C:\Program Files\Common Files\Microsoft Shared\ClickToRun\OfficeClickToRun.exe,TargetFilename: C:\Program Files\Common Files\microsoft shared\ClickToRun\Updates\16.0.15225.20288OfficeC2RC442FD92-468A-45F1-9CE2-0589ACC4DE4E\api-ms-win-core-file-l2-1-0.dll,,,,False,C:\Users\byte store\Desktop\Incident Files Tempest\sysmon.evtx,Classic,0,"{""EventData"":{""Data"":[{""@Name"":""RuleName"",""#text"":""DLL""},{""@Name"":""UtcTime"",""#text"":""2022-06-20 17:17:31.933""},{""@Name"":""ProcessGuid"",""#text"":""4bbef3ae-a8ec-62b0-5e08-000000000700""},{""@Name"":""ProcessId"",""#text"":""7560""},{""@Name"":""Image"",""#text"":""C:\\Program Files\\Common Files\\Microsoft Shared\\ClickToRun\\OfficeClickToRun.exe""},{""@Name"":""TargetFilename"",""#text"":""C:\\Program Files\\Common Files\\microsoft shared\\ClickToRun\\Updates\\16.0.15225.20288OfficeC2RC442FD92-468A-45F1-9CE2-0589ACC4DE4E\\api-ms-win-core-file-l2-1-0.dll""},{""@Name"":""CreationUtcTime"",""#text"":""2022-06-20 17:17:31.933""},{""@Name"":""User"",""#text"":""NT AUTHORITY\\SYSTEM""}]}}"
325,7830,2022-06-20 17:17:31.9357803,11,Info,Microsoft-Windows-Sysmon,Microsoft-Windows-Sysmon/Operational,2800,6224,TEMPEST,5,S-1-5-18,FileCreate,NT AUTHORITY\SYSTEM,,"ProcessID: 7560, ProcessGUID: 4bbef3ae-a8ec-62b0-5e08-000000000700",RuleName: DLL,Image: C:\Program Files\Common Files\Microsoft Shared\ClickToRun\OfficeClickToRun.exe,TargetFilename: C:\Program Files\Common Files\microsoft shared\ClickToRun\Updates\16.0.15225.20288OfficeC2RC442FD92-468A-45F1-9CE2-0589ACC4DE4E\api-ms-win-core-localization-l1-2-0.dll,,,,False,C:\Users\byte store\Desktop\Incident Files Tempest\sysmon.evtx,Classic,0,"{""EventData"":{""Data"":[{""@Name"":""RuleName"",""#text"":""DLL""},{""@Name"":""UtcTime"",""#text"":""2022-06-20 17:17:31.933""},{""@Name"":""ProcessGuid"",""#text"":""4bbef3ae-a8ec-62b0-5e08-000000000700""},{""@Name"":""ProcessId"",""#text"":""7560""},{""@Name"":""Image"",""#text"":""C:\\Program Files\\Common Files\\Microsoft Shared\\ClickToRun\\OfficeClickToRun.exe""},{""@Name"":""TargetFilename"",""#text"":""C:\\Program Files\\Common Files\\microsoft shared\\ClickToRun\\Updates\\16.0.15225.20288OfficeC2RC442FD92-468A-45F1-9CE2-0589ACC4DE4E\\api-ms-win-core-localization-l1-2-0.dll""},{""@Name"":""CreationUtcTime"",""#text"":""2022-06-20 17:17:31.933""},{""@Name"":""User"",""#text"":""NT AUTHORITY\\SYSTEM""}]}}"
326,7831,2022-06-20 17:17:31.9361124,11,Info,Microsoft-Windows-Sysmon,Microsoft-Windows-Sysmon/Operational,2800,6224,TEMPEST,5,S-1-5-18,FileCreate,NT AUTHORITY\SYSTEM,,"ProcessID: 7560, ProcessGUID: 4bbef3ae-a8ec-62b0-5e08-000000000700",RuleName: DLL,Image: C:\Program Files\Common Files\Microsoft Shared\ClickToRun\OfficeClickToRun.exe,TargetFilename: C:\Program Files\Common Files\microsoft shared\ClickToRun\Updates\16.0.15225.20288OfficeC2RC442FD92-468A-45F1-9CE2-0589ACC4DE4E\api-ms-win-core-processthreads-l1-1-1.dll,,,,False,C:\Users\byte store\Desktop\Incident Files Tempest\sysmon.evtx,Classic,0,"{""EventData"":{""Data"":[{""@Name"":""RuleName"",""#text"":""DLL""},{""@Name"":""UtcTime"",""#text"":""2022-06-20 17:17:31.933""},{""@Name"":""ProcessGuid"",""#text"":""4bbef3ae-a8ec-62b0-5e08-000000000700""},{""@Name"":""ProcessId"",""#text"":""7560""},{""@Name"":""Image"",""#text"":""C:\\Program Files\\Common Files\\Microsoft Shared\\ClickToRun\\OfficeClickToRun.exe""},{""@Name"":""TargetFilename"",""#text"":""C:\\Program Files\\Common Files\\microsoft shared\\ClickToRun\\Updates\\16.0.15225.20288OfficeC2RC442FD92-468A-45F1-9CE2-0589ACC4DE4E\\api-ms-win-core-processthreads-l1-1-1.dll""},{""@Name"":""CreationUtcTime"",""#text"":""2022-06-20 17:17:31.933""},{""@Name"":""User"",""#text"":""NT AUTHORITY\\SYSTEM""}]}}"
327,7832,2022-06-20 17:17:31.9369006,11,Info,Microsoft-Windows-Sysmon,Microsoft-Windows-Sysmon/Operational,2800,6224,TEMPEST,5,S-1-5-18,FileCreate,NT AUTHORITY\SYSTEM,,"ProcessID: 7560, ProcessGUID: 4bbef3ae-a8ec-62b0-5e08-000000000700",RuleName: DLL,Image: C:\Program Files\Common Files\Microsoft Shared\ClickToRun\OfficeClickToRun.exe,TargetFilename: C:\Program Files\Common Files\microsoft shared\ClickToRun\Updates\16.0.15225.20288OfficeC2RC442FD92-468A-45F1-9CE2-0589ACC4DE4E\api-ms-win-core-synch-l1-2-0.dll,,,,False,C:\Users\byte store\Desktop\Incident Files Tempest\sysmon.evtx,Classic,0,"{""EventData"":{""Data"":[{""@Name"":""RuleName"",""#text"":""DLL""},{""@Name"":""UtcTime"",""#text"":""2022-06-20 17:17:31.933""},{""@Name"":""ProcessGuid"",""#text"":""4bbef3ae-a8ec-62b0-5e08-000000000700""},{""@Name"":""ProcessId"",""#text"":""7560""},{""@Name"":""Image"",""#text"":""C:\\Program Files\\Common Files\\Microsoft Shared\\ClickToRun\\OfficeClickToRun.exe""},{""@Name"":""TargetFilename"",""#text"":""C:\\Program Files\\Common Files\\microsoft shared\\ClickToRun\\Updates\\16.0.15225.20288OfficeC2RC442FD92-468A-45F1-9CE2-0589ACC4DE4E\\api-ms-win-core-synch-l1-2-0.dll""},{""@Name"":""CreationUtcTime"",""#text"":""2022-06-20 17:17:31.933""},{""@Name"":""User"",""#text"":""NT AUTHORITY\\SYSTEM""}]}}"
328,7833,2022-06-20 17:17:31.9372876,11,Info,Microsoft-Windows-Sysmon,Microsoft-Windows-Sysmon/Operational,2800,6224,TEMPEST,5,S-1-5-18,FileCreate,NT AUTHORITY\SYSTEM,,"ProcessID: 7560, ProcessGUID: 4bbef3ae-a8ec-62b0-5e08-000000000700",RuleName: DLL,Image: C:\Program Files\Common Files\Microsoft Shared\ClickToRun\OfficeClickToRun.exe,TargetFilename: C:\Program Files\Common Files\microsoft shared\ClickToRun\Updates\16.0.15225.20288OfficeC2RC442FD92-468A-45F1-9CE2-0589ACC4DE4E\api-ms-win-core-timezone-l1-1-0.dll,,,,False,C:\Users\byte store\Desktop\Incident Files Tempest\sysmon.evtx,Classic,0,"{""EventData"":{""Data"":[{""@Name"":""RuleName"",""#text"":""DLL""},{""@Name"":""UtcTime"",""#text"":""2022-06-20 17:17:31.933""},{""@Name"":""ProcessGuid"",""#text"":""4bbef3ae-a8ec-62b0-5e08-000000000700""},{""@Name"":""ProcessId"",""#text"":""7560""},{""@Name"":""Image"",""#text"":""C:\\Program Files\\Common Files\\Microsoft Shared\\ClickToRun\\OfficeClickToRun.exe""},{""@Name"":""TargetFilename"",""#text"":""C:\\Program Files\\Common Files\\microsoft shared\\ClickToRun\\Updates\\16.0.15225.20288OfficeC2RC442FD92-468A-45F1-9CE2-0589ACC4DE4E\\api-ms-win-core-timezone-l1-1-0.dll""},{""@Name"":""CreationUtcTime"",""#text"":""2022-06-20 17:17:31.933""},{""@Name"":""User"",""#text"":""NT AUTHORITY\\SYSTEM""}]}}"
329,7834,2022-06-20 17:17:31.9379965,11,Info,Microsoft-Windows-Sysmon,Microsoft-Windows-Sysmon/Operational,2800,6224,TEMPEST,5,S-1-5-18,FileCreate,NT AUTHORITY\SYSTEM,,"ProcessID: 7560, ProcessGUID: 4bbef3ae-a8ec-62b0-5e08-000000000700",RuleName: DLL,Image: C:\Program Files\Common Files\Microsoft Shared\ClickToRun\OfficeClickToRun.exe,TargetFilename: C:\Program Files\Common Files\microsoft shared\ClickToRun\Updates\16.0.15225.20288OfficeC2RC442FD92-468A-45F1-9CE2-0589ACC4DE4E\api-ms-win-core-xstate-l2-1-0.dll,,,,False,C:\Users\byte store\Desktop\Incident Files Tempest\sysmon.evtx,Classic,0,"{""EventData"":{""Data"":[{""@Name"":""RuleName"",""#text"":""DLL""},{""@Name"":""UtcTime"",""#text"":""2022-06-20 17:17:31.933""},{""@Name"":""ProcessGuid"",""#text"":""4bbef3ae-a8ec-62b0-5e08-000000000700""},{""@Name"":""ProcessId"",""#text"":""7560""},{""@Name"":""Image"",""#text"":""C:\\Program Files\\Common Files\\Microsoft Shared\\ClickToRun\\OfficeClickToRun.exe""},{""@Name"":""TargetFilename"",""#text"":""C:\\Program Files\\Common Files\\microsoft shared\\ClickToRun\\Updates\\16.0.15225.20288OfficeC2RC442FD92-468A-45F1-9CE2-0589ACC4DE4E\\api-ms-win-core-xstate-l2-1-0.dll""},{""@Name"":""CreationUtcTime"",""#text"":""2022-06-20 17:17:31.933""},{""@Name"":""User"",""#text"":""NT AUTHORITY\\SYSTEM""}]}}"
330,7835,2022-06-20 17:17:31.9385841,11,Info,Microsoft-Windows-Sysmon,Microsoft-Windows-Sysmon/Operational,2800,6224,TEMPEST,5,S-1-5-18,FileCreate,NT AUTHORITY\SYSTEM,,"ProcessID: 7560, ProcessGUID: 4bbef3ae-a8ec-62b0-5e08-000000000700",RuleName: DLL,Image: C:\Program Files\Common Files\Microsoft Shared\ClickToRun\OfficeClickToRun.exe,TargetFilename: C:\Program Files\Common Files\microsoft shared\ClickToRun\Updates\16.0.15225.20288OfficeC2RC442FD92-468A-45F1-9CE2-0589ACC4DE4E\api-ms-win-crt-conio-l1-1-0.dll,,,,False,C:\Users\byte store\Desktop\Incident Files Tempest\sysmon.evtx,Classic,0,"{""EventData"":{""Data"":[{""@Name"":""RuleName"",""#text"":""DLL""},{""@Name"":""UtcTime"",""#text"":""2022-06-20 17:17:31.933""},{""@Name"":""ProcessGuid"",""#text"":""4bbef3ae-a8ec-62b0-5e08-000000000700""},{""@Name"":""ProcessId"",""#text"":""7560""},{""@Name"":""Image"",""#text"":""C:\\Program Files\\Common Files\\Microsoft Shared\\ClickToRun\\OfficeClickToRun.exe""},{""@Name"":""TargetFilename"",""#text"":""C:\\Program Files\\Common Files\\microsoft shared\\ClickToRun\\Updates\\16.0.15225.20288OfficeC2RC442FD92-468A-45F1-9CE2-0589ACC4DE4E\\api-ms-win-crt-conio-l1-1-0.dll""},{""@Name"":""CreationUtcTime"",""#text"":""2022-06-20 17:17:31.933""},{""@Name"":""User"",""#text"":""NT AUTHORITY\\SYSTEM""}]}}"
331,7836,2022-06-20 17:17:31.9391511,11,Info,Microsoft-Windows-Sysmon,Microsoft-Windows-Sysmon/Operational,2800,6224,TEMPEST,5,S-1-5-18,FileCreate,NT AUTHORITY\SYSTEM,,"ProcessID: 7560, ProcessGUID: 4bbef3ae-a8ec-62b0-5e08-000000000700",RuleName: DLL,Image: C:\Program Files\Common Files\Microsoft Shared\ClickToRun\OfficeClickToRun.exe,TargetFilename: C:\Program Files\Common Files\microsoft shared\ClickToRun\Updates\16.0.15225.20288OfficeC2RC442FD92-468A-45F1-9CE2-0589ACC4DE4E\api-ms-win-crt-convert-l1-1-0.dll,,,,False,C:\Users\byte store\Desktop\Incident Files Tempest\sysmon.evtx,Classic,0,"{""EventData"":{""Data"":[{""@Name"":""RuleName"",""#text"":""DLL""},{""@Name"":""UtcTime"",""#text"":""2022-06-20 17:17:31.933""},{""@Name"":""ProcessGuid"",""#text"":""4bbef3ae-a8ec-62b0-5e08-000000000700""},{""@Name"":""ProcessId"",""#text"":""7560""},{""@Name"":""Image"",""#text"":""C:\\Program Files\\Common Files\\Microsoft Shared\\ClickToRun\\OfficeClickToRun.exe""},{""@Name"":""TargetFilename"",""#text"":""C:\\Program Files\\Common Files\\microsoft shared\\ClickToRun\\Updates\\16.0.15225.20288OfficeC2RC442FD92-468A-45F1-9CE2-0589ACC4DE4E\\api-ms-win-crt-convert-l1-1-0.dll""},{""@Name"":""CreationUtcTime"",""#text"":""2022-06-20 17:17:31.933""},{""@Name"":""User"",""#text"":""NT AUTHORITY\\SYSTEM""}]}}"
332,7837,2022-06-20 17:17:31.9397831,11,Info,Microsoft-Windows-Sysmon,Microsoft-Windows-Sysmon/Operational,2800,6224,TEMPEST,5,S-1-5-18,FileCreate,NT AUTHORITY\SYSTEM,,"ProcessID: 7560, ProcessGUID: 4bbef3ae-a8ec-62b0-5e08-000000000700",RuleName: DLL,Image: C:\Program Files\Common Files\Microsoft Shared\ClickToRun\OfficeClickToRun.exe,TargetFilename: C:\Program Files\Common Files\microsoft shared\ClickToRun\Updates\16.0.15225.20288OfficeC2RC442FD92-468A-45F1-9CE2-0589ACC4DE4E\api-ms-win-crt-environment-l1-1-0.dll,,,,False,C:\Users\byte store\Desktop\Incident Files Tempest\sysmon.evtx,Classic,0,"{""EventData"":{""Data"":[{""@Name"":""RuleName"",""#text"":""DLL""},{""@Name"":""UtcTime"",""#text"":""2022-06-20 17:17:31.933""},{""@Name"":""ProcessGuid"",""#text"":""4bbef3ae-a8ec-62b0-5e08-000000000700""},{""@Name"":""ProcessId"",""#text"":""7560""},{""@Name"":""Image"",""#text"":""C:\\Program Files\\Common Files\\Microsoft Shared\\ClickToRun\\OfficeClickToRun.exe""},{""@Name"":""TargetFilename"",""#text"":""C:\\Program Files\\Common Files\\microsoft shared\\ClickToRun\\Updates\\16.0.15225.20288OfficeC2RC442FD92-468A-45F1-9CE2-0589ACC4DE4E\\api-ms-win-crt-environment-l1-1-0.dll""},{""@Name"":""CreationUtcTime"",""#text"":""2022-06-20 17:17:31.933""},{""@Name"":""User"",""#text"":""NT AUTHORITY\\SYSTEM""}]}}"
333,7838,2022-06-20 17:17:31.9403356,11,Info,Microsoft-Windows-Sysmon,Microsoft-Windows-Sysmon/Operational,2800,6224,TEMPEST,5,S-1-5-18,FileCreate,NT AUTHORITY\SYSTEM,,"ProcessID: 7560, ProcessGUID: 4bbef3ae-a8ec-62b0-5e08-000000000700",RuleName: DLL,Image: C:\Program Files\Common Files\Microsoft Shared\ClickToRun\OfficeClickToRun.exe,TargetFilename: C:\Program Files\Common Files\microsoft shared\ClickToRun\Updates\16.0.15225.20288OfficeC2RC442FD92-468A-45F1-9CE2-0589ACC4DE4E\api-ms-win-crt-filesystem-l1-1-0.dll,,,,False,C:\Users\byte store\Desktop\Incident Files Tempest\sysmon.evtx,Classic,0,"{""EventData"":{""Data"":[{""@Name"":""RuleName"",""#text"":""DLL""},{""@Name"":""UtcTime"",""#text"":""2022-06-20 17:17:31.933""},{""@Name"":""ProcessGuid"",""#text"":""4bbef3ae-a8ec-62b0-5e08-000000000700""},{""@Name"":""ProcessId"",""#text"":""7560""},{""@Name"":""Image"",""#text"":""C:\\Program Files\\Common Files\\Microsoft Shared\\ClickToRun\\OfficeClickToRun.exe""},{""@Name"":""TargetFilename"",""#text"":""C:\\Program Files\\Common Files\\microsoft shared\\ClickToRun\\Updates\\16.0.15225.20288OfficeC2RC442FD92-468A-45F1-9CE2-0589ACC4DE4E\\api-ms-win-crt-filesystem-l1-1-0.dll""},{""@Name"":""CreationUtcTime"",""#text"":""2022-06-20 17:17:31.933""},{""@Name"":""User"",""#text"":""NT AUTHORITY\\SYSTEM""}]}}"
334,7839,2022-06-20 17:17:31.9409853,11,Info,Microsoft-Windows-Sysmon,Microsoft-Windows-Sysmon/Operational,2800,6224,TEMPEST,5,S-1-5-18,FileCreate,NT AUTHORITY\SYSTEM,,"ProcessID: 7560, ProcessGUID: 4bbef3ae-a8ec-62b0-5e08-000000000700",RuleName: DLL,Image: C:\Program Files\Common Files\Microsoft Shared\ClickToRun\OfficeClickToRun.exe,TargetFilename: C:\Program Files\Common Files\microsoft shared\ClickToRun\Updates\16.0.15225.20288OfficeC2RC442FD92-468A-45F1-9CE2-0589ACC4DE4E\api-ms-win-crt-heap-l1-1-0.dll,,,,False,C:\Users\byte store\Desktop\Incident Files Tempest\sysmon.evtx,Classic,0,"{""EventData"":{""Data"":[{""@Name"":""RuleName"",""#text"":""DLL""},{""@Name"":""UtcTime"",""#text"":""2022-06-20 17:17:31.933""},{""@Name"":""ProcessGuid"",""#text"":""4bbef3ae-a8ec-62b0-5e08-000000000700""},{""@Name"":""ProcessId"",""#text"":""7560""},{""@Name"":""Image"",""#text"":""C:\\Program Files\\Common Files\\Microsoft Shared\\ClickToRun\\OfficeClickToRun.exe""},{""@Name"":""TargetFilename"",""#text"":""C:\\Program Files\\Common Files\\microsoft shared\\ClickToRun\\Updates\\16.0.15225.20288OfficeC2RC442FD92-468A-45F1-9CE2-0589ACC4DE4E\\api-ms-win-crt-heap-l1-1-0.dll""},{""@Name"":""CreationUtcTime"",""#text"":""2022-06-20 17:17:31.933""},{""@Name"":""User"",""#text"":""NT AUTHORITY\\SYSTEM""}]}}"
335,7840,2022-06-20 17:17:31.9415470,11,Info,Microsoft-Windows-Sysmon,Microsoft-Windows-Sysmon/Operational,2800,6224,TEMPEST,5,S-1-5-18,FileCreate,NT AUTHORITY\SYSTEM,,"ProcessID: 7560, ProcessGUID: 4bbef3ae-a8ec-62b0-5e08-000000000700",RuleName: DLL,Image: C:\Program Files\Common Files\Microsoft Shared\ClickToRun\OfficeClickToRun.exe,TargetFilename: C:\Program Files\Common Files\microsoft shared\ClickToRun\Updates\16.0.15225.20288OfficeC2RC442FD92-468A-45F1-9CE2-0589ACC4DE4E\api-ms-win-crt-locale-l1-1-0.dll,,,,False,C:\Users\byte store\Desktop\Incident Files Tempest\sysmon.evtx,Classic,0,"{""EventData"":{""Data"":[{""@Name"":""RuleName"",""#text"":""DLL""},{""@Name"":""UtcTime"",""#text"":""2022-06-20 17:17:31.933""},{""@Name"":""ProcessGuid"",""#text"":""4bbef3ae-a8ec-62b0-5e08-000000000700""},{""@Name"":""ProcessId"",""#text"":""7560""},{""@Name"":""Image"",""#text"":""C:\\Program Files\\Common Files\\Microsoft Shared\\ClickToRun\\OfficeClickToRun.exe""},{""@Name"":""TargetFilename"",""#text"":""C:\\Program Files\\Common Files\\microsoft shared\\ClickToRun\\Updates\\16.0.15225.20288OfficeC2RC442FD92-468A-45F1-9CE2-0589ACC4DE4E\\api-ms-win-crt-locale-l1-1-0.dll""},{""@Name"":""CreationUtcTime"",""#text"":""2022-06-20 17:17:31.933""},{""@Name"":""User"",""#text"":""NT AUTHORITY\\SYSTEM""}]}}"
336,7841,2022-06-20 17:17:31.9423385,11,Info,Microsoft-Windows-Sysmon,Microsoft-Windows-Sysmon/Operational,2800,6224,TEMPEST,5,S-1-5-18,FileCreate,NT AUTHORITY\SYSTEM,,"ProcessID: 7560, ProcessGUID: 4bbef3ae-a8ec-62b0-5e08-000000000700",RuleName: DLL,Image: C:\Program Files\Common Files\Microsoft Shared\ClickToRun\OfficeClickToRun.exe,TargetFilename: C:\Program Files\Common Files\microsoft shared\ClickToRun\Updates\16.0.15225.20288OfficeC2RC442FD92-468A-45F1-9CE2-0589ACC4DE4E\api-ms-win-crt-math-l1-1-0.dll,,,,False,C:\Users\byte store\Desktop\Incident Files Tempest\sysmon.evtx,Classic,0,"{""EventData"":{""Data"":[{""@Name"":""RuleName"",""#text"":""DLL""},{""@Name"":""UtcTime"",""#text"":""2022-06-20 17:17:31.933""},{""@Name"":""ProcessGuid"",""#text"":""4bbef3ae-a8ec-62b0-5e08-000000000700""},{""@Name"":""ProcessId"",""#text"":""7560""},{""@Name"":""Image"",""#text"":""C:\\Program Files\\Common Files\\Microsoft Shared\\ClickToRun\\OfficeClickToRun.exe""},{""@Name"":""TargetFilename"",""#text"":""C:\\Program Files\\Common Files\\microsoft shared\\ClickToRun\\Updates\\16.0.15225.20288OfficeC2RC442FD92-468A-45F1-9CE2-0589ACC4DE4E\\api-ms-win-crt-math-l1-1-0.dll""},{""@Name"":""CreationUtcTime"",""#text"":""2022-06-20 17:17:31.933""},{""@Name"":""User"",""#text"":""NT AUTHORITY\\SYSTEM""}]}}"
337,7842,2022-06-20 17:17:31.9429928,11,Info,Microsoft-Windows-Sysmon,Microsoft-Windows-Sysmon/Operational,2800,6224,TEMPEST,5,S-1-5-18,FileCreate,NT AUTHORITY\SYSTEM,,"ProcessID: 7560, ProcessGUID: 4bbef3ae-a8ec-62b0-5e08-000000000700",RuleName: DLL,Image: C:\Program Files\Common Files\Microsoft Shared\ClickToRun\OfficeClickToRun.exe,TargetFilename: C:\Program Files\Common Files\microsoft shared\ClickToRun\Updates\16.0.15225.20288OfficeC2RC442FD92-468A-45F1-9CE2-0589ACC4DE4E\api-ms-win-crt-multibyte-l1-1-0.dll,,,,False,C:\Users\byte store\Desktop\Incident Files Tempest\sysmon.evtx,Classic,0,"{""EventData"":{""Data"":[{""@Name"":""RuleName"",""#text"":""DLL""},{""@Name"":""UtcTime"",""#text"":""2022-06-20 17:17:31.933""},{""@Name"":""ProcessGuid"",""#text"":""4bbef3ae-a8ec-62b0-5e08-000000000700""},{""@Name"":""ProcessId"",""#text"":""7560""},{""@Name"":""Image"",""#text"":""C:\\Program Files\\Common Files\\Microsoft Shared\\ClickToRun\\OfficeClickToRun.exe""},{""@Name"":""TargetFilename"",""#text"":""C:\\Program Files\\Common Files\\microsoft shared\\ClickToRun\\Updates\\16.0.15225.20288OfficeC2RC442FD92-468A-45F1-9CE2-0589ACC4DE4E\\api-ms-win-crt-multibyte-l1-1-0.dll""},{""@Name"":""CreationUtcTime"",""#text"":""2022-06-20 17:17:31.933""},{""@Name"":""User"",""#text"":""NT AUTHORITY\\SYSTEM""}]}}"
338,7843,2022-06-20 17:17:31.9445507,11,Info,Microsoft-Windows-Sysmon,Microsoft-Windows-Sysmon/Operational,2800,6224,TEMPEST,5,S-1-5-18,FileCreate,NT AUTHORITY\SYSTEM,,"ProcessID: 7560, ProcessGUID: 4bbef3ae-a8ec-62b0-5e08-000000000700",RuleName: DLL,Image: C:\Program Files\Common Files\Microsoft Shared\ClickToRun\OfficeClickToRun.exe,TargetFilename: C:\Program Files\Common Files\microsoft shared\ClickToRun\Updates\16.0.15225.20288OfficeC2RC442FD92-468A-45F1-9CE2-0589ACC4DE4E\api-ms-win-crt-private-l1-1-0.dll,,,,False,C:\Users\byte store\Desktop\Incident Files Tempest\sysmon.evtx,Classic,0,"{""EventData"":{""Data"":[{""@Name"":""RuleName"",""#text"":""DLL""},{""@Name"":""UtcTime"",""#text"":""2022-06-20 17:17:31.933""},{""@Name"":""ProcessGuid"",""#text"":""4bbef3ae-a8ec-62b0-5e08-000000000700""},{""@Name"":""ProcessId"",""#text"":""7560""},{""@Name"":""Image"",""#text"":""C:\\Program Files\\Common Files\\Microsoft Shared\\ClickToRun\\OfficeClickToRun.exe""},{""@Name"":""TargetFilename"",""#text"":""C:\\Program Files\\Common Files\\microsoft shared\\ClickToRun\\Updates\\16.0.15225.20288OfficeC2RC442FD92-468A-45F1-9CE2-0589ACC4DE4E\\api-ms-win-crt-private-l1-1-0.dll""},{""@Name"":""CreationUtcTime"",""#text"":""2022-06-20 17:17:31.933""},{""@Name"":""User"",""#text"":""NT AUTHORITY\\SYSTEM""}]}}"
339,7844,2022-06-20 17:17:31.9458284,11,Info,Microsoft-Windows-Sysmon,Microsoft-Windows-Sysmon/Operational,2800,6224,TEMPEST,5,S-1-5-18,FileCreate,NT AUTHORITY\SYSTEM,,"ProcessID: 7560, ProcessGUID: 4bbef3ae-a8ec-62b0-5e08-000000000700",RuleName: DLL,Image: C:\Program Files\Common Files\Microsoft Shared\ClickToRun\OfficeClickToRun.exe,TargetFilename: C:\Program Files\Common Files\microsoft shared\ClickToRun\Updates\16.0.15225.20288OfficeC2RC442FD92-468A-45F1-9CE2-0589ACC4DE4E\api-ms-win-crt-process-l1-1-0.dll,,,,False,C:\Users\byte store\Desktop\Incident Files Tempest\sysmon.evtx,Classic,0,"{""EventData"":{""Data"":[{""@Name"":""RuleName"",""#text"":""DLL""},{""@Name"":""UtcTime"",""#text"":""2022-06-20 17:17:31.933""},{""@Name"":""ProcessGuid"",""#text"":""4bbef3ae-a8ec-62b0-5e08-000000000700""},{""@Name"":""ProcessId"",""#text"":""7560""},{""@Name"":""Image"",""#text"":""C:\\Program Files\\Common Files\\Microsoft Shared\\ClickToRun\\OfficeClickToRun.exe""},{""@Name"":""TargetFilename"",""#text"":""C:\\Program Files\\Common Files\\microsoft shared\\ClickToRun\\Updates\\16.0.15225.20288OfficeC2RC442FD92-468A-45F1-9CE2-0589ACC4DE4E\\api-ms-win-crt-process-l1-1-0.dll""},{""@Name"":""CreationUtcTime"",""#text"":""2022-06-20 17:17:31.933""},{""@Name"":""User"",""#text"":""NT AUTHORITY\\SYSTEM""}]}}"
340,7845,2022-06-20 17:17:31.9461993,11,Info,Microsoft-Windows-Sysmon,Microsoft-Windows-Sysmon/Operational,2800,6224,TEMPEST,5,S-1-5-18,FileCreate,NT AUTHORITY\SYSTEM,,"ProcessID: 7560, ProcessGUID: 4bbef3ae-a8ec-62b0-5e08-000000000700",RuleName: DLL,Image: C:\Program Files\Common Files\Microsoft Shared\ClickToRun\OfficeClickToRun.exe,TargetFilename: C:\Program Files\Common Files\microsoft shared\ClickToRun\Updates\16.0.15225.20288OfficeC2RC442FD92-468A-45F1-9CE2-0589ACC4DE4E\api-ms-win-crt-runtime-l1-1-0.dll,,,,False,C:\Users\byte store\Desktop\Incident Files Tempest\sysmon.evtx,Classic,0,"{""EventData"":{""Data"":[{""@Name"":""RuleName"",""#text"":""DLL""},{""@Name"":""UtcTime"",""#text"":""2022-06-20 17:17:31.933""},{""@Name"":""ProcessGuid"",""#text"":""4bbef3ae-a8ec-62b0-5e08-000000000700""},{""@Name"":""ProcessId"",""#text"":""7560""},{""@Name"":""Image"",""#text"":""C:\\Program Files\\Common Files\\Microsoft Shared\\ClickToRun\\OfficeClickToRun.exe""},{""@Name"":""TargetFilename"",""#text"":""C:\\Program Files\\Common Files\\microsoft shared\\ClickToRun\\Updates\\16.0.15225.20288OfficeC2RC442FD92-468A-45F1-9CE2-0589ACC4DE4E\\api-ms-win-crt-runtime-l1-1-0.dll""},{""@Name"":""CreationUtcTime"",""#text"":""2022-06-20 17:17:31.933""},{""@Name"":""User"",""#text"":""NT AUTHORITY\\SYSTEM""}]}}"
341,7846,2022-06-20 17:17:31.9478644,11,Info,Microsoft-Windows-Sysmon,Microsoft-Windows-Sysmon/Operational,2800,6224,TEMPEST,5,S-1-5-18,FileCreate,NT AUTHORITY\SYSTEM,,"ProcessID: 7560, ProcessGUID: 4bbef3ae-a8ec-62b0-5e08-000000000700",RuleName: DLL,Image: C:\Program Files\Common Files\Microsoft Shared\ClickToRun\OfficeClickToRun.exe,TargetFilename: C:\Program Files\Common Files\microsoft shared\ClickToRun\Updates\16.0.15225.20288OfficeC2RC442FD92-468A-45F1-9CE2-0589ACC4DE4E\api-ms-win-crt-stdio-l1-1-0.dll,,,,False,C:\Users\byte store\Desktop\Incident Files Tempest\sysmon.evtx,Classic,0,"{""EventData"":{""Data"":[{""@Name"":""RuleName"",""#text"":""DLL""},{""@Name"":""UtcTime"",""#text"":""2022-06-20 17:17:31.933""},{""@Name"":""ProcessGuid"",""#text"":""4bbef3ae-a8ec-62b0-5e08-000000000700""},{""@Name"":""ProcessId"",""#text"":""7560""},{""@Name"":""Image"",""#text"":""C:\\Program Files\\Common Files\\Microsoft Shared\\ClickToRun\\OfficeClickToRun.exe""},{""@Name"":""TargetFilename"",""#text"":""C:\\Program Files\\Common Files\\microsoft shared\\ClickToRun\\Updates\\16.0.15225.20288OfficeC2RC442FD92-468A-45F1-9CE2-0589ACC4DE4E\\api-ms-win-crt-stdio-l1-1-0.dll""},{""@Name"":""CreationUtcTime"",""#text"":""2022-06-20 17:17:31.933""},{""@Name"":""User"",""#text"":""NT AUTHORITY\\SYSTEM""}]}}"
342,7847,2022-06-20 17:17:31.9485982,11,Info,Microsoft-Windows-Sysmon,Microsoft-Windows-Sysmon/Operational,2800,6224,TEMPEST,5,S-1-5-18,FileCreate,NT AUTHORITY\SYSTEM,,"ProcessID: 7560, ProcessGUID: 4bbef3ae-a8ec-62b0-5e08-000000000700",RuleName: DLL,Image: C:\Program Files\Common Files\Microsoft Shared\ClickToRun\OfficeClickToRun.exe,TargetFilename: C:\Program Files\Common Files\microsoft shared\ClickToRun\Updates\16.0.15225.20288OfficeC2RC442FD92-468A-45F1-9CE2-0589ACC4DE4E\api-ms-win-crt-string-l1-1-0.dll,,,,False,C:\Users\byte store\Desktop\Incident Files Tempest\sysmon.evtx,Classic,0,"{""EventData"":{""Data"":[{""@Name"":""RuleName"",""#text"":""DLL""},{""@Name"":""UtcTime"",""#text"":""2022-06-20 17:17:31.933""},{""@Name"":""ProcessGuid"",""#text"":""4bbef3ae-a8ec-62b0-5e08-000000000700""},{""@Name"":""ProcessId"",""#text"":""7560""},{""@Name"":""Image"",""#text"":""C:\\Program Files\\Common Files\\Microsoft Shared\\ClickToRun\\OfficeClickToRun.exe""},{""@Name"":""TargetFilename"",""#text"":""C:\\Program Files\\Common Files\\microsoft shared\\ClickToRun\\Updates\\16.0.15225.20288OfficeC2RC442FD92-468A-45F1-9CE2-0589ACC4DE4E\\api-ms-win-crt-string-l1-1-0.dll""},{""@Name"":""CreationUtcTime"",""#text"":""2022-06-20 17:17:31.933""},{""@Name"":""User"",""#text"":""NT AUTHORITY\\SYSTEM""}]}}"
