669,8174,2022-06-20 17:19:13.7061355,11,Info,Microsoft-Windows-Sysmon,Microsoft-Windows-Sysmon/Operational,2800,6224,TEMPEST,11,S-1-5-18,FileCreate,NT AUTHORITY\SYSTEM,,"ProcessID: 1316, ProcessGUID: 4bbef3ae-abac-62b0-a90a-000000000700",RuleName: DLL,Image: C:\Program Files\Common Files\Microsoft Shared\ClickToRun\Updates\16.0.15225.20288\OfficeClickToRun.exe,TargetFilename: C:\Program Files (x86)\Microsoft Office\Updates\Download\PackageFiles\8801DF78-4AAE-4735-B3E4-213DE154925A\root\Office16\ONPPTAddin.dll,,,,False,C:\Users\byte store\Desktop\Incident Files Tempest\sysmon.evtx,Classic,0,"{""EventData"":{""Data"":[{""@Name"":""RuleName"",""#text"":""DLL""},{""@Name"":""UtcTime"",""#text"":""2022-06-20 17:19:13.684""},{""@Name"":""ProcessGuid"",""#text"":""4bbef3ae-abac-62b0-a90a-000000000700""},{""@Name"":""ProcessId"",""#text"":""1316""},{""@Name"":""Image"",""#text"":""C:\\Program Files\\Common Files\\Microsoft Shared\\ClickToRun\\Updates\\16.0.15225.20288\\OfficeClickToRun.exe""},{""@Name"":""TargetFilename"",""#text"":""C:\\Program Files (x86)\\Microsoft Office\\Updates\\Download\\PackageFiles\\8801DF78-4AAE-4735-B3E4-213DE154925A\\root\\Office16\\ONPPTAddin.dll""},{""@Name"":""CreationUtcTime"",""#text"":""2022-06-20 17:19:13.684""},{""@Name"":""User"",""#text"":""NT AUTHORITY\\SYSTEM""}]}}"
670,8175,2022-06-20 17:19:13.7395100,11,Info,Microsoft-Windows-Sysmon,Microsoft-Windows-Sysmon/Operational,2800,6224,TEMPEST,11,S-1-5-18,FileCreate,NT AUTHORITY\SYSTEM,,"ProcessID: 1316, ProcessGUID: 4bbef3ae-abac-62b0-a90a-000000000700",RuleName: DLL,Image: C:\Program Files\Common Files\Microsoft Shared\ClickToRun\Updates\16.0.15225.20288\OfficeClickToRun.exe,TargetFilename: C:\Program Files (x86)\Microsoft Office\Updates\Download\PackageFiles\8801DF78-4AAE-4735-B3E4-213DE154925A\root\Office16\ONRES.DLL,,,,False,C:\Users\byte store\Desktop\Incident Files Tempest\sysmon.evtx,Classic,0,"{""EventData"":{""Data"":[{""@Name"":""RuleName"",""#text"":""DLL""},{""@Name"":""UtcTime"",""#text"":""2022-06-20 17:19:13.731""},{""@Name"":""ProcessGuid"",""#text"":""4bbef3ae-abac-62b0-a90a-000000000700""},{""@Name"":""ProcessId"",""#text"":""1316""},{""@Name"":""Image"",""#text"":""C:\\Program Files\\Common Files\\Microsoft Shared\\ClickToRun\\Updates\\16.0.15225.20288\\OfficeClickToRun.exe""},{""@Name"":""TargetFilename"",""#text"":""C:\\Program Files (x86)\\Microsoft Office\\Updates\\Download\\PackageFiles\\8801DF78-4AAE-4735-B3E4-213DE154925A\\root\\Office16\\ONRES.DLL""},{""@Name"":""CreationUtcTime"",""#text"":""2022-06-20 17:19:13.731""},{""@Name"":""User"",""#text"":""NT AUTHORITY\\SYSTEM""}]}}"
671,8176,2022-06-20 17:19:13.8870858,11,Info,Microsoft-Windows-Sysmon,Microsoft-Windows-Sysmon/Operational,2800,6224,TEMPEST,11,S-1-5-18,FileCreate,NT AUTHORITY\SYSTEM,,"ProcessID: 1316, ProcessGUID: 4bbef3ae-abac-62b0-a90a-000000000700",RuleName: DLL,Image: C:\Program Files\Common Files\Microsoft Shared\ClickToRun\Updates\16.0.15225.20288\OfficeClickToRun.exe,TargetFilename: C:\Program Files (x86)\Microsoft Office\Updates\Download\PackageFiles\8801DF78-4AAE-4735-B3E4-213DE154925A\root\Office16\ONWordAddin.dll,,,,False,C:\Users\byte store\Desktop\Incident Files Tempest\sysmon.evtx,Classic,0,"{""EventData"":{""Data"":[{""@Name"":""RuleName"",""#text"":""DLL""},{""@Name"":""UtcTime"",""#text"":""2022-06-20 17:19:13.871""},{""@Name"":""ProcessGuid"",""#text"":""4bbef3ae-abac-62b0-a90a-000000000700""},{""@Name"":""ProcessId"",""#text"":""1316""},{""@Name"":""Image"",""#text"":""C:\\Program Files\\Common Files\\Microsoft Shared\\ClickToRun\\Updates\\16.0.15225.20288\\OfficeClickToRun.exe""},{""@Name"":""TargetFilename"",""#text"":""C:\\Program Files (x86)\\Microsoft Office\\Updates\\Download\\PackageFiles\\8801DF78-4AAE-4735-B3E4-213DE154925A\\root\\Office16\\ONWordAddin.dll""},{""@Name"":""CreationUtcTime"",""#text"":""2022-06-20 17:19:13.871""},{""@Name"":""User"",""#text"":""NT AUTHORITY\\SYSTEM""}]}}"
672,8177,2022-06-20 17:19:13.9734323,11,Info,Microsoft-Windows-Sysmon,Microsoft-Windows-Sysmon/Operational,2800,6224,TEMPEST,11,S-1-5-18,FileCreate,NT AUTHORITY\SYSTEM,,"ProcessID: 1316, ProcessGUID: 4bbef3ae-abac-62b0-a90a-000000000700",RuleName: DLL,Image: C:\Program Files\Common Files\Microsoft Shared\ClickToRun\Updates\16.0.15225.20288\OfficeClickToRun.exe,TargetFilename: C:\Program Files (x86)\Microsoft Office\Updates\Download\PackageFiles\8801DF78-4AAE-4735-B3E4-213DE154925A\root\Office16\OSF.DLL,,,,False,C:\Users\byte store\Desktop\Incident Files Tempest\sysmon.evtx,Classic,0,"{""EventData"":{""Data"":[{""@Name"":""RuleName"",""#text"":""DLL""},{""@Name"":""UtcTime"",""#text"":""2022-06-20 17:19:13.949""},{""@Name"":""ProcessGuid"",""#text"":""4bbef3ae-abac-62b0-a90a-000000000700""},{""@Name"":""ProcessId"",""#text"":""1316""},{""@Name"":""Image"",""#text"":""C:\\Program Files\\Common Files\\Microsoft Shared\\ClickToRun\\Updates\\16.0.15225.20288\\OfficeClickToRun.exe""},{""@Name"":""TargetFilename"",""#text"":""C:\\Program Files (x86)\\Microsoft Office\\Updates\\Download\\PackageFiles\\8801DF78-4AAE-4735-B3E4-213DE154925A\\root\\Office16\\OSF.DLL""},{""@Name"":""CreationUtcTime"",""#text"":""2022-06-20 17:19:13.949""},{""@Name"":""User"",""#text"":""NT AUTHORITY\\SYSTEM""}]}}"
673,8178,2022-06-20 17:19:14.4947123,11,Info,Microsoft-Windows-Sysmon,Microsoft-Windows-Sysmon/Operational,2800,6224,TEMPEST,11,S-1-5-18,FileCreate,NT AUTHORITY\SYSTEM,,"ProcessID: 1316, ProcessGUID: 4bbef3ae-abac-62b0-a90a-000000000700",RuleName: DLL,Image: C:\Program Files\Common Files\Microsoft Shared\ClickToRun\Updates\16.0.15225.20288\OfficeClickToRun.exe,TargetFilename: C:\Program Files (x86)\Microsoft Office\Updates\Download\PackageFiles\8801DF78-4AAE-4735-B3E4-213DE154925A\root\Office16\OSFPROXY.DLL,,,,False,C:\Users\byte store\Desktop\Incident Files Tempest\sysmon.evtx,Classic,0,"{""EventData"":{""Data"":[{""@Name"":""RuleName"",""#text"":""DLL""},{""@Name"":""UtcTime"",""#text"":""2022-06-20 17:19:14.481""},{""@Name"":""ProcessGuid"",""#text"":""4bbef3ae-abac-62b0-a90a-000000000700""},{""@Name"":""ProcessId"",""#text"":""1316""},{""@Name"":""Image"",""#text"":""C:\\Program Files\\Common Files\\Microsoft Shared\\ClickToRun\\Updates\\16.0.15225.20288\\OfficeClickToRun.exe""},{""@Name"":""TargetFilename"",""#text"":""C:\\Program Files (x86)\\Microsoft Office\\Updates\\Download\\PackageFiles\\8801DF78-4AAE-4735-B3E4-213DE154925A\\root\\Office16\\OSFPROXY.DLL""},{""@Name"":""CreationUtcTime"",""#text"":""2022-06-20 17:19:14.481""},{""@Name"":""User"",""#text"":""NT AUTHORITY\\SYSTEM""}]}}"
674,8179,2022-06-20 17:19:14.5062781,11,Info,Microsoft-Windows-Sysmon,Microsoft-Windows-Sysmon/Operational,2800,6224,TEMPEST,11,S-1-5-18,FileCreate,NT AUTHORITY\SYSTEM,,"ProcessID: 1316, ProcessGUID: 4bbef3ae-abac-62b0-a90a-000000000700",RuleName: DLL,Image: C:\Program Files\Common Files\Microsoft Shared\ClickToRun\Updates\16.0.15225.20288\OfficeClickToRun.exe,TargetFilename: C:\Program Files (x86)\Microsoft Office\Updates\Download\PackageFiles\8801DF78-4AAE-4735-B3E4-213DE154925A\root\Office16\OSFROAMINGPROXY.DLL,,,,False,C:\Users\byte store\Desktop\Incident Files Tempest\sysmon.evtx,Classic,0,"{""EventData"":{""Data"":[{""@Name"":""RuleName"",""#text"":""DLL""},{""@Name"":""UtcTime"",""#text"":""2022-06-20 17:19:14.496""},{""@Name"":""ProcessGuid"",""#text"":""4bbef3ae-abac-62b0-a90a-000000000700""},{""@Name"":""ProcessId"",""#text"":""1316""},{""@Name"":""Image"",""#text"":""C:\\Program Files\\Common Files\\Microsoft Shared\\ClickToRun\\Updates\\16.0.15225.20288\\OfficeClickToRun.exe""},{""@Name"":""TargetFilename"",""#text"":""C:\\Program Files (x86)\\Microsoft Office\\Updates\\Download\\PackageFiles\\8801DF78-4AAE-4735-B3E4-213DE154925A\\root\\Office16\\OSFROAMINGPROXY.DLL""},{""@Name"":""CreationUtcTime"",""#text"":""2022-06-20 17:19:14.496""},{""@Name"":""User"",""#text"":""NT AUTHORITY\\SYSTEM""}]}}"
675,8180,2022-06-20 17:19:14.5181884,11,Info,Microsoft-Windows-Sysmon,Microsoft-Windows-Sysmon/Operational,2800,6224,TEMPEST,11,S-1-5-18,FileCreate,NT AUTHORITY\SYSTEM,,"ProcessID: 1316, ProcessGUID: 4bbef3ae-abac-62b0-a90a-000000000700",RuleName: DLL,Image: C:\Program Files\Common Files\Microsoft Shared\ClickToRun\Updates\16.0.15225.20288\OfficeClickToRun.exe,TargetFilename: C:\Program Files (x86)\Microsoft Office\Updates\Download\PackageFiles\8801DF78-4AAE-4735-B3E4-213DE154925A\root\Office16\OSFSHARED.DLL,,,,False,C:\Users\byte store\Desktop\Incident Files Tempest\sysmon.evtx,Classic,0,"{""EventData"":{""Data"":[{""@Name"":""RuleName"",""#text"":""DLL""},{""@Name"":""UtcTime"",""#text"":""2022-06-20 17:19:14.512""},{""@Name"":""ProcessGuid"",""#text"":""4bbef3ae-abac-62b0-a90a-000000000700""},{""@Name"":""ProcessId"",""#text"":""1316""},{""@Name"":""Image"",""#text"":""C:\\Program Files\\Common Files\\Microsoft Shared\\ClickToRun\\Updates\\16.0.15225.20288\\OfficeClickToRun.exe""},{""@Name"":""TargetFilename"",""#text"":""C:\\Program Files (x86)\\Microsoft Office\\Updates\\Download\\PackageFiles\\8801DF78-4AAE-4735-B3E4-213DE154925A\\root\\Office16\\OSFSHARED.DLL""},{""@Name"":""CreationUtcTime"",""#text"":""2022-06-20 17:19:14.512""},{""@Name"":""User"",""#text"":""NT AUTHORITY\\SYSTEM""}]}}"
676,8181,2022-06-20 17:19:14.5513473,11,Info,Microsoft-Windows-Sysmon,Microsoft-Windows-Sysmon/Operational,2800,6224,TEMPEST,11,S-1-5-18,FileCreate,NT AUTHORITY\SYSTEM,,"ProcessID: 1316, ProcessGUID: 4bbef3ae-abac-62b0-a90a-000000000700",RuleName: DLL,Image: C:\Program Files\Common Files\Microsoft Shared\ClickToRun\Updates\16.0.15225.20288\OfficeClickToRun.exe,TargetFilename: C:\Program Files (x86)\Microsoft Office\Updates\Download\PackageFiles\8801DF78-4AAE-4735-B3E4-213DE154925A\root\Office16\OSFUI.DLL,,,,False,C:\Users\byte store\Desktop\Incident Files Tempest\sysmon.evtx,Classic,0,"{""EventData"":{""Data"":[{""@Name"":""RuleName"",""#text"":""DLL""},{""@Name"":""UtcTime"",""#text"":""2022-06-20 17:19:14.543""},{""@Name"":""ProcessGuid"",""#text"":""4bbef3ae-abac-62b0-a90a-000000000700""},{""@Name"":""ProcessId"",""#text"":""1316""},{""@Name"":""Image"",""#text"":""C:\\Program Files\\Common Files\\Microsoft Shared\\ClickToRun\\Updates\\16.0.15225.20288\\OfficeClickToRun.exe""},{""@Name"":""TargetFilename"",""#text"":""C:\\Program Files (x86)\\Microsoft Office\\Updates\\Download\\PackageFiles\\8801DF78-4AAE-4735-B3E4-213DE154925A\\root\\Office16\\OSFUI.DLL""},{""@Name"":""CreationUtcTime"",""#text"":""2022-06-20 17:19:14.543""},{""@Name"":""User"",""#text"":""NT AUTHORITY\\SYSTEM""}]}}"
677,8182,2022-06-20 17:19:14.6215362,11,Info,Microsoft-Windows-Sysmon,Microsoft-Windows-Sysmon/Operational,2800,6224,TEMPEST,11,S-1-5-18,FileCreate,NT AUTHORITY\SYSTEM,,"ProcessID: 1316, ProcessGUID: 4bbef3ae-abac-62b0-a90a-000000000700",RuleName: DLL,Image: C:\Program Files\Common Files\Microsoft Shared\ClickToRun\Updates\16.0.15225.20288\OfficeClickToRun.exe,TargetFilename: C:\Program Files (x86)\Microsoft Office\Updates\Download\PackageFiles\8801DF78-4AAE-4735-B3E4-213DE154925A\root\Office16\OUTLCTL.DLL,,,,False,C:\Users\byte store\Desktop\Incident Files Tempest\sysmon.evtx,Classic,0,"{""EventData"":{""Data"":[{""@Name"":""RuleName"",""#text"":""DLL""},{""@Name"":""UtcTime"",""#text"":""2022-06-20 17:19:14.606""},{""@Name"":""ProcessGuid"",""#text"":""4bbef3ae-abac-62b0-a90a-000000000700""},{""@Name"":""ProcessId"",""#text"":""1316""},{""@Name"":""Image"",""#text"":""C:\\Program Files\\Common Files\\Microsoft Shared\\ClickToRun\\Updates\\16.0.15225.20288\\OfficeClickToRun.exe""},{""@Name"":""TargetFilename"",""#text"":""C:\\Program Files (x86)\\Microsoft Office\\Updates\\Download\\PackageFiles\\8801DF78-4AAE-4735-B3E4-213DE154925A\\root\\Office16\\OUTLCTL.DLL""},{""@Name"":""CreationUtcTime"",""#text"":""2022-06-20 17:19:14.606""},{""@Name"":""User"",""#text"":""NT AUTHORITY\\SYSTEM""}]}}"
678,8183,2022-06-20 17:19:14.6546657,11,Info,Microsoft-Windows-Sysmon,Microsoft-Windows-Sysmon/Operational,2800,6224,TEMPEST,11,S-1-5-18,FileCreate,NT AUTHORITY\SYSTEM,,"ProcessID: 1316, ProcessGUID: 4bbef3ae-abac-62b0-a90a-000000000700",RuleName: DLL,Image: C:\Program Files\Common Files\Microsoft Shared\ClickToRun\Updates\16.0.15225.20288\OfficeClickToRun.exe,TargetFilename: C:\Program Files (x86)\Microsoft Office\Updates\Download\PackageFiles\8801DF78-4AAE-4735-B3E4-213DE154925A\root\Office16\OUTLLIBR.COMMON.DLL,,,,False,C:\Users\byte store\Desktop\Incident Files Tempest\sysmon.evtx,Classic,0,"{""EventData"":{""Data"":[{""@Name"":""RuleName"",""#text"":""DLL""},{""@Name"":""UtcTime"",""#text"":""2022-06-20 17:19:14.637""},{""@Name"":""ProcessGuid"",""#text"":""4bbef3ae-abac-62b0-a90a-000000000700""},{""@Name"":""ProcessId"",""#text"":""1316""},{""@Name"":""Image"",""#text"":""C:\\Program Files\\Common Files\\Microsoft Shared\\ClickToRun\\Updates\\16.0.15225.20288\\OfficeClickToRun.exe""},{""@Name"":""TargetFilename"",""#text"":""C:\\Program Files (x86)\\Microsoft Office\\Updates\\Download\\PackageFiles\\8801DF78-4AAE-4735-B3E4-213DE154925A\\root\\Office16\\OUTLLIBR.COMMON.DLL""},{""@Name"":""CreationUtcTime"",""#text"":""2022-06-20 17:19:14.637""},{""@Name"":""User"",""#text"":""NT AUTHORITY\\SYSTEM""}]}}"
679,8184,2022-06-20 17:19:14.8384881,11,Info,Microsoft-Windows-Sysmon,Microsoft-Windows-Sysmon/Operational,2800,6224,TEMPEST,11,S-1-5-18,FileCreate,NT AUTHORITY\SYSTEM,,"ProcessID: 1316, ProcessGUID: 4bbef3ae-abac-62b0-a90a-000000000700",RuleName: DLL,Image: C:\Program Files\Common Files\Microsoft Shared\ClickToRun\Updates\16.0.15225.20288\OfficeClickToRun.exe,TargetFilename: C:\Program Files (x86)\Microsoft Office\Updates\Download\PackageFiles\8801DF78-4AAE-4735-B3E4-213DE154925A\root\Office16\OUTLMIME.DLL,,,,False,C:\Users\byte store\Desktop\Incident Files Tempest\sysmon.evtx,Classic,0,"{""EventData"":{""Data"":[{""@Name"":""RuleName"",""#text"":""DLL""},{""@Name"":""UtcTime"",""#text"":""2022-06-20 17:19:14.824""},{""@Name"":""ProcessGuid"",""#text"":""4bbef3ae-abac-62b0-a90a-000000000700""},{""@Name"":""ProcessId"",""#text"":""1316""},{""@Name"":""Image"",""#text"":""C:\\Program Files\\Common Files\\Microsoft Shared\\ClickToRun\\Updates\\16.0.15225.20288\\OfficeClickToRun.exe""},{""@Name"":""TargetFilename"",""#text"":""C:\\Program Files (x86)\\Microsoft Office\\Updates\\Download\\PackageFiles\\8801DF78-4AAE-4735-B3E4-213DE154925A\\root\\Office16\\OUTLMIME.DLL""},{""@Name"":""CreationUtcTime"",""#text"":""2022-06-20 17:19:14.824""},{""@Name"":""User"",""#text"":""NT AUTHORITY\\SYSTEM""}]}}"
680,8185,2022-06-20 17:19:14.8908213,11,Info,Microsoft-Windows-Sysmon,Microsoft-Windows-Sysmon/Operational,2800,6224,TEMPEST,11,S-1-5-18,FileCreate,NT AUTHORITY\SYSTEM,,"ProcessID: 1316, ProcessGUID: 4bbef3ae-abac-62b0-a90a-000000000700",RuleName: DLL,Image: C:\Program Files\Common Files\Microsoft Shared\ClickToRun\Updates\16.0.15225.20288\OfficeClickToRun.exe,TargetFilename: C:\Program Files (x86)\Microsoft Office\Updates\Download\PackageFiles\8801DF78-4AAE-4735-B3E4-213DE154925A\root\Office16\OUTLPH.DLL,,,,False,C:\Users\byte store\Desktop\Incident Files Tempest\sysmon.evtx,Classic,0,"{""EventData"":{""Data"":[{""@Name"":""RuleName"",""#text"":""DLL""},{""@Name"":""UtcTime"",""#text"":""2022-06-20 17:19:14.887""},{""@Name"":""ProcessGuid"",""#text"":""4bbef3ae-abac-62b0-a90a-000000000700""},{""@Name"":""ProcessId"",""#text"":""1316""},{""@Name"":""Image"",""#text"":""C:\\Program Files\\Common Files\\Microsoft Shared\\ClickToRun\\Updates\\16.0.15225.20288\\OfficeClickToRun.exe""},{""@Name"":""TargetFilename"",""#text"":""C:\\Program Files (x86)\\Microsoft Office\\Updates\\Download\\PackageFiles\\8801DF78-4AAE-4735-B3E4-213DE154925A\\root\\Office16\\OUTLPH.DLL""},{""@Name"":""CreationUtcTime"",""#text"":""2022-06-20 17:19:14.887""},{""@Name"":""User"",""#text"":""NT AUTHORITY\\SYSTEM""}]}}"
681,8186,2022-06-20 17:19:14.9174208,11,Info,Microsoft-Windows-Sysmon,Microsoft-Windows-Sysmon/Operational,2800,6224,TEMPEST,11,S-1-5-18,FileCreate,NT AUTHORITY\SYSTEM,,"ProcessID: 1316, ProcessGUID: 4bbef3ae-abac-62b0-a90a-000000000700",RuleName: DLL,Image: C:\Program Files\Common Files\Microsoft Shared\ClickToRun\Updates\16.0.15225.20288\OfficeClickToRun.exe,TargetFilename: C:\Program Files (x86)\Microsoft Office\Updates\Download\PackageFiles\8801DF78-4AAE-4735-B3E4-213DE154925A\root\Office16\OUTLRPC.DLL,,,,False,C:\Users\byte store\Desktop\Incident Files Tempest\sysmon.evtx,Classic,0,"{""EventData"":{""Data"":[{""@Name"":""RuleName"",""#text"":""DLL""},{""@Name"":""UtcTime"",""#text"":""2022-06-20 17:19:14.903""},{""@Name"":""ProcessGuid"",""#text"":""4bbef3ae-abac-62b0-a90a-000000000700""},{""@Name"":""ProcessId"",""#text"":""1316""},{""@Name"":""Image"",""#text"":""C:\\Program Files\\Common Files\\Microsoft Shared\\ClickToRun\\Updates\\16.0.15225.20288\\OfficeClickToRun.exe""},{""@Name"":""TargetFilename"",""#text"":""C:\\Program Files (x86)\\Microsoft Office\\Updates\\Download\\PackageFiles\\8801DF78-4AAE-4735-B3E4-213DE154925A\\root\\Office16\\OUTLRPC.DLL""},{""@Name"":""CreationUtcTime"",""#text"":""2022-06-20 17:19:14.903""},{""@Name"":""User"",""#text"":""NT AUTHORITY\\SYSTEM""}]}}"
682,8187,2022-06-20 17:19:14.9299636,11,Info,Microsoft-Windows-Sysmon,Microsoft-Windows-Sysmon/Operational,2800,6224,TEMPEST,11,S-1-5-18,FileCreate,NT AUTHORITY\SYSTEM,,"ProcessID: 1316, ProcessGUID: 4bbef3ae-abac-62b0-a90a-000000000700",RuleName: DLL,Image: C:\Program Files\Common Files\Microsoft Shared\ClickToRun\Updates\16.0.15225.20288\OfficeClickToRun.exe,TargetFilename: C:\Program Files (x86)\Microsoft Office\Updates\Download\PackageFiles\8801DF78-4AAE-4735-B3E4-213DE154925A\root\Office16\OUTLVBS.DLL,,,,False,C:\Users\byte store\Desktop\Incident Files Tempest\sysmon.evtx,Classic,0,"{""EventData"":{""Data"":[{""@Name"":""RuleName"",""#text"":""DLL""},{""@Name"":""UtcTime"",""#text"":""2022-06-20 17:19:14.918""},{""@Name"":""ProcessGuid"",""#text"":""4bbef3ae-abac-62b0-a90a-000000000700""},{""@Name"":""ProcessId"",""#text"":""1316""},{""@Name"":""Image"",""#text"":""C:\\Program Files\\Common Files\\Microsoft Shared\\ClickToRun\\Updates\\16.0.15225.20288\\OfficeClickToRun.exe""},{""@Name"":""TargetFilename"",""#text"":""C:\\Program Files (x86)\\Microsoft Office\\Updates\\Download\\PackageFiles\\8801DF78-4AAE-4735-B3E4-213DE154925A\\root\\Office16\\OUTLVBS.DLL""},{""@Name"":""CreationUtcTime"",""#text"":""2022-06-20 17:19:14.918""},{""@Name"":""User"",""#text"":""NT AUTHORITY\\SYSTEM""}]}}"
683,8188,2022-06-20 17:19:14.9470244,11,Info,Microsoft-Windows-Sysmon,Microsoft-Windows-Sysmon/Operational,2800,6224,TEMPEST,11,S-1-5-18,FileCreate,NT AUTHORITY\SYSTEM,,"ProcessID: 1316, ProcessGUID: 4bbef3ae-abac-62b0-a90a-000000000700",RuleName: DLL,Image: C:\Program Files\Common Files\Microsoft Shared\ClickToRun\Updates\16.0.15225.20288\OfficeClickToRun.exe,TargetFilename: C:\Program Files (x86)\Microsoft Office\Updates\Download\PackageFiles\8801DF78-4AAE-4735-B3E4-213DE154925A\root\Office16\OWSCLT.DLL,,,,False,C:\Users\byte store\Desktop\Incident Files Tempest\sysmon.evtx,Classic,0,"{""EventData"":{""Data"":[{""@Name"":""RuleName"",""#text"":""DLL""},{""@Name"":""UtcTime"",""#text"":""2022-06-20 17:19:14.934""},{""@Name"":""ProcessGuid"",""#text"":""4bbef3ae-abac-62b0-a90a-000000000700""},{""@Name"":""ProcessId"",""#text"":""1316""},{""@Name"":""Image"",""#text"":""C:\\Program Files\\Common Files\\Microsoft Shared\\ClickToRun\\Updates\\16.0.15225.20288\\OfficeClickToRun.exe""},{""@Name"":""TargetFilename"",""#text"":""C:\\Program Files (x86)\\Microsoft Office\\Updates\\Download\\PackageFiles\\8801DF78-4AAE-4735-B3E4-213DE154925A\\root\\Office16\\OWSCLT.DLL""},{""@Name"":""CreationUtcTime"",""#text"":""2022-06-20 17:19:14.934""},{""@Name"":""User"",""#text"":""NT AUTHORITY\\SYSTEM""}]}}"
684,8189,2022-06-20 17:19:14.9661255,11,Info,Microsoft-Windows-Sysmon,Microsoft-Windows-Sysmon/Operational,2800,6224,TEMPEST,11,S-1-5-18,FileCreate,NT AUTHORITY\SYSTEM,,"ProcessID: 1316, ProcessGUID: 4bbef3ae-abac-62b0-a90a-000000000700",RuleName: DLL,Image: C:\Program Files\Common Files\Microsoft Shared\ClickToRun\Updates\16.0.15225.20288\OfficeClickToRun.exe,TargetFilename: C:\Program Files (x86)\Microsoft Office\Updates\Download\PackageFiles\8801DF78-4AAE-4735-B3E4-213DE154925A\root\Office16\OWSSUPP.DLL,,,,False,C:\Users\byte store\Desktop\Incident Files Tempest\sysmon.evtx,Classic,0,"{""EventData"":{""Data"":[{""@Name"":""RuleName"",""#text"":""DLL""},{""@Name"":""UtcTime"",""#text"":""2022-06-20 17:19:14.949""},{""@Name"":""ProcessGuid"",""#text"":""4bbef3ae-abac-62b0-a90a-000000000700""},{""@Name"":""ProcessId"",""#text"":""1316""},{""@Name"":""Image"",""#text"":""C:\\Program Files\\Common Files\\Microsoft Shared\\ClickToRun\\Updates\\16.0.15225.20288\\OfficeClickToRun.exe""},{""@Name"":""TargetFilename"",""#text"":""C:\\Program Files (x86)\\Microsoft Office\\Updates\\Download\\PackageFiles\\8801DF78-4AAE-4735-B3E4-213DE154925A\\root\\Office16\\OWSSUPP.DLL""},{""@Name"":""CreationUtcTime"",""#text"":""2022-06-20 17:19:14.949""},{""@Name"":""User"",""#text"":""NT AUTHORITY\\SYSTEM""}]}}"
685,8190,2022-06-20 17:19:15.0286545,11,Info,Microsoft-Windows-Sysmon,Microsoft-Windows-Sysmon/Operational,2800,6224,TEMPEST,11,S-1-5-18,FileCreate,NT AUTHORITY\SYSTEM,,"ProcessID: 1316, ProcessGUID: 4bbef3ae-abac-62b0-a90a-000000000700",RuleName: DLL,Image: C:\Program Files\Common Files\Microsoft Shared\ClickToRun\Updates\16.0.15225.20288\OfficeClickToRun.exe,TargetFilename: C:\Program Files (x86)\Microsoft Office\Updates\Download\PackageFiles\8801DF78-4AAE-4735-B3E4-213DE154925A\root\Office16\OcOffice.dll,,,,False,C:\Users\byte store\Desktop\Incident Files Tempest\sysmon.evtx,Classic,0,"{""EventData"":{""Data"":[{""@Name"":""RuleName"",""#text"":""DLL""},{""@Name"":""UtcTime"",""#text"":""2022-06-20 17:19:14.996""},{""@Name"":""ProcessGuid"",""#text"":""4bbef3ae-abac-62b0-a90a-000000000700""},{""@Name"":""ProcessId"",""#text"":""1316""},{""@Name"":""Image"",""#text"":""C:\\Program Files\\Common Files\\Microsoft Shared\\ClickToRun\\Updates\\16.0.15225.20288\\OfficeClickToRun.exe""},{""@Name"":""TargetFilename"",""#text"":""C:\\Program Files (x86)\\Microsoft Office\\Updates\\Download\\PackageFiles\\8801DF78-4AAE-4735-B3E4-213DE154925A\\root\\Office16\\OcOffice.dll""},{""@Name"":""CreationUtcTime"",""#text"":""2022-06-20 17:19:14.996""},{""@Name"":""User"",""#text"":""NT AUTHORITY\\SYSTEM""}]}}"
686,8191,2022-06-20 17:19:15.1472284,11,Info,Microsoft-Windows-Sysmon,Microsoft-Windows-Sysmon/Operational,2800,6224,TEMPEST,11,S-1-5-18,FileCreate,NT AUTHORITY\SYSTEM,,"ProcessID: 1316, ProcessGUID: 4bbef3ae-abac-62b0-a90a-000000000700",RuleName: DLL,Image: C:\Program Files\Common Files\Microsoft Shared\ClickToRun\Updates\16.0.15225.20288\OfficeClickToRun.exe,TargetFilename: C:\Program Files (x86)\Microsoft Office\Updates\Download\PackageFiles\8801DF78-4AAE-4735-B3E4-213DE154925A\root\Office16\OfficeJs_Core.DLL,,,,False,C:\Users\byte store\Desktop\Incident Files Tempest\sysmon.evtx,Classic,0,"{""EventData"":{""Data"":[{""@Name"":""RuleName"",""#text"":""DLL""},{""@Name"":""UtcTime"",""#text"":""2022-06-20 17:19:15.137""},{""@Name"":""ProcessGuid"",""#text"":""4bbef3ae-abac-62b0-a90a-000000000700""},{""@Name"":""ProcessId"",""#text"":""1316""},{""@Name"":""Image"",""#text"":""C:\\Program Files\\Common Files\\Microsoft Shared\\ClickToRun\\Updates\\16.0.15225.20288\\OfficeClickToRun.exe""},{""@Name"":""TargetFilename"",""#text"":""C:\\Program Files (x86)\\Microsoft Office\\Updates\\Download\\PackageFiles\\8801DF78-4AAE-4735-B3E4-213DE154925A\\root\\Office16\\OfficeJs_Core.DLL""},{""@Name"":""CreationUtcTime"",""#text"":""2022-06-20 17:19:15.137""},{""@Name"":""User"",""#text"":""NT AUTHORITY\\SYSTEM""}]}}"
687,8192,2022-06-20 17:19:15.1599624,11,Info,Microsoft-Windows-Sysmon,Microsoft-Windows-Sysmon/Operational,2800,6224,TEMPEST,11,S-1-5-18,FileCreate,NT AUTHORITY\SYSTEM,,"ProcessID: 1316, ProcessGUID: 4bbef3ae-abac-62b0-a90a-000000000700",RuleName: DLL,Image: C:\Program Files\Common Files\Microsoft Shared\ClickToRun\Updates\16.0.15225.20288\OfficeClickToRun.exe,TargetFilename: C:\Program Files (x86)\Microsoft Office\Updates\Download\PackageFiles\8801DF78-4AAE-4735-B3E4-213DE154925A\root\Office16\OsfTaskengine.dll,,,,False,C:\Users\byte store\Desktop\Incident Files Tempest\sysmon.evtx,Classic,0,"{""EventData"":{""Data"":[{""@Name"":""RuleName"",""#text"":""DLL""},{""@Name"":""UtcTime"",""#text"":""2022-06-20 17:19:15.153""},{""@Name"":""ProcessGuid"",""#text"":""4bbef3ae-abac-62b0-a90a-000000000700""},{""@Name"":""ProcessId"",""#text"":""1316""},{""@Name"":""Image"",""#text"":""C:\\Program Files\\Common Files\\Microsoft Shared\\ClickToRun\\Updates\\16.0.15225.20288\\OfficeClickToRun.exe""},{""@Name"":""TargetFilename"",""#text"":""C:\\Program Files (x86)\\Microsoft Office\\Updates\\Download\\PackageFiles\\8801DF78-4AAE-4735-B3E4-213DE154925A\\root\\Office16\\OsfTaskengine.dll""},{""@Name"":""CreationUtcTime"",""#text"":""2022-06-20 17:19:15.153""},{""@Name"":""User"",""#text"":""NT AUTHORITY\\SYSTEM""}]}}"
688,8193,2022-06-20 17:19:15.2384521,11,Info,Microsoft-Windows-Sysmon,Microsoft-Windows-Sysmon/Operational,2800,6224,TEMPEST,11,S-1-5-18,FileCreate,NT AUTHORITY\SYSTEM,,"ProcessID: 1316, ProcessGUID: 4bbef3ae-abac-62b0-a90a-000000000700",RuleName: DLL,Image: C:\Program Files\Common Files\Microsoft Shared\ClickToRun\Updates\16.0.15225.20288\OfficeClickToRun.exe,TargetFilename: C:\Program Files (x86)\Microsoft Office\Updates\Download\PackageFiles\8801DF78-4AAE-4735-B3E4-213DE154925A\root\Office16\OutlookServicing.DLL,,,,False,C:\Users\byte store\Desktop\Incident Files Tempest\sysmon.evtx,Classic,0,"{""EventData"":{""Data"":[{""@Name"":""RuleName"",""#text"":""DLL""},{""@Name"":""UtcTime"",""#text"":""2022-06-20 17:19:15.231""},{""@Name"":""ProcessGuid"",""#text"":""4bbef3ae-abac-62b0-a90a-000000000700""},{""@Name"":""ProcessId"",""#text"":""1316""},{""@Name"":""Image"",""#text"":""C:\\Program Files\\Common Files\\Microsoft Shared\\ClickToRun\\Updates\\16.0.15225.20288\\OfficeClickToRun.exe""},{""@Name"":""TargetFilename"",""#text"":""C:\\Program Files (x86)\\Microsoft Office\\Updates\\Download\\PackageFiles\\8801DF78-4AAE-4735-B3E4-213DE154925A\\root\\Office16\\OutlookServicing.DLL""},{""@Name"":""CreationUtcTime"",""#text"":""2022-06-20 17:19:15.231""},{""@Name"":""User"",""#text"":""NT AUTHORITY\\SYSTEM""}]}}"
689,8194,2022-06-20 17:19:15.2579952,11,Info,Microsoft-Windows-Sysmon,Microsoft-Windows-Sysmon/Operational,2800,6224,TEMPEST,11,S-1-5-18,FileCreate,NT AUTHORITY\SYSTEM,,"ProcessID: 1316, ProcessGUID: 4bbef3ae-abac-62b0-a90a-000000000700",RuleName: DLL,Image: C:\Program Files\Common Files\Microsoft Shared\ClickToRun\Updates\16.0.15225.20288\OfficeClickToRun.exe,TargetFilename: C:\Program Files (x86)\Microsoft Office\Updates\Download\PackageFiles\8801DF78-4AAE-4735-B3E4-213DE154925A\root\Office16\OutlookWebHost.dll,,,,False,C:\Users\byte store\Desktop\Incident Files Tempest\sysmon.evtx,Classic,0,"{""EventData"":{""Data"":[{""@Name"":""RuleName"",""#text"":""DLL""},{""@Name"":""UtcTime"",""#text"":""2022-06-20 17:19:15.246""},{""@Name"":""ProcessGuid"",""#text"":""4bbef3ae-abac-62b0-a90a-000000000700""},{""@Name"":""ProcessId"",""#text"":""1316""},{""@Name"":""Image"",""#text"":""C:\\Program Files\\Common Files\\Microsoft Shared\\ClickToRun\\Updates\\16.0.15225.20288\\OfficeClickToRun.exe""},{""@Name"":""TargetFilename"",""#text"":""C:\\Program Files (x86)\\Microsoft Office\\Updates\\Download\\PackageFiles\\8801DF78-4AAE-4735-B3E4-213DE154925A\\root\\Office16\\OutlookWebHost.dll""},{""@Name"":""CreationUtcTime"",""#text"":""2022-06-20 17:19:15.246""},{""@Name"":""User"",""#text"":""NT AUTHORITY\\SYSTEM""}]}}"
690,8195,2022-06-20 17:19:15.3060472,11,Info,Microsoft-Windows-Sysmon,Microsoft-Windows-Sysmon/Operational,2800,6224,TEMPEST,11,S-1-5-18,FileCreate,NT AUTHORITY\SYSTEM,,"ProcessID: 1316, ProcessGUID: 4bbef3ae-abac-62b0-a90a-000000000700",RuleName: DLL,Image: C:\Program Files\Common Files\Microsoft Shared\ClickToRun\Updates\16.0.15225.20288\OfficeClickToRun.exe,TargetFilename: C:\Program Files (x86)\Microsoft Office\Updates\Download\PackageFiles\8801DF78-4AAE-4735-B3E4-213DE154925A\root\Office16\PEOPLEDATAHANDLER.DLL,,,,False,C:\Users\byte store\Desktop\Incident Files Tempest\sysmon.evtx,Classic,0,"{""EventData"":{""Data"":[{""@Name"":""RuleName"",""#text"":""DLL""},{""@Name"":""UtcTime"",""#text"":""2022-06-20 17:19:15.293""},{""@Name"":""ProcessGuid"",""#text"":""4bbef3ae-abac-62b0-a90a-000000000700""},{""@Name"":""ProcessId"",""#text"":""1316""},{""@Name"":""Image"",""#text"":""C:\\Program Files\\Common Files\\Microsoft Shared\\ClickToRun\\Updates\\16.0.15225.20288\\OfficeClickToRun.exe""},{""@Name"":""TargetFilename"",""#text"":""C:\\Program Files (x86)\\Microsoft Office\\Updates\\Download\\PackageFiles\\8801DF78-4AAE-4735-B3E4-213DE154925A\\root\\Office16\\PEOPLEDATAHANDLER.DLL""},{""@Name"":""CreationUtcTime"",""#text"":""2022-06-20 17:19:15.293""},{""@Name"":""User"",""#text"":""NT AUTHORITY\\SYSTEM""}]}}"
691,8196,2022-06-20 17:19:15.3203837,11,Info,Microsoft-Windows-Sysmon,Microsoft-Windows-Sysmon/Operational,2800,6224,TEMPEST,11,S-1-5-18,FileCreate,NT AUTHORITY\SYSTEM,,"ProcessID: 1316, ProcessGUID: 4bbef3ae-abac-62b0-a90a-000000000700",RuleName: DLL,Image: C:\Program Files\Common Files\Microsoft Shared\ClickToRun\Updates\16.0.15225.20288\OfficeClickToRun.exe,TargetFilename: C:\Program Files (x86)\Microsoft Office\Updates\Download\PackageFiles\8801DF78-4AAE-4735-B3E4-213DE154925A\root\Office16\PPCORE.DLL,,,,False,C:\Users\byte store\Desktop\Incident Files Tempest\sysmon.evtx,Classic,0,"{""EventData"":{""Data"":[{""@Name"":""RuleName"",""#text"":""DLL""},{""@Name"":""UtcTime"",""#text"":""2022-06-20 17:19:15.309""},{""@Name"":""ProcessGuid"",""#text"":""4bbef3ae-abac-62b0-a90a-000000000700""},{""@Name"":""ProcessId"",""#text"":""1316""},{""@Name"":""Image"",""#text"":""C:\\Program Files\\Common Files\\Microsoft Shared\\ClickToRun\\Updates\\16.0.15225.20288\\OfficeClickToRun.exe""},{""@Name"":""TargetFilename"",""#text"":""C:\\Program Files (x86)\\Microsoft Office\\Updates\\Download\\PackageFiles\\8801DF78-4AAE-4735-B3E4-213DE154925A\\root\\Office16\\PPCORE.DLL""},{""@Name"":""CreationUtcTime"",""#text"":""2022-06-20 17:19:15.309""},{""@Name"":""User"",""#text"":""NT AUTHORITY\\SYSTEM""}]}}"
692,8197,2022-06-20 17:19:15.9847585,1,Info,Microsoft-Windows-Sysmon,Microsoft-Windows-Sysmon/Operational,2800,6224,TEMPEST,11,S-1-5-18,Process creation,TEMPEST\benimaru,,"ProcessID: 6204, ProcessGUID: 4bbef3ae-ac13-62b0-b30a-000000000700",RuleName: -,"MD5=7353F60B1739074EB17C5F4DDDEFE239,SHA256=DE96A6E69944335375DC1AC238336066889D9FFC7D73628EF4FE1B1B160AB32C,IMPHASH=741776AACCFC5B71FF59832DCDCACE0F",ParentProcess: C:\Windows\System32\wsmprovhost.exe,"ParentProcessID: 4208, ParentProcessGUID: 4bbef3ae-ac0a-62b0-b00a-000000000700",ParentCommandLine: C:\Windows\system32\wsmprovhost.exe -Embedding,"""C:\Windows\System32\WindowsPowerShell\v1.0\powershell.exe"" whoami /priv",False,C:\Users\byte store\Desktop\Incident Files Tempest\sysmon.evtx,Classic,0,"{""EventData"":{""Data"":[{""@Name"":""RuleName"",""#text"":""-""},{""@Name"":""UtcTime"",""#text"":""2022-06-20 17:19:15.980""},{""@Name"":""ProcessGuid"",""#text"":""4bbef3ae-ac13-62b0-b30a-000000000700""},{""@Name"":""ProcessId"",""#text"":""6204""},{""@Name"":""Image"",""#text"":""C:\\Windows\\System32\\WindowsPowerShell\\v1.0\\powershell.exe""},{""@Name"":""FileVersion"",""#text"":""10.0.17763.1 (WinBuild.160101.0800)""},{""@Name"":""Description"",""#text"":""Windows PowerShell""},{""@Name"":""Product"",""#text"":""Microsoft® Windows® Operating System""},{""@Name"":""Company"",""#text"":""Microsoft Corporation""},{""@Name"":""OriginalFileName"",""#text"":""PowerShell.EXE""},{""@Name"":""CommandLine"",""#text"":""\""C:\\Windows\\System32\\WindowsPowerShell\\v1.0\\powershell.exe\"" whoami /priv""},{""@Name"":""CurrentDirectory"",""#text"":""C:\\Users\\benimaru\\Documents\\""},{""@Name"":""User"",""#text"":""TEMPEST\\benimaru""},{""@Name"":""LogonGuid"",""#text"":""4bbef3ae-ac09-62b0-acd5-c10100000000""},{""@Name"":""LogonId"",""#text"":""0x1C1D5AC""},{""@Name"":""TerminalSessionId"",""#text"":""0""},{""@Name"":""IntegrityLevel"",""#text"":""High""},{""@Name"":""Hashes"",""#text"":""MD5=7353F60B1739074EB17C5F4DDDEFE239,SHA256=DE96A6E69944335375DC1AC238336066889D9FFC7D73628EF4FE1B1B160AB32C,IMPHASH=741776AACCFC5B71FF59832DCDCACE0F""},{""@Name"":""ParentProcessGuid"",""#text"":""4bbef3ae-ac0a-62b0-b00a-000000000700""},{""@Name"":""ParentProcessId"",""#text"":""4208""},{""@Name"":""ParentImage"",""#text"":""C:\\Windows\\System32\\wsmprovhost.exe""},{""@Name"":""ParentCommandLine"",""#text"":""C:\\Windows\\system32\\wsmprovhost.exe -Embedding""},{""@Name"":""ParentUser"",""#text"":""TEMPEST\\benimaru""}]}}"
693,8198,2022-06-20 17:19:16.1625770,11,Info,Microsoft-Windows-Sysmon,Microsoft-Windows-Sysmon/Operational,2800,6224,TEMPEST,11,S-1-5-18,FileCreate,TEMPEST\benimaru,,"ProcessID: 6204, ProcessGUID: 4bbef3ae-ac13-62b0-b30a-000000000700",RuleName: -,Image: C:\Windows\System32\WindowsPowerShell\v1.0\powershell.exe,TargetFilename: C:\Users\benimaru\AppData\Local\Temp\__PSScriptPolicyTest_gd0by3pc.hty.ps1,,,,False,C:\Users\byte store\Desktop\Incident Files Tempest\sysmon.evtx,Classic,0,"{""EventData"":{""Data"":[{""@Name"":""RuleName"",""#text"":""-""},{""@Name"":""UtcTime"",""#text"":""2022-06-20 17:19:16.103""},{""@Name"":""ProcessGuid"",""#text"":""4bbef3ae-ac13-62b0-b30a-000000000700""},{""@Name"":""ProcessId"",""#text"":""6204""},{""@Name"":""Image"",""#text"":""C:\\Windows\\System32\\WindowsPowerShell\\v1.0\\powershell.exe""},{""@Name"":""TargetFilename"",""#text"":""C:\\Users\\benimaru\\AppData\\Local\\Temp\\__PSScriptPolicyTest_gd0by3pc.hty.ps1""},{""@Name"":""CreationUtcTime"",""#text"":""2022-06-20 17:19:16.103""},{""@Name"":""User"",""#text"":""TEMPEST\\benimaru""}]}}"
694,8199,2022-06-20 17:19:16.2684669,1,Info,Microsoft-Windows-Sysmon,Microsoft-Windows-Sysmon/Operational,2800,6224,TEMPEST,11,S-1-5-18,Process creation,TEMPEST\benimaru,,"ProcessID: 2068, ProcessGUID: 4bbef3ae-ac14-62b0-b50a-000000000700",RuleName: -,"MD5=43C2D3293AD939241DF61B3630A9D3B6,SHA256=1D5491E3C468EE4B4EF6EDFF4BBC7D06EE83180F6F0B1576763EA2EFE049493A,IMPHASH=7FF0758B766F747CE57DFAC70743FB88",ParentProcess: C:\Windows\System32\WindowsPowerShell\v1.0\powershell.exe,"ParentProcessID: 6204, ParentProcessGUID: 4bbef3ae-ac13-62b0-b30a-000000000700","ParentCommandLine: ""C:\Windows\System32\WindowsPowerShell\v1.0\powershell.exe"" whoami /priv","""C:\Windows\system32\whoami.exe"" /priv",False,C:\Users\byte store\Desktop\Incident Files Tempest\sysmon.evtx,Classic,0,"{""EventData"":{""Data"":[{""@Name"":""RuleName"",""#text"":""-""},{""@Name"":""UtcTime"",""#text"":""2022-06-20 17:19:16.266""},{""@Name"":""ProcessGuid"",""#text"":""4bbef3ae-ac14-62b0-b50a-000000000700""},{""@Name"":""ProcessId"",""#text"":""2068""},{""@Name"":""Image"",""#text"":""C:\\Windows\\System32\\whoami.exe""},{""@Name"":""FileVersion"",""#text"":""10.0.17763.1 (WinBuild.160101.0800)""},{""@Name"":""Description"",""#text"":""whoami - displays logged on user information""},{""@Name"":""Product"",""#text"":""Microsoft® Windows® Operating System""},{""@Name"":""Company"",""#text"":""Microsoft Corporation""},{""@Name"":""OriginalFileName"",""#text"":""whoami.exe""},{""@Name"":""CommandLine"",""#text"":""\""C:\\Windows\\system32\\whoami.exe\"" /priv""},{""@Name"":""CurrentDirectory"",""#text"":""C:\\Users\\benimaru\\Documents\\""},{""@Name"":""User"",""#text"":""TEMPEST\\benimaru""},{""@Name"":""LogonGuid"",""#text"":""4bbef3ae-ac09-62b0-acd5-c10100000000""},{""@Name"":""LogonId"",""#text"":""0x1C1D5AC""},{""@Name"":""TerminalSessionId"",""#text"":""0""},{""@Name"":""IntegrityLevel"",""#text"":""High""},{""@Name"":""Hashes"",""#text"":""MD5=43C2D3293AD939241DF61B3630A9D3B6,SHA256=1D5491E3C468EE4B4EF6EDFF4BBC7D06EE83180F6F0B1576763EA2EFE049493A,IMPHASH=7FF0758B766F747CE57DFAC70743FB88""},{""@Name"":""ParentProcessGuid"",""#text"":""4bbef3ae-ac13-62b0-b30a-000000000700""},{""@Name"":""ParentProcessId"",""#text"":""6204""},{""@Name"":""ParentImage"",""#text"":""C:\\Windows\\System32\\WindowsPowerShell\\v1.0\\powershell.exe""},{""@Name"":""ParentCommandLine"",""#text"":""\""C:\\Windows\\System32\\WindowsPowerShell\\v1.0\\powershell.exe\"" whoami /priv""},{""@Name"":""ParentUser"",""#text"":""TEMPEST\\benimaru""}]}}"
695,8200,2022-06-20 17:19:16.4524669,11,Info,Microsoft-Windows-Sysmon,Microsoft-Windows-Sysmon/Operational,2800,6224,TEMPEST,11,S-1-5-18,FileCreate,NT AUTHORITY\SYSTEM,,"ProcessID: 1316, ProcessGUID: 4bbef3ae-abac-62b0-a90a-000000000700",RuleName: DLL,Image: C:\Program Files\Common Files\Microsoft Shared\ClickToRun\Updates\16.0.15225.20288\OfficeClickToRun.exe,TargetFilename: C:\Program Files (x86)\Microsoft Office\Updates\Download\PackageFiles\8801DF78-4AAE-4735-B3E4-213DE154925A\root\Office16\PPINTL.COMMON.DLL,,,,False,C:\Users\byte store\Desktop\Incident Files Tempest\sysmon.evtx,Classic,0,"{""EventData"":{""Data"":[{""@Name"":""RuleName"",""#text"":""DLL""},{""@Name"":""UtcTime"",""#text"":""2022-06-20 17:19:16.446""},{""@Name"":""ProcessGuid"",""#text"":""4bbef3ae-abac-62b0-a90a-000000000700""},{""@Name"":""ProcessId"",""#text"":""1316""},{""@Name"":""Image"",""#text"":""C:\\Program Files\\Common Files\\Microsoft Shared\\ClickToRun\\Updates\\16.0.15225.20288\\OfficeClickToRun.exe""},{""@Name"":""TargetFilename"",""#text"":""C:\\Program Files (x86)\\Microsoft Office\\Updates\\Download\\PackageFiles\\8801DF78-4AAE-4735-B3E4-213DE154925A\\root\\Office16\\PPINTL.COMMON.DLL""},{""@Name"":""CreationUtcTime"",""#text"":""2022-06-20 17:19:16.446""},{""@Name"":""User"",""#text"":""NT AUTHORITY\\SYSTEM""}]}}"
696,8201,2022-06-20 17:19:16.5218621,11,Info,Microsoft-Windows-Sysmon,Microsoft-Windows-Sysmon/Operational,2800,6224,TEMPEST,11,S-1-5-18,FileCreate,NT AUTHORITY\SYSTEM,,"ProcessID: 1316, ProcessGUID: 4bbef3ae-abac-62b0-a90a-000000000700",RuleName: DLL,Image: C:\Program Files\Common Files\Microsoft Shared\ClickToRun\Updates\16.0.15225.20288\OfficeClickToRun.exe,TargetFilename: C:\Program Files (x86)\Microsoft Office\Updates\Download\PackageFiles\8801DF78-4AAE-4735-B3E4-213DE154925A\root\Office16\PPRESOURCES.DLL,,,,False,C:\Users\byte store\Desktop\Incident Files Tempest\sysmon.evtx,Classic,0,"{""EventData"":{""Data"":[{""@Name"":""RuleName"",""#text"":""DLL""},{""@Name"":""UtcTime"",""#text"":""2022-06-20 17:19:16.509""},{""@Name"":""ProcessGuid"",""#text"":""4bbef3ae-abac-62b0-a90a-000000000700""},{""@Name"":""ProcessId"",""#text"":""1316""},{""@Name"":""Image"",""#text"":""C:\\Program Files\\Common Files\\Microsoft Shared\\ClickToRun\\Updates\\16.0.15225.20288\\OfficeClickToRun.exe""},{""@Name"":""TargetFilename"",""#text"":""C:\\Program Files (x86)\\Microsoft Office\\Updates\\Download\\PackageFiles\\8801DF78-4AAE-4735-B3E4-213DE154925A\\root\\Office16\\PPRESOURCES.DLL""},{""@Name"":""CreationUtcTime"",""#text"":""2022-06-20 17:19:16.509""},{""@Name"":""User"",""#text"":""NT AUTHORITY\\SYSTEM""}]}}"
697,8202,2022-06-20 17:19:16.6046346,11,Info,Microsoft-Windows-Sysmon,Microsoft-Windows-Sysmon/Operational,2800,6224,TEMPEST,11,S-1-5-18,FileCreate,NT AUTHORITY\SYSTEM,,"ProcessID: 1316, ProcessGUID: 4bbef3ae-abac-62b0-a90a-000000000700",RuleName: DLL,Image: C:\Program Files\Common Files\Microsoft Shared\ClickToRun\Updates\16.0.15225.20288\OfficeClickToRun.exe,TargetFilename: C:\Program Files (x86)\Microsoft Office\Updates\Download\PackageFiles\8801DF78-4AAE-4735-B3E4-213DE154925A\root\Office16\PPSLAX.DLL,,,,False,C:\Users\byte store\Desktop\Incident Files Tempest\sysmon.evtx,Classic,0,"{""EventData"":{""Data"":[{""@Name"":""RuleName"",""#text"":""DLL""},{""@Name"":""UtcTime"",""#text"":""2022-06-20 17:19:16.602""},{""@Name"":""ProcessGuid"",""#text"":""4bbef3ae-abac-62b0-a90a-000000000700""},{""@Name"":""ProcessId"",""#text"":""1316""},{""@Name"":""Image"",""#text"":""C:\\Program Files\\Common Files\\Microsoft Shared\\ClickToRun\\Updates\\16.0.15225.20288\\OfficeClickToRun.exe""},{""@Name"":""TargetFilename"",""#text"":""C:\\Program Files (x86)\\Microsoft Office\\Updates\\Download\\PackageFiles\\8801DF78-4AAE-4735-B3E4-213DE154925A\\root\\Office16\\PPSLAX.DLL""},{""@Name"":""CreationUtcTime"",""#text"":""2022-06-20 17:19:16.587""},{""@Name"":""User"",""#text"":""NT AUTHORITY\\SYSTEM""}]}}"
698,8203,2022-06-20 17:19:16.6212665,11,Info,Microsoft-Windows-Sysmon,Microsoft-Windows-Sysmon/Operational,2800,6224,TEMPEST,11,S-1-5-18,FileCreate,NT AUTHORITY\SYSTEM,,"ProcessID: 1316, ProcessGUID: 4bbef3ae-abac-62b0-a90a-000000000700",RuleName: EXE,Image: C:\Program Files\Common Files\Microsoft Shared\ClickToRun\Updates\16.0.15225.20288\OfficeClickToRun.exe,TargetFilename: C:\Program Files (x86)\Microsoft Office\Updates\Download\PackageFiles\8801DF78-4AAE-4735-B3E4-213DE154925A\root\Office16\PPTICO.EXE,,,,False,C:\Users\byte store\Desktop\Incident Files Tempest\sysmon.evtx,Classic,0,"{""EventData"":{""Data"":[{""@Name"":""RuleName"",""#text"":""EXE""},{""@Name"":""UtcTime"",""#text"":""2022-06-20 17:19:16.618""},{""@Name"":""ProcessGuid"",""#text"":""4bbef3ae-abac-62b0-a90a-000000000700""},{""@Name"":""ProcessId"",""#text"":""1316""},{""@Name"":""Image"",""#text"":""C:\\Program Files\\Common Files\\Microsoft Shared\\ClickToRun\\Updates\\16.0.15225.20288\\OfficeClickToRun.exe""},{""@Name"":""TargetFilename"",""#text"":""C:\\Program Files (x86)\\Microsoft Office\\Updates\\Download\\PackageFiles\\8801DF78-4AAE-4735-B3E4-213DE154925A\\root\\Office16\\PPTICO.EXE""},{""@Name"":""CreationUtcTime"",""#text"":""2022-06-20 17:19:16.618""},{""@Name"":""User"",""#text"":""NT AUTHORITY\\SYSTEM""}]}}"
699,8204,2022-06-20 17:19:16.6890209,11,Info,Microsoft-Windows-Sysmon,Microsoft-Windows-Sysmon/Operational,2800,6224,TEMPEST,11,S-1-5-18,FileCreate,NT AUTHORITY\SYSTEM,,"ProcessID: 1316, ProcessGUID: 4bbef3ae-abac-62b0-a90a-000000000700",RuleName: DLL,Image: C:\Program Files\Common Files\Microsoft Shared\ClickToRun\Updates\16.0.15225.20288\OfficeClickToRun.exe,TargetFilename: C:\Program Files (x86)\Microsoft Office\Updates\Download\PackageFiles\8801DF78-4AAE-4735-B3E4-213DE154925A\root\Office16\PROOF\msgr3jp.dll,,,,False,C:\Users\byte store\Desktop\Incident Files Tempest\sysmon.evtx,Classic,992,"{""EventData"":{""Data"":[{""@Name"":""RuleName"",""#text"":""DLL""},{""@Name"":""UtcTime"",""#text"":""2022-06-20 17:19:16.681""},{""@Name"":""ProcessGuid"",""#text"":""4bbef3ae-abac-62b0-a90a-000000000700""},{""@Name"":""ProcessId"",""#text"":""1316""},{""@Name"":""Image"",""#text"":""C:\\Program Files\\Common Files\\Microsoft Shared\\ClickToRun\\Updates\\16.0.15225.20288\\OfficeClickToRun.exe""},{""@Name"":""TargetFilename"",""#text"":""C:\\Program Files (x86)\\Microsoft Office\\Updates\\Download\\PackageFiles\\8801DF78-4AAE-4735-B3E4-213DE154925A\\root\\Office16\\PROOF\\msgr3jp.dll""},{""@Name"":""CreationUtcTime"",""#text"":""2022-06-20 17:19:16.681""},{""@Name"":""User"",""#text"":""NT AUTHORITY\\SYSTEM""}]}}"
700,8205,2022-06-20 17:19:16.7168069,11,Info,Microsoft-Windows-Sysmon,Microsoft-Windows-Sysmon/Operational,2800,6224,TEMPEST,11,S-1-5-18,FileCreate,NT AUTHORITY\SYSTEM,,"ProcessID: 1316, ProcessGUID: 4bbef3ae-abac-62b0-a90a-000000000700",RuleName: DLL,Image: C:\Program Files\Common Files\Microsoft Shared\ClickToRun\Updates\16.0.15225.20288\OfficeClickToRun.exe,TargetFilename: C:\Program Files (x86)\Microsoft Office\Updates\Download\PackageFiles\8801DF78-4AAE-4735-B3E4-213DE154925A\root\Office16\PROOF\msgrammar8.dll,,,,False,C:\Users\byte store\Desktop\Incident Files Tempest\sysmon.evtx,Classic,0,"{""EventData"":{""Data"":[{""@Name"":""RuleName"",""#text"":""DLL""},{""@Name"":""UtcTime"",""#text"":""2022-06-20 17:19:16.712""},{""@Name"":""ProcessGuid"",""#text"":""4bbef3ae-abac-62b0-a90a-000000000700""},{""@Name"":""ProcessId"",""#text"":""1316""},{""@Name"":""Image"",""#text"":""C:\\Program Files\\Common Files\\Microsoft Shared\\ClickToRun\\Updates\\16.0.15225.20288\\OfficeClickToRun.exe""},{""@Name"":""TargetFilename"",""#text"":""C:\\Program Files (x86)\\Microsoft Office\\Updates\\Download\\PackageFiles\\8801DF78-4AAE-4735-B3E4-213DE154925A\\root\\Office16\\PROOF\\msgrammar8.dll""},{""@Name"":""CreationUtcTime"",""#text"":""2022-06-20 17:19:16.712""},{""@Name"":""User"",""#text"":""NT AUTHORITY\\SYSTEM""}]}}"
701,8206,2022-06-20 17:19:16.7673375,11,Info,Microsoft-Windows-Sysmon,Microsoft-Windows-Sysmon/Operational,2800,6224,TEMPEST,11,S-1-5-18,FileCreate,NT AUTHORITY\SYSTEM,,"ProcessID: 1316, ProcessGUID: 4bbef3ae-abac-62b0-a90a-000000000700",RuleName: DLL,Image: C:\Program Files\Common Files\Microsoft Shared\ClickToRun\Updates\16.0.15225.20288\OfficeClickToRun.exe,TargetFilename: C:\Program Files (x86)\Microsoft Office\Updates\Download\PackageFiles\8801DF78-4AAE-4735-B3E4-213DE154925A\root\Office16\PROOF\msspell7.dll,,,,False,C:\Users\byte store\Desktop\Incident Files Tempest\sysmon.evtx,Classic,0,"{""EventData"":{""Data"":[{""@Name"":""RuleName"",""#text"":""DLL""},{""@Name"":""UtcTime"",""#text"":""2022-06-20 17:19:16.759""},{""@Name"":""ProcessGuid"",""#text"":""4bbef3ae-abac-62b0-a90a-000000000700""},{""@Name"":""ProcessId"",""#text"":""1316""},{""@Name"":""Image"",""#text"":""C:\\Program Files\\Common Files\\Microsoft Shared\\ClickToRun\\Updates\\16.0.15225.20288\\OfficeClickToRun.exe""},{""@Name"":""TargetFilename"",""#text"":""C:\\Program Files (x86)\\Microsoft Office\\Updates\\Download\\PackageFiles\\8801DF78-4AAE-4735-B3E4-213DE154925A\\root\\Office16\\PROOF\\msspell7.dll""},{""@Name"":""CreationUtcTime"",""#text"":""2022-06-20 17:19:16.759""},{""@Name"":""User"",""#text"":""NT AUTHORITY\\SYSTEM""}]}}"
702,8207,2022-06-20 17:19:16.8020078,11,Info,Microsoft-Windows-Sysmon,Microsoft-Windows-Sysmon/Operational,2800,6224,TEMPEST,11,S-1-5-18,FileCreate,NT AUTHORITY\SYSTEM,,"ProcessID: 1316, ProcessGUID: 4bbef3ae-abac-62b0-a90a-000000000700",RuleName: DLL,Image: C:\Program Files\Common Files\Microsoft Shared\ClickToRun\Updates\16.0.15225.20288\OfficeClickToRun.exe,TargetFilename: C:\Program Files (x86)\Microsoft Office\Updates\Download\PackageFiles\8801DF78-4AAE-4735-B3E4-213DE154925A\root\Office16\PRTF9.DLL,,,,False,C:\Users\byte store\Desktop\Incident Files Tempest\sysmon.evtx,Classic,0,"{""EventData"":{""Data"":[{""@Name"":""RuleName"",""#text"":""DLL""},{""@Name"":""UtcTime"",""#text"":""2022-06-20 17:19:16.794""},{""@Name"":""ProcessGuid"",""#text"":""4bbef3ae-abac-62b0-a90a-000000000700""},{""@Name"":""ProcessId"",""#text"":""1316""},{""@Name"":""Image"",""#text"":""C:\\Program Files\\Common Files\\Microsoft Shared\\ClickToRun\\Updates\\16.0.15225.20288\\OfficeClickToRun.exe""},{""@Name"":""TargetFilename"",""#text"":""C:\\Program Files (x86)\\Microsoft Office\\Updates\\Download\\PackageFiles\\8801DF78-4AAE-4735-B3E4-213DE154925A\\root\\Office16\\PRTF9.DLL""},{""@Name"":""CreationUtcTime"",""#text"":""2022-06-20 17:19:16.794""},{""@Name"":""User"",""#text"":""NT AUTHORITY\\SYSTEM""}]}}"
703,8208,2022-06-20 17:19:16.8180715,11,Info,Microsoft-Windows-Sysmon,Microsoft-Windows-Sysmon/Operational,2800,6224,TEMPEST,11,S-1-5-18,FileCreate,NT AUTHORITY\SYSTEM,,"ProcessID: 1316, ProcessGUID: 4bbef3ae-abac-62b0-a90a-000000000700",RuleName: DLL,Image: C:\Program Files\Common Files\Microsoft Shared\ClickToRun\Updates\16.0.15225.20288\OfficeClickToRun.exe,TargetFilename: C:\Program Files (x86)\Microsoft Office\Updates\Download\PackageFiles\8801DF78-4AAE-4735-B3E4-213DE154925A\root\Office16\PSTPRX32.DLL,,,,False,C:\Users\byte store\Desktop\Incident Files Tempest\sysmon.evtx,Classic,0,"{""EventData"":{""Data"":[{""@Name"":""RuleName"",""#text"":""DLL""},{""@Name"":""UtcTime"",""#text"":""2022-06-20 17:19:16.805""},{""@Name"":""ProcessGuid"",""#text"":""4bbef3ae-abac-62b0-a90a-000000000700""},{""@Name"":""ProcessId"",""#text"":""1316""},{""@Name"":""Image"",""#text"":""C:\\Program Files\\Common Files\\Microsoft Shared\\ClickToRun\\Updates\\16.0.15225.20288\\OfficeClickToRun.exe""},{""@Name"":""TargetFilename"",""#text"":""C:\\Program Files (x86)\\Microsoft Office\\Updates\\Download\\PackageFiles\\8801DF78-4AAE-4735-B3E4-213DE154925A\\root\\Office16\\PSTPRX32.DLL""},{""@Name"":""CreationUtcTime"",""#text"":""2022-06-20 17:19:16.805""},{""@Name"":""User"",""#text"":""NT AUTHORITY\\SYSTEM""}]}}"
704,8209,2022-06-20 17:19:16.8702931,11,Info,Microsoft-Windows-Sysmon,Microsoft-Windows-Sysmon/Operational,2800,6224,TEMPEST,11,S-1-5-18,FileCreate,NT AUTHORITY\SYSTEM,,"ProcessID: 1316, ProcessGUID: 4bbef3ae-abac-62b0-a90a-000000000700",RuleName: DLL,Image: C:\Program Files\Common Files\Microsoft Shared\ClickToRun\Updates\16.0.15225.20288\OfficeClickToRun.exe,TargetFilename: C:\Program Files (x86)\Microsoft Office\Updates\Download\PackageFiles\8801DF78-4AAE-4735-B3E4-213DE154925A\root\Office16\PTXT9.DLL,,,,False,C:\Users\byte store\Desktop\Incident Files Tempest\sysmon.evtx,Classic,0,"{""EventData"":{""Data"":[{""@Name"":""RuleName"",""#text"":""DLL""},{""@Name"":""UtcTime"",""#text"":""2022-06-20 17:19:16.868""},{""@Name"":""ProcessGuid"",""#text"":""4bbef3ae-abac-62b0-a90a-000000000700""},{""@Name"":""ProcessId"",""#text"":""1316""},{""@Name"":""Image"",""#text"":""C:\\Program Files\\Common Files\\Microsoft Shared\\ClickToRun\\Updates\\16.0.15225.20288\\OfficeClickToRun.exe""},{""@Name"":""TargetFilename"",""#text"":""C:\\Program Files (x86)\\Microsoft Office\\Updates\\Download\\PackageFiles\\8801DF78-4AAE-4735-B3E4-213DE154925A\\root\\Office16\\PTXT9.DLL""},{""@Name"":""CreationUtcTime"",""#text"":""2022-06-20 17:19:16.868""},{""@Name"":""User"",""#text"":""NT AUTHORITY\\SYSTEM""}]}}"
