185,7690,2022-06-20 17:14:44.0766553,12,Info,Microsoft-Windows-Sysmon,Microsoft-Windows-Sysmon/Operational,2800,6224,TEMPEST,3,S-1-5-18,RegistryEvent (Object create and delete),NT AUTHORITY\SYSTEM,,"ProcessID: 1132, ProcessGUID: 4bbef3ae-ab02-62b0-590a-000000000700",RuleName: -,Image: C:\Windows\system32\LogonUI.exe,EventType: DeleteValue,TargetObject: HKU\.DEFAULT\Keyboard Layout\Preload\1,,,False,C:\Users\byte store\Desktop\Incident Files Tempest\sysmon.evtx,Classic,0,"{""EventData"":{""Data"":[{""@Name"":""RuleName"",""#text"":""-""},{""@Name"":""EventType"",""#text"":""DeleteValue""},{""@Name"":""UtcTime"",""#text"":""2022-06-20 17:14:44.062""},{""@Name"":""ProcessGuid"",""#text"":""4bbef3ae-ab02-62b0-590a-000000000700""},{""@Name"":""ProcessId"",""#text"":""1132""},{""@Name"":""Image"",""#text"":""C:\\Windows\\system32\\LogonUI.exe""},{""@Name"":""TargetObject"",""#text"":""HKU\\.DEFAULT\\Keyboard Layout\\Preload\\1""},{""@Name"":""User"",""#text"":""NT AUTHORITY\\SYSTEM""}]}}"
186,7691,2022-06-20 17:14:44.0767509,13,Info,Microsoft-Windows-Sysmon,Microsoft-Windows-Sysmon/Operational,2800,6224,TEMPEST,3,S-1-5-18,RegistryEvent (Value Set),NT AUTHORITY\SYSTEM,,"ProcessID: 1132, ProcessGUID: 4bbef3ae-ab02-62b0-590a-000000000700",RuleName: -,Image: C:\Windows\system32\LogonUI.exe,EventType: SetValue,TargetObject: HKU\.DEFAULT\Keyboard Layout\Preload\1,Details: 00000409,,False,C:\Users\byte store\Desktop\Incident Files Tempest\sysmon.evtx,Classic,0,"{""EventData"":{""Data"":[{""@Name"":""RuleName"",""#text"":""-""},{""@Name"":""EventType"",""#text"":""SetValue""},{""@Name"":""UtcTime"",""#text"":""2022-06-20 17:14:44.062""},{""@Name"":""ProcessGuid"",""#text"":""4bbef3ae-ab02-62b0-590a-000000000700""},{""@Name"":""ProcessId"",""#text"":""1132""},{""@Name"":""Image"",""#text"":""C:\\Windows\\system32\\LogonUI.exe""},{""@Name"":""TargetObject"",""#text"":""HKU\\.DEFAULT\\Keyboard Layout\\Preload\\1""},{""@Name"":""Details"",""#text"":""00000409""},{""@Name"":""User"",""#text"":""NT AUTHORITY\\SYSTEM""}]}}"
187,7692,2022-06-20 17:14:49.5659094,13,Info,Microsoft-Windows-Sysmon,Microsoft-Windows-Sysmon/Operational,2800,6224,TEMPEST,3,S-1-5-18,RegistryEvent (Value Set),NT AUTHORITY\SYSTEM,,"ProcessID: 1132, ProcessGUID: 4bbef3ae-ab02-62b0-590a-000000000700",RuleName: -,Image: C:\Windows\system32\LogonUI.exe,EventType: SetValue,TargetObject: HKLM\SOFTWARE\Microsoft\Windows\CurrentVersion\Authentication\LogonUI\LastLoggedOnUser,Details: .\benimaru,,False,C:\Users\byte store\Desktop\Incident Files Tempest\sysmon.evtx,Classic,0,"{""EventData"":{""Data"":[{""@Name"":""RuleName"",""#text"":""-""},{""@Name"":""EventType"",""#text"":""SetValue""},{""@Name"":""UtcTime"",""#text"":""2022-06-20 17:14:49.562""},{""@Name"":""ProcessGuid"",""#text"":""4bbef3ae-ab02-62b0-590a-000000000700""},{""@Name"":""ProcessId"",""#text"":""1132""},{""@Name"":""Image"",""#text"":""C:\\Windows\\system32\\LogonUI.exe""},{""@Name"":""TargetObject"",""#text"":""HKLM\\SOFTWARE\\Microsoft\\Windows\\CurrentVersion\\Authentication\\LogonUI\\LastLoggedOnUser""},{""@Name"":""Details"",""#text"":"".\\benimaru""},{""@Name"":""User"",""#text"":""NT AUTHORITY\\SYSTEM""}]}}"
188,7693,2022-06-20 17:14:49.7876508,13,Info,Microsoft-Windows-Sysmon,Microsoft-Windows-Sysmon/Operational,2800,6224,TEMPEST,3,S-1-5-18,RegistryEvent (Value Set),NT AUTHORITY\SYSTEM,,"ProcessID: 608, ProcessGUID: 4bbef3ae-8422-62b0-0b00-000000000700","RuleName: T1031,T1050",Image: C:\Windows\system32\services.exe,EventType: SetValue,TargetObject: HKLM\System\CurrentControlSet\Services\BcastDVRUserService_1b0bcaa\Start,Details: DWORD (0x00000003),,False,C:\Users\byte store\Desktop\Incident Files Tempest\sysmon.evtx,Classic,0,"{""EventData"":{""Data"":[{""@Name"":""RuleName"",""#text"":""T1031,T1050""},{""@Name"":""EventType"",""#text"":""SetValue""},{""@Name"":""UtcTime"",""#text"":""2022-06-20 17:14:49.765""},{""@Name"":""ProcessGuid"",""#text"":""4bbef3ae-8422-62b0-0b00-000000000700""},{""@Name"":""ProcessId"",""#text"":""608""},{""@Name"":""Image"",""#text"":""C:\\Windows\\system32\\services.exe""},{""@Name"":""TargetObject"",""#text"":""HKLM\\System\\CurrentControlSet\\Services\\BcastDVRUserService_1b0bcaa\\Start""},{""@Name"":""Details"",""#text"":""DWORD (0x00000003)""},{""@Name"":""User"",""#text"":""NT AUTHORITY\\SYSTEM""}]}}"
189,7694,2022-06-20 17:14:49.7877791,13,Info,Microsoft-Windows-Sysmon,Microsoft-Windows-Sysmon/Operational,2800,6224,TEMPEST,3,S-1-5-18,RegistryEvent (Value Set),NT AUTHORITY\SYSTEM,,"ProcessID: 608, ProcessGUID: 4bbef3ae-8422-62b0-0b00-000000000700","RuleName: T1031,T1050",Image: C:\Windows\system32\services.exe,EventType: SetValue,TargetObject: HKLM\System\CurrentControlSet\Services\BcastDVRUserService_1b0bcaa\ImagePath,Details: C:\Windows\system32\svchost.exe -k BcastDVRUserService,,False,C:\Users\byte store\Desktop\Incident Files Tempest\sysmon.evtx,Classic,0,"{""EventData"":{""Data"":[{""@Name"":""RuleName"",""#text"":""T1031,T1050""},{""@Name"":""EventType"",""#text"":""SetValue""},{""@Name"":""UtcTime"",""#text"":""2022-06-20 17:14:49.765""},{""@Name"":""ProcessGuid"",""#text"":""4bbef3ae-8422-62b0-0b00-000000000700""},{""@Name"":""ProcessId"",""#text"":""608""},{""@Name"":""Image"",""#text"":""C:\\Windows\\system32\\services.exe""},{""@Name"":""TargetObject"",""#text"":""HKLM\\System\\CurrentControlSet\\Services\\BcastDVRUserService_1b0bcaa\\ImagePath""},{""@Name"":""Details"",""#text"":""C:\\Windows\\system32\\svchost.exe -k BcastDVRUserService""},{""@Name"":""User"",""#text"":""NT AUTHORITY\\SYSTEM""}]}}"
190,7695,2022-06-20 17:14:49.7890442,1,Info,Microsoft-Windows-Sysmon,Microsoft-Windows-Sysmon/Operational,2800,6224,TEMPEST,3,S-1-5-18,Process creation,TEMPEST\benimaru,,"ProcessID: 3556, ProcessGUID: 4bbef3ae-ab09-62b0-5e0a-000000000700",RuleName: -,"MD5=8B6722980E0C5A06312E00BD0565B692,SHA256=09D94357241EBB37E4510C3A168178822C9458530A30D0E829F5759D6202834D,IMPHASH=D79FA753A3003DE97EDFC038DF32C136",ParentProcess: C:\Windows\System32\svchost.exe,"ParentProcessID: 2008, ParentProcessGUID: 4bbef3ae-8428-62b0-3400-000000000700",ParentCommandLine: C:\Windows\system32\svchost.exe -k netsvcs -p -s UserManager,sihost.exe,False,C:\Users\byte store\Desktop\Incident Files Tempest\sysmon.evtx,Classic,0,"{""EventData"":{""Data"":[{""@Name"":""RuleName"",""#text"":""-""},{""@Name"":""UtcTime"",""#text"":""2022-06-20 17:14:49.781""},{""@Name"":""ProcessGuid"",""#text"":""4bbef3ae-ab09-62b0-5e0a-000000000700""},{""@Name"":""ProcessId"",""#text"":""3556""},{""@Name"":""Image"",""#text"":""C:\\Windows\\System32\\sihost.exe""},{""@Name"":""FileVersion"",""#text"":""10.0.17763.1 (WinBuild.160101.0800)""},{""@Name"":""Description"",""#text"":""Shell Infrastructure Host""},{""@Name"":""Product"",""#text"":""Microsoft® Windows® Operating System""},{""@Name"":""Company"",""#text"":""Microsoft Corporation""},{""@Name"":""OriginalFileName"",""#text"":""sihost.exe""},{""@Name"":""CommandLine"",""#text"":""sihost.exe""},{""@Name"":""CurrentDirectory"",""#text"":""C:\\Windows\\system32\\""},{""@Name"":""User"",""#text"":""TEMPEST\\benimaru""},{""@Name"":""LogonGuid"",""#text"":""4bbef3ae-ab09-62b0-1ca9-b00100000000""},{""@Name"":""LogonId"",""#text"":""0x1B0A91C""},{""@Name"":""TerminalSessionId"",""#text"":""11""},{""@Name"":""IntegrityLevel"",""#text"":""Medium""},{""@Name"":""Hashes"",""#text"":""MD5=8B6722980E0C5A06312E00BD0565B692,SHA256=09D94357241EBB37E4510C3A168178822C9458530A30D0E829F5759D6202834D,IMPHASH=D79FA753A3003DE97EDFC038DF32C136""},{""@Name"":""ParentProcessGuid"",""#text"":""4bbef3ae-8428-62b0-3400-000000000700""},{""@Name"":""ParentProcessId"",""#text"":""2008""},{""@Name"":""ParentImage"",""#text"":""C:\\Windows\\System32\\svchost.exe""},{""@Name"":""ParentCommandLine"",""#text"":""C:\\Windows\\system32\\svchost.exe -k netsvcs -p -s UserManager""},{""@Name"":""ParentUser"",""#text"":""NT AUTHORITY\\SYSTEM""}]}}"
191,7696,2022-06-20 17:14:49.7894666,13,Info,Microsoft-Windows-Sysmon,Microsoft-Windows-Sysmon/Operational,2800,6224,TEMPEST,3,S-1-5-18,RegistryEvent (Value Set),NT AUTHORITY\SYSTEM,,"ProcessID: 608, ProcessGUID: 4bbef3ae-8422-62b0-0b00-000000000700","RuleName: T1031,T1050",Image: C:\Windows\system32\services.exe,EventType: SetValue,TargetObject: HKLM\System\CurrentControlSet\Services\BluetoothUserService_1b0bcaa\Start,Details: DWORD (0x00000003),,False,C:\Users\byte store\Desktop\Incident Files Tempest\sysmon.evtx,Classic,0,"{""EventData"":{""Data"":[{""@Name"":""RuleName"",""#text"":""T1031,T1050""},{""@Name"":""EventType"",""#text"":""SetValue""},{""@Name"":""UtcTime"",""#text"":""2022-06-20 17:14:49.782""},{""@Name"":""ProcessGuid"",""#text"":""4bbef3ae-8422-62b0-0b00-000000000700""},{""@Name"":""ProcessId"",""#text"":""608""},{""@Name"":""Image"",""#text"":""C:\\Windows\\system32\\services.exe""},{""@Name"":""TargetObject"",""#text"":""HKLM\\System\\CurrentControlSet\\Services\\BluetoothUserService_1b0bcaa\\Start""},{""@Name"":""Details"",""#text"":""DWORD (0x00000003)""},{""@Name"":""User"",""#text"":""NT AUTHORITY\\SYSTEM""}]}}"
192,7697,2022-06-20 17:14:49.7895522,13,Info,Microsoft-Windows-Sysmon,Microsoft-Windows-Sysmon/Operational,2800,6224,TEMPEST,3,S-1-5-18,RegistryEvent (Value Set),NT AUTHORITY\SYSTEM,,"ProcessID: 608, ProcessGUID: 4bbef3ae-8422-62b0-0b00-000000000700","RuleName: T1031,T1050",Image: C:\Windows\system32\services.exe,EventType: SetValue,TargetObject: HKLM\System\CurrentControlSet\Services\BluetoothUserService_1b0bcaa\ImagePath,Details: C:\Windows\system32\svchost.exe -k BthAppGroup -p,,False,C:\Users\byte store\Desktop\Incident Files Tempest\sysmon.evtx,Classic,0,"{""EventData"":{""Data"":[{""@Name"":""RuleName"",""#text"":""T1031,T1050""},{""@Name"":""EventType"",""#text"":""SetValue""},{""@Name"":""UtcTime"",""#text"":""2022-06-20 17:14:49.782""},{""@Name"":""ProcessGuid"",""#text"":""4bbef3ae-8422-62b0-0b00-000000000700""},{""@Name"":""ProcessId"",""#text"":""608""},{""@Name"":""Image"",""#text"":""C:\\Windows\\system32\\services.exe""},{""@Name"":""TargetObject"",""#text"":""HKLM\\System\\CurrentControlSet\\Services\\BluetoothUserService_1b0bcaa\\ImagePath""},{""@Name"":""Details"",""#text"":""C:\\Windows\\system32\\svchost.exe -k BthAppGroup -p""},{""@Name"":""User"",""#text"":""NT AUTHORITY\\SYSTEM""}]}}"
193,7698,2022-06-20 17:14:49.7916328,13,Info,Microsoft-Windows-Sysmon,Microsoft-Windows-Sysmon/Operational,2800,6224,TEMPEST,3,S-1-5-18,RegistryEvent (Value Set),NT AUTHORITY\SYSTEM,,"ProcessID: 608, ProcessGUID: 4bbef3ae-8422-62b0-0b00-000000000700","RuleName: T1031,T1050",Image: C:\Windows\system32\services.exe,EventType: SetValue,TargetObject: HKLM\System\CurrentControlSet\Services\CaptureService_1b0bcaa\Start,Details: DWORD (0x00000003),,False,C:\Users\byte store\Desktop\Incident Files Tempest\sysmon.evtx,Classic,0,"{""EventData"":{""Data"":[{""@Name"":""RuleName"",""#text"":""T1031,T1050""},{""@Name"":""EventType"",""#text"":""SetValue""},{""@Name"":""UtcTime"",""#text"":""2022-06-20 17:14:49.782""},{""@Name"":""ProcessGuid"",""#text"":""4bbef3ae-8422-62b0-0b00-000000000700""},{""@Name"":""ProcessId"",""#text"":""608""},{""@Name"":""Image"",""#text"":""C:\\Windows\\system32\\services.exe""},{""@Name"":""TargetObject"",""#text"":""HKLM\\System\\CurrentControlSet\\Services\\CaptureService_1b0bcaa\\Start""},{""@Name"":""Details"",""#text"":""DWORD (0x00000003)""},{""@Name"":""User"",""#text"":""NT AUTHORITY\\SYSTEM""}]}}"
194,7699,2022-06-20 17:14:49.7922764,13,Info,Microsoft-Windows-Sysmon,Microsoft-Windows-Sysmon/Operational,2800,6224,TEMPEST,3,S-1-5-18,RegistryEvent (Value Set),NT AUTHORITY\SYSTEM,,"ProcessID: 608, ProcessGUID: 4bbef3ae-8422-62b0-0b00-000000000700","RuleName: T1031,T1050",Image: C:\Windows\system32\services.exe,EventType: SetValue,TargetObject: HKLM\System\CurrentControlSet\Services\CaptureService_1b0bcaa\ImagePath,Details: C:\Windows\system32\svchost.exe -k LocalService -p,,False,C:\Users\byte store\Desktop\Incident Files Tempest\sysmon.evtx,Classic,0,"{""EventData"":{""Data"":[{""@Name"":""RuleName"",""#text"":""T1031,T1050""},{""@Name"":""EventType"",""#text"":""SetValue""},{""@Name"":""UtcTime"",""#text"":""2022-06-20 17:14:49.782""},{""@Name"":""ProcessGuid"",""#text"":""4bbef3ae-8422-62b0-0b00-000000000700""},{""@Name"":""ProcessId"",""#text"":""608""},{""@Name"":""Image"",""#text"":""C:\\Windows\\system32\\services.exe""},{""@Name"":""TargetObject"",""#text"":""HKLM\\System\\CurrentControlSet\\Services\\CaptureService_1b0bcaa\\ImagePath""},{""@Name"":""Details"",""#text"":""C:\\Windows\\system32\\svchost.exe -k LocalService -p""},{""@Name"":""User"",""#text"":""NT AUTHORITY\\SYSTEM""}]}}"
195,7700,2022-06-20 17:14:49.7927472,13,Info,Microsoft-Windows-Sysmon,Microsoft-Windows-Sysmon/Operational,2800,6224,TEMPEST,3,S-1-5-18,RegistryEvent (Value Set),NT AUTHORITY\SYSTEM,,"ProcessID: 608, ProcessGUID: 4bbef3ae-8422-62b0-0b00-000000000700","RuleName: T1031,T1050",Image: C:\Windows\system32\services.exe,EventType: SetValue,TargetObject: HKLM\System\CurrentControlSet\Services\cbdhsvc_1b0bcaa\Start,Details: DWORD (0x00000003),,False,C:\Users\byte store\Desktop\Incident Files Tempest\sysmon.evtx,Classic,0,"{""EventData"":{""Data"":[{""@Name"":""RuleName"",""#text"":""T1031,T1050""},{""@Name"":""EventType"",""#text"":""SetValue""},{""@Name"":""UtcTime"",""#text"":""2022-06-20 17:14:49.782""},{""@Name"":""ProcessGuid"",""#text"":""4bbef3ae-8422-62b0-0b00-000000000700""},{""@Name"":""ProcessId"",""#text"":""608""},{""@Name"":""Image"",""#text"":""C:\\Windows\\system32\\services.exe""},{""@Name"":""TargetObject"",""#text"":""HKLM\\System\\CurrentControlSet\\Services\\cbdhsvc_1b0bcaa\\Start""},{""@Name"":""Details"",""#text"":""DWORD (0x00000003)""},{""@Name"":""User"",""#text"":""NT AUTHORITY\\SYSTEM""}]}}"
196,7701,2022-06-20 17:14:49.7929944,13,Info,Microsoft-Windows-Sysmon,Microsoft-Windows-Sysmon/Operational,2800,6224,TEMPEST,3,S-1-5-18,RegistryEvent (Value Set),NT AUTHORITY\SYSTEM,,"ProcessID: 608, ProcessGUID: 4bbef3ae-8422-62b0-0b00-000000000700","RuleName: T1031,T1050",Image: C:\Windows\system32\services.exe,EventType: SetValue,TargetObject: HKLM\System\CurrentControlSet\Services\cbdhsvc_1b0bcaa\ImagePath,Details: C:\Windows\system32\svchost.exe -k ClipboardSvcGroup -p,,False,C:\Users\byte store\Desktop\Incident Files Tempest\sysmon.evtx,Classic,0,"{""EventData"":{""Data"":[{""@Name"":""RuleName"",""#text"":""T1031,T1050""},{""@Name"":""EventType"",""#text"":""SetValue""},{""@Name"":""UtcTime"",""#text"":""2022-06-20 17:14:49.782""},{""@Name"":""ProcessGuid"",""#text"":""4bbef3ae-8422-62b0-0b00-000000000700""},{""@Name"":""ProcessId"",""#text"":""608""},{""@Name"":""Image"",""#text"":""C:\\Windows\\system32\\services.exe""},{""@Name"":""TargetObject"",""#text"":""HKLM\\System\\CurrentControlSet\\Services\\cbdhsvc_1b0bcaa\\ImagePath""},{""@Name"":""Details"",""#text"":""C:\\Windows\\system32\\svchost.exe -k ClipboardSvcGroup -p""},{""@Name"":""User"",""#text"":""NT AUTHORITY\\SYSTEM""}]}}"
197,7702,2022-06-20 17:14:49.7935062,13,Info,Microsoft-Windows-Sysmon,Microsoft-Windows-Sysmon/Operational,2800,6224,TEMPEST,3,S-1-5-18,RegistryEvent (Value Set),NT AUTHORITY\SYSTEM,,"ProcessID: 608, ProcessGUID: 4bbef3ae-8422-62b0-0b00-000000000700","RuleName: T1031,T1050",Image: C:\Windows\system32\services.exe,EventType: SetValue,TargetObject: HKLM\System\CurrentControlSet\Services\CDPUserSvc_1b0bcaa\Start,Details: DWORD (0x00000002),,False,C:\Users\byte store\Desktop\Incident Files Tempest\sysmon.evtx,Classic,0,"{""EventData"":{""Data"":[{""@Name"":""RuleName"",""#text"":""T1031,T1050""},{""@Name"":""EventType"",""#text"":""SetValue""},{""@Name"":""UtcTime"",""#text"":""2022-06-20 17:14:49.782""},{""@Name"":""ProcessGuid"",""#text"":""4bbef3ae-8422-62b0-0b00-000000000700""},{""@Name"":""ProcessId"",""#text"":""608""},{""@Name"":""Image"",""#text"":""C:\\Windows\\system32\\services.exe""},{""@Name"":""TargetObject"",""#text"":""HKLM\\System\\CurrentControlSet\\Services\\CDPUserSvc_1b0bcaa\\Start""},{""@Name"":""Details"",""#text"":""DWORD (0x00000002)""},{""@Name"":""User"",""#text"":""NT AUTHORITY\\SYSTEM""}]}}"
198,7703,2022-06-20 17:14:49.7935988,13,Info,Microsoft-Windows-Sysmon,Microsoft-Windows-Sysmon/Operational,2800,6224,TEMPEST,3,S-1-5-18,RegistryEvent (Value Set),NT AUTHORITY\SYSTEM,,"ProcessID: 608, ProcessGUID: 4bbef3ae-8422-62b0-0b00-000000000700","RuleName: T1031,T1050",Image: C:\Windows\system32\services.exe,EventType: SetValue,TargetObject: HKLM\System\CurrentControlSet\Services\CDPUserSvc_1b0bcaa\ImagePath,Details: C:\Windows\system32\svchost.exe -k UnistackSvcGroup,,False,C:\Users\byte store\Desktop\Incident Files Tempest\sysmon.evtx,Classic,0,"{""EventData"":{""Data"":[{""@Name"":""RuleName"",""#text"":""T1031,T1050""},{""@Name"":""EventType"",""#text"":""SetValue""},{""@Name"":""UtcTime"",""#text"":""2022-06-20 17:14:49.782""},{""@Name"":""ProcessGuid"",""#text"":""4bbef3ae-8422-62b0-0b00-000000000700""},{""@Name"":""ProcessId"",""#text"":""608""},{""@Name"":""Image"",""#text"":""C:\\Windows\\system32\\services.exe""},{""@Name"":""TargetObject"",""#text"":""HKLM\\System\\CurrentControlSet\\Services\\CDPUserSvc_1b0bcaa\\ImagePath""},{""@Name"":""Details"",""#text"":""C:\\Windows\\system32\\svchost.exe -k UnistackSvcGroup""},{""@Name"":""User"",""#text"":""NT AUTHORITY\\SYSTEM""}]}}"
199,7704,2022-06-20 17:14:49.7941577,13,Info,Microsoft-Windows-Sysmon,Microsoft-Windows-Sysmon/Operational,2800,6224,TEMPEST,3,S-1-5-18,RegistryEvent (Value Set),NT AUTHORITY\SYSTEM,,"ProcessID: 608, ProcessGUID: 4bbef3ae-8422-62b0-0b00-000000000700","RuleName: T1031,T1050",Image: C:\Windows\system32\services.exe,EventType: SetValue,TargetObject: HKLM\System\CurrentControlSet\Services\ConsentUxUserSvc_1b0bcaa\Start,Details: DWORD (0x00000003),,False,C:\Users\byte store\Desktop\Incident Files Tempest\sysmon.evtx,Classic,0,"{""EventData"":{""Data"":[{""@Name"":""RuleName"",""#text"":""T1031,T1050""},{""@Name"":""EventType"",""#text"":""SetValue""},{""@Name"":""UtcTime"",""#text"":""2022-06-20 17:14:49.782""},{""@Name"":""ProcessGuid"",""#text"":""4bbef3ae-8422-62b0-0b00-000000000700""},{""@Name"":""ProcessId"",""#text"":""608""},{""@Name"":""Image"",""#text"":""C:\\Windows\\system32\\services.exe""},{""@Name"":""TargetObject"",""#text"":""HKLM\\System\\CurrentControlSet\\Services\\ConsentUxUserSvc_1b0bcaa\\Start""},{""@Name"":""Details"",""#text"":""DWORD (0x00000003)""},{""@Name"":""User"",""#text"":""NT AUTHORITY\\SYSTEM""}]}}"
200,7705,2022-06-20 17:14:49.7942499,13,Info,Microsoft-Windows-Sysmon,Microsoft-Windows-Sysmon/Operational,2800,6224,TEMPEST,3,S-1-5-18,RegistryEvent (Value Set),NT AUTHORITY\SYSTEM,,"ProcessID: 608, ProcessGUID: 4bbef3ae-8422-62b0-0b00-000000000700","RuleName: T1031,T1050",Image: C:\Windows\system32\services.exe,EventType: SetValue,TargetObject: HKLM\System\CurrentControlSet\Services\ConsentUxUserSvc_1b0bcaa\ImagePath,Details: C:\Windows\system32\svchost.exe -k DevicesFlow,,False,C:\Users\byte store\Desktop\Incident Files Tempest\sysmon.evtx,Classic,0,"{""EventData"":{""Data"":[{""@Name"":""RuleName"",""#text"":""T1031,T1050""},{""@Name"":""EventType"",""#text"":""SetValue""},{""@Name"":""UtcTime"",""#text"":""2022-06-20 17:14:49.782""},{""@Name"":""ProcessGuid"",""#text"":""4bbef3ae-8422-62b0-0b00-000000000700""},{""@Name"":""ProcessId"",""#text"":""608""},{""@Name"":""Image"",""#text"":""C:\\Windows\\system32\\services.exe""},{""@Name"":""TargetObject"",""#text"":""HKLM\\System\\CurrentControlSet\\Services\\ConsentUxUserSvc_1b0bcaa\\ImagePath""},{""@Name"":""Details"",""#text"":""C:\\Windows\\system32\\svchost.exe -k DevicesFlow""},{""@Name"":""User"",""#text"":""NT AUTHORITY\\SYSTEM""}]}}"
201,7706,2022-06-20 17:14:49.7946526,13,Info,Microsoft-Windows-Sysmon,Microsoft-Windows-Sysmon/Operational,2800,6224,TEMPEST,3,S-1-5-18,RegistryEvent (Value Set),NT AUTHORITY\SYSTEM,,"ProcessID: 608, ProcessGUID: 4bbef3ae-8422-62b0-0b00-000000000700","RuleName: T1031,T1050",Image: C:\Windows\system32\services.exe,EventType: SetValue,TargetObject: HKLM\System\CurrentControlSet\Services\DevicePickerUserSvc_1b0bcaa\Start,Details: DWORD (0x00000003),,False,C:\Users\byte store\Desktop\Incident Files Tempest\sysmon.evtx,Classic,0,"{""EventData"":{""Data"":[{""@Name"":""RuleName"",""#text"":""T1031,T1050""},{""@Name"":""EventType"",""#text"":""SetValue""},{""@Name"":""UtcTime"",""#text"":""2022-06-20 17:14:49.782""},{""@Name"":""ProcessGuid"",""#text"":""4bbef3ae-8422-62b0-0b00-000000000700""},{""@Name"":""ProcessId"",""#text"":""608""},{""@Name"":""Image"",""#text"":""C:\\Windows\\system32\\services.exe""},{""@Name"":""TargetObject"",""#text"":""HKLM\\System\\CurrentControlSet\\Services\\DevicePickerUserSvc_1b0bcaa\\Start""},{""@Name"":""Details"",""#text"":""DWORD (0x00000003)""},{""@Name"":""User"",""#text"":""NT AUTHORITY\\SYSTEM""}]}}"
202,7707,2022-06-20 17:14:49.7947372,13,Info,Microsoft-Windows-Sysmon,Microsoft-Windows-Sysmon/Operational,2800,6224,TEMPEST,3,S-1-5-18,RegistryEvent (Value Set),NT AUTHORITY\SYSTEM,,"ProcessID: 608, ProcessGUID: 4bbef3ae-8422-62b0-0b00-000000000700","RuleName: T1031,T1050",Image: C:\Windows\system32\services.exe,EventType: SetValue,TargetObject: HKLM\System\CurrentControlSet\Services\DevicePickerUserSvc_1b0bcaa\ImagePath,Details: C:\Windows\system32\svchost.exe -k DevicesFlow,,False,C:\Users\byte store\Desktop\Incident Files Tempest\sysmon.evtx,Classic,0,"{""EventData"":{""Data"":[{""@Name"":""RuleName"",""#text"":""T1031,T1050""},{""@Name"":""EventType"",""#text"":""SetValue""},{""@Name"":""UtcTime"",""#text"":""2022-06-20 17:14:49.782""},{""@Name"":""ProcessGuid"",""#text"":""4bbef3ae-8422-62b0-0b00-000000000700""},{""@Name"":""ProcessId"",""#text"":""608""},{""@Name"":""Image"",""#text"":""C:\\Windows\\system32\\services.exe""},{""@Name"":""TargetObject"",""#text"":""HKLM\\System\\CurrentControlSet\\Services\\DevicePickerUserSvc_1b0bcaa\\ImagePath""},{""@Name"":""Details"",""#text"":""C:\\Windows\\system32\\svchost.exe -k DevicesFlow""},{""@Name"":""User"",""#text"":""NT AUTHORITY\\SYSTEM""}]}}"
203,7708,2022-06-20 17:14:49.8025829,13,Info,Microsoft-Windows-Sysmon,Microsoft-Windows-Sysmon/Operational,2800,6224,TEMPEST,3,S-1-5-18,RegistryEvent (Value Set),NT AUTHORITY\SYSTEM,,"ProcessID: 608, ProcessGUID: 4bbef3ae-8422-62b0-0b00-000000000700","RuleName: T1031,T1050",Image: C:\Windows\system32\services.exe,EventType: SetValue,TargetObject: HKLM\System\CurrentControlSet\Services\DevicesFlowUserSvc_1b0bcaa\Start,Details: DWORD (0x00000003),,False,C:\Users\byte store\Desktop\Incident Files Tempest\sysmon.evtx,Classic,0,"{""EventData"":{""Data"":[{""@Name"":""RuleName"",""#text"":""T1031,T1050""},{""@Name"":""EventType"",""#text"":""SetValue""},{""@Name"":""UtcTime"",""#text"":""2022-06-20 17:14:49.782""},{""@Name"":""ProcessGuid"",""#text"":""4bbef3ae-8422-62b0-0b00-000000000700""},{""@Name"":""ProcessId"",""#text"":""608""},{""@Name"":""Image"",""#text"":""C:\\Windows\\system32\\services.exe""},{""@Name"":""TargetObject"",""#text"":""HKLM\\System\\CurrentControlSet\\Services\\DevicesFlowUserSvc_1b0bcaa\\Start""},{""@Name"":""Details"",""#text"":""DWORD (0x00000003)""},{""@Name"":""User"",""#text"":""NT AUTHORITY\\SYSTEM""}]}}"
204,7709,2022-06-20 17:14:49.8026859,13,Info,Microsoft-Windows-Sysmon,Microsoft-Windows-Sysmon/Operational,2800,6224,TEMPEST,3,S-1-5-18,RegistryEvent (Value Set),NT AUTHORITY\SYSTEM,,"ProcessID: 608, ProcessGUID: 4bbef3ae-8422-62b0-0b00-000000000700","RuleName: T1031,T1050",Image: C:\Windows\system32\services.exe,EventType: SetValue,TargetObject: HKLM\System\CurrentControlSet\Services\DevicesFlowUserSvc_1b0bcaa\ImagePath,Details: C:\Windows\system32\svchost.exe -k DevicesFlow,,False,C:\Users\byte store\Desktop\Incident Files Tempest\sysmon.evtx,Classic,0,"{""EventData"":{""Data"":[{""@Name"":""RuleName"",""#text"":""T1031,T1050""},{""@Name"":""EventType"",""#text"":""SetValue""},{""@Name"":""UtcTime"",""#text"":""2022-06-20 17:14:49.782""},{""@Name"":""ProcessGuid"",""#text"":""4bbef3ae-8422-62b0-0b00-000000000700""},{""@Name"":""ProcessId"",""#text"":""608""},{""@Name"":""Image"",""#text"":""C:\\Windows\\system32\\services.exe""},{""@Name"":""TargetObject"",""#text"":""HKLM\\System\\CurrentControlSet\\Services\\DevicesFlowUserSvc_1b0bcaa\\ImagePath""},{""@Name"":""Details"",""#text"":""C:\\Windows\\system32\\svchost.exe -k DevicesFlow""},{""@Name"":""User"",""#text"":""NT AUTHORITY\\SYSTEM""}]}}"
205,7710,2022-06-20 17:14:49.8031969,13,Info,Microsoft-Windows-Sysmon,Microsoft-Windows-Sysmon/Operational,2800,6224,TEMPEST,3,S-1-5-18,RegistryEvent (Value Set),NT AUTHORITY\SYSTEM,,"ProcessID: 608, ProcessGUID: 4bbef3ae-8422-62b0-0b00-000000000700","RuleName: T1031,T1050",Image: C:\Windows\system32\services.exe,EventType: SetValue,TargetObject: HKLM\System\CurrentControlSet\Services\MessagingService_1b0bcaa\Start,Details: DWORD (0x00000003),,False,C:\Users\byte store\Desktop\Incident Files Tempest\sysmon.evtx,Classic,0,"{""EventData"":{""Data"":[{""@Name"":""RuleName"",""#text"":""T1031,T1050""},{""@Name"":""EventType"",""#text"":""SetValue""},{""@Name"":""UtcTime"",""#text"":""2022-06-20 17:14:49.797""},{""@Name"":""ProcessGuid"",""#text"":""4bbef3ae-8422-62b0-0b00-000000000700""},{""@Name"":""ProcessId"",""#text"":""608""},{""@Name"":""Image"",""#text"":""C:\\Windows\\system32\\services.exe""},{""@Name"":""TargetObject"",""#text"":""HKLM\\System\\CurrentControlSet\\Services\\MessagingService_1b0bcaa\\Start""},{""@Name"":""Details"",""#text"":""DWORD (0x00000003)""},{""@Name"":""User"",""#text"":""NT AUTHORITY\\SYSTEM""}]}}"
206,7711,2022-06-20 17:14:49.8033224,13,Info,Microsoft-Windows-Sysmon,Microsoft-Windows-Sysmon/Operational,2800,6224,TEMPEST,3,S-1-5-18,RegistryEvent (Value Set),NT AUTHORITY\SYSTEM,,"ProcessID: 608, ProcessGUID: 4bbef3ae-8422-62b0-0b00-000000000700","RuleName: T1031,T1050",Image: C:\Windows\system32\services.exe,EventType: SetValue,TargetObject: HKLM\System\CurrentControlSet\Services\MessagingService_1b0bcaa\ImagePath,Details: C:\Windows\system32\svchost.exe -k UnistackSvcGroup,,False,C:\Users\byte store\Desktop\Incident Files Tempest\sysmon.evtx,Classic,0,"{""EventData"":{""Data"":[{""@Name"":""RuleName"",""#text"":""T1031,T1050""},{""@Name"":""EventType"",""#text"":""SetValue""},{""@Name"":""UtcTime"",""#text"":""2022-06-20 17:14:49.797""},{""@Name"":""ProcessGuid"",""#text"":""4bbef3ae-8422-62b0-0b00-000000000700""},{""@Name"":""ProcessId"",""#text"":""608""},{""@Name"":""Image"",""#text"":""C:\\Windows\\system32\\services.exe""},{""@Name"":""TargetObject"",""#text"":""HKLM\\System\\CurrentControlSet\\Services\\MessagingService_1b0bcaa\\ImagePath""},{""@Name"":""Details"",""#text"":""C:\\Windows\\system32\\svchost.exe -k UnistackSvcGroup""},{""@Name"":""User"",""#text"":""NT AUTHORITY\\SYSTEM""}]}}"
207,7712,2022-06-20 17:14:49.8039436,13,Info,Microsoft-Windows-Sysmon,Microsoft-Windows-Sysmon/Operational,2800,6224,TEMPEST,3,S-1-5-18,RegistryEvent (Value Set),NT AUTHORITY\SYSTEM,,"ProcessID: 608, ProcessGUID: 4bbef3ae-8422-62b0-0b00-000000000700","RuleName: T1031,T1050",Image: C:\Windows\system32\services.exe,EventType: SetValue,TargetObject: HKLM\System\CurrentControlSet\Services\OneSyncSvc_1b0bcaa\Start,Details: DWORD (0x00000002),,False,C:\Users\byte store\Desktop\Incident Files Tempest\sysmon.evtx,Classic,0,"{""EventData"":{""Data"":[{""@Name"":""RuleName"",""#text"":""T1031,T1050""},{""@Name"":""EventType"",""#text"":""SetValue""},{""@Name"":""UtcTime"",""#text"":""2022-06-20 17:14:49.797""},{""@Name"":""ProcessGuid"",""#text"":""4bbef3ae-8422-62b0-0b00-000000000700""},{""@Name"":""ProcessId"",""#text"":""608""},{""@Name"":""Image"",""#text"":""C:\\Windows\\system32\\services.exe""},{""@Name"":""TargetObject"",""#text"":""HKLM\\System\\CurrentControlSet\\Services\\OneSyncSvc_1b0bcaa\\Start""},{""@Name"":""Details"",""#text"":""DWORD (0x00000002)""},{""@Name"":""User"",""#text"":""NT AUTHORITY\\SYSTEM""}]}}"
208,7713,2022-06-20 17:14:49.8040730,13,Info,Microsoft-Windows-Sysmon,Microsoft-Windows-Sysmon/Operational,2800,6224,TEMPEST,3,S-1-5-18,RegistryEvent (Value Set),NT AUTHORITY\SYSTEM,,"ProcessID: 608, ProcessGUID: 4bbef3ae-8422-62b0-0b00-000000000700","RuleName: T1031,T1050",Image: C:\Windows\system32\services.exe,EventType: SetValue,TargetObject: HKLM\System\CurrentControlSet\Services\OneSyncSvc_1b0bcaa\ImagePath,Details: C:\Windows\system32\svchost.exe -k UnistackSvcGroup,,False,C:\Users\byte store\Desktop\Incident Files Tempest\sysmon.evtx,Classic,0,"{""EventData"":{""Data"":[{""@Name"":""RuleName"",""#text"":""T1031,T1050""},{""@Name"":""EventType"",""#text"":""SetValue""},{""@Name"":""UtcTime"",""#text"":""2022-06-20 17:14:49.797""},{""@Name"":""ProcessGuid"",""#text"":""4bbef3ae-8422-62b0-0b00-000000000700""},{""@Name"":""ProcessId"",""#text"":""608""},{""@Name"":""Image"",""#text"":""C:\\Windows\\system32\\services.exe""},{""@Name"":""TargetObject"",""#text"":""HKLM\\System\\CurrentControlSet\\Services\\OneSyncSvc_1b0bcaa\\ImagePath""},{""@Name"":""Details"",""#text"":""C:\\Windows\\system32\\svchost.exe -k UnistackSvcGroup""},{""@Name"":""User"",""#text"":""NT AUTHORITY\\SYSTEM""}]}}"
209,7714,2022-06-20 17:14:49.8043675,13,Info,Microsoft-Windows-Sysmon,Microsoft-Windows-Sysmon/Operational,2800,6224,TEMPEST,3,S-1-5-18,RegistryEvent (Value Set),NT AUTHORITY\SYSTEM,,"ProcessID: 608, ProcessGUID: 4bbef3ae-8422-62b0-0b00-000000000700","RuleName: T1031,T1050",Image: C:\Windows\system32\services.exe,EventType: SetValue,TargetObject: HKLM\System\CurrentControlSet\Services\PimIndexMaintenanceSvc_1b0bcaa\Start,Details: DWORD (0x00000003),,False,C:\Users\byte store\Desktop\Incident Files Tempest\sysmon.evtx,Classic,0,"{""EventData"":{""Data"":[{""@Name"":""RuleName"",""#text"":""T1031,T1050""},{""@Name"":""EventType"",""#text"":""SetValue""},{""@Name"":""UtcTime"",""#text"":""2022-06-20 17:14:49.797""},{""@Name"":""ProcessGuid"",""#text"":""4bbef3ae-8422-62b0-0b00-000000000700""},{""@Name"":""ProcessId"",""#text"":""608""},{""@Name"":""Image"",""#text"":""C:\\Windows\\system32\\services.exe""},{""@Name"":""TargetObject"",""#text"":""HKLM\\System\\CurrentControlSet\\Services\\PimIndexMaintenanceSvc_1b0bcaa\\Start""},{""@Name"":""Details"",""#text"":""DWORD (0x00000003)""},{""@Name"":""User"",""#text"":""NT AUTHORITY\\SYSTEM""}]}}"
210,7715,2022-06-20 17:14:49.8045013,13,Info,Microsoft-Windows-Sysmon,Microsoft-Windows-Sysmon/Operational,2800,6224,TEMPEST,3,S-1-5-18,RegistryEvent (Value Set),NT AUTHORITY\SYSTEM,,"ProcessID: 608, ProcessGUID: 4bbef3ae-8422-62b0-0b00-000000000700","RuleName: T1031,T1050",Image: C:\Windows\system32\services.exe,EventType: SetValue,TargetObject: HKLM\System\CurrentControlSet\Services\PimIndexMaintenanceSvc_1b0bcaa\ImagePath,Details: C:\Windows\system32\svchost.exe -k UnistackSvcGroup,,False,C:\Users\byte store\Desktop\Incident Files Tempest\sysmon.evtx,Classic,0,"{""EventData"":{""Data"":[{""@Name"":""RuleName"",""#text"":""T1031,T1050""},{""@Name"":""EventType"",""#text"":""SetValue""},{""@Name"":""UtcTime"",""#text"":""2022-06-20 17:14:49.797""},{""@Name"":""ProcessGuid"",""#text"":""4bbef3ae-8422-62b0-0b00-000000000700""},{""@Name"":""ProcessId"",""#text"":""608""},{""@Name"":""Image"",""#text"":""C:\\Windows\\system32\\services.exe""},{""@Name"":""TargetObject"",""#text"":""HKLM\\System\\CurrentControlSet\\Services\\PimIndexMaintenanceSvc_1b0bcaa\\ImagePath""},{""@Name"":""Details"",""#text"":""C:\\Windows\\system32\\svchost.exe -k UnistackSvcGroup""},{""@Name"":""User"",""#text"":""NT AUTHORITY\\SYSTEM""}]}}"
211,7716,2022-06-20 17:14:49.8048263,13,Info,Microsoft-Windows-Sysmon,Microsoft-Windows-Sysmon/Operational,2800,6224,TEMPEST,3,S-1-5-18,RegistryEvent (Value Set),NT AUTHORITY\SYSTEM,,"ProcessID: 608, ProcessGUID: 4bbef3ae-8422-62b0-0b00-000000000700","RuleName: T1031,T1050",Image: C:\Windows\system32\services.exe,EventType: SetValue,TargetObject: HKLM\System\CurrentControlSet\Services\PrintWorkflowUserSvc_1b0bcaa\Start,Details: DWORD (0x00000003),,False,C:\Users\byte store\Desktop\Incident Files Tempest\sysmon.evtx,Classic,0,"{""EventData"":{""Data"":[{""@Name"":""RuleName"",""#text"":""T1031,T1050""},{""@Name"":""EventType"",""#text"":""SetValue""},{""@Name"":""UtcTime"",""#text"":""2022-06-20 17:14:49.797""},{""@Name"":""ProcessGuid"",""#text"":""4bbef3ae-8422-62b0-0b00-000000000700""},{""@Name"":""ProcessId"",""#text"":""608""},{""@Name"":""Image"",""#text"":""C:\\Windows\\system32\\services.exe""},{""@Name"":""TargetObject"",""#text"":""HKLM\\System\\CurrentControlSet\\Services\\PrintWorkflowUserSvc_1b0bcaa\\Start""},{""@Name"":""Details"",""#text"":""DWORD (0x00000003)""},{""@Name"":""User"",""#text"":""NT AUTHORITY\\SYSTEM""}]}}"
212,7717,2022-06-20 17:14:49.8049091,13,Info,Microsoft-Windows-Sysmon,Microsoft-Windows-Sysmon/Operational,2800,6224,TEMPEST,3,S-1-5-18,RegistryEvent (Value Set),NT AUTHORITY\SYSTEM,,"ProcessID: 608, ProcessGUID: 4bbef3ae-8422-62b0-0b00-000000000700","RuleName: T1031,T1050",Image: C:\Windows\system32\services.exe,EventType: SetValue,TargetObject: HKLM\System\CurrentControlSet\Services\PrintWorkflowUserSvc_1b0bcaa\ImagePath,Details: C:\Windows\system32\svchost.exe -k PrintWorkflow,,False,C:\Users\byte store\Desktop\Incident Files Tempest\sysmon.evtx,Classic,0,"{""EventData"":{""Data"":[{""@Name"":""RuleName"",""#text"":""T1031,T1050""},{""@Name"":""EventType"",""#text"":""SetValue""},{""@Name"":""UtcTime"",""#text"":""2022-06-20 17:14:49.797""},{""@Name"":""ProcessGuid"",""#text"":""4bbef3ae-8422-62b0-0b00-000000000700""},{""@Name"":""ProcessId"",""#text"":""608""},{""@Name"":""Image"",""#text"":""C:\\Windows\\system32\\services.exe""},{""@Name"":""TargetObject"",""#text"":""HKLM\\System\\CurrentControlSet\\Services\\PrintWorkflowUserSvc_1b0bcaa\\ImagePath""},{""@Name"":""Details"",""#text"":""C:\\Windows\\system32\\svchost.exe -k PrintWorkflow""},{""@Name"":""User"",""#text"":""NT AUTHORITY\\SYSTEM""}]}}"
213,7718,2022-06-20 17:14:49.8052289,13,Info,Microsoft-Windows-Sysmon,Microsoft-Windows-Sysmon/Operational,2800,6224,TEMPEST,3,S-1-5-18,RegistryEvent (Value Set),NT AUTHORITY\SYSTEM,,"ProcessID: 608, ProcessGUID: 4bbef3ae-8422-62b0-0b00-000000000700","RuleName: T1031,T1050",Image: C:\Windows\system32\services.exe,EventType: SetValue,TargetObject: HKLM\System\CurrentControlSet\Services\UnistoreSvc_1b0bcaa\Start,Details: DWORD (0x00000003),,False,C:\Users\byte store\Desktop\Incident Files Tempest\sysmon.evtx,Classic,0,"{""EventData"":{""Data"":[{""@Name"":""RuleName"",""#text"":""T1031,T1050""},{""@Name"":""EventType"",""#text"":""SetValue""},{""@Name"":""UtcTime"",""#text"":""2022-06-20 17:14:49.797""},{""@Name"":""ProcessGuid"",""#text"":""4bbef3ae-8422-62b0-0b00-000000000700""},{""@Name"":""ProcessId"",""#text"":""608""},{""@Name"":""Image"",""#text"":""C:\\Windows\\system32\\services.exe""},{""@Name"":""TargetObject"",""#text"":""HKLM\\System\\CurrentControlSet\\Services\\UnistoreSvc_1b0bcaa\\Start""},{""@Name"":""Details"",""#text"":""DWORD (0x00000003)""},{""@Name"":""User"",""#text"":""NT AUTHORITY\\SYSTEM""}]}}"
214,7719,2022-06-20 17:14:49.8053077,13,Info,Microsoft-Windows-Sysmon,Microsoft-Windows-Sysmon/Operational,2800,6224,TEMPEST,3,S-1-5-18,RegistryEvent (Value Set),NT AUTHORITY\SYSTEM,,"ProcessID: 608, ProcessGUID: 4bbef3ae-8422-62b0-0b00-000000000700","RuleName: T1031,T1050",Image: C:\Windows\system32\services.exe,EventType: SetValue,TargetObject: HKLM\System\CurrentControlSet\Services\UnistoreSvc_1b0bcaa\ImagePath,Details: C:\Windows\System32\svchost.exe -k UnistackSvcGroup,,False,C:\Users\byte store\Desktop\Incident Files Tempest\sysmon.evtx,Classic,0,"{""EventData"":{""Data"":[{""@Name"":""RuleName"",""#text"":""T1031,T1050""},{""@Name"":""EventType"",""#text"":""SetValue""},{""@Name"":""UtcTime"",""#text"":""2022-06-20 17:14:49.797""},{""@Name"":""ProcessGuid"",""#text"":""4bbef3ae-8422-62b0-0b00-000000000700""},{""@Name"":""ProcessId"",""#text"":""608""},{""@Name"":""Image"",""#text"":""C:\\Windows\\system32\\services.exe""},{""@Name"":""TargetObject"",""#text"":""HKLM\\System\\CurrentControlSet\\Services\\UnistoreSvc_1b0bcaa\\ImagePath""},{""@Name"":""Details"",""#text"":""C:\\Windows\\System32\\svchost.exe -k UnistackSvcGroup""},{""@Name"":""User"",""#text"":""NT AUTHORITY\\SYSTEM""}]}}"
215,7720,2022-06-20 17:14:49.8056483,13,Info,Microsoft-Windows-Sysmon,Microsoft-Windows-Sysmon/Operational,2800,6224,TEMPEST,3,S-1-5-18,RegistryEvent (Value Set),NT AUTHORITY\SYSTEM,,"ProcessID: 608, ProcessGUID: 4bbef3ae-8422-62b0-0b00-000000000700","RuleName: T1031,T1050",Image: C:\Windows\system32\services.exe,EventType: SetValue,TargetObject: HKLM\System\CurrentControlSet\Services\UserDataSvc_1b0bcaa\Start,Details: DWORD (0x00000003),,False,C:\Users\byte store\Desktop\Incident Files Tempest\sysmon.evtx,Classic,0,"{""EventData"":{""Data"":[{""@Name"":""RuleName"",""#text"":""T1031,T1050""},{""@Name"":""EventType"",""#text"":""SetValue""},{""@Name"":""UtcTime"",""#text"":""2022-06-20 17:14:49.797""},{""@Name"":""ProcessGuid"",""#text"":""4bbef3ae-8422-62b0-0b00-000000000700""},{""@Name"":""ProcessId"",""#text"":""608""},{""@Name"":""Image"",""#text"":""C:\\Windows\\system32\\services.exe""},{""@Name"":""TargetObject"",""#text"":""HKLM\\System\\CurrentControlSet\\Services\\UserDataSvc_1b0bcaa\\Start""},{""@Name"":""Details"",""#text"":""DWORD (0x00000003)""},{""@Name"":""User"",""#text"":""NT AUTHORITY\\SYSTEM""}]}}"
216,7721,2022-06-20 17:14:49.8099156,13,Info,Microsoft-Windows-Sysmon,Microsoft-Windows-Sysmon/Operational,2800,6224,TEMPEST,3,S-1-5-18,RegistryEvent (Value Set),NT AUTHORITY\SYSTEM,,"ProcessID: 608, ProcessGUID: 4bbef3ae-8422-62b0-0b00-000000000700","RuleName: T1031,T1050",Image: C:\Windows\system32\services.exe,EventType: SetValue,TargetObject: HKLM\System\CurrentControlSet\Services\UserDataSvc_1b0bcaa\ImagePath,Details: C:\Windows\system32\svchost.exe -k UnistackSvcGroup,,False,C:\Users\byte store\Desktop\Incident Files Tempest\sysmon.evtx,Classic,0,"{""EventData"":{""Data"":[{""@Name"":""RuleName"",""#text"":""T1031,T1050""},{""@Name"":""EventType"",""#text"":""SetValue""},{""@Name"":""UtcTime"",""#text"":""2022-06-20 17:14:49.797""},{""@Name"":""ProcessGuid"",""#text"":""4bbef3ae-8422-62b0-0b00-000000000700""},{""@Name"":""ProcessId"",""#text"":""608""},{""@Name"":""Image"",""#text"":""C:\\Windows\\system32\\services.exe""},{""@Name"":""TargetObject"",""#text"":""HKLM\\System\\CurrentControlSet\\Services\\UserDataSvc_1b0bcaa\\ImagePath""},{""@Name"":""Details"",""#text"":""C:\\Windows\\system32\\svchost.exe -k UnistackSvcGroup""},{""@Name"":""User"",""#text"":""NT AUTHORITY\\SYSTEM""}]}}"
217,7722,2022-06-20 17:14:49.8102670,13,Info,Microsoft-Windows-Sysmon,Microsoft-Windows-Sysmon/Operational,2800,6224,TEMPEST,3,S-1-5-18,RegistryEvent (Value Set),NT AUTHORITY\SYSTEM,,"ProcessID: 608, ProcessGUID: 4bbef3ae-8422-62b0-0b00-000000000700","RuleName: T1031,T1050",Image: C:\Windows\system32\services.exe,EventType: SetValue,TargetObject: HKLM\System\CurrentControlSet\Services\WpnUserService_1b0bcaa\Start,Details: DWORD (0x00000002),,False,C:\Users\byte store\Desktop\Incident Files Tempest\sysmon.evtx,Classic,0,"{""EventData"":{""Data"":[{""@Name"":""RuleName"",""#text"":""T1031,T1050""},{""@Name"":""EventType"",""#text"":""SetValue""},{""@Name"":""UtcTime"",""#text"":""2022-06-20 17:14:49.797""},{""@Name"":""ProcessGuid"",""#text"":""4bbef3ae-8422-62b0-0b00-000000000700""},{""@Name"":""ProcessId"",""#text"":""608""},{""@Name"":""Image"",""#text"":""C:\\Windows\\system32\\services.exe""},{""@Name"":""TargetObject"",""#text"":""HKLM\\System\\CurrentControlSet\\Services\\WpnUserService_1b0bcaa\\Start""},{""@Name"":""Details"",""#text"":""DWORD (0x00000002)""},{""@Name"":""User"",""#text"":""NT AUTHORITY\\SYSTEM""}]}}"
218,7723,2022-06-20 17:14:49.8104027,13,Info,Microsoft-Windows-Sysmon,Microsoft-Windows-Sysmon/Operational,2800,6224,TEMPEST,3,S-1-5-18,RegistryEvent (Value Set),NT AUTHORITY\SYSTEM,,"ProcessID: 608, ProcessGUID: 4bbef3ae-8422-62b0-0b00-000000000700","RuleName: T1031,T1050",Image: C:\Windows\system32\services.exe,EventType: SetValue,TargetObject: HKLM\System\CurrentControlSet\Services\WpnUserService_1b0bcaa\ImagePath,Details: C:\Windows\system32\svchost.exe -k UnistackSvcGroup,,False,C:\Users\byte store\Desktop\Incident Files Tempest\sysmon.evtx,Classic,0,"{""EventData"":{""Data"":[{""@Name"":""RuleName"",""#text"":""T1031,T1050""},{""@Name"":""EventType"",""#text"":""SetValue""},{""@Name"":""UtcTime"",""#text"":""2022-06-20 17:14:49.797""},{""@Name"":""ProcessGuid"",""#text"":""4bbef3ae-8422-62b0-0b00-000000000700""},{""@Name"":""ProcessId"",""#text"":""608""},{""@Name"":""Image"",""#text"":""C:\\Windows\\system32\\services.exe""},{""@Name"":""TargetObject"",""#text"":""HKLM\\System\\CurrentControlSet\\Services\\WpnUserService_1b0bcaa\\ImagePath""},{""@Name"":""Details"",""#text"":""C:\\Windows\\system32\\svchost.exe -k UnistackSvcGroup""},{""@Name"":""User"",""#text"":""NT AUTHORITY\\SYSTEM""}]}}"
219,7724,2022-06-20 17:14:49.8111509,1,Info,Microsoft-Windows-Sysmon,Microsoft-Windows-Sysmon/Operational,2800,6224,TEMPEST,3,S-1-5-18,Process creation,TEMPEST\benimaru,,"ProcessID: 6452, ProcessGUID: 4bbef3ae-ab09-62b0-5f0a-000000000700",RuleName: -,"MD5=8A0A29438052FAED8A2532DA50455756,SHA256=7FD065BAC18C5278777AE44908101CDFED72D26FA741367F0AD4D02020787AB6,IMPHASH=247B9220E5D9B720A82B2C8B5069AD69",ParentProcess: C:\Windows\System32\services.exe,"ParentProcessID: 608, ParentProcessGUID: 4bbef3ae-8422-62b0-0b00-000000000700",ParentCommandLine: C:\Windows\system32\services.exe,C:\Windows\system32\svchost.exe -k BthAppGroup -p -s BluetoothUserService,False,C:\Users\byte store\Desktop\Incident Files Tempest\sysmon.evtx,Classic,0,"{""EventData"":{""Data"":[{""@Name"":""RuleName"",""#text"":""-""},{""@Name"":""UtcTime"",""#text"":""2022-06-20 17:14:49.808""},{""@Name"":""ProcessGuid"",""#text"":""4bbef3ae-ab09-62b0-5f0a-000000000700""},{""@Name"":""ProcessId"",""#text"":""6452""},{""@Name"":""Image"",""#text"":""C:\\Windows\\System32\\svchost.exe""},{""@Name"":""FileVersion"",""#text"":""10.0.17763.1 (WinBuild.160101.0800)""},{""@Name"":""Description"",""#text"":""Host Process for Windows Services""},{""@Name"":""Product"",""#text"":""Microsoft® Windows® Operating System""},{""@Name"":""Company"",""#text"":""Microsoft Corporation""},{""@Name"":""OriginalFileName"",""#text"":""svchost.exe""},{""@Name"":""CommandLine"",""#text"":""C:\\Windows\\system32\\svchost.exe -k BthAppGroup -p -s BluetoothUserService""},{""@Name"":""CurrentDirectory"",""#text"":""C:\\Windows\\system32\\""},{""@Name"":""User"",""#text"":""TEMPEST\\benimaru""},{""@Name"":""LogonGuid"",""#text"":""4bbef3ae-ab09-62b0-1ca9-b00100000000""},{""@Name"":""LogonId"",""#text"":""0x1B0A91C""},{""@Name"":""TerminalSessionId"",""#text"":""11""},{""@Name"":""IntegrityLevel"",""#text"":""Medium""},{""@Name"":""Hashes"",""#text"":""MD5=8A0A29438052FAED8A2532DA50455756,SHA256=7FD065BAC18C5278777AE44908101CDFED72D26FA741367F0AD4D02020787AB6,IMPHASH=247B9220E5D9B720A82B2C8B5069AD69""},{""@Name"":""ParentProcessGuid"",""#text"":""4bbef3ae-8422-62b0-0b00-000000000700""},{""@Name"":""ParentProcessId"",""#text"":""608""},{""@Name"":""ParentImage"",""#text"":""C:\\Windows\\System32\\services.exe""},{""@Name"":""ParentCommandLine"",""#text"":""C:\\Windows\\system32\\services.exe""},{""@Name"":""ParentUser"",""#text"":""NT AUTHORITY\\SYSTEM""}]}}"
220,7725,2022-06-20 17:14:49.8120170,1,Info,Microsoft-Windows-Sysmon,Microsoft-Windows-Sysmon/Operational,2800,6224,TEMPEST,3,S-1-5-18,Process creation,TEMPEST\benimaru,,"ProcessID: 8904, ProcessGUID: 4bbef3ae-ab09-62b0-600a-000000000700",RuleName: -,"MD5=8A0A29438052FAED8A2532DA50455756,SHA256=7FD065BAC18C5278777AE44908101CDFED72D26FA741367F0AD4D02020787AB6,IMPHASH=247B9220E5D9B720A82B2C8B5069AD69",ParentProcess: C:\Windows\System32\services.exe,"ParentProcessID: 608, ParentProcessGUID: 4bbef3ae-8422-62b0-0b00-000000000700",ParentCommandLine: C:\Windows\system32\services.exe,C:\Windows\system32\svchost.exe -k UnistackSvcGroup -s CDPUserSvc,False,C:\Users\byte store\Desktop\Incident Files Tempest\sysmon.evtx,Classic,0,"{""EventData"":{""Data"":[{""@Name"":""RuleName"",""#text"":""-""},{""@Name"":""UtcTime"",""#text"":""2022-06-20 17:14:49.808""},{""@Name"":""ProcessGuid"",""#text"":""4bbef3ae-ab09-62b0-600a-000000000700""},{""@Name"":""ProcessId"",""#text"":""8904""},{""@Name"":""Image"",""#text"":""C:\\Windows\\System32\\svchost.exe""},{""@Name"":""FileVersion"",""#text"":""10.0.17763.1 (WinBuild.160101.0800)""},{""@Name"":""Description"",""#text"":""Host Process for Windows Services""},{""@Name"":""Product"",""#text"":""Microsoft® Windows® Operating System""},{""@Name"":""Company"",""#text"":""Microsoft Corporation""},{""@Name"":""OriginalFileName"",""#text"":""svchost.exe""},{""@Name"":""CommandLine"",""#text"":""C:\\Windows\\system32\\svchost.exe -k UnistackSvcGroup -s CDPUserSvc""},{""@Name"":""CurrentDirectory"",""#text"":""C:\\Windows\\system32\\""},{""@Name"":""User"",""#text"":""TEMPEST\\benimaru""},{""@Name"":""LogonGuid"",""#text"":""4bbef3ae-ab09-62b0-1ca9-b00100000000""},{""@Name"":""LogonId"",""#text"":""0x1B0A91C""},{""@Name"":""TerminalSessionId"",""#text"":""11""},{""@Name"":""IntegrityLevel"",""#text"":""Medium""},{""@Name"":""Hashes"",""#text"":""MD5=8A0A29438052FAED8A2532DA50455756,SHA256=7FD065BAC18C5278777AE44908101CDFED72D26FA741367F0AD4D02020787AB6,IMPHASH=247B9220E5D9B720A82B2C8B5069AD69""},{""@Name"":""ParentProcessGuid"",""#text"":""4bbef3ae-8422-62b0-0b00-000000000700""},{""@Name"":""ParentProcessId"",""#text"":""608""},{""@Name"":""ParentImage"",""#text"":""C:\\Windows\\System32\\services.exe""},{""@Name"":""ParentCommandLine"",""#text"":""C:\\Windows\\system32\\services.exe""},{""@Name"":""ParentUser"",""#text"":""NT AUTHORITY\\SYSTEM""}]}}"
221,7726,2022-06-20 17:14:49.9292898,1,Info,Microsoft-Windows-Sysmon,Microsoft-Windows-Sysmon/Operational,2800,6224,TEMPEST,3,S-1-5-18,Process creation,TEMPEST\benimaru,,"ProcessID: 3908, ProcessGUID: 4bbef3ae-ab09-62b0-620a-000000000700",RuleName: -,"MD5=8A0A29438052FAED8A2532DA50455756,SHA256=7FD065BAC18C5278777AE44908101CDFED72D26FA741367F0AD4D02020787AB6,IMPHASH=247B9220E5D9B720A82B2C8B5069AD69",ParentProcess: C:\Windows\System32\services.exe,"ParentProcessID: 608, ParentProcessGUID: 4bbef3ae-8422-62b0-0b00-000000000700",ParentCommandLine: C:\Windows\system32\services.exe,C:\Windows\system32\svchost.exe -k UnistackSvcGroup -s WpnUserService,False,C:\Users\byte store\Desktop\Incident Files Tempest\sysmon.evtx,Classic,0,"{""EventData"":{""Data"":[{""@Name"":""RuleName"",""#text"":""-""},{""@Name"":""UtcTime"",""#text"":""2022-06-20 17:14:49.924""},{""@Name"":""ProcessGuid"",""#text"":""4bbef3ae-ab09-62b0-620a-000000000700""},{""@Name"":""ProcessId"",""#text"":""3908""},{""@Name"":""Image"",""#text"":""C:\\Windows\\System32\\svchost.exe""},{""@Name"":""FileVersion"",""#text"":""10.0.17763.1 (WinBuild.160101.0800)""},{""@Name"":""Description"",""#text"":""Host Process for Windows Services""},{""@Name"":""Product"",""#text"":""Microsoft® Windows® Operating System""},{""@Name"":""Company"",""#text"":""Microsoft Corporation""},{""@Name"":""OriginalFileName"",""#text"":""svchost.exe""},{""@Name"":""CommandLine"",""#text"":""C:\\Windows\\system32\\svchost.exe -k UnistackSvcGroup -s WpnUserService""},{""@Name"":""CurrentDirectory"",""#text"":""C:\\Windows\\system32\\""},{""@Name"":""User"",""#text"":""TEMPEST\\benimaru""},{""@Name"":""LogonGuid"",""#text"":""4bbef3ae-ab09-62b0-1ca9-b00100000000""},{""@Name"":""LogonId"",""#text"":""0x1B0A91C""},{""@Name"":""TerminalSessionId"",""#text"":""11""},{""@Name"":""IntegrityLevel"",""#text"":""Medium""},{""@Name"":""Hashes"",""#text"":""MD5=8A0A29438052FAED8A2532DA50455756,SHA256=7FD065BAC18C5278777AE44908101CDFED72D26FA741367F0AD4D02020787AB6,IMPHASH=247B9220E5D9B720A82B2C8B5069AD69""},{""@Name"":""ParentProcessGuid"",""#text"":""4bbef3ae-8422-62b0-0b00-000000000700""},{""@Name"":""ParentProcessId"",""#text"":""608""},{""@Name"":""ParentImage"",""#text"":""C:\\Windows\\System32\\services.exe""},{""@Name"":""ParentCommandLine"",""#text"":""C:\\Windows\\system32\\services.exe""},{""@Name"":""ParentUser"",""#text"":""NT AUTHORITY\\SYSTEM""}]}}"
