156,7661,2022-06-20 17:13:40.3439080,11,Info,Microsoft-Windows-Sysmon,Microsoft-Windows-Sysmon/Operational,2800,6224,TEMPEST,2,S-1-5-18,FileCreate,TEMPEST\benimaru,,"ProcessID: 2628, ProcessGUID: 4bbef3ae-aabf-62b0-380a-000000000700",RuleName: T1023,Image: C:\Windows\SysWOW64\sdiagnhost.exe,TargetFilename: C:\Users\benimaru\AppData\Roaming\Microsoft\Windows\Start Menu\Programs\Startup\update.lnk,,,,False,C:\Users\byte store\Desktop\Incident Files Tempest\sysmon.evtx,Classic,0,"{""EventData"":{""Data"":[{""@Name"":""RuleName"",""#text"":""T1023""},{""@Name"":""UtcTime"",""#text"":""2022-06-20 17:13:40.339""},{""@Name"":""ProcessGuid"",""#text"":""4bbef3ae-aabf-62b0-380a-000000000700""},{""@Name"":""ProcessId"",""#text"":""2628""},{""@Name"":""Image"",""#text"":""C:\\Windows\\SysWOW64\\sdiagnhost.exe""},{""@Name"":""TargetFilename"",""#text"":""C:\\Users\\benimaru\\AppData\\Roaming\\Microsoft\\Windows\\Start Menu\\Programs\\Startup\\update.lnk""},{""@Name"":""CreationUtcTime"",""#text"":""2022-06-20 17:13:40.339""},{""@Name"":""User"",""#text"":""TEMPEST\\benimaru""}]}}"
157,7662,2022-06-20 17:13:40.5493486,11,Info,Microsoft-Windows-Sysmon,Microsoft-Windows-Sysmon/Operational,2800,6224,TEMPEST,2,S-1-5-18,FileCreate,TEMPEST\benimaru,,"ProcessID: 2628, ProcessGUID: 4bbef3ae-aabf-62b0-380a-000000000700",RuleName: DLL,Image: C:\Windows\SysWOW64\sdiagnhost.exe,TargetFilename: C:\Users\benimaru\AppData\Local\Temp\fztyhkjp.dll,,,,False,C:\Users\byte store\Desktop\Incident Files Tempest\sysmon.evtx,Classic,0,"{""EventData"":{""Data"":[{""@Name"":""RuleName"",""#text"":""DLL""},{""@Name"":""UtcTime"",""#text"":""2022-06-20 17:13:40.542""},{""@Name"":""ProcessGuid"",""#text"":""4bbef3ae-aabf-62b0-380a-000000000700""},{""@Name"":""ProcessId"",""#text"":""2628""},{""@Name"":""Image"",""#text"":""C:\\Windows\\SysWOW64\\sdiagnhost.exe""},{""@Name"":""TargetFilename"",""#text"":""C:\\Users\\benimaru\\AppData\\Local\\Temp\\fztyhkjp.dll""},{""@Name"":""CreationUtcTime"",""#text"":""2022-06-20 17:13:40.542""},{""@Name"":""User"",""#text"":""TEMPEST\\benimaru""}]}}"
158,7663,2022-06-20 17:13:40.5496819,11,Info,Microsoft-Windows-Sysmon,Microsoft-Windows-Sysmon/Operational,2800,6224,TEMPEST,2,S-1-5-18,FileCreate,TEMPEST\benimaru,,"ProcessID: 2628, ProcessGUID: 4bbef3ae-aabf-62b0-380a-000000000700",RuleName: -,Image: C:\Windows\SysWOW64\sdiagnhost.exe,TargetFilename: C:\Users\benimaru\AppData\Local\Temp\fztyhkjp.cmdline,,,,False,C:\Users\byte store\Desktop\Incident Files Tempest\sysmon.evtx,Classic,0,"{""EventData"":{""Data"":[{""@Name"":""RuleName"",""#text"":""-""},{""@Name"":""UtcTime"",""#text"":""2022-06-20 17:13:40.542""},{""@Name"":""ProcessGuid"",""#text"":""4bbef3ae-aabf-62b0-380a-000000000700""},{""@Name"":""ProcessId"",""#text"":""2628""},{""@Name"":""Image"",""#text"":""C:\\Windows\\SysWOW64\\sdiagnhost.exe""},{""@Name"":""TargetFilename"",""#text"":""C:\\Users\\benimaru\\AppData\\Local\\Temp\\fztyhkjp.cmdline""},{""@Name"":""CreationUtcTime"",""#text"":""2022-06-20 17:13:40.542""},{""@Name"":""User"",""#text"":""TEMPEST\\benimaru""}]}}"
159,7664,2022-06-20 17:13:40.5528976,1,Info,Microsoft-Windows-Sysmon,Microsoft-Windows-Sysmon/Operational,2800,6224,TEMPEST,2,S-1-5-18,Process creation,TEMPEST\benimaru,,"ProcessID: 7096, ProcessGUID: 4bbef3ae-aac4-62b0-3f0a-000000000700",RuleName: -,"MD5=F8F36858B9405FBE27377FD7E8FEC2F2,SHA256=086C38FD66AEC0E824ECB74ECE3D7124174201A9B4F5C9974FCFDBAF04A5870E,IMPHASH=950FB6F62526333E663D35BA72D19DDC",ParentProcess: C:\Windows\SysWOW64\sdiagnhost.exe,"ParentProcessID: 2628, ParentProcessGUID: 4bbef3ae-aabf-62b0-380a-000000000700",ParentCommandLine: C:\Windows\SysWOW64\sdiagnhost.exe -Embedding,"""C:\Windows\Microsoft.NET\Framework\v4.0.30319\csc.exe"" /noconfig /fullpaths @""C:\Users\benimaru\AppData\Local\Temp\fztyhkjp.cmdline""",False,C:\Users\byte store\Desktop\Incident Files Tempest\sysmon.evtx,Classic,0,"{""EventData"":{""Data"":[{""@Name"":""RuleName"",""#text"":""-""},{""@Name"":""UtcTime"",""#text"":""2022-06-20 17:13:40.551""},{""@Name"":""ProcessGuid"",""#text"":""4bbef3ae-aac4-62b0-3f0a-000000000700""},{""@Name"":""ProcessId"",""#text"":""7096""},{""@Name"":""Image"",""#text"":""C:\\Windows\\Microsoft.NET\\Framework\\v4.0.30319\\csc.exe""},{""@Name"":""FileVersion"",""#text"":""4.8.3761.0 built by: NET48REL1""},{""@Name"":""Description"",""#text"":""Visual C# Command Line Compiler""},{""@Name"":""Product"",""#text"":""Microsoft® .NET Framework""},{""@Name"":""Company"",""#text"":""Microsoft Corporation""},{""@Name"":""OriginalFileName"",""#text"":""csc.exe""},{""@Name"":""CommandLine"",""#text"":""\""C:\\Windows\\Microsoft.NET\\Framework\\v4.0.30319\\csc.exe\"" /noconfig /fullpaths @\""C:\\Users\\benimaru\\AppData\\Local\\Temp\\fztyhkjp.cmdline\""""},{""@Name"":""CurrentDirectory"",""#text"":""C:\\Users\\benimaru\\AppData\\Local\\Temp\\SDIAG_7af04ce3-437f-4a93-8035-05a541acaf2c\\""},{""@Name"":""User"",""#text"":""TEMPEST\\benimaru""},{""@Name"":""LogonGuid"",""#text"":""4bbef3ae-aa76-62b0-cd6b-a40100000000""},{""@Name"":""LogonId"",""#text"":""0x1A46BCD""},{""@Name"":""TerminalSessionId"",""#text"":""10""},{""@Name"":""IntegrityLevel"",""#text"":""Medium""},{""@Name"":""Hashes"",""#text"":""MD5=F8F36858B9405FBE27377FD7E8FEC2F2,SHA256=086C38FD66AEC0E824ECB74ECE3D7124174201A9B4F5C9974FCFDBAF04A5870E,IMPHASH=950FB6F62526333E663D35BA72D19DDC""},{""@Name"":""ParentProcessGuid"",""#text"":""4bbef3ae-aabf-62b0-380a-000000000700""},{""@Name"":""ParentProcessId"",""#text"":""2628""},{""@Name"":""ParentImage"",""#text"":""C:\\Windows\\SysWOW64\\sdiagnhost.exe""},{""@Name"":""ParentCommandLine"",""#text"":""C:\\Windows\\SysWOW64\\sdiagnhost.exe -Embedding""},{""@Name"":""ParentUser"",""#text"":""TEMPEST\\benimaru""}]}}"
160,7665,2022-06-20 17:13:40.7029837,1,Info,Microsoft-Windows-Sysmon,Microsoft-Windows-Sysmon/Operational,2800,6224,TEMPEST,2,S-1-5-18,Process creation,TEMPEST\benimaru,,"ProcessID: 4648, ProcessGUID: 4bbef3ae-aac4-62b0-400a-000000000700",RuleName: -,"MD5=70D838A7DC5B359C3F938A71FAD77DB0,SHA256=E4DBDBF7888EA96F3F8AA5C4C7F2BCF6E57D724DD8194FE5F35B673C6EF724EA,IMPHASH=0FCE7AAB563778C495FB59AA62464473",ParentProcess: C:\Windows\Microsoft.NET\Framework\v4.0.30319\csc.exe,"ParentProcessID: 7096, ParentProcessGUID: 4bbef3ae-aac4-62b0-3f0a-000000000700","ParentCommandLine: ""C:\Windows\Microsoft.NET\Framework\v4.0.30319\csc.exe"" /noconfig /fullpaths @""C:\Users\benimaru\AppData\Local\Temp\fztyhkjp.cmdline""","C:\Windows\Microsoft.NET\Framework\v4.0.30319\cvtres.exe /NOLOGO /READONLY /MACHINE:IX86 ""/OUT:C:\Users\benimaru\AppData\Local\Temp\RES655D.tmp"" ""c:\Users\benimaru\AppData\Local\Temp\CSCBA9BDC84ADE44298B8F5362BACEE802B.TMP""",False,C:\Users\byte store\Desktop\Incident Files Tempest\sysmon.evtx,Classic,0,"{""EventData"":{""Data"":[{""@Name"":""RuleName"",""#text"":""-""},{""@Name"":""UtcTime"",""#text"":""2022-06-20 17:13:40.668""},{""@Name"":""ProcessGuid"",""#text"":""4bbef3ae-aac4-62b0-400a-000000000700""},{""@Name"":""ProcessId"",""#text"":""4648""},{""@Name"":""Image"",""#text"":""C:\\Windows\\Microsoft.NET\\Framework\\v4.0.30319\\cvtres.exe""},{""@Name"":""FileVersion"",""#text"":""14.10.25028.0 built by: VCTOOLSD15RTM""},{""@Name"":""Description"",""#text"":""Microsoft® Resource File To COFF Object Conversion Utility""},{""@Name"":""Product"",""#text"":""Microsoft® .NET Framework""},{""@Name"":""Company"",""#text"":""Microsoft Corporation""},{""@Name"":""OriginalFileName"",""#text"":""CVTRES.EXE""},{""@Name"":""CommandLine"",""#text"":""C:\\Windows\\Microsoft.NET\\Framework\\v4.0.30319\\cvtres.exe /NOLOGO /READONLY /MACHINE:IX86 \""/OUT:C:\\Users\\benimaru\\AppData\\Local\\Temp\\RES655D.tmp\"" \""c:\\Users\\benimaru\\AppData\\Local\\Temp\\CSCBA9BDC84ADE44298B8F5362BACEE802B.TMP\""""},{""@Name"":""CurrentDirectory"",""#text"":""C:\\Users\\benimaru\\AppData\\Local\\Temp\\SDIAG_7af04ce3-437f-4a93-8035-05a541acaf2c\\""},{""@Name"":""User"",""#text"":""TEMPEST\\benimaru""},{""@Name"":""LogonGuid"",""#text"":""4bbef3ae-aa76-62b0-cd6b-a40100000000""},{""@Name"":""LogonId"",""#text"":""0x1A46BCD""},{""@Name"":""TerminalSessionId"",""#text"":""10""},{""@Name"":""IntegrityLevel"",""#text"":""Medium""},{""@Name"":""Hashes"",""#text"":""MD5=70D838A7DC5B359C3F938A71FAD77DB0,SHA256=E4DBDBF7888EA96F3F8AA5C4C7F2BCF6E57D724DD8194FE5F35B673C6EF724EA,IMPHASH=0FCE7AAB563778C495FB59AA62464473""},{""@Name"":""ParentProcessGuid"",""#text"":""4bbef3ae-aac4-62b0-3f0a-000000000700""},{""@Name"":""ParentProcessId"",""#text"":""7096""},{""@Name"":""ParentImage"",""#text"":""C:\\Windows\\Microsoft.NET\\Framework\\v4.0.30319\\csc.exe""},{""@Name"":""ParentCommandLine"",""#text"":""\""C:\\Windows\\Microsoft.NET\\Framework\\v4.0.30319\\csc.exe\"" /noconfig /fullpaths @\""C:\\Users\\benimaru\\AppData\\Local\\Temp\\fztyhkjp.cmdline\""""},{""@Name"":""ParentUser"",""#text"":""TEMPEST\\benimaru""}]}}"
161,7666,2022-06-20 17:13:40.7494465,11,Info,Microsoft-Windows-Sysmon,Microsoft-Windows-Sysmon/Operational,2800,6224,TEMPEST,2,S-1-5-18,FileCreate,TEMPEST\benimaru,,"ProcessID: 7096, ProcessGUID: 4bbef3ae-aac4-62b0-3f0a-000000000700",RuleName: DLL,Image: C:\Windows\Microsoft.NET\Framework\v4.0.30319\csc.exe,TargetFilename: C:\Users\benimaru\AppData\Local\Temp\fztyhkjp.dll,,,,False,C:\Users\byte store\Desktop\Incident Files Tempest\sysmon.evtx,Classic,0,"{""EventData"":{""Data"":[{""@Name"":""RuleName"",""#text"":""DLL""},{""@Name"":""UtcTime"",""#text"":""2022-06-20 17:13:40.746""},{""@Name"":""ProcessGuid"",""#text"":""4bbef3ae-aac4-62b0-3f0a-000000000700""},{""@Name"":""ProcessId"",""#text"":""7096""},{""@Name"":""Image"",""#text"":""C:\\Windows\\Microsoft.NET\\Framework\\v4.0.30319\\csc.exe""},{""@Name"":""TargetFilename"",""#text"":""C:\\Users\\benimaru\\AppData\\Local\\Temp\\fztyhkjp.dll""},{""@Name"":""CreationUtcTime"",""#text"":""2022-06-20 17:13:40.542""},{""@Name"":""User"",""#text"":""TEMPEST\\benimaru""}]}}"
162,7667,2022-06-20 17:13:50.9379661,11,Info,Microsoft-Windows-Sysmon,Microsoft-Windows-Sysmon/Operational,2800,6224,TEMPEST,2,S-1-5-18,FileCreate,TEMPEST\benimaru,,"ProcessID: 2628, ProcessGUID: 4bbef3ae-aabf-62b0-380a-000000000700",RuleName: ProcessHostingdotNETCode,Image: C:\Windows\SysWOW64\sdiagnhost.exe,TargetFilename: C:\Users\benimaru\AppData\Local\Microsoft\CLR_v4.0_32\UsageLogs\sdiagnhost.exe.log,,,,False,C:\Users\byte store\Desktop\Incident Files Tempest\sysmon.evtx,Classic,0,"{""EventData"":{""Data"":[{""@Name"":""RuleName"",""#text"":""ProcessHostingdotNETCode""},{""@Name"":""UtcTime"",""#text"":""2022-06-20 17:13:50.931""},{""@Name"":""ProcessGuid"",""#text"":""4bbef3ae-aabf-62b0-380a-000000000700""},{""@Name"":""ProcessId"",""#text"":""2628""},{""@Name"":""Image"",""#text"":""C:\\Windows\\SysWOW64\\sdiagnhost.exe""},{""@Name"":""TargetFilename"",""#text"":""C:\\Users\\benimaru\\AppData\\Local\\Microsoft\\CLR_v4.0_32\\UsageLogs\\sdiagnhost.exe.log""},{""@Name"":""CreationUtcTime"",""#text"":""2022-06-20 17:13:50.931""},{""@Name"":""User"",""#text"":""TEMPEST\\benimaru""}]}}"
163,7668,2022-06-20 17:13:53.5230388,22,Info,Microsoft-Windows-Sysmon,Microsoft-Windows-Sysmon/Operational,2800,6188,TEMPEST,2,S-1-5-18,DNSEvent (DNS query),TEMPEST\benimaru,,"ProcessID: 4616, ProcessGUID: 4bbef3ae-aa86-62b0-140a-000000000700",RuleName: -,Image: C:\Program Files\Google\Chrome\Application\chrome.exe,QueryName: www.google.com,QueryStatus: 0,QueryResults: 2404:6800:4005:807::2004;::ffff:142.250.66.132;,,False,C:\Users\byte store\Desktop\Incident Files Tempest\sysmon.evtx,Classic,0,"{""EventData"":{""Data"":[{""@Name"":""RuleName"",""#text"":""-""},{""@Name"":""UtcTime"",""#text"":""2022-06-20 16:59:51.130""},{""@Name"":""ProcessGuid"",""#text"":""4bbef3ae-aa86-62b0-140a-000000000700""},{""@Name"":""ProcessId"",""#text"":""4616""},{""@Name"":""QueryName"",""#text"":""www.google.com""},{""@Name"":""QueryStatus"",""#text"":""0""},{""@Name"":""QueryResults"",""#text"":""2404:6800:4005:807::2004;::ffff:142.250.66.132;""},{""@Name"":""Image"",""#text"":""C:\\Program Files\\Google\\Chrome\\Application\\chrome.exe""},{""@Name"":""User"",""#text"":""TEMPEST\\benimaru""}]}}"
164,7669,2022-06-20 17:13:53.5258365,22,Info,Microsoft-Windows-Sysmon,Microsoft-Windows-Sysmon/Operational,2800,6188,TEMPEST,2,S-1-5-18,DNSEvent (DNS query),TEMPEST\benimaru,,"ProcessID: 4616, ProcessGUID: 4bbef3ae-aa86-62b0-140a-000000000700",RuleName: -,Image: C:\Program Files\Google\Chrome\Application\chrome.exe,QueryName: wpad,QueryStatus: 123,QueryResults: -,,False,C:\Users\byte store\Desktop\Incident Files Tempest\sysmon.evtx,Classic,0,"{""EventData"":{""Data"":[{""@Name"":""RuleName"",""#text"":""-""},{""@Name"":""UtcTime"",""#text"":""2022-06-20 16:59:51.176""},{""@Name"":""ProcessGuid"",""#text"":""4bbef3ae-aa86-62b0-140a-000000000700""},{""@Name"":""ProcessId"",""#text"":""4616""},{""@Name"":""QueryName"",""#text"":""wpad""},{""@Name"":""QueryStatus"",""#text"":""123""},{""@Name"":""QueryResults"",""#text"":""-""},{""@Name"":""Image"",""#text"":""C:\\Program Files\\Google\\Chrome\\Application\\chrome.exe""},{""@Name"":""User"",""#text"":""TEMPEST\\benimaru""}]}}"
165,7670,2022-06-20 17:13:55.5802419,22,Info,Microsoft-Windows-Sysmon,Microsoft-Windows-Sysmon/Operational,2800,6188,TEMPEST,2,S-1-5-18,DNSEvent (DNS query),TEMPEST\benimaru,,"ProcessID: 4616, ProcessGUID: 4bbef3ae-aa86-62b0-140a-000000000700",RuleName: -,Image: C:\Program Files\Google\Chrome\Application\chrome.exe,QueryName: www.youtube.com,QueryStatus: 0,QueryResults: type:  5 youtube-ui.l.google.com;2404:6800:4005:813::200e;2404:6800:4005:814::200e;2404:6800:4005:80b::200e;2404:6800:4005:812::200e;::ffff:172.217.24.238;::ffff:172.217.25.14;::ffff:142.250.199.78;::ffff:142.250.204.46;::ffff:142.250.204.78;::ffff:142.250.204.110;::ffff:142.250.204.142;::ffff:172.217.31.14;::ffff:172.217.27.14;::ffff:172.217.27.46;::ffff:142.250.66.46;::ffff:142.250.66.78;::ffff:142.250.66.110;::ffff:142.250.66.142;::ffff:142.250.207.78;::ffff:172.217.24.110;,,False,C:\Users\byte store\Desktop\Incident Files Tempest\sysmon.evtx,Classic,0,"{""EventData"":{""Data"":[{""@Name"":""RuleName"",""#text"":""-""},{""@Name"":""UtcTime"",""#text"":""2022-06-20 16:59:53.055""},{""@Name"":""ProcessGuid"",""#text"":""4bbef3ae-aa86-62b0-140a-000000000700""},{""@Name"":""ProcessId"",""#text"":""4616""},{""@Name"":""QueryName"",""#text"":""www.youtube.com""},{""@Name"":""QueryStatus"",""#text"":""0""},{""@Name"":""QueryResults"",""#text"":""type:  5 youtube-ui.l.google.com;2404:6800:4005:813::200e;2404:6800:4005:814::200e;2404:6800:4005:80b::200e;2404:6800:4005:812::200e;::ffff:172.217.24.238;::ffff:172.217.25.14;::ffff:142.250.199.78;::ffff:142.250.204.46;::ffff:142.250.204.78;::ffff:142.250.204.110;::ffff:142.250.204.142;::ffff:172.217.31.14;::ffff:172.217.27.14;::ffff:172.217.27.46;::ffff:142.250.66.46;::ffff:142.250.66.78;::ffff:142.250.66.110;::ffff:142.250.66.142;::ffff:142.250.207.78;::ffff:172.217.24.110;""},{""@Name"":""Image"",""#text"":""C:\\Program Files\\Google\\Chrome\\Application\\chrome.exe""},{""@Name"":""User"",""#text"":""TEMPEST\\benimaru""}]}}"
166,7671,2022-06-20 17:13:56.5547675,22,Info,Microsoft-Windows-Sysmon,Microsoft-Windows-Sysmon/Operational,2800,6188,TEMPEST,2,S-1-5-18,DNSEvent (DNS query),TEMPEST\benimaru,,"ProcessID: 4616, ProcessGUID: 4bbef3ae-aa86-62b0-140a-000000000700",RuleName: -,Image: C:\Program Files\Google\Chrome\Application\chrome.exe,QueryName: accounts.google.com,QueryStatus: 0,QueryResults: 2404:6800:4005:81a::200d;::ffff:142.250.66.45;,,False,C:\Users\byte store\Desktop\Incident Files Tempest\sysmon.evtx,Classic,0,"{""EventData"":{""Data"":[{""@Name"":""RuleName"",""#text"":""-""},{""@Name"":""UtcTime"",""#text"":""2022-06-20 16:59:54.453""},{""@Name"":""ProcessGuid"",""#text"":""4bbef3ae-aa86-62b0-140a-000000000700""},{""@Name"":""ProcessId"",""#text"":""4616""},{""@Name"":""QueryName"",""#text"":""accounts.google.com""},{""@Name"":""QueryStatus"",""#text"":""0""},{""@Name"":""QueryResults"",""#text"":""2404:6800:4005:81a::200d;::ffff:142.250.66.45;""},{""@Name"":""Image"",""#text"":""C:\\Program Files\\Google\\Chrome\\Application\\chrome.exe""},{""@Name"":""User"",""#text"":""TEMPEST\\benimaru""}]}}"
167,7672,2022-06-20 17:14:01.5517259,22,Info,Microsoft-Windows-Sysmon,Microsoft-Windows-Sysmon/Operational,2800,6188,TEMPEST,2,S-1-5-18,DNSEvent (DNS query),TEMPEST\benimaru,,"ProcessID: 4616, ProcessGUID: 4bbef3ae-aa86-62b0-140a-000000000700",RuleName: -,Image: C:\Program Files\Google\Chrome\Application\chrome.exe,QueryName: suggestqueries-clients6.youtube.com,QueryStatus: 0,QueryResults: 2404:6800:4005:809::200e;::ffff:172.217.31.14;,,False,C:\Users\byte store\Desktop\Incident Files Tempest\sysmon.evtx,Classic,0,"{""EventData"":{""Data"":[{""@Name"":""RuleName"",""#text"":""-""},{""@Name"":""UtcTime"",""#text"":""2022-06-20 16:59:59.286""},{""@Name"":""ProcessGuid"",""#text"":""4bbef3ae-aa86-62b0-140a-000000000700""},{""@Name"":""ProcessId"",""#text"":""4616""},{""@Name"":""QueryName"",""#text"":""suggestqueries-clients6.youtube.com""},{""@Name"":""QueryStatus"",""#text"":""0""},{""@Name"":""QueryResults"",""#text"":""2404:6800:4005:809::200e;::ffff:172.217.31.14;""},{""@Name"":""Image"",""#text"":""C:\\Program Files\\Google\\Chrome\\Application\\chrome.exe""},{""@Name"":""User"",""#text"":""TEMPEST\\benimaru""}]}}"
168,7673,2022-06-20 17:14:01.5538128,22,Info,Microsoft-Windows-Sysmon,Microsoft-Windows-Sysmon/Operational,2800,6188,TEMPEST,2,S-1-5-18,DNSEvent (DNS query),TEMPEST\benimaru,,"ProcessID: 4616, ProcessGUID: 4bbef3ae-aa86-62b0-140a-000000000700",RuleName: -,Image: C:\Program Files\Google\Chrome\Application\chrome.exe,QueryName: yt3.ggpht.com,QueryStatus: 0,QueryResults: type:  5 photos-ugc.l.googleusercontent.com;2404:6800:4005:800::2001;::ffff:172.217.25.1;,,False,C:\Users\byte store\Desktop\Incident Files Tempest\sysmon.evtx,Classic,0,"{""EventData"":{""Data"":[{""@Name"":""RuleName"",""#text"":""-""},{""@Name"":""UtcTime"",""#text"":""2022-06-20 16:59:59.695""},{""@Name"":""ProcessGuid"",""#text"":""4bbef3ae-aa86-62b0-140a-000000000700""},{""@Name"":""ProcessId"",""#text"":""4616""},{""@Name"":""QueryName"",""#text"":""yt3.ggpht.com""},{""@Name"":""QueryStatus"",""#text"":""0""},{""@Name"":""QueryResults"",""#text"":""type:  5 photos-ugc.l.googleusercontent.com;2404:6800:4005:800::2001;::ffff:172.217.25.1;""},{""@Name"":""Image"",""#text"":""C:\\Program Files\\Google\\Chrome\\Application\\chrome.exe""},{""@Name"":""User"",""#text"":""TEMPEST\\benimaru""}]}}"
169,7674,2022-06-20 17:14:02.5711692,22,Info,Microsoft-Windows-Sysmon,Microsoft-Windows-Sysmon/Operational,2800,6188,TEMPEST,2,S-1-5-18,DNSEvent (DNS query),TEMPEST\benimaru,,"ProcessID: 4616, ProcessGUID: 4bbef3ae-aa86-62b0-140a-000000000700",RuleName: -,Image: C:\Program Files\Google\Chrome\Application\chrome.exe,QueryName: www.google.com.ph,QueryStatus: 0,QueryResults: 2404:6800:4005:807::2003;::ffff:172.217.27.3;,,False,C:\Users\byte store\Desktop\Incident Files Tempest\sysmon.evtx,Classic,0,"{""EventData"":{""Data"":[{""@Name"":""RuleName"",""#text"":""-""},{""@Name"":""UtcTime"",""#text"":""2022-06-20 17:00:00.226""},{""@Name"":""ProcessGuid"",""#text"":""4bbef3ae-aa86-62b0-140a-000000000700""},{""@Name"":""ProcessId"",""#text"":""4616""},{""@Name"":""QueryName"",""#text"":""www.google.com.ph""},{""@Name"":""QueryStatus"",""#text"":""0""},{""@Name"":""QueryResults"",""#text"":""2404:6800:4005:807::2003;::ffff:172.217.27.3;""},{""@Name"":""Image"",""#text"":""C:\\Program Files\\Google\\Chrome\\Application\\chrome.exe""},{""@Name"":""User"",""#text"":""TEMPEST\\benimaru""}]}}"
170,7675,2022-06-20 17:14:05.1809295,22,Info,Microsoft-Windows-Sysmon,Microsoft-Windows-Sysmon/Operational,2800,6188,TEMPEST,2,S-1-5-18,DNSEvent (DNS query),TEMPEST\benimaru,,"ProcessID: 4616, ProcessGUID: 4bbef3ae-aa86-62b0-140a-000000000700",RuleName: -,Image: C:\Program Files\Google\Chrome\Application\chrome.exe,QueryName: jnn-pa.googleapis.com,QueryStatus: 0,QueryResults: 2404:6800:4005:802::200a;::ffff:172.217.27.42;,,False,C:\Users\byte store\Desktop\Incident Files Tempest\sysmon.evtx,Classic,0,"{""EventData"":{""Data"":[{""@Name"":""RuleName"",""#text"":""-""},{""@Name"":""UtcTime"",""#text"":""2022-06-20 17:00:02.811""},{""@Name"":""ProcessGuid"",""#text"":""4bbef3ae-aa86-62b0-140a-000000000700""},{""@Name"":""ProcessId"",""#text"":""4616""},{""@Name"":""QueryName"",""#text"":""jnn-pa.googleapis.com""},{""@Name"":""QueryStatus"",""#text"":""0""},{""@Name"":""QueryResults"",""#text"":""2404:6800:4005:802::200a;::ffff:172.217.27.42;""},{""@Name"":""Image"",""#text"":""C:\\Program Files\\Google\\Chrome\\Application\\chrome.exe""},{""@Name"":""User"",""#text"":""TEMPEST\\benimaru""}]}}"
171,7676,2022-06-20 17:14:19.5746222,22,Info,Microsoft-Windows-Sysmon,Microsoft-Windows-Sysmon/Operational,2800,6188,TEMPEST,2,S-1-5-18,DNSEvent (DNS query),TEMPEST\benimaru,,"ProcessID: 4616, ProcessGUID: 4bbef3ae-aa86-62b0-140a-000000000700",RuleName: -,Image: C:\Program Files\Google\Chrome\Application\chrome.exe,QueryName: id.google.com,QueryStatus: 0,QueryResults: 2607:f8b0:4012:814::2003;::ffff:142.250.204.35;,,False,C:\Users\byte store\Desktop\Incident Files Tempest\sysmon.evtx,Classic,0,"{""EventData"":{""Data"":[{""@Name"":""RuleName"",""#text"":""-""},{""@Name"":""UtcTime"",""#text"":""2022-06-20 17:00:16.197""},{""@Name"":""ProcessGuid"",""#text"":""4bbef3ae-aa86-62b0-140a-000000000700""},{""@Name"":""ProcessId"",""#text"":""4616""},{""@Name"":""QueryName"",""#text"":""id.google.com""},{""@Name"":""QueryStatus"",""#text"":""0""},{""@Name"":""QueryResults"",""#text"":""2607:f8b0:4012:814::2003;::ffff:142.250.204.35;""},{""@Name"":""Image"",""#text"":""C:\\Program Files\\Google\\Chrome\\Application\\chrome.exe""},{""@Name"":""User"",""#text"":""TEMPEST\\benimaru""}]}}"
172,7677,2022-06-20 17:14:20.9964469,3,Info,Microsoft-Windows-Sysmon,Microsoft-Windows-Sysmon/Operational,2800,7488,TEMPEST,2,S-1-5-18,Network connection,TEMPEST\benimaru,,"ProcessID: 496, ProcessGUID: 4bbef3ae-aaa8-62b0-2e0a-000000000700",RuleName: -,SourceHostname: TEMPEST,SourceIp: 192.168.254.107,DestinationHostname: -,DestinationIp: 52.109.12.20,,False,C:\Users\byte store\Desktop\Incident Files Tempest\sysmon.evtx,Classic,0,"{""EventData"":{""Data"":[{""@Name"":""RuleName"",""#text"":""-""},{""@Name"":""UtcTime"",""#text"":""2022-06-20 17:00:18.410""},{""@Name"":""ProcessGuid"",""#text"":""4bbef3ae-aaa8-62b0-2e0a-000000000700""},{""@Name"":""ProcessId"",""#text"":""496""},{""@Name"":""Image"",""#text"":""C:\\Program Files (x86)\\Microsoft Office\\Root\\Office16\\WINWORD.EXE""},{""@Name"":""User"",""#text"":""TEMPEST\\benimaru""},{""@Name"":""Protocol"",""#text"":""tcp""},{""@Name"":""Initiated"",""#text"":""True""},{""@Name"":""SourceIsIpv6"",""#text"":""False""},{""@Name"":""SourceIp"",""#text"":""192.168.254.107""},{""@Name"":""SourceHostname"",""#text"":""TEMPEST""},{""@Name"":""SourcePort"",""#text"":""51851""},{""@Name"":""SourcePortName"",""#text"":""-""},{""@Name"":""DestinationIsIpv6"",""#text"":""False""},{""@Name"":""DestinationIp"",""#text"":""52.109.12.20""},{""@Name"":""DestinationHostname"",""#text"":""-""},{""@Name"":""DestinationPort"",""#text"":""443""},{""@Name"":""DestinationPortName"",""#text"":""https""}]}}"
173,7678,2022-06-20 17:14:21.6115630,22,Info,Microsoft-Windows-Sysmon,Microsoft-Windows-Sysmon/Operational,2800,6188,TEMPEST,2,S-1-5-18,DNSEvent (DNS query),TEMPEST\benimaru,,"ProcessID: 4616, ProcessGUID: 4bbef3ae-aa86-62b0-140a-000000000700",RuleName: -,Image: C:\Program Files\Google\Chrome\Application\chrome.exe,QueryName: apis.google.com,QueryStatus: 0,QueryResults: type:  5 plus.l.google.com;2404:6800:4005:801::200e;::ffff:172.217.24.238;,,False,C:\Users\byte store\Desktop\Incident Files Tempest\sysmon.evtx,Classic,0,"{""EventData"":{""Data"":[{""@Name"":""RuleName"",""#text"":""-""},{""@Name"":""UtcTime"",""#text"":""2022-06-20 17:00:19.646""},{""@Name"":""ProcessGuid"",""#text"":""4bbef3ae-aa86-62b0-140a-000000000700""},{""@Name"":""ProcessId"",""#text"":""4616""},{""@Name"":""QueryName"",""#text"":""apis.google.com""},{""@Name"":""QueryStatus"",""#text"":""0""},{""@Name"":""QueryResults"",""#text"":""type:  5 plus.l.google.com;2404:6800:4005:801::200e;::ffff:172.217.24.238;""},{""@Name"":""Image"",""#text"":""C:\\Program Files\\Google\\Chrome\\Application\\chrome.exe""},{""@Name"":""User"",""#text"":""TEMPEST\\benimaru""}]}}"
174,7679,2022-06-20 17:14:29.5564153,1,Info,Microsoft-Windows-Sysmon,Microsoft-Windows-Sysmon/Operational,2800,6224,TEMPEST,2,S-1-5-18,Process creation,NT AUTHORITY\SYSTEM,,"ProcessID: 7884, ProcessGUID: 4bbef3ae-aaf5-62b0-500a-000000000700",RuleName: -,"MD5=BE003A80F52A656CD0F58409101F8F3D,SHA256=8A9AF652092484AFAFFAD20DAFD51AE8886738C7432823549C4FB7FD06FCF7E3,IMPHASH=837968E736EE58A7F0780D1DA007BB63",ParentProcess: -,"ParentProcessID: 4452, ParentProcessGUID: 00000000-0000-0000-0000-000000000000",ParentCommandLine: -,"""C:\Windows\system32\SearchFilterHost.exe"" 0 780 784 792 8192 788 ",False,C:\Users\byte store\Desktop\Incident Files Tempest\sysmon.evtx,Classic,0,"{""EventData"":{""Data"":[{""@Name"":""RuleName"",""#text"":""-""},{""@Name"":""UtcTime"",""#text"":""2022-06-20 17:14:29.553""},{""@Name"":""ProcessGuid"",""#text"":""4bbef3ae-aaf5-62b0-500a-000000000700""},{""@Name"":""ProcessId"",""#text"":""7884""},{""@Name"":""Image"",""#text"":""C:\\Windows\\System32\\SearchFilterHost.exe""},{""@Name"":""FileVersion"",""#text"":""7.0.17763.168 (WinBuild.160101.0800)""},{""@Name"":""Description"",""#text"":""Microsoft Windows Search Filter Host""},{""@Name"":""Product"",""#text"":""Windows® Search""},{""@Name"":""Company"",""#text"":""Microsoft Corporation""},{""@Name"":""OriginalFileName"",""#text"":""SearchFilterHost.exe""},{""@Name"":""CommandLine"",""#text"":""\""C:\\Windows\\system32\\SearchFilterHost.exe\"" 0 780 784 792 8192 788 ""},{""@Name"":""CurrentDirectory"",""#text"":""C:\\Windows\\system32\\""},{""@Name"":""User"",""#text"":""NT AUTHORITY\\SYSTEM""},{""@Name"":""LogonGuid"",""#text"":""4bbef3ae-8422-62b0-e703-000000000000""},{""@Name"":""LogonId"",""#text"":""0x3E7""},{""@Name"":""TerminalSessionId"",""#text"":""0""},{""@Name"":""IntegrityLevel"",""#text"":""Medium""},{""@Name"":""Hashes"",""#text"":""MD5=BE003A80F52A656CD0F58409101F8F3D,SHA256=8A9AF652092484AFAFFAD20DAFD51AE8886738C7432823549C4FB7FD06FCF7E3,IMPHASH=837968E736EE58A7F0780D1DA007BB63""},{""@Name"":""ParentProcessGuid"",""#text"":""00000000-0000-0000-0000-000000000000""},{""@Name"":""ParentProcessId"",""#text"":""4452""},{""@Name"":""ParentImage"",""#text"":""-""},{""@Name"":""ParentCommandLine"",""#text"":""-""},{""@Name"":""ParentUser"",""#text"":""-""}]}}"
175,7680,2022-06-20 17:14:31.6506371,3,Info,Microsoft-Windows-Sysmon,Microsoft-Windows-Sysmon/Operational,2800,7488,TEMPEST,2,S-1-5-18,Network connection,TEMPEST\benimaru,,"ProcessID: 496, ProcessGUID: 4bbef3ae-aaa8-62b0-2e0a-000000000700",RuleName: -,SourceHostname: TEMPEST,SourceIp: 192.168.254.107,DestinationHostname: -,DestinationIp: 52.168.117.170,,False,C:\Users\byte store\Desktop\Incident Files Tempest\sysmon.evtx,Classic,0,"{""EventData"":{""Data"":[{""@Name"":""RuleName"",""#text"":""-""},{""@Name"":""UtcTime"",""#text"":""2022-06-20 17:00:29.100""},{""@Name"":""ProcessGuid"",""#text"":""4bbef3ae-aaa8-62b0-2e0a-000000000700""},{""@Name"":""ProcessId"",""#text"":""496""},{""@Name"":""Image"",""#text"":""C:\\Program Files (x86)\\Microsoft Office\\Root\\Office16\\WINWORD.EXE""},{""@Name"":""User"",""#text"":""TEMPEST\\benimaru""},{""@Name"":""Protocol"",""#text"":""tcp""},{""@Name"":""Initiated"",""#text"":""True""},{""@Name"":""SourceIsIpv6"",""#text"":""False""},{""@Name"":""SourceIp"",""#text"":""192.168.254.107""},{""@Name"":""SourceHostname"",""#text"":""TEMPEST""},{""@Name"":""SourcePort"",""#text"":""51855""},{""@Name"":""SourcePortName"",""#text"":""-""},{""@Name"":""DestinationIsIpv6"",""#text"":""False""},{""@Name"":""DestinationIp"",""#text"":""52.168.117.170""},{""@Name"":""DestinationHostname"",""#text"":""-""},{""@Name"":""DestinationPort"",""#text"":""443""},{""@Name"":""DestinationPortName"",""#text"":""https""}]}}"
176,7681,2022-06-20 17:14:33.8024044,13,Info,Microsoft-Windows-Sysmon,Microsoft-Windows-Sysmon/Operational,2800,6224,TEMPEST,2,S-1-5-18,RegistryEvent (Value Set),NT AUTHORITY\SYSTEM,,"ProcessID: 5048, ProcessGUID: 4bbef3ae-845b-62b0-b000-000000000700",RuleName: InvDB,Image: C:\Windows\system32\svchost.exe,EventType: SetValue,TargetObject: HKU\S-1-5-21-349058839-1848105669-1528301110-1001\Software\Microsoft\Windows NT\CurrentVersion\AppCompatFlags\Compatibility Assistant\Store\C:\Program Files\Google\Chrome\Application\chrome.exe,Details: Binary Data,,False,C:\Users\byte store\Desktop\Incident Files Tempest\sysmon.evtx,Classic,0,"{""EventData"":{""Data"":[{""@Name"":""RuleName"",""#text"":""InvDB""},{""@Name"":""EventType"",""#text"":""SetValue""},{""@Name"":""UtcTime"",""#text"":""2022-06-20 17:14:33.773""},{""@Name"":""ProcessGuid"",""#text"":""4bbef3ae-845b-62b0-b000-000000000700""},{""@Name"":""ProcessId"",""#text"":""5048""},{""@Name"":""Image"",""#text"":""C:\\Windows\\system32\\svchost.exe""},{""@Name"":""TargetObject"",""#text"":""HKU\\S-1-5-21-349058839-1848105669-1528301110-1001\\Software\\Microsoft\\Windows NT\\CurrentVersion\\AppCompatFlags\\Compatibility Assistant\\Store\\C:\\Program Files\\Google\\Chrome\\Application\\chrome.exe""},{""@Name"":""Details"",""#text"":""Binary Data""},{""@Name"":""User"",""#text"":""NT AUTHORITY\\SYSTEM""}]}}"
177,7682,2022-06-20 17:14:38.2874648,1,Info,Microsoft-Windows-Sysmon,Microsoft-Windows-Sysmon/Operational,2800,6224,TEMPEST,3,S-1-5-18,Process creation,NT AUTHORITY\SYSTEM,,"ProcessID: 9044, ProcessGUID: 4bbef3ae-aafe-62b0-530a-000000000700",RuleName: -,"MD5=33F89DD9629CB0422A2C17268376232D,SHA256=9358EF8CB7FB08581D74274005263BD8FA2E6E0FC443930B25FD345CF6CE9071,IMPHASH=B9B0B64B08B38276711093CA94348D39",ParentProcess: C:\Windows\System32\winlogon.exe,"ParentProcessID: 5612, ParentProcessGUID: 4bbef3ae-aa67-62b0-de09-000000000700",ParentCommandLine: winlogon.exe,"""LogonUI.exe"" /flags:0x0 /state0:0xa3468855 /state1:0x41c64e6d",False,C:\Users\byte store\Desktop\Incident Files Tempest\sysmon.evtx,Classic,0,"{""EventData"":{""Data"":[{""@Name"":""RuleName"",""#text"":""-""},{""@Name"":""UtcTime"",""#text"":""2022-06-20 17:14:38.279""},{""@Name"":""ProcessGuid"",""#text"":""4bbef3ae-aafe-62b0-530a-000000000700""},{""@Name"":""ProcessId"",""#text"":""9044""},{""@Name"":""Image"",""#text"":""C:\\Windows\\System32\\LogonUI.exe""},{""@Name"":""FileVersion"",""#text"":""10.0.17763.1 (WinBuild.160101.0800)""},{""@Name"":""Description"",""#text"":""Windows Logon User Interface Host""},{""@Name"":""Product"",""#text"":""Microsoft® Windows® Operating System""},{""@Name"":""Company"",""#text"":""Microsoft Corporation""},{""@Name"":""OriginalFileName"",""#text"":""logonui.exe""},{""@Name"":""CommandLine"",""#text"":""\""LogonUI.exe\"" /flags:0x0 /state0:0xa3468855 /state1:0x41c64e6d""},{""@Name"":""CurrentDirectory"",""#text"":""C:\\Windows\\system32\\""},{""@Name"":""User"",""#text"":""NT AUTHORITY\\SYSTEM""},{""@Name"":""LogonGuid"",""#text"":""4bbef3ae-8422-62b0-e703-000000000000""},{""@Name"":""LogonId"",""#text"":""0x3E7""},{""@Name"":""TerminalSessionId"",""#text"":""10""},{""@Name"":""IntegrityLevel"",""#text"":""System""},{""@Name"":""Hashes"",""#text"":""MD5=33F89DD9629CB0422A2C17268376232D,SHA256=9358EF8CB7FB08581D74274005263BD8FA2E6E0FC443930B25FD345CF6CE9071,IMPHASH=B9B0B64B08B38276711093CA94348D39""},{""@Name"":""ParentProcessGuid"",""#text"":""4bbef3ae-aa67-62b0-de09-000000000700""},{""@Name"":""ParentProcessId"",""#text"":""5612""},{""@Name"":""ParentImage"",""#text"":""C:\\Windows\\System32\\winlogon.exe""},{""@Name"":""ParentCommandLine"",""#text"":""winlogon.exe""},{""@Name"":""ParentUser"",""#text"":""NT AUTHORITY\\SYSTEM""}]}}"
178,7683,2022-06-20 17:14:39.5363697,1,Info,Microsoft-Windows-Sysmon,Microsoft-Windows-Sysmon/Operational,2800,6224,TEMPEST,3,S-1-5-18,Process creation,NT AUTHORITY\SYSTEM,,"ProcessID: 524, ProcessGUID: 4bbef3ae-aaff-62b0-540a-000000000700",RuleName: -,"MD5=89D71B1EB7D0FBE4578655C4D230B8DD,SHA256=2E934019907CDEFC0E2EB87E81D21166B80FB565DD827A53F2E974B00AFDFC57,IMPHASH=E28C03509E7F23FEA2BCD7E77FF0B52B",ParentProcess: -,"ParentProcessID: 4452, ParentProcessGUID: 00000000-0000-0000-0000-000000000000",ParentCommandLine: -,"""C:\Windows\system32\SearchProtocolHost.exe"" Global\UsGthrFltPipeMssGthrPipe4_ Global\UsGthrCtrlFltPipeMssGthrPipe4 1 -2147483646 ""Software\Microsoft\Windows Search"" ""Mozilla/4.0 (compatible; MSIE 6.0; Windows NT; MS Search 4.0 Robot)"" ""C:\ProgramData\Microsoft\Search\Data\Temp\usgthrsvc"" ""DownLevelDaemon"" ",False,C:\Users\byte store\Desktop\Incident Files Tempest\sysmon.evtx,Classic,0,"{""EventData"":{""Data"":[{""@Name"":""RuleName"",""#text"":""-""},{""@Name"":""UtcTime"",""#text"":""2022-06-20 17:14:39.510""},{""@Name"":""ProcessGuid"",""#text"":""4bbef3ae-aaff-62b0-540a-000000000700""},{""@Name"":""ProcessId"",""#text"":""524""},{""@Name"":""Image"",""#text"":""C:\\Windows\\System32\\SearchProtocolHost.exe""},{""@Name"":""FileVersion"",""#text"":""7.0.17763.168 (WinBuild.160101.0800)""},{""@Name"":""Description"",""#text"":""Microsoft Windows Search Protocol Host""},{""@Name"":""Product"",""#text"":""Windows® Search""},{""@Name"":""Company"",""#text"":""Microsoft Corporation""},{""@Name"":""OriginalFileName"",""#text"":""SearchProtocolHost.exe""},{""@Name"":""CommandLine"",""#text"":""\""C:\\Windows\\system32\\SearchProtocolHost.exe\"" Global\\UsGthrFltPipeMssGthrPipe4_ Global\\UsGthrCtrlFltPipeMssGthrPipe4 1 -2147483646 \""Software\\Microsoft\\Windows Search\"" \""Mozilla/4.0 (compatible; MSIE 6.0; Windows NT; MS Search 4.0 Robot)\"" \""C:\\ProgramData\\Microsoft\\Search\\Data\\Temp\\usgthrsvc\"" \""DownLevelDaemon\"" ""},{""@Name"":""CurrentDirectory"",""#text"":""C:\\Windows\\system32\\""},{""@Name"":""User"",""#text"":""NT AUTHORITY\\SYSTEM""},{""@Name"":""LogonGuid"",""#text"":""4bbef3ae-8422-62b0-e703-000000000000""},{""@Name"":""LogonId"",""#text"":""0x3E7""},{""@Name"":""TerminalSessionId"",""#text"":""0""},{""@Name"":""IntegrityLevel"",""#text"":""System""},{""@Name"":""Hashes"",""#text"":""MD5=89D71B1EB7D0FBE4578655C4D230B8DD,SHA256=2E934019907CDEFC0E2EB87E81D21166B80FB565DD827A53F2E974B00AFDFC57,IMPHASH=E28C03509E7F23FEA2BCD7E77FF0B52B""},{""@Name"":""ParentProcessGuid"",""#text"":""00000000-0000-0000-0000-000000000000""},{""@Name"":""ParentProcessId"",""#text"":""4452""},{""@Name"":""ParentImage"",""#text"":""-""},{""@Name"":""ParentCommandLine"",""#text"":""-""},{""@Name"":""ParentUser"",""#text"":""-""}]}}"
179,7684,2022-06-20 17:14:41.7425822,1,Info,Microsoft-Windows-Sysmon,Microsoft-Windows-Sysmon/Operational,2800,6224,TEMPEST,3,S-1-5-18,Process creation,NT AUTHORITY\SYSTEM,,"ProcessID: 4372, ProcessGUID: 4bbef3ae-ab01-62b0-550a-000000000700",RuleName: -,"MD5=2755A7D96CF37DF1960A6D8828A614CB,SHA256=A15DF33F7B666BC79A2FE9864442623AAEA393552591A4AB1F3A7CB29CF40DAE,IMPHASH=BC32B6662261DE8469D6EB034C62A6A5",ParentProcess: C:\Windows\System32\smss.exe,"ParentProcessID: 272, ParentProcessGUID: 4bbef3ae-841f-62b0-0300-000000000700",ParentCommandLine: \SystemRoot\System32\smss.exe,"\SystemRoot\System32\smss.exe 000000e8 00000084 ",False,C:\Users\byte store\Desktop\Incident Files Tempest\sysmon.evtx,Classic,0,"{""EventData"":{""Data"":[{""@Name"":""RuleName"",""#text"":""-""},{""@Name"":""UtcTime"",""#text"":""2022-06-20 17:14:41.723""},{""@Name"":""ProcessGuid"",""#text"":""4bbef3ae-ab01-62b0-550a-000000000700""},{""@Name"":""ProcessId"",""#text"":""4372""},{""@Name"":""Image"",""#text"":""C:\\Windows\\System32\\smss.exe""},{""@Name"":""FileVersion"",""#text"":""10.0.17763.292 (WinBuild.160101.0800)""},{""@Name"":""Description"",""#text"":""Windows Session Manager""},{""@Name"":""Product"",""#text"":""Microsoft® Windows® Operating System""},{""@Name"":""Company"",""#text"":""Microsoft Corporation""},{""@Name"":""OriginalFileName"",""#text"":""smss.exe""},{""@Name"":""CommandLine"",""#text"":""\\SystemRoot\\System32\\smss.exe 000000e8 00000084 ""},{""@Name"":""CurrentDirectory"",""#text"":""C:\\Windows\\""},{""@Name"":""User"",""#text"":""NT AUTHORITY\\SYSTEM""},{""@Name"":""LogonGuid"",""#text"":""4bbef3ae-8422-62b0-e703-000000000000""},{""@Name"":""LogonId"",""#text"":""0x3E7""},{""@Name"":""TerminalSessionId"",""#text"":""11""},{""@Name"":""IntegrityLevel"",""#text"":""System""},{""@Name"":""Hashes"",""#text"":""MD5=2755A7D96CF37DF1960A6D8828A614CB,SHA256=A15DF33F7B666BC79A2FE9864442623AAEA393552591A4AB1F3A7CB29CF40DAE,IMPHASH=BC32B6662261DE8469D6EB034C62A6A5""},{""@Name"":""ParentProcessGuid"",""#text"":""4bbef3ae-841f-62b0-0300-000000000700""},{""@Name"":""ParentProcessId"",""#text"":""272""},{""@Name"":""ParentImage"",""#text"":""C:\\Windows\\System32\\smss.exe""},{""@Name"":""ParentCommandLine"",""#text"":""\\SystemRoot\\System32\\smss.exe""},{""@Name"":""ParentUser"",""#text"":""NT AUTHORITY\\SYSTEM""}]}}"
180,7685,2022-06-20 17:14:41.7627219,1,Info,Microsoft-Windows-Sysmon,Microsoft-Windows-Sysmon/Operational,2800,6224,TEMPEST,3,S-1-5-18,Process creation,NT AUTHORITY\SYSTEM,,"ProcessID: 2688, ProcessGUID: 4bbef3ae-ab01-62b0-560a-000000000700",RuleName: -,"MD5=7D64128BC1EECE41196858897596EBC8,SHA256=FB40ED0FFA6BC795923A941DAB6B7D6B43583D0F152A6DF4D8953D2C1A0CB417,IMPHASH=A96FA9912E09E361274AD77F1A4B252C",ParentProcess: C:\Windows\System32\smss.exe,"ParentProcessID: 4372, ParentProcessGUID: 4bbef3ae-ab01-62b0-550a-000000000700","ParentCommandLine: \SystemRoot\System32\smss.exe 000000e8 00000084 ","%%SystemRoot%%\system32\csrss.exe ObjectDirectory=\Windows SharedSection=1024,20480,768 Windows=On SubSystemType=Windows ServerDll=basesrv,1 ServerDll=winsrv:UserServerDllInitialization,3 ServerDll=sxssrv,4 ProfileControl=Off MaxRequestThreads=16",False,C:\Users\byte store\Desktop\Incident Files Tempest\sysmon.evtx,Classic,0,"{""EventData"":{""Data"":[{""@Name"":""RuleName"",""#text"":""-""},{""@Name"":""UtcTime"",""#text"":""2022-06-20 17:14:41.759""},{""@Name"":""ProcessGuid"",""#text"":""4bbef3ae-ab01-62b0-560a-000000000700""},{""@Name"":""ProcessId"",""#text"":""2688""},{""@Name"":""Image"",""#text"":""C:\\Windows\\System32\\csrss.exe""},{""@Name"":""FileVersion"",""#text"":""10.0.17763.1 (WinBuild.160101.0800)""},{""@Name"":""Description"",""#text"":""Client Server Runtime Process""},{""@Name"":""Product"",""#text"":""Microsoft® Windows® Operating System""},{""@Name"":""Company"",""#text"":""Microsoft Corporation""},{""@Name"":""OriginalFileName"",""#text"":""CSRSS.Exe""},{""@Name"":""CommandLine"",""#text"":""%%SystemRoot%%\\system32\\csrss.exe ObjectDirectory=\\Windows SharedSection=1024,20480,768 Windows=On SubSystemType=Windows ServerDll=basesrv,1 ServerDll=winsrv:UserServerDllInitialization,3 ServerDll=sxssrv,4 ProfileControl=Off MaxRequestThreads=16""},{""@Name"":""CurrentDirectory"",""#text"":""C:\\Windows\\system32\\""},{""@Name"":""User"",""#text"":""NT AUTHORITY\\SYSTEM""},{""@Name"":""LogonGuid"",""#text"":""4bbef3ae-8422-62b0-e703-000000000000""},{""@Name"":""LogonId"",""#text"":""0x3E7""},{""@Name"":""TerminalSessionId"",""#text"":""11""},{""@Name"":""IntegrityLevel"",""#text"":""System""},{""@Name"":""Hashes"",""#text"":""MD5=7D64128BC1EECE41196858897596EBC8,SHA256=FB40ED0FFA6BC795923A941DAB6B7D6B43583D0F152A6DF4D8953D2C1A0CB417,IMPHASH=A96FA9912E09E361274AD77F1A4B252C""},{""@Name"":""ParentProcessGuid"",""#text"":""4bbef3ae-ab01-62b0-550a-000000000700""},{""@Name"":""ParentProcessId"",""#text"":""4372""},{""@Name"":""ParentImage"",""#text"":""C:\\Windows\\System32\\smss.exe""},{""@Name"":""ParentCommandLine"",""#text"":""\\SystemRoot\\System32\\smss.exe 000000e8 00000084 ""},{""@Name"":""ParentUser"",""#text"":""NT AUTHORITY\\SYSTEM""}]}}"
181,7686,2022-06-20 17:14:41.8545667,1,Info,Microsoft-Windows-Sysmon,Microsoft-Windows-Sysmon/Operational,2800,6224,TEMPEST,3,S-1-5-18,Process creation,NT AUTHORITY\SYSTEM,,"ProcessID: 1396, ProcessGUID: 4bbef3ae-ab01-62b0-570a-000000000700",RuleName: -,"MD5=92419F3B74C6C3D7304B7665DA984552,SHA256=01075068DC177AE38293A76C9DA5B2E09426093ECA4F6A53281CB6EC2FC6CD17,IMPHASH=EF65F72328CF42D69B01F630633D3327",ParentProcess: C:\Windows\System32\smss.exe,"ParentProcessID: 4372, ParentProcessGUID: 4bbef3ae-ab01-62b0-550a-000000000700","ParentCommandLine: \SystemRoot\System32\smss.exe 000000e8 00000084 ",winlogon.exe,False,C:\Users\byte store\Desktop\Incident Files Tempest\sysmon.evtx,Classic,0,"{""EventData"":{""Data"":[{""@Name"":""RuleName"",""#text"":""-""},{""@Name"":""UtcTime"",""#text"":""2022-06-20 17:14:41.849""},{""@Name"":""ProcessGuid"",""#text"":""4bbef3ae-ab01-62b0-570a-000000000700""},{""@Name"":""ProcessId"",""#text"":""1396""},{""@Name"":""Image"",""#text"":""C:\\Windows\\System32\\winlogon.exe""},{""@Name"":""FileVersion"",""#text"":""10.0.17763.1 (WinBuild.160101.0800)""},{""@Name"":""Description"",""#text"":""Windows Logon Application""},{""@Name"":""Product"",""#text"":""Microsoft® Windows® Operating System""},{""@Name"":""Company"",""#text"":""Microsoft Corporation""},{""@Name"":""OriginalFileName"",""#text"":""WINLOGON.EXE""},{""@Name"":""CommandLine"",""#text"":""winlogon.exe""},{""@Name"":""CurrentDirectory"",""#text"":""C:\\Windows\\system32\\""},{""@Name"":""User"",""#text"":""NT AUTHORITY\\SYSTEM""},{""@Name"":""LogonGuid"",""#text"":""4bbef3ae-8422-62b0-e703-000000000000""},{""@Name"":""LogonId"",""#text"":""0x3E7""},{""@Name"":""TerminalSessionId"",""#text"":""11""},{""@Name"":""IntegrityLevel"",""#text"":""System""},{""@Name"":""Hashes"",""#text"":""MD5=92419F3B74C6C3D7304B7665DA984552,SHA256=01075068DC177AE38293A76C9DA5B2E09426093ECA4F6A53281CB6EC2FC6CD17,IMPHASH=EF65F72328CF42D69B01F630633D3327""},{""@Name"":""ParentProcessGuid"",""#text"":""4bbef3ae-ab01-62b0-550a-000000000700""},{""@Name"":""ParentProcessId"",""#text"":""4372""},{""@Name"":""ParentImage"",""#text"":""C:\\Windows\\System32\\smss.exe""},{""@Name"":""ParentCommandLine"",""#text"":""\\SystemRoot\\System32\\smss.exe 000000e8 00000084 ""},{""@Name"":""ParentUser"",""#text"":""NT AUTHORITY\\SYSTEM""}]}}"
182,7687,2022-06-20 17:14:42.0929670,1,Info,Microsoft-Windows-Sysmon,Microsoft-Windows-Sysmon/Operational,2800,6224,TEMPEST,3,S-1-5-18,Process creation,NT AUTHORITY\SYSTEM,,"ProcessID: 1132, ProcessGUID: 4bbef3ae-ab02-62b0-590a-000000000700",RuleName: -,"MD5=33F89DD9629CB0422A2C17268376232D,SHA256=9358EF8CB7FB08581D74274005263BD8FA2E6E0FC443930B25FD345CF6CE9071,IMPHASH=B9B0B64B08B38276711093CA94348D39",ParentProcess: C:\Windows\System32\winlogon.exe,"ParentProcessID: 1396, ParentProcessGUID: 4bbef3ae-ab01-62b0-570a-000000000700",ParentCommandLine: winlogon.exe,"""LogonUI.exe"" /flags:0x0 /state0:0xa346c855 /state1:0x41c64e6d",False,C:\Users\byte store\Desktop\Incident Files Tempest\sysmon.evtx,Classic,0,"{""EventData"":{""Data"":[{""@Name"":""RuleName"",""#text"":""-""},{""@Name"":""UtcTime"",""#text"":""2022-06-20 17:14:42.091""},{""@Name"":""ProcessGuid"",""#text"":""4bbef3ae-ab02-62b0-590a-000000000700""},{""@Name"":""ProcessId"",""#text"":""1132""},{""@Name"":""Image"",""#text"":""C:\\Windows\\System32\\LogonUI.exe""},{""@Name"":""FileVersion"",""#text"":""10.0.17763.1 (WinBuild.160101.0800)""},{""@Name"":""Description"",""#text"":""Windows Logon User Interface Host""},{""@Name"":""Product"",""#text"":""Microsoft® Windows® Operating System""},{""@Name"":""Company"",""#text"":""Microsoft Corporation""},{""@Name"":""OriginalFileName"",""#text"":""logonui.exe""},{""@Name"":""CommandLine"",""#text"":""\""LogonUI.exe\"" /flags:0x0 /state0:0xa346c855 /state1:0x41c64e6d""},{""@Name"":""CurrentDirectory"",""#text"":""C:\\Windows\\system32\\""},{""@Name"":""User"",""#text"":""NT AUTHORITY\\SYSTEM""},{""@Name"":""LogonGuid"",""#text"":""4bbef3ae-8422-62b0-e703-000000000000""},{""@Name"":""LogonId"",""#text"":""0x3E7""},{""@Name"":""TerminalSessionId"",""#text"":""11""},{""@Name"":""IntegrityLevel"",""#text"":""System""},{""@Name"":""Hashes"",""#text"":""MD5=33F89DD9629CB0422A2C17268376232D,SHA256=9358EF8CB7FB08581D74274005263BD8FA2E6E0FC443930B25FD345CF6CE9071,IMPHASH=B9B0B64B08B38276711093CA94348D39""},{""@Name"":""ParentProcessGuid"",""#text"":""4bbef3ae-ab01-62b0-570a-000000000700""},{""@Name"":""ParentProcessId"",""#text"":""1396""},{""@Name"":""ParentImage"",""#text"":""C:\\Windows\\System32\\winlogon.exe""},{""@Name"":""ParentCommandLine"",""#text"":""winlogon.exe""},{""@Name"":""ParentUser"",""#text"":""NT AUTHORITY\\SYSTEM""}]}}"
183,7688,2022-06-20 17:14:42.1247777,1,Info,Microsoft-Windows-Sysmon,Microsoft-Windows-Sysmon/Operational,2800,6224,TEMPEST,3,S-1-5-18,Process creation,Window Manager\DWM-11,,"ProcessID: 3420, ProcessGUID: 4bbef3ae-ab02-62b0-5a0a-000000000700",RuleName: -,"MD5=38833EC9E139654135BD183DFBABC36B,SHA256=43DC58AF302374F77C3FAEAC2FB446B1D813712D2650D9618E8D80E312F2E6FD,IMPHASH=CC05EDB80F10F1D5E7EC964B8C83F969",ParentProcess: C:\Windows\System32\winlogon.exe,"ParentProcessID: 1396, ParentProcessGUID: 4bbef3ae-ab01-62b0-570a-000000000700",ParentCommandLine: winlogon.exe,"""dwm.exe""",False,C:\Users\byte store\Desktop\Incident Files Tempest\sysmon.evtx,Classic,0,"{""EventData"":{""Data"":[{""@Name"":""RuleName"",""#text"":""-""},{""@Name"":""UtcTime"",""#text"":""2022-06-20 17:14:42.099""},{""@Name"":""ProcessGuid"",""#text"":""4bbef3ae-ab02-62b0-5a0a-000000000700""},{""@Name"":""ProcessId"",""#text"":""3420""},{""@Name"":""Image"",""#text"":""C:\\Windows\\System32\\dwm.exe""},{""@Name"":""FileVersion"",""#text"":""10.0.17763.1 (WinBuild.160101.0800)""},{""@Name"":""Description"",""#text"":""Desktop Window Manager""},{""@Name"":""Product"",""#text"":""Microsoft® Windows® Operating System""},{""@Name"":""Company"",""#text"":""Microsoft Corporation""},{""@Name"":""OriginalFileName"",""#text"":""dwm.exe""},{""@Name"":""CommandLine"",""#text"":""\""dwm.exe\""""},{""@Name"":""CurrentDirectory"",""#text"":""C:\\Windows\\system32\\""},{""@Name"":""User"",""#text"":""Window Manager\\DWM-11""},{""@Name"":""LogonGuid"",""#text"":""4bbef3ae-ab02-62b0-6567-b00100000000""},{""@Name"":""LogonId"",""#text"":""0x1B06765""},{""@Name"":""TerminalSessionId"",""#text"":""11""},{""@Name"":""IntegrityLevel"",""#text"":""System""},{""@Name"":""Hashes"",""#text"":""MD5=38833EC9E139654135BD183DFBABC36B,SHA256=43DC58AF302374F77C3FAEAC2FB446B1D813712D2650D9618E8D80E312F2E6FD,IMPHASH=CC05EDB80F10F1D5E7EC964B8C83F969""},{""@Name"":""ParentProcessGuid"",""#text"":""4bbef3ae-ab01-62b0-570a-000000000700""},{""@Name"":""ParentProcessId"",""#text"":""1396""},{""@Name"":""ParentImage"",""#text"":""C:\\Windows\\System32\\winlogon.exe""},{""@Name"":""ParentCommandLine"",""#text"":""winlogon.exe""},{""@Name"":""ParentUser"",""#text"":""NT AUTHORITY\\SYSTEM""}]}}"
184,7689,2022-06-20 17:14:42.1476243,1,Info,Microsoft-Windows-Sysmon,Microsoft-Windows-Sysmon/Operational,2800,6224,TEMPEST,3,S-1-5-18,Process creation,NT AUTHORITY\SYSTEM,,"ProcessID: 5468, ProcessGUID: 4bbef3ae-ab02-62b0-5b0a-000000000700",RuleName: -,"MD5=8E405C382FA7BEC2AF21895316148945,SHA256=CCE5F9A8476A55113DA052DBB064AC7A2D968062C5226CE44E9E87452344041A,IMPHASH=85EC58BF37B3113B6DEF4557E150A605",ParentProcess: C:\Windows\System32\vm3dservice.exe,"ParentProcessID: 3168, ParentProcessGUID: 4bbef3ae-842b-62b0-5500-000000000700",ParentCommandLine: C:\Windows\system32\vm3dservice.exe,vm3dservice.exe -n,False,C:\Users\byte store\Desktop\Incident Files Tempest\sysmon.evtx,Classic,0,"{""EventData"":{""Data"":[{""@Name"":""RuleName"",""#text"":""-""},{""@Name"":""UtcTime"",""#text"":""2022-06-20 17:14:42.127""},{""@Name"":""ProcessGuid"",""#text"":""4bbef3ae-ab02-62b0-5b0a-000000000700""},{""@Name"":""ProcessId"",""#text"":""5468""},{""@Name"":""Image"",""#text"":""C:\\Windows\\System32\\vm3dservice.exe""},{""@Name"":""FileVersion"",""#text"":""8.17.03.0005""},{""@Name"":""Description"",""#text"":""VMware SVGA Helper Service""},{""@Name"":""Product"",""#text"":""VMware SVGA 3D""},{""@Name"":""Company"",""#text"":""VMware, Inc.""},{""@Name"":""OriginalFileName"",""#text"":""vm3dservice.exe""},{""@Name"":""CommandLine"",""#text"":""vm3dservice.exe -n""},{""@Name"":""CurrentDirectory"",""#text"":""C:\\Windows\\system32\\""},{""@Name"":""User"",""#text"":""NT AUTHORITY\\SYSTEM""},{""@Name"":""LogonGuid"",""#text"":""4bbef3ae-8422-62b0-e703-000000000000""},{""@Name"":""LogonId"",""#text"":""0x3E7""},{""@Name"":""TerminalSessionId"",""#text"":""11""},{""@Name"":""IntegrityLevel"",""#text"":""System""},{""@Name"":""Hashes"",""#text"":""MD5=8E405C382FA7BEC2AF21895316148945,SHA256=CCE5F9A8476A55113DA052DBB064AC7A2D968062C5226CE44E9E87452344041A,IMPHASH=85EC58BF37B3113B6DEF4557E150A605""},{""@Name"":""ParentProcessGuid"",""#text"":""4bbef3ae-842b-62b0-5500-000000000700""},{""@Name"":""ParentProcessId"",""#text"":""3168""},{""@Name"":""ParentImage"",""#text"":""C:\\Windows\\System32\\vm3dservice.exe""},{""@Name"":""ParentCommandLine"",""#text"":""C:\\Windows\\system32\\vm3dservice.exe""},{""@Name"":""ParentUser"",""#text"":""NT AUTHORITY\\SYSTEM""}]}}"
