{
  "Timestamp": "2023-01-13 17:22:47.494476Z",
  "Channel": "Microsoft-Windows-PowerShell/Operational",
  "Provider": "Microsoft-Windows-PowerShell",
  "Hostname": "QL-WKSTN-5693",
  "SID": "S-1-5-21-3258834958-2458682484-3394967329-1002",
  "EventID": 4104,
  "RecordID": 686,
  "Level": "Verbose",
  "Descr": "Creating Scriptblock text (<MessageNumber> of <MessageTotal>)",
  "MessageNumber": "1",
  "MessageTotal": "1",
  "ScriptBlockText": "ls AppData\\Local\\Packages\\Microsoft.MicrosoftStickyNotes_8wekyb3d8bbwe;pwd",
  "ScriptBlockId": "49a11a38-e4a9-41c1-8bb9-8a4ba9fa9daa",
  "Path": null
}
{
  "Timestamp": "2023-01-13 17:22:46.082746Z",
  "Channel": "Microsoft-Windows-PowerShell/Operational",
  "Provider": "Microsoft-Windows-PowerShell",
  "Hostname": "QL-WKSTN-5693",
  "SID": "S-1-5-21-3258834958-2458682484-3394967329-1002",
  "EventID": 4104,
  "RecordID": 685,
    "Level": "Verbose",
  "Descr": "Creating Scriptblock text (<MessageNumber> of <MessageTotal>)",
  "MessageNumber": "1",
  "MessageTotal": "1",
  "ScriptBlockText": "{ Set-StrictMode -Version 1; $_.OriginInfo }",
  "ScriptBlockId": "a9e6433a-3426-4821-93f0-903081a1cdd9",
  "Path": null
}
{
  "Timestamp": "2023-01-13 17:22:46.081658Z",
  "Channel": "Microsoft-Windows-PowerShell/Operational",
  "Provider": "Microsoft-Windows-PowerShell",
  "Hostname": "QL-WKSTN-5693",
  "SID": "S-1-5-21-3258834958-2458682484-3394967329-1002",
  "EventID": 4104,
  "RecordID": 684,
  "Level": "Verbose",
  "Descr": "Creating Scriptblock text (<MessageNumber> of <MessageTotal>)",
  "MessageNumber": "1",
  "MessageTotal": "1",
  "ScriptBlockText": "{ Set-StrictMode -Version 1; $_.ErrorCategory_Message }",
  "ScriptBlockId": "e6301dd3-64ef-4f71-b0a6-9326f24beb02",
  "Path": null
}
{
  "Timestamp": "2023-01-13 17:22:46.080472Z",
  "Channel": "Microsoft-Windows-PowerShell/Operational",
  "Provider": "Microsoft-Windows-PowerShell",
  "Hostname": "QL-WKSTN-5693",
  "SID": "S-1-5-21-3258834958-2458682484-3394967329-1002",
  "EventID": 4104,
  "RecordID": 683,
  "Level": "Verbose",
  "Descr": "Creating Scriptblock text (<MessageNumber> of <MessageTotal>)",
  "MessageNumber": "1",
  "MessageTotal": "1",
  "ScriptBlockText": "{ Set-StrictMode -Version 1; $this.Exception.InnerException.PSMessageDetails }",
  "ScriptBlockId": "d5de5e9e-678f-431a-99b1-8efeba8b1aa1",
  "Path": null
}
{
  "Timestamp": "2023-01-13 17:22:46.075512Z",
  "Channel": "Microsoft-Windows-PowerShell/Operational",
  "Provider": "Microsoft-Windows-PowerShell",
  "Hostname": "QL-WKSTN-5693",
  "SID": "S-1-5-21-3258834958-2458682484-3394967329-1002",
  "EventID": 4104,
  "RecordID": 682,
  "Level": "Verbose",
  "Descr": "Creating Scriptblock text (<MessageNumber> of <MessageTotal>)",
  "MessageNumber": "1",
  "MessageTotal": "1",
  "ScriptBlockText": "{ Set-StrictMode -Version 1; $_.PSMessageDetails }",
  "ScriptBlockId": "fad4cdc5-9beb-4e02-a95e-d83e75ba0702",
  "Path": null
}
{
  "Timestamp": "2023-01-13 17:22:46.020973Z",
  "Channel": "Microsoft-Windows-PowerShell/Operational",
  "Provider": "Microsoft-Windows-PowerShell",
  "Hostname": "QL-WKSTN-5693",
  "SID": "S-1-5-21-3258834958-2458682484-3394967329-1002",
  "EventID": 4100,
  "RecordID": 681,
  "Level": "Warning",
  "Descr": "<Payload> Context: <ContextInfo>",
  "ContextInfo": "        Severity = Warning\n        Host Name = ConsoleHost\n        Host Version = 5.1.18362.145\n        Host ID = b9a32c0b-536a-40bf-8c7b-d00f4c7e33b8\n        Host Application = C:\\Windows\\System32\\WindowsPowerShell\\v1.0\\powershell.exe -nop -windowstyle hidden -enc aQBlAHgAIAAoAG4AZQB3AC0AbwBiAGoAZQBjAHQAIABuAGUAdAAuAHcAZQBiAGMAbABpAGUAbgB0ACkALgBkAG8AdwBuAGwAbwBhAGQAcwB0AHIAaQBuAGcAKAAnAGgAdAB0AHAAOgAvAC8AZgBpAGwAZQBzAC4AYgBwAGEAawBjAGEAZwBpAG4AZwAuAHgAeQB6AC8AdQBwAGQAYQB0AGUAJwApAA==\n        Engine Version = 5.1.18362.145\n        Runspace ID = 813f1b7e-a346-4b82-92ba-5b513e0295c5\n        Pipeline ID = 1\n        Command Name = Invoke-WebRequest\n        Command Type = Cmdlet\n        Script Name = \n        Command Path = \n        Sequence Number = 463\n        User = QL-WKSTN-5693\\j.westcott\n        Connected User = \n        Shell ID = Microsoft.PowerShell\n",
  "UserData": null,
  "Payload": "Error Message = The response content cannot be parsed because the Internet Explorer engine is not available, or Internet Explorer's first-launch configuration is not complete. Specify the UseBasicParsing parameter and try again. \nFully Qualified Error ID = WebCmdletIEDomNotSupportedException,Microsoft.PowerShell.Commands.InvokeWebRequestCommand\n"
}
{
  "Timestamp": "2023-01-13 17:22:45.646850Z",
  "Channel": "Microsoft-Windows-PowerShell/Operational",
  "Provider": "Microsoft-Windows-PowerShell",
  "Hostname": "QL-WKSTN-5693",
  "SID": "S-1-5-21-3258834958-2458682484-3394967329-1002",
  "EventID": 4104,
  "RecordID": 680,
  "Level": "Verbose",
  "Descr": "Creating Scriptblock text (<MessageNumber> of <MessageTotal>)",
  "MessageNumber": "1",
  "MessageTotal": "1",
  "ScriptBlockText": "cd ..;pwd",
  "ScriptBlockId": "39ac1aa0-d40d-4576-8ba7-504cdc0fe05a",
  "Path": null
}
{
  "Timestamp": "2023-01-13 17:22:33.359256Z",
  "Channel": "Microsoft-Windows-PowerShell/Operational",
  "Provider": "Microsoft-Windows-PowerShell",
  "Hostname": "QL-WKSTN-5693",
  "SID": "S-1-5-21-3258834958-2458682484-3394967329-1002",
  "EventID": 4104,
  "RecordID": 679,
  "Level": "Verbose",
  "Descr": "Creating Scriptblock text (<MessageNumber> of <MessageTotal>)",
  "MessageNumber": "1",
  "MessageTotal": "1",
  "ScriptBlockText": "{ Set-StrictMode -Version 1; $_.OriginInfo }",
  "ScriptBlockId": "5e7c152d-0fdb-4ca7-9f6c-39d54d207311",
  "Path": null
}
{
  "Timestamp": "2023-01-13 17:22:33.358162Z",
  "Channel": "Microsoft-Windows-PowerShell/Operational",
  "Provider": "Microsoft-Windows-PowerShell",
  "Hostname": "QL-WKSTN-5693",
  "SID": "S-1-5-21-3258834958-2458682484-3394967329-1002",
  "EventID": 4104,
  "RecordID": 678,
  "Level": "Verbose",
  "Descr": "Creating Scriptblock text (<MessageNumber> of <MessageTotal>)",
  "MessageNumber": "1",
  "MessageTotal": "1",
  "ScriptBlockText": "{ Set-StrictMode -Version 1; $_.ErrorCategory_Message }",
  "ScriptBlockId": "37e88900-e03f-49b7-9a68-0d2d8ad1bcd5",
  "Path": null
}
{
  "Timestamp": "2023-01-13 17:22:33.357028Z",
  "Channel": "Microsoft-Windows-PowerShell/Operational",
  "Provider": "Microsoft-Windows-PowerShell",
  "Hostname": "QL-WKSTN-5693",
  "SID": "S-1-5-21-3258834958-2458682484-3394967329-1002",
  "EventID": 4104,
  "RecordID": 677,
  "Level": "Verbose",
  "Descr": "Creating Scriptblock text (<MessageNumber> of <MessageTotal>)",
  "MessageNumber": "1",
  "MessageTotal": "1",
  "ScriptBlockText": "{ Set-StrictMode -Version 1; $this.Exception.InnerException.PSMessageDetails }",
  "ScriptBlockId": "424e2d15-2f28-4cd2-8726-12302a17c6f1",
  "Path": null
}
{
  "Timestamp": "2023-01-13 17:22:33.352553Z",
  "Channel": "Microsoft-Windows-PowerShell/Operational",
  "Provider": "Microsoft-Windows-PowerShell",
  "Hostname": "QL-WKSTN-5693",
  "SID": "S-1-5-21-3258834958-2458682484-3394967329-1002",
  "EventID": 4104,
  "RecordID": 676,
  "Level": "Verbose",
  "Descr": "Creating Scriptblock text (<MessageNumber> of <MessageTotal>)",
  "MessageNumber": "1",
  "MessageTotal": "1",
  "ScriptBlockText": "{ Set-StrictMode -Version 1; $_.PSMessageDetails }",
  "ScriptBlockId": "003ce81f-29a6-4e52-a320-c95c0d5a5852",
  "Path": null
}
{
  "Timestamp": "2023-01-13 17:22:33.279871Z",
  "Channel": "Microsoft-Windows-PowerShell/Operational",
  "Provider": "Microsoft-Windows-PowerShell",
  "Hostname": "QL-WKSTN-5693",
  "SID": "S-1-5-21-3258834958-2458682484-3394967329-1002",
  "EventID": 4100,
  "RecordID": 675,
  "Level": "Warning",
  "Descr": "<Payload> Context: <ContextInfo>",
  "ContextInfo": "        Severity = Warning\n        Host Name = ConsoleHost\n        Host Version = 5.1.18362.145\n        Host ID = b9a32c0b-536a-40bf-8c7b-d00f4c7e33b8\n        Host Application = C:\\Windows\\System32\\WindowsPowerShell\\v1.0\\powershell.exe -nop -windowstyle hidden -enc aQBlAHgAIAAoAG4AZQB3AC0AbwBiAGoAZQBjAHQAIABuAGUAdAAuAHcAZQBiAGMAbABpAGUAbgB0ACkALgBkAG8AdwBuAGwAbwBhAGQAcwB0AHIAaQBuAGcAKAAnAGgAdAB0AHAAOgAvAC8AZgBpAGwAZQBzAC4AYgBwAGEAawBjAGEAZwBpAG4AZwAuAHgAeQB6AC8AdQBwAGQAYQB0AGUAJwApAA==\n        Engine Version = 5.1.18362.145\n        Runspace ID = 813f1b7e-a346-4b82-92ba-5b513e0295c5\n        Pipeline ID = 1\n        Command Name = Invoke-WebRequest\n        Command Type = Cmdlet\n        Script Name = \n        Command Path = \n        Sequence Number = 448\n        User = QL-WKSTN-5693\\j.westcott\n        Connected User = \n        Shell ID = Microsoft.PowerShell\n",
  "UserData": null,
  "Payload": "Error Message = The response content cannot be parsed because the Internet Explorer engine is not available, or Internet Explorer's first-launch configuration is not complete. Specify the UseBasicParsing parameter and try again. \nFully Qualified Error ID = WebCmdletIEDomNotSupportedException,Microsoft.PowerShell.Commands.InvokeWebRequestCommand\n"
}
{
  "Timestamp": "2023-01-13 17:22:32.675423Z",
  "Channel": "Microsoft-Windows-PowerShell/Operational",
  "Provider": "Microsoft-Windows-PowerShell",
  "Hostname": "QL-WKSTN-5693",
  "SID": "S-1-5-21-3258834958-2458682484-3394967329-1002",
  "EventID": 4104,
  "RecordID": 674,
  "Level": "Verbose",
  "Descr": "Creating Scriptblock text (<MessageNumber> of <MessageTotal>)",
  "MessageNumber": "1",
  "MessageTotal": "1",
  "ScriptBlockText": "ls Local\\Packages;pwd",
  "ScriptBlockId": "3eb3462a-41a7-4ece-b076-cea58bfefa1f",
  "Path": null
}
{
  "Timestamp": "2023-01-13 17:22:24.380374Z",
  "Channel": "Microsoft-Windows-PowerShell/Operational",
  "Provider": "Microsoft-Windows-PowerShell",
  "Hostname": "QL-WKSTN-5693",
  "SID": "S-1-5-21-3258834958-2458682484-3394967329-1002",
  "EventID": 4104,
  "RecordID": 673,
  "Level": "Verbose",
  "Descr": "Creating Scriptblock text (<MessageNumber> of <MessageTotal>)",
  "MessageNumber": "1",
  "MessageTotal": "1",
  "ScriptBlockText": "{ Set-StrictMode -Version 1; $_.OriginInfo }",
  "ScriptBlockId": "69828346-d553-4ff3-a140-b400efbe30f9",
  "Path": null
}
{
  "Timestamp": "2023-01-13 17:22:24.379220Z",
  "Channel": "Microsoft-Windows-PowerShell/Operational",
  "Provider": "Microsoft-Windows-PowerShell",
  "Hostname": "QL-WKSTN-5693",
  "SID": "S-1-5-21-3258834958-2458682484-3394967329-1002",
  "EventID": 4104,
  "RecordID": 672,
  "Level": "Verbose",
  "Descr": "Creating Scriptblock text (<MessageNumber> of <MessageTotal>)",
  "MessageNumber": "1",
  "MessageTotal": "1",
  "ScriptBlockText": "{ Set-StrictMode -Version 1; $_.ErrorCategory_Message }",
  "ScriptBlockId": "ab417bae-c491-43e0-a5de-b7787a0851d9",
  "Path": null
}
{
  "Timestamp": "2023-01-13 17:22:24.377936Z",
  "Channel": "Microsoft-Windows-PowerShell/Operational",
  "Provider": "Microsoft-Windows-PowerShell",
  "Hostname": "QL-WKSTN-5693",
  "SID": "S-1-5-21-3258834958-2458682484-3394967329-1002",
  "EventID": 4104,
  "RecordID": 671,
  "Level": "Verbose",
  "Descr": "Creating Scriptblock text (<MessageNumber> of <MessageTotal>)",
  "MessageNumber": "1",
  "MessageTotal": "1",
  "ScriptBlockText": "{ Set-StrictMode -Version 1; $this.Exception.InnerException.PSMessageDetails }",
  "ScriptBlockId": "71d9cbf3-52a3-4b63-88e3-7edcd5e0d417",
  "Path": null
}
{
  "Timestamp": "2023-01-13 17:22:24.372390Z",
  "Channel": "Microsoft-Windows-PowerShell/Operational",
  "Provider": "Microsoft-Windows-PowerShell",
  "Hostname": "QL-WKSTN-5693",
  "SID": "S-1-5-21-3258834958-2458682484-3394967329-1002",
  "EventID": 4104,
  "RecordID": 670,
  "Level": "Verbose",
  "Descr": "Creating Scriptblock text (<MessageNumber> of <MessageTotal>)",
  "MessageNumber": "1",
  "MessageTotal": "1",
  "ScriptBlockText": "{ Set-StrictMode -Version 1; $_.PSMessageDetails }",
  "ScriptBlockId": "6e489dad-37ee-4a2c-a0ef-dd54a2847f6a",
  "Path": null
}
{
  "Timestamp": "2023-01-13 17:22:24.291706Z",
  "Channel": "Microsoft-Windows-PowerShell/Operational",
  "Provider": "Microsoft-Windows-PowerShell",
  "Hostname": "QL-WKSTN-5693",
  "SID": "S-1-5-21-3258834958-2458682484-3394967329-1002",
  "EventID": 4100,
  "RecordID": 669,
  "Level": "Warning",
  "Descr": "<Payload> Context: <ContextInfo>",
  "ContextInfo": "        Severity = Warning\n        Host Name = ConsoleHost\n        Host Version = 5.1.18362.145\n        Host ID = b9a32c0b-536a-40bf-8c7b-d00f4c7e33b8\n        Host Application = C:\\Windows\\System32\\WindowsPowerShell\\v1.0\\powershell.exe -nop -windowstyle hidden -enc aQBlAHgAIAAoAG4AZQB3AC0AbwBiAGoAZQBjAHQAIABuAGUAdAAuAHcAZQBiAGMAbABpAGUAbgB0ACkALgBkAG8AdwBuAGwAbwBhAGQAcwB0AHIAaQBuAGcAKAAnAGgAdAB0AHAAOgAvAC8AZgBpAGwAZQBzAC4AYgBwAGEAawBjAGEAZwBpAG4AZwAuAHgAeQB6AC8AdQBwAGQAYQB0AGUAJwApAA==\n        Engine Version = 5.1.18362.145\n        Runspace ID = 813f1b7e-a346-4b82-92ba-5b513e0295c5\n        Pipeline ID = 1\n        Command Name = Invoke-WebRequest\n        Command Type = Cmdlet\n        Script Name = \n        Command Path = \n        Sequence Number = 433\n        User = QL-WKSTN-5693\\j.westcott\n        Connected User = \n        Shell ID = Microsoft.PowerShell\n",
  "UserData": null,
  "Payload": "Error Message = The response content cannot be parsed because the Internet Explorer engine is not available, or Internet Explorer's first-launch configuration is not complete. Specify the UseBasicParsing parameter and try again. \nFully Qualified Error ID = WebCmdletIEDomNotSupportedException,Microsoft.PowerShell.Commands.InvokeWebRequestCommand\n"
}
{
  "Timestamp": "2023-01-13 17:22:23.871653Z",
  "Channel": "Microsoft-Windows-PowerShell/Operational",
  "Provider": "Microsoft-Windows-PowerShell",
  "Hostname": "QL-WKSTN-5693",
  "SID": "S-1-5-21-3258834958-2458682484-3394967329-1002",
  "EventID": 4104,
  "RecordID": 668,
  "Level": "Verbose",
  "Descr": "Creating Scriptblock text (<MessageNumber> of <MessageTotal>)",
  "MessageNumber": "1",
  "MessageTotal": "1",
  "ScriptBlockText": "ls Local;pwd",
  "ScriptBlockId": "80c1fb6d-f99a-402e-be4e-cdaf47c280d8",
  "Path": null
}
{
  "Timestamp": "2023-01-13 17:21:53.531782Z",
  "Channel": "Microsoft-Windows-PowerShell/Operational",
  "Provider": "Microsoft-Windows-PowerShell",
  "Hostname": "QL-WKSTN-5693",
  "SID": "S-1-5-21-3258834958-2458682484-3394967329-1002",
  "EventID": 4104,
  "RecordID": 667,
  "Level": "Verbose",
  "Descr": "Creating Scriptblock text (<MessageNumber> of <MessageTotal>)",
  "MessageNumber": "1",
  "MessageTotal": "1",
  "ScriptBlockText": "{ Set-StrictMode -Version 1; $_.OriginInfo }",
  "ScriptBlockId": "7378f8b5-ee1b-4e8b-bb7a-9ffd4d3a3675",
  "Path": null
}
{
  "Timestamp": "2023-01-13 17:21:53.520747Z",
  "Channel": "Microsoft-Windows-PowerShell/Operational",
  "Provider": "Microsoft-Windows-PowerShell",
  "Hostname": "QL-WKSTN-5693",
  "SID": "S-1-5-21-3258834958-2458682484-3394967329-1002",
  "EventID": 4104,
  "RecordID": 666,
  "Level": "Verbose",
  "Descr": "Creating Scriptblock text (<MessageNumber> of <MessageTotal>)",
  "MessageNumber": "1",
  "MessageTotal": "1",
  "ScriptBlockText": "{ Set-StrictMode -Version 1; $_.ErrorCategory_Message }",
  "ScriptBlockId": "4213d37f-b914-45ca-9ceb-ef84af1d784d",
  "Path": null
}
{
  "Timestamp": "2023-01-13 17:21:53.519459Z",
  "Channel": "Microsoft-Windows-PowerShell/Operational",
  "Provider": "Microsoft-Windows-PowerShell",
  "Hostname": "QL-WKSTN-5693",
  "SID": "S-1-5-21-3258834958-2458682484-3394967329-1002",
  "EventID": 4104,
  "RecordID": 665,
  "Level": "Verbose",
  "Descr": "Creating Scriptblock text (<MessageNumber> of <MessageTotal>)",
  "MessageNumber": "1",
  "MessageTotal": "1",
  "ScriptBlockText": "{ Set-StrictMode -Version 1; $this.Exception.InnerException.PSMessageDetails }",
  "ScriptBlockId": "17b5f0c7-040e-4ba7-ac09-a4d8df486a9c",
  "Path": null
}
{
  "Timestamp": "2023-01-13 17:21:53.514882Z",
  "Channel": "Microsoft-Windows-PowerShell/Operational",
  "Provider": "Microsoft-Windows-PowerShell",
  "Hostname": "QL-WKSTN-5693",
  "SID": "S-1-5-21-3258834958-2458682484-3394967329-1002",
  "EventID": 4104,
  "RecordID": 664,
  "Level": "Verbose",
  "Descr": "Creating Scriptblock text (<MessageNumber> of <MessageTotal>)",
  "MessageNumber": "1",
  "MessageTotal": "1",
  "ScriptBlockText": "{ Set-StrictMode -Version 1; $_.PSMessageDetails }",
  "ScriptBlockId": "f6d53bf6-8fe5-4ab0-99bd-905416b06a2f",
  "Path": null
}
{
  "Timestamp": "2023-01-13 17:21:53.461439Z",
  "Channel": "Microsoft-Windows-PowerShell/Operational",
  "Provider": "Microsoft-Windows-PowerShell",
  "Hostname": "QL-WKSTN-5693",
  "SID": "S-1-5-21-3258834958-2458682484-3394967329-1002",
  "EventID": 4100,
  "RecordID": 663,
  "Level": "Warning",
  "Descr": "<Payload> Context: <ContextInfo>",
  "ContextInfo": "        Severity = Warning\n        Host Name = ConsoleHost\n        Host Version = 5.1.18362.145\n        Host ID = b9a32c0b-536a-40bf-8c7b-d00f4c7e33b8\n        Host Application = C:\\Windows\\System32\\WindowsPowerShell\\v1.0\\powershell.exe -nop -windowstyle hidden -enc aQBlAHgAIAAoAG4AZQB3AC0AbwBiAGoAZQBjAHQAIABuAGUAdAAuAHcAZQBiAGMAbABpAGUAbgB0ACkALgBkAG8AdwBuAGwAbwBhAGQAcwB0AHIAaQBuAGcAKAAnAGgAdAB0AHAAOgAvAC8AZgBpAGwAZQBzAC4AYgBwAGEAawBjAGEAZwBpAG4AZwAuAHgAeQB6AC8AdQBwAGQAYQB0AGUAJwApAA==\n        Engine Version = 5.1.18362.145\n        Runspace ID = 813f1b7e-a346-4b82-92ba-5b513e0295c5\n        Pipeline ID = 1\n        Command Name = Invoke-WebRequest\n        Command Type = Cmdlet\n        Script Name = \n        Command Path = \n        Sequence Number = 418\n        User = QL-WKSTN-5693\\j.westcott\n        Connected User = \n        Shell ID = Microsoft.PowerShell\n",
  "UserData": null,
  "Payload": "Error Message = The response content cannot be parsed because the Internet Explorer engine is not available, or Internet Explorer's first-launch configuration is not complete. Specify the UseBasicParsing parameter and try again. \nFully Qualified Error ID = WebCmdletIEDomNotSupportedException,Microsoft.PowerShell.Commands.InvokeWebRequestCommand\n"
}
{
  "Timestamp": "2023-01-13 17:21:51.688737Z",
  "Channel": "Microsoft-Windows-PowerShell/Operational",
  "Provider": "Microsoft-Windows-PowerShell",
  "Hostname": "QL-WKSTN-5693",
  "SID": "S-1-5-21-3258834958-2458682484-3394967329-1002",
  "EventID": 4104,
  "RecordID": 662,
  "Level": "Verbose",
  "Descr": "Creating Scriptblock text (<MessageNumber> of <MessageTotal>)",
  "MessageNumber": "1",
  "MessageTotal": "1",
  "ScriptBlockText": "{ Set-StrictMode -Version 1; $_.OriginInfo }",
  "ScriptBlockId": "b0f272a5-4b2d-43de-89e0-26773ce99a8c",
  "Path": null
}
{
  "Timestamp": "2023-01-13 17:21:51.687514Z",
  "Channel": "Microsoft-Windows-PowerShell/Operational",
  "Provider": "Microsoft-Windows-PowerShell",
  "Hostname": "QL-WKSTN-5693",
  "SID": "S-1-5-21-3258834958-2458682484-3394967329-1002",
  "EventID": 4104,
  "RecordID": 661,
  "Level": "Verbose",
  "Descr": "Creating Scriptblock text (<MessageNumber> of <MessageTotal>)",
  "MessageNumber": "1",
  "MessageTotal": "1",
  "ScriptBlockText": "{ Set-StrictMode -Version 1; $_.ErrorCategory_Message }",
  "ScriptBlockId": "712065cb-2d3c-4657-af3a-c3e6caacca72",
  "Path": null
}
{
  "Timestamp": "2023-01-13 17:21:51.686226Z",
  "Channel": "Microsoft-Windows-PowerShell/Operational",
  "Provider": "Microsoft-Windows-PowerShell",
  "Hostname": "QL-WKSTN-5693",
  "SID": "S-1-5-21-3258834958-2458682484-3394967329-1002",
  "EventID": 4104,
  "RecordID": 660,
  "Level": "Verbose",
  "Descr": "Creating Scriptblock text (<MessageNumber> of <MessageTotal>)",
  "MessageNumber": "1",
  "MessageTotal": "1",
  "ScriptBlockText": "{ Set-StrictMode -Version 1; $this.Exception.InnerException.PSMessageDetails }",
  "ScriptBlockId": "a5808054-b405-443b-8b5b-c37c48f6cb5e",
  "Path": null
}
{
  "Timestamp": "2023-01-13 17:21:51.680852Z",
  "Channel": "Microsoft-Windows-PowerShell/Operational",
  "Provider": "Microsoft-Windows-PowerShell",
  "Hostname": "QL-WKSTN-5693",
  "SID": "S-1-5-21-3258834958-2458682484-3394967329-1002",
  "EventID": 4104,
  "RecordID": 659,
  "Level": "Verbose",
  "Descr": "Creating Scriptblock text (<MessageNumber> of <MessageTotal>)",
  "MessageNumber": "1",
  "MessageTotal": "1",
  "ScriptBlockText": "{ Set-StrictMode -Version 1; $_.PSMessageDetails }",
  "ScriptBlockId": "3b3efbef-200b-48cf-ba41-7d544481b7c6",
  "Path": null
}
{
  "Timestamp": "2023-01-13 17:21:51.595224Z",
  "Channel": "Microsoft-Windows-PowerShell/Operational",
  "Provider": "Microsoft-Windows-PowerShell",
  "Hostname": "QL-WKSTN-5693",
  "SID": "S-1-5-21-3258834958-2458682484-3394967329-1002",
  "EventID": 4100,
  "RecordID": 658,
  "Level": "Warning",
  "Descr": "<Payload> Context: <ContextInfo>",
  "ContextInfo": "        Severity = Warning\n        Host Name = ConsoleHost\n        Host Version = 5.1.18362.145\n        Host ID = b9a32c0b-536a-40bf-8c7b-d00f4c7e33b8\n        Host Application = C:\\Windows\\System32\\WindowsPowerShell\\v1.0\\powershell.exe -nop -windowstyle hidden -enc aQBlAHgAIAAoAG4AZQB3AC0AbwBiAGoAZQBjAHQAIABuAGUAdAAuAHcAZQBiAGMAbABpAGUAbgB0ACkALgBkAG8AdwBuAGwAbwBhAGQAcwB0AHIAaQBuAGcAKAAnAGgAdAB0AHAAOgAvAC8AZgBpAGwAZQBzAC4AYgBwAGEAawBjAGEAZwBpAG4AZwAuAHgAeQB6AC8AdQBwAGQAYQB0AGUAJwApAA==\n        Engine Version = 5.1.18362.145\n        Runspace ID = 813f1b7e-a346-4b82-92ba-5b513e0295c5\n        Pipeline ID = 1\n        Command Name = Invoke-WebRequest\n        Command Type = Cmdlet\n        Script Name = \n        Command Path = \n        Sequence Number = 403\n        User = QL-WKSTN-5693\\j.westcott\n        Connected User = \n        Shell ID = Microsoft.PowerShell\n",
  "UserData": null,
  "Payload": "Error Message = The response content cannot be parsed because the Internet Explorer engine is not available, or Internet Explorer's first-launch configuration is not complete. Specify the UseBasicParsing parameter and try again. \nFully Qualified Error ID = WebCmdletIEDomNotSupportedException,Microsoft.PowerShell.Commands.InvokeWebRequestCommand\n"
}
{
  "Timestamp": "2023-01-13 17:21:51.236206Z",
  "Channel": "Microsoft-Windows-PowerShell/Operational",
  "Provider": "Microsoft-Windows-PowerShell",
  "Hostname": "QL-WKSTN-5693",
  "SID": "S-1-5-21-3258834958-2458682484-3394967329-1002",
  "EventID": 4104,
  "RecordID": 657,
  "Level": "Verbose",
  "Descr": "Creating Scriptblock text (<MessageNumber> of <MessageTotal>)",
  "MessageNumber": "1",
  "MessageTotal": "1",
  "ScriptBlockText": "cd ..\\AppData;pwd",
  "ScriptBlockId": "aa0c2839-94cc-46a0-be9f-1a6dfec53474",
  "Path": null
}
{
  "Timestamp": "2023-01-13 17:20:05.522330Z",
  "Channel": "Microsoft-Windows-PowerShell/Operational",
  "Provider": "Microsoft-Windows-PowerShell",
  "Hostname": "QL-WKSTN-5693",
  "SID": "S-1-5-21-3258834958-2458682484-3394967329-1002",
  "EventID": 4104,
  "RecordID": 656,
  "Level": "Verbose",
  "Descr": "Creating Scriptblock text (<MessageNumber> of <MessageTotal>)",
  "MessageNumber": "1",
  "MessageTotal": "1",
  "ScriptBlockText": "{ Set-StrictMode -Version 1; $_.OriginInfo }",
  "ScriptBlockId": "e8c64f7e-f9ed-4c3c-871c-79a731378117",
  "Path": null
}
{
  "Timestamp": "2023-01-13 17:20:05.521207Z",
  "Channel": "Microsoft-Windows-PowerShell/Operational",
  "Provider": "Microsoft-Windows-PowerShell",
  "Hostname": "QL-WKSTN-5693",
  "SID": "S-1-5-21-3258834958-2458682484-3394967329-1002",
  "EventID": 4104,
  "RecordID": 655,
  "Level": "Verbose",
  "Descr": "Creating Scriptblock text (<MessageNumber> of <MessageTotal>)",
  "MessageNumber": "1",
  "MessageTotal": "1",
  "ScriptBlockText": "{ Set-StrictMode -Version 1; $_.ErrorCategory_Message }",
  "ScriptBlockId": "336d042a-3f6d-4fef-b7fa-15d664d8f8f2",
  "Path": null
}
{
  "Timestamp": "2023-01-13 17:20:05.519984Z",
  "Channel": "Microsoft-Windows-PowerShell/Operational",
  "Provider": "Microsoft-Windows-PowerShell",
  "Hostname": "QL-WKSTN-5693",
  "SID": "S-1-5-21-3258834958-2458682484-3394967329-1002",
  "EventID": 4104,
  "RecordID": 654,
  "Level": "Verbose",
  "Descr": "Creating Scriptblock text (<MessageNumber> of <MessageTotal>)",
  "MessageNumber": "1",
  "MessageTotal": "1",
  "ScriptBlockText": "{ Set-StrictMode -Version 1; $this.Exception.InnerException.PSMessageDetails }",
  "ScriptBlockId": "cdbbd258-4735-4459-a507-844abff667d5",
  "Path": null
}
{
  "Timestamp": "2023-01-13 17:20:05.514600Z",
  "Channel": "Microsoft-Windows-PowerShell/Operational",
  "Provider": "Microsoft-Windows-PowerShell",
  "Hostname": "QL-WKSTN-5693",
  "SID": "S-1-5-21-3258834958-2458682484-3394967329-1002",
  "EventID": 4104,
  "RecordID": 653,
  "Level": "Verbose",
  "Descr": "Creating Scriptblock text (<MessageNumber> of <MessageTotal>)",
  "MessageNumber": "1",
  "MessageTotal": "1",
  "ScriptBlockText": "{ Set-StrictMode -Version 1; $_.PSMessageDetails }",
  "ScriptBlockId": "4afa32cd-3e96-44c9-a1a3-c99a9b0fae65",
  "Path": null
}
{
  "Timestamp": "2023-01-13 17:20:05.440904Z",
  "Channel": "Microsoft-Windows-PowerShell/Operational",
  "Provider": "Microsoft-Windows-PowerShell",
  "Hostname": "QL-WKSTN-5693",
  "SID": "S-1-5-21-3258834958-2458682484-3394967329-1002",
  "EventID": 4100,
  "RecordID": 652,
  "Level": "Warning",
  "Descr": "<Payload> Context: <ContextInfo>",
  "ContextInfo": "        Severity = Warning\n        Host Name = ConsoleHost\n        Host Version = 5.1.18362.145\n        Host ID = b9a32c0b-536a-40bf-8c7b-d00f4c7e33b8\n        Host Application = C:\\Windows\\System32\\WindowsPowerShell\\v1.0\\powershell.exe -nop -windowstyle hidden -enc aQBlAHgAIAAoAG4AZQB3AC0AbwBiAGoAZQBjAHQAIABuAGUAdAAuAHcAZQBiAGMAbABpAGUAbgB0ACkALgBkAG8AdwBuAGwAbwBhAGQAcwB0AHIAaQBuAGcAKAAnAGgAdAB0AHAAOgAvAC8AZgBpAGwAZQBzAC4AYgBwAGEAawBjAGEAZwBpAG4AZwAuAHgAeQB6AC8AdQBwAGQAYQB0AGUAJwApAA==\n        Engine Version = 5.1.18362.145\n        Runspace ID = 813f1b7e-a346-4b82-92ba-5b513e0295c5\n        Pipeline ID = 1\n        Command Name = Invoke-WebRequest\n        Command Type = Cmdlet\n        Script Name = \n        Command Path = \n        Sequence Number = 388\n        User = QL-WKSTN-5693\\j.westcott\n        Connected User = \n        Shell ID = Microsoft.PowerShell\n",
  "UserData": null,
  "Payload": "Error Message = The response content cannot be parsed because the Internet Explorer engine is not available, or Internet Explorer's first-launch configuration is not complete. Specify the UseBasicParsing parameter and try again. \nFully Qualified Error ID = WebCmdletIEDomNotSupportedException,Microsoft.PowerShell.Commands.InvokeWebRequestCommand\n"
}
{
  "Timestamp": "2023-01-13 17:19:06.577378Z",
  "Channel": "Microsoft-Windows-PowerShell/Operational",
  "Provider": "Microsoft-Windows-PowerShell",
  "Hostname": "QL-WKSTN-5693",
  "SID": "S-1-5-21-3258834958-2458682484-3394967329-1002",
  "EventID": 4104,
  "RecordID": 651,
  "Level": "Verbose",
  "Descr": "Creating Scriptblock text (<MessageNumber> of <MessageTotal>)",
  "MessageNumber": "1",
  "MessageTotal": "1",
  "ScriptBlockText": "{ Set-StrictMode -Version 1; $_.OriginInfo }",
  "ScriptBlockId": "b242910f-4c21-4483-b9a8-9049158b7d10",
  "Path": null
}
{
  "Timestamp": "2023-01-13 17:19:06.576375Z",
  "Channel": "Microsoft-Windows-PowerShell/Operational",
  "Provider": "Microsoft-Windows-PowerShell",
  "Hostname": "QL-WKSTN-5693",
  "SID": "S-1-5-21-3258834958-2458682484-3394967329-1002",
  "EventID": 4104,
  "RecordID": 650,
  "Level": "Verbose",
  "Descr": "Creating Scriptblock text (<MessageNumber> of <MessageTotal>)",
  "MessageNumber": "1",
  "MessageTotal": "1",
  "ScriptBlockText": "{ Set-StrictMode -Version 1; $_.ErrorCategory_Message }",
  "ScriptBlockId": "881cf77c-5240-4d50-b5c2-7a5d99ee199b",
  "Path": null
}
{
  "Timestamp": "2023-01-13 17:19:06.575030Z",
  "Channel": "Microsoft-Windows-PowerShell/Operational",
  "Provider": "Microsoft-Windows-PowerShell",
  "Hostname": "QL-WKSTN-5693",
  "SID": "S-1-5-21-3258834958-2458682484-3394967329-1002",
  "EventID": 4104,
  "RecordID": 649,
  "Level": "Verbose",
  "Descr": "Creating Scriptblock text (<MessageNumber> of <MessageTotal>)",
  "MessageNumber": "1",
  "MessageTotal": "1",
  "ScriptBlockText": "{ Set-StrictMode -Version 1; $this.Exception.InnerException.PSMessageDetails }",
  "ScriptBlockId": "47e1e747-155b-42f8-a00e-30500d914055",
  "Path": null
}
{
  "Timestamp": "2023-01-13 17:19:06.569120Z",
  "Channel": "Microsoft-Windows-PowerShell/Operational",
  "Provider": "Microsoft-Windows-PowerShell",
  "Hostname": "QL-WKSTN-5693",
  "SID": "S-1-5-21-3258834958-2458682484-3394967329-1002",
  "EventID": 4104,
  "RecordID": 648,
  "Level": "Verbose",
  "Descr": "Creating Scriptblock text (<MessageNumber> of <MessageTotal>)",
  "MessageNumber": "1",
  "MessageTotal": "1",
  "ScriptBlockText": "{ Set-StrictMode -Version 1; $_.PSMessageDetails }",
  "ScriptBlockId": "b903fc84-7cec-4858-8229-237f5cfeacb8",
  "Path": null
}
{
  "Timestamp": "2023-01-13 17:19:06.419776Z",
  "Channel": "Microsoft-Windows-PowerShell/Operational",
  "Provider": "Microsoft-Windows-PowerShell",
  "Hostname": "QL-WKSTN-5693",
  "SID": "S-1-5-21-3258834958-2458682484-3394967329-1002",
  "EventID": 4100,
  "RecordID": 647,
  "Level": "Warning",
  "Descr": "<Payload> Context: <ContextInfo>",
  "ContextInfo": "        Severity = Warning\n        Host Name = ConsoleHost\n        Host Version = 5.1.18362.145\n        Host ID = b9a32c0b-536a-40bf-8c7b-d00f4c7e33b8\n        Host Application = C:\\Windows\\System32\\WindowsPowerShell\\v1.0\\powershell.exe -nop -windowstyle hidden -enc aQBlAHgAIAAoAG4AZQB3AC0AbwBiAGoAZQBjAHQAIABuAGUAdAAuAHcAZQBiAGMAbABpAGUAbgB0ACkALgBkAG8AdwBuAGwAbwBhAGQAcwB0AHIAaQBuAGcAKAAnAGgAdAB0AHAAOgAvAC8AZgBpAGwAZQBzAC4AYgBwAGEAawBjAGEAZwBpAG4AZwAuAHgAeQB6AC8AdQBwAGQAYQB0AGUAJwApAA==\n        Engine Version = 5.1.18362.145\n        Runspace ID = 813f1b7e-a346-4b82-92ba-5b513e0295c5\n        Pipeline ID = 1\n        Command Name = Invoke-WebRequest\n        Command Type = Cmdlet\n        Script Name = \n        Command Path = \n        Sequence Number = 373\n        User = QL-WKSTN-5693\\j.westcott\n        Connected User = \n        Shell ID = Microsoft.PowerShell\n",
  "UserData": null,
  "Payload": "Error Message = The response content cannot be parsed because the Internet Explorer engine is not available, or Internet Explorer's first-launch configuration is not complete. Specify the UseBasicParsing parameter and try again. \nFully Qualified Error ID = WebCmdletIEDomNotSupportedException,Microsoft.PowerShell.Commands.InvokeWebRequestCommand\n"
}
{
  "Timestamp": "2023-01-13 17:19:06.035992Z",
  "Channel": "Microsoft-Windows-PowerShell/Operational",
  "Provider": "Microsoft-Windows-PowerShell",
  "Hostname": "QL-WKSTN-5693",
  "SID": "S-1-5-21-3258834958-2458682484-3394967329-1002",
  "EventID": 4104,
  "RecordID": 646,
  "Level": "Verbose",
  "Descr": "Creating Scriptblock text (<MessageNumber> of <MessageTotal>)",
  "MessageNumber": "1",
  "MessageTotal": "1",
  "ScriptBlockText": "ls C:\\Users\\j.westcott\\Documents\\protected_data.kdbx;pwd",
  "ScriptBlockId": "edd98383-cd2f-4410-81f9-c4ced9b27ab1",
  "Path": null
}
{
  "Timestamp": "2023-01-13 17:18:15.267675Z",
  "Channel": "Microsoft-Windows-PowerShell/Operational",
  "Provider": "Microsoft-Windows-PowerShell",
  "Hostname": "QL-WKSTN-5693",
  "SID": "S-1-5-21-3258834958-2458682484-3394967329-1002",
  "EventID": 4104,
  "RecordID": 645,
  "Level": "Verbose",
  "Descr": "Creating Scriptblock text (<MessageNumber> of <MessageTotal>)",
  "MessageNumber": "1",
  "MessageTotal": "1",
  "ScriptBlockText": "{ Set-StrictMode -Version 1; $_.OriginInfo }",
  "ScriptBlockId": "402b3992-c28a-4c36-9f96-3d1fc1438413",
  "Path": null
}
{
  "Timestamp": "2023-01-13 17:18:15.266276Z",
  "Channel": "Microsoft-Windows-PowerShell/Operational",
  "Provider": "Microsoft-Windows-PowerShell",
  "Hostname": "QL-WKSTN-5693",
  "SID": "S-1-5-21-3258834958-2458682484-3394967329-1002",
  "EventID": 4104,
  "RecordID": 644,
  "Level": "Verbose",
  "Descr": "Creating Scriptblock text (<MessageNumber> of <MessageTotal>)",
  "MessageNumber": "1",
  "MessageTotal": "1",
  "ScriptBlockText": "{ Set-StrictMode -Version 1; $_.ErrorCategory_Message }",
  "ScriptBlockId": "7bc59770-8051-4497-b254-85997790a14a",
  "Path": null
}
{
  "Timestamp": "2023-01-13 17:18:15.265108Z",
  "Channel": "Microsoft-Windows-PowerShell/Operational",
  "Provider": "Microsoft-Windows-PowerShell",
  "Hostname": "QL-WKSTN-5693",
  "SID": "S-1-5-21-3258834958-2458682484-3394967329-1002",
  "EventID": 4104,
  "RecordID": 643,
  "Level": "Verbose",
  "Descr": "Creating Scriptblock text (<MessageNumber> of <MessageTotal>)",
  "MessageNumber": "1",
  "MessageTotal": "1",
  "ScriptBlockText": "{ Set-StrictMode -Version 1; $this.Exception.InnerException.PSMessageDetails }",
  "ScriptBlockId": "e7e68ade-6276-4e79-9901-8eb749b266ec",
  "Path": null
}
{
  "Timestamp": "2023-01-13 17:18:15.260559Z",
  "Channel": "Microsoft-Windows-PowerShell/Operational",
  "Provider": "Microsoft-Windows-PowerShell",
  "Hostname": "QL-WKSTN-5693",
  "SID": "S-1-5-21-3258834958-2458682484-3394967329-1002",
  "EventID": 4104,
  "RecordID": 642,
  "Level": "Verbose",
  "Descr": "Creating Scriptblock text (<MessageNumber> of <MessageTotal>)",
  "MessageNumber": "1",
  "MessageTotal": "1",
  "ScriptBlockText": "{ Set-StrictMode -Version 1; $_.PSMessageDetails }",
  "ScriptBlockId": "439401a5-8c65-4f3b-981e-3f6c3b592441",
  "Path": null
}
{
  "Timestamp": "2023-01-13 17:18:15.195659Z",
  "Channel": "Microsoft-Windows-PowerShell/Operational",
  "Provider": "Microsoft-Windows-PowerShell",
  "Hostname": "QL-WKSTN-5693",
  "SID": "S-1-5-21-3258834958-2458682484-3394967329-1002",
  "EventID": 4100,
  "RecordID": 641,
  "Level": "Warning",
  "Descr": "<Payload> Context: <ContextInfo>",
  "ContextInfo": "        Severity = Warning\n        Host Name = ConsoleHost\n        Host Version = 5.1.18362.145\n        Host ID = b9a32c0b-536a-40bf-8c7b-d00f4c7e33b8\n        Host Application = C:\\Windows\\System32\\WindowsPowerShell\\v1.0\\powershell.exe -nop -windowstyle hidden -enc aQBlAHgAIAAoAG4AZQB3AC0AbwBiAGoAZQBjAHQAIABuAGUAdAAuAHcAZQBiAGMAbABpAGUAbgB0ACkALgBkAG8AdwBuAGwAbwBhAGQAcwB0AHIAaQBuAGcAKAAnAGgAdAB0AHAAOgAvAC8AZgBpAGwAZQBzAC4AYgBwAGEAawBjAGEAZwBpAG4AZwAuAHgAeQB6AC8AdQBwAGQAYQB0AGUAJwApAA==\n        Engine Version = 5.1.18362.145\n        Runspace ID = 813f1b7e-a346-4b82-92ba-5b513e0295c5\n        Pipeline ID = 1\n        Command Name = Invoke-WebRequest\n        Command Type = Cmdlet\n        Script Name = \n        Command Path = \n        Sequence Number = 358\n        User = QL-WKSTN-5693\\j.westcott\n        Connected User = \n        Shell ID = Microsoft.PowerShell\n",
  "UserData": null,
  "Payload": "Error Message = The response content cannot be parsed because the Internet Explorer engine is not available, or Internet Explorer's first-launch configuration is not complete. Specify the UseBasicParsing parameter and try again. \nFully Qualified Error ID = WebCmdletIEDomNotSupportedException,Microsoft.PowerShell.Commands.InvokeWebRequestCommand\n"
}
{
  "Timestamp": "2023-01-13 17:18:13.946269Z",
  "Channel": "Microsoft-Windows-PowerShell/Operational",
  "Provider": "Microsoft-Windows-PowerShell",
  "Hostname": "QL-WKSTN-5693",
  "SID": "S-1-5-21-3258834958-2458682484-3394967329-1002",
  "EventID": 4104,
  "RecordID": 640,
  "Level": "Verbose",
  "Descr": "Creating Scriptblock text (<MessageNumber> of <MessageTotal>)",
  "MessageNumber": "1",
  "MessageTotal": "1",
  "ScriptBlockText": ".\\sb.exe -group=user;pwd",
  "ScriptBlockId": "f0bf6b8a-5ab2-4c86-b498-9205e5486b48",
  "Path": null
}
{
  "Timestamp": "2023-01-13 17:18:08.449239Z",
  "Channel": "Microsoft-Windows-PowerShell/Operational",
  "Provider": "Microsoft-Windows-PowerShell",
  "Hostname": "QL-WKSTN-5693",
  "SID": "S-1-5-21-3258834958-2458682484-3394967329-1002",
  "EventID": 4104,
  "RecordID": 639,
  "Level": "Verbose",
  "Descr": "Creating Scriptblock text (<MessageNumber> of <MessageTotal>)",
  "MessageNumber": "1",
  "MessageTotal": "1",
  "ScriptBlockText": "{ Set-StrictMode -Version 1; $_.OriginInfo }",
  "ScriptBlockId": "078c2467-1094-4c4a-9d3c-d430d39d4730",
  "Path": null
}
{
  "Timestamp": "2023-01-13 17:18:08.448037Z",
  "Channel": "Microsoft-Windows-PowerShell/Operational",
  "Provider": "Microsoft-Windows-PowerShell",
  "Hostname": "QL-WKSTN-5693",
  "SID": "S-1-5-21-3258834958-2458682484-3394967329-1002",
  "EventID": 4104,
  "RecordID": 638,
  "Level": "Verbose",
  "Descr": "Creating Scriptblock text (<MessageNumber> of <MessageTotal>)",
  "MessageNumber": "1",
  "MessageTotal": "1",
  "ScriptBlockText": "{ Set-StrictMode -Version 1; $_.ErrorCategory_Message }",
  "ScriptBlockId": "b2844ad3-4867-420c-a5bb-72aa085a81e4",
  "Path": null
}
{
  "Timestamp": "2023-01-13 17:18:08.446689Z",
  "Channel": "Microsoft-Windows-PowerShell/Operational",
  "Provider": "Microsoft-Windows-PowerShell",
  "Hostname": "QL-WKSTN-5693",
  "SID": "S-1-5-21-3258834958-2458682484-3394967329-1002",
  "EventID": 4104,
  "RecordID": 637,
  "Level": "Verbose",
  "Descr": "Creating Scriptblock text (<MessageNumber> of <MessageTotal>)",
  "MessageNumber": "1",
  "MessageTotal": "1",
  "ScriptBlockText": "{ Set-StrictMode -Version 1; $this.Exception.InnerException.PSMessageDetails }",
  "ScriptBlockId": "46655f73-7fc0-416a-b4d0-6d3536164bd7",
  "Path": null
}
{
  "Timestamp": "2023-01-13 17:18:08.441918Z",
  "Channel": "Microsoft-Windows-PowerShell/Operational",
  "Provider": "Microsoft-Windows-PowerShell",
  "Hostname": "QL-WKSTN-5693",
  "SID": "S-1-5-21-3258834958-2458682484-3394967329-1002",
  "EventID": 4104,
  "RecordID": 636,
  "Level": "Verbose",
  "Descr": "Creating Scriptblock text (<MessageNumber> of <MessageTotal>)",
  "MessageNumber": "1",
  "MessageTotal": "1",
  "ScriptBlockText": "{ Set-StrictMode -Version 1; $_.PSMessageDetails }",
  "ScriptBlockId": "1db4de2f-e65b-4393-8e25-8db5149a9cec",
  "Path": null
}
{
  "Timestamp": "2023-01-13 17:18:08.390368Z",
  "Channel": "Microsoft-Windows-PowerShell/Operational",
  "Provider": "Microsoft-Windows-PowerShell",
  "Hostname": "QL-WKSTN-5693",
  "SID": "S-1-5-21-3258834958-2458682484-3394967329-1002",
  "EventID": 4100,
  "RecordID": 635,
  "Level": "Warning",
  "Descr": "<Payload> Context: <ContextInfo>",
  "ContextInfo": "        Severity = Warning\n        Host Name = ConsoleHost\n        Host Version = 5.1.18362.145\n        Host ID = b9a32c0b-536a-40bf-8c7b-d00f4c7e33b8\n        Host Application = C:\\Windows\\System32\\WindowsPowerShell\\v1.0\\powershell.exe -nop -windowstyle hidden -enc aQBlAHgAIAAoAG4AZQB3AC0AbwBiAGoAZQBjAHQAIABuAGUAdAAuAHcAZQBiAGMAbABpAGUAbgB0ACkALgBkAG8AdwBuAGwAbwBhAGQAcwB0AHIAaQBuAGcAKAAnAGgAdAB0AHAAOgAvAC8AZgBpAGwAZQBzAC4AYgBwAGEAawBjAGEAZwBpAG4AZwAuAHgAeQB6AC8AdQBwAGQAYQB0AGUAJwApAA==\n        Engine Version = 5.1.18362.145\n        Runspace ID = 813f1b7e-a346-4b82-92ba-5b513e0295c5\n        Pipeline ID = 1\n        Command Name = Invoke-WebRequest\n        Command Type = Cmdlet\n        Script Name = \n        Command Path = \n        Sequence Number = 343\n        User = QL-WKSTN-5693\\j.westcott\n        Connected User = \n        Shell ID = Microsoft.PowerShell\n",
  "UserData": null,
  "Payload": "Error Message = The response content cannot be parsed because the Internet Explorer engine is not available, or Internet Explorer's first-launch configuration is not complete. Specify the UseBasicParsing parameter and try again. \nFully Qualified Error ID = WebCmdletIEDomNotSupportedException,Microsoft.PowerShell.Commands.InvokeWebRequestCommand\n"
}
{
  "Timestamp": "2023-01-13 17:18:07.999315Z",
  "Channel": "Microsoft-Windows-PowerShell/Operational",
  "Provider": "Microsoft-Windows-PowerShell",
  "Hostname": "QL-WKSTN-5693",
  "SID": "S-1-5-21-3258834958-2458682484-3394967329-1002",
  "EventID": 4104,
  "RecordID": 634,
  "Level": "Verbose",
  "Descr": "Creating Scriptblock text (<MessageNumber> of <MessageTotal>)",
  "MessageNumber": "1",
  "MessageTotal": "1",
  "ScriptBlockText": "{ Set-StrictMode -Version 1; $_.OriginInfo }",
  "ScriptBlockId": "cbc4f734-8ae8-447b-9c0d-2e33608546e3",
  "Path": null
}
{
  "Timestamp": "2023-01-13 17:18:07.998237Z",
  "Channel": "Microsoft-Windows-PowerShell/Operational",
  "Provider": "Microsoft-Windows-PowerShell",
  "Hostname": "QL-WKSTN-5693",
  "SID": "S-1-5-21-3258834958-2458682484-3394967329-1002",
  "EventID": 4104,
  "RecordID": 633,
  "Level": "Verbose",
  "Descr": "Creating Scriptblock text (<MessageNumber> of <MessageTotal>)",
  "MessageNumber": "1",
  "MessageTotal": "1",
  "ScriptBlockText": "{ Set-StrictMode -Version 1; $_.ErrorCategory_Message }",
  "ScriptBlockId": "76cb48bb-ebfd-49d7-92fb-f28869dd3899",
  "Path": null
}
{
  "Timestamp": "2023-01-13 17:18:07.992167Z",
  "Channel": "Microsoft-Windows-PowerShell/Operational",
  "Provider": "Microsoft-Windows-PowerShell",
  "Hostname": "QL-WKSTN-5693",
  "SID": "S-1-5-21-3258834958-2458682484-3394967329-1002",
  "EventID": 4104,
  "RecordID": 632,
  "Level": "Verbose",
  "Descr": "Creating Scriptblock text (<MessageNumber> of <MessageTotal>)",
  "MessageNumber": "1",
  "MessageTotal": "1",
  "ScriptBlockText": "{ Set-StrictMode -Version 1; $this.Exception.InnerException.PSMessageDetails }",
  "ScriptBlockId": "7b525ce7-9848-4586-8c19-8ad739c4df6c",
  "Path": null
}
{
  "Timestamp": "2023-01-13 17:18:07.987707Z",
  "Channel": "Microsoft-Windows-PowerShell/Operational",
  "Provider": "Microsoft-Windows-PowerShell",
  "Hostname": "QL-WKSTN-5693",
  "SID": "S-1-5-21-3258834958-2458682484-3394967329-1002",
  "EventID": 4104,
  "RecordID": 631,
  "Level": "Verbose",
  "Descr": "Creating Scriptblock text (<MessageNumber> of <MessageTotal>)",
  "MessageNumber": "1",
  "MessageTotal": "1",
  "ScriptBlockText": "{ Set-StrictMode -Version 1; $_.PSMessageDetails }",
  "ScriptBlockId": "0f6e3a0d-f739-4343-8391-82de3a1c1bf2",
  "Path": null
}
{
  "Timestamp": "2023-01-13 17:18:05.437844Z",
  "Channel": "Microsoft-Windows-PowerShell/Operational",
  "Provider": "Microsoft-Windows-PowerShell",
  "Hostname": "QL-WKSTN-5693",
  "SID": "S-1-5-21-3258834958-2458682484-3394967329-1002",
  "EventID": 4104,
  "RecordID": 630,
  "Level": "Verbose",
  "Descr": "Creating Scriptblock text (<MessageNumber> of <MessageTotal>)",
  "MessageNumber": "1",
  "MessageTotal": "1",
  "ScriptBlockText": "Seatbelt.exe -group=user;pwd",
  "ScriptBlockId": "b30502d2-8ba0-4a68-89eb-a42c192a1133",
  "Path": null
}
{
  "Timestamp": "2023-01-13 17:17:46.206990Z",
  "Channel": "Microsoft-Windows-PowerShell/Operational",
  "Provider": "Microsoft-Windows-PowerShell",
  "Hostname": "QL-WKSTN-5693",
  "SID": "S-1-5-21-3258834958-2458682484-3394967329-1002",
  "EventID": 4104,
  "RecordID": 629,
  "Level": "Verbose",
  "Descr": "Creating Scriptblock text (<MessageNumber> of <MessageTotal>)",
  "MessageNumber": "1",
  "MessageTotal": "1",
  "ScriptBlockText": "{ Set-StrictMode -Version 1; $_.OriginInfo }",
  "ScriptBlockId": "f9fce3be-63ce-4136-9b6a-c95e2561a49b",
  "Path": null
}
{
  "Timestamp": "2023-01-13 17:17:46.205797Z",
  "Channel": "Microsoft-Windows-PowerShell/Operational",
  "Provider": "Microsoft-Windows-PowerShell",
  "Hostname": "QL-WKSTN-5693",
  "SID": "S-1-5-21-3258834958-2458682484-3394967329-1002",
  "EventID": 4104,
  "RecordID": 628,
  "Level": "Verbose",
  "Descr": "Creating Scriptblock text (<MessageNumber> of <MessageTotal>)",
  "MessageNumber": "1",
  "MessageTotal": "1",
  "ScriptBlockText": "{ Set-StrictMode -Version 1; $_.ErrorCategory_Message }",
  "ScriptBlockId": "06579e30-4a46-4a0b-8bbc-001c34f6a0f4",
  "Path": null
}
{
  "Timestamp": "2023-01-13 17:17:46.203302Z",
  "Channel": "Microsoft-Windows-PowerShell/Operational",
  "Provider": "Microsoft-Windows-PowerShell",
  "Hostname": "QL-WKSTN-5693",
  "SID": "S-1-5-21-3258834958-2458682484-3394967329-1002",
  "EventID": 4104,
  "RecordID": 627,
  "Level": "Verbose",
  "Descr": "Creating Scriptblock text (<MessageNumber> of <MessageTotal>)",
  "MessageNumber": "1",
  "MessageTotal": "1",
  "ScriptBlockText": "{ Set-StrictMode -Version 1; $this.Exception.InnerException.PSMessageDetails }",
  "ScriptBlockId": "f021d817-5123-47e3-a84c-2eab871bb4ac",
  "Path": null
}
{
  "Timestamp": "2023-01-13 17:17:46.197517Z",
  "Channel": "Microsoft-Windows-PowerShell/Operational",
  "Provider": "Microsoft-Windows-PowerShell",
  "Hostname": "QL-WKSTN-5693",
  "SID": "S-1-5-21-3258834958-2458682484-3394967329-1002",
  "EventID": 4104,
  "RecordID": 626,
  "Level": "Verbose",
  "Descr": "Creating Scriptblock text (<MessageNumber> of <MessageTotal>)",
  "MessageNumber": "1",
  "MessageTotal": "1",
  "ScriptBlockText": "{ Set-StrictMode -Version 1; $_.PSMessageDetails }",
  "ScriptBlockId": "1a58795e-2941-4907-b9e3-a9939886ff6c",
  "Path": null
}
{
  "Timestamp": "2023-01-13 17:17:46.129016Z",
  "Channel": "Microsoft-Windows-PowerShell/Operational",
  "Provider": "Microsoft-Windows-PowerShell",
  "Hostname": "QL-WKSTN-5693",
  "SID": "S-1-5-21-3258834958-2458682484-3394967329-1002",
  "EventID": 4100,
  "RecordID": 625,
  "Level": "Warning",
  "Descr": "<Payload> Context: <ContextInfo>",
  "ContextInfo": "        Severity = Warning\n        Host Name = ConsoleHost\n        Host Version = 5.1.18362.145\n        Host ID = b9a32c0b-536a-40bf-8c7b-d00f4c7e33b8\n        Host Application = C:\\Windows\\System32\\WindowsPowerShell\\v1.0\\powershell.exe -nop -windowstyle hidden -enc aQBlAHgAIAAoAG4AZQB3AC0AbwBiAGoAZQBjAHQAIABuAGUAdAAuAHcAZQBiAGMAbABpAGUAbgB0ACkALgBkAG8AdwBuAGwAbwBhAGQAcwB0AHIAaQBuAGcAKAAnAGgAdAB0AHAAOgAvAC8AZgBpAGwAZQBzAC4AYgBwAGEAawBjAGEAZwBpAG4AZwAuAHgAeQB6AC8AdQBwAGQAYQB0AGUAJwApAA==\n        Engine Version = 5.1.18362.145\n        Runspace ID = 813f1b7e-a346-4b82-92ba-5b513e0295c5\n        Pipeline ID = 1\n        Command Name = Invoke-WebRequest\n        Command Type = Cmdlet\n        Script Name = \n        Command Path = \n        Sequence Number = 314\n        User = QL-WKSTN-5693\\j.westcott\n        Connected User = \n        Shell ID = Microsoft.PowerShell\n",
  "UserData": null,
  "Payload": "Error Message = The response content cannot be parsed because the Internet Explorer engine is not available, or Internet Explorer's first-launch configuration is not complete. Specify the UseBasicParsing parameter and try again. \nFully Qualified Error ID = WebCmdletIEDomNotSupportedException,Microsoft.PowerShell.Commands.InvokeWebRequestCommand\n"
}
{
  "Timestamp": "2023-01-13 17:31:56.681888Z",
  "Channel": "Microsoft-Windows-PowerShell/Operational",
  "Provider": "Microsoft-Windows-PowerShell",
  "Hostname": "QL-WKSTN-5693",
  "SID": "S-1-5-21-3258834958-2458682484-3394967329-1002",
  "EventID": 4104,
  "RecordID": 756,
  "Level": "Verbose",
  "Descr": "Creating Scriptblock text (<MessageNumber> of <MessageTotal>)",
  "MessageNumber": "1",
  "MessageTotal": "1",
  "ScriptBlockText": "split-path $pwd'\\0x00';pwd",
  "ScriptBlockId": "2a5a5617-f07f-4355-ab0c-970cd0ee77de",
  "Path": null
}
{
  "Timestamp": "2023-01-13 17:31:55.274743Z",
  "Channel": "Microsoft-Windows-PowerShell/Operational",
  "Provider": "Microsoft-Windows-PowerShell",
  "Hostname": "QL-WKSTN-5693",
  "SID": "S-1-5-21-3258834958-2458682484-3394967329-1002",
  "EventID": 4104,
  "RecordID": 755,
  "Level": "Verbose",
  "Descr": "Creating Scriptblock text (<MessageNumber> of <MessageTotal>)",
  "MessageNumber": "1",
  "MessageTotal": "1",
  "ScriptBlockText": "{ Set-StrictMode -Version 1; $_.OriginInfo }",
  "ScriptBlockId": "77dfe8f5-0888-4ab9-9bfe-e83545eec30f",
  "Path": null
}
{
  "Timestamp": "2023-01-13 17:31:55.273631Z",
  "Channel": "Microsoft-Windows-PowerShell/Operational",
  "Provider": "Microsoft-Windows-PowerShell",
  "Hostname": "QL-WKSTN-5693",
  "SID": "S-1-5-21-3258834958-2458682484-3394967329-1002",
  "EventID": 4104,
  "RecordID": 754,
  "Level": "Verbose",
  "Descr": "Creating Scriptblock text (<MessageNumber> of <MessageTotal>)",
  "MessageNumber": "1",
  "MessageTotal": "1",
  "ScriptBlockText": "{ Set-StrictMode -Version 1; $_.ErrorCategory_Message }",
  "ScriptBlockId": "f5897eaf-b244-445d-bfe5-f02a72023ac2",
  "Path": null
}
{
  "Timestamp": "2023-01-13 17:31:55.272437Z",
  "Channel": "Microsoft-Windows-PowerShell/Operational",
  "Provider": "Microsoft-Windows-PowerShell",
  "Hostname": "QL-WKSTN-5693",
  "SID": "S-1-5-21-3258834958-2458682484-3394967329-1002",
  "EventID": 4104,
  "RecordID": 753,
  "Level": "Verbose",
  "Descr": "Creating Scriptblock text (<MessageNumber> of <MessageTotal>)",
  "MessageNumber": "1",
  "MessageTotal": "1",
  "ScriptBlockText": "{ Set-StrictMode -Version 1; $this.Exception.InnerException.PSMessageDetails }",
  "ScriptBlockId": "c848444a-d171-44e9-86aa-727790decf16",
  "Path": null
}
