{
  "Timestamp": "2023-01-13 17:33:45.875595Z",
  "Channel": "Microsoft-Windows-PowerShell/Operational",
  "Provider": "Microsoft-Windows-PowerShell",
  "Hostname": "QL-WKSTN-5693",
  "SID": "S-1-5-21-3258834958-2458682484-3394967329-1002",
  "EventID": 4104,
  "RecordID": 1153,
  "Level": "Verbose",
  "Descr": "Creating Scriptblock text (<MessageNumber> of <MessageTotal>)",
  "MessageNumber": "1",
  "MessageTotal": "1",
  "ScriptBlockText": "{ Set-StrictMode -Version 1; $_.ErrorCategory_Message }",
  "ScriptBlockId": "a3a2d356-ec19-4bc8-b4e9-3c3aa14ceb44",
  "Path": null
}
{
  "Timestamp": "2023-01-13 17:33:45.874434Z",
  "Channel": "Microsoft-Windows-PowerShell/Operational",
  "Provider": "Microsoft-Windows-PowerShell",
  "Hostname": "QL-WKSTN-5693",
  "SID": "S-1-5-21-3258834958-2458682484-3394967329-1002",
  "EventID": 4104,
  "RecordID": 1152,
  "Level": "Verbose",
  "Descr": "Creating Scriptblock text (<MessageNumber> of <MessageTotal>)",
  "MessageNumber": "1",
  "MessageTotal": "1",
  "ScriptBlockText": "{ Set-StrictMode -Version 1; $this.Exception.InnerException.PSMessageDetails }",
  "ScriptBlockId": "6df3701e-4ff4-4f71-ab2a-5793685b5b92",
  "Path": null
}
{
  "Timestamp": "2023-01-13 17:33:45.869687Z",
  "Channel": "Microsoft-Windows-PowerShell/Operational",
  "Provider": "Microsoft-Windows-PowerShell",
  "Hostname": "QL-WKSTN-5693",
  "SID": "S-1-5-21-3258834958-2458682484-3394967329-1002",
  "EventID": 4104,
  "RecordID": 1151,
  "Level": "Verbose",
  "Descr": "Creating Scriptblock text (<MessageNumber> of <MessageTotal>)",
  "MessageNumber": "1",
  "MessageTotal": "1",
  "ScriptBlockText": "{ Set-StrictMode -Version 1; $_.PSMessageDetails }",
  "ScriptBlockId": "24e4fe96-cb49-4d52-98b5-8386e9ceadcd",
  "Path": null
}
{
  "Timestamp": "2023-01-13 17:33:45.485789Z",
  "Channel": "Microsoft-Windows-PowerShell/Operational",
  "Provider": "Microsoft-Windows-PowerShell",
  "Hostname": "QL-WKSTN-5693",
  "SID": "S-1-5-21-3258834958-2458682484-3394967329-1002",
  "EventID": 4104,
  "RecordID": 1150,
  "Level": "Verbose",
  "Descr": "Creating Scriptblock text (<MessageNumber> of <MessageTotal>)",
  "MessageNumber": "1",
  "MessageTotal": "1",
  "ScriptBlockText": "{ Set-StrictMode -Version 1; $_.OriginInfo }",
  "ScriptBlockId": "3f818ef0-3dc8-4623-a6bd-3b177de405a0",
  "Path": null
}
{
  "Timestamp": "2023-01-13 17:33:45.484728Z",
  "Channel": "Microsoft-Windows-PowerShell/Operational",
  "Provider": "Microsoft-Windows-PowerShell",
  "Hostname": "QL-WKSTN-5693",
  "SID": "S-1-5-21-3258834958-2458682484-3394967329-1002",
  "EventID": 4104,
  "RecordID": 1149,
  "Level": "Verbose",
  "Descr": "Creating Scriptblock text (<MessageNumber> of <MessageTotal>)",
  "MessageNumber": "1",
  "MessageTotal": "1",
  "ScriptBlockText": "{ Set-StrictMode -Version 1; $_.ErrorCategory_Message }",
  "ScriptBlockId": "b97dd033-6596-4c90-9c22-39ac5127feb0",
  "Path": null
}
{
  "Timestamp": "2023-01-13 17:33:45.483524Z",
  "Channel": "Microsoft-Windows-PowerShell/Operational",
  "Provider": "Microsoft-Windows-PowerShell",
  "Hostname": "QL-WKSTN-5693",
  "SID": "S-1-5-21-3258834958-2458682484-3394967329-1002",
  "EventID": 4104,
  "RecordID": 1148,
  "Level": "Verbose",
  "Descr": "Creating Scriptblock text (<MessageNumber> of <MessageTotal>)",
  "MessageNumber": "1",
  "MessageTotal": "1",
  "ScriptBlockText": "{ Set-StrictMode -Version 1; $this.Exception.InnerException.PSMessageDetails }",
  "ScriptBlockId": "604ceec6-63a0-4322-ab42-1006ecaf815d",
  "Path": null
}
{
  "Timestamp": "2023-01-13 17:33:45.478934Z",
  "Channel": "Microsoft-Windows-PowerShell/Operational",
  "Provider": "Microsoft-Windows-PowerShell",
  "Hostname": "QL-WKSTN-5693",
  "SID": "S-1-5-21-3258834958-2458682484-3394967329-1002",
  "EventID": 4104,
  "RecordID": 1147,
  "Level": "Verbose",
  "Descr": "Creating Scriptblock text (<MessageNumber> of <MessageTotal>)",
  "MessageNumber": "1",
  "MessageTotal": "1",
  "ScriptBlockText": "{ Set-StrictMode -Version 1; $_.PSMessageDetails }",
  "ScriptBlockId": "7233f906-f337-46b4-bd7d-735e07d3a49c",
  "Path": null
}
{
  "Timestamp": "2023-01-13 17:33:44.562825Z",
  "Channel": "Microsoft-Windows-PowerShell/Operational",
  "Provider": "Microsoft-Windows-PowerShell",
  "Hostname": "QL-WKSTN-5693",
  "SID": "S-1-5-21-3258834958-2458682484-3394967329-1002",
  "EventID": 4104,
  "RecordID": 1146,
  "Level": "Verbose",
  "Descr": "Creating Scriptblock text (<MessageNumber> of <MessageTotal>)",
  "MessageNumber": "1",
  "MessageTotal": "1",
  "ScriptBlockText": "{ Set-StrictMode -Version 1; $_.OriginInfo }",
  "ScriptBlockId": "5145b039-b7f2-4669-a5ef-bb643e9ad3f2",
  "Path": null
}
{
  "Timestamp": "2023-01-13 17:33:44.561774Z",
  "Channel": "Microsoft-Windows-PowerShell/Operational",
  "Provider": "Microsoft-Windows-PowerShell",
  "Hostname": "QL-WKSTN-5693",
  "SID": "S-1-5-21-3258834958-2458682484-3394967329-1002",
  "EventID": 4104,
  "RecordID": 1145,
  "Level": "Verbose",
  "Descr": "Creating Scriptblock text (<MessageNumber> of <MessageTotal>)",
  "MessageNumber": "1",
  "MessageTotal": "1",
  "ScriptBlockText": "{ Set-StrictMode -Version 1; $_.ErrorCategory_Message }",
  "ScriptBlockId": "5faafc95-de65-48b9-aedf-d098eb46ccb4",
  "Path": null
}
{
  "Timestamp": "2023-01-13 17:33:44.560630Z",
  "Channel": "Microsoft-Windows-PowerShell/Operational",
  "Provider": "Microsoft-Windows-PowerShell",
  "Hostname": "QL-WKSTN-5693",
  "SID": "S-1-5-21-3258834958-2458682484-3394967329-1002",
  "EventID": 4104,
  "RecordID": 1144,
  "Level": "Verbose",
  "Descr": "Creating Scriptblock text (<MessageNumber> of <MessageTotal>)",
  "MessageNumber": "1",
  "MessageTotal": "1",
  "ScriptBlockText": "{ Set-StrictMode -Version 1; $this.Exception.InnerException.PSMessageDetails }",
  "ScriptBlockId": "c5242212-9c9a-4f6e-b4f3-e437204d0aab",
  "Path": null
}
{
  "Timestamp": "2023-01-13 17:33:44.556113Z",
  "Channel": "Microsoft-Windows-PowerShell/Operational",
  "Provider": "Microsoft-Windows-PowerShell",
  "Hostname": "QL-WKSTN-5693",
  "SID": "S-1-5-21-3258834958-2458682484-3394967329-1002",
  "EventID": 4104,
  "RecordID": 1143,
  "Level": "Verbose",
  "Descr": "Creating Scriptblock text (<MessageNumber> of <MessageTotal>)",
  "MessageNumber": "1",
  "MessageTotal": "1",
  "ScriptBlockText": "{ Set-StrictMode -Version 1; $_.PSMessageDetails }",
  "ScriptBlockId": "d812a333-f96b-40df-8178-9a8068929a39",
  "Path": null
}
{
  "Timestamp": "2023-01-13 17:33:44.173407Z",
  "Channel": "Microsoft-Windows-PowerShell/Operational",
  "Provider": "Microsoft-Windows-PowerShell",
  "Hostname": "QL-WKSTN-5693",
  "SID": "S-1-5-21-3258834958-2458682484-3394967329-1002",
  "EventID": 4104,
  "RecordID": 1142,
  "Level": "Verbose",
  "Descr": "Creating Scriptblock text (<MessageNumber> of <MessageTotal>)",
  "MessageNumber": "1",
  "MessageTotal": "1",
  "ScriptBlockText": "{ Set-StrictMode -Version 1; $_.OriginInfo }",
  "ScriptBlockId": "2688039a-b261-49cd-b265-ec23dec06e9d",
  "Path": null
}
{
  "Timestamp": "2023-01-13 17:33:44.172209Z",
  "Channel": "Microsoft-Windows-PowerShell/Operational",
  "Provider": "Microsoft-Windows-PowerShell",
  "Hostname": "QL-WKSTN-5693",
  "SID": "S-1-5-21-3258834958-2458682484-3394967329-1002",
  "EventID": 4104,
  "RecordID": 1141,
  "Level": "Verbose",
  "Descr": "Creating Scriptblock text (<MessageNumber> of <MessageTotal>)",
  "MessageNumber": "1",
  "MessageTotal": "1",
  "ScriptBlockText": "{ Set-StrictMode -Version 1; $_.ErrorCategory_Message }",
  "ScriptBlockId": "b4c21a9f-7fd9-4d8e-bf85-6f3fa0598a61",
  "Path": null
}
{
  "Timestamp": "2023-01-13 17:33:44.170775Z",
  "Channel": "Microsoft-Windows-PowerShell/Operational",
  "Provider": "Microsoft-Windows-PowerShell",
  "Hostname": "QL-WKSTN-5693",
  "SID": "S-1-5-21-3258834958-2458682484-3394967329-1002",
  "EventID": 4104,
  "RecordID": 1140,
  "Level": "Verbose",
  "Descr": "Creating Scriptblock text (<MessageNumber> of <MessageTotal>)",
  "MessageNumber": "1",
  "MessageTotal": "1",
  "ScriptBlockText": "{ Set-StrictMode -Version 1; $this.Exception.InnerException.PSMessageDetails }",
  "ScriptBlockId": "1a7588f0-5646-4ecd-b67a-dfe1046db1e2",
  "Path": null
}
{
  "Timestamp": "2023-01-13 17:33:44.166082Z",
  "Channel": "Microsoft-Windows-PowerShell/Operational",
  "Provider": "Microsoft-Windows-PowerShell",
  "Hostname": "QL-WKSTN-5693",
  "SID": "S-1-5-21-3258834958-2458682484-3394967329-1002",
  "EventID": 4104,
  "RecordID": 1139,
  "Level": "Verbose",
  "Descr": "Creating Scriptblock text (<MessageNumber> of <MessageTotal>)",
  "MessageNumber": "1",
  "MessageTotal": "1",
  "ScriptBlockText": "{ Set-StrictMode -Version 1; $_.PSMessageDetails }",
  "ScriptBlockId": "c5da8a1a-862b-449c-8f0a-31b6c01e2be8",
  "Path": null
}
{
  "Timestamp": "2023-01-13 17:33:43.307926Z",
  "Channel": "Microsoft-Windows-PowerShell/Operational",
  "Provider": "Microsoft-Windows-PowerShell",
  "Hostname": "QL-WKSTN-5693",
  "SID": "S-1-5-21-3258834958-2458682484-3394967329-1002",
  "EventID": 4104,
  "RecordID": 1138,
  "Level": "Verbose",
  "Descr": "Creating Scriptblock text (<MessageNumber> of <MessageTotal>)",
  "MessageNumber": "1",
  "MessageTotal": "1",
  "ScriptBlockText": "{ Set-StrictMode -Version 1; $_.OriginInfo }",
  "ScriptBlockId": "0388b005-576b-462a-a8a8-23454617d3cc",
  "Path": null
}
{
  "Timestamp": "2023-01-13 17:33:43.306858Z",
  "Channel": "Microsoft-Windows-PowerShell/Operational",
  "Provider": "Microsoft-Windows-PowerShell",
  "Hostname": "QL-WKSTN-5693",
  "SID": "S-1-5-21-3258834958-2458682484-3394967329-1002",
  "EventID": 4104,
  "RecordID": 1137,
  "Level": "Verbose",
  "Descr": "Creating Scriptblock text (<MessageNumber> of <MessageTotal>)",
  "MessageNumber": "1",
  "MessageTotal": "1",
  "ScriptBlockText": "{ Set-StrictMode -Version 1; $_.ErrorCategory_Message }",
  "ScriptBlockId": "10af5059-2831-4fa5-9367-cd32d7a8a087",
  "Path": null
}
{
  "Timestamp": "2023-01-13 17:33:43.305697Z",
  "Channel": "Microsoft-Windows-PowerShell/Operational",
  "Provider": "Microsoft-Windows-PowerShell",
  "Hostname": "QL-WKSTN-5693",
  "SID": "S-1-5-21-3258834958-2458682484-3394967329-1002",
  "EventID": 4104,
  "RecordID": 1136,
  "Level": "Verbose",
  "Descr": "Creating Scriptblock text (<MessageNumber> of <MessageTotal>)",
  "MessageNumber": "1",
  "MessageTotal": "1",
  "ScriptBlockText": "{ Set-StrictMode -Version 1; $this.Exception.InnerException.PSMessageDetails }",
  "ScriptBlockId": "27d65511-f26b-44e5-bc31-c16165a034f8",
  "Path": null
}
{
  "Timestamp": "2023-01-13 17:33:43.300879Z",
  "Channel": "Microsoft-Windows-PowerShell/Operational",
  "Provider": "Microsoft-Windows-PowerShell",
  "Hostname": "QL-WKSTN-5693",
  "SID": "S-1-5-21-3258834958-2458682484-3394967329-1002",
  "EventID": 4104,
  "RecordID": 1135,
  "Level": "Verbose",
  "Descr": "Creating Scriptblock text (<MessageNumber> of <MessageTotal>)",
  "MessageNumber": "1",
  "MessageTotal": "1",
  "ScriptBlockText": "{ Set-StrictMode -Version 1; $_.PSMessageDetails }",
  "ScriptBlockId": "9399a015-b0a8-4fc7-a059-a34350624579",
  "Path": null
}
{
  "Timestamp": "2023-01-13 17:33:42.897388Z",
  "Channel": "Microsoft-Windows-PowerShell/Operational",
  "Provider": "Microsoft-Windows-PowerShell",
  "Hostname": "QL-WKSTN-5693",
  "SID": "S-1-5-21-3258834958-2458682484-3394967329-1002",
  "EventID": 4104,
  "RecordID": 1134,
  "Level": "Verbose",
  "Descr": "Creating Scriptblock text (<MessageNumber> of <MessageTotal>)",
  "MessageNumber": "1",
  "MessageTotal": "1",
  "ScriptBlockText": "{ Set-StrictMode -Version 1; $_.OriginInfo }",
  "ScriptBlockId": "8ff2e75f-e2be-4656-a818-9f395fa12534",
  "Path": null
}
{
  "Timestamp": "2023-01-13 17:33:42.896226Z",
  "Channel": "Microsoft-Windows-PowerShell/Operational",
  "Provider": "Microsoft-Windows-PowerShell",
  "Hostname": "QL-WKSTN-5693",
  "SID": "S-1-5-21-3258834958-2458682484-3394967329-1002",
  "EventID": 4104,
  "RecordID": 1133,
  "Level": "Verbose",
  "Descr": "Creating Scriptblock text (<MessageNumber> of <MessageTotal>)",
  "MessageNumber": "1",
  "MessageTotal": "1",
  "ScriptBlockText": "{ Set-StrictMode -Version 1; $_.ErrorCategory_Message }",
  "ScriptBlockId": "53199604-9a49-4c9d-825f-74c5e3a02aa6",
  "Path": null
}
{
  "Timestamp": "2023-01-13 17:33:42.894868Z",
  "Channel": "Microsoft-Windows-PowerShell/Operational",
  "Provider": "Microsoft-Windows-PowerShell",
  "Hostname": "QL-WKSTN-5693",
  "SID": "S-1-5-21-3258834958-2458682484-3394967329-1002",
  "EventID": 4104,
  "RecordID": 1132,
  "Level": "Verbose",
  "Descr": "Creating Scriptblock text (<MessageNumber> of <MessageTotal>)",
  "MessageNumber": "1",
  "MessageTotal": "1",
  "ScriptBlockText": "{ Set-StrictMode -Version 1; $this.Exception.InnerException.PSMessageDetails }",
  "ScriptBlockId": "e4229abf-4d0a-422b-bf17-ea938f3ea0d2",
  "Path": null
}
{
  "Timestamp": "2023-01-13 17:33:42.889495Z",
  "Channel": "Microsoft-Windows-PowerShell/Operational",
  "Provider": "Microsoft-Windows-PowerShell",
  "Hostname": "QL-WKSTN-5693",
  "SID": "S-1-5-21-3258834958-2458682484-3394967329-1002",
  "EventID": 4104,
  "RecordID": 1131,
  "Level": "Verbose",
  "Descr": "Creating Scriptblock text (<MessageNumber> of <MessageTotal>)",
  "MessageNumber": "1",
  "MessageTotal": "1",
  "ScriptBlockText": "{ Set-StrictMode -Version 1; $_.PSMessageDetails }",
  "ScriptBlockId": "64521b03-eec6-4ef3-825f-c49e0aa0d6d6",
  "Path": null
}
{
  "Timestamp": "2023-01-13 17:33:42.003176Z",
  "Channel": "Microsoft-Windows-PowerShell/Operational",
  "Provider": "Microsoft-Windows-PowerShell",
  "Hostname": "QL-WKSTN-5693",
  "SID": "S-1-5-21-3258834958-2458682484-3394967329-1002",
  "EventID": 4104,
  "RecordID": 1130,
  "Level": "Verbose",
  "Descr": "Creating Scriptblock text (<MessageNumber> of <MessageTotal>)",
  "MessageNumber": "1",
  "MessageTotal": "1",
  "ScriptBlockText": "{ Set-StrictMode -Version 1; $_.OriginInfo }",
  "ScriptBlockId": "facaf795-47f7-402f-9514-4374c5592ca8",
  "Path": null
}
{
  "Timestamp": "2023-01-13 17:33:42.002108Z",
  "Channel": "Microsoft-Windows-PowerShell/Operational",
  "Provider": "Microsoft-Windows-PowerShell",
  "Hostname": "QL-WKSTN-5693",
  "SID": "S-1-5-21-3258834958-2458682484-3394967329-1002",
  "EventID": 4104,
  "RecordID": 1129,
  "Level": "Verbose",
  "Descr": "Creating Scriptblock text (<MessageNumber> of <MessageTotal>)",
  "MessageNumber": "1",
  "MessageTotal": "1",
  "ScriptBlockText": "{ Set-StrictMode -Version 1; $_.ErrorCategory_Message }",
  "ScriptBlockId": "8a1628af-75ad-4bb2-9139-8ccd05e319eb",
  "Path": null
}
{
  "Timestamp": "2023-01-13 17:33:42.000794Z",
  "Channel": "Microsoft-Windows-PowerShell/Operational",
  "Provider": "Microsoft-Windows-PowerShell",
  "Hostname": "QL-WKSTN-5693",
  "SID": "S-1-5-21-3258834958-2458682484-3394967329-1002",
  "EventID": 4104,
  "RecordID": 1128,
  "Level": "Verbose",
  "Descr": "Creating Scriptblock text (<MessageNumber> of <MessageTotal>)",
  "MessageNumber": "1",
  "MessageTotal": "1",
  "ScriptBlockText": "{ Set-StrictMode -Version 1; $this.Exception.InnerException.PSMessageDetails }",
  "ScriptBlockId": "67882bbf-62b1-42bd-b9f1-4f039997616a",
  "Path": null
}
{
  "Timestamp": "2023-01-13 17:33:41.996230Z",
  "Channel": "Microsoft-Windows-PowerShell/Operational",
  "Provider": "Microsoft-Windows-PowerShell",
  "Hostname": "QL-WKSTN-5693",
  "SID": "S-1-5-21-3258834958-2458682484-3394967329-1002",
  "EventID": 4104,
  "RecordID": 1127,
  "Level": "Verbose",
  "Descr": "Creating Scriptblock text (<MessageNumber> of <MessageTotal>)",
  "MessageNumber": "1",
  "MessageTotal": "1",
  "ScriptBlockText": "{ Set-StrictMode -Version 1; $_.PSMessageDetails }",
  "ScriptBlockId": "80b42769-a1d4-4abd-8c01-ead38f23a617",
  "Path": null
}
{
  "Timestamp": "2023-01-13 17:33:41.592613Z",
  "Channel": "Microsoft-Windows-PowerShell/Operational",
  "Provider": "Microsoft-Windows-PowerShell",
  "Hostname": "QL-WKSTN-5693",
  "SID": "S-1-5-21-3258834958-2458682484-3394967329-1002",
  "EventID": 4104,
  "RecordID": 1126,
  "Level": "Verbose",
  "Descr": "Creating Scriptblock text (<MessageNumber> of <MessageTotal>)",
  "MessageNumber": "1",
  "MessageTotal": "1",
  "ScriptBlockText": "{ Set-StrictMode -Version 1; $_.OriginInfo }",
  "ScriptBlockId": "8a27a474-dcb2-4996-8699-fd2791e8d2d3",
  "Path": null
}
{
  "Timestamp": "2023-01-13 17:33:41.591593Z",
  "Channel": "Microsoft-Windows-PowerShell/Operational",
  "Provider": "Microsoft-Windows-PowerShell",
  "Hostname": "QL-WKSTN-5693",
  "SID": "S-1-5-21-3258834958-2458682484-3394967329-1002",
  "EventID": 4104,
  "RecordID": 1125,
  "Level": "Verbose",
  "Descr": "Creating Scriptblock text (<MessageNumber> of <MessageTotal>)",
  "MessageNumber": "1",
  "MessageTotal": "1",
  "ScriptBlockText": "{ Set-StrictMode -Version 1; $_.ErrorCategory_Message }",
  "ScriptBlockId": "6eb7a96f-bdc9-4bfb-9801-caa9c27ca344",
  "Path": null
}
{
  "Timestamp": "2023-01-13 17:33:41.590458Z",
  "Channel": "Microsoft-Windows-PowerShell/Operational",
  "Provider": "Microsoft-Windows-PowerShell",
  "Hostname": "QL-WKSTN-5693",
  "SID": "S-1-5-21-3258834958-2458682484-3394967329-1002",
  "EventID": 4104,
  "RecordID": 1124,
  "Level": "Verbose",
  "Descr": "Creating Scriptblock text (<MessageNumber> of <MessageTotal>)",
  "MessageNumber": "1",
  "MessageTotal": "1",
  "ScriptBlockText": "{ Set-StrictMode -Version 1; $this.Exception.InnerException.PSMessageDetails }",
  "ScriptBlockId": "6b129274-343b-4847-bfd4-6a4d3e73efa5",
  "Path": null
}
{
  "Timestamp": "2023-01-13 17:33:41.585948Z",
  "Channel": "Microsoft-Windows-PowerShell/Operational",
  "Provider": "Microsoft-Windows-PowerShell",
  "Hostname": "QL-WKSTN-5693",
  "SID": "S-1-5-21-3258834958-2458682484-3394967329-1002",
  "EventID": 4104,
  "RecordID": 1123,
  "Level": "Verbose",
  "Descr": "Creating Scriptblock text (<MessageNumber> of <MessageTotal>)",
  "MessageNumber": "1",
  "MessageTotal": "1",
  "ScriptBlockText": "{ Set-StrictMode -Version 1; $_.PSMessageDetails }",
  "ScriptBlockId": "cfe8f751-da4b-4e74-a885-0d9885410015",
  "Path": null
}
{
  "Timestamp": "2023-01-13 17:33:40.733311Z",
  "Channel": "Microsoft-Windows-PowerShell/Operational",
  "Provider": "Microsoft-Windows-PowerShell",
  "Hostname": "QL-WKSTN-5693",
  "SID": "S-1-5-21-3258834958-2458682484-3394967329-1002",
  "EventID": 4104,
  "RecordID": 1122,
  "Level": "Verbose",
  "Descr": "Creating Scriptblock text (<MessageNumber> of <MessageTotal>)",
  "MessageNumber": "1",
  "MessageTotal": "1",
  "ScriptBlockText": "{ Set-StrictMode -Version 1; $_.OriginInfo }",
  "ScriptBlockId": "63420684-11cd-45b9-96e0-14a5b9d38626",
  "Path": null
}
{
  "Timestamp": "2023-01-13 17:33:40.732203Z",
  "Channel": "Microsoft-Windows-PowerShell/Operational",
  "Provider": "Microsoft-Windows-PowerShell",
  "Hostname": "QL-WKSTN-5693",
  "SID": "S-1-5-21-3258834958-2458682484-3394967329-1002",
  "EventID": 4104,
  "RecordID": 1121,
  "Level": "Verbose",
  "Descr": "Creating Scriptblock text (<MessageNumber> of <MessageTotal>)",
  "MessageNumber": "1",
  "MessageTotal": "1",
  "ScriptBlockText": "{ Set-StrictMode -Version 1; $_.ErrorCategory_Message }",
  "ScriptBlockId": "199c9edd-36fa-4945-a4b4-2968e85ef5bc",
  "Path": null
}
{
  "Timestamp": "2023-01-13 17:33:40.731066Z",
  "Channel": "Microsoft-Windows-PowerShell/Operational",
  "Provider": "Microsoft-Windows-PowerShell",
  "Hostname": "QL-WKSTN-5693",
  "SID": "S-1-5-21-3258834958-2458682484-3394967329-1002",
  "EventID": 4104,
  "RecordID": 1120,
  "Level": "Verbose",
  "Descr": "Creating Scriptblock text (<MessageNumber> of <MessageTotal>)",
  "MessageNumber": "1",
  "MessageTotal": "1",
  "ScriptBlockText": "{ Set-StrictMode -Version 1; $this.Exception.InnerException.PSMessageDetails }",
  "ScriptBlockId": "1e7362fc-9d72-4850-9090-70775557e14e",
  "Path": null
}
{
  "Timestamp": "2023-01-13 17:33:40.726557Z",
  "Channel": "Microsoft-Windows-PowerShell/Operational",
  "Provider": "Microsoft-Windows-PowerShell",
  "Hostname": "QL-WKSTN-5693",
  "SID": "S-1-5-21-3258834958-2458682484-3394967329-1002",
  "EventID": 4104,
  "RecordID": 1119,
  "Level": "Verbose",
  "Descr": "Creating Scriptblock text (<MessageNumber> of <MessageTotal>)",
  "MessageNumber": "1",
  "MessageTotal": "1",
  "ScriptBlockText": "{ Set-StrictMode -Version 1; $_.PSMessageDetails }",
  "ScriptBlockId": "52fb764d-6fd8-4194-bb5f-9a4041104a29",
  "Path": null
}
{
  "Timestamp": "2023-01-13 17:33:40.377747Z",
  "Channel": "Microsoft-Windows-PowerShell/Operational",
  "Provider": "Microsoft-Windows-PowerShell",
  "Hostname": "QL-WKSTN-5693",
  "SID": "S-1-5-21-3258834958-2458682484-3394967329-1002",
  "EventID": 4104,
  "RecordID": 1118,
  "Level": "Verbose",
  "Descr": "Creating Scriptblock text (<MessageNumber> of <MessageTotal>)",
  "MessageNumber": "1",
  "MessageTotal": "1",
  "ScriptBlockText": "{ Set-StrictMode -Version 1; $_.OriginInfo }",
  "ScriptBlockId": "66508c3c-e7bf-436a-8e22-3a335d8387d3",
  "Path": null
}
{
  "Timestamp": "2023-01-13 17:33:40.376733Z",
  "Channel": "Microsoft-Windows-PowerShell/Operational",
  "Provider": "Microsoft-Windows-PowerShell",
  "Hostname": "QL-WKSTN-5693",
  "SID": "S-1-5-21-3258834958-2458682484-3394967329-1002",
  "EventID": 4104,
  "RecordID": 1117,
  "Level": "Verbose",
  "Descr": "Creating Scriptblock text (<MessageNumber> of <MessageTotal>)",
  "MessageNumber": "1",
  "MessageTotal": "1",
  "ScriptBlockText": "{ Set-StrictMode -Version 1; $_.ErrorCategory_Message }",
  "ScriptBlockId": "0370092a-94ef-452e-9a69-07b0cc774fde",
  "Path": null
}
{
  "Timestamp": "2023-01-13 17:33:40.375525Z",
  "Channel": "Microsoft-Windows-PowerShell/Operational",
  "Provider": "Microsoft-Windows-PowerShell",
  "Hostname": "QL-WKSTN-5693",
  "SID": "S-1-5-21-3258834958-2458682484-3394967329-1002",
  "EventID": 4104,
  "RecordID": 1116,
  "Level": "Verbose",
  "Descr": "Creating Scriptblock text (<MessageNumber> of <MessageTotal>)",
  "MessageNumber": "1",
  "MessageTotal": "1",
  "ScriptBlockText": "{ Set-StrictMode -Version 1; $this.Exception.InnerException.PSMessageDetails }",
  "ScriptBlockId": "a6392e0f-19f2-4e1d-a0f3-fb934e0a2c38",
  "Path": null
}
{
  "Timestamp": "2023-01-13 17:33:40.370948Z",
  "Channel": "Microsoft-Windows-PowerShell/Operational",
  "Provider": "Microsoft-Windows-PowerShell",
  "Hostname": "QL-WKSTN-5693",
  "SID": "S-1-5-21-3258834958-2458682484-3394967329-1002",
  "EventID": 4104,
  "RecordID": 1115,
  "Level": "Verbose",
  "Descr": "Creating Scriptblock text (<MessageNumber> of <MessageTotal>)",
  "MessageNumber": "1",
  "MessageTotal": "1",
  "ScriptBlockText": "{ Set-StrictMode -Version 1; $_.PSMessageDetails }",
  "ScriptBlockId": "c455748d-a3d3-4eb8-9a3e-846f709e28e9",
  "Path": null
}
{
  "Timestamp": "2023-01-13 17:33:39.495214Z",
  "Channel": "Microsoft-Windows-PowerShell/Operational",
  "Provider": "Microsoft-Windows-PowerShell",
  "Hostname": "QL-WKSTN-5693",
  "SID": "S-1-5-21-3258834958-2458682484-3394967329-1002",
  "EventID": 4104,
  "RecordID": 1114,
  "Level": "Verbose",
  "Descr": "Creating Scriptblock text (<MessageNumber> of <MessageTotal>)",
  "MessageNumber": "1",
  "MessageTotal": "1",
  "ScriptBlockText": "{ Set-StrictMode -Version 1; $_.OriginInfo }",
  "ScriptBlockId": "d0b422b3-29cd-4d1e-b074-6881328f3392",
  "Path": null
}
{
  "Timestamp": "2023-01-13 17:33:39.494204Z",
  "Channel": "Microsoft-Windows-PowerShell/Operational",
  "Provider": "Microsoft-Windows-PowerShell",
  "Hostname": "QL-WKSTN-5693",
  "SID": "S-1-5-21-3258834958-2458682484-3394967329-1002",
  "EventID": 4104,
  "RecordID": 1113,
  "Level": "Verbose",
  "Descr": "Creating Scriptblock text (<MessageNumber> of <MessageTotal>)",
  "MessageNumber": "1",
  "MessageTotal": "1",
  "ScriptBlockText": "{ Set-StrictMode -Version 1; $_.ErrorCategory_Message }",
  "ScriptBlockId": "89feca05-bbc2-470a-b797-bb5e0c286d32",
  "Path": null
}
{
  "Timestamp": "2023-01-13 17:33:39.493011Z",
  "Channel": "Microsoft-Windows-PowerShell/Operational",
  "Provider": "Microsoft-Windows-PowerShell",
  "Hostname": "QL-WKSTN-5693",
  "SID": "S-1-5-21-3258834958-2458682484-3394967329-1002",
  "EventID": 4104,
  "RecordID": 1112,
  "Level": "Verbose",
  "Descr": "Creating Scriptblock text (<MessageNumber> of <MessageTotal>)",
  "MessageNumber": "1",
  "MessageTotal": "1",
  "ScriptBlockText": "{ Set-StrictMode -Version 1; $this.Exception.InnerException.PSMessageDetails }",
  "ScriptBlockId": "5216185e-2fef-41de-a03c-fe3ff5a37d7d",
  "Path": null
}
{
  "Timestamp": "2023-01-13 17:33:39.488306Z",
  "Channel": "Microsoft-Windows-PowerShell/Operational",
  "Provider": "Microsoft-Windows-PowerShell",
  "Hostname": "QL-WKSTN-5693",
  "SID": "S-1-5-21-3258834958-2458682484-3394967329-1002",
  "EventID": 4104,
  "RecordID": 1111,
  "Level": "Verbose",
  "Descr": "Creating Scriptblock text (<MessageNumber> of <MessageTotal>)",
  "MessageNumber": "1",
  "MessageTotal": "1",
  "ScriptBlockText": "{ Set-StrictMode -Version 1; $_.PSMessageDetails }",
  "ScriptBlockId": "7311331b-741e-4c78-9f38-46db38556315",
  "Path": null
}
{
  "Timestamp": "2023-01-13 17:33:39.140449Z",
  "Channel": "Microsoft-Windows-PowerShell/Operational",
  "Provider": "Microsoft-Windows-PowerShell",
  "Hostname": "QL-WKSTN-5693",
  "SID": "S-1-5-21-3258834958-2458682484-3394967329-1002",
  "EventID": 4104,
  "RecordID": 1110,
  "Level": "Verbose",
  "Descr": "Creating Scriptblock text (<MessageNumber> of <MessageTotal>)",
  "MessageNumber": "1",
  "MessageTotal": "1",
  "ScriptBlockText": "{ Set-StrictMode -Version 1; $_.OriginInfo }",
  "ScriptBlockId": "43505e8f-659f-4afc-aa7a-2e6c5fcf1bed",
  "Path": null
}
{
  "Timestamp": "2023-01-13 17:33:39.139297Z",
  "Channel": "Microsoft-Windows-PowerShell/Operational",
  "Provider": "Microsoft-Windows-PowerShell",
  "Hostname": "QL-WKSTN-5693",
  "SID": "S-1-5-21-3258834958-2458682484-3394967329-1002",
  "EventID": 4104,
  "RecordID": 1109,
  "Level": "Verbose",
  "Descr": "Creating Scriptblock text (<MessageNumber> of <MessageTotal>)",
  "MessageNumber": "1",
  "MessageTotal": "1",
  "ScriptBlockText": "{ Set-StrictMode -Version 1; $_.ErrorCategory_Message }",
  "ScriptBlockId": "cd58666d-234b-4034-ac2b-d39bf1a67095",
  "Path": null
}
{
  "Timestamp": "2023-01-13 17:33:39.137969Z",
  "Channel": "Microsoft-Windows-PowerShell/Operational",
  "Provider": "Microsoft-Windows-PowerShell",
  "Hostname": "QL-WKSTN-5693",
  "SID": "S-1-5-21-3258834958-2458682484-3394967329-1002",
  "EventID": 4104,
  "RecordID": 1108,
  "Level": "Verbose",
  "Descr": "Creating Scriptblock text (<MessageNumber> of <MessageTotal>)",
  "MessageNumber": "1",
  "MessageTotal": "1",
  "ScriptBlockText": "{ Set-StrictMode -Version 1; $this.Exception.InnerException.PSMessageDetails }",
  "ScriptBlockId": "1312b122-e3b1-43c8-85b8-ac094a05b1ec",
  "Path": null
}
{
  "Timestamp": "2023-01-13 17:33:39.133085Z",
  "Channel": "Microsoft-Windows-PowerShell/Operational",
  "Provider": "Microsoft-Windows-PowerShell",
  "Hostname": "QL-WKSTN-5693",
  "SID": "S-1-5-21-3258834958-2458682484-3394967329-1002",
  "EventID": 4104,
  "RecordID": 1107,
  "Level": "Verbose",
  "Descr": "Creating Scriptblock text (<MessageNumber> of <MessageTotal>)",
  "MessageNumber": "1",
  "MessageTotal": "1",
  "ScriptBlockText": "{ Set-StrictMode -Version 1; $_.PSMessageDetails }",
  "ScriptBlockId": "161eed42-6366-4900-985e-3563337b0215",
  "Path": null
}
{
  "Timestamp": "2023-01-13 17:33:38.226731Z",
  "Channel": "Microsoft-Windows-PowerShell/Operational",
  "Provider": "Microsoft-Windows-PowerShell",
  "Hostname": "QL-WKSTN-5693",
  "SID": "S-1-5-21-3258834958-2458682484-3394967329-1002",
    "EventID": 4104,
  "RecordID": 1106,
  "Level": "Verbose",
  "Descr": "Creating Scriptblock text (<MessageNumber> of <MessageTotal>)",
  "MessageNumber": "1",
  "MessageTotal": "1",
  "ScriptBlockText": "{ Set-StrictMode -Version 1; $_.OriginInfo }",
  "ScriptBlockId": "c13c86c5-33bc-4a4c-a1f1-16b8d7514c61",
  "Path": null
}
{
  "Timestamp": "2023-01-13 17:33:38.225671Z",
  "Channel": "Microsoft-Windows-PowerShell/Operational",
  "Provider": "Microsoft-Windows-PowerShell",
  "Hostname": "QL-WKSTN-5693",
  "SID": "S-1-5-21-3258834958-2458682484-3394967329-1002",
  "EventID": 4104,
  "RecordID": 1105,
  "Level": "Verbose",
  "Descr": "Creating Scriptblock text (<MessageNumber> of <MessageTotal>)",
  "MessageNumber": "1",
  "MessageTotal": "1",
  "ScriptBlockText": "{ Set-StrictMode -Version 1; $_.ErrorCategory_Message }",
  "ScriptBlockId": "6e940f86-50a2-41ba-b000-a478480b2f05",
  "Path": null
}
{
  "Timestamp": "2023-01-13 17:33:38.224509Z",
  "Channel": "Microsoft-Windows-PowerShell/Operational",
  "Provider": "Microsoft-Windows-PowerShell",
  "Hostname": "QL-WKSTN-5693",
  "SID": "S-1-5-21-3258834958-2458682484-3394967329-1002",
  "EventID": 4104,
  "RecordID": 1104,
  "Level": "Verbose",
  "Descr": "Creating Scriptblock text (<MessageNumber> of <MessageTotal>)",
  "MessageNumber": "1",
  "MessageTotal": "1",
  "ScriptBlockText": "{ Set-StrictMode -Version 1; $this.Exception.InnerException.PSMessageDetails }",
  "ScriptBlockId": "075236db-36d7-454e-a573-ac27db7c2387",
  "Path": null
}
{
  "Timestamp": "2023-01-13 17:33:38.218153Z",
  "Channel": "Microsoft-Windows-PowerShell/Operational",
  "Provider": "Microsoft-Windows-PowerShell",
  "Hostname": "QL-WKSTN-5693",
  "SID": "S-1-5-21-3258834958-2458682484-3394967329-1002",
  "EventID": 4104,
  "RecordID": 1103,
  "Level": "Verbose",
  "Descr": "Creating Scriptblock text (<MessageNumber> of <MessageTotal>)",
  "MessageNumber": "1",
  "MessageTotal": "1",
  "ScriptBlockText": "{ Set-StrictMode -Version 1; $_.PSMessageDetails }",
  "ScriptBlockId": "3fc107a6-d0b3-4eac-85cc-be6b77e64e6c",
  "Path": null
}
{
  "Timestamp": "2023-01-13 17:33:37.862922Z",
  "Channel": "Microsoft-Windows-PowerShell/Operational",
  "Provider": "Microsoft-Windows-PowerShell",
  "Hostname": "QL-WKSTN-5693",
  "SID": "S-1-5-21-3258834958-2458682484-3394967329-1002",
  "EventID": 4104,
  "RecordID": 1102,
  "Level": "Verbose",
  "Descr": "Creating Scriptblock text (<MessageNumber> of <MessageTotal>)",
  "MessageNumber": "1",
  "MessageTotal": "1",
  "ScriptBlockText": "{ Set-StrictMode -Version 1; $_.OriginInfo }",
  "ScriptBlockId": "2ce98ed9-be3c-4f22-b7ad-db9078d44290",
  "Path": null
}
{
  "Timestamp": "2023-01-13 17:33:37.861780Z",
  "Channel": "Microsoft-Windows-PowerShell/Operational",
  "Provider": "Microsoft-Windows-PowerShell",
  "Hostname": "QL-WKSTN-5693",
  "SID": "S-1-5-21-3258834958-2458682484-3394967329-1002",
  "EventID": 4104,
  "RecordID": 1101,
  "Level": "Verbose",
  "Descr": "Creating Scriptblock text (<MessageNumber> of <MessageTotal>)",
  "MessageNumber": "1",
  "MessageTotal": "1",
  "ScriptBlockText": "{ Set-StrictMode -Version 1; $_.ErrorCategory_Message }",
  "ScriptBlockId": "421c3cc8-b9c1-472d-835d-00eb3b372a5c",
  "Path": null
}
{
  "Timestamp": "2023-01-13 17:33:37.859709Z",
  "Channel": "Microsoft-Windows-PowerShell/Operational",
  "Provider": "Microsoft-Windows-PowerShell",
  "Hostname": "QL-WKSTN-5693",
  "SID": "S-1-5-21-3258834958-2458682484-3394967329-1002",
  "EventID": 4104,
  "RecordID": 1100,
  "Level": "Verbose",
  "Descr": "Creating Scriptblock text (<MessageNumber> of <MessageTotal>)",
  "MessageNumber": "1",
  "MessageTotal": "1",
  "ScriptBlockText": "{ Set-StrictMode -Version 1; $this.Exception.InnerException.PSMessageDetails }",
  "ScriptBlockId": "b3752658-d735-434c-b1b7-84605bc030ed",
  "Path": null
}
{
  "Timestamp": "2023-01-13 17:33:37.854927Z",
  "Channel": "Microsoft-Windows-PowerShell/Operational",
  "Provider": "Microsoft-Windows-PowerShell",
  "Hostname": "QL-WKSTN-5693",
  "SID": "S-1-5-21-3258834958-2458682484-3394967329-1002",
  "EventID": 4104,
  "RecordID": 1099,
  "Level": "Verbose",
  "Descr": "Creating Scriptblock text (<MessageNumber> of <MessageTotal>)",
  "MessageNumber": "1",
  "MessageTotal": "1",
  "ScriptBlockText": "{ Set-StrictMode -Version 1; $_.PSMessageDetails }",
  "ScriptBlockId": "97e19644-8dd5-4cb6-9190-9b3a77b902f9",
  "Path": null
}
{
  "Timestamp": "2023-01-13 17:33:36.962928Z",
  "Channel": "Microsoft-Windows-PowerShell/Operational",
  "Provider": "Microsoft-Windows-PowerShell",
  "Hostname": "QL-WKSTN-5693",
  "SID": "S-1-5-21-3258834958-2458682484-3394967329-1002",
  "EventID": 4104,
  "RecordID": 1098,
  "Level": "Verbose",
  "Descr": "Creating Scriptblock text (<MessageNumber> of <MessageTotal>)",
  "MessageNumber": "1",
  "MessageTotal": "1",
  "ScriptBlockText": "{ Set-StrictMode -Version 1; $_.OriginInfo }",
  "ScriptBlockId": "79d3b378-f27c-4017-98df-dce4b6cd35ce",
  "Path": null
}
{
  "Timestamp": "2023-01-13 17:33:36.961873Z",
  "Channel": "Microsoft-Windows-PowerShell/Operational",
  "Provider": "Microsoft-Windows-PowerShell",
  "Hostname": "QL-WKSTN-5693",
  "SID": "S-1-5-21-3258834958-2458682484-3394967329-1002",
  "EventID": 4104,
  "RecordID": 1097,
  "Level": "Verbose",
  "Descr": "Creating Scriptblock text (<MessageNumber> of <MessageTotal>)",
  "MessageNumber": "1",
  "MessageTotal": "1",
  "ScriptBlockText": "{ Set-StrictMode -Version 1; $_.ErrorCategory_Message }",
  "ScriptBlockId": "1f234130-b970-4649-a8b1-b5dfe004b444",
  "Path": null
}
{
  "Timestamp": "2023-01-13 17:33:36.960737Z",
  "Channel": "Microsoft-Windows-PowerShell/Operational",
  "Provider": "Microsoft-Windows-PowerShell",
  "Hostname": "QL-WKSTN-5693",
  "SID": "S-1-5-21-3258834958-2458682484-3394967329-1002",
  "EventID": 4104,
  "RecordID": 1096,
  "Level": "Verbose",
  "Descr": "Creating Scriptblock text (<MessageNumber> of <MessageTotal>)",
  "MessageNumber": "1",
  "MessageTotal": "1",
  "ScriptBlockText": "{ Set-StrictMode -Version 1; $this.Exception.InnerException.PSMessageDetails }",
  "ScriptBlockId": "e60e74d2-e492-4ce6-939f-15faf782f6d8",
  "Path": null
}
{
  "Timestamp": "2023-01-13 17:33:36.956175Z",
  "Channel": "Microsoft-Windows-PowerShell/Operational",
  "Provider": "Microsoft-Windows-PowerShell",
  "Hostname": "QL-WKSTN-5693",
  "SID": "S-1-5-21-3258834958-2458682484-3394967329-1002",
  "EventID": 4104,
  "RecordID": 1095,
  "Level": "Verbose",
  "Descr": "Creating Scriptblock text (<MessageNumber> of <MessageTotal>)",
  "MessageNumber": "1",
  "MessageTotal": "1",
  "ScriptBlockText": "{ Set-StrictMode -Version 1; $_.PSMessageDetails }",
  "ScriptBlockId": "27a3d0ff-0d0b-49d5-bee8-2ed1f0187f24",
  "Path": null
}
{
  "Timestamp": "2023-01-13 17:33:36.625902Z",
  "Channel": "Microsoft-Windows-PowerShell/Operational",
  "Provider": "Microsoft-Windows-PowerShell",
  "Hostname": "QL-WKSTN-5693",
  "SID": "S-1-5-21-3258834958-2458682484-3394967329-1002",
  "EventID": 4104,
  "RecordID": 1094,
  "Level": "Verbose",
  "Descr": "Creating Scriptblock text (<MessageNumber> of <MessageTotal>)",
  "MessageNumber": "1",
  "MessageTotal": "1",
  "ScriptBlockText": "{ Set-StrictMode -Version 1; $_.OriginInfo }",
  "ScriptBlockId": "b077dc18-a39e-49ab-ac4b-1da595231a4c",
  "Path": null
}
{
  "Timestamp": "2023-01-13 17:33:36.624823Z",
  "Channel": "Microsoft-Windows-PowerShell/Operational",
  "Provider": "Microsoft-Windows-PowerShell",
  "Hostname": "QL-WKSTN-5693",
  "SID": "S-1-5-21-3258834958-2458682484-3394967329-1002",
  "EventID": 4104,
  "RecordID": 1093,
  "Level": "Verbose",
  "Descr": "Creating Scriptblock text (<MessageNumber> of <MessageTotal>)",
  "MessageNumber": "1",
  "MessageTotal": "1",
  "ScriptBlockText": "{ Set-StrictMode -Version 1; $_.ErrorCategory_Message }",
  "ScriptBlockId": "a3953eaf-0460-48d6-85da-c5648f4c855e",
  "Path": null
}
{
  "Timestamp": "2023-01-13 17:33:36.623666Z",
  "Channel": "Microsoft-Windows-PowerShell/Operational",
  "Provider": "Microsoft-Windows-PowerShell",
  "Hostname": "QL-WKSTN-5693",
  "SID": "S-1-5-21-3258834958-2458682484-3394967329-1002",
  "EventID": 4104,
  "RecordID": 1092,
  "Level": "Verbose",
  "Descr": "Creating Scriptblock text (<MessageNumber> of <MessageTotal>)",
  "MessageNumber": "1",
  "MessageTotal": "1",
  "ScriptBlockText": "{ Set-StrictMode -Version 1; $this.Exception.InnerException.PSMessageDetails }",
  "ScriptBlockId": "125bb752-a6ac-4e4a-90f1-f28e8aae739a",
  "Path": null
}
{
  "Timestamp": "2023-01-13 17:33:36.619135Z",
  "Channel": "Microsoft-Windows-PowerShell/Operational",
  "Provider": "Microsoft-Windows-PowerShell",
  "Hostname": "QL-WKSTN-5693",
  "SID": "S-1-5-21-3258834958-2458682484-3394967329-1002",
  "EventID": 4104,
  "RecordID": 1091,
  "Level": "Verbose",
  "Descr": "Creating Scriptblock text (<MessageNumber> of <MessageTotal>)",
  "MessageNumber": "1",
  "MessageTotal": "1",
  "ScriptBlockText": "{ Set-StrictMode -Version 1; $_.PSMessageDetails }",
  "ScriptBlockId": "c7b398a0-8e41-4316-bef0-5d5ee4b4439b",
  "Path": null
}
{
  "Timestamp": "2023-01-13 17:33:35.702194Z",
  "Channel": "Microsoft-Windows-PowerShell/Operational",
  "Provider": "Microsoft-Windows-PowerShell",
  "Hostname": "QL-WKSTN-5693",
  "SID": "S-1-5-21-3258834958-2458682484-3394967329-1002",
  "EventID": 4104,
  "RecordID": 1090,
  "Level": "Verbose",
  "Descr": "Creating Scriptblock text (<MessageNumber> of <MessageTotal>)",
  "MessageNumber": "1",
  "MessageTotal": "1",
  "ScriptBlockText": "{ Set-StrictMode -Version 1; $_.OriginInfo }",
  "ScriptBlockId": "97fe984b-cf03-4a89-abd6-a7326f197699",
  "Path": null
}
{
  "Timestamp": "2023-01-13 17:33:35.701055Z",
  "Channel": "Microsoft-Windows-PowerShell/Operational",
  "Provider": "Microsoft-Windows-PowerShell",
  "Hostname": "QL-WKSTN-5693",
  "SID": "S-1-5-21-3258834958-2458682484-3394967329-1002",
  "EventID": 4104,
  "RecordID": 1089,
  "Level": "Verbose",
  "Descr": "Creating Scriptblock text (<MessageNumber> of <MessageTotal>)",
  "MessageNumber": "1",
  "MessageTotal": "1",
  "ScriptBlockText": "{ Set-StrictMode -Version 1; $_.ErrorCategory_Message }",
  "ScriptBlockId": "0efaa438-849c-41bd-9123-af105dd67a3d",
  "Path": null
}
{
  "Timestamp": "2023-01-13 17:33:35.699724Z",
  "Channel": "Microsoft-Windows-PowerShell/Operational",
  "Provider": "Microsoft-Windows-PowerShell",
  "Hostname": "QL-WKSTN-5693",
  "SID": "S-1-5-21-3258834958-2458682484-3394967329-1002",
  "EventID": 4104,
  "RecordID": 1088,
  "Level": "Verbose",
  "Descr": "Creating Scriptblock text (<MessageNumber> of <MessageTotal>)",
  "MessageNumber": "1",
  "MessageTotal": "1",
  "ScriptBlockText": "{ Set-StrictMode -Version 1; $this.Exception.InnerException.PSMessageDetails }",
  "ScriptBlockId": "a605e428-5a26-4377-af0c-0fdc91ff2a46",
  "Path": null
}
{
  "Timestamp": "2023-01-13 17:33:35.695062Z",
  "Channel": "Microsoft-Windows-PowerShell/Operational",
  "Provider": "Microsoft-Windows-PowerShell",
  "Hostname": "QL-WKSTN-5693",
  "SID": "S-1-5-21-3258834958-2458682484-3394967329-1002",
  "EventID": 4104,
  "RecordID": 1087,
  "Level": "Verbose",
  "Descr": "Creating Scriptblock text (<MessageNumber> of <MessageTotal>)",
  "MessageNumber": "1",
  "MessageTotal": "1",
  "ScriptBlockText": "{ Set-StrictMode -Version 1; $_.PSMessageDetails }",
  "ScriptBlockId": "bab72d43-048d-45fb-b834-4b5b2d323ba2",
  "Path": null
}
{
  "Timestamp": "2023-01-13 17:33:35.351866Z",
  "Channel": "Microsoft-Windows-PowerShell/Operational",
  "Provider": "Microsoft-Windows-PowerShell",
  "Hostname": "QL-WKSTN-5693",
  "SID": "S-1-5-21-3258834958-2458682484-3394967329-1002",
  "EventID": 4104,
  "RecordID": 1086,
  "Level": "Verbose",
  "Descr": "Creating Scriptblock text (<MessageNumber> of <MessageTotal>)",
  "MessageNumber": "1",
  "MessageTotal": "1",
  "ScriptBlockText": "{ Set-StrictMode -Version 1; $_.OriginInfo }",
  "ScriptBlockId": "bad225ef-2def-4f34-953b-353c5ebf696f",
  "Path": null
}
{
  "Timestamp": "2023-01-13 17:33:35.350805Z",
  "Channel": "Microsoft-Windows-PowerShell/Operational",
  "Provider": "Microsoft-Windows-PowerShell",
  "Hostname": "QL-WKSTN-5693",
  "SID": "S-1-5-21-3258834958-2458682484-3394967329-1002",
  "EventID": 4104,
  "RecordID": 1085,
  "Level": "Verbose",
  "Descr": "Creating Scriptblock text (<MessageNumber> of <MessageTotal>)",
  "MessageNumber": "1",
  "MessageTotal": "1",
  "ScriptBlockText": "{ Set-StrictMode -Version 1; $_.ErrorCategory_Message }",
  "ScriptBlockId": "5e5e3a12-a9e5-4913-bb59-ab26f6a32bfe",
  "Path": null
}
{
  "Timestamp": "2023-01-13 17:33:35.349579Z",
  "Channel": "Microsoft-Windows-PowerShell/Operational",
  "Provider": "Microsoft-Windows-PowerShell",
  "Hostname": "QL-WKSTN-5693",
  "SID": "S-1-5-21-3258834958-2458682484-3394967329-1002",
  "EventID": 4104,
  "RecordID": 1084,
  "Level": "Verbose",
  "Descr": "Creating Scriptblock text (<MessageNumber> of <MessageTotal>)",
  "MessageNumber": "1",
  "MessageTotal": "1",
  "ScriptBlockText": "{ Set-StrictMode -Version 1; $this.Exception.InnerException.PSMessageDetails }",
  "ScriptBlockId": "23a04878-dc8c-43d1-acdd-97706a1b2596",
  "Path": null
}
{
  "Timestamp": "2023-01-13 17:33:35.344341Z",
  "Channel": "Microsoft-Windows-PowerShell/Operational",
  "Provider": "Microsoft-Windows-PowerShell",
  "Hostname": "QL-WKSTN-5693",
  "SID": "S-1-5-21-3258834958-2458682484-3394967329-1002",
  "EventID": 4104,
  "RecordID": 1083,
  "Level": "Verbose",
  "Descr": "Creating Scriptblock text (<MessageNumber> of <MessageTotal>)",
  "MessageNumber": "1",
  "MessageTotal": "1",
  "ScriptBlockText": "{ Set-StrictMode -Version 1; $_.PSMessageDetails }",
  "ScriptBlockId": "6f5cbfb0-03ec-4961-bd86-31b6f6d3ed99",
  "Path": null
}
{
  "Timestamp": "2023-01-13 17:33:34.445972Z",
  "Channel": "Microsoft-Windows-PowerShell/Operational",
  "Provider": "Microsoft-Windows-PowerShell",
  "Hostname": "QL-WKSTN-5693",
  "SID": "S-1-5-21-3258834958-2458682484-3394967329-1002",
  "EventID": 4104,
  "RecordID": 1082,
  "Level": "Verbose",
  "Descr": "Creating Scriptblock text (<MessageNumber> of <MessageTotal>)",
  "MessageNumber": "1",
  "MessageTotal": "1",
  "ScriptBlockText": "{ Set-StrictMode -Version 1; $_.OriginInfo }",
  "ScriptBlockId": "eb8d0592-fc5a-4674-ad4b-65f36bbfe270",
  "Path": null
}
{
  "Timestamp": "2023-01-13 17:33:34.444963Z",
  "Channel": "Microsoft-Windows-PowerShell/Operational",
  "Provider": "Microsoft-Windows-PowerShell",
  "Hostname": "QL-WKSTN-5693",
  "SID": "S-1-5-21-3258834958-2458682484-3394967329-1002",
  "EventID": 4104,
  "RecordID": 1081,
  "Level": "Verbose",
  "Descr": "Creating Scriptblock text (<MessageNumber> of <MessageTotal>)",
  "MessageNumber": "1",
  "MessageTotal": "1",
  "ScriptBlockText": "{ Set-StrictMode -Version 1; $_.ErrorCategory_Message }",
  "ScriptBlockId": "8a46f8d7-e619-4492-b4d8-e95fe70efe77",
  "Path": null
}
{
  "Timestamp": "2023-01-13 17:33:34.443807Z",
  "Channel": "Microsoft-Windows-PowerShell/Operational",
  "Provider": "Microsoft-Windows-PowerShell",
  "Hostname": "QL-WKSTN-5693",
  "SID": "S-1-5-21-3258834958-2458682484-3394967329-1002",
  "EventID": 4104,
  "RecordID": 1080,
  "Level": "Verbose",
  "Descr": "Creating Scriptblock text (<MessageNumber> of <MessageTotal>)",
  "MessageNumber": "1",
  "MessageTotal": "1",
  "ScriptBlockText": "{ Set-StrictMode -Version 1; $this.Exception.InnerException.PSMessageDetails }",
  "ScriptBlockId": "0260df43-341e-4435-badd-5a40559693e9",
  "Path": null
}
{
  "Timestamp": "2023-01-13 17:33:34.439404Z",
  "Channel": "Microsoft-Windows-PowerShell/Operational",
  "Provider": "Microsoft-Windows-PowerShell",
  "Hostname": "QL-WKSTN-5693",
  "SID": "S-1-5-21-3258834958-2458682484-3394967329-1002",
  "EventID": 4104,
  "RecordID": 1079,
  "Level": "Verbose",
  "Descr": "Creating Scriptblock text (<MessageNumber> of <MessageTotal>)",
  "MessageNumber": "1",
  "MessageTotal": "1",
  "ScriptBlockText": "{ Set-StrictMode -Version 1; $_.PSMessageDetails }",
  "ScriptBlockId": "59a3fe4f-6cc4-40a9-b764-5406b2db76d6",
  "Path": null
}
{
  "Timestamp": "2023-01-13 17:33:34.094942Z",
  "Channel": "Microsoft-Windows-PowerShell/Operational",
  "Provider": "Microsoft-Windows-PowerShell",
  "Hostname": "QL-WKSTN-5693",
  "SID": "S-1-5-21-3258834958-2458682484-3394967329-1002",
  "EventID": 4104,
  "RecordID": 1078,
  "Level": "Verbose",
  "Descr": "Creating Scriptblock text (<MessageNumber> of <MessageTotal>)",
  "MessageNumber": "1",
  "MessageTotal": "1",
  "ScriptBlockText": "{ Set-StrictMode -Version 1; $_.OriginInfo }",
  "ScriptBlockId": "b893322a-9b11-462e-807f-163e4e39a1bf",
  "Path": null
}
{
  "Timestamp": "2023-01-13 17:33:34.093890Z",
  "Channel": "Microsoft-Windows-PowerShell/Operational",
  "Provider": "Microsoft-Windows-PowerShell",
  "Hostname": "QL-WKSTN-5693",
  "SID": "S-1-5-21-3258834958-2458682484-3394967329-1002",
  "EventID": 4104,
  "RecordID": 1077,
  "Level": "Verbose",
  "Descr": "Creating Scriptblock text (<MessageNumber> of <MessageTotal>)",
  "MessageNumber": "1",
  "MessageTotal": "1",
  "ScriptBlockText": "{ Set-StrictMode -Version 1; $_.ErrorCategory_Message }",
  "ScriptBlockId": "b862e775-dbaa-43ec-aaf5-01a39f3313ca",
  "Path": null
}
{
  "Timestamp": "2023-01-13 17:33:34.092730Z",
  "Channel": "Microsoft-Windows-PowerShell/Operational",
  "Provider": "Microsoft-Windows-PowerShell",
  "Hostname": "QL-WKSTN-5693",
  "SID": "S-1-5-21-3258834958-2458682484-3394967329-1002",
  "EventID": 4104,
  "RecordID": 1076,
  "Level": "Verbose",
  "Descr": "Creating Scriptblock text (<MessageNumber> of <MessageTotal>)",
  "MessageNumber": "1",
  "MessageTotal": "1",
  "ScriptBlockText": "{ Set-StrictMode -Version 1; $this.Exception.InnerException.PSMessageDetails }",
  "ScriptBlockId": "3a8396f8-c3eb-4c2a-849a-cb15b284cc6a",
  "Path": null
}
{
  "Timestamp": "2023-01-13 17:33:34.088202Z",
  "Channel": "Microsoft-Windows-PowerShell/Operational",
  "Provider": "Microsoft-Windows-PowerShell",
  "Hostname": "QL-WKSTN-5693",
  "SID": "S-1-5-21-3258834958-2458682484-3394967329-1002",
  "EventID": 4104,
  "RecordID": 1075,
  "Level": "Verbose",
  "Descr": "Creating Scriptblock text (<MessageNumber> of <MessageTotal>)",
  "MessageNumber": "1",
  "MessageTotal": "1",
  "ScriptBlockText": "{ Set-StrictMode -Version 1; $_.PSMessageDetails }",
  "ScriptBlockId": "007cac6c-fcdf-44b1-8148-d08ee773fb4f",
  "Path": null
}
{
  "Timestamp": "2023-01-13 17:33:33.201320Z",
  "Channel": "Microsoft-Windows-PowerShell/Operational",
  "Provider": "Microsoft-Windows-PowerShell",
  "Hostname": "QL-WKSTN-5693",
  "SID": "S-1-5-21-3258834958-2458682484-3394967329-1002",
  "EventID": 4104,
  "RecordID": 1074,
  "Level": "Verbose",
  "Descr": "Creating Scriptblock text (<MessageNumber> of <MessageTotal>)",
  "MessageNumber": "1",
  "MessageTotal": "1",
  "ScriptBlockText": "{ Set-StrictMode -Version 1; $_.OriginInfo }",
  "ScriptBlockId": "df850995-7653-4479-bdfc-13a761798dcd",
  "Path": null
}
{
  "Timestamp": "2023-01-13 17:33:33.200326Z",
  "Channel": "Microsoft-Windows-PowerShell/Operational",
  "Provider": "Microsoft-Windows-PowerShell",
  "Hostname": "QL-WKSTN-5693",
  "SID": "S-1-5-21-3258834958-2458682484-3394967329-1002",
  "EventID": 4104,
  "RecordID": 1073,
  "Level": "Verbose",
  "Descr": "Creating Scriptblock text (<MessageNumber> of <MessageTotal>)",
  "MessageNumber": "1",
  "MessageTotal": "1",
  "ScriptBlockText": "{ Set-StrictMode -Version 1; $_.ErrorCategory_Message }",
  "ScriptBlockId": "cfb0eabc-2c91-414d-a8e5-a3dfa4e6c9b7",
  "Path": null
}
{
  "Timestamp": "2023-01-13 17:33:33.199171Z",
  "Channel": "Microsoft-Windows-PowerShell/Operational",
  "Provider": "Microsoft-Windows-PowerShell",
  "Hostname": "QL-WKSTN-5693",
  "SID": "S-1-5-21-3258834958-2458682484-3394967329-1002",
  "EventID": 4104,
  "RecordID": 1072,
  "Level": "Verbose",
  "Descr": "Creating Scriptblock text (<MessageNumber> of <MessageTotal>)",
  "MessageNumber": "1",
  "MessageTotal": "1",
  "ScriptBlockText": "{ Set-StrictMode -Version 1; $this.Exception.InnerException.PSMessageDetails }",
  "ScriptBlockId": "3e2a189a-ced7-47da-a40b-a6b03a39c290",
  "Path": null
}
{
  "Timestamp": "2023-01-13 17:33:33.194793Z",
  "Channel": "Microsoft-Windows-PowerShell/Operational",
  "Provider": "Microsoft-Windows-PowerShell",
  "Hostname": "QL-WKSTN-5693",
  "SID": "S-1-5-21-3258834958-2458682484-3394967329-1002",
  "EventID": 4104,
  "RecordID": 1071,
  "Level": "Verbose",
  "Descr": "Creating Scriptblock text (<MessageNumber> of <MessageTotal>)",
  "MessageNumber": "1",
  "MessageTotal": "1",
  "ScriptBlockText": "{ Set-StrictMode -Version 1; $_.PSMessageDetails }",
  "ScriptBlockId": "748b3da8-28dc-42e4-b256-c41231de503f",
  "Path": null
}
