{
  "Timestamp": "2023-01-13 17:33:32.881069Z",
  "Channel": "Microsoft-Windows-PowerShell/Operational",
  "Provider": "Microsoft-Windows-PowerShell",
  "Hostname": "QL-WKSTN-5693",
  "SID": "S-1-5-21-3258834958-2458682484-3394967329-1002",
  "EventID": 4104,
  "RecordID": 1070,
  "Level": "Verbose",
  "Descr": "Creating Scriptblock text (<MessageNumber> of <MessageTotal>)",
  "MessageNumber": "1",
  "MessageTotal": "1",
  "ScriptBlockText": "{ Set-StrictMode -Version 1; $_.OriginInfo }",
  "ScriptBlockId": "9e069fc7-a173-4dce-bcc6-601909e5bbda",
  "Path": null
}
{
  "Timestamp": "2023-01-13 17:33:32.879670Z",
  "Channel": "Microsoft-Windows-PowerShell/Operational",
  "Provider": "Microsoft-Windows-PowerShell",
  "Hostname": "QL-WKSTN-5693",
  "SID": "S-1-5-21-3258834958-2458682484-3394967329-1002",
  "EventID": 4104,
  "RecordID": 1069,
  "Level": "Verbose",
  "Descr": "Creating Scriptblock text (<MessageNumber> of <MessageTotal>)",
  "MessageNumber": "1",
  "MessageTotal": "1",
  "ScriptBlockText": "{ Set-StrictMode -Version 1; $_.ErrorCategory_Message }",
  "ScriptBlockId": "394f3950-b503-4a48-ad1c-ac49dfe5f38c",
  "Path": null
}
{
  "Timestamp": "2023-01-13 17:33:32.863164Z",
  "Channel": "Microsoft-Windows-PowerShell/Operational",
  "Provider": "Microsoft-Windows-PowerShell",
  "Hostname": "QL-WKSTN-5693",
  "SID": "S-1-5-21-3258834958-2458682484-3394967329-1002",
  "EventID": 4104,
  "RecordID": 1068,
  "Level": "Verbose",
  "Descr": "Creating Scriptblock text (<MessageNumber> of <MessageTotal>)",
  "MessageNumber": "1",
  "MessageTotal": "1",
  "ScriptBlockText": "{ Set-StrictMode -Version 1; $this.Exception.InnerException.PSMessageDetails }",
  "ScriptBlockId": "7f0e262a-e997-49d6-9e34-1a078d5a8491",
  "Path": null
}
{
  "Timestamp": "2023-01-13 17:33:32.858077Z",
  "Channel": "Microsoft-Windows-PowerShell/Operational",
  "Provider": "Microsoft-Windows-PowerShell",
  "Hostname": "QL-WKSTN-5693",
  "SID": "S-1-5-21-3258834958-2458682484-3394967329-1002",
  "EventID": 4104,
  "RecordID": 1067,
  "Level": "Verbose",
  "Descr": "Creating Scriptblock text (<MessageNumber> of <MessageTotal>)",
  "MessageNumber": "1",
  "MessageTotal": "1",
  "ScriptBlockText": "{ Set-StrictMode -Version 1; $_.PSMessageDetails }",
  "ScriptBlockId": "a3f8270c-26eb-4dd6-9ba9-084f5d22b045",
  "Path": null
}
{
  "Timestamp": "2023-01-13 17:33:31.803836Z",
  "Channel": "Microsoft-Windows-PowerShell/Operational",
  "Provider": "Microsoft-Windows-PowerShell",
  "Hostname": "QL-WKSTN-5693",
  "SID": "S-1-5-21-3258834958-2458682484-3394967329-1002",
  "EventID": 4104,
  "RecordID": 1066,
  "Level": "Verbose",
  "Descr": "Creating Scriptblock text (<MessageNumber> of <MessageTotal>)",
  "MessageNumber": "1",
  "MessageTotal": "1",
  "ScriptBlockText": "{ Set-StrictMode -Version 1; $_.OriginInfo }",
  "ScriptBlockId": "678bbddf-c243-4c0f-8d1b-92abc2054385",
  "Path": null
}
{
  "Timestamp": "2023-01-13 17:34:06.544904Z",
  "Channel": "Microsoft-Windows-PowerShell/Operational",
  "Provider": "Microsoft-Windows-PowerShell",
  "Hostname": "QL-WKSTN-5693",
  "SID": "S-1-5-21-3258834958-2458682484-3394967329-1002",
  "EventID": 4104,
  "RecordID": 1279,
  "Level": "Verbose",
  "Descr": "Creating Scriptblock text (<MessageNumber> of <MessageTotal>)",
  "MessageNumber": "1",
  "MessageTotal": "1",
  "ScriptBlockText": "{ Set-StrictMode -Version 1; $_.PSMessageDetails }",
  "ScriptBlockId": "a3232209-0a06-4191-ab63-78db4acaff82",
  "Path": null
}
{
  "Timestamp": "2023-01-13 17:34:06.208191Z",
  "Channel": "Microsoft-Windows-PowerShell/Operational",
  "Provider": "Microsoft-Windows-PowerShell",
  "Hostname": "QL-WKSTN-5693",
  "SID": "S-1-5-21-3258834958-2458682484-3394967329-1002",
  "EventID": 4104,
  "RecordID": 1278,
  "Level": "Verbose",
  "Descr": "Creating Scriptblock text (<MessageNumber> of <MessageTotal>)",
  "MessageNumber": "1",
  "MessageTotal": "1",
  "ScriptBlockText": "{ Set-StrictMode -Version 1; $_.OriginInfo }",
  "ScriptBlockId": "ea0e0143-34cc-4784-9fa0-e6190e677da4",
  "Path": null
}
{
  "Timestamp": "2023-01-13 17:34:06.204002Z",
  "Channel": "Microsoft-Windows-PowerShell/Operational",
  "Provider": "Microsoft-Windows-PowerShell",
  "Hostname": "QL-WKSTN-5693",
  "SID": "S-1-5-21-3258834958-2458682484-3394967329-1002",
  "EventID": 4104,
  "RecordID": 1277,
  "Level": "Verbose",
  "Descr": "Creating Scriptblock text (<MessageNumber> of <MessageTotal>)",
  "MessageNumber": "1",
  "MessageTotal": "1",
  "ScriptBlockText": "{ Set-StrictMode -Version 1; $_.ErrorCategory_Message }",
  "ScriptBlockId": "48a05128-a485-4537-8afc-cf663e0f29c4",
  "Path": null
}
{
  "Timestamp": "2023-01-13 17:34:06.202835Z",
  "Channel": "Microsoft-Windows-PowerShell/Operational",
  "Provider": "Microsoft-Windows-PowerShell",
  "Hostname": "QL-WKSTN-5693",
  "SID": "S-1-5-21-3258834958-2458682484-3394967329-1002",
  "EventID": 4104,
  "RecordID": 1276,
  "Level": "Verbose",
  "Descr": "Creating Scriptblock text (<MessageNumber> of <MessageTotal>)",
  "MessageNumber": "1",
  "MessageTotal": "1",
  "ScriptBlockText": "{ Set-StrictMode -Version 1; $this.Exception.InnerException.PSMessageDetails }",
  "ScriptBlockId": "b0853a04-21df-4cbf-b2e4-910e25e4d37f",
  "Path": null
}
{
  "Timestamp": "2023-01-13 17:34:06.198192Z",
  "Channel": "Microsoft-Windows-PowerShell/Operational",
  "Provider": "Microsoft-Windows-PowerShell",
  "Hostname": "QL-WKSTN-5693",
  "SID": "S-1-5-21-3258834958-2458682484-3394967329-1002",
  "EventID": 4104,
  "RecordID": 1275,
  "Level": "Verbose",
  "Descr": "Creating Scriptblock text (<MessageNumber> of <MessageTotal>)",
  "MessageNumber": "1",
  "MessageTotal": "1",
  "ScriptBlockText": "{ Set-StrictMode -Version 1; $_.PSMessageDetails }",
  "ScriptBlockId": "249814fc-19a1-40f2-8c7f-efd9bedd284b",
  "Path": null
}
{
  "Timestamp": "2023-01-13 17:34:05.269936Z",
  "Channel": "Microsoft-Windows-PowerShell/Operational",
  "Provider": "Microsoft-Windows-PowerShell",
  "Hostname": "QL-WKSTN-5693",
  "SID": "S-1-5-21-3258834958-2458682484-3394967329-1002",
  "EventID": 4104,
  "RecordID": 1274,
  "Level": "Verbose",
  "Descr": "Creating Scriptblock text (<MessageNumber> of <MessageTotal>)",
  "MessageNumber": "1",
  "MessageTotal": "1",
  "ScriptBlockText": "{ Set-StrictMode -Version 1; $_.OriginInfo }",
  "ScriptBlockId": "fb206014-7014-4025-b990-5f263d9be250",
  "Path": null
}
{
  "Timestamp": "2023-01-13 17:34:05.268780Z",
  "Channel": "Microsoft-Windows-PowerShell/Operational",
  "Provider": "Microsoft-Windows-PowerShell",
  "Hostname": "QL-WKSTN-5693",
  "SID": "S-1-5-21-3258834958-2458682484-3394967329-1002",
  "EventID": 4104,
  "RecordID": 1273,
  "Level": "Verbose",
  "Descr": "Creating Scriptblock text (<MessageNumber> of <MessageTotal>)",
  "MessageNumber": "1",
  "MessageTotal": "1",
  "ScriptBlockText": "{ Set-StrictMode -Version 1; $_.ErrorCategory_Message }",
  "ScriptBlockId": "9f787cde-8c5c-414d-b8b7-889dbf110c6a",
  "Path": null
}
{
  "Timestamp": "2023-01-13 17:34:05.266381Z",
  "Channel": "Microsoft-Windows-PowerShell/Operational",
  "Provider": "Microsoft-Windows-PowerShell",
  "Hostname": "QL-WKSTN-5693",
  "SID": "S-1-5-21-3258834958-2458682484-3394967329-1002",
  "EventID": 4104,
  "RecordID": 1272,
  "Level": "Verbose",
  "Descr": "Creating Scriptblock text (<MessageNumber> of <MessageTotal>)",
  "MessageNumber": "1",
  "MessageTotal": "1",
  "ScriptBlockText": "{ Set-StrictMode -Version 1; $this.Exception.InnerException.PSMessageDetails }",
  "ScriptBlockId": "2d881aa7-5357-4896-9b91-bd05afd12fce",
  "Path": null
}
{
  "Timestamp": "2023-01-13 17:34:05.235652Z",
  "Channel": "Microsoft-Windows-PowerShell/Operational",
  "Provider": "Microsoft-Windows-PowerShell",
  "Hostname": "QL-WKSTN-5693",
  "SID": "S-1-5-21-3258834958-2458682484-3394967329-1002",
  "EventID": 4104,
  "RecordID": 1271,
  "Level": "Verbose",
  "Descr": "Creating Scriptblock text (<MessageNumber> of <MessageTotal>)",
  "MessageNumber": "1",
  "MessageTotal": "1",
  "ScriptBlockText": "{ Set-StrictMode -Version 1; $_.PSMessageDetails }",
  "ScriptBlockId": "e3311a5d-e2f9-435c-af19-4c68badbf931",
  "Path": null
}
{
  "Timestamp": "2023-01-13 17:34:04.887924Z",
  "Channel": "Microsoft-Windows-PowerShell/Operational",
  "Provider": "Microsoft-Windows-PowerShell",
  "Hostname": "QL-WKSTN-5693",
  "SID": "S-1-5-21-3258834958-2458682484-3394967329-1002",
  "EventID": 4104,
  "RecordID": 1270,
  "Level": "Verbose",
  "Descr": "Creating Scriptblock text (<MessageNumber> of <MessageTotal>)",
  "MessageNumber": "1",
  "MessageTotal": "1",
  "ScriptBlockText": "{ Set-StrictMode -Version 1; $_.OriginInfo }",
  "ScriptBlockId": "633aa47e-ddc2-4e62-bae0-f6538273afc1",
  "Path": null
}
{
  "Timestamp": "2023-01-13 17:34:04.886752Z",
  "Channel": "Microsoft-Windows-PowerShell/Operational",
  "Provider": "Microsoft-Windows-PowerShell",
  "Hostname": "QL-WKSTN-5693",
  "SID": "S-1-5-21-3258834958-2458682484-3394967329-1002",
  "EventID": 4104,
  "RecordID": 1269,
  "Level": "Verbose",
  "Descr": "Creating Scriptblock text (<MessageNumber> of <MessageTotal>)",
  "MessageNumber": "1",
  "MessageTotal": "1",
  "ScriptBlockText": "{ Set-StrictMode -Version 1; $_.ErrorCategory_Message }",
  "ScriptBlockId": "63e272b1-af75-4802-8786-5e85c22f099a",
  "Path": null
}
{
  "Timestamp": "2023-01-13 17:34:04.885356Z",
  "Channel": "Microsoft-Windows-PowerShell/Operational",
  "Provider": "Microsoft-Windows-PowerShell",
  "Hostname": "QL-WKSTN-5693",
  "SID": "S-1-5-21-3258834958-2458682484-3394967329-1002",
  "EventID": 4104,
  "RecordID": 1268,
  "Level": "Verbose",
  "Descr": "Creating Scriptblock text (<MessageNumber> of <MessageTotal>)",
  "MessageNumber": "1",
  "MessageTotal": "1",
  "ScriptBlockText": "{ Set-StrictMode -Version 1; $this.Exception.InnerException.PSMessageDetails }",
  "ScriptBlockId": "c58e43cb-17bf-47e1-a7dd-169eac108b6d",
  "Path": null
}
{
  "Timestamp": "2023-01-13 17:34:04.880429Z",
  "Channel": "Microsoft-Windows-PowerShell/Operational",
  "Provider": "Microsoft-Windows-PowerShell",
  "Hostname": "QL-WKSTN-5693",
  "SID": "S-1-5-21-3258834958-2458682484-3394967329-1002",
  "EventID": 4104,
  "RecordID": 1267,
  "Level": "Verbose",
  "Descr": "Creating Scriptblock text (<MessageNumber> of <MessageTotal>)",
  "MessageNumber": "1",
  "MessageTotal": "1",
  "ScriptBlockText": "{ Set-StrictMode -Version 1; $_.PSMessageDetails }",
  "ScriptBlockId": "15dba60b-b4e9-4ff2-b5b3-73e085073978",
  "Path": null
}
{
  "Timestamp": "2023-01-13 17:34:03.943729Z",
  "Channel": "Microsoft-Windows-PowerShell/Operational",
  "Provider": "Microsoft-Windows-PowerShell",
  "Hostname": "QL-WKSTN-5693",
  "SID": "S-1-5-21-3258834958-2458682484-3394967329-1002",
  "EventID": 4104,
  "RecordID": 1266,
  "Level": "Verbose",
  "Descr": "Creating Scriptblock text (<MessageNumber> of <MessageTotal>)",
  "MessageNumber": "1",
  "MessageTotal": "1",
  "ScriptBlockText": "{ Set-StrictMode -Version 1; $_.OriginInfo }",
  "ScriptBlockId": "c83ef0c2-5671-4871-ba4c-a5306d5fdaf1",
  "Path": null
}
{
  "Timestamp": "2023-01-13 17:34:03.942639Z",
  "Channel": "Microsoft-Windows-PowerShell/Operational",
  "Provider": "Microsoft-Windows-PowerShell",
  "Hostname": "QL-WKSTN-5693",
  "SID": "S-1-5-21-3258834958-2458682484-3394967329-1002",
  "EventID": 4104,
  "RecordID": 1265,
  "Level": "Verbose",
  "Descr": "Creating Scriptblock text (<MessageNumber> of <MessageTotal>)",
  "MessageNumber": "1",
  "MessageTotal": "1",
  "ScriptBlockText": "{ Set-StrictMode -Version 1; $_.ErrorCategory_Message }",
  "ScriptBlockId": "8f594d97-f916-4aad-85ab-32420d24447a",
  "Path": null
}
{
  "Timestamp": "2023-01-13 17:34:03.941320Z",
  "Channel": "Microsoft-Windows-PowerShell/Operational",
  "Provider": "Microsoft-Windows-PowerShell",
  "Hostname": "QL-WKSTN-5693",
  "SID": "S-1-5-21-3258834958-2458682484-3394967329-1002",
  "EventID": 4104,
  "RecordID": 1264,
  "Level": "Verbose",
  "Descr": "Creating Scriptblock text (<MessageNumber> of <MessageTotal>)",
  "MessageNumber": "1",
  "MessageTotal": "1",
  "ScriptBlockText": "{ Set-StrictMode -Version 1; $this.Exception.InnerException.PSMessageDetails }",
  "ScriptBlockId": "9e2e6886-aecc-41a5-bcbf-5bcbaf857a30",
  "Path": null
}
{
  "Timestamp": "2023-01-13 17:34:03.936180Z",
  "Channel": "Microsoft-Windows-PowerShell/Operational",
  "Provider": "Microsoft-Windows-PowerShell",
  "Hostname": "QL-WKSTN-5693",
  "SID": "S-1-5-21-3258834958-2458682484-3394967329-1002",
  "EventID": 4104,
  "RecordID": 1263,
  "Level": "Verbose",
  "Descr": "Creating Scriptblock text (<MessageNumber> of <MessageTotal>)",
  "MessageNumber": "1",
  "MessageTotal": "1",
  "ScriptBlockText": "{ Set-StrictMode -Version 1; $_.PSMessageDetails }",
  "ScriptBlockId": "4d1640db-d875-45f7-a761-03b5d440a0eb",
  "Path": null
}
{
  "Timestamp": "2023-01-13 17:34:03.581530Z",
  "Channel": "Microsoft-Windows-PowerShell/Operational",
  "Provider": "Microsoft-Windows-PowerShell",
  "Hostname": "QL-WKSTN-5693",
  "SID": "S-1-5-21-3258834958-2458682484-3394967329-1002",
  "EventID": 4104,
  "RecordID": 1262,
  "Level": "Verbose",
  "Descr": "Creating Scriptblock text (<MessageNumber> of <MessageTotal>)",
  "MessageNumber": "1",
  "MessageTotal": "1",
  "ScriptBlockText": "{ Set-StrictMode -Version 1; $_.OriginInfo }",
  "ScriptBlockId": "d2b0f263-9ee6-40cc-9840-bb62da711996",
  "Path": null
}
{
  "Timestamp": "2023-01-13 17:34:03.580310Z",
  "Channel": "Microsoft-Windows-PowerShell/Operational",
  "Provider": "Microsoft-Windows-PowerShell",
  "Hostname": "QL-WKSTN-5693",
  "SID": "S-1-5-21-3258834958-2458682484-3394967329-1002",
  "EventID": 4104,
  "RecordID": 1261,
  "Level": "Verbose",
  "Descr": "Creating Scriptblock text (<MessageNumber> of <MessageTotal>)",
  "MessageNumber": "1",
  "MessageTotal": "1",
  "ScriptBlockText": "{ Set-StrictMode -Version 1; $_.ErrorCategory_Message }",
  "ScriptBlockId": "153d992f-6912-4ba7-90bf-76daa2d16760",
  "Path": null
}
{
  "Timestamp": "2023-01-13 17:34:03.578153Z",
  "Channel": "Microsoft-Windows-PowerShell/Operational",
  "Provider": "Microsoft-Windows-PowerShell",
  "Hostname": "QL-WKSTN-5693",
  "SID": "S-1-5-21-3258834958-2458682484-3394967329-1002",
  "EventID": 4104,
  "RecordID": 1260,
  "Level": "Verbose",
  "Descr": "Creating Scriptblock text (<MessageNumber> of <MessageTotal>)",
  "MessageNumber": "1",
  "MessageTotal": "1",
  "ScriptBlockText": "{ Set-StrictMode -Version 1; $this.Exception.InnerException.PSMessageDetails }",
  "ScriptBlockId": "3cbb4251-db37-421b-8f6a-780eac4efb99",
  "Path": null
}
{
  "Timestamp": "2023-01-13 17:34:03.573293Z",
  "Channel": "Microsoft-Windows-PowerShell/Operational",
  "Provider": "Microsoft-Windows-PowerShell",
  "Hostname": "QL-WKSTN-5693",
  "SID": "S-1-5-21-3258834958-2458682484-3394967329-1002",
  "EventID": 4104,
  "RecordID": 1259,
  "Level": "Verbose",
  "Descr": "Creating Scriptblock text (<MessageNumber> of <MessageTotal>)",
  "MessageNumber": "1",
  "MessageTotal": "1",
  "ScriptBlockText": "{ Set-StrictMode -Version 1; $_.PSMessageDetails }",
  "ScriptBlockId": "25d6e050-62ec-4000-a8ca-c2667f0b26b9",
  "Path": null
}
{
  "Timestamp": "2023-01-13 17:34:02.659172Z",
  "Channel": "Microsoft-Windows-PowerShell/Operational",
  "Provider": "Microsoft-Windows-PowerShell",
  "Hostname": "QL-WKSTN-5693",
  "SID": "S-1-5-21-3258834958-2458682484-3394967329-1002",
  "EventID": 4104,
  "RecordID": 1258,
  "Level": "Verbose",
  "Descr": "Creating Scriptblock text (<MessageNumber> of <MessageTotal>)",
  "MessageNumber": "1",
  "MessageTotal": "1",
  "ScriptBlockText": "{ Set-StrictMode -Version 1; $_.OriginInfo }",
  "ScriptBlockId": "b42605a3-accb-4447-b361-370af082be45",
  "Path": null
}
{
  "Timestamp": "2023-01-13 17:34:02.657927Z",
  "Channel": "Microsoft-Windows-PowerShell/Operational",
  "Provider": "Microsoft-Windows-PowerShell",
  "Hostname": "QL-WKSTN-5693",
  "SID": "S-1-5-21-3258834958-2458682484-3394967329-1002",
  "EventID": 4104,
  "RecordID": 1257,
  "Level": "Verbose",
  "Descr": "Creating Scriptblock text (<MessageNumber> of <MessageTotal>)",
  "MessageNumber": "1",
  "MessageTotal": "1",
  "ScriptBlockText": "{ Set-StrictMode -Version 1; $_.ErrorCategory_Message }",
  "ScriptBlockId": "c36ec84b-6681-49e7-9c87-9f3fbdc4bdd3",
  "Path": null
}
{
  "Timestamp": "2023-01-13 17:34:02.656307Z",
  "Channel": "Microsoft-Windows-PowerShell/Operational",
  "Provider": "Microsoft-Windows-PowerShell",
  "Hostname": "QL-WKSTN-5693",
  "SID": "S-1-5-21-3258834958-2458682484-3394967329-1002",
  "EventID": 4104,
  "RecordID": 1256,
  "Level": "Verbose",
  "Descr": "Creating Scriptblock text (<MessageNumber> of <MessageTotal>)",
  "MessageNumber": "1",
  "MessageTotal": "1",
  "ScriptBlockText": "{ Set-StrictMode -Version 1; $this.Exception.InnerException.PSMessageDetails }",
  "ScriptBlockId": "5801321b-4c4a-4daa-86b1-9546c7ba5c53",
  "Path": null
}
{
  "Timestamp": "2023-01-13 17:34:02.651347Z",
  "Channel": "Microsoft-Windows-PowerShell/Operational",
  "Provider": "Microsoft-Windows-PowerShell",
  "Hostname": "QL-WKSTN-5693",
  "SID": "S-1-5-21-3258834958-2458682484-3394967329-1002",
  "EventID": 4104,
  "RecordID": 1255,
  "Level": "Verbose",
  "Descr": "Creating Scriptblock text (<MessageNumber> of <MessageTotal>)",
  "MessageNumber": "1",
  "MessageTotal": "1",
  "ScriptBlockText": "{ Set-StrictMode -Version 1; $_.PSMessageDetails }",
  "ScriptBlockId": "1daf318c-1b9f-4693-a031-fe098838e4bb",
  "Path": null
}
{
  "Timestamp": "2023-01-13 17:34:02.302093Z",
  "Channel": "Microsoft-Windows-PowerShell/Operational",
  "Provider": "Microsoft-Windows-PowerShell",
  "Hostname": "QL-WKSTN-5693",
  "SID": "S-1-5-21-3258834958-2458682484-3394967329-1002",
  "EventID": 4104,
  "RecordID": 1254,
  "Level": "Verbose",
  "Descr": "Creating Scriptblock text (<MessageNumber> of <MessageTotal>)",
  "MessageNumber": "1",
  "MessageTotal": "1",
  "ScriptBlockText": "{ Set-StrictMode -Version 1; $_.OriginInfo }",
  "ScriptBlockId": "33e5e64c-87c2-4237-b5dc-6c3bfbd05274",
  "Path": null
}
{
  "Timestamp": "2023-01-13 17:34:02.300953Z",
  "Channel": "Microsoft-Windows-PowerShell/Operational",
  "Provider": "Microsoft-Windows-PowerShell",
  "Hostname": "QL-WKSTN-5693",
  "SID": "S-1-5-21-3258834958-2458682484-3394967329-1002",
  "EventID": 4104,
  "RecordID": 1253,
  "Level": "Verbose",
  "Descr": "Creating Scriptblock text (<MessageNumber> of <MessageTotal>)",
  "MessageNumber": "1",
  "MessageTotal": "1",
  "ScriptBlockText": "{ Set-StrictMode -Version 1; $_.ErrorCategory_Message }",
  "ScriptBlockId": "2426ee07-3ca1-43e3-b02b-5890a86e193e",
  "Path": null
}
{
  "Timestamp": "2023-01-13 17:34:02.299727Z",
  "Channel": "Microsoft-Windows-PowerShell/Operational",
  "Provider": "Microsoft-Windows-PowerShell",
  "Hostname": "QL-WKSTN-5693",
  "SID": "S-1-5-21-3258834958-2458682484-3394967329-1002",
  "EventID": 4104,
  "RecordID": 1252,
  "Level": "Verbose",
  "Descr": "Creating Scriptblock text (<MessageNumber> of <MessageTotal>)",
  "MessageNumber": "1",
  "MessageTotal": "1",
  "ScriptBlockText": "{ Set-StrictMode -Version 1; $this.Exception.InnerException.PSMessageDetails }",
  "ScriptBlockId": "a360dcce-02dd-4257-8c50-38cbbef7afed",
  "Path": null
}
{
  "Timestamp": "2023-01-13 17:34:02.294126Z",
  "Channel": "Microsoft-Windows-PowerShell/Operational",
  "Provider": "Microsoft-Windows-PowerShell",
  "Hostname": "QL-WKSTN-5693",
  "SID": "S-1-5-21-3258834958-2458682484-3394967329-1002",
  "EventID": 4104,
  "RecordID": 1251,
  "Level": "Verbose",
  "Descr": "Creating Scriptblock text (<MessageNumber> of <MessageTotal>)",
  "MessageNumber": "1",
  "MessageTotal": "1",
  "ScriptBlockText": "{ Set-StrictMode -Version 1; $_.PSMessageDetails }",
  "ScriptBlockId": "77f3e08d-7c25-47da-8031-9323883e107b",
  "Path": null
}
{
  "Timestamp": "2023-01-13 17:34:01.406098Z",
  "Channel": "Microsoft-Windows-PowerShell/Operational",
  "Provider": "Microsoft-Windows-PowerShell",
  "Hostname": "QL-WKSTN-5693",
  "SID": "S-1-5-21-3258834958-2458682484-3394967329-1002",
  "EventID": 4104,
  "RecordID": 1250,
  "Level": "Verbose",
  "Descr": "Creating Scriptblock text (<MessageNumber> of <MessageTotal>)",
  "MessageNumber": "1",
  "MessageTotal": "1",
  "ScriptBlockText": "{ Set-StrictMode -Version 1; $_.OriginInfo }",
  "ScriptBlockId": "8b10a8a9-c2f8-4494-b6ed-4ec44a85a431",
  "Path": null
}
{
  "Timestamp": "2023-01-13 17:34:01.404926Z",
  "Channel": "Microsoft-Windows-PowerShell/Operational",
  "Provider": "Microsoft-Windows-PowerShell",
  "Hostname": "QL-WKSTN-5693",
  "SID": "S-1-5-21-3258834958-2458682484-3394967329-1002",
  "EventID": 4104,
  "RecordID": 1249,
  "Level": "Verbose",
  "Descr": "Creating Scriptblock text (<MessageNumber> of <MessageTotal>)",
  "MessageNumber": "1",
  "MessageTotal": "1",
  "ScriptBlockText": "{ Set-StrictMode -Version 1; $_.ErrorCategory_Message }",
  "ScriptBlockId": "2a68f388-fddb-439e-ace6-14243b5e76ec",
  "Path": null
}
{
  "Timestamp": "2023-01-13 17:34:01.403579Z",
  "Channel": "Microsoft-Windows-PowerShell/Operational",
  "Provider": "Microsoft-Windows-PowerShell",
  "Hostname": "QL-WKSTN-5693",
  "SID": "S-1-5-21-3258834958-2458682484-3394967329-1002",
  "EventID": 4104,
  "RecordID": 1248,
  "Level": "Verbose",
  "Descr": "Creating Scriptblock text (<MessageNumber> of <MessageTotal>)",
  "MessageNumber": "1",
  "MessageTotal": "1",
  "ScriptBlockText": "{ Set-StrictMode -Version 1; $this.Exception.InnerException.PSMessageDetails }",
  "ScriptBlockId": "e6ec6059-6c89-40f6-912b-895934fc5b1f",
  "Path": null
}
{
  "Timestamp": "2023-01-13 17:34:01.398708Z",
  "Channel": "Microsoft-Windows-PowerShell/Operational",
  "Provider": "Microsoft-Windows-PowerShell",
  "Hostname": "QL-WKSTN-5693",
  "SID": "S-1-5-21-3258834958-2458682484-3394967329-1002",
  "EventID": 4104,
  "RecordID": 1247,
  "Level": "Verbose",
  "Descr": "Creating Scriptblock text (<MessageNumber> of <MessageTotal>)",
  "MessageNumber": "1",
  "MessageTotal": "1",
  "ScriptBlockText": "{ Set-StrictMode -Version 1; $_.PSMessageDetails }",
  "ScriptBlockId": "f6237e7e-14c3-441a-bf41-ebccd3fc2ac4",
  "Path": null
}
{
  "Timestamp": "2023-01-13 17:34:01.036331Z",
  "Channel": "Microsoft-Windows-PowerShell/Operational",
  "Provider": "Microsoft-Windows-PowerShell",
  "Hostname": "QL-WKSTN-5693",
  "SID": "S-1-5-21-3258834958-2458682484-3394967329-1002",
  "EventID": 4104,
  "RecordID": 1246,
  "Level": "Verbose",
  "Descr": "Creating Scriptblock text (<MessageNumber> of <MessageTotal>)",
  "MessageNumber": "1",
  "MessageTotal": "1",
  "ScriptBlockText": "{ Set-StrictMode -Version 1; $_.OriginInfo }",
  "ScriptBlockId": "486b7b02-1a9e-4d6e-abbb-7176c7b21be4",
  "Path": null
}
{
  "Timestamp": "2023-01-13 17:34:01.035247Z",
  "Channel": "Microsoft-Windows-PowerShell/Operational",
  "Provider": "Microsoft-Windows-PowerShell",
  "Hostname": "QL-WKSTN-5693",
  "SID": "S-1-5-21-3258834958-2458682484-3394967329-1002",
  "EventID": 4104,
  "RecordID": 1245,
  "Level": "Verbose",
  "Descr": "Creating Scriptblock text (<MessageNumber> of <MessageTotal>)",
  "MessageNumber": "1",
  "MessageTotal": "1",
  "ScriptBlockText": "{ Set-StrictMode -Version 1; $_.ErrorCategory_Message }",
  "ScriptBlockId": "fc8b3ad1-6f89-497d-a6ba-af51a45f3cac",
  "Path": null
}
{
  "Timestamp": "2023-01-13 17:34:01.034048Z",
  "Channel": "Microsoft-Windows-PowerShell/Operational",
  "Provider": "Microsoft-Windows-PowerShell",
  "Hostname": "QL-WKSTN-5693",
  "SID": "S-1-5-21-3258834958-2458682484-3394967329-1002",
  "EventID": 4104,
  "RecordID": 1244,
  "Level": "Verbose",
  "Descr": "Creating Scriptblock text (<MessageNumber> of <MessageTotal>)",
  "MessageNumber": "1",
  "MessageTotal": "1",
  "ScriptBlockText": "{ Set-StrictMode -Version 1; $this.Exception.InnerException.PSMessageDetails }",
  "ScriptBlockId": "6d8b3cce-d1c5-4aaa-9ffc-9267dc32bc5f",
  "Path": null
}
{
  "Timestamp": "2023-01-13 17:34:01.028860Z",
  "Channel": "Microsoft-Windows-PowerShell/Operational",
  "Provider": "Microsoft-Windows-PowerShell",
  "Hostname": "QL-WKSTN-5693",
  "SID": "S-1-5-21-3258834958-2458682484-3394967329-1002",
  "EventID": 4104,
  "RecordID": 1243,
  "Level": "Verbose",
  "Descr": "Creating Scriptblock text (<MessageNumber> of <MessageTotal>)",
  "MessageNumber": "1",
  "MessageTotal": "1",
  "ScriptBlockText": "{ Set-StrictMode -Version 1; $_.PSMessageDetails }",
  "ScriptBlockId": "0134f7b3-dbf3-4c34-9240-b2f94ff8b3fb",
  "Path": null
}
{
  "Timestamp": "2023-01-13 17:34:00.145901Z",
  "Channel": "Microsoft-Windows-PowerShell/Operational",
  "Provider": "Microsoft-Windows-PowerShell",
  "Hostname": "QL-WKSTN-5693",
  "SID": "S-1-5-21-3258834958-2458682484-3394967329-1002",
  "EventID": 4104,
  "RecordID": 1242,
  "Level": "Verbose",
  "Descr": "Creating Scriptblock text (<MessageNumber> of <MessageTotal>)",
  "MessageNumber": "1",
  "MessageTotal": "1",
  "ScriptBlockText": "{ Set-StrictMode -Version 1; $_.OriginInfo }",
  "ScriptBlockId": "9fc448fb-131d-40ad-a176-645ecaf26906",
  "Path": null
}
{
  "Timestamp": "2023-01-13 17:34:00.144664Z",
  "Channel": "Microsoft-Windows-PowerShell/Operational",
  "Provider": "Microsoft-Windows-PowerShell",
  "Hostname": "QL-WKSTN-5693",
  "SID": "S-1-5-21-3258834958-2458682484-3394967329-1002",
  "EventID": 4104,
  "RecordID": 1241,
  "Level": "Verbose",
  "Descr": "Creating Scriptblock text (<MessageNumber> of <MessageTotal>)",
  "MessageNumber": "1",
  "MessageTotal": "1",
  "ScriptBlockText": "{ Set-StrictMode -Version 1; $_.ErrorCategory_Message }",
  "ScriptBlockId": "9832c3b2-652b-4410-82d6-2384135af651",
  "Path": null
}
{
  "Timestamp": "2023-01-13 17:34:00.140683Z",
  "Channel": "Microsoft-Windows-PowerShell/Operational",
  "Provider": "Microsoft-Windows-PowerShell",
  "Hostname": "QL-WKSTN-5693",
  "SID": "S-1-5-21-3258834958-2458682484-3394967329-1002",
  "EventID": 4104,
  "RecordID": 1240,
  "Level": "Verbose",
  "Descr": "Creating Scriptblock text (<MessageNumber> of <MessageTotal>)",
  "MessageNumber": "1",
  "MessageTotal": "1",
  "ScriptBlockText": "{ Set-StrictMode -Version 1; $this.Exception.InnerException.PSMessageDetails }",
  "ScriptBlockId": "05b7b3d8-770a-4674-928b-077e28d6213d",
  "Path": null
}
{
  "Timestamp": "2023-01-13 17:34:00.136036Z",
  "Channel": "Microsoft-Windows-PowerShell/Operational",
  "Provider": "Microsoft-Windows-PowerShell",
  "Hostname": "QL-WKSTN-5693",
  "SID": "S-1-5-21-3258834958-2458682484-3394967329-1002",
  "EventID": 4104,
  "RecordID": 1239,
  "Level": "Verbose",
  "Descr": "Creating Scriptblock text (<MessageNumber> of <MessageTotal>)",
  "MessageNumber": "1",
  "MessageTotal": "1",
  "ScriptBlockText": "{ Set-StrictMode -Version 1; $_.PSMessageDetails }",
  "ScriptBlockId": "749bc921-5928-4f38-9daa-4528adcabc1a",
  "Path": null
}
{
  "Timestamp": "2023-01-13 17:33:59.728857Z",
  "Channel": "Microsoft-Windows-PowerShell/Operational",
  "Provider": "Microsoft-Windows-PowerShell",
  "Hostname": "QL-WKSTN-5693",
  "SID": "S-1-5-21-3258834958-2458682484-3394967329-1002",
  "EventID": 4104,
  "RecordID": 1238,
  "Level": "Verbose",
  "Descr": "Creating Scriptblock text (<MessageNumber> of <MessageTotal>)",
  "MessageNumber": "1",
  "MessageTotal": "1",
  "ScriptBlockText": "{ Set-StrictMode -Version 1; $_.OriginInfo }",
  "ScriptBlockId": "59e5602f-8f07-4072-9e3c-1cc868271a67",
  "Path": null
}
{
  "Timestamp": "2023-01-13 17:33:59.727787Z",
  "Channel": "Microsoft-Windows-PowerShell/Operational",
  "Provider": "Microsoft-Windows-PowerShell",
  "Hostname": "QL-WKSTN-5693",
  "SID": "S-1-5-21-3258834958-2458682484-3394967329-1002",
  "EventID": 4104,
  "RecordID": 1237,
  "Level": "Verbose",
  "Descr": "Creating Scriptblock text (<MessageNumber> of <MessageTotal>)",
  "MessageNumber": "1",
  "MessageTotal": "1",
  "ScriptBlockText": "{ Set-StrictMode -Version 1; $_.ErrorCategory_Message }",
  "ScriptBlockId": "838725f8-ef5e-4956-818f-67d50fd45aa8",
  "Path": null
}
{
  "Timestamp": "2023-01-13 17:33:59.726594Z",
  "Channel": "Microsoft-Windows-PowerShell/Operational",
  "Provider": "Microsoft-Windows-PowerShell",
  "Hostname": "QL-WKSTN-5693",
  "SID": "S-1-5-21-3258834958-2458682484-3394967329-1002",
  "EventID": 4104,
  "RecordID": 1236,
  "Level": "Verbose",
  "Descr": "Creating Scriptblock text (<MessageNumber> of <MessageTotal>)",
  "MessageNumber": "1",
  "MessageTotal": "1",
  "ScriptBlockText": "{ Set-StrictMode -Version 1; $this.Exception.InnerException.PSMessageDetails }",
  "ScriptBlockId": "34385a1c-7c5d-46f7-bdde-65ee06247b82",
  "Path": null
}
{
  "Timestamp": "2023-01-13 17:33:59.721919Z",
  "Channel": "Microsoft-Windows-PowerShell/Operational",
  "Provider": "Microsoft-Windows-PowerShell",
  "Hostname": "QL-WKSTN-5693",
  "SID": "S-1-5-21-3258834958-2458682484-3394967329-1002",
  "EventID": 4104,
  "RecordID": 1235,
  "Level": "Verbose",
  "Descr": "Creating Scriptblock text (<MessageNumber> of <MessageTotal>)",
  "MessageNumber": "1",
  "MessageTotal": "1",
  "ScriptBlockText": "{ Set-StrictMode -Version 1; $_.PSMessageDetails }",
  "ScriptBlockId": "bdc018ce-7fc4-4aeb-b72e-1d053e816f0e",
  "Path": null
}
{
  "Timestamp": "2023-01-13 17:33:58.757297Z",
  "Channel": "Microsoft-Windows-PowerShell/Operational",
  "Provider": "Microsoft-Windows-PowerShell",
  "Hostname": "QL-WKSTN-5693",
  "SID": "S-1-5-21-3258834958-2458682484-3394967329-1002",
  "EventID": 4104,
  "RecordID": 1234,
  "Level": "Verbose",
  "Descr": "Creating Scriptblock text (<MessageNumber> of <MessageTotal>)",
  "MessageNumber": "1",
  "MessageTotal": "1",
  "ScriptBlockText": "{ Set-StrictMode -Version 1; $_.OriginInfo }",
  "ScriptBlockId": "5661db2c-939f-49ac-a39c-89700ecb367e",
  "Path": null
}
{
  "Timestamp": "2023-01-13 17:33:58.756230Z",
  "Channel": "Microsoft-Windows-PowerShell/Operational",
  "Provider": "Microsoft-Windows-PowerShell",
  "Hostname": "QL-WKSTN-5693",
  "SID": "S-1-5-21-3258834958-2458682484-3394967329-1002",
  "EventID": 4104,
  "RecordID": 1233,
  "Level": "Verbose",
  "Descr": "Creating Scriptblock text (<MessageNumber> of <MessageTotal>)",
  "MessageNumber": "1",
  "MessageTotal": "1",
  "ScriptBlockText": "{ Set-StrictMode -Version 1; $_.ErrorCategory_Message }",
  "ScriptBlockId": "e2ea8daf-337f-4a05-9691-37af95f5a6a1",
  "Path": null
}
{
  "Timestamp": "2023-01-13 17:33:58.755004Z",
  "Channel": "Microsoft-Windows-PowerShell/Operational",
  "Provider": "Microsoft-Windows-PowerShell",
  "Hostname": "QL-WKSTN-5693",
  "SID": "S-1-5-21-3258834958-2458682484-3394967329-1002",
  "EventID": 4104,
  "RecordID": 1232,
  "Level": "Verbose",
  "Descr": "Creating Scriptblock text (<MessageNumber> of <MessageTotal>)",
  "MessageNumber": "1",
  "MessageTotal": "1",
  "ScriptBlockText": "{ Set-StrictMode -Version 1; $this.Exception.InnerException.PSMessageDetails }",
  "ScriptBlockId": "6f4fe2ec-095f-4564-872f-d2536ca0616c",
  "Path": null
}
{
  "Timestamp": "2023-01-13 17:33:58.749998Z",
  "Channel": "Microsoft-Windows-PowerShell/Operational",
  "Provider": "Microsoft-Windows-PowerShell",
  "Hostname": "QL-WKSTN-5693",
  "SID": "S-1-5-21-3258834958-2458682484-3394967329-1002",
  "EventID": 4104,
  "RecordID": 1231,
  "Level": "Verbose",
  "Descr": "Creating Scriptblock text (<MessageNumber> of <MessageTotal>)",
  "MessageNumber": "1",
  "MessageTotal": "1",
  "ScriptBlockText": "{ Set-StrictMode -Version 1; $_.PSMessageDetails }",
  "ScriptBlockId": "2d895f08-6f40-4fd6-a652-1815b5ff12d8",
  "Path": null
}
{
  "Timestamp": "2023-01-13 17:33:58.436028Z",
  "Channel": "Microsoft-Windows-PowerShell/Operational",
  "Provider": "Microsoft-Windows-PowerShell",
  "Hostname": "QL-WKSTN-5693",
  "SID": "S-1-5-21-3258834958-2458682484-3394967329-1002",
  "EventID": 4104,
  "RecordID": 1230,
  "Level": "Verbose",
  "Descr": "Creating Scriptblock text (<MessageNumber> of <MessageTotal>)",
  "MessageNumber": "1",
  "MessageTotal": "1",
  "ScriptBlockText": "{ Set-StrictMode -Version 1; $_.OriginInfo }",
  "ScriptBlockId": "10d3430e-754a-4e8a-add5-6cf6c15312c0",
  "Path": null
}
{
  "Timestamp": "2023-01-13 17:33:58.434962Z",
  "Channel": "Microsoft-Windows-PowerShell/Operational",
  "Provider": "Microsoft-Windows-PowerShell",
  "Hostname": "QL-WKSTN-5693",
  "SID": "S-1-5-21-3258834958-2458682484-3394967329-1002",
  "EventID": 4104,
  "RecordID": 1229,
  "Level": "Verbose",
  "Descr": "Creating Scriptblock text (<MessageNumber> of <MessageTotal>)",
  "MessageNumber": "1",
  "MessageTotal": "1",
  "ScriptBlockText": "{ Set-StrictMode -Version 1; $_.ErrorCategory_Message }",
  "ScriptBlockId": "f658becb-90e8-4ca4-a6a9-ff5c31f17014",
  "Path": null
}
{
  "Timestamp": "2023-01-13 17:33:58.433787Z",
  "Channel": "Microsoft-Windows-PowerShell/Operational",
  "Provider": "Microsoft-Windows-PowerShell",
  "Hostname": "QL-WKSTN-5693",
  "SID": "S-1-5-21-3258834958-2458682484-3394967329-1002",
  "EventID": 4104,
  "RecordID": 1228,
  "Level": "Verbose",
  "Descr": "Creating Scriptblock text (<MessageNumber> of <MessageTotal>)",
  "MessageNumber": "1",
  "MessageTotal": "1",
  "ScriptBlockText": "{ Set-StrictMode -Version 1; $this.Exception.InnerException.PSMessageDetails }",
  "ScriptBlockId": "fc1eeb32-cc02-4aeb-9c8d-a57e14e0aa2e",
  "Path": null
}
{
  "Timestamp": "2023-01-13 17:33:58.429006Z",
  "Channel": "Microsoft-Windows-PowerShell/Operational",
  "Provider": "Microsoft-Windows-PowerShell",
  "Hostname": "QL-WKSTN-5693",
  "SID": "S-1-5-21-3258834958-2458682484-3394967329-1002",
  "EventID": 4104,
  "RecordID": 1227,
  "Level": "Verbose",
  "Descr": "Creating Scriptblock text (<MessageNumber> of <MessageTotal>)",
  "MessageNumber": "1",
  "MessageTotal": "1",
  "ScriptBlockText": "{ Set-StrictMode -Version 1; $_.PSMessageDetails }",
  "ScriptBlockId": "2f296759-b17f-49cd-9035-82dd5bd4bf90",
  "Path": null
}
{
  "Timestamp": "2023-01-13 17:33:57.497648Z",
  "Channel": "Microsoft-Windows-PowerShell/Operational",
  "Provider": "Microsoft-Windows-PowerShell",
  "Hostname": "QL-WKSTN-5693",
  "SID": "S-1-5-21-3258834958-2458682484-3394967329-1002",
  "EventID": 4104,
  "RecordID": 1226,
  "Level": "Verbose",
  "Descr": "Creating Scriptblock text (<MessageNumber> of <MessageTotal>)",
  "MessageNumber": "1",
  "MessageTotal": "1",
  "ScriptBlockText": "{ Set-StrictMode -Version 1; $_.OriginInfo }",
  "ScriptBlockId": "9dfb366f-62ab-4de5-9377-f8ddd388fda4",
  "Path": null
}
{
  "Timestamp": "2023-01-13 17:33:57.496504Z",
  "Channel": "Microsoft-Windows-PowerShell/Operational",
  "Provider": "Microsoft-Windows-PowerShell",
  "Hostname": "QL-WKSTN-5693",
  "SID": "S-1-5-21-3258834958-2458682484-3394967329-1002",
  "EventID": 4104,
  "RecordID": 1225,
  "Level": "Verbose",
  "Descr": "Creating Scriptblock text (<MessageNumber> of <MessageTotal>)",
  "MessageNumber": "1",
  "MessageTotal": "1",
  "ScriptBlockText": "{ Set-StrictMode -Version 1; $_.ErrorCategory_Message }",
  "ScriptBlockId": "e8debde8-02d9-495e-a94f-565d921f77fb",
  "Path": null
}
{
  "Timestamp": "2023-01-13 17:33:57.495268Z",
  "Channel": "Microsoft-Windows-PowerShell/Operational",
  "Provider": "Microsoft-Windows-PowerShell",
  "Hostname": "QL-WKSTN-5693",
  "SID": "S-1-5-21-3258834958-2458682484-3394967329-1002",
  "EventID": 4104,
  "RecordID": 1224,
  "Level": "Verbose",
  "Descr": "Creating Scriptblock text (<MessageNumber> of <MessageTotal>)",
  "MessageNumber": "1",
  "MessageTotal": "1",
  "ScriptBlockText": "{ Set-StrictMode -Version 1; $this.Exception.InnerException.PSMessageDetails }",
  "ScriptBlockId": "066d77e6-03c0-4be0-8167-213ec1259307",
  "Path": null
}
{
  "Timestamp": "2023-01-13 17:33:57.490448Z",
  "Channel": "Microsoft-Windows-PowerShell/Operational",
  "Provider": "Microsoft-Windows-PowerShell",
  "Hostname": "QL-WKSTN-5693",
  "SID": "S-1-5-21-3258834958-2458682484-3394967329-1002",
  "EventID": 4104,
  "RecordID": 1223,
  "Level": "Verbose",
  "Descr": "Creating Scriptblock text (<MessageNumber> of <MessageTotal>)",
  "MessageNumber": "1",
  "MessageTotal": "1",
  "ScriptBlockText": "{ Set-StrictMode -Version 1; $_.PSMessageDetails }",
  "ScriptBlockId": "34c90ec6-b60f-43eb-9a31-094c01dd42a8",
  "Path": null
}
{
  "Timestamp": "2023-01-13 17:33:57.100553Z",
  "Channel": "Microsoft-Windows-PowerShell/Operational",
  "Provider": "Microsoft-Windows-PowerShell",
  "Hostname": "QL-WKSTN-5693",
  "SID": "S-1-5-21-3258834958-2458682484-3394967329-1002",
  "EventID": 4104,
  "RecordID": 1222,
  "Level": "Verbose",
  "Descr": "Creating Scriptblock text (<MessageNumber> of <MessageTotal>)",
  "MessageNumber": "1",
  "MessageTotal": "1",
  "ScriptBlockText": "{ Set-StrictMode -Version 1; $_.OriginInfo }",
  "ScriptBlockId": "8216c68e-3f36-486b-b0a5-9eaf49d760e7",
  "Path": null
}
{
  "Timestamp": "2023-01-13 17:33:57.099410Z",
  "Channel": "Microsoft-Windows-PowerShell/Operational",
  "Provider": "Microsoft-Windows-PowerShell",
  "Hostname": "QL-WKSTN-5693",
  "SID": "S-1-5-21-3258834958-2458682484-3394967329-1002",
  "EventID": 4104,
  "RecordID": 1221,
  "Level": "Verbose",
  "Descr": "Creating Scriptblock text (<MessageNumber> of <MessageTotal>)",
  "MessageNumber": "1",
  "MessageTotal": "1",
  "ScriptBlockText": "{ Set-StrictMode -Version 1; $_.ErrorCategory_Message }",
  "ScriptBlockId": "607091ed-6ff3-440f-94ed-1d90b0c6206f",
  "Path": null
}
{
  "Timestamp": "2023-01-13 17:33:57.098193Z",
  "Channel": "Microsoft-Windows-PowerShell/Operational",
  "Provider": "Microsoft-Windows-PowerShell",
  "Hostname": "QL-WKSTN-5693",
  "SID": "S-1-5-21-3258834958-2458682484-3394967329-1002",
  "EventID": 4104,
  "RecordID": 1220,
  "Level": "Verbose",
  "Descr": "Creating Scriptblock text (<MessageNumber> of <MessageTotal>)",
  "MessageNumber": "1",
  "MessageTotal": "1",
  "ScriptBlockText": "{ Set-StrictMode -Version 1; $this.Exception.InnerException.PSMessageDetails }",
  "ScriptBlockId": "a0f00a86-6063-477f-9a15-159124d6b818",
  "Path": null
}
{
  "Timestamp": "2023-01-13 17:33:57.093233Z",
  "Channel": "Microsoft-Windows-PowerShell/Operational",
  "Provider": "Microsoft-Windows-PowerShell",
  "Hostname": "QL-WKSTN-5693",
  "SID": "S-1-5-21-3258834958-2458682484-3394967329-1002",
  "EventID": 4104,
  "RecordID": 1219,
  "Level": "Verbose",
  "Descr": "Creating Scriptblock text (<MessageNumber> of <MessageTotal>)",
  "MessageNumber": "1",
  "MessageTotal": "1",
  "ScriptBlockText": "{ Set-StrictMode -Version 1; $_.PSMessageDetails }",
  "ScriptBlockId": "03a355f2-8422-4310-958e-a8f726cf3c41",
  "Path": null
}
{
  "Timestamp": "2023-01-13 17:33:56.221646Z",
  "Channel": "Microsoft-Windows-PowerShell/Operational",
  "Provider": "Microsoft-Windows-PowerShell",
  "Hostname": "QL-WKSTN-5693",
  "SID": "S-1-5-21-3258834958-2458682484-3394967329-1002",
  "EventID": 4104,
  "RecordID": 1218,
  "Level": "Verbose",
  "Descr": "Creating Scriptblock text (<MessageNumber> of <MessageTotal>)",
  "MessageNumber": "1",
  "MessageTotal": "1",
  "ScriptBlockText": "{ Set-StrictMode -Version 1; $_.OriginInfo }",
  "ScriptBlockId": "ddaa30c0-5ea2-44b4-b125-e603c9a7c71c",
  "Path": null
}
{
  "Timestamp": "2023-01-13 17:33:56.218947Z",
  "Channel": "Microsoft-Windows-PowerShell/Operational",
  "Provider": "Microsoft-Windows-PowerShell",
  "Hostname": "QL-WKSTN-5693",
  "SID": "S-1-5-21-3258834958-2458682484-3394967329-1002",
  "EventID": 4104,
  "RecordID": 1217,
  "Level": "Verbose",
  "Descr": "Creating Scriptblock text (<MessageNumber> of <MessageTotal>)",
  "MessageNumber": "1",
  "MessageTotal": "1",
  "ScriptBlockText": "{ Set-StrictMode -Version 1; $_.ErrorCategory_Message }",
  "ScriptBlockId": "86a7ea31-69f5-46a3-af2d-fa81dc583dbc",
  "Path": null
}
{
  "Timestamp": "2023-01-13 17:33:56.217775Z",
  "Channel": "Microsoft-Windows-PowerShell/Operational",
  "Provider": "Microsoft-Windows-PowerShell",
  "Hostname": "QL-WKSTN-5693",
  "SID": "S-1-5-21-3258834958-2458682484-3394967329-1002",
  "EventID": 4104,
  "RecordID": 1216,
  "Level": "Verbose",
  "Descr": "Creating Scriptblock text (<MessageNumber> of <MessageTotal>)",
  "MessageNumber": "1",
  "MessageTotal": "1",
  "ScriptBlockText": "{ Set-StrictMode -Version 1; $this.Exception.InnerException.PSMessageDetails }",
  "ScriptBlockId": "4957a59b-a0e6-46aa-9893-aa0ae1e297ff",
  "Path": null
}
{
  "Timestamp": "2023-01-13 17:33:56.213052Z",
  "Channel": "Microsoft-Windows-PowerShell/Operational",
  "Provider": "Microsoft-Windows-PowerShell",
  "Hostname": "QL-WKSTN-5693",
  "SID": "S-1-5-21-3258834958-2458682484-3394967329-1002",
  "EventID": 4104,
  "RecordID": 1215,
  "Level": "Verbose",
  "Descr": "Creating Scriptblock text (<MessageNumber> of <MessageTotal>)",
  "MessageNumber": "1",
  "MessageTotal": "1",
  "ScriptBlockText": "{ Set-StrictMode -Version 1; $_.PSMessageDetails }",
  "ScriptBlockId": "554cb0c6-b3f3-4486-b68f-9c9c0b2bd157",
  "Path": null
}
{
  "Timestamp": "2023-01-13 17:33:55.831697Z",
  "Channel": "Microsoft-Windows-PowerShell/Operational",
  "Provider": "Microsoft-Windows-PowerShell",
  "Hostname": "QL-WKSTN-5693",
  "SID": "S-1-5-21-3258834958-2458682484-3394967329-1002",
  "EventID": 4104,
  "RecordID": 1214,
  "Level": "Verbose",
  "Descr": "Creating Scriptblock text (<MessageNumber> of <MessageTotal>)",
  "MessageNumber": "1",
  "MessageTotal": "1",
  "ScriptBlockText": "{ Set-StrictMode -Version 1; $_.OriginInfo }",
  "ScriptBlockId": "429c44bb-0c6f-4408-ae30-11059128350d",
  "Path": null
}
{
  "Timestamp": "2023-01-13 17:33:55.830457Z",
  "Channel": "Microsoft-Windows-PowerShell/Operational",
  "Provider": "Microsoft-Windows-PowerShell",
  "Hostname": "QL-WKSTN-5693",
  "SID": "S-1-5-21-3258834958-2458682484-3394967329-1002",
  "EventID": 4104,
  "RecordID": 1213,
  "Level": "Verbose",
  "Descr": "Creating Scriptblock text (<MessageNumber> of <MessageTotal>)",
  "MessageNumber": "1",
  "MessageTotal": "1",
  "ScriptBlockText": "{ Set-StrictMode -Version 1; $_.ErrorCategory_Message }",
  "ScriptBlockId": "d84164bb-7738-4cf1-a155-47cf700f5681",
  "Path": null
}
{
  "Timestamp": "2023-01-13 17:33:55.828130Z",
  "Channel": "Microsoft-Windows-PowerShell/Operational",
  "Provider": "Microsoft-Windows-PowerShell",
  "Hostname": "QL-WKSTN-5693",
  "SID": "S-1-5-21-3258834958-2458682484-3394967329-1002",
  "EventID": 4104,
  "RecordID": 1212,
  "Level": "Verbose",
  "Descr": "Creating Scriptblock text (<MessageNumber> of <MessageTotal>)",
  "MessageNumber": "1",
  "MessageTotal": "1",
  "ScriptBlockText": "{ Set-StrictMode -Version 1; $this.Exception.InnerException.PSMessageDetails }",
  "ScriptBlockId": "9b451f2d-b9e2-4662-b649-7ac5c43bb709",
  "Path": null
}
{
  "Timestamp": "2023-01-13 17:33:55.823334Z",
  "Channel": "Microsoft-Windows-PowerShell/Operational",
  "Provider": "Microsoft-Windows-PowerShell",
  "Hostname": "QL-WKSTN-5693",
  "SID": "S-1-5-21-3258834958-2458682484-3394967329-1002",
  "EventID": 4104,
  "RecordID": 1211,
  "Level": "Verbose",
  "Descr": "Creating Scriptblock text (<MessageNumber> of <MessageTotal>)",
  "MessageNumber": "1",
  "MessageTotal": "1",
  "ScriptBlockText": "{ Set-StrictMode -Version 1; $_.PSMessageDetails }",
  "ScriptBlockId": "eb889e0c-b978-4286-a5b3-64134246202e",
  "Path": null
}
{
  "Timestamp": "2023-01-13 17:33:54.895214Z",
  "Channel": "Microsoft-Windows-PowerShell/Operational",
  "Provider": "Microsoft-Windows-PowerShell",
  "Hostname": "QL-WKSTN-5693",
  "SID": "S-1-5-21-3258834958-2458682484-3394967329-1002",
  "EventID": 4104,
  "RecordID": 1210,
  "Level": "Verbose",
  "Descr": "Creating Scriptblock text (<MessageNumber> of <MessageTotal>)",
  "MessageNumber": "1",
  "MessageTotal": "1",
  "ScriptBlockText": "{ Set-StrictMode -Version 1; $_.OriginInfo }",
  "ScriptBlockId": "08678695-fd74-45ba-ae3a-539526c22c77",
  "Path": null
}
{
  "Timestamp": "2023-01-13 17:33:54.894108Z",
  "Channel": "Microsoft-Windows-PowerShell/Operational",
  "Provider": "Microsoft-Windows-PowerShell",
  "Hostname": "QL-WKSTN-5693",
  "SID": "S-1-5-21-3258834958-2458682484-3394967329-1002",
  "EventID": 4104,
  "RecordID": 1209,
  "Level": "Verbose",
  "Descr": "Creating Scriptblock text (<MessageNumber> of <MessageTotal>)",
  "MessageNumber": "1",
  "MessageTotal": "1",
  "ScriptBlockText": "{ Set-StrictMode -Version 1; $_.ErrorCategory_Message }",
  "ScriptBlockId": "a15222d5-ae80-4ff3-a45e-79110d232b39",
  "Path": null
}
{
  "Timestamp": "2023-01-13 17:33:54.891579Z",
  "Channel": "Microsoft-Windows-PowerShell/Operational",
  "Provider": "Microsoft-Windows-PowerShell",
  "Hostname": "QL-WKSTN-5693",
  "SID": "S-1-5-21-3258834958-2458682484-3394967329-1002",
  "EventID": 4104,
  "RecordID": 1208,
  "Level": "Verbose",
  "Descr": "Creating Scriptblock text (<MessageNumber> of <MessageTotal>)",
  "MessageNumber": "1",
  "MessageTotal": "1",
  "ScriptBlockText": "{ Set-StrictMode -Version 1; $this.Exception.InnerException.PSMessageDetails }",
  "ScriptBlockId": "e60db59a-490b-4cc7-8750-c535eedb5f70",
  "Path": null
}
{
  "Timestamp": "2023-01-13 17:33:54.886802Z",
  "Channel": "Microsoft-Windows-PowerShell/Operational",
  "Provider": "Microsoft-Windows-PowerShell",
  "Hostname": "QL-WKSTN-5693",
  "SID": "S-1-5-21-3258834958-2458682484-3394967329-1002",
  "EventID": 4104,
  "RecordID": 1207,
  "Level": "Verbose",
  "Descr": "Creating Scriptblock text (<MessageNumber> of <MessageTotal>)",
  "MessageNumber": "1",
  "MessageTotal": "1",
  "ScriptBlockText": "{ Set-StrictMode -Version 1; $_.PSMessageDetails }",
  "ScriptBlockId": "ae645d57-40da-46db-ade5-11f66b738a17",
  "Path": null
}
{
  "Timestamp": "2023-01-13 17:33:54.544935Z",
  "Channel": "Microsoft-Windows-PowerShell/Operational",
  "Provider": "Microsoft-Windows-PowerShell",
  "Hostname": "QL-WKSTN-5693",
  "SID": "S-1-5-21-3258834958-2458682484-3394967329-1002",
  "EventID": 4104,
  "RecordID": 1206,
  "Level": "Verbose",
  "Descr": "Creating Scriptblock text (<MessageNumber> of <MessageTotal>)",
  "MessageNumber": "1",
  "MessageTotal": "1",
  "ScriptBlockText": "{ Set-StrictMode -Version 1; $_.OriginInfo }",
  "ScriptBlockId": "b0adda34-4b4b-4bd5-bf03-cc978dca014e",
  "Path": null
}
{
  "Timestamp": "2023-01-13 17:33:54.543862Z",
  "Channel": "Microsoft-Windows-PowerShell/Operational",
  "Provider": "Microsoft-Windows-PowerShell",
  "Hostname": "QL-WKSTN-5693",
  "SID": "S-1-5-21-3258834958-2458682484-3394967329-1002",
  "EventID": 4104,
  "RecordID": 1205,
  "Level": "Verbose",
  "Descr": "Creating Scriptblock text (<MessageNumber> of <MessageTotal>)",
  "MessageNumber": "1",
  "MessageTotal": "1",
  "ScriptBlockText": "{ Set-StrictMode -Version 1; $_.ErrorCategory_Message }",
  "ScriptBlockId": "a8f2761a-0def-4b15-99aa-08d8f5e084f5",
  "Path": null
}
{
  "Timestamp": "2023-01-13 17:33:54.542674Z",
  "Channel": "Microsoft-Windows-PowerShell/Operational",
  "Provider": "Microsoft-Windows-PowerShell",
  "Hostname": "QL-WKSTN-5693",
  "SID": "S-1-5-21-3258834958-2458682484-3394967329-1002",
  "EventID": 4104,
  "RecordID": 1204,
  "Level": "Verbose",
  "Descr": "Creating Scriptblock text (<MessageNumber> of <MessageTotal>)",
  "MessageNumber": "1",
  "MessageTotal": "1",
  "ScriptBlockText": "{ Set-StrictMode -Version 1; $this.Exception.InnerException.PSMessageDetails }",
  "ScriptBlockId": "bf6dc0d4-369e-4f3c-8306-74e465d5298f",
  "Path": null
}
{
  "Timestamp": "2023-01-13 17:33:54.537913Z",
  "Channel": "Microsoft-Windows-PowerShell/Operational",
  "Provider": "Microsoft-Windows-PowerShell",
  "Hostname": "QL-WKSTN-5693",
  "SID": "S-1-5-21-3258834958-2458682484-3394967329-1002",
  "EventID": 4104,
  "RecordID": 1203,
  "Level": "Verbose",
  "Descr": "Creating Scriptblock text (<MessageNumber> of <MessageTotal>)",
  "MessageNumber": "1",
  "MessageTotal": "1",
  "ScriptBlockText": "{ Set-StrictMode -Version 1; $_.PSMessageDetails }",
  "ScriptBlockId": "83c2c834-22d8-44d3-9302-621cbf149900",
  "Path": null
}
{
  "Timestamp": "2023-01-13 17:33:53.517175Z",
  "Channel": "Microsoft-Windows-PowerShell/Operational",
  "Provider": "Microsoft-Windows-PowerShell",
  "Hostname": "QL-WKSTN-5693",
  "SID": "S-1-5-21-3258834958-2458682484-3394967329-1002",
  "EventID": 4104,
  "RecordID": 1202,
  "Level": "Verbose",
  "Descr": "Creating Scriptblock text (<MessageNumber> of <MessageTotal>)",
  "MessageNumber": "1",
  "MessageTotal": "1",
  "ScriptBlockText": "{ Set-StrictMode -Version 1; $_.OriginInfo }",
  "ScriptBlockId": "3843d854-946c-4255-8362-7d440ddaa844",
  "Path": null
}
