{
  "Timestamp": "2023-01-13 17:33:53.515978Z",
  "Channel": "Microsoft-Windows-PowerShell/Operational",
  "Provider": "Microsoft-Windows-PowerShell",
  "Hostname": "QL-WKSTN-5693",
  "SID": "S-1-5-21-3258834958-2458682484-3394967329-1002",
  "EventID": 4104,
  "RecordID": 1201,
  "Level": "Verbose",
  "Descr": "Creating Scriptblock text (<MessageNumber> of <MessageTotal>)",
  "MessageNumber": "1",
  "MessageTotal": "1",
  "ScriptBlockText": "{ Set-StrictMode -Version 1; $_.ErrorCategory_Message }",
  "ScriptBlockId": "f342e245-cbbf-45a7-8cea-5ef7d3a95e10",
  "Path": null
}
{
  "Timestamp": "2023-01-13 17:33:53.514608Z",
  "Channel": "Microsoft-Windows-PowerShell/Operational",
  "Provider": "Microsoft-Windows-PowerShell",
  "Hostname": "QL-WKSTN-5693",
  "SID": "S-1-5-21-3258834958-2458682484-3394967329-1002",
  "EventID": 4104,
  "RecordID": 1200,
  "Level": "Verbose",
  "Descr": "Creating Scriptblock text (<MessageNumber> of <MessageTotal>)",
  "MessageNumber": "1",
  "MessageTotal": "1",
  "ScriptBlockText": "{ Set-StrictMode -Version 1; $this.Exception.InnerException.PSMessageDetails }",
  "ScriptBlockId": "154e8271-cfa4-45ec-9b57-a2e8b3e2a7ac",
  "Path": null
}
{
  "Timestamp": "2023-01-13 17:33:53.509825Z",
  "Channel": "Microsoft-Windows-PowerShell/Operational",
  "Provider": "Microsoft-Windows-PowerShell",
  "Hostname": "QL-WKSTN-5693",
  "SID": "S-1-5-21-3258834958-2458682484-3394967329-1002",
  "EventID": 4104,
  "RecordID": 1199,
  "Level": "Verbose",
  "Descr": "Creating Scriptblock text (<MessageNumber> of <MessageTotal>)",
  "MessageNumber": "1",
  "MessageTotal": "1",
  "ScriptBlockText": "{ Set-StrictMode -Version 1; $_.PSMessageDetails }",
  "ScriptBlockId": "20fad51c-052a-4b29-8ef6-da7db1a43f2a",
  "Path": null
}
{
  "Timestamp": "2023-01-13 17:33:53.149661Z",
  "Channel": "Microsoft-Windows-PowerShell/Operational",
  "Provider": "Microsoft-Windows-PowerShell",
  "Hostname": "QL-WKSTN-5693",
  "SID": "S-1-5-21-3258834958-2458682484-3394967329-1002",
  "EventID": 4104,
  "RecordID": 1198,
  "Level": "Verbose",
  "Descr": "Creating Scriptblock text (<MessageNumber> of <MessageTotal>)",
  "MessageNumber": "1",
  "MessageTotal": "1",
  "ScriptBlockText": "{ Set-StrictMode -Version 1; $_.OriginInfo }",
  "ScriptBlockId": "cbe52042-cf30-4a28-89a5-4fedc1ac8e14",
  "Path": null
}
{
  "Timestamp": "2023-01-13 17:33:53.148584Z",
  "Channel": "Microsoft-Windows-PowerShell/Operational",
  "Provider": "Microsoft-Windows-PowerShell",
  "Hostname": "QL-WKSTN-5693",
  "SID": "S-1-5-21-3258834958-2458682484-3394967329-1002",
  "EventID": 4104,
  "RecordID": 1197,
  "Level": "Verbose",
  "Descr": "Creating Scriptblock text (<MessageNumber> of <MessageTotal>)",
  "MessageNumber": "1",
  "MessageTotal": "1",
  "ScriptBlockText": "{ Set-StrictMode -Version 1; $_.ErrorCategory_Message }",
  "ScriptBlockId": "9c7e0eaf-f663-4b50-ba30-992a1b6b9c11",
  "Path": null
}
{
  "Timestamp": "2023-01-13 17:33:53.147433Z",
  "Channel": "Microsoft-Windows-PowerShell/Operational",
  "Provider": "Microsoft-Windows-PowerShell",
  "Hostname": "QL-WKSTN-5693",
  "SID": "S-1-5-21-3258834958-2458682484-3394967329-1002",
  "EventID": 4104,
  "RecordID": 1196,
  "Level": "Verbose",
  "Descr": "Creating Scriptblock text (<MessageNumber> of <MessageTotal>)",
  "MessageNumber": "1",
  "MessageTotal": "1",
  "ScriptBlockText": "{ Set-StrictMode -Version 1; $this.Exception.InnerException.PSMessageDetails }",
  "ScriptBlockId": "33975428-8d2c-4357-a4fd-63facdcdeba3",
  "Path": null
}
{
  "Timestamp": "2023-01-13 17:33:53.142798Z",
  "Channel": "Microsoft-Windows-PowerShell/Operational",
  "Provider": "Microsoft-Windows-PowerShell",
  "Hostname": "QL-WKSTN-5693",
  "SID": "S-1-5-21-3258834958-2458682484-3394967329-1002",
    "EventID": 4104,
  "RecordID": 1195,
  "Level": "Verbose",
  "Descr": "Creating Scriptblock text (<MessageNumber> of <MessageTotal>)",
  "MessageNumber": "1",
  "MessageTotal": "1",
  "ScriptBlockText": "{ Set-StrictMode -Version 1; $_.PSMessageDetails }",
  "ScriptBlockId": "70e39338-268b-4399-beac-b03a089452c7",
  "Path": null
}
{
  "Timestamp": "2023-01-13 17:33:52.249170Z",
  "Channel": "Microsoft-Windows-PowerShell/Operational",
  "Provider": "Microsoft-Windows-PowerShell",
  "Hostname": "QL-WKSTN-5693",
  "SID": "S-1-5-21-3258834958-2458682484-3394967329-1002",
  "EventID": 4104,
  "RecordID": 1194,
  "Level": "Verbose",
  "Descr": "Creating Scriptblock text (<MessageNumber> of <MessageTotal>)",
  "MessageNumber": "1",
  "MessageTotal": "1",
  "ScriptBlockText": "{ Set-StrictMode -Version 1; $_.OriginInfo }",
  "ScriptBlockId": "b6f307e7-866d-468d-8b39-04aaf18ca1e4",
  "Path": null
}
{
  "Timestamp": "2023-01-13 17:33:52.248090Z",
  "Channel": "Microsoft-Windows-PowerShell/Operational",
  "Provider": "Microsoft-Windows-PowerShell",
  "Hostname": "QL-WKSTN-5693",
  "SID": "S-1-5-21-3258834958-2458682484-3394967329-1002",
  "EventID": 4104,
  "RecordID": 1193,
  "Level": "Verbose",
  "Descr": "Creating Scriptblock text (<MessageNumber> of <MessageTotal>)",
  "MessageNumber": "1",
  "MessageTotal": "1",
  "ScriptBlockText": "{ Set-StrictMode -Version 1; $_.ErrorCategory_Message }",
  "ScriptBlockId": "cb814e1a-5081-4273-99aa-abbd0de0ae35",
  "Path": null
}
{
  "Timestamp": "2023-01-13 17:33:52.246945Z",
  "Channel": "Microsoft-Windows-PowerShell/Operational",
  "Provider": "Microsoft-Windows-PowerShell",
  "Hostname": "QL-WKSTN-5693",
  "SID": "S-1-5-21-3258834958-2458682484-3394967329-1002",
  "EventID": 4104,
  "RecordID": 1192,
  "Level": "Verbose",
  "Descr": "Creating Scriptblock text (<MessageNumber> of <MessageTotal>)",
  "MessageNumber": "1",
  "MessageTotal": "1",
  "ScriptBlockText": "{ Set-StrictMode -Version 1; $this.Exception.InnerException.PSMessageDetails }",
  "ScriptBlockId": "30509446-c983-408d-a0dd-41c07356868f",
  "Path": null
}
{
  "Timestamp": "2023-01-13 17:33:52.242249Z",
  "Channel": "Microsoft-Windows-PowerShell/Operational",
  "Provider": "Microsoft-Windows-PowerShell",
  "Hostname": "QL-WKSTN-5693",
  "SID": "S-1-5-21-3258834958-2458682484-3394967329-1002",
  "EventID": 4104,
  "RecordID": 1191,
  "Level": "Verbose",
  "Descr": "Creating Scriptblock text (<MessageNumber> of <MessageTotal>)",
  "MessageNumber": "1",
  "MessageTotal": "1",
  "ScriptBlockText": "{ Set-StrictMode -Version 1; $_.PSMessageDetails }",
  "ScriptBlockId": "8ca56216-c572-424b-9b1a-f43a6eece9c9",
  "Path": null
}
{
  "Timestamp": "2023-01-13 17:33:51.824062Z",
  "Channel": "Microsoft-Windows-PowerShell/Operational",
  "Provider": "Microsoft-Windows-PowerShell",
  "Hostname": "QL-WKSTN-5693",
  "SID": "S-1-5-21-3258834958-2458682484-3394967329-1002",
  "EventID": 4104,
  "RecordID": 1190,
  "Level": "Verbose",
  "Descr": "Creating Scriptblock text (<MessageNumber> of <MessageTotal>)",
  "MessageNumber": "1",
  "MessageTotal": "1",
  "ScriptBlockText": "{ Set-StrictMode -Version 1; $_.OriginInfo }",
  "ScriptBlockId": "6434aa9f-33cf-418d-986a-2badd90a14d7",
  "Path": null
}
{
  "Timestamp": "2023-01-13 17:33:51.823061Z",
  "Channel": "Microsoft-Windows-PowerShell/Operational",
  "Provider": "Microsoft-Windows-PowerShell",
  "Hostname": "QL-WKSTN-5693",
  "SID": "S-1-5-21-3258834958-2458682484-3394967329-1002",
  "EventID": 4104,
  "RecordID": 1189,
  "Level": "Verbose",
  "Descr": "Creating Scriptblock text (<MessageNumber> of <MessageTotal>)",
  "MessageNumber": "1",
  "MessageTotal": "1",
  "ScriptBlockText": "{ Set-StrictMode -Version 1; $_.ErrorCategory_Message }",
  "ScriptBlockId": "d209e910-1180-40b7-8fc1-9156e6c5796b",
  "Path": null
}
{
  "Timestamp": "2023-01-13 17:33:51.821915Z",
  "Channel": "Microsoft-Windows-PowerShell/Operational",
  "Provider": "Microsoft-Windows-PowerShell",
  "Hostname": "QL-WKSTN-5693",
  "SID": "S-1-5-21-3258834958-2458682484-3394967329-1002",
  "EventID": 4104,
  "RecordID": 1188,
  "Level": "Verbose",
  "Descr": "Creating Scriptblock text (<MessageNumber> of <MessageTotal>)",
  "MessageNumber": "1",
  "MessageTotal": "1",
  "ScriptBlockText": "{ Set-StrictMode -Version 1; $this.Exception.InnerException.PSMessageDetails }",
  "ScriptBlockId": "9b381a12-9f4d-4a94-b2bc-6784693a417e",
  "Path": null
}
{
  "Timestamp": "2023-01-13 17:33:51.817362Z",
  "Channel": "Microsoft-Windows-PowerShell/Operational",
  "Provider": "Microsoft-Windows-PowerShell",
  "Hostname": "QL-WKSTN-5693",
  "SID": "S-1-5-21-3258834958-2458682484-3394967329-1002",
  "EventID": 4104,
  "RecordID": 1187,
  "Level": "Verbose",
  "Descr": "Creating Scriptblock text (<MessageNumber> of <MessageTotal>)",
  "MessageNumber": "1",
  "MessageTotal": "1",
  "ScriptBlockText": "{ Set-StrictMode -Version 1; $_.PSMessageDetails }",
  "ScriptBlockId": "cc157dac-2cb8-4c72-b259-081758e4e416",
  "Path": null
}
{
  "Timestamp": "2023-01-13 17:33:50.921458Z",
  "Channel": "Microsoft-Windows-PowerShell/Operational",
  "Provider": "Microsoft-Windows-PowerShell",
  "Hostname": "QL-WKSTN-5693",
  "SID": "S-1-5-21-3258834958-2458682484-3394967329-1002",
  "EventID": 4104,
  "RecordID": 1186,
  "Level": "Verbose",
  "Descr": "Creating Scriptblock text (<MessageNumber> of <MessageTotal>)",
  "MessageNumber": "1",
  "MessageTotal": "1",
  "ScriptBlockText": "{ Set-StrictMode -Version 1; $_.OriginInfo }",
  "ScriptBlockId": "caf100c0-ec08-4c3e-97b2-062ba8345140",
  "Path": null
}
{
  "Timestamp": "2023-01-13 17:33:50.920381Z",
  "Channel": "Microsoft-Windows-PowerShell/Operational",
  "Provider": "Microsoft-Windows-PowerShell",
  "Hostname": "QL-WKSTN-5693",
  "SID": "S-1-5-21-3258834958-2458682484-3394967329-1002",
  "EventID": 4104,
  "RecordID": 1185,
  "Level": "Verbose",
  "Descr": "Creating Scriptblock text (<MessageNumber> of <MessageTotal>)",
  "MessageNumber": "1",
  "MessageTotal": "1",
  "ScriptBlockText": "{ Set-StrictMode -Version 1; $_.ErrorCategory_Message }",
  "ScriptBlockId": "c1ed3df5-f1fb-4a3d-9698-e92860ab7b24",
  "Path": null
}
{
  "Timestamp": "2023-01-13 17:33:50.919240Z",
  "Channel": "Microsoft-Windows-PowerShell/Operational",
  "Provider": "Microsoft-Windows-PowerShell",
  "Hostname": "QL-WKSTN-5693",
  "SID": "S-1-5-21-3258834958-2458682484-3394967329-1002",
  "EventID": 4104,
  "RecordID": 1184,
  "Level": "Verbose",
  "Descr": "Creating Scriptblock text (<MessageNumber> of <MessageTotal>)",
  "MessageNumber": "1",
  "MessageTotal": "1",
  "ScriptBlockText": "{ Set-StrictMode -Version 1; $this.Exception.InnerException.PSMessageDetails }",
  "ScriptBlockId": "0cf40a81-8303-49d4-84f0-76fbf1ec2164",
  "Path": null
}
{
  "Timestamp": "2023-01-13 17:33:50.914623Z",
  "Channel": "Microsoft-Windows-PowerShell/Operational",
  "Provider": "Microsoft-Windows-PowerShell",
  "Hostname": "QL-WKSTN-5693",
  "SID": "S-1-5-21-3258834958-2458682484-3394967329-1002",
  "EventID": 4104,
  "RecordID": 1183,
  "Level": "Verbose",
  "Descr": "Creating Scriptblock text (<MessageNumber> of <MessageTotal>)",
  "MessageNumber": "1",
  "MessageTotal": "1",
  "ScriptBlockText": "{ Set-StrictMode -Version 1; $_.PSMessageDetails }",
  "ScriptBlockId": "23296cc8-b5c0-439f-b617-cd8bff71c035",
  "Path": null
}
{
  "Timestamp": "2023-01-13 17:33:50.516608Z",
  "Channel": "Microsoft-Windows-PowerShell/Operational",
  "Provider": "Microsoft-Windows-PowerShell",
  "Hostname": "QL-WKSTN-5693",
  "SID": "S-1-5-21-3258834958-2458682484-3394967329-1002",
  "EventID": 4104,
  "RecordID": 1182,
  "Level": "Verbose",
  "Descr": "Creating Scriptblock text (<MessageNumber> of <MessageTotal>)",
  "MessageNumber": "1",
  "MessageTotal": "1",
  "ScriptBlockText": "{ Set-StrictMode -Version 1; $_.OriginInfo }",
  "ScriptBlockId": "a2f6413f-bb3a-477c-92c5-ceb451313312",
  "Path": null
}
{
  "Timestamp": "2023-01-13 17:33:50.515422Z",
  "Channel": "Microsoft-Windows-PowerShell/Operational",
  "Provider": "Microsoft-Windows-PowerShell",
  "Hostname": "QL-WKSTN-5693",
  "SID": "S-1-5-21-3258834958-2458682484-3394967329-1002",
  "EventID": 4104,
  "RecordID": 1181,
  "Level": "Verbose",
  "Descr": "Creating Scriptblock text (<MessageNumber> of <MessageTotal>)",
  "MessageNumber": "1",
  "MessageTotal": "1",
  "ScriptBlockText": "{ Set-StrictMode -Version 1; $_.ErrorCategory_Message }",
  "ScriptBlockId": "f9012dbe-b6f2-4e85-acf7-a9597fd901b3",
  "Path": null
}
{
  "Timestamp": "2023-01-13 17:33:50.514197Z",
  "Channel": "Microsoft-Windows-PowerShell/Operational",
  "Provider": "Microsoft-Windows-PowerShell",
  "Hostname": "QL-WKSTN-5693",
  "SID": "S-1-5-21-3258834958-2458682484-3394967329-1002",
  "EventID": 4104,
  "RecordID": 1180,
  "Level": "Verbose",
  "Descr": "Creating Scriptblock text (<MessageNumber> of <MessageTotal>)",
  "MessageNumber": "1",
  "MessageTotal": "1",
  "ScriptBlockText": "{ Set-StrictMode -Version 1; $this.Exception.InnerException.PSMessageDetails }",
  "ScriptBlockId": "39134e1d-ef11-4620-abcc-7e2724c4c2c8",
  "Path": null
}
{
  "Timestamp": "2023-01-13 17:33:50.509588Z",
  "Channel": "Microsoft-Windows-PowerShell/Operational",
  "Provider": "Microsoft-Windows-PowerShell",
  "Hostname": "QL-WKSTN-5693",
  "SID": "S-1-5-21-3258834958-2458682484-3394967329-1002",
  "EventID": 4104,
  "RecordID": 1179,
  "Level": "Verbose",
  "Descr": "Creating Scriptblock text (<MessageNumber> of <MessageTotal>)",
  "MessageNumber": "1",
  "MessageTotal": "1",
  "ScriptBlockText": "{ Set-StrictMode -Version 1; $_.PSMessageDetails }",
  "ScriptBlockId": "57e844b1-31f0-479a-a1d5-5ba02bcf3510",
  "Path": null
}
{
  "Timestamp": "2023-01-13 17:33:49.666344Z",
  "Channel": "Microsoft-Windows-PowerShell/Operational",
  "Provider": "Microsoft-Windows-PowerShell",
  "Hostname": "QL-WKSTN-5693",
  "SID": "S-1-5-21-3258834958-2458682484-3394967329-1002",
  "EventID": 4104,
  "RecordID": 1178,
  "Level": "Verbose",
  "Descr": "Creating Scriptblock text (<MessageNumber> of <MessageTotal>)",
  "MessageNumber": "1",
  "MessageTotal": "1",
  "ScriptBlockText": "{ Set-StrictMode -Version 1; $_.OriginInfo }",
  "ScriptBlockId": "4f8b47f5-d934-4630-957e-2fca03d5b262",
  "Path": null
}
{
  "Timestamp": "2023-01-13 17:33:49.665288Z",
  "Channel": "Microsoft-Windows-PowerShell/Operational",
  "Provider": "Microsoft-Windows-PowerShell",
  "Hostname": "QL-WKSTN-5693",
  "SID": "S-1-5-21-3258834958-2458682484-3394967329-1002",
  "EventID": 4104,
  "RecordID": 1177,
  "Level": "Verbose",
  "Descr": "Creating Scriptblock text (<MessageNumber> of <MessageTotal>)",
  "MessageNumber": "1",
  "MessageTotal": "1",
  "ScriptBlockText": "{ Set-StrictMode -Version 1; $_.ErrorCategory_Message }",
  "ScriptBlockId": "0fa815be-a140-4b6b-9efe-b3bccf9a0c7b",
  "Path": null
}
{
  "Timestamp": "2023-01-13 17:33:49.664134Z",
  "Channel": "Microsoft-Windows-PowerShell/Operational",
  "Provider": "Microsoft-Windows-PowerShell",
  "Hostname": "QL-WKSTN-5693",
  "SID": "S-1-5-21-3258834958-2458682484-3394967329-1002",
  "EventID": 4104,
  "RecordID": 1176,
  "Level": "Verbose",
  "Descr": "Creating Scriptblock text (<MessageNumber> of <MessageTotal>)",
  "MessageNumber": "1",
  "MessageTotal": "1",
  "ScriptBlockText": "{ Set-StrictMode -Version 1; $this.Exception.InnerException.PSMessageDetails }",
  "ScriptBlockId": "280fc3cd-7fa9-42e2-9e2d-2d07680716bf",
  "Path": null
}
{
  "Timestamp": "2023-01-13 17:33:49.659411Z",
  "Channel": "Microsoft-Windows-PowerShell/Operational",
  "Provider": "Microsoft-Windows-PowerShell",
  "Hostname": "QL-WKSTN-5693",
  "SID": "S-1-5-21-3258834958-2458682484-3394967329-1002",
  "EventID": 4104,
  "RecordID": 1175,
  "Level": "Verbose",
  "Descr": "Creating Scriptblock text (<MessageNumber> of <MessageTotal>)",
  "MessageNumber": "1",
  "MessageTotal": "1",
  "ScriptBlockText": "{ Set-StrictMode -Version 1; $_.PSMessageDetails }",
  "ScriptBlockId": "2c5e9f90-f37a-4bb2-9c7e-afc61fb3bd45",
  "Path": null
}
{
  "Timestamp": "2023-01-13 17:33:49.296037Z",
  "Channel": "Microsoft-Windows-PowerShell/Operational",
  "Provider": "Microsoft-Windows-PowerShell",
  "Hostname": "QL-WKSTN-5693",
  "SID": "S-1-5-21-3258834958-2458682484-3394967329-1002",
  "EventID": 4104,
  "RecordID": 1174,
  "Level": "Verbose",
  "Descr": "Creating Scriptblock text (<MessageNumber> of <MessageTotal>)",
  "MessageNumber": "1",
  "MessageTotal": "1",
  "ScriptBlockText": "{ Set-StrictMode -Version 1; $_.OriginInfo }",
  "ScriptBlockId": "22114e91-025a-4f96-b4cf-c56aff17382a",
  "Path": null
}
{
  "Timestamp": "2023-01-13 17:33:49.294960Z",
  "Channel": "Microsoft-Windows-PowerShell/Operational",
  "Provider": "Microsoft-Windows-PowerShell",
  "Hostname": "QL-WKSTN-5693",
  "SID": "S-1-5-21-3258834958-2458682484-3394967329-1002",
  "EventID": 4104,
  "RecordID": 1173,
  "Level": "Verbose",
  "Descr": "Creating Scriptblock text (<MessageNumber> of <MessageTotal>)",
  "MessageNumber": "1",
  "MessageTotal": "1",
  "ScriptBlockText": "{ Set-StrictMode -Version 1; $_.ErrorCategory_Message }",
  "ScriptBlockId": "f38c532a-3315-4a38-bb15-df72f69b9499",
  "Path": null
}
{
  "Timestamp": "2023-01-13 17:34:23.598568Z",
  "Channel": "Microsoft-Windows-PowerShell/Operational",
  "Provider": "Microsoft-Windows-PowerShell",
  "Hostname": "QL-WKSTN-5693",
  "SID": "S-1-5-21-3258834958-2458682484-3394967329-1002",
  "EventID": 4104,
  "RecordID": 1386,
  "Level": "Verbose",
  "Descr": "Creating Scriptblock text (<MessageNumber> of <MessageTotal>)",
  "MessageNumber": "1",
  "MessageTotal": "1",
  "ScriptBlockText": "{ Set-StrictMode -Version 1; $_.OriginInfo }",
  "ScriptBlockId": "42c51413-ea56-41dc-8f78-1d4691db3595",
  "Path": null
}
{
  "Timestamp": "2023-01-13 17:34:23.597331Z",
  "Channel": "Microsoft-Windows-PowerShell/Operational",
  "Provider": "Microsoft-Windows-PowerShell",
  "Hostname": "QL-WKSTN-5693",
  "SID": "S-1-5-21-3258834958-2458682484-3394967329-1002",
  "EventID": 4104,
  "RecordID": 1385,
  "Level": "Verbose",
  "Descr": "Creating Scriptblock text (<MessageNumber> of <MessageTotal>)",
  "MessageNumber": "1",
  "MessageTotal": "1",
  "ScriptBlockText": "{ Set-StrictMode -Version 1; $_.ErrorCategory_Message }",
  "ScriptBlockId": "f0bd679d-1375-40c8-894d-3bb8324f06d7",
  "Path": null
}
{
  "Timestamp": "2023-01-13 17:34:23.595904Z",
  "Channel": "Microsoft-Windows-PowerShell/Operational",
  "Provider": "Microsoft-Windows-PowerShell",
  "Hostname": "QL-WKSTN-5693",
  "SID": "S-1-5-21-3258834958-2458682484-3394967329-1002",
  "EventID": 4104,
  "RecordID": 1384,
  "Level": "Verbose",
  "Descr": "Creating Scriptblock text (<MessageNumber> of <MessageTotal>)",
  "MessageNumber": "1",
  "MessageTotal": "1",
  "ScriptBlockText": "{ Set-StrictMode -Version 1; $this.Exception.InnerException.PSMessageDetails }",
  "ScriptBlockId": "89c19aed-c6f7-4961-bd69-5f004939ef4e",
  "Path": null
}
{
  "Timestamp": "2023-01-13 17:34:23.590622Z",
  "Channel": "Microsoft-Windows-PowerShell/Operational",
  "Provider": "Microsoft-Windows-PowerShell",
  "Hostname": "QL-WKSTN-5693",
  "SID": "S-1-5-21-3258834958-2458682484-3394967329-1002",
  "EventID": 4104,
  "RecordID": 1383,
  "Level": "Verbose",
  "Descr": "Creating Scriptblock text (<MessageNumber> of <MessageTotal>)",
  "MessageNumber": "1",
  "MessageTotal": "1",
  "ScriptBlockText": "{ Set-StrictMode -Version 1; $_.PSMessageDetails }",
  "ScriptBlockId": "17f27623-b7a5-4d63-89ff-0e9a6b52876c",
  "Path": null
}
{
  "Timestamp": "2023-01-13 17:34:23.207888Z",
  "Channel": "Microsoft-Windows-PowerShell/Operational",
  "Provider": "Microsoft-Windows-PowerShell",
  "Hostname": "QL-WKSTN-5693",
  "SID": "S-1-5-21-3258834958-2458682484-3394967329-1002",
  "EventID": 4104,
  "RecordID": 1382,
  "Level": "Verbose",
  "Descr": "Creating Scriptblock text (<MessageNumber> of <MessageTotal>)",
  "MessageNumber": "1",
  "MessageTotal": "1",
  "ScriptBlockText": "{ Set-StrictMode -Version 1; $_.OriginInfo }",
  "ScriptBlockId": "17b3d235-294e-43cf-8049-9741e6510034",
  "Path": null
}
{
  "Timestamp": "2023-01-13 17:34:23.206669Z",
  "Channel": "Microsoft-Windows-PowerShell/Operational",
  "Provider": "Microsoft-Windows-PowerShell",
  "Hostname": "QL-WKSTN-5693",
  "SID": "S-1-5-21-3258834958-2458682484-3394967329-1002",
  "EventID": 4104,
  "RecordID": 1381,
  "Level": "Verbose",
  "Descr": "Creating Scriptblock text (<MessageNumber> of <MessageTotal>)",
  "MessageNumber": "1",
  "MessageTotal": "1",
  "ScriptBlockText": "{ Set-StrictMode -Version 1; $_.ErrorCategory_Message }",
  "ScriptBlockId": "0d7883d6-58cb-4ea0-a7cb-3bd579533215",
  "Path": null
}
{
  "Timestamp": "2023-01-13 17:34:23.205130Z",
  "Channel": "Microsoft-Windows-PowerShell/Operational",
  "Provider": "Microsoft-Windows-PowerShell",
  "Hostname": "QL-WKSTN-5693",
  "SID": "S-1-5-21-3258834958-2458682484-3394967329-1002",
  "EventID": 4104,
  "RecordID": 1380,
  "Level": "Verbose",
  "Descr": "Creating Scriptblock text (<MessageNumber> of <MessageTotal>)",
  "MessageNumber": "1",
  "MessageTotal": "1",
  "ScriptBlockText": "{ Set-StrictMode -Version 1; $this.Exception.InnerException.PSMessageDetails }",
  "ScriptBlockId": "ab0f7587-ce73-473b-b9e7-fb4cb02d174c",
  "Path": null
}
{
  "Timestamp": "2023-01-13 17:34:23.199756Z",
  "Channel": "Microsoft-Windows-PowerShell/Operational",
  "Provider": "Microsoft-Windows-PowerShell",
  "Hostname": "QL-WKSTN-5693",
  "SID": "S-1-5-21-3258834958-2458682484-3394967329-1002",
  "EventID": 4104,
  "RecordID": 1379,
  "Level": "Verbose",
  "Descr": "Creating Scriptblock text (<MessageNumber> of <MessageTotal>)",
  "MessageNumber": "1",
  "MessageTotal": "1",
  "ScriptBlockText": "{ Set-StrictMode -Version 1; $_.PSMessageDetails }",
  "ScriptBlockId": "48971ffb-34b9-42de-a980-7a055e3dc80f",
  "Path": null
}
{
  "Timestamp": "2023-01-13 17:34:22.355954Z",
  "Channel": "Microsoft-Windows-PowerShell/Operational",
  "Provider": "Microsoft-Windows-PowerShell",
  "Hostname": "QL-WKSTN-5693",
  "SID": "S-1-5-21-3258834958-2458682484-3394967329-1002",
  "EventID": 4104,
  "RecordID": 1378,
  "Level": "Verbose",
  "Descr": "Creating Scriptblock text (<MessageNumber> of <MessageTotal>)",
  "MessageNumber": "1",
  "MessageTotal": "1",
  "ScriptBlockText": "{ Set-StrictMode -Version 1; $_.OriginInfo }",
  "ScriptBlockId": "73715446-0e5b-45d8-bf95-7a2349771fc3",
  "Path": null
}
{
  "Timestamp": "2023-01-13 17:34:22.354823Z",
  "Channel": "Microsoft-Windows-PowerShell/Operational",
  "Provider": "Microsoft-Windows-PowerShell",
  "Hostname": "QL-WKSTN-5693",
  "SID": "S-1-5-21-3258834958-2458682484-3394967329-1002",
  "EventID": 4104,
  "RecordID": 1377,
  "Level": "Verbose",
  "Descr": "Creating Scriptblock text (<MessageNumber> of <MessageTotal>)",
  "MessageNumber": "1",
  "MessageTotal": "1",
  "ScriptBlockText": "{ Set-StrictMode -Version 1; $_.ErrorCategory_Message }",
  "ScriptBlockId": "49fa5110-f5bb-4f94-8c29-ec0802938cce",
  "Path": null
}
{
  "Timestamp": "2023-01-13 17:34:22.353548Z",
  "Channel": "Microsoft-Windows-PowerShell/Operational",
  "Provider": "Microsoft-Windows-PowerShell",
  "Hostname": "QL-WKSTN-5693",
  "SID": "S-1-5-21-3258834958-2458682484-3394967329-1002",
  "EventID": 4104,
  "RecordID": 1376,
  "Level": "Verbose",
  "Descr": "Creating Scriptblock text (<MessageNumber> of <MessageTotal>)",
  "MessageNumber": "1",
  "MessageTotal": "1",
  "ScriptBlockText": "{ Set-StrictMode -Version 1; $this.Exception.InnerException.PSMessageDetails }",
  "ScriptBlockId": "e23ef90b-4e99-4a28-9f98-f37d332fde1c",
  "Path": null
}
{
  "Timestamp": "2023-01-13 17:34:22.348594Z",
  "Channel": "Microsoft-Windows-PowerShell/Operational",
  "Provider": "Microsoft-Windows-PowerShell",
  "Hostname": "QL-WKSTN-5693",
  "SID": "S-1-5-21-3258834958-2458682484-3394967329-1002",
  "EventID": 4104,
  "RecordID": 1375,
  "Level": "Verbose",
  "Descr": "Creating Scriptblock text (<MessageNumber> of <MessageTotal>)",
  "MessageNumber": "1",
  "MessageTotal": "1",
  "ScriptBlockText": "{ Set-StrictMode -Version 1; $_.PSMessageDetails }",
  "ScriptBlockId": "00b374f2-2dd4-4ba1-96d3-7723ac6b59cc",
  "Path": null
}
{
  "Timestamp": "2023-01-13 17:34:21.964179Z",
  "Channel": "Microsoft-Windows-PowerShell/Operational",
  "Provider": "Microsoft-Windows-PowerShell",
  "Hostname": "QL-WKSTN-5693",
  "SID": "S-1-5-21-3258834958-2458682484-3394967329-1002",
  "EventID": 4104,
  "RecordID": 1374,
  "Level": "Verbose",
  "Descr": "Creating Scriptblock text (<MessageNumber> of <MessageTotal>)",
  "MessageNumber": "1",
  "MessageTotal": "1",
  "ScriptBlockText": "{ Set-StrictMode -Version 1; $_.OriginInfo }",
  "ScriptBlockId": "076d31c0-b00f-4bb3-9eb2-cda3295d92f9",
  "Path": null
}
{
  "Timestamp": "2023-01-13 17:34:21.963069Z",
  "Channel": "Microsoft-Windows-PowerShell/Operational",
  "Provider": "Microsoft-Windows-PowerShell",
  "Hostname": "QL-WKSTN-5693",
  "SID": "S-1-5-21-3258834958-2458682484-3394967329-1002",
  "EventID": 4104,
  "RecordID": 1373,
  "Level": "Verbose",
  "Descr": "Creating Scriptblock text (<MessageNumber> of <MessageTotal>)",
  "MessageNumber": "1",
  "MessageTotal": "1",
  "ScriptBlockText": "{ Set-StrictMode -Version 1; $_.ErrorCategory_Message }",
  "ScriptBlockId": "930ef312-9a9e-42db-8ea2-3bb28a64e4ea",
  "Path": null
}
{
  "Timestamp": "2023-01-13 17:34:21.961821Z",
  "Channel": "Microsoft-Windows-PowerShell/Operational",
  "Provider": "Microsoft-Windows-PowerShell",
  "Hostname": "QL-WKSTN-5693",
  "SID": "S-1-5-21-3258834958-2458682484-3394967329-1002",
  "EventID": 4104,
  "RecordID": 1372,
  "Level": "Verbose",
  "Descr": "Creating Scriptblock text (<MessageNumber> of <MessageTotal>)",
  "MessageNumber": "1",
  "MessageTotal": "1",
  "ScriptBlockText": "{ Set-StrictMode -Version 1; $this.Exception.InnerException.PSMessageDetails }",
  "ScriptBlockId": "cd192fce-85f6-4b4d-b3da-1800142d0c78",
  "Path": null
}
{
  "Timestamp": "2023-01-13 17:34:21.956983Z",
  "Channel": "Microsoft-Windows-PowerShell/Operational",
  "Provider": "Microsoft-Windows-PowerShell",
  "Hostname": "QL-WKSTN-5693",
  "SID": "S-1-5-21-3258834958-2458682484-3394967329-1002",
  "EventID": 4104,
  "RecordID": 1371,
  "Level": "Verbose",
  "Descr": "Creating Scriptblock text (<MessageNumber> of <MessageTotal>)",
  "MessageNumber": "1",
  "MessageTotal": "1",
  "ScriptBlockText": "{ Set-StrictMode -Version 1; $_.PSMessageDetails }",
  "ScriptBlockId": "d4a71932-422e-419c-93da-9a3ee9fa6a4c",
  "Path": null
}
{
  "Timestamp": "2023-01-13 17:34:21.085562Z",
  "Channel": "Microsoft-Windows-PowerShell/Operational",
  "Provider": "Microsoft-Windows-PowerShell",
  "Hostname": "QL-WKSTN-5693",
  "SID": "S-1-5-21-3258834958-2458682484-3394967329-1002",
  "EventID": 4104,
  "RecordID": 1370,
  "Level": "Verbose",
  "Descr": "Creating Scriptblock text (<MessageNumber> of <MessageTotal>)",
  "MessageNumber": "1",
  "MessageTotal": "1",
  "ScriptBlockText": "{ Set-StrictMode -Version 1; $_.OriginInfo }",
  "ScriptBlockId": "95311bea-7e98-4888-8dad-acf9b3d855d7",
  "Path": null
}
{
  "Timestamp": "2023-01-13 17:34:21.084428Z",
  "Channel": "Microsoft-Windows-PowerShell/Operational",
  "Provider": "Microsoft-Windows-PowerShell",
  "Hostname": "QL-WKSTN-5693",
  "SID": "S-1-5-21-3258834958-2458682484-3394967329-1002",
  "EventID": 4104,
  "RecordID": 1369,
  "Level": "Verbose",
  "Descr": "Creating Scriptblock text (<MessageNumber> of <MessageTotal>)",
  "MessageNumber": "1",
  "MessageTotal": "1",
  "ScriptBlockText": "{ Set-StrictMode -Version 1; $_.ErrorCategory_Message }",
  "ScriptBlockId": "40b39bf6-f811-419b-89b4-5915805b5863",
  "Path": null
}
{
  "Timestamp": "2023-01-13 17:34:21.083123Z",
  "Channel": "Microsoft-Windows-PowerShell/Operational",
  "Provider": "Microsoft-Windows-PowerShell",
  "Hostname": "QL-WKSTN-5693",
  "SID": "S-1-5-21-3258834958-2458682484-3394967329-1002",
  "EventID": 4104,
  "RecordID": 1368,
  "Level": "Verbose",
  "Descr": "Creating Scriptblock text (<MessageNumber> of <MessageTotal>)",
  "MessageNumber": "1",
  "MessageTotal": "1",
  "ScriptBlockText": "{ Set-StrictMode -Version 1; $this.Exception.InnerException.PSMessageDetails }",
  "ScriptBlockId": "d471dbc9-c504-435e-8768-edfa6e9e7118",
  "Path": null
}
{
  "Timestamp": "2023-01-13 17:34:21.078038Z",
  "Channel": "Microsoft-Windows-PowerShell/Operational",
  "Provider": "Microsoft-Windows-PowerShell",
  "Hostname": "QL-WKSTN-5693",
  "SID": "S-1-5-21-3258834958-2458682484-3394967329-1002",
  "EventID": 4104,
  "RecordID": 1367,
  "Level": "Verbose",
  "Descr": "Creating Scriptblock text (<MessageNumber> of <MessageTotal>)",
  "MessageNumber": "1",
  "MessageTotal": "1",
  "ScriptBlockText": "{ Set-StrictMode -Version 1; $_.PSMessageDetails }",
  "ScriptBlockId": "8c0202dd-5a19-41e3-ab3b-8e697c8247b6",
  "Path": null
}
{
  "Timestamp": "2023-01-13 17:34:20.718936Z",
  "Channel": "Microsoft-Windows-PowerShell/Operational",
  "Provider": "Microsoft-Windows-PowerShell",
  "Hostname": "QL-WKSTN-5693",
  "SID": "S-1-5-21-3258834958-2458682484-3394967329-1002",
  "EventID": 4104,
  "RecordID": 1366,
  "Level": "Verbose",
  "Descr": "Creating Scriptblock text (<MessageNumber> of <MessageTotal>)",
  "MessageNumber": "1",
  "MessageTotal": "1",
  "ScriptBlockText": "{ Set-StrictMode -Version 1; $_.OriginInfo }",
  "ScriptBlockId": "4e5acf23-c629-4add-8773-ffe27270baa5",
  "Path": null
}
{
  "Timestamp": "2023-01-13 17:34:20.717875Z",
  "Channel": "Microsoft-Windows-PowerShell/Operational",
  "Provider": "Microsoft-Windows-PowerShell",
  "Hostname": "QL-WKSTN-5693",
  "SID": "S-1-5-21-3258834958-2458682484-3394967329-1002",
  "EventID": 4104,
  "RecordID": 1365,
  "Level": "Verbose",
  "Descr": "Creating Scriptblock text (<MessageNumber> of <MessageTotal>)",
  "MessageNumber": "1",
  "MessageTotal": "1",
  "ScriptBlockText": "{ Set-StrictMode -Version 1; $_.ErrorCategory_Message }",
  "ScriptBlockId": "fa3a696a-e7f9-4393-86ac-80e4ca1182da",
  "Path": null
}
{
  "Timestamp": "2023-01-13 17:34:20.716748Z",
  "Channel": "Microsoft-Windows-PowerShell/Operational",
  "Provider": "Microsoft-Windows-PowerShell",
  "Hostname": "QL-WKSTN-5693",
  "SID": "S-1-5-21-3258834958-2458682484-3394967329-1002",
  "EventID": 4104,
  "RecordID": 1364,
  "Level": "Verbose",
  "Descr": "Creating Scriptblock text (<MessageNumber> of <MessageTotal>)",
  "MessageNumber": "1",
  "MessageTotal": "1",
  "ScriptBlockText": "{ Set-StrictMode -Version 1; $this.Exception.InnerException.PSMessageDetails }",
  "ScriptBlockId": "2d66500a-99d7-4214-a7e2-2e0f59ec559d",
  "Path": null
}
{
  "Timestamp": "2023-01-13 17:34:20.712190Z",
  "Channel": "Microsoft-Windows-PowerShell/Operational",
  "Provider": "Microsoft-Windows-PowerShell",
  "Hostname": "QL-WKSTN-5693",
  "SID": "S-1-5-21-3258834958-2458682484-3394967329-1002",
  "EventID": 4104,
  "RecordID": 1363,
  "Level": "Verbose",
  "Descr": "Creating Scriptblock text (<MessageNumber> of <MessageTotal>)",
  "MessageNumber": "1",
  "MessageTotal": "1",
  "ScriptBlockText": "{ Set-StrictMode -Version 1; $_.PSMessageDetails }",
  "ScriptBlockId": "805e5225-e61d-49d9-b5ff-1719ff164563",
  "Path": null
}
{
  "Timestamp": "2023-01-13 17:34:19.829115Z",
  "Channel": "Microsoft-Windows-PowerShell/Operational",
  "Provider": "Microsoft-Windows-PowerShell",
  "Hostname": "QL-WKSTN-5693",
  "SID": "S-1-5-21-3258834958-2458682484-3394967329-1002",
  "EventID": 4104,
  "RecordID": 1362,
  "Level": "Verbose",
  "Descr": "Creating Scriptblock text (<MessageNumber> of <MessageTotal>)",
  "MessageNumber": "1",
  "MessageTotal": "1",
  "ScriptBlockText": "{ Set-StrictMode -Version 1; $_.OriginInfo }",
  "ScriptBlockId": "969aed01-8a58-4e89-bd0e-207f5623000f",
  "Path": null
}
{
  "Timestamp": "2023-01-13 17:34:19.828017Z",
  "Channel": "Microsoft-Windows-PowerShell/Operational",
  "Provider": "Microsoft-Windows-PowerShell",
  "Hostname": "QL-WKSTN-5693",
  "SID": "S-1-5-21-3258834958-2458682484-3394967329-1002",
  "EventID": 4104,
  "RecordID": 1361,
  "Level": "Verbose",
  "Descr": "Creating Scriptblock text (<MessageNumber> of <MessageTotal>)",
  "MessageNumber": "1",
  "MessageTotal": "1",
  "ScriptBlockText": "{ Set-StrictMode -Version 1; $_.ErrorCategory_Message }",
  "ScriptBlockId": "168ffcc7-0e51-49ec-be4e-356dc5c05429",
  "Path": null
}
{
  "Timestamp": "2023-01-13 17:34:19.826739Z",
  "Channel": "Microsoft-Windows-PowerShell/Operational",
  "Provider": "Microsoft-Windows-PowerShell",
  "Hostname": "QL-WKSTN-5693",
  "SID": "S-1-5-21-3258834958-2458682484-3394967329-1002",
  "EventID": 4104,
  "RecordID": 1360,
  "Level": "Verbose",
  "Descr": "Creating Scriptblock text (<MessageNumber> of <MessageTotal>)",
  "MessageNumber": "1",
  "MessageTotal": "1",
  "ScriptBlockText": "{ Set-StrictMode -Version 1; $this.Exception.InnerException.PSMessageDetails }",
  "ScriptBlockId": "81677511-6969-4195-81aa-d5d2ac4f1e46",
  "Path": null
}
{
  "Timestamp": "2023-01-13 17:34:19.821926Z",
  "Channel": "Microsoft-Windows-PowerShell/Operational",
  "Provider": "Microsoft-Windows-PowerShell",
  "Hostname": "QL-WKSTN-5693",
  "SID": "S-1-5-21-3258834958-2458682484-3394967329-1002",
  "EventID": 4104,
  "RecordID": 1359,
  "Level": "Verbose",
  "Descr": "Creating Scriptblock text (<MessageNumber> of <MessageTotal>)",
  "MessageNumber": "1",
  "MessageTotal": "1",
  "ScriptBlockText": "{ Set-StrictMode -Version 1; $_.PSMessageDetails }",
  "ScriptBlockId": "722114fa-5584-4548-bae0-42f1fa52d6b7",
  "Path": null
}
{
  "Timestamp": "2023-01-13 17:34:19.037468Z",
  "Channel": "Microsoft-Windows-PowerShell/Operational",
  "Provider": "Microsoft-Windows-PowerShell",
  "Hostname": "QL-WKSTN-5693",
  "SID": "S-1-5-21-3258834958-2458682484-3394967329-1002",
  "EventID": 4104,
  "RecordID": 1358,
  "Level": "Verbose",
  "Descr": "Creating Scriptblock text (<MessageNumber> of <MessageTotal>)",
  "MessageNumber": "1",
  "MessageTotal": "1",
  "ScriptBlockText": "{ Set-StrictMode -Version 1; $_.OriginInfo }",
  "ScriptBlockId": "57576c92-5c11-4026-9456-89df2002370c",
  "Path": null
}
{
  "Timestamp": "2023-01-13 17:34:19.036428Z",
  "Channel": "Microsoft-Windows-PowerShell/Operational",
  "Provider": "Microsoft-Windows-PowerShell",
  "Hostname": "QL-WKSTN-5693",
  "SID": "S-1-5-21-3258834958-2458682484-3394967329-1002",
  "EventID": 4104,
  "RecordID": 1357,
  "Level": "Verbose",
  "Descr": "Creating Scriptblock text (<MessageNumber> of <MessageTotal>)",
  "MessageNumber": "1",
  "MessageTotal": "1",
  "ScriptBlockText": "{ Set-StrictMode -Version 1; $_.ErrorCategory_Message }",
  "ScriptBlockId": "940c8722-5749-455c-b052-0af5e3cb56ab",
  "Path": null
}
{
  "Timestamp": "2023-01-13 17:34:19.035228Z",
  "Channel": "Microsoft-Windows-PowerShell/Operational",
  "Provider": "Microsoft-Windows-PowerShell",
  "Hostname": "QL-WKSTN-5693",
  "SID": "S-1-5-21-3258834958-2458682484-3394967329-1002",
  "EventID": 4104,
  "RecordID": 1356,
  "Level": "Verbose",
  "Descr": "Creating Scriptblock text (<MessageNumber> of <MessageTotal>)",
  "MessageNumber": "1",
  "MessageTotal": "1",
  "ScriptBlockText": "{ Set-StrictMode -Version 1; $this.Exception.InnerException.PSMessageDetails }",
  "ScriptBlockId": "24866eeb-d815-45a1-bd8b-9fc0505de3fe",
  "Path": null
}
{
  "Timestamp": "2023-01-13 17:34:19.029063Z",
  "Channel": "Microsoft-Windows-PowerShell/Operational",
  "Provider": "Microsoft-Windows-PowerShell",
  "Hostname": "QL-WKSTN-5693",
  "SID": "S-1-5-21-3258834958-2458682484-3394967329-1002",
  "EventID": 4104,
  "RecordID": 1355,
  "Level": "Verbose",
  "Descr": "Creating Scriptblock text (<MessageNumber> of <MessageTotal>)",
  "MessageNumber": "1",
  "MessageTotal": "1",
  "ScriptBlockText": "{ Set-StrictMode -Version 1; $_.PSMessageDetails }",
  "ScriptBlockId": "c069ad85-a114-4530-983e-a5d6c8f27be9",
  "Path": null
}
{
  "Timestamp": "2023-01-13 17:34:18.123131Z",
  "Channel": "Microsoft-Windows-PowerShell/Operational",
  "Provider": "Microsoft-Windows-PowerShell",
  "Hostname": "QL-WKSTN-5693",
  "SID": "S-1-5-21-3258834958-2458682484-3394967329-1002",
  "EventID": 4104,
  "RecordID": 1354,
  "Level": "Verbose",
  "Descr": "Creating Scriptblock text (<MessageNumber> of <MessageTotal>)",
  "MessageNumber": "1",
  "MessageTotal": "1",
  "ScriptBlockText": "{ Set-StrictMode -Version 1; $_.OriginInfo }",
  "ScriptBlockId": "1286c8d8-6f62-47de-bc83-17cdf8bcd8a6",
  "Path": null
}
{
  "Timestamp": "2023-01-13 17:34:18.121993Z",
  "Channel": "Microsoft-Windows-PowerShell/Operational",
  "Provider": "Microsoft-Windows-PowerShell",
  "Hostname": "QL-WKSTN-5693",
  "SID": "S-1-5-21-3258834958-2458682484-3394967329-1002",
  "EventID": 4104,
  "RecordID": 1353,
  "Level": "Verbose",
  "Descr": "Creating Scriptblock text (<MessageNumber> of <MessageTotal>)",
  "MessageNumber": "1",
  "MessageTotal": "1",
  "ScriptBlockText": "{ Set-StrictMode -Version 1; $_.ErrorCategory_Message }",
  "ScriptBlockId": "e8d4af63-07bf-4e90-a1d8-15a3ad220165",
  "Path": null
}
{
  "Timestamp": "2023-01-13 17:34:18.120763Z",
  "Channel": "Microsoft-Windows-PowerShell/Operational",
  "Provider": "Microsoft-Windows-PowerShell",
  "Hostname": "QL-WKSTN-5693",
  "SID": "S-1-5-21-3258834958-2458682484-3394967329-1002",
  "EventID": 4104,
  "RecordID": 1352,
  "Level": "Verbose",
  "Descr": "Creating Scriptblock text (<MessageNumber> of <MessageTotal>)",
  "MessageNumber": "1",
  "MessageTotal": "1",
  "ScriptBlockText": "{ Set-StrictMode -Version 1; $this.Exception.InnerException.PSMessageDetails }",
  "ScriptBlockId": "7191f2eb-c951-4afb-8ada-5ab8c75a54a2",
  "Path": null
}
{
  "Timestamp": "2023-01-13 17:34:18.115914Z",
  "Channel": "Microsoft-Windows-PowerShell/Operational",
  "Provider": "Microsoft-Windows-PowerShell",
  "Hostname": "QL-WKSTN-5693",
  "SID": "S-1-5-21-3258834958-2458682484-3394967329-1002",
  "EventID": 4104,
  "RecordID": 1351,
  "Level": "Verbose",
  "Descr": "Creating Scriptblock text (<MessageNumber> of <MessageTotal>)",
  "MessageNumber": "1",
  "MessageTotal": "1",
  "ScriptBlockText": "{ Set-StrictMode -Version 1; $_.PSMessageDetails }",
  "ScriptBlockId": "f45c5f58-a07c-4be5-a177-abc12fc2392a",
  "Path": null
}
{
  "Timestamp": "2023-01-13 17:34:17.720253Z",
  "Channel": "Microsoft-Windows-PowerShell/Operational",
  "Provider": "Microsoft-Windows-PowerShell",
  "Hostname": "QL-WKSTN-5693",
  "SID": "S-1-5-21-3258834958-2458682484-3394967329-1002",
  "EventID": 4104,
  "RecordID": 1350,
  "Level": "Verbose",
  "Descr": "Creating Scriptblock text (<MessageNumber> of <MessageTotal>)",
  "MessageNumber": "1",
  "MessageTotal": "1",
  "ScriptBlockText": "{ Set-StrictMode -Version 1; $_.OriginInfo }",
  "ScriptBlockId": "69fce101-94aa-48a0-bafd-49db6adf493c",
  "Path": null
}
{
  "Timestamp": "2023-01-13 17:34:17.719156Z",
  "Channel": "Microsoft-Windows-PowerShell/Operational",
  "Provider": "Microsoft-Windows-PowerShell",
  "Hostname": "QL-WKSTN-5693",
  "SID": "S-1-5-21-3258834958-2458682484-3394967329-1002",
  "EventID": 4104,
  "RecordID": 1349,
  "Level": "Verbose",
  "Descr": "Creating Scriptblock text (<MessageNumber> of <MessageTotal>)",
  "MessageNumber": "1",
  "MessageTotal": "1",
  "ScriptBlockText": "{ Set-StrictMode -Version 1; $_.ErrorCategory_Message }",
  "ScriptBlockId": "68f471ee-9936-4f03-a8dc-8cd9563911e1",
  "Path": null
}
{
  "Timestamp": "2023-01-13 17:34:17.717952Z",
  "Channel": "Microsoft-Windows-PowerShell/Operational",
  "Provider": "Microsoft-Windows-PowerShell",
  "Hostname": "QL-WKSTN-5693",
  "SID": "S-1-5-21-3258834958-2458682484-3394967329-1002",
  "EventID": 4104,
  "RecordID": 1348,
  "Level": "Verbose",
  "Descr": "Creating Scriptblock text (<MessageNumber> of <MessageTotal>)",
  "MessageNumber": "1",
  "MessageTotal": "1",
  "ScriptBlockText": "{ Set-StrictMode -Version 1; $this.Exception.InnerException.PSMessageDetails }",
  "ScriptBlockId": "6d331f63-5ad1-4bcb-8f4b-3943636cea16",
  "Path": null
}
{
  "Timestamp": "2023-01-13 17:34:17.713321Z",
  "Channel": "Microsoft-Windows-PowerShell/Operational",
  "Provider": "Microsoft-Windows-PowerShell",
  "Hostname": "QL-WKSTN-5693",
  "SID": "S-1-5-21-3258834958-2458682484-3394967329-1002",
  "EventID": 4104,
  "RecordID": 1347,
  "Level": "Verbose",
  "Descr": "Creating Scriptblock text (<MessageNumber> of <MessageTotal>)",
  "MessageNumber": "1",
  "MessageTotal": "1",
  "ScriptBlockText": "{ Set-StrictMode -Version 1; $_.PSMessageDetails }",
  "ScriptBlockId": "8bd523e5-854e-4fb2-9efc-099e4fb49aa9",
  "Path": null
}
{
  "Timestamp": "2023-01-13 17:34:16.821765Z",
  "Channel": "Microsoft-Windows-PowerShell/Operational",
  "Provider": "Microsoft-Windows-PowerShell",
  "Hostname": "QL-WKSTN-5693",
  "SID": "S-1-5-21-3258834958-2458682484-3394967329-1002",
  "EventID": 4104,
  "RecordID": 1346,
  "Level": "Verbose",
  "Descr": "Creating Scriptblock text (<MessageNumber> of <MessageTotal>)",
  "MessageNumber": "1",
  "MessageTotal": "1",
  "ScriptBlockText": "{ Set-StrictMode -Version 1; $_.OriginInfo }",
  "ScriptBlockId": "d6ce3f3e-599b-4b01-a439-44c82845744b",
  "Path": null
}
{
  "Timestamp": "2023-01-13 17:34:16.820691Z",
  "Channel": "Microsoft-Windows-PowerShell/Operational",
  "Provider": "Microsoft-Windows-PowerShell",
  "Hostname": "QL-WKSTN-5693",
  "SID": "S-1-5-21-3258834958-2458682484-3394967329-1002",
  "EventID": 4104,
  "RecordID": 1345,
  "Level": "Verbose",
  "Descr": "Creating Scriptblock text (<MessageNumber> of <MessageTotal>)",
  "MessageNumber": "1",
  "MessageTotal": "1",
  "ScriptBlockText": "{ Set-StrictMode -Version 1; $_.ErrorCategory_Message }",
  "ScriptBlockId": "6c758b61-fd2d-4895-aa71-efe74df86d48",
  "Path": null
}
{
  "Timestamp": "2023-01-13 17:34:16.819507Z",
  "Channel": "Microsoft-Windows-PowerShell/Operational",
  "Provider": "Microsoft-Windows-PowerShell",
  "Hostname": "QL-WKSTN-5693",
  "SID": "S-1-5-21-3258834958-2458682484-3394967329-1002",
  "EventID": 4104,
  "RecordID": 1344,
  "Level": "Verbose",
  "Descr": "Creating Scriptblock text (<MessageNumber> of <MessageTotal>)",
  "MessageNumber": "1",
  "MessageTotal": "1",
  "ScriptBlockText": "{ Set-StrictMode -Version 1; $this.Exception.InnerException.PSMessageDetails }",
  "ScriptBlockId": "daa6dd0a-a4b8-4e95-b0b5-ccaea2e43b43",
  "Path": null
}
{
  "Timestamp": "2023-01-13 17:34:16.797176Z",
  "Channel": "Microsoft-Windows-PowerShell/Operational",
  "Provider": "Microsoft-Windows-PowerShell",
  "Hostname": "QL-WKSTN-5693",
  "SID": "S-1-5-21-3258834958-2458682484-3394967329-1002",
  "EventID": 4104,
  "RecordID": 1343,
  "Level": "Verbose",
  "Descr": "Creating Scriptblock text (<MessageNumber> of <MessageTotal>)",
  "MessageNumber": "1",
  "MessageTotal": "1",
  "ScriptBlockText": "{ Set-StrictMode -Version 1; $_.PSMessageDetails }",
  "ScriptBlockId": "33f0edd3-0417-4de7-a07e-88db62747826",
  "Path": null
}
{
  "Timestamp": "2023-01-13 17:34:16.394441Z",
  "Channel": "Microsoft-Windows-PowerShell/Operational",
  "Provider": "Microsoft-Windows-PowerShell",
  "Hostname": "QL-WKSTN-5693",
  "SID": "S-1-5-21-3258834958-2458682484-3394967329-1002",
  "EventID": 4104,
  "RecordID": 1342,
  "Level": "Verbose",
  "Descr": "Creating Scriptblock text (<MessageNumber> of <MessageTotal>)",
  "MessageNumber": "1",
  "MessageTotal": "1",
  "ScriptBlockText": "{ Set-StrictMode -Version 1; $_.OriginInfo }",
  "ScriptBlockId": "12869266-0f4e-4ce5-a5a3-cf2bb2b67bd3",
  "Path": null
}
{
  "Timestamp": "2023-01-13 17:34:16.393335Z",
  "Channel": "Microsoft-Windows-PowerShell/Operational",
  "Provider": "Microsoft-Windows-PowerShell",
  "Hostname": "QL-WKSTN-5693",
  "SID": "S-1-5-21-3258834958-2458682484-3394967329-1002",
  "EventID": 4104,
  "RecordID": 1341,
  "Level": "Verbose",
  "Descr": "Creating Scriptblock text (<MessageNumber> of <MessageTotal>)",
  "MessageNumber": "1",
  "MessageTotal": "1",
  "ScriptBlockText": "{ Set-StrictMode -Version 1; $_.ErrorCategory_Message }",
  "ScriptBlockId": "751f97be-e78c-4a6d-a002-eab49f067deb",
  "Path": null
}
{
  "Timestamp": "2023-01-13 17:34:16.392135Z",
  "Channel": "Microsoft-Windows-PowerShell/Operational",
  "Provider": "Microsoft-Windows-PowerShell",
  "Hostname": "QL-WKSTN-5693",
  "SID": "S-1-5-21-3258834958-2458682484-3394967329-1002",
  "EventID": 4104,
  "RecordID": 1340,
  "Level": "Verbose",
  "Descr": "Creating Scriptblock text (<MessageNumber> of <MessageTotal>)",
  "MessageNumber": "1",
  "MessageTotal": "1",
  "ScriptBlockText": "{ Set-StrictMode -Version 1; $this.Exception.InnerException.PSMessageDetails }",
  "ScriptBlockId": "72082a5c-8e2a-470d-8484-93899e66fa46",
  "Path": null
}
{
  "Timestamp": "2023-01-13 17:34:16.387255Z",
  "Channel": "Microsoft-Windows-PowerShell/Operational",
  "Provider": "Microsoft-Windows-PowerShell",
  "Hostname": "QL-WKSTN-5693",
  "SID": "S-1-5-21-3258834958-2458682484-3394967329-1002",
  "EventID": 4104,
  "RecordID": 1339,
  "Level": "Verbose",
  "Descr": "Creating Scriptblock text (<MessageNumber> of <MessageTotal>)",
  "MessageNumber": "1",
  "MessageTotal": "1",
  "ScriptBlockText": "{ Set-StrictMode -Version 1; $_.PSMessageDetails }",
  "ScriptBlockId": "c1d813b0-049b-47dd-9aba-2ec14833f84e",
  "Path": null
}
{
  "Timestamp": "2023-01-13 17:34:15.450472Z",
  "Channel": "Microsoft-Windows-PowerShell/Operational",
  "Provider": "Microsoft-Windows-PowerShell",
  "Hostname": "QL-WKSTN-5693",
  "SID": "S-1-5-21-3258834958-2458682484-3394967329-1002",
  "EventID": 4104,
  "RecordID": 1338,
  "Level": "Verbose",
  "Descr": "Creating Scriptblock text (<MessageNumber> of <MessageTotal>)",
  "MessageNumber": "1",
  "MessageTotal": "1",
  "ScriptBlockText": "{ Set-StrictMode -Version 1; $_.OriginInfo }",
  "ScriptBlockId": "2efbd8dc-4175-40fb-8966-7dd96b69d87f",
  "Path": null
}
{
  "Timestamp": "2023-01-13 17:34:15.449164Z",
  "Channel": "Microsoft-Windows-PowerShell/Operational",
  "Provider": "Microsoft-Windows-PowerShell",
  "Hostname": "QL-WKSTN-5693",
  "SID": "S-1-5-21-3258834958-2458682484-3394967329-1002",
  "EventID": 4104,
  "RecordID": 1337,
  "Level": "Verbose",
  "Descr": "Creating Scriptblock text (<MessageNumber> of <MessageTotal>)",
  "MessageNumber": "1",
  "MessageTotal": "1",
  "ScriptBlockText": "{ Set-StrictMode -Version 1; $_.ErrorCategory_Message }",
  "ScriptBlockId": "db8d309c-23d0-49f2-bed5-0e02990fb0b9",
  "Path": null
}
{
  "Timestamp": "2023-01-13 17:34:15.447796Z",
  "Channel": "Microsoft-Windows-PowerShell/Operational",
  "Provider": "Microsoft-Windows-PowerShell",
  "Hostname": "QL-WKSTN-5693",
  "SID": "S-1-5-21-3258834958-2458682484-3394967329-1002",
  "EventID": 4104,
  "RecordID": 1336,
  "Level": "Verbose",
  "Descr": "Creating Scriptblock text (<MessageNumber> of <MessageTotal>)",
  "MessageNumber": "1",
  "MessageTotal": "1",
  "ScriptBlockText": "{ Set-StrictMode -Version 1; $this.Exception.InnerException.PSMessageDetails }",
  "ScriptBlockId": "02e790ea-7ede-435a-8abe-6972d8599411",
  "Path": null
}
{
  "Timestamp": "2023-01-13 17:34:15.442736Z",
  "Channel": "Microsoft-Windows-PowerShell/Operational",
  "Provider": "Microsoft-Windows-PowerShell",
  "Hostname": "QL-WKSTN-5693",
  "SID": "S-1-5-21-3258834958-2458682484-3394967329-1002",
  "EventID": 4104,
  "RecordID": 1335,
  "Level": "Verbose",
  "Descr": "Creating Scriptblock text (<MessageNumber> of <MessageTotal>)",
  "MessageNumber": "1",
  "MessageTotal": "1",
  "ScriptBlockText": "{ Set-StrictMode -Version 1; $_.PSMessageDetails }",
  "ScriptBlockId": "cfd554a3-108e-46b9-8cfa-a5dce89c9dad",
  "Path": null
}
{
  "Timestamp": "2023-01-13 17:34:15.115830Z",
  "Channel": "Microsoft-Windows-PowerShell/Operational",
  "Provider": "Microsoft-Windows-PowerShell",
  "Hostname": "QL-WKSTN-5693",
  "SID": "S-1-5-21-3258834958-2458682484-3394967329-1002",
  "EventID": 4104,
  "RecordID": 1334,
  "Level": "Verbose",
  "Descr": "Creating Scriptblock text (<MessageNumber> of <MessageTotal>)",
  "MessageNumber": "1",
  "MessageTotal": "1",
  "ScriptBlockText": "{ Set-StrictMode -Version 1; $_.OriginInfo }",
  "ScriptBlockId": "f68d32fd-fea2-457d-a52d-34d6a64bfda3",
  "Path": null
}
{
  "Timestamp": "2023-01-13 17:34:15.114718Z",
  "Channel": "Microsoft-Windows-PowerShell/Operational",
  "Provider": "Microsoft-Windows-PowerShell",
  "Hostname": "QL-WKSTN-5693",
  "SID": "S-1-5-21-3258834958-2458682484-3394967329-1002",
  "EventID": 4104,
  "RecordID": 1333,
  "Level": "Verbose",
  "Descr": "Creating Scriptblock text (<MessageNumber> of <MessageTotal>)",
  "MessageNumber": "1",
  "MessageTotal": "1",
  "ScriptBlockText": "{ Set-StrictMode -Version 1; $_.ErrorCategory_Message }",
  "ScriptBlockId": "6e87b14a-276a-4039-93b3-0b0dfcfd18c5",
  "Path": null
}
